
****** PlanAhead v14.7 (64-bit)
  **** Build 321239 by xbuild on Fri Sep 27 19:29:51 MDT 2013
    ** Copyright 1986-1999, 2001-2013 Xilinx, Inc. All Rights Reserved.

INFO: [Common 17-78] Attempting to get a license: PlanAhead
INFO: [Common 17-290] Got license for PlanAhead
INFO: [Device 21-36] Loading parts and site information from C:/Xilinx/14.7/ISE_DS/PlanAhead/data/parts/arch.xml
Parsing RTL primitives file [C:/Xilinx/14.7/ISE_DS/PlanAhead/data/parts/xilinx/rtl/prims/rtl_prims.xml]
Finished parsing RTL primitives file [C:/Xilinx/14.7/ISE_DS/PlanAhead/data/parts/xilinx/rtl/prims/rtl_prims.xml]
start_gui
source Y:/Desktop/Masters/FPGAPrototypeProjects/clock_cont/clock/pa.fromNetlist.tcl
# create_project -name clock -dir "Y:/Desktop/Masters/FPGAPrototypeProjects/clock_cont/clock/planAhead_run_3" -part xc7a100tcsg324-3
# set_property design_mode GateLvl [get_property srcset [current_run -impl]]
# set_property edif_top_file "Y:/Desktop/Masters/FPGAPrototypeProjects/clock_cont/clock/clock.ngc" [ get_property srcset [ current_run ] ]
# add_files -norecurse { {Y:/Desktop/Masters/FPGAPrototypeProjects/clock_cont/clock} }
# set_param project.pinAheadLayout  yes
# set_property target_constrs_file "clock.ucf" [current_fileset -constrset]
Adding file 'Y:/Desktop/Masters/FPGAPrototypeProjects/clock_cont/clock/clock.ucf' to fileset 'constrs_1'
# add_files [list {clock.ucf}] -fileset [get_property constrset [current_run]]
# link_design
Design is defaulting to srcset: sources_1
Design is defaulting to constrset: constrs_1
Design is defaulting to project part: xc7a100tcsg324-3
Release 14.7 - ngc2edif P.20131013 (nt64)
Copyright (c) 1995-2013 Xilinx, Inc.  All rights reserved.
Reading design clock.ngc ...
WARNING:NetListWriters:298 - No output is written to clock.xncf, ignored.
Processing design ...
   Preping design's networks ...
   Preping design's macros ...
  finished :Prep
Writing EDIF netlist file clock.edif ...
ngc2edif: Total memory usage is 79516 kilobytes

Parsing EDIF File [./planAhead_run_3/clock.data/cache/clock_ngc_zx.edif]
Finished Parsing EDIF File [./planAhead_run_3/clock.data/cache/clock_ngc_zx.edif]
INFO: [Netlist 29-17] Analyzing 38 Unisim elements for replacement
INFO: [Netlist 29-28] Unisim Transformation completed in 0 CPU seconds
Loading clock regions from C:/Xilinx/14.7/ISE_DS/PlanAhead/data\parts/xilinx/artix7/artix7/xc7a100t/ClockRegion.xml
Loading clock buffers from C:/Xilinx/14.7/ISE_DS/PlanAhead/data\parts/xilinx/artix7/artix7/xc7a100t/ClockBuffers.xml
Loading clock placement rules from C:/Xilinx/14.7/ISE_DS/PlanAhead/data/parts/xilinx/artix7/ClockPlacerRules.xml
Loading package pin functions from C:/Xilinx/14.7/ISE_DS/PlanAhead/data\parts/xilinx/artix7/PinFunctions.xml...
Loading package from C:/Xilinx/14.7/ISE_DS/PlanAhead/data\parts/xilinx/artix7/artix7/xc7a100t/csg324/Package.xml
Loading io standards from C:/Xilinx/14.7/ISE_DS/PlanAhead/data\./parts/xilinx/artix7/IOStandards.xml
Loading device configuration modes from C:/Xilinx/14.7/ISE_DS/PlanAhead/data\parts/xilinx/artix7/ConfigModes.xml
Loading list of drcs for the architecture : C:/Xilinx/14.7/ISE_DS/PlanAhead/data\./parts/xilinx/artix7/drc.xml
Parsing UCF File [Y:/Desktop/Masters/FPGAPrototypeProjects/clock_cont/clock/clock.ucf]
Finished Parsing UCF File [Y:/Desktop/Masters/FPGAPrototypeProjects/clock_cont/clock/clock.ucf]
INFO: [Project 1-111] Unisim Transformation Summary:
  A total of 38 instances were transformed.
  BUFGP => BUFGP (IBUF, BUFG): 1 instances
  FD => FDCE: 5 instances
  FDR => FDRE: 32 instances

Phase 0 | Netlist Checksum: 23cea7c4
link_design: Time (s): elapsed = 00:00:17 . Memory (MB): peak = 776.797 ; gain = 348.336
set_property iostandard LVCMOS18 [get_ports [list clk]]
set_property iostandard LVCMOS18 [get_ports [list clk_led]]
set_property iostandard LVCMOS18 [get_ports [list clk_out]]
set_property iostandard LVCMOS18 [get_ports [list {period[0]}]]
set_property iostandard LVCMOS18 [get_ports [list {period[1]}]]
set_property iostandard LVCMOS18 [get_ports [list {period[2]}]]
set_property iostandard LVCMOS18 [get_ports [list {period[3]}]]
set_property iostandard LVCMOS18 [get_ports [list {duty[0]}]]
save_constraints
set_property iostandard LVCMOS18 [get_ports [list {duty[1]}]]
set_property iostandard LVCMOS18 [get_ports [list {duty[3]}]]
save_constraints
set_property iostandard LVCMOS18 [get_ports [list {duty[2]}]]
save_constraints
exit
ERROR: [Common 17-39] 'stop_gui' failed due to earlier errors.
INFO: [Common 17-206] Exiting PlanAhead at Mon Oct 05 10:14:42 2015...
INFO: [Common 17-83] Releasing license: PlanAhead
