Command line:
   FF_REG_TB_isim_beh.exe
     -simmode  gui
     -simrunnum  0
     -socket  49441

Tue Sep 08 15:31:24 2015


 Elaboration Time: 0.0936 sec

 Current Memory Usage: 825.205 Meg

 Total Signals          : 35
 Total Nets             : 31
 Total Signal Drivers   : 25
 Total Blocks           : 4
 Total Primitive Blocks : 2
 Total Processes        : 41
 Total Traceable Variables  : 35
 Total Scalar Nets and Variables : 356
Total Line Count : 110
Total Line Count : 110

 Total Simulation Time: 2.73002 sec

 Current Memory Usage: 825.205 Meg

Tue Sep 08 15:35:42 2015

