Running: C:\Xilinx\14.7\ISE_DS\ISE\bin\nt64\unwrapped\fuse.exe -intstyle ise -incremental -lib unisims_ver -lib unimacro_ver -lib xilinxcorelib_ver -lib secureip -o C:/Users/dkhoury/OneDrive/Documents/SourceTree-Masters/FPGAPrototypeProjects/sram_counter_demo/TOP_TB_isim_beh.exe -prj C:/Users/dkhoury/OneDrive/Documents/SourceTree-Masters/FPGAPrototypeProjects/sram_counter_demo/TOP_TB_beh.prj work.TOP_TB work.glbl 
ISim P.20131013 (signature 0x7708f090)
Number of CPUs detected in this system: 4
Turning on mult-threading, number of parallel sub-compilation jobs: 8 
Determining compilation order of HDL files
Analyzing Verilog file "C:/Users/dkhoury/OneDrive/Documents/SourceTree-Masters/FPGAPrototypeProjects/sram_counter_demo/MUX21.v" into library work
Analyzing Verilog file "C:/Users/dkhoury/OneDrive/Documents/SourceTree-Masters/FPGAPrototypeProjects/sram_counter_demo/DFF.v" into library work
Analyzing Verilog file "C:/Users/dkhoury/OneDrive/Documents/SourceTree-Masters/FPGAPrototypeProjects/sram_counter_demo/LFSR.v" into library work
Analyzing Verilog file "C:/Users/dkhoury/OneDrive/Documents/SourceTree-Masters/FPGAPrototypeProjects/sram_counter_demo/RANDOM_GEN.v" into library work
Analyzing Verilog file "C:/Users/dkhoury/OneDrive/Documents/SourceTree-Masters/FPGAPrototypeProjects/sram_counter_demo/PULSE_GEN.v" into library work
Analyzing Verilog file "C:/Users/dkhoury/OneDrive/Documents/SourceTree-Masters/FPGAPrototypeProjects/sram_counter_demo/TOP.v" into library work
Analyzing Verilog file "C:/Users/dkhoury/OneDrive/Documents/SourceTree-Masters/FPGAPrototypeProjects/sram_counter_demo/TOP_TB.v" into library work
Analyzing Verilog file "C:/Xilinx/14.7/ISE_DS/ISE//verilog/src/glbl.v" into library work
Starting static elaboration
Completed static elaboration
Compiling module PULSE_GEN
Compiling module DFF
Compiling module MUX21
Compiling module LFSR_default
Compiling module RANDOM_GEN
Compiling module TOP
Compiling module TOP_TB
Compiling module glbl
Time Resolution for simulation is 1ps.
Waiting for 1 sub-compilation(s) to finish...
Compiled 8 Verilog Units
Built simulation executable C:/Users/dkhoury/OneDrive/Documents/SourceTree-Masters/FPGAPrototypeProjects/sram_counter_demo/TOP_TB_isim_beh.exe
Fuse Memory Usage: 28312 KB
Fuse CPU Usage: 342 ms
