Release 14.7 - xst P.20131013 (nt64)
Copyright (c) 1995-2013 Xilinx, Inc.  All rights reserved.
--> Parameter TMPDIR set to xst/projnav.tmp


Total REAL time to Xst completion: 0.00 secs
Total CPU time to Xst completion: 0.07 secs
 
--> Parameter xsthdpdir set to xst


Total REAL time to Xst completion: 0.00 secs
Total CPU time to Xst completion: 0.07 secs
 
--> Reading design: RANDOM_GEN.prj

TABLE OF CONTENTS
  1) Synthesis Options Summary
  2) HDL Parsing
  3) HDL Elaboration
  4) HDL Synthesis
       4.1) HDL Synthesis Report
  5) Advanced HDL Synthesis
       5.1) Advanced HDL Synthesis Report
  6) Low Level Synthesis
  7) Partition Report
  8) Design Summary
       8.1) Primitive and Black Box Usage
       8.2) Device utilization summary
       8.3) Partition Resource Summary
       8.4) Timing Report
            8.4.1) Clock Information
            8.4.2) Asynchronous Control Signals Information
            8.4.3) Timing Summary
            8.4.4) Timing Details
            8.4.5) Cross Clock Domains Report


=========================================================================
*                      Synthesis Options Summary                        *
=========================================================================
---- Source Parameters
Input File Name                    : "RANDOM_GEN.prj"
Ignore Synthesis Constraint File   : NO

---- Target Parameters
Output File Name                   : "RANDOM_GEN"
Output Format                      : NGC
Target Device                      : xc7a100t-3-csg324

---- Source Options
Top Module Name                    : RANDOM_GEN
Automatic FSM Extraction           : YES
FSM Encoding Algorithm             : Auto
Safe Implementation                : No
FSM Style                          : LUT
RAM Extraction                     : Yes
RAM Style                          : Auto
ROM Extraction                     : Yes
Shift Register Extraction          : YES
ROM Style                          : Auto
Resource Sharing                   : YES
Asynchronous To Synchronous        : NO
Shift Register Minimum Size        : 2
Use DSP Block                      : Auto
Automatic Register Balancing       : No

---- Target Options
LUT Combining                      : Auto
Reduce Control Sets                : Auto
Add IO Buffers                     : YES
Global Maximum Fanout              : 100000
Add Generic Clock Buffer(BUFG)     : 32
Register Duplication               : YES
Optimize Instantiated Primitives   : NO
Use Clock Enable                   : Auto
Use Synchronous Set                : Auto
Use Synchronous Reset              : Auto
Pack IO Registers into IOBs        : Auto
Equivalent register Removal        : YES

---- General Options
Optimization Goal                  : Speed
Optimization Effort                : 1
Power Reduction                    : NO
Keep Hierarchy                     : No
Netlist Hierarchy                  : As_Optimized
RTL Output                         : Yes
Global Optimization                : AllClockNets
Read Cores                         : YES
Write Timing Constraints           : NO
Cross Clock Analysis               : NO
Hierarchy Separator                : /
Bus Delimiter                      : <>
Case Specifier                     : Maintain
Slice Utilization Ratio            : 100
BRAM Utilization Ratio             : 100
DSP48 Utilization Ratio            : 100
Auto BRAM Packing                  : NO
Slice Utilization Ratio Delta      : 5

=========================================================================


=========================================================================
*                          HDL Parsing                                  *
=========================================================================
Analyzing Verilog file "C:\Users\dkhoury\OneDrive\Documents\SourceTree-Masters\FPGAPrototypeProjects\sram_counter_demo\MUX21.v" into library work
Parsing module <MUX21>.
Analyzing Verilog file "C:\Users\dkhoury\OneDrive\Documents\SourceTree-Masters\FPGAPrototypeProjects\sram_counter_demo\DFF.v" into library work
Parsing module <DFF>.
Analyzing Verilog file "C:\Users\dkhoury\OneDrive\Documents\SourceTree-Masters\FPGAPrototypeProjects\sram_counter_demo\LFSR.v" into library work
Parsing module <LFSR>.
Analyzing Verilog file "C:\Users\dkhoury\OneDrive\Documents\SourceTree-Masters\FPGAPrototypeProjects\sram_counter_demo\RANDOM_GEN.v" into library work
Parsing module <RANDOM_GEN>.

=========================================================================
*                            HDL Elaboration                            *
=========================================================================

Elaborating module <RANDOM_GEN>.

Elaborating module <LFSR>.

Elaborating module <DFF>.

Elaborating module <MUX21>.

=========================================================================
*                           HDL Synthesis                               *
=========================================================================

Synthesizing Unit <RANDOM_GEN>.
    Related source file is "C:\Users\dkhoury\OneDrive\Documents\SourceTree-Masters\FPGAPrototypeProjects\sram_counter_demo\RANDOM_GEN.v".
    Summary:
	no macro.
Unit <RANDOM_GEN> synthesized.

Synthesizing Unit <LFSR>.
    Related source file is "C:\Users\dkhoury\OneDrive\Documents\SourceTree-Masters\FPGAPrototypeProjects\sram_counter_demo\LFSR.v".
    Summary:
Unit <LFSR> synthesized.

Synthesizing Unit <DFF>.
    Related source file is "C:\Users\dkhoury\OneDrive\Documents\SourceTree-Masters\FPGAPrototypeProjects\sram_counter_demo\DFF.v".
    Found 1-bit register for signal <Q>.
    Summary:
	inferred   1 D-type flip-flop(s).
Unit <DFF> synthesized.

Synthesizing Unit <MUX21>.
    Related source file is "C:\Users\dkhoury\OneDrive\Documents\SourceTree-Masters\FPGAPrototypeProjects\sram_counter_demo\MUX21.v".
    Summary:
	inferred   1 Multiplexer(s).
Unit <MUX21> synthesized.

=========================================================================
HDL Synthesis Report

Macro Statistics
# Registers                                            : 16
 1-bit register                                        : 16
# Multiplexers                                         : 16
 1-bit 2-to-1 multiplexer                              : 16
# Xors                                                 : 8
 1-bit xor2                                            : 8

=========================================================================

=========================================================================
*                       Advanced HDL Synthesis                          *
=========================================================================


=========================================================================
Advanced HDL Synthesis Report

Macro Statistics
# Registers                                            : 16
 Flip-Flops                                            : 16
# Multiplexers                                         : 16
 1-bit 2-to-1 multiplexer                              : 16
# Xors                                                 : 8
 1-bit xor2                                            : 8

=========================================================================

=========================================================================
*                         Low Level Synthesis                           *
=========================================================================

Optimizing unit <RANDOM_GEN> ...

Mapping all equations...
Building and optimizing final netlist ...
Found area constraint ratio of 100 (+ 5) on block RANDOM_GEN, actual ratio is 0.

Final Macro Processing ...

=========================================================================
Final Register Report

Macro Statistics
# Registers                                            : 16
 Flip-Flops                                            : 16

=========================================================================

=========================================================================
*                           Partition Report                            *
=========================================================================

Partition Implementation Status
-------------------------------

  No Partitions were found in this design.

-------------------------------

=========================================================================
*                            Design Summary                             *
=========================================================================

Top Level Output File Name         : RANDOM_GEN.ngc

Primitive and Black Box Usage:
------------------------------
# BELS                             : 24
#      LUT2                        : 8
#      LUT3                        : 8
#      LUT4                        : 8
# FlipFlops/Latches                : 16
#      FDRE                        : 16
# Clock Buffers                    : 1
#      BUFGP                       : 1
# IO Buffers                       : 19
#      IBUF                        : 11
#      OBUF                        : 8

Device utilization summary:
---------------------------

Selected Device : 7a100tcsg324-3 


Slice Logic Utilization: 
 Number of Slice Registers:              16  out of  126800     0%  
 Number of Slice LUTs:                   24  out of  63400     0%  
    Number used as Logic:                24  out of  63400     0%  

Slice Logic Distribution: 
 Number of LUT Flip Flop pairs used:     24
   Number with an unused Flip Flop:       8  out of     24    33%  
   Number with an unused LUT:             0  out of     24     0%  
   Number of fully used LUT-FF pairs:    16  out of     24    66%  
   Number of unique control sets:         1

IO Utilization: 
 Number of IOs:                          20
 Number of bonded IOBs:                  20  out of    210     9%  

Specific Feature Utilization:
 Number of BUFG/BUFGCTRLs:                1  out of     32     3%  

---------------------------
Partition Resource Summary:
---------------------------

  No Partitions were found in this design.

---------------------------


=========================================================================
Timing Report

NOTE: THESE TIMING NUMBERS ARE ONLY A SYNTHESIS ESTIMATE.
      FOR ACCURATE TIMING INFORMATION PLEASE REFER TO THE TRACE REPORT
      GENERATED AFTER PLACE-and-ROUTE.

Clock Information:
------------------
-----------------------------------+------------------------+-------+
Clock Signal                       | Clock buffer(FF name)  | Load  |
-----------------------------------+------------------------+-------+
CLK                                | BUFGP                  | 16    |
-----------------------------------+------------------------+-------+

Asynchronous Control Signals Information:
----------------------------------------
No asynchronous control signals found in this design

Timing Summary:
---------------
Speed Grade: -3

   Minimum period: 0.850ns (Maximum Frequency: 1177.163MHz)
   Minimum input arrival time before clock: 0.698ns
   Maximum output required time after clock: 1.121ns
   Maximum combinational path delay: No path found

Timing Details:
---------------
All values displayed in nanoseconds (ns)

=========================================================================
Timing constraint: Default period analysis for Clock 'CLK'
  Clock period: 0.850ns (frequency: 1177.163MHz)
  Total number of paths / destination ports: 24 / 16
-------------------------------------------------------------------------
Delay:               0.850ns (Levels of Logic = 1)
  Source:            LFSR_ARR0/FF_ARR<0>/Q (FF)
  Destination:       LFSR_ARR0/FF_ARR<0>/Q (FF)
  Source Clock:      CLK rising
  Destination Clock: CLK rising

  Data Path: LFSR_ARR0/FF_ARR<0>/Q to LFSR_ARR0/FF_ARR<0>/Q
                                Gate     Net
    Cell:in->out      fanout   Delay   Delay  Logical Name (Net Name)
    ----------------------------------------  ------------
     FDRE:C->Q             2   0.361   0.383  LFSR_ARR0/FF_ARR<0>/Q (LFSR_ARR0/FF_ARR<0>/Q)
     LUT4:I2->O            1   0.097   0.000  LFSR_ARR0/RVAL_IN<0>1 (LFSR_ARR0/RVAL_IN<0>)
     FDRE:D                    0.008          LFSR_ARR0/FF_ARR<0>/Q
    ----------------------------------------
    Total                      0.850ns (0.466ns logic, 0.383ns route)
                                       (54.9% logic, 45.1% route)

=========================================================================
Timing constraint: Default OFFSET IN BEFORE for Clock 'CLK'
  Total number of paths / destination ports: 64 / 48
-------------------------------------------------------------------------
Offset:              0.698ns (Levels of Logic = 1)
  Source:            RST (PAD)
  Destination:       LFSR_ARR0/FF_ARR<1>/Q (FF)
  Destination Clock: CLK rising

  Data Path: RST to LFSR_ARR0/FF_ARR<1>/Q
                                Gate     Net
    Cell:in->out      fanout   Delay   Delay  Logical Name (Net Name)
    ----------------------------------------  ------------
     IBUF:I->O            16   0.001   0.348  RST_IBUF (RST_IBUF)
     FDRE:R                    0.349          LFSR_ARR0/FF_ARR<1>/Q
    ----------------------------------------
    Total                      0.698ns (0.350ns logic, 0.348ns route)
                                       (50.2% logic, 49.8% route)

=========================================================================
Timing constraint: Default OFFSET OUT AFTER for Clock 'CLK'
  Total number of paths / destination ports: 16 / 8
-------------------------------------------------------------------------
Offset:              1.121ns (Levels of Logic = 2)
  Source:            LFSR_ARR7/FF_ARR<0>/Q (FF)
  Destination:       VAL<7> (PAD)
  Source Clock:      CLK rising

  Data Path: LFSR_ARR7/FF_ARR<0>/Q to VAL<7>
                                Gate     Net
    Cell:in->out      fanout   Delay   Delay  Logical Name (Net Name)
    ----------------------------------------  ------------
     FDRE:C->Q             2   0.361   0.383  LFSR_ARR7/FF_ARR<0>/Q (LFSR_ARR7/FF_ARR<0>/Q)
     LUT2:I0->O            1   0.097   0.279  VAL<7>1 (VAL_7_OBUF)
     OBUF:I->O                 0.000          VAL_7_OBUF (VAL<7>)
    ----------------------------------------
    Total                      1.121ns (0.458ns logic, 0.663ns route)
                                       (40.9% logic, 59.1% route)

=========================================================================

Cross Clock Domains Report:
--------------------------

Clock to Setup on destination clock CLK
---------------+---------+---------+---------+---------+
               | Src:Rise| Src:Fall| Src:Rise| Src:Fall|
Source Clock   |Dest:Rise|Dest:Rise|Dest:Fall|Dest:Fall|
---------------+---------+---------+---------+---------+
CLK            |    0.850|         |         |         |
---------------+---------+---------+---------+---------+

=========================================================================


Total REAL time to Xst completion: 7.00 secs
Total CPU time to Xst completion: 7.06 secs
 
--> 

Total memory usage is 449044 kilobytes

Number of errors   :    0 (   0 filtered)
Number of warnings :    0 (   0 filtered)
Number of infos    :    0 (   0 filtered)

