--------------------------------------------------------------------------------
Release 14.7 Trace  (nt64)
Copyright (c) 1995-2013 Xilinx, Inc.  All rights reserved.

C:\Xilinx\14.7\ISE_DS\ISE\bin\nt64\unwrapped\trce.exe -intstyle ise -v 3 -s 3
-n 3 -fastpaths -xml FF_REG.twx FF_REG.ncd -o FF_REG.twr FF_REG.pcf -ucf
FF_REG.ucf

Design file:              FF_REG.ncd
Physical constraint file: FF_REG.pcf
Device,package,speed:     xc7a100t,csg324,C,-3 (PRODUCTION 1.10 2013-10-13)
Report level:             verbose report

Environment Variable      Effect 
--------------------      ------ 
NONE                      No environment variables were set
--------------------------------------------------------------------------------

INFO:Timing:2698 - No timing constraints found, doing default enumeration.
INFO:Timing:3412 - To improve timing, see the Timing Closure User Guide (UG612).
INFO:Timing:2752 - To get complete path coverage, use the unconstrained paths 
   option. All paths that are not constrained will be reported in the 
   unconstrained paths section(s) of the report.
INFO:Timing:3339 - The clock-to-out numbers in this timing report are based on 
   a 50 Ohm transmission line loading model.  For the details of this model, 
   and for more information on accounting for different loading conditions, 
   please see the device datasheet.



Data Sheet report:
-----------------
All values displayed in nanoseconds (ns)

Setup/Hold to clock CLK
------------+------------+------------+------------+------------+------------------+--------+
            |Max Setup to|  Process   |Max Hold to |  Process   |                  | Clock  |
Source      | clk (edge) |   Corner   | clk (edge) |   Corner   |Internal Clock(s) | Phase  |
------------+------------+------------+------------+------------+------------------+--------+
CLK_ENABLE  |   -0.387(F)|      FAST  |    2.690(F)|      SLOW  |CLK_BUFGP         |   0.000|
DATA        |   -0.106(R)|      FAST  |    1.858(R)|      SLOW  |CLK_BUFGP         |   0.000|
            |    0.254(F)|      FAST  |    1.339(F)|      SLOW  |CLK_BUFGP         |   0.000|
FF<0>       |    0.994(R)|      FAST  |    0.612(R)|      SLOW  |CLK_BUFGP         |   0.000|
            |    0.871(F)|      FAST  |    0.782(F)|      SLOW  |CLK_BUFGP         |   0.000|
FF<1>       |    0.916(R)|      FAST  |    0.726(R)|      SLOW  |CLK_BUFGP         |   0.000|
            |    0.793(F)|      FAST  |    0.893(F)|      SLOW  |CLK_BUFGP         |   0.000|
RST         |    0.925(R)|      FAST  |    1.071(R)|      SLOW  |CLK_BUFGP         |   0.000|
            |    1.285(F)|      FAST  |    1.071(F)|      SLOW  |CLK_BUFGP         |   0.000|
------------+------------+------------+------------+------------+------------------+--------+

Clock CLK to Pad
------------+-----------------+------------+-----------------+------------+------------------+--------+
            |Max (slowest) clk|  Process   |Min (fastest) clk|  Process   |                  | Clock  |
Destination |  (edge) to PAD  |   Corner   |  (edge) to PAD  |   Corner   |Internal Clock(s) | Phase  |
------------+-----------------+------------+-----------------+------------+------------------+--------+
OUT         |         7.771(R)|      SLOW  |         2.910(R)|      FAST  |CLK_BUFGP         |   0.000|
            |         7.771(F)|      SLOW  |         2.910(F)|      FAST  |CLK_BUFGP         |   0.000|
------------+-----------------+------------+-----------------+------------+------------------+--------+

Clock to Setup on destination clock CLK
---------------+---------+---------+---------+---------+
               | Src:Rise| Src:Fall| Src:Rise| Src:Fall|
Source Clock   |Dest:Rise|Dest:Rise|Dest:Fall|Dest:Fall|
---------------+---------+---------+---------+---------+
CLK            |    2.549|    2.513|    2.326|         |
---------------+---------+---------+---------+---------+


Analysis completed Tue Sep 08 15:46:04 2015 
--------------------------------------------------------------------------------

Trace Settings:
-------------------------
Trace Settings 

Peak Memory Usage: 606 MB



