Release 14.7 - xst P.20131013 (nt64)
Copyright (c) 1995-2013 Xilinx, Inc.  All rights reserved.
--> Parameter TMPDIR set to xst/projnav.tmp


Total REAL time to Xst completion: 0.00 secs
Total CPU time to Xst completion: 0.08 secs
 
--> Parameter xsthdpdir set to xst


Total REAL time to Xst completion: 0.00 secs
Total CPU time to Xst completion: 0.08 secs
 
--> Reading design: clock.prj

TABLE OF CONTENTS
  1) Synthesis Options Summary
  2) HDL Parsing
  3) HDL Elaboration
  4) HDL Synthesis
       4.1) HDL Synthesis Report
  5) Advanced HDL Synthesis
       5.1) Advanced HDL Synthesis Report
  6) Low Level Synthesis
  7) Partition Report
  8) Design Summary
       8.1) Primitive and Black Box Usage
       8.2) Device utilization summary
       8.3) Partition Resource Summary
       8.4) Timing Report
            8.4.1) Clock Information
            8.4.2) Asynchronous Control Signals Information
            8.4.3) Timing Summary
            8.4.4) Timing Details
            8.4.5) Cross Clock Domains Report


=========================================================================
*                      Synthesis Options Summary                        *
=========================================================================
---- Source Parameters
Input File Name                    : "clock.prj"
Ignore Synthesis Constraint File   : NO

---- Target Parameters
Output File Name                   : "clock"
Output Format                      : NGC
Target Device                      : xc7a100t-3-csg324

---- Source Options
Top Module Name                    : clock
Automatic FSM Extraction           : YES
FSM Encoding Algorithm             : Auto
Safe Implementation                : No
FSM Style                          : LUT
RAM Extraction                     : Yes
RAM Style                          : Auto
ROM Extraction                     : Yes
Shift Register Extraction          : YES
ROM Style                          : Auto
Resource Sharing                   : YES
Asynchronous To Synchronous        : NO
Shift Register Minimum Size        : 2
Use DSP Block                      : Auto
Automatic Register Balancing       : No

---- Target Options
LUT Combining                      : Auto
Reduce Control Sets                : Auto
Add IO Buffers                     : YES
Global Maximum Fanout              : 100000
Add Generic Clock Buffer(BUFG)     : 32
Register Duplication               : YES
Optimize Instantiated Primitives   : NO
Use Clock Enable                   : Auto
Use Synchronous Set                : Auto
Use Synchronous Reset              : Auto
Pack IO Registers into IOBs        : Auto
Equivalent register Removal        : YES

---- General Options
Optimization Goal                  : Speed
Optimization Effort                : 1
Power Reduction                    : NO
Keep Hierarchy                     : No
Netlist Hierarchy                  : As_Optimized
RTL Output                         : Yes
Global Optimization                : AllClockNets
Read Cores                         : YES
Write Timing Constraints           : NO
Cross Clock Analysis               : NO
Hierarchy Separator                : /
Bus Delimiter                      : <>
Case Specifier                     : Maintain
Slice Utilization Ratio            : 100
BRAM Utilization Ratio             : 100
DSP48 Utilization Ratio            : 100
Auto BRAM Packing                  : NO
Slice Utilization Ratio Delta      : 5

=========================================================================


=========================================================================
*                          HDL Parsing                                  *
=========================================================================
Analyzing Verilog file "\\psf\home\Desktop\Masters\FPGAPrototypeProjects\clock_cont\clock.v" into library work
Parsing module <clock>.

=========================================================================
*                            HDL Elaboration                            *
=========================================================================

Elaborating module <clock>.

=========================================================================
*                           HDL Synthesis                               *
=========================================================================

Synthesizing Unit <clock>.
    Related source file is "\\psf\home\Desktop\Masters\FPGAPrototypeProjects\clock_cont\clock.v".
    Found 5-bit register for signal <din>.
    Found 1-bit register for signal <clk_out>.
    Found 13-bit register for signal <counter>.
    Found 5-bit register for signal <div>.
    Found 13-bit adder for signal <counter[12]_GND_1_o_add_16_OUT> created at line 69.
    Found 12x5-bit multiplier for signal <n0033> created at line 61.
    Found 12x5-bit multiplier for signal <n0034> created at line 66.
    Found 13-bit comparator greater for signal <n0012> created at line 61
    Found 13-bit comparator greater for signal <n0015> created at line 66
    Summary:
	inferred   2 Multiplier(s).
	inferred   1 Adder/Subtractor(s).
	inferred  24 D-type flip-flop(s).
	inferred   2 Comparator(s).
	inferred   2 Multiplexer(s).
Unit <clock> synthesized.

=========================================================================
HDL Synthesis Report

Macro Statistics
# Multipliers                                          : 2
 12x5-bit multiplier                                   : 2
# Adders/Subtractors                                   : 1
 13-bit adder                                          : 1
# Registers                                            : 4
 1-bit register                                        : 1
 13-bit register                                       : 1
 5-bit register                                        : 2
# Comparators                                          : 2
 13-bit comparator greater                             : 2
# Multiplexers                                         : 2
 5-bit 2-to-1 multiplexer                              : 2

=========================================================================

=========================================================================
*                       Advanced HDL Synthesis                          *
=========================================================================


Synthesizing (advanced) Unit <clock>.
The following registers are absorbed into counter <counter>: 1 register on signal <counter>.
Unit <clock> synthesized (advanced).

=========================================================================
Advanced HDL Synthesis Report

Macro Statistics
# Multipliers                                          : 2
 12x5-bit multiplier                                   : 2
# Counters                                             : 1
 13-bit up counter                                     : 1
# Registers                                            : 11
 Flip-Flops                                            : 11
# Comparators                                          : 2
 13-bit comparator greater                             : 2
# Multiplexers                                         : 2
 5-bit 2-to-1 multiplexer                              : 2

=========================================================================

=========================================================================
*                         Low Level Synthesis                           *
=========================================================================

Optimizing unit <clock> ...

Mapping all equations...
Building and optimizing final netlist ...
Found area constraint ratio of 100 (+ 5) on block clock, actual ratio is 0.

Final Macro Processing ...

=========================================================================
Final Register Report

Macro Statistics
# Registers                                            : 14
 Flip-Flops                                            : 14

=========================================================================

=========================================================================
*                           Partition Report                            *
=========================================================================

Partition Implementation Status
-------------------------------

  No Partitions were found in this design.

-------------------------------

=========================================================================
*                            Design Summary                             *
=========================================================================

Top Level Output File Name         : clock.ngc

Primitive and Black Box Usage:
------------------------------
# BELS                             : 104
#      GND                         : 1
#      INV                         : 2
#      LUT1                        : 12
#      LUT2                        : 4
#      LUT3                        : 15
#      LUT4                        : 29
#      MUXCY                       : 27
#      VCC                         : 1
#      XORCY                       : 13
# FlipFlops/Latches                : 14
#      FD                          : 13
#      FDR                         : 1
# Clock Buffers                    : 1
#      BUFGP                       : 1
# IO Buffers                       : 17
#      IBUF                        : 16
#      OBUF                        : 1
# DSPs                             : 2
#      DSP48E1                     : 2

Device utilization summary:
---------------------------

Selected Device : 7a100tcsg324-3 


Slice Logic Utilization: 
 Number of Slice Registers:              14  out of  126800     0%  
 Number of Slice LUTs:                   62  out of  63400     0%  
    Number used as Logic:                62  out of  63400     0%  

Slice Logic Distribution: 
 Number of LUT Flip Flop pairs used:     63
   Number with an unused Flip Flop:      49  out of     63    77%  
   Number with an unused LUT:             1  out of     63     1%  
   Number of fully used LUT-FF pairs:    13  out of     63    20%  
   Number of unique control sets:         2

IO Utilization: 
 Number of IOs:                          18
 Number of bonded IOBs:                  18  out of    210     8%  

Specific Feature Utilization:
 Number of BUFG/BUFGCTRLs:                1  out of     32     3%  
 Number of DSP48E1s:                      2  out of    240     0%  

---------------------------
Partition Resource Summary:
---------------------------

  No Partitions were found in this design.

---------------------------


=========================================================================
Timing Report

NOTE: THESE TIMING NUMBERS ARE ONLY A SYNTHESIS ESTIMATE.
      FOR ACCURATE TIMING INFORMATION PLEASE REFER TO THE TRACE REPORT
      GENERATED AFTER PLACE-and-ROUTE.

Clock Information:
------------------
-----------------------------------+------------------------+-------+
Clock Signal                       | Clock buffer(FF name)  | Load  |
-----------------------------------+------------------------+-------+
clk                                | BUFGP                  | 16    |
-----------------------------------+------------------------+-------+

Asynchronous Control Signals Information:
----------------------------------------
No asynchronous control signals found in this design

Timing Summary:
---------------
Speed Grade: -3

   Minimum period: 5.011ns (Maximum Frequency: 199.549MHz)
   Minimum input arrival time before clock: 5.034ns
   Maximum output required time after clock: 0.645ns
   Maximum combinational path delay: No path found

Timing Details:
---------------
All values displayed in nanoseconds (ns)

=========================================================================
Timing constraint: Default period analysis for Clock 'clk'
  Clock period: 5.011ns (frequency: 199.549MHz)
  Total number of paths / destination ports: 1548 / 15
-------------------------------------------------------------------------
Delay:               5.011ns (Levels of Logic = 8)
  Source:            Mmult_n0033 (DSP)
  Destination:       clk_out (FF)
  Source Clock:      clk rising
  Destination Clock: clk rising

  Data Path: Mmult_n0033 to clk_out
                                Gate     Net
    Cell:in->out      fanout   Delay   Delay  Logical Name (Net Name)
    ----------------------------------------  ------------
     DSP48E1:CLK->P1       2   2.952   0.560  Mmult_n0033 (n0033<1>)
     LUT4:I0->O            0   0.097   0.000  Mcompar_n0012_lutdi (Mcompar_n0012_lutdi)
     MUXCY:DI->O           1   0.337   0.000  Mcompar_n0012_cy<0> (Mcompar_n0012_cy<0>)
     MUXCY:CI->O           1   0.023   0.000  Mcompar_n0012_cy<1> (Mcompar_n0012_cy<1>)
     MUXCY:CI->O           1   0.023   0.000  Mcompar_n0012_cy<2> (Mcompar_n0012_cy<2>)
     MUXCY:CI->O           1   0.023   0.000  Mcompar_n0012_cy<3> (Mcompar_n0012_cy<3>)
     MUXCY:CI->O           1   0.023   0.000  Mcompar_n0012_cy<4> (Mcompar_n0012_cy<4>)
     MUXCY:CI->O           1   0.023   0.000  Mcompar_n0012_cy<5> (Mcompar_n0012_cy<5>)
     MUXCY:CI->O          14   0.262   0.339  Mcompar_n0012_cy<6> (Mcompar_n0012_cy<6>)
     FDR:R                     0.349          clk_out
    ----------------------------------------
    Total                      5.011ns (4.112ns logic, 0.899ns route)
                                       (82.1% logic, 17.9% route)

=========================================================================
Timing constraint: Default OFFSET IN BEFORE for Clock 'clk'
  Total number of paths / destination ports: 8762 / 22
-------------------------------------------------------------------------
Offset:              5.034ns (Levels of Logic = 10)
  Source:            period<11> (PAD)
  Destination:       clk_out (FF)
  Destination Clock: clk rising

  Data Path: period<11> to clk_out
                                Gate     Net
    Cell:in->out      fanout   Delay   Delay  Logical Name (Net Name)
    ----------------------------------------  ------------
     IBUF:I->O             2   0.001   0.284  period_11_IBUF (period_11_IBUF)
     DSP48E1:B11->P1       2   2.690   0.560  Mmult_n0033 (n0033<1>)
     LUT4:I0->O            0   0.097   0.000  Mcompar_n0012_lutdi (Mcompar_n0012_lutdi)
     MUXCY:DI->O           1   0.337   0.000  Mcompar_n0012_cy<0> (Mcompar_n0012_cy<0>)
     MUXCY:CI->O           1   0.023   0.000  Mcompar_n0012_cy<1> (Mcompar_n0012_cy<1>)
     MUXCY:CI->O           1   0.023   0.000  Mcompar_n0012_cy<2> (Mcompar_n0012_cy<2>)
     MUXCY:CI->O           1   0.023   0.000  Mcompar_n0012_cy<3> (Mcompar_n0012_cy<3>)
     MUXCY:CI->O           1   0.023   0.000  Mcompar_n0012_cy<4> (Mcompar_n0012_cy<4>)
     MUXCY:CI->O           1   0.023   0.000  Mcompar_n0012_cy<5> (Mcompar_n0012_cy<5>)
     MUXCY:CI->O          14   0.262   0.339  Mcompar_n0012_cy<6> (Mcompar_n0012_cy<6>)
     FDR:R                     0.349          clk_out
    ----------------------------------------
    Total                      5.034ns (3.851ns logic, 1.183ns route)
                                       (76.5% logic, 23.5% route)

=========================================================================
Timing constraint: Default OFFSET OUT AFTER for Clock 'clk'
  Total number of paths / destination ports: 1 / 1
-------------------------------------------------------------------------
Offset:              0.645ns (Levels of Logic = 1)
  Source:            clk_out (FF)
  Destination:       clk_out (PAD)
  Source Clock:      clk rising

  Data Path: clk_out to clk_out
                                Gate     Net
    Cell:in->out      fanout   Delay   Delay  Logical Name (Net Name)
    ----------------------------------------  ------------
     FDR:C->Q              2   0.361   0.283  clk_out (clk_out_OBUF)
     OBUF:I->O                 0.000          clk_out_OBUF (clk_out)
    ----------------------------------------
    Total                      0.645ns (0.361ns logic, 0.283ns route)
                                       (56.0% logic, 44.0% route)

=========================================================================

Cross Clock Domains Report:
--------------------------

Clock to Setup on destination clock clk
---------------+---------+---------+---------+---------+
               | Src:Rise| Src:Fall| Src:Rise| Src:Fall|
Source Clock   |Dest:Rise|Dest:Rise|Dest:Fall|Dest:Fall|
---------------+---------+---------+---------+---------+
clk            |    5.011|         |         |         |
---------------+---------+---------+---------+---------+

=========================================================================


Total REAL time to Xst completion: 8.00 secs
Total CPU time to Xst completion: 8.06 secs
 
--> 

Total memory usage is 448924 kilobytes

Number of errors   :    0 (   0 filtered)
Number of warnings :    0 (   0 filtered)
Number of infos    :    0 (   0 filtered)

