Release 14.7 - ngc2edif P.20131013 (nt64)
Copyright (c) 1995-2013 Xilinx, Inc.  All rights reserved.
Reading design clock.ngc ...
WARNING:NetListWriters:298 - No output is written to clock.xncf, ignored.
Processing design ...
   Preping design's networks ...
   Preping design's macros ...
  finished :Prep
Writing EDIF netlist file clock.edif ...
ngc2edif: Total memory usage is 75924 kilobytes

Release 14.7 - ngc2edif P.20131013 (nt64)
Copyright (c) 1995-2013 Xilinx, Inc.  All rights reserved.
Reading design clock.ngc ...
WARNING:NetListWriters:298 - No output is written to clock.xncf, ignored.
Processing design ...
   Preping design's networks ...
   Preping design's macros ...
  finished :Prep
Writing EDIF netlist file clock.edif ...
ngc2edif: Total memory usage is 79132 kilobytes

Release 14.7 - ngc2edif P.20131013 (nt64)
Copyright (c) 1995-2013 Xilinx, Inc.  All rights reserved.
Reading design clock.ngc ...
WARNING:NetListWriters:298 - No output is written to clock.xncf, ignored.
Processing design ...
   Preping design's networks ...
   Preping design's macros ...
  finished :Prep
Writing EDIF netlist file clock.edif ...
ngc2edif: Total memory usage is 79516 kilobytes

Release 14.7 - ngc2edif P.20131013 (nt64)
Copyright (c) 1995-2013 Xilinx, Inc.  All rights reserved.
Reading design clocks.ngc ...
WARNING:NetListWriters:298 - No output is written to clocks.xncf, ignored.
Processing design ...
   Preping design's networks ...
   Preping design's macros ...
  finished :Prep
Writing EDIF netlist file clocks.edif ...
ngc2edif: Total memory usage is 75300 kilobytes

