Removed Pin From Net: NetName=EXTERNAL112 Pin=ETH1_U_HEADER_WRP1-1
Removed Pin From Net: NetName=EXTERNAL113 Pin=ETH1_U_HEADER_WRP1-2
Removed Pin From Net: NetName=EXTERNAL114 Pin=ETH1_U_HEADER_WRP1-3
Removed Pin From Net: NetName=EXTERNAL115 Pin=ETH1_U_HEADER_WRP1-4
Removed Pin From Net: NetName=EXTERNAL116 Pin=ETH1_U_HEADER_WRP1-5
Removed Pin From Net: NetName=EXTERNAL117 Pin=ETH1_U_HEADER_WRP1-6
Removed Pin From Net: NetName=EXTERNAL118 Pin=ETH1_U_HEADER_WRP1-7
Removed Pin From Net: NetName=EXTERNAL119 Pin=ETH1_U_HEADER_WRP1-8
Removed Pin From Net: NetName=EXTERNAL120 Pin=ETH1_U_HEADER_WRP1-9
Removed Pin From Net: NetName=EXTERNAL121 Pin=ETH1_U_HEADER_WRP1-10
Removed Pin From Net: NetName=EXTERNAL122 Pin=ETH1_U_HEADER_WRP1-11
Removed Pin From Net: NetName=EXTERNAL123 Pin=ETH1_U_HEADER_WRP1-12
Removed Pin From Net: NetName=EXTERNAL124 Pin=ETH1_U_HEADER_WRP1-13
Removed Pin From Net: NetName=EXTERNAL125 Pin=ETH1_U_HEADER_WRP1-14
Removed Pin From Net: NetName=EXTERNAL126 Pin=ETH1_U_HEADER_WRP1-15
Removed Pin From Net: NetName=EXTERNAL127 Pin=ETH1_U_HEADER_WRP1-16
Removed Pin From Net: NetName=INTERNAL127 Pin=ETH1_U_HEADER_WRP1-25
Removed Pin From Net: NetName=INTERNAL126 Pin=ETH1_U_HEADER_WRP1-26
Removed Pin From Net: NetName=INTERNAL125 Pin=ETH1_U_HEADER_WRP1-27
Removed Pin From Net: NetName=INTERNAL124 Pin=ETH1_U_HEADER_WRP1-28
Removed Pin From Net: NetName=INTERNAL123 Pin=ETH1_U_HEADER_WRP1-29
Removed Pin From Net: NetName=INTERNAL122 Pin=ETH1_U_HEADER_WRP1-30
Removed Pin From Net: NetName=INTERNAL121 Pin=ETH1_U_HEADER_WRP1-31
Removed Pin From Net: NetName=INTERNAL120 Pin=ETH1_U_HEADER_WRP1-32
Removed Pin From Net: NetName=INTERNAL119 Pin=ETH1_U_HEADER_WRP1-33
Removed Pin From Net: NetName=INTERNAL118 Pin=ETH1_U_HEADER_WRP1-34
Removed Pin From Net: NetName=INTERNAL117 Pin=ETH1_U_HEADER_WRP1-35
Removed Pin From Net: NetName=INTERNAL116 Pin=ETH1_U_HEADER_WRP1-36
Removed Pin From Net: NetName=INTERNAL115 Pin=ETH1_U_HEADER_WRP1-37
Removed Pin From Net: NetName=INTERNAL114 Pin=ETH1_U_HEADER_WRP1-38
Removed Pin From Net: NetName=INTERNAL113 Pin=ETH1_U_HEADER_WRP1-39
Removed Pin From Net: NetName=INTERNAL112 Pin=ETH1_U_HEADER_WRP1-40
Removed Pin From Net: NetName=EXTERNAL96 Pin=ETH1_U_HEADER_WRP2-1
Removed Pin From Net: NetName=EXTERNAL97 Pin=ETH1_U_HEADER_WRP2-2
Removed Pin From Net: NetName=EXTERNAL98 Pin=ETH1_U_HEADER_WRP2-3
Removed Pin From Net: NetName=EXTERNAL99 Pin=ETH1_U_HEADER_WRP2-4
Removed Pin From Net: NetName=EXTERNAL100 Pin=ETH1_U_HEADER_WRP2-5
Removed Pin From Net: NetName=EXTERNAL101 Pin=ETH1_U_HEADER_WRP2-6
Removed Pin From Net: NetName=EXTERNAL102 Pin=ETH1_U_HEADER_WRP2-7
Removed Pin From Net: NetName=EXTERNAL103 Pin=ETH1_U_HEADER_WRP2-8
Removed Pin From Net: NetName=EXTERNAL104 Pin=ETH1_U_HEADER_WRP2-9
Removed Pin From Net: NetName=EXTERNAL105 Pin=ETH1_U_HEADER_WRP2-10
Removed Pin From Net: NetName=EXTERNAL106 Pin=ETH1_U_HEADER_WRP2-11
Removed Pin From Net: NetName=EXTERNAL107 Pin=ETH1_U_HEADER_WRP2-12
Removed Pin From Net: NetName=EXTERNAL108 Pin=ETH1_U_HEADER_WRP2-13
Removed Pin From Net: NetName=EXTERNAL109 Pin=ETH1_U_HEADER_WRP2-14
Removed Pin From Net: NetName=EXTERNAL110 Pin=ETH1_U_HEADER_WRP2-15
Removed Pin From Net: NetName=EXTERNAL111 Pin=ETH1_U_HEADER_WRP2-16
Removed Pin From Net: NetName=GND Pin=ETH1_U_HEADER_WRP2-17
Removed Pin From Net: NetName=GND Pin=ETH1_U_HEADER_WRP2-18
Removed Pin From Net: NetName=INTERNAL111 Pin=ETH1_U_HEADER_WRP2-25
Removed Pin From Net: NetName=INTERNAL110 Pin=ETH1_U_HEADER_WRP2-26
Removed Pin From Net: NetName=INTERNAL109 Pin=ETH1_U_HEADER_WRP2-27
Removed Pin From Net: NetName=INTERNAL108 Pin=ETH1_U_HEADER_WRP2-28
Removed Pin From Net: NetName=INTERNAL107 Pin=ETH1_U_HEADER_WRP2-29
Removed Pin From Net: NetName=INTERNAL106 Pin=ETH1_U_HEADER_WRP2-30
Removed Pin From Net: NetName=INTERNAL105 Pin=ETH1_U_HEADER_WRP2-31
Removed Pin From Net: NetName=INTERNAL104 Pin=ETH1_U_HEADER_WRP2-32
Removed Pin From Net: NetName=INTERNAL103 Pin=ETH1_U_HEADER_WRP2-33
Removed Pin From Net: NetName=INTERNAL102 Pin=ETH1_U_HEADER_WRP2-34
Removed Pin From Net: NetName=INTERNAL101 Pin=ETH1_U_HEADER_WRP2-35
Removed Pin From Net: NetName=INTERNAL100 Pin=ETH1_U_HEADER_WRP2-36
Removed Pin From Net: NetName=INTERNAL99 Pin=ETH1_U_HEADER_WRP2-37
Removed Pin From Net: NetName=INTERNAL98 Pin=ETH1_U_HEADER_WRP2-38
Removed Pin From Net: NetName=INTERNAL97 Pin=ETH1_U_HEADER_WRP2-39
Removed Pin From Net: NetName=INTERNAL96 Pin=ETH1_U_HEADER_WRP2-40
Removed Pin From Net: NetName=EXTERNAL80 Pin=ETH1_U_HEADER_WRP3-1
Removed Pin From Net: NetName=EXTERNAL81 Pin=ETH1_U_HEADER_WRP3-2
Removed Pin From Net: NetName=EXTERNAL82 Pin=ETH1_U_HEADER_WRP3-3
Removed Pin From Net: NetName=EXTERNAL83 Pin=ETH1_U_HEADER_WRP3-4
Removed Pin From Net: NetName=EXTERNAL84 Pin=ETH1_U_HEADER_WRP3-5
Removed Pin From Net: NetName=EXTERNAL85 Pin=ETH1_U_HEADER_WRP3-6
Removed Pin From Net: NetName=EXTERNAL86 Pin=ETH1_U_HEADER_WRP3-7
Removed Pin From Net: NetName=EXTERNAL87 Pin=ETH1_U_HEADER_WRP3-8
Removed Pin From Net: NetName=EXTERNAL88 Pin=ETH1_U_HEADER_WRP3-9
Removed Pin From Net: NetName=EXTERNAL89 Pin=ETH1_U_HEADER_WRP3-10
Removed Pin From Net: NetName=EXTERNAL90 Pin=ETH1_U_HEADER_WRP3-11
Removed Pin From Net: NetName=EXTERNAL91 Pin=ETH1_U_HEADER_WRP3-12
Removed Pin From Net: NetName=EXTERNAL92 Pin=ETH1_U_HEADER_WRP3-13
Removed Pin From Net: NetName=EXTERNAL93 Pin=ETH1_U_HEADER_WRP3-14
Removed Pin From Net: NetName=EXTERNAL94 Pin=ETH1_U_HEADER_WRP3-15
Removed Pin From Net: NetName=EXTERNAL95 Pin=ETH1_U_HEADER_WRP3-16
Removed Pin From Net: NetName=GND Pin=ETH1_U_HEADER_WRP3-17
Removed Pin From Net: NetName=INTERNAL95 Pin=ETH1_U_HEADER_WRP3-25
Removed Pin From Net: NetName=INTERNAL94 Pin=ETH1_U_HEADER_WRP3-26
Removed Pin From Net: NetName=INTERNAL93 Pin=ETH1_U_HEADER_WRP3-27
Removed Pin From Net: NetName=INTERNAL92 Pin=ETH1_U_HEADER_WRP3-28
Removed Pin From Net: NetName=INTERNAL91 Pin=ETH1_U_HEADER_WRP3-29
Removed Pin From Net: NetName=INTERNAL90 Pin=ETH1_U_HEADER_WRP3-30
Removed Pin From Net: NetName=INTERNAL89 Pin=ETH1_U_HEADER_WRP3-31
Removed Pin From Net: NetName=INTERNAL88 Pin=ETH1_U_HEADER_WRP3-32
Removed Pin From Net: NetName=INTERNAL87 Pin=ETH1_U_HEADER_WRP3-33
Removed Pin From Net: NetName=INTERNAL86 Pin=ETH1_U_HEADER_WRP3-34
Removed Pin From Net: NetName=INTERNAL85 Pin=ETH1_U_HEADER_WRP3-35
Removed Pin From Net: NetName=INTERNAL84 Pin=ETH1_U_HEADER_WRP3-36
Removed Pin From Net: NetName=INTERNAL83 Pin=ETH1_U_HEADER_WRP3-37
Removed Pin From Net: NetName=INTERNAL82 Pin=ETH1_U_HEADER_WRP3-38
Removed Pin From Net: NetName=INTERNAL81 Pin=ETH1_U_HEADER_WRP3-39
Removed Pin From Net: NetName=INTERNAL80 Pin=ETH1_U_HEADER_WRP3-40
Removed Pin From Net: NetName=EXTERNAL64 Pin=ETH1_U_HEADER_WRP4-1
Removed Pin From Net: NetName=EXTERNAL65 Pin=ETH1_U_HEADER_WRP4-2
Removed Pin From Net: NetName=EXTERNAL66 Pin=ETH1_U_HEADER_WRP4-3
Removed Pin From Net: NetName=EXTERNAL67 Pin=ETH1_U_HEADER_WRP4-4
Removed Pin From Net: NetName=EXTERNAL68 Pin=ETH1_U_HEADER_WRP4-5
Removed Pin From Net: NetName=EXTERNAL69 Pin=ETH1_U_HEADER_WRP4-6
Removed Pin From Net: NetName=EXTERNAL70 Pin=ETH1_U_HEADER_WRP4-7
Removed Pin From Net: NetName=EXTERNAL71 Pin=ETH1_U_HEADER_WRP4-8
Removed Pin From Net: NetName=EXTERNAL72 Pin=ETH1_U_HEADER_WRP4-9
Removed Pin From Net: NetName=EXTERNAL73 Pin=ETH1_U_HEADER_WRP4-10
Removed Pin From Net: NetName=EXTERNAL74 Pin=ETH1_U_HEADER_WRP4-11
Removed Pin From Net: NetName=EXTERNAL75 Pin=ETH1_U_HEADER_WRP4-12
Removed Pin From Net: NetName=EXTERNAL76 Pin=ETH1_U_HEADER_WRP4-13
Removed Pin From Net: NetName=EXTERNAL77 Pin=ETH1_U_HEADER_WRP4-14
Removed Pin From Net: NetName=EXTERNAL78 Pin=ETH1_U_HEADER_WRP4-15
Removed Pin From Net: NetName=EXTERNAL79 Pin=ETH1_U_HEADER_WRP4-16
Removed Pin From Net: NetName=GND Pin=ETH1_U_HEADER_WRP4-17
Removed Pin From Net: NetName=GND Pin=ETH1_U_HEADER_WRP4-18
Removed Pin From Net: NetName=INTERNAL79 Pin=ETH1_U_HEADER_WRP4-25
Removed Pin From Net: NetName=INTERNAL78 Pin=ETH1_U_HEADER_WRP4-26
Removed Pin From Net: NetName=INTERNAL77 Pin=ETH1_U_HEADER_WRP4-27
Removed Pin From Net: NetName=INTERNAL76 Pin=ETH1_U_HEADER_WRP4-28
Removed Pin From Net: NetName=INTERNAL75 Pin=ETH1_U_HEADER_WRP4-29
Removed Pin From Net: NetName=INTERNAL74 Pin=ETH1_U_HEADER_WRP4-30
Removed Pin From Net: NetName=INTERNAL73 Pin=ETH1_U_HEADER_WRP4-31
Removed Pin From Net: NetName=INTERNAL72 Pin=ETH1_U_HEADER_WRP4-32
Removed Pin From Net: NetName=INTERNAL71 Pin=ETH1_U_HEADER_WRP4-33
Removed Pin From Net: NetName=INTERNAL70 Pin=ETH1_U_HEADER_WRP4-34
Removed Pin From Net: NetName=INTERNAL69 Pin=ETH1_U_HEADER_WRP4-35
Removed Pin From Net: NetName=INTERNAL68 Pin=ETH1_U_HEADER_WRP4-36
Removed Pin From Net: NetName=INTERNAL67 Pin=ETH1_U_HEADER_WRP4-37
Removed Pin From Net: NetName=INTERNAL66 Pin=ETH1_U_HEADER_WRP4-38
Removed Pin From Net: NetName=INTERNAL65 Pin=ETH1_U_HEADER_WRP4-39
Removed Pin From Net: NetName=INTERNAL64 Pin=ETH1_U_HEADER_WRP4-40
Removed Pin From Net: NetName=EXTERNAL48 Pin=ETH1_U_HEADER_WRP5-1
Removed Pin From Net: NetName=EXTERNAL49 Pin=ETH1_U_HEADER_WRP5-2
Removed Pin From Net: NetName=EXTERNAL50 Pin=ETH1_U_HEADER_WRP5-3
Removed Pin From Net: NetName=EXTERNAL51 Pin=ETH1_U_HEADER_WRP5-4
Removed Pin From Net: NetName=EXTERNAL52 Pin=ETH1_U_HEADER_WRP5-5
Removed Pin From Net: NetName=EXTERNAL53 Pin=ETH1_U_HEADER_WRP5-6
Removed Pin From Net: NetName=EXTERNAL54 Pin=ETH1_U_HEADER_WRP5-7
Removed Pin From Net: NetName=EXTERNAL55 Pin=ETH1_U_HEADER_WRP5-8
Removed Pin From Net: NetName=EXTERNAL56 Pin=ETH1_U_HEADER_WRP5-9
Removed Pin From Net: NetName=EXTERNAL57 Pin=ETH1_U_HEADER_WRP5-10
Removed Pin From Net: NetName=EXTERNAL58 Pin=ETH1_U_HEADER_WRP5-11
Removed Pin From Net: NetName=EXTERNAL59 Pin=ETH1_U_HEADER_WRP5-12
Removed Pin From Net: NetName=EXTERNAL60 Pin=ETH1_U_HEADER_WRP5-13
Removed Pin From Net: NetName=EXTERNAL61 Pin=ETH1_U_HEADER_WRP5-14
Removed Pin From Net: NetName=EXTERNAL62 Pin=ETH1_U_HEADER_WRP5-15
Removed Pin From Net: NetName=EXTERNAL63 Pin=ETH1_U_HEADER_WRP5-16
Removed Pin From Net: NetName=GND Pin=ETH1_U_HEADER_WRP5-17
Removed Pin From Net: NetName=INTERNAL63 Pin=ETH1_U_HEADER_WRP5-25
Removed Pin From Net: NetName=INTERNAL62 Pin=ETH1_U_HEADER_WRP5-26
Removed Pin From Net: NetName=INTERNAL61 Pin=ETH1_U_HEADER_WRP5-27
Removed Pin From Net: NetName=INTERNAL60 Pin=ETH1_U_HEADER_WRP5-28
Removed Pin From Net: NetName=INTERNAL59 Pin=ETH1_U_HEADER_WRP5-29
Removed Pin From Net: NetName=INTERNAL58 Pin=ETH1_U_HEADER_WRP5-30
Removed Pin From Net: NetName=INTERNAL57 Pin=ETH1_U_HEADER_WRP5-31
Removed Pin From Net: NetName=INTERNAL56 Pin=ETH1_U_HEADER_WRP5-32
Removed Pin From Net: NetName=INTERNAL55 Pin=ETH1_U_HEADER_WRP5-33
Removed Pin From Net: NetName=INTERNAL54 Pin=ETH1_U_HEADER_WRP5-34
Removed Pin From Net: NetName=INTERNAL53 Pin=ETH1_U_HEADER_WRP5-35
Removed Pin From Net: NetName=INTERNAL52 Pin=ETH1_U_HEADER_WRP5-36
Removed Pin From Net: NetName=INTERNAL51 Pin=ETH1_U_HEADER_WRP5-37
Removed Pin From Net: NetName=INTERNAL50 Pin=ETH1_U_HEADER_WRP5-38
Removed Pin From Net: NetName=INTERNAL49 Pin=ETH1_U_HEADER_WRP5-39
Removed Pin From Net: NetName=INTERNAL48 Pin=ETH1_U_HEADER_WRP5-40
Removed Pin From Net: NetName=EXTERNAL32 Pin=ETH1_U_HEADER_WRP6-1
Removed Pin From Net: NetName=EXTERNAL33 Pin=ETH1_U_HEADER_WRP6-2
Removed Pin From Net: NetName=EXTERNAL34 Pin=ETH1_U_HEADER_WRP6-3
Removed Pin From Net: NetName=EXTERNAL35 Pin=ETH1_U_HEADER_WRP6-4
Removed Pin From Net: NetName=EXTERNAL36 Pin=ETH1_U_HEADER_WRP6-5
Removed Pin From Net: NetName=EXTERNAL37 Pin=ETH1_U_HEADER_WRP6-6
Removed Pin From Net: NetName=EXTERNAL38 Pin=ETH1_U_HEADER_WRP6-7
Removed Pin From Net: NetName=EXTERNAL39 Pin=ETH1_U_HEADER_WRP6-8
Removed Pin From Net: NetName=EXTERNAL40 Pin=ETH1_U_HEADER_WRP6-9
Removed Pin From Net: NetName=EXTERNAL41 Pin=ETH1_U_HEADER_WRP6-10
Removed Pin From Net: NetName=EXTERNAL42 Pin=ETH1_U_HEADER_WRP6-11
Removed Pin From Net: NetName=EXTERNAL43 Pin=ETH1_U_HEADER_WRP6-12
Removed Pin From Net: NetName=EXTERNAL44 Pin=ETH1_U_HEADER_WRP6-13
Removed Pin From Net: NetName=EXTERNAL45 Pin=ETH1_U_HEADER_WRP6-14
Removed Pin From Net: NetName=EXTERNAL46 Pin=ETH1_U_HEADER_WRP6-15
Removed Pin From Net: NetName=EXTERNAL47 Pin=ETH1_U_HEADER_WRP6-16
Removed Pin From Net: NetName=GND Pin=ETH1_U_HEADER_WRP6-17
Removed Pin From Net: NetName=GND Pin=ETH1_U_HEADER_WRP6-18
Removed Pin From Net: NetName=GND Pin=ETH1_U_HEADER_WRP6-19
Removed Pin From Net: NetName=GND Pin=ETH1_U_HEADER_WRP6-22
Removed Pin From Net: NetName=GND Pin=ETH1_U_HEADER_WRP6-23
Removed Pin From Net: NetName=GND Pin=ETH1_U_HEADER_WRP6-24
Removed Pin From Net: NetName=INTERNAL47 Pin=ETH1_U_HEADER_WRP6-25
Removed Pin From Net: NetName=INTERNAL46 Pin=ETH1_U_HEADER_WRP6-26
Removed Pin From Net: NetName=INTERNAL45 Pin=ETH1_U_HEADER_WRP6-27
Removed Pin From Net: NetName=INTERNAL44 Pin=ETH1_U_HEADER_WRP6-28
Removed Pin From Net: NetName=INTERNAL43 Pin=ETH1_U_HEADER_WRP6-29
Removed Pin From Net: NetName=INTERNAL42 Pin=ETH1_U_HEADER_WRP6-30
Removed Pin From Net: NetName=INTERNAL41 Pin=ETH1_U_HEADER_WRP6-31
Removed Pin From Net: NetName=INTERNAL40 Pin=ETH1_U_HEADER_WRP6-32
Removed Pin From Net: NetName=INTERNAL39 Pin=ETH1_U_HEADER_WRP6-33
Removed Pin From Net: NetName=INTERNAL38 Pin=ETH1_U_HEADER_WRP6-34
Removed Pin From Net: NetName=INTERNAL37 Pin=ETH1_U_HEADER_WRP6-35
Removed Pin From Net: NetName=INTERNAL36 Pin=ETH1_U_HEADER_WRP6-36
Removed Pin From Net: NetName=INTERNAL35 Pin=ETH1_U_HEADER_WRP6-37
Removed Pin From Net: NetName=INTERNAL34 Pin=ETH1_U_HEADER_WRP6-38
Removed Pin From Net: NetName=INTERNAL33 Pin=ETH1_U_HEADER_WRP6-39
Removed Pin From Net: NetName=INTERNAL32 Pin=ETH1_U_HEADER_WRP6-40
Removed Pin From Net: NetName=EXTERNAL16 Pin=ETH1_U_HEADER_WRP7-1
Removed Pin From Net: NetName=EXTERNAL17 Pin=ETH1_U_HEADER_WRP7-2
Removed Pin From Net: NetName=EXTERNAL18 Pin=ETH1_U_HEADER_WRP7-3
Removed Pin From Net: NetName=EXTERNAL19 Pin=ETH1_U_HEADER_WRP7-4
Removed Pin From Net: NetName=EXTERNAL20 Pin=ETH1_U_HEADER_WRP7-5
Removed Pin From Net: NetName=EXTERNAL21 Pin=ETH1_U_HEADER_WRP7-6
Removed Pin From Net: NetName=EXTERNAL22 Pin=ETH1_U_HEADER_WRP7-7
Removed Pin From Net: NetName=EXTERNAL23 Pin=ETH1_U_HEADER_WRP7-8
Removed Pin From Net: NetName=EXTERNAL24 Pin=ETH1_U_HEADER_WRP7-9
Removed Pin From Net: NetName=EXTERNAL25 Pin=ETH1_U_HEADER_WRP7-10
Removed Pin From Net: NetName=EXTERNAL26 Pin=ETH1_U_HEADER_WRP7-11
Removed Pin From Net: NetName=EXTERNAL27 Pin=ETH1_U_HEADER_WRP7-12
Removed Pin From Net: NetName=EXTERNAL28 Pin=ETH1_U_HEADER_WRP7-13
Removed Pin From Net: NetName=EXTERNAL29 Pin=ETH1_U_HEADER_WRP7-14
Removed Pin From Net: NetName=EXTERNAL30 Pin=ETH1_U_HEADER_WRP7-15
Removed Pin From Net: NetName=EXTERNAL31 Pin=ETH1_U_HEADER_WRP7-16
Removed Pin From Net: NetName=INTERNAL31 Pin=ETH1_U_HEADER_WRP7-25
Removed Pin From Net: NetName=INTERNAL30 Pin=ETH1_U_HEADER_WRP7-26
Removed Pin From Net: NetName=INTERNAL29 Pin=ETH1_U_HEADER_WRP7-27
Removed Pin From Net: NetName=INTERNAL28 Pin=ETH1_U_HEADER_WRP7-28
Removed Pin From Net: NetName=INTERNAL27 Pin=ETH1_U_HEADER_WRP7-29
Removed Pin From Net: NetName=INTERNAL26 Pin=ETH1_U_HEADER_WRP7-30
Removed Pin From Net: NetName=INTERNAL25 Pin=ETH1_U_HEADER_WRP7-31
Removed Pin From Net: NetName=INTERNAL24 Pin=ETH1_U_HEADER_WRP7-32
Removed Pin From Net: NetName=INTERNAL23 Pin=ETH1_U_HEADER_WRP7-33
Removed Pin From Net: NetName=INTERNAL22 Pin=ETH1_U_HEADER_WRP7-34
Removed Pin From Net: NetName=INTERNAL21 Pin=ETH1_U_HEADER_WRP7-35
Removed Pin From Net: NetName=INTERNAL20 Pin=ETH1_U_HEADER_WRP7-36
Removed Pin From Net: NetName=INTERNAL19 Pin=ETH1_U_HEADER_WRP7-37
Removed Pin From Net: NetName=INTERNAL18 Pin=ETH1_U_HEADER_WRP7-38
Removed Pin From Net: NetName=INTERNAL17 Pin=ETH1_U_HEADER_WRP7-39
Removed Pin From Net: NetName=INTERNAL16 Pin=ETH1_U_HEADER_WRP7-40
Removed Pin From Net: NetName=EXTERNAL0 Pin=ETH1_U_HEADER_WRP8-1
Removed Pin From Net: NetName=EXTERNAL1 Pin=ETH1_U_HEADER_WRP8-2
Removed Pin From Net: NetName=EXTERNAL2 Pin=ETH1_U_HEADER_WRP8-3
Removed Pin From Net: NetName=EXTERNAL3 Pin=ETH1_U_HEADER_WRP8-4
Removed Pin From Net: NetName=EXTERNAL4 Pin=ETH1_U_HEADER_WRP8-5
Removed Pin From Net: NetName=EXTERNAL5 Pin=ETH1_U_HEADER_WRP8-6
Removed Pin From Net: NetName=EXTERNAL6 Pin=ETH1_U_HEADER_WRP8-7
Removed Pin From Net: NetName=EXTERNAL7 Pin=ETH1_U_HEADER_WRP8-8
Removed Pin From Net: NetName=EXTERNAL8 Pin=ETH1_U_HEADER_WRP8-9
Removed Pin From Net: NetName=EXTERNAL9 Pin=ETH1_U_HEADER_WRP8-10
Removed Pin From Net: NetName=EXTERNAL10 Pin=ETH1_U_HEADER_WRP8-11
Removed Pin From Net: NetName=EXTERNAL11 Pin=ETH1_U_HEADER_WRP8-12
Removed Pin From Net: NetName=EXTERNAL12 Pin=ETH1_U_HEADER_WRP8-13
Removed Pin From Net: NetName=EXTERNAL13 Pin=ETH1_U_HEADER_WRP8-14
Removed Pin From Net: NetName=EXTERNAL14 Pin=ETH1_U_HEADER_WRP8-15
Removed Pin From Net: NetName=EXTERNAL15 Pin=ETH1_U_HEADER_WRP8-16
Removed Pin From Net: NetName=GND Pin=ETH1_U_HEADER_WRP8-17
Removed Pin From Net: NetName=GND Pin=ETH1_U_HEADER_WRP8-18
Removed Pin From Net: NetName=GND Pin=ETH1_U_HEADER_WRP8-22
Removed Pin From Net: NetName=GND Pin=ETH1_U_HEADER_WRP8-23
Removed Pin From Net: NetName=GND Pin=ETH1_U_HEADER_WRP8-24
Removed Pin From Net: NetName=INTERNAL15 Pin=ETH1_U_HEADER_WRP8-25
Removed Pin From Net: NetName=INTERNAL14 Pin=ETH1_U_HEADER_WRP8-26
Removed Pin From Net: NetName=INTERNAL13 Pin=ETH1_U_HEADER_WRP8-27
Removed Pin From Net: NetName=INTERNAL12 Pin=ETH1_U_HEADER_WRP8-28
Removed Pin From Net: NetName=INTERNAL11 Pin=ETH1_U_HEADER_WRP8-29
Removed Pin From Net: NetName=INTERNAL10 Pin=ETH1_U_HEADER_WRP8-30
Removed Pin From Net: NetName=INTERNAL9 Pin=ETH1_U_HEADER_WRP8-31
Removed Pin From Net: NetName=INTERNAL8 Pin=ETH1_U_HEADER_WRP8-32
Removed Pin From Net: NetName=INTERNAL7 Pin=ETH1_U_HEADER_WRP8-33
Removed Pin From Net: NetName=INTERNAL6 Pin=ETH1_U_HEADER_WRP8-34
Removed Pin From Net: NetName=INTERNAL5 Pin=ETH1_U_HEADER_WRP8-35
Removed Pin From Net: NetName=INTERNAL4 Pin=ETH1_U_HEADER_WRP8-36
Removed Pin From Net: NetName=INTERNAL3 Pin=ETH1_U_HEADER_WRP8-37
Removed Pin From Net: NetName=INTERNAL2 Pin=ETH1_U_HEADER_WRP8-38
Removed Pin From Net: NetName=INTERNAL1 Pin=ETH1_U_HEADER_WRP8-39
Removed Pin From Net: NetName=INTERNAL0 Pin=ETH1_U_HEADER_WRP8-40
Removed Pin From Net: NetName=INTERNAL112 Pin=ETH1_U_HEADER_WRP9-1
Removed Pin From Net: NetName=INTERNAL113 Pin=ETH1_U_HEADER_WRP9-2
Removed Pin From Net: NetName=INTERNAL114 Pin=ETH1_U_HEADER_WRP9-3
Removed Pin From Net: NetName=INTERNAL115 Pin=ETH1_U_HEADER_WRP9-4
Removed Pin From Net: NetName=INTERNAL116 Pin=ETH1_U_HEADER_WRP9-5
Removed Pin From Net: NetName=INTERNAL117 Pin=ETH1_U_HEADER_WRP9-6
Removed Pin From Net: NetName=INTERNAL118 Pin=ETH1_U_HEADER_WRP9-7
Removed Pin From Net: NetName=INTERNAL119 Pin=ETH1_U_HEADER_WRP9-8
Removed Pin From Net: NetName=INTERNAL120 Pin=ETH1_U_HEADER_WRP9-9
Removed Pin From Net: NetName=INTERNAL121 Pin=ETH1_U_HEADER_WRP9-10
Removed Pin From Net: NetName=INTERNAL122 Pin=ETH1_U_HEADER_WRP9-11
Removed Pin From Net: NetName=INTERNAL123 Pin=ETH1_U_HEADER_WRP9-12
Removed Pin From Net: NetName=INTERNAL124 Pin=ETH1_U_HEADER_WRP9-13
Removed Pin From Net: NetName=INTERNAL125 Pin=ETH1_U_HEADER_WRP9-14
Removed Pin From Net: NetName=INTERNAL126 Pin=ETH1_U_HEADER_WRP9-15
Removed Pin From Net: NetName=INTERNAL127 Pin=ETH1_U_HEADER_WRP9-16
Removed Pin From Net: NetName=INSIDE127 Pin=ETH1_U_HEADER_WRP9-25
Removed Pin From Net: NetName=INSIDE126 Pin=ETH1_U_HEADER_WRP9-26
Removed Pin From Net: NetName=INSIDE125 Pin=ETH1_U_HEADER_WRP9-27
Removed Pin From Net: NetName=INSIDE124 Pin=ETH1_U_HEADER_WRP9-28
Removed Pin From Net: NetName=INSIDE123 Pin=ETH1_U_HEADER_WRP9-29
Removed Pin From Net: NetName=INSIDE122 Pin=ETH1_U_HEADER_WRP9-30
Removed Pin From Net: NetName=INSIDE121 Pin=ETH1_U_HEADER_WRP9-31
Removed Pin From Net: NetName=INSIDE120 Pin=ETH1_U_HEADER_WRP9-32
Removed Pin From Net: NetName=INSIDE119 Pin=ETH1_U_HEADER_WRP9-33
Removed Pin From Net: NetName=INSIDE118 Pin=ETH1_U_HEADER_WRP9-34
Removed Pin From Net: NetName=INSIDE117 Pin=ETH1_U_HEADER_WRP9-35
Removed Pin From Net: NetName=INSIDE116 Pin=ETH1_U_HEADER_WRP9-36
Removed Pin From Net: NetName=INSIDE115 Pin=ETH1_U_HEADER_WRP9-37
Removed Pin From Net: NetName=INSIDE114 Pin=ETH1_U_HEADER_WRP9-38
Removed Pin From Net: NetName=INSIDE113 Pin=ETH1_U_HEADER_WRP9-39
Removed Pin From Net: NetName=INSIDE112 Pin=ETH1_U_HEADER_WRP9-40
Removed Pin From Net: NetName=INTERNAL96 Pin=ETH1_U_HEADER_WRP10-1
Removed Pin From Net: NetName=INTERNAL97 Pin=ETH1_U_HEADER_WRP10-2
Removed Pin From Net: NetName=INTERNAL98 Pin=ETH1_U_HEADER_WRP10-3
Removed Pin From Net: NetName=INTERNAL99 Pin=ETH1_U_HEADER_WRP10-4
Removed Pin From Net: NetName=INTERNAL100 Pin=ETH1_U_HEADER_WRP10-5
Removed Pin From Net: NetName=INTERNAL101 Pin=ETH1_U_HEADER_WRP10-6
Removed Pin From Net: NetName=INTERNAL102 Pin=ETH1_U_HEADER_WRP10-7
Removed Pin From Net: NetName=INTERNAL103 Pin=ETH1_U_HEADER_WRP10-8
Removed Pin From Net: NetName=INTERNAL104 Pin=ETH1_U_HEADER_WRP10-9
Removed Pin From Net: NetName=INTERNAL105 Pin=ETH1_U_HEADER_WRP10-10
Removed Pin From Net: NetName=INTERNAL106 Pin=ETH1_U_HEADER_WRP10-11
Removed Pin From Net: NetName=INTERNAL107 Pin=ETH1_U_HEADER_WRP10-12
Removed Pin From Net: NetName=INTERNAL108 Pin=ETH1_U_HEADER_WRP10-13
Removed Pin From Net: NetName=INTERNAL109 Pin=ETH1_U_HEADER_WRP10-14
Removed Pin From Net: NetName=INTERNAL110 Pin=ETH1_U_HEADER_WRP10-15
Removed Pin From Net: NetName=INTERNAL111 Pin=ETH1_U_HEADER_WRP10-16
Removed Pin From Net: NetName=GND Pin=ETH1_U_HEADER_WRP10-17
Removed Pin From Net: NetName=GND Pin=ETH1_U_HEADER_WRP10-18
Removed Pin From Net: NetName=INSIDE111 Pin=ETH1_U_HEADER_WRP10-25
Removed Pin From Net: NetName=INSIDE110 Pin=ETH1_U_HEADER_WRP10-26
Removed Pin From Net: NetName=INSIDE109 Pin=ETH1_U_HEADER_WRP10-27
Removed Pin From Net: NetName=INSIDE108 Pin=ETH1_U_HEADER_WRP10-28
Removed Pin From Net: NetName=INSIDE107 Pin=ETH1_U_HEADER_WRP10-29
Removed Pin From Net: NetName=INSIDE106 Pin=ETH1_U_HEADER_WRP10-30
Removed Pin From Net: NetName=INSIDE105 Pin=ETH1_U_HEADER_WRP10-31
Removed Pin From Net: NetName=INSIDE104 Pin=ETH1_U_HEADER_WRP10-32
Removed Pin From Net: NetName=INSIDE103 Pin=ETH1_U_HEADER_WRP10-33
Removed Pin From Net: NetName=INSIDE102 Pin=ETH1_U_HEADER_WRP10-34
Removed Pin From Net: NetName=INSIDE101 Pin=ETH1_U_HEADER_WRP10-35
Removed Pin From Net: NetName=INSIDE100 Pin=ETH1_U_HEADER_WRP10-36
Removed Pin From Net: NetName=INSIDE99 Pin=ETH1_U_HEADER_WRP10-37
Removed Pin From Net: NetName=INSIDE98 Pin=ETH1_U_HEADER_WRP10-38
Removed Pin From Net: NetName=INSIDE97 Pin=ETH1_U_HEADER_WRP10-39
Removed Pin From Net: NetName=INSIDE96 Pin=ETH1_U_HEADER_WRP10-40
Removed Pin From Net: NetName=INTERNAL80 Pin=ETH1_U_HEADER_WRP11-1
Removed Pin From Net: NetName=INTERNAL81 Pin=ETH1_U_HEADER_WRP11-2
Removed Pin From Net: NetName=INTERNAL82 Pin=ETH1_U_HEADER_WRP11-3
Removed Pin From Net: NetName=INTERNAL83 Pin=ETH1_U_HEADER_WRP11-4
Removed Pin From Net: NetName=INTERNAL84 Pin=ETH1_U_HEADER_WRP11-5
Removed Pin From Net: NetName=INTERNAL85 Pin=ETH1_U_HEADER_WRP11-6
Removed Pin From Net: NetName=INTERNAL86 Pin=ETH1_U_HEADER_WRP11-7
Removed Pin From Net: NetName=INTERNAL87 Pin=ETH1_U_HEADER_WRP11-8
Removed Pin From Net: NetName=INTERNAL88 Pin=ETH1_U_HEADER_WRP11-9
Removed Pin From Net: NetName=INTERNAL89 Pin=ETH1_U_HEADER_WRP11-10
Removed Pin From Net: NetName=INTERNAL90 Pin=ETH1_U_HEADER_WRP11-11
Removed Pin From Net: NetName=INTERNAL91 Pin=ETH1_U_HEADER_WRP11-12
Removed Pin From Net: NetName=INTERNAL92 Pin=ETH1_U_HEADER_WRP11-13
Removed Pin From Net: NetName=INTERNAL93 Pin=ETH1_U_HEADER_WRP11-14
Removed Pin From Net: NetName=INTERNAL94 Pin=ETH1_U_HEADER_WRP11-15
Removed Pin From Net: NetName=INTERNAL95 Pin=ETH1_U_HEADER_WRP11-16
Removed Pin From Net: NetName=GND Pin=ETH1_U_HEADER_WRP11-17
Removed Pin From Net: NetName=INSIDE95 Pin=ETH1_U_HEADER_WRP11-25
Removed Pin From Net: NetName=INSIDE94 Pin=ETH1_U_HEADER_WRP11-26
Removed Pin From Net: NetName=INSIDE93 Pin=ETH1_U_HEADER_WRP11-27
Removed Pin From Net: NetName=INSIDE92 Pin=ETH1_U_HEADER_WRP11-28
Removed Pin From Net: NetName=INSIDE91 Pin=ETH1_U_HEADER_WRP11-29
Removed Pin From Net: NetName=INSIDE90 Pin=ETH1_U_HEADER_WRP11-30
Removed Pin From Net: NetName=INSIDE89 Pin=ETH1_U_HEADER_WRP11-31
Removed Pin From Net: NetName=INSIDE88 Pin=ETH1_U_HEADER_WRP11-32
Removed Pin From Net: NetName=INSIDE87 Pin=ETH1_U_HEADER_WRP11-33
Removed Pin From Net: NetName=INSIDE86 Pin=ETH1_U_HEADER_WRP11-34
Removed Pin From Net: NetName=INSIDE85 Pin=ETH1_U_HEADER_WRP11-35
Removed Pin From Net: NetName=INSIDE84 Pin=ETH1_U_HEADER_WRP11-36
Removed Pin From Net: NetName=INSIDE83 Pin=ETH1_U_HEADER_WRP11-37
Removed Pin From Net: NetName=INSIDE82 Pin=ETH1_U_HEADER_WRP11-38
Removed Pin From Net: NetName=INSIDE81 Pin=ETH1_U_HEADER_WRP11-39
Removed Pin From Net: NetName=INSIDE80 Pin=ETH1_U_HEADER_WRP11-40
Removed Pin From Net: NetName=INTERNAL64 Pin=ETH1_U_HEADER_WRP12-1
Removed Pin From Net: NetName=INTERNAL65 Pin=ETH1_U_HEADER_WRP12-2
Removed Pin From Net: NetName=INTERNAL66 Pin=ETH1_U_HEADER_WRP12-3
Removed Pin From Net: NetName=INTERNAL67 Pin=ETH1_U_HEADER_WRP12-4
Removed Pin From Net: NetName=INTERNAL68 Pin=ETH1_U_HEADER_WRP12-5
Removed Pin From Net: NetName=INTERNAL69 Pin=ETH1_U_HEADER_WRP12-6
Removed Pin From Net: NetName=INTERNAL70 Pin=ETH1_U_HEADER_WRP12-7
Removed Pin From Net: NetName=INTERNAL71 Pin=ETH1_U_HEADER_WRP12-8
Removed Pin From Net: NetName=INTERNAL72 Pin=ETH1_U_HEADER_WRP12-9
Removed Pin From Net: NetName=INTERNAL73 Pin=ETH1_U_HEADER_WRP12-10
Removed Pin From Net: NetName=INTERNAL74 Pin=ETH1_U_HEADER_WRP12-11
Removed Pin From Net: NetName=INTERNAL75 Pin=ETH1_U_HEADER_WRP12-12
Removed Pin From Net: NetName=INTERNAL76 Pin=ETH1_U_HEADER_WRP12-13
Removed Pin From Net: NetName=INTERNAL77 Pin=ETH1_U_HEADER_WRP12-14
Removed Pin From Net: NetName=INTERNAL78 Pin=ETH1_U_HEADER_WRP12-15
Removed Pin From Net: NetName=INTERNAL79 Pin=ETH1_U_HEADER_WRP12-16
Removed Pin From Net: NetName=GND Pin=ETH1_U_HEADER_WRP12-17
Removed Pin From Net: NetName=GND Pin=ETH1_U_HEADER_WRP12-18
Removed Pin From Net: NetName=INSIDE79 Pin=ETH1_U_HEADER_WRP12-25
Removed Pin From Net: NetName=INSIDE78 Pin=ETH1_U_HEADER_WRP12-26
Removed Pin From Net: NetName=INSIDE77 Pin=ETH1_U_HEADER_WRP12-27
Removed Pin From Net: NetName=INSIDE76 Pin=ETH1_U_HEADER_WRP12-28
Removed Pin From Net: NetName=INSIDE75 Pin=ETH1_U_HEADER_WRP12-29
Removed Pin From Net: NetName=INSIDE74 Pin=ETH1_U_HEADER_WRP12-30
Removed Pin From Net: NetName=INSIDE73 Pin=ETH1_U_HEADER_WRP12-31
Removed Pin From Net: NetName=INSIDE72 Pin=ETH1_U_HEADER_WRP12-32
Removed Pin From Net: NetName=INSIDE71 Pin=ETH1_U_HEADER_WRP12-33
Removed Pin From Net: NetName=INSIDE70 Pin=ETH1_U_HEADER_WRP12-34
Removed Pin From Net: NetName=INSIDE69 Pin=ETH1_U_HEADER_WRP12-35
Removed Pin From Net: NetName=INSIDE68 Pin=ETH1_U_HEADER_WRP12-36
Removed Pin From Net: NetName=INSIDE67 Pin=ETH1_U_HEADER_WRP12-37
Removed Pin From Net: NetName=INSIDE66 Pin=ETH1_U_HEADER_WRP12-38
Removed Pin From Net: NetName=INSIDE65 Pin=ETH1_U_HEADER_WRP12-39
Removed Pin From Net: NetName=INSIDE64 Pin=ETH1_U_HEADER_WRP12-40
Removed Pin From Net: NetName=INTERNAL48 Pin=ETH1_U_HEADER_WRP13-1
Removed Pin From Net: NetName=INTERNAL49 Pin=ETH1_U_HEADER_WRP13-2
Removed Pin From Net: NetName=INTERNAL50 Pin=ETH1_U_HEADER_WRP13-3
Removed Pin From Net: NetName=INTERNAL51 Pin=ETH1_U_HEADER_WRP13-4
Removed Pin From Net: NetName=INTERNAL52 Pin=ETH1_U_HEADER_WRP13-5
Removed Pin From Net: NetName=INTERNAL53 Pin=ETH1_U_HEADER_WRP13-6
Removed Pin From Net: NetName=INTERNAL54 Pin=ETH1_U_HEADER_WRP13-7
Removed Pin From Net: NetName=INTERNAL55 Pin=ETH1_U_HEADER_WRP13-8
Removed Pin From Net: NetName=INTERNAL56 Pin=ETH1_U_HEADER_WRP13-9
Removed Pin From Net: NetName=INTERNAL57 Pin=ETH1_U_HEADER_WRP13-10
Removed Pin From Net: NetName=INTERNAL58 Pin=ETH1_U_HEADER_WRP13-11
Removed Pin From Net: NetName=INTERNAL59 Pin=ETH1_U_HEADER_WRP13-12
Removed Pin From Net: NetName=INTERNAL60 Pin=ETH1_U_HEADER_WRP13-13
Removed Pin From Net: NetName=INTERNAL61 Pin=ETH1_U_HEADER_WRP13-14
Removed Pin From Net: NetName=INTERNAL62 Pin=ETH1_U_HEADER_WRP13-15
Removed Pin From Net: NetName=INTERNAL63 Pin=ETH1_U_HEADER_WRP13-16
Removed Pin From Net: NetName=GND Pin=ETH1_U_HEADER_WRP13-17
Removed Pin From Net: NetName=INSIDE63 Pin=ETH1_U_HEADER_WRP13-25
Removed Pin From Net: NetName=INSIDE62 Pin=ETH1_U_HEADER_WRP13-26
Removed Pin From Net: NetName=INSIDE61 Pin=ETH1_U_HEADER_WRP13-27
Removed Pin From Net: NetName=INSIDE60 Pin=ETH1_U_HEADER_WRP13-28
Removed Pin From Net: NetName=INSIDE59 Pin=ETH1_U_HEADER_WRP13-29
Removed Pin From Net: NetName=INSIDE58 Pin=ETH1_U_HEADER_WRP13-30
Removed Pin From Net: NetName=INSIDE57 Pin=ETH1_U_HEADER_WRP13-31
Removed Pin From Net: NetName=INSIDE56 Pin=ETH1_U_HEADER_WRP13-32
Removed Pin From Net: NetName=INSIDE55 Pin=ETH1_U_HEADER_WRP13-33
Removed Pin From Net: NetName=INSIDE54 Pin=ETH1_U_HEADER_WRP13-34
Removed Pin From Net: NetName=INSIDE53 Pin=ETH1_U_HEADER_WRP13-35
Removed Pin From Net: NetName=INSIDE52 Pin=ETH1_U_HEADER_WRP13-36
Removed Pin From Net: NetName=INSIDE51 Pin=ETH1_U_HEADER_WRP13-37
Removed Pin From Net: NetName=INSIDE50 Pin=ETH1_U_HEADER_WRP13-38
Removed Pin From Net: NetName=INSIDE49 Pin=ETH1_U_HEADER_WRP13-39
Removed Pin From Net: NetName=INSIDE48 Pin=ETH1_U_HEADER_WRP13-40
Removed Pin From Net: NetName=INTERNAL32 Pin=ETH1_U_HEADER_WRP14-1
Removed Pin From Net: NetName=INTERNAL33 Pin=ETH1_U_HEADER_WRP14-2
Removed Pin From Net: NetName=INTERNAL34 Pin=ETH1_U_HEADER_WRP14-3
Removed Pin From Net: NetName=INTERNAL35 Pin=ETH1_U_HEADER_WRP14-4
Removed Pin From Net: NetName=INTERNAL36 Pin=ETH1_U_HEADER_WRP14-5
Removed Pin From Net: NetName=INTERNAL37 Pin=ETH1_U_HEADER_WRP14-6
Removed Pin From Net: NetName=INTERNAL38 Pin=ETH1_U_HEADER_WRP14-7
Removed Pin From Net: NetName=INTERNAL39 Pin=ETH1_U_HEADER_WRP14-8
Removed Pin From Net: NetName=INTERNAL40 Pin=ETH1_U_HEADER_WRP14-9
Removed Pin From Net: NetName=INTERNAL41 Pin=ETH1_U_HEADER_WRP14-10
Removed Pin From Net: NetName=INTERNAL42 Pin=ETH1_U_HEADER_WRP14-11
Removed Pin From Net: NetName=INTERNAL43 Pin=ETH1_U_HEADER_WRP14-12
Removed Pin From Net: NetName=INTERNAL44 Pin=ETH1_U_HEADER_WRP14-13
Removed Pin From Net: NetName=INTERNAL45 Pin=ETH1_U_HEADER_WRP14-14
Removed Pin From Net: NetName=INTERNAL46 Pin=ETH1_U_HEADER_WRP14-15
Removed Pin From Net: NetName=INTERNAL47 Pin=ETH1_U_HEADER_WRP14-16
Removed Pin From Net: NetName=GND Pin=ETH1_U_HEADER_WRP14-17
Removed Pin From Net: NetName=GND Pin=ETH1_U_HEADER_WRP14-18
Removed Pin From Net: NetName=GND Pin=ETH1_U_HEADER_WRP14-19
Removed Pin From Net: NetName=GND Pin=ETH1_U_HEADER_WRP14-22
Removed Pin From Net: NetName=GND Pin=ETH1_U_HEADER_WRP14-23
Removed Pin From Net: NetName=GND Pin=ETH1_U_HEADER_WRP14-24
Removed Pin From Net: NetName=INSIDE47 Pin=ETH1_U_HEADER_WRP14-25
Removed Pin From Net: NetName=INSIDE46 Pin=ETH1_U_HEADER_WRP14-26
Removed Pin From Net: NetName=INSIDE45 Pin=ETH1_U_HEADER_WRP14-27
Removed Pin From Net: NetName=INSIDE44 Pin=ETH1_U_HEADER_WRP14-28
Removed Pin From Net: NetName=INSIDE43 Pin=ETH1_U_HEADER_WRP14-29
Removed Pin From Net: NetName=INSIDE42 Pin=ETH1_U_HEADER_WRP14-30
Removed Pin From Net: NetName=INSIDE41 Pin=ETH1_U_HEADER_WRP14-31
Removed Pin From Net: NetName=INSIDE40 Pin=ETH1_U_HEADER_WRP14-32
Removed Pin From Net: NetName=INSIDE39 Pin=ETH1_U_HEADER_WRP14-33
Removed Pin From Net: NetName=INSIDE38 Pin=ETH1_U_HEADER_WRP14-34
Removed Pin From Net: NetName=INSIDE37 Pin=ETH1_U_HEADER_WRP14-35
Removed Pin From Net: NetName=INSIDE36 Pin=ETH1_U_HEADER_WRP14-36
Removed Pin From Net: NetName=INSIDE35 Pin=ETH1_U_HEADER_WRP14-37
Removed Pin From Net: NetName=INSIDE34 Pin=ETH1_U_HEADER_WRP14-38
Removed Pin From Net: NetName=INSIDE33 Pin=ETH1_U_HEADER_WRP14-39
Removed Pin From Net: NetName=INSIDE32 Pin=ETH1_U_HEADER_WRP14-40
Removed Pin From Net: NetName=INTERNAL16 Pin=ETH1_U_HEADER_WRP15-1
Removed Pin From Net: NetName=INTERNAL17 Pin=ETH1_U_HEADER_WRP15-2
Removed Pin From Net: NetName=INTERNAL18 Pin=ETH1_U_HEADER_WRP15-3
Removed Pin From Net: NetName=INTERNAL19 Pin=ETH1_U_HEADER_WRP15-4
Removed Pin From Net: NetName=INTERNAL20 Pin=ETH1_U_HEADER_WRP15-5
Removed Pin From Net: NetName=INTERNAL21 Pin=ETH1_U_HEADER_WRP15-6
Removed Pin From Net: NetName=INTERNAL22 Pin=ETH1_U_HEADER_WRP15-7
Removed Pin From Net: NetName=INTERNAL23 Pin=ETH1_U_HEADER_WRP15-8
Removed Pin From Net: NetName=INTERNAL24 Pin=ETH1_U_HEADER_WRP15-9
Removed Pin From Net: NetName=INTERNAL25 Pin=ETH1_U_HEADER_WRP15-10
Removed Pin From Net: NetName=INTERNAL26 Pin=ETH1_U_HEADER_WRP15-11
Removed Pin From Net: NetName=INTERNAL27 Pin=ETH1_U_HEADER_WRP15-12
Removed Pin From Net: NetName=INTERNAL28 Pin=ETH1_U_HEADER_WRP15-13
Removed Pin From Net: NetName=INTERNAL29 Pin=ETH1_U_HEADER_WRP15-14
Removed Pin From Net: NetName=INTERNAL30 Pin=ETH1_U_HEADER_WRP15-15
Removed Pin From Net: NetName=INTERNAL31 Pin=ETH1_U_HEADER_WRP15-16
Removed Pin From Net: NetName=INSIDE31 Pin=ETH1_U_HEADER_WRP15-25
Removed Pin From Net: NetName=INSIDE30 Pin=ETH1_U_HEADER_WRP15-26
Removed Pin From Net: NetName=INSIDE29 Pin=ETH1_U_HEADER_WRP15-27
Removed Pin From Net: NetName=INSIDE28 Pin=ETH1_U_HEADER_WRP15-28
Removed Pin From Net: NetName=INSIDE27 Pin=ETH1_U_HEADER_WRP15-29
Removed Pin From Net: NetName=INSIDE26 Pin=ETH1_U_HEADER_WRP15-30
Removed Pin From Net: NetName=INSIDE25 Pin=ETH1_U_HEADER_WRP15-31
Removed Pin From Net: NetName=INSIDE24 Pin=ETH1_U_HEADER_WRP15-32
Removed Pin From Net: NetName=INSIDE23 Pin=ETH1_U_HEADER_WRP15-33
Removed Pin From Net: NetName=INSIDE22 Pin=ETH1_U_HEADER_WRP15-34
Removed Pin From Net: NetName=INSIDE21 Pin=ETH1_U_HEADER_WRP15-35
Removed Pin From Net: NetName=INSIDE20 Pin=ETH1_U_HEADER_WRP15-36
Removed Pin From Net: NetName=INSIDE19 Pin=ETH1_U_HEADER_WRP15-37
Removed Pin From Net: NetName=INSIDE18 Pin=ETH1_U_HEADER_WRP15-38
Removed Pin From Net: NetName=INSIDE17 Pin=ETH1_U_HEADER_WRP15-39
Removed Pin From Net: NetName=INSIDE16 Pin=ETH1_U_HEADER_WRP15-40
Removed Pin From Net: NetName=INTERNAL0 Pin=ETH1_U_HEADER_WRP16-1
Removed Pin From Net: NetName=INTERNAL1 Pin=ETH1_U_HEADER_WRP16-2
Removed Pin From Net: NetName=INTERNAL2 Pin=ETH1_U_HEADER_WRP16-3
Removed Pin From Net: NetName=INTERNAL3 Pin=ETH1_U_HEADER_WRP16-4
Removed Pin From Net: NetName=INTERNAL4 Pin=ETH1_U_HEADER_WRP16-5
Removed Pin From Net: NetName=INTERNAL5 Pin=ETH1_U_HEADER_WRP16-6
Removed Pin From Net: NetName=INTERNAL6 Pin=ETH1_U_HEADER_WRP16-7
Removed Pin From Net: NetName=INTERNAL7 Pin=ETH1_U_HEADER_WRP16-8
Removed Pin From Net: NetName=INTERNAL8 Pin=ETH1_U_HEADER_WRP16-9
Removed Pin From Net: NetName=INTERNAL9 Pin=ETH1_U_HEADER_WRP16-10
Removed Pin From Net: NetName=INTERNAL10 Pin=ETH1_U_HEADER_WRP16-11
Removed Pin From Net: NetName=INTERNAL11 Pin=ETH1_U_HEADER_WRP16-12
Removed Pin From Net: NetName=INTERNAL12 Pin=ETH1_U_HEADER_WRP16-13
Removed Pin From Net: NetName=INTERNAL13 Pin=ETH1_U_HEADER_WRP16-14
Removed Pin From Net: NetName=INTERNAL14 Pin=ETH1_U_HEADER_WRP16-15
Removed Pin From Net: NetName=INTERNAL15 Pin=ETH1_U_HEADER_WRP16-16
Removed Pin From Net: NetName=GND Pin=ETH1_U_HEADER_WRP16-17
Removed Pin From Net: NetName=GND Pin=ETH1_U_HEADER_WRP16-18
Removed Pin From Net: NetName=GND Pin=ETH1_U_HEADER_WRP16-22
Removed Pin From Net: NetName=GND Pin=ETH1_U_HEADER_WRP16-23
Removed Pin From Net: NetName=GND Pin=ETH1_U_HEADER_WRP16-24
Removed Pin From Net: NetName=INSIDE15 Pin=ETH1_U_HEADER_WRP16-25
Removed Pin From Net: NetName=INSIDE14 Pin=ETH1_U_HEADER_WRP16-26
Removed Pin From Net: NetName=INSIDE13 Pin=ETH1_U_HEADER_WRP16-27
Removed Pin From Net: NetName=INSIDE12 Pin=ETH1_U_HEADER_WRP16-28
Removed Pin From Net: NetName=INSIDE11 Pin=ETH1_U_HEADER_WRP16-29
Removed Pin From Net: NetName=INSIDE10 Pin=ETH1_U_HEADER_WRP16-30
Removed Pin From Net: NetName=INSIDE9 Pin=ETH1_U_HEADER_WRP16-31
Removed Pin From Net: NetName=INSIDE8 Pin=ETH1_U_HEADER_WRP16-32
Removed Pin From Net: NetName=INSIDE7 Pin=ETH1_U_HEADER_WRP16-33
Removed Pin From Net: NetName=INSIDE6 Pin=ETH1_U_HEADER_WRP16-34
Removed Pin From Net: NetName=INSIDE5 Pin=ETH1_U_HEADER_WRP16-35
Removed Pin From Net: NetName=INSIDE4 Pin=ETH1_U_HEADER_WRP16-36
Removed Pin From Net: NetName=INSIDE3 Pin=ETH1_U_HEADER_WRP16-37
Removed Pin From Net: NetName=INSIDE2 Pin=ETH1_U_HEADER_WRP16-38
Removed Pin From Net: NetName=INSIDE1 Pin=ETH1_U_HEADER_WRP16-39
Removed Pin From Net: NetName=INSIDE0 Pin=ETH1_U_HEADER_WRP16-40
Added Component: Designator=0.1uF_1_U_VT_WRP1(0.1uF_0603)
Added Component: Designator=0.1uF_1_U_VT_WRP2(0.1uF_0603)
Added Component: Designator=0.1uF_1_U_VT_WRP3(0.1uF_0603)
Added Component: Designator=0.1uF_1_U_VT_WRP4(0.1uF_0603)
Added Component: Designator=0.1uF_1_U_VT_WRP5(0.1uF_0603)
Added Component: Designator=0.1uF_1_U_VT_WRP6(0.1uF_0603)
Added Component: Designator=0.1uF_1_U_VT_WRP7(0.1uF_0603)
Added Component: Designator=0.1uF_1_U_VT_WRP8(0.1uF_0603)
Added Component: Designator=0.1uF_1_U_VT_WRP9(0.1uF_0603)
Added Component: Designator=0.1uF_1_U_VT_WRP10(0.1uF_0603)
Added Component: Designator=0.1uF_1_U_VT_WRP11(0.1uF_0603)
Added Component: Designator=0.1uF_1_U_VT_WRP12(0.1uF_0603)
Added Component: Designator=0.1uF_1_U_VT_WRP13(0.1uF_0603)
Added Component: Designator=0.1uF_1_U_VT_WRP14(0.1uF_0603)
Added Component: Designator=0.1uF_1_U_VT_WRP15(0.1uF_0603)
Added Component: Designator=0.1uF_1_U_VT_WRP16(0.1uF_0603)
Added Component: Designator=0.1uF_2_U_VT_WRP1(0.1uF_0603)
Added Component: Designator=0.1uF_2_U_VT_WRP2(0.1uF_0603)
Added Component: Designator=0.1uF_2_U_VT_WRP3(0.1uF_0603)
Added Component: Designator=0.1uF_2_U_VT_WRP4(0.1uF_0603)
Added Component: Designator=0.1uF_2_U_VT_WRP5(0.1uF_0603)
Added Component: Designator=0.1uF_2_U_VT_WRP6(0.1uF_0603)
Added Component: Designator=0.1uF_2_U_VT_WRP7(0.1uF_0603)
Added Component: Designator=0.1uF_2_U_VT_WRP8(0.1uF_0603)
Added Component: Designator=0.1uF_2_U_VT_WRP9(0.1uF_0603)
Added Component: Designator=0.1uF_2_U_VT_WRP10(0.1uF_0603)
Added Component: Designator=0.1uF_2_U_VT_WRP11(0.1uF_0603)
Added Component: Designator=0.1uF_2_U_VT_WRP12(0.1uF_0603)
Added Component: Designator=0.1uF_2_U_VT_WRP13(0.1uF_0603)
Added Component: Designator=0.1uF_2_U_VT_WRP14(0.1uF_0603)
Added Component: Designator=0.1uF_2_U_VT_WRP15(0.1uF_0603)
Added Component: Designator=0.1uF_2_U_VT_WRP16(0.1uF_0603)
Added Pin To Net: NetName=3V3 Pin=0.1uF_1_U_VT_WRP1-1
Added Pin To Net: NetName=3V3 Pin=0.1uF_1_U_VT_WRP2-1
Added Pin To Net: NetName=3V3 Pin=0.1uF_1_U_VT_WRP3-1
Added Pin To Net: NetName=3V3 Pin=0.1uF_1_U_VT_WRP4-1
Added Pin To Net: NetName=3V3 Pin=0.1uF_1_U_VT_WRP5-1
Added Pin To Net: NetName=3V3 Pin=0.1uF_1_U_VT_WRP6-1
Added Pin To Net: NetName=3V3 Pin=0.1uF_1_U_VT_WRP7-1
Added Pin To Net: NetName=3V3 Pin=0.1uF_1_U_VT_WRP8-1
Added Pin To Net: NetName=3V3 Pin=0.1uF_1_U_VT_WRP9-1
Added Pin To Net: NetName=3V3 Pin=0.1uF_1_U_VT_WRP10-1
Added Pin To Net: NetName=3V3 Pin=0.1uF_1_U_VT_WRP11-1
Added Pin To Net: NetName=3V3 Pin=0.1uF_1_U_VT_WRP12-1
Added Pin To Net: NetName=3V3 Pin=0.1uF_1_U_VT_WRP13-1
Added Pin To Net: NetName=3V3 Pin=0.1uF_1_U_VT_WRP14-1
Added Pin To Net: NetName=3V3 Pin=0.1uF_1_U_VT_WRP15-1
Added Pin To Net: NetName=3V3 Pin=0.1uF_1_U_VT_WRP16-1
Added Pin To Net: NetName=VCC Pin=0.1uF_2_U_VT_WRP1-1
Added Pin To Net: NetName=VCC Pin=0.1uF_2_U_VT_WRP2-1
Added Pin To Net: NetName=VCC Pin=0.1uF_2_U_VT_WRP3-1
Added Pin To Net: NetName=VCC Pin=0.1uF_2_U_VT_WRP4-1
Added Pin To Net: NetName=VCC Pin=0.1uF_2_U_VT_WRP5-1
Added Pin To Net: NetName=VCC Pin=0.1uF_2_U_VT_WRP6-1
Added Pin To Net: NetName=VCC Pin=0.1uF_2_U_VT_WRP7-1
Added Pin To Net: NetName=VCC Pin=0.1uF_2_U_VT_WRP8-1
Added Pin To Net: NetName=VCC Pin=0.1uF_2_U_VT_WRP9-1
Added Pin To Net: NetName=VCC Pin=0.1uF_2_U_VT_WRP10-1
Added Pin To Net: NetName=VCC Pin=0.1uF_2_U_VT_WRP11-1
Added Pin To Net: NetName=VCC Pin=0.1uF_2_U_VT_WRP12-1
Added Pin To Net: NetName=VCC Pin=0.1uF_2_U_VT_WRP13-1
Added Pin To Net: NetName=VCC Pin=0.1uF_2_U_VT_WRP14-1
Added Pin To Net: NetName=VCC Pin=0.1uF_2_U_VT_WRP15-1
Added Pin To Net: NetName=VCC Pin=0.1uF_2_U_VT_WRP16-1
Added Pin To Net: NetName=INTERNAL112 Pin=ETH1_U_HEADER_WRP1-1
Added Pin To Net: NetName=INTERNAL113 Pin=ETH1_U_HEADER_WRP1-2
Added Pin To Net: NetName=INTERNAL114 Pin=ETH1_U_HEADER_WRP1-3
Added Pin To Net: NetName=INTERNAL115 Pin=ETH1_U_HEADER_WRP1-4
Added Pin To Net: NetName=INTERNAL116 Pin=ETH1_U_HEADER_WRP1-5
Added Pin To Net: NetName=INTERNAL117 Pin=ETH1_U_HEADER_WRP1-6
Added Pin To Net: NetName=INTERNAL118 Pin=ETH1_U_HEADER_WRP1-7
Added Pin To Net: NetName=INTERNAL119 Pin=ETH1_U_HEADER_WRP1-8
Added Pin To Net: NetName=INTERNAL120 Pin=ETH1_U_HEADER_WRP1-9
Added Pin To Net: NetName=INTERNAL121 Pin=ETH1_U_HEADER_WRP1-10
Added Pin To Net: NetName=INTERNAL122 Pin=ETH1_U_HEADER_WRP1-11
Added Pin To Net: NetName=INTERNAL123 Pin=ETH1_U_HEADER_WRP1-12
Added Pin To Net: NetName=INTERNAL124 Pin=ETH1_U_HEADER_WRP1-13
Added Pin To Net: NetName=INTERNAL125 Pin=ETH1_U_HEADER_WRP1-14
Added Pin To Net: NetName=INTERNAL126 Pin=ETH1_U_HEADER_WRP1-15
Added Pin To Net: NetName=INTERNAL127 Pin=ETH1_U_HEADER_WRP1-16
Added Pin To Net: NetName=INSIDE127 Pin=ETH1_U_HEADER_WRP1-25
Added Pin To Net: NetName=INSIDE126 Pin=ETH1_U_HEADER_WRP1-26
Added Pin To Net: NetName=INSIDE125 Pin=ETH1_U_HEADER_WRP1-27
Added Pin To Net: NetName=INSIDE124 Pin=ETH1_U_HEADER_WRP1-28
Added Pin To Net: NetName=INSIDE123 Pin=ETH1_U_HEADER_WRP1-29
Added Pin To Net: NetName=INSIDE122 Pin=ETH1_U_HEADER_WRP1-30
Added Pin To Net: NetName=INSIDE121 Pin=ETH1_U_HEADER_WRP1-31
Added Pin To Net: NetName=INSIDE120 Pin=ETH1_U_HEADER_WRP1-32
Added Pin To Net: NetName=INSIDE119 Pin=ETH1_U_HEADER_WRP1-33
Added Pin To Net: NetName=INSIDE118 Pin=ETH1_U_HEADER_WRP1-34
Added Pin To Net: NetName=INSIDE117 Pin=ETH1_U_HEADER_WRP1-35
Added Pin To Net: NetName=INSIDE116 Pin=ETH1_U_HEADER_WRP1-36
Added Pin To Net: NetName=INSIDE115 Pin=ETH1_U_HEADER_WRP1-37
Added Pin To Net: NetName=INSIDE114 Pin=ETH1_U_HEADER_WRP1-38
Added Pin To Net: NetName=INSIDE113 Pin=ETH1_U_HEADER_WRP1-39
Added Pin To Net: NetName=INSIDE112 Pin=ETH1_U_HEADER_WRP1-40
Added Pin To Net: NetName=INTERNAL96 Pin=ETH1_U_HEADER_WRP2-1
Added Pin To Net: NetName=INTERNAL97 Pin=ETH1_U_HEADER_WRP2-2
Added Pin To Net: NetName=INTERNAL98 Pin=ETH1_U_HEADER_WRP2-3
Added Pin To Net: NetName=INTERNAL99 Pin=ETH1_U_HEADER_WRP2-4
Added Pin To Net: NetName=INTERNAL100 Pin=ETH1_U_HEADER_WRP2-5
Added Pin To Net: NetName=INTERNAL101 Pin=ETH1_U_HEADER_WRP2-6
Added Pin To Net: NetName=INTERNAL102 Pin=ETH1_U_HEADER_WRP2-7
Added Pin To Net: NetName=INTERNAL103 Pin=ETH1_U_HEADER_WRP2-8
Added Pin To Net: NetName=INTERNAL104 Pin=ETH1_U_HEADER_WRP2-9
Added Pin To Net: NetName=INTERNAL105 Pin=ETH1_U_HEADER_WRP2-10
Added Pin To Net: NetName=INTERNAL106 Pin=ETH1_U_HEADER_WRP2-11
Added Pin To Net: NetName=INTERNAL107 Pin=ETH1_U_HEADER_WRP2-12
Added Pin To Net: NetName=INTERNAL108 Pin=ETH1_U_HEADER_WRP2-13
Added Pin To Net: NetName=INTERNAL109 Pin=ETH1_U_HEADER_WRP2-14
Added Pin To Net: NetName=INTERNAL110 Pin=ETH1_U_HEADER_WRP2-15
Added Pin To Net: NetName=INTERNAL111 Pin=ETH1_U_HEADER_WRP2-16
Added Pin To Net: NetName=3V3 Pin=ETH1_U_HEADER_WRP2-18
Added Pin To Net: NetName=INSIDE111 Pin=ETH1_U_HEADER_WRP2-25
Added Pin To Net: NetName=INSIDE110 Pin=ETH1_U_HEADER_WRP2-26
Added Pin To Net: NetName=INSIDE109 Pin=ETH1_U_HEADER_WRP2-27
Added Pin To Net: NetName=INSIDE108 Pin=ETH1_U_HEADER_WRP2-28
Added Pin To Net: NetName=INSIDE107 Pin=ETH1_U_HEADER_WRP2-29
Added Pin To Net: NetName=INSIDE106 Pin=ETH1_U_HEADER_WRP2-30
Added Pin To Net: NetName=INSIDE105 Pin=ETH1_U_HEADER_WRP2-31
Added Pin To Net: NetName=INSIDE104 Pin=ETH1_U_HEADER_WRP2-32
Added Pin To Net: NetName=INSIDE103 Pin=ETH1_U_HEADER_WRP2-33
Added Pin To Net: NetName=INSIDE102 Pin=ETH1_U_HEADER_WRP2-34
Added Pin To Net: NetName=INSIDE101 Pin=ETH1_U_HEADER_WRP2-35
Added Pin To Net: NetName=INSIDE100 Pin=ETH1_U_HEADER_WRP2-36
Added Pin To Net: NetName=INSIDE99 Pin=ETH1_U_HEADER_WRP2-37
Added Pin To Net: NetName=INSIDE98 Pin=ETH1_U_HEADER_WRP2-38
Added Pin To Net: NetName=INSIDE97 Pin=ETH1_U_HEADER_WRP2-39
Added Pin To Net: NetName=INSIDE96 Pin=ETH1_U_HEADER_WRP2-40
Added Pin To Net: NetName=INTERNAL80 Pin=ETH1_U_HEADER_WRP3-1
Added Pin To Net: NetName=INTERNAL81 Pin=ETH1_U_HEADER_WRP3-2
Added Pin To Net: NetName=INTERNAL82 Pin=ETH1_U_HEADER_WRP3-3
Added Pin To Net: NetName=INTERNAL83 Pin=ETH1_U_HEADER_WRP3-4
Added Pin To Net: NetName=INTERNAL84 Pin=ETH1_U_HEADER_WRP3-5
Added Pin To Net: NetName=INTERNAL85 Pin=ETH1_U_HEADER_WRP3-6
Added Pin To Net: NetName=INTERNAL86 Pin=ETH1_U_HEADER_WRP3-7
Added Pin To Net: NetName=INTERNAL87 Pin=ETH1_U_HEADER_WRP3-8
Added Pin To Net: NetName=INTERNAL88 Pin=ETH1_U_HEADER_WRP3-9
Added Pin To Net: NetName=INTERNAL89 Pin=ETH1_U_HEADER_WRP3-10
Added Pin To Net: NetName=INTERNAL90 Pin=ETH1_U_HEADER_WRP3-11
Added Pin To Net: NetName=INTERNAL91 Pin=ETH1_U_HEADER_WRP3-12
Added Pin To Net: NetName=INTERNAL92 Pin=ETH1_U_HEADER_WRP3-13
Added Pin To Net: NetName=INTERNAL93 Pin=ETH1_U_HEADER_WRP3-14
Added Pin To Net: NetName=INTERNAL94 Pin=ETH1_U_HEADER_WRP3-15
Added Pin To Net: NetName=INTERNAL95 Pin=ETH1_U_HEADER_WRP3-16
Added Pin To Net: NetName=VCC Pin=ETH1_U_HEADER_WRP3-17
Added Pin To Net: NetName=INSIDE95 Pin=ETH1_U_HEADER_WRP3-25
Added Pin To Net: NetName=INSIDE94 Pin=ETH1_U_HEADER_WRP3-26
Added Pin To Net: NetName=INSIDE93 Pin=ETH1_U_HEADER_WRP3-27
Added Pin To Net: NetName=INSIDE92 Pin=ETH1_U_HEADER_WRP3-28
Added Pin To Net: NetName=INSIDE91 Pin=ETH1_U_HEADER_WRP3-29
Added Pin To Net: NetName=INSIDE90 Pin=ETH1_U_HEADER_WRP3-30
Added Pin To Net: NetName=INSIDE89 Pin=ETH1_U_HEADER_WRP3-31
Added Pin To Net: NetName=INSIDE88 Pin=ETH1_U_HEADER_WRP3-32
Added Pin To Net: NetName=INSIDE87 Pin=ETH1_U_HEADER_WRP3-33
Added Pin To Net: NetName=INSIDE86 Pin=ETH1_U_HEADER_WRP3-34
Added Pin To Net: NetName=INSIDE85 Pin=ETH1_U_HEADER_WRP3-35
Added Pin To Net: NetName=INSIDE84 Pin=ETH1_U_HEADER_WRP3-36
Added Pin To Net: NetName=INSIDE83 Pin=ETH1_U_HEADER_WRP3-37
Added Pin To Net: NetName=INSIDE82 Pin=ETH1_U_HEADER_WRP3-38
Added Pin To Net: NetName=INSIDE81 Pin=ETH1_U_HEADER_WRP3-39
Added Pin To Net: NetName=INSIDE80 Pin=ETH1_U_HEADER_WRP3-40
Added Pin To Net: NetName=INTERNAL64 Pin=ETH1_U_HEADER_WRP4-1
Added Pin To Net: NetName=INTERNAL65 Pin=ETH1_U_HEADER_WRP4-2
Added Pin To Net: NetName=INTERNAL66 Pin=ETH1_U_HEADER_WRP4-3
Added Pin To Net: NetName=INTERNAL67 Pin=ETH1_U_HEADER_WRP4-4
Added Pin To Net: NetName=INTERNAL68 Pin=ETH1_U_HEADER_WRP4-5
Added Pin To Net: NetName=INTERNAL69 Pin=ETH1_U_HEADER_WRP4-6
Added Pin To Net: NetName=INTERNAL70 Pin=ETH1_U_HEADER_WRP4-7
Added Pin To Net: NetName=INTERNAL71 Pin=ETH1_U_HEADER_WRP4-8
Added Pin To Net: NetName=INTERNAL72 Pin=ETH1_U_HEADER_WRP4-9
Added Pin To Net: NetName=INTERNAL73 Pin=ETH1_U_HEADER_WRP4-10
Added Pin To Net: NetName=INTERNAL74 Pin=ETH1_U_HEADER_WRP4-11
Added Pin To Net: NetName=INTERNAL75 Pin=ETH1_U_HEADER_WRP4-12
Added Pin To Net: NetName=INTERNAL76 Pin=ETH1_U_HEADER_WRP4-13
Added Pin To Net: NetName=INTERNAL77 Pin=ETH1_U_HEADER_WRP4-14
Added Pin To Net: NetName=INTERNAL78 Pin=ETH1_U_HEADER_WRP4-15
Added Pin To Net: NetName=INTERNAL79 Pin=ETH1_U_HEADER_WRP4-16
Added Pin To Net: NetName=GLOBAL_VCC Pin=ETH1_U_HEADER_WRP4-18
Added Pin To Net: NetName=INSIDE79 Pin=ETH1_U_HEADER_WRP4-25
Added Pin To Net: NetName=INSIDE78 Pin=ETH1_U_HEADER_WRP4-26
Added Pin To Net: NetName=INSIDE77 Pin=ETH1_U_HEADER_WRP4-27
Added Pin To Net: NetName=INSIDE76 Pin=ETH1_U_HEADER_WRP4-28
Added Pin To Net: NetName=INSIDE75 Pin=ETH1_U_HEADER_WRP4-29
Added Pin To Net: NetName=INSIDE74 Pin=ETH1_U_HEADER_WRP4-30
Added Pin To Net: NetName=INSIDE73 Pin=ETH1_U_HEADER_WRP4-31
Added Pin To Net: NetName=INSIDE72 Pin=ETH1_U_HEADER_WRP4-32
Added Pin To Net: NetName=INSIDE71 Pin=ETH1_U_HEADER_WRP4-33
Added Pin To Net: NetName=INSIDE70 Pin=ETH1_U_HEADER_WRP4-34
Added Pin To Net: NetName=INSIDE69 Pin=ETH1_U_HEADER_WRP4-35
Added Pin To Net: NetName=INSIDE68 Pin=ETH1_U_HEADER_WRP4-36
Added Pin To Net: NetName=INSIDE67 Pin=ETH1_U_HEADER_WRP4-37
Added Pin To Net: NetName=INSIDE66 Pin=ETH1_U_HEADER_WRP4-38
Added Pin To Net: NetName=INSIDE65 Pin=ETH1_U_HEADER_WRP4-39
Added Pin To Net: NetName=INSIDE64 Pin=ETH1_U_HEADER_WRP4-40
Added Pin To Net: NetName=INTERNAL48 Pin=ETH1_U_HEADER_WRP5-1
Added Pin To Net: NetName=INTERNAL49 Pin=ETH1_U_HEADER_WRP5-2
Added Pin To Net: NetName=INTERNAL50 Pin=ETH1_U_HEADER_WRP5-3
Added Pin To Net: NetName=INTERNAL51 Pin=ETH1_U_HEADER_WRP5-4
Added Pin To Net: NetName=INTERNAL52 Pin=ETH1_U_HEADER_WRP5-5
Added Pin To Net: NetName=INTERNAL53 Pin=ETH1_U_HEADER_WRP5-6
Added Pin To Net: NetName=INTERNAL54 Pin=ETH1_U_HEADER_WRP5-7
Added Pin To Net: NetName=INTERNAL55 Pin=ETH1_U_HEADER_WRP5-8
Added Pin To Net: NetName=INTERNAL56 Pin=ETH1_U_HEADER_WRP5-9
Added Pin To Net: NetName=INTERNAL57 Pin=ETH1_U_HEADER_WRP5-10
Added Pin To Net: NetName=INTERNAL58 Pin=ETH1_U_HEADER_WRP5-11
Added Pin To Net: NetName=INTERNAL59 Pin=ETH1_U_HEADER_WRP5-12
Added Pin To Net: NetName=INTERNAL60 Pin=ETH1_U_HEADER_WRP5-13
Added Pin To Net: NetName=INTERNAL61 Pin=ETH1_U_HEADER_WRP5-14
Added Pin To Net: NetName=INTERNAL62 Pin=ETH1_U_HEADER_WRP5-15
Added Pin To Net: NetName=INTERNAL63 Pin=ETH1_U_HEADER_WRP5-16
Added Pin To Net: NetName=EN Pin=ETH1_U_HEADER_WRP5-17
Added Pin To Net: NetName=INSIDE63 Pin=ETH1_U_HEADER_WRP5-25
Added Pin To Net: NetName=INSIDE62 Pin=ETH1_U_HEADER_WRP5-26
Added Pin To Net: NetName=INSIDE61 Pin=ETH1_U_HEADER_WRP5-27
Added Pin To Net: NetName=INSIDE60 Pin=ETH1_U_HEADER_WRP5-28
Added Pin To Net: NetName=INSIDE59 Pin=ETH1_U_HEADER_WRP5-29
Added Pin To Net: NetName=INSIDE58 Pin=ETH1_U_HEADER_WRP5-30
Added Pin To Net: NetName=INSIDE57 Pin=ETH1_U_HEADER_WRP5-31
Added Pin To Net: NetName=INSIDE56 Pin=ETH1_U_HEADER_WRP5-32
Added Pin To Net: NetName=INSIDE55 Pin=ETH1_U_HEADER_WRP5-33
Added Pin To Net: NetName=INSIDE54 Pin=ETH1_U_HEADER_WRP5-34
Added Pin To Net: NetName=INSIDE53 Pin=ETH1_U_HEADER_WRP5-35
Added Pin To Net: NetName=INSIDE52 Pin=ETH1_U_HEADER_WRP5-36
Added Pin To Net: NetName=INSIDE51 Pin=ETH1_U_HEADER_WRP5-37
Added Pin To Net: NetName=INSIDE50 Pin=ETH1_U_HEADER_WRP5-38
Added Pin To Net: NetName=INSIDE49 Pin=ETH1_U_HEADER_WRP5-39
Added Pin To Net: NetName=INSIDE48 Pin=ETH1_U_HEADER_WRP5-40
Added Pin To Net: NetName=INTERNAL32 Pin=ETH1_U_HEADER_WRP6-1
Added Pin To Net: NetName=INTERNAL33 Pin=ETH1_U_HEADER_WRP6-2
Added Pin To Net: NetName=INTERNAL34 Pin=ETH1_U_HEADER_WRP6-3
Added Pin To Net: NetName=INTERNAL35 Pin=ETH1_U_HEADER_WRP6-4
Added Pin To Net: NetName=INTERNAL36 Pin=ETH1_U_HEADER_WRP6-5
Added Pin To Net: NetName=INTERNAL37 Pin=ETH1_U_HEADER_WRP6-6
Added Pin To Net: NetName=INTERNAL38 Pin=ETH1_U_HEADER_WRP6-7
Added Pin To Net: NetName=INTERNAL39 Pin=ETH1_U_HEADER_WRP6-8
Added Pin To Net: NetName=INTERNAL40 Pin=ETH1_U_HEADER_WRP6-9
Added Pin To Net: NetName=INTERNAL41 Pin=ETH1_U_HEADER_WRP6-10
Added Pin To Net: NetName=INTERNAL42 Pin=ETH1_U_HEADER_WRP6-11
Added Pin To Net: NetName=INTERNAL43 Pin=ETH1_U_HEADER_WRP6-12
Added Pin To Net: NetName=INTERNAL44 Pin=ETH1_U_HEADER_WRP6-13
Added Pin To Net: NetName=INTERNAL45 Pin=ETH1_U_HEADER_WRP6-14
Added Pin To Net: NetName=INTERNAL46 Pin=ETH1_U_HEADER_WRP6-15
Added Pin To Net: NetName=INTERNAL47 Pin=ETH1_U_HEADER_WRP6-16
Added Pin To Net: NetName=OB_B_~MR Pin=ETH1_U_HEADER_WRP6-18
Added Pin To Net: NetName=Q_FPGA Pin=ETH1_U_HEADER_WRP6-19
Added Pin To Net: NetName=OB_B_~PL Pin=ETH1_U_HEADER_WRP6-22
Added Pin To Net: NetName=OB_B_SHCP Pin=ETH1_U_HEADER_WRP6-23
Added Pin To Net: NetName=OB_B_STCP Pin=ETH1_U_HEADER_WRP6-24
Added Pin To Net: NetName=INSIDE47 Pin=ETH1_U_HEADER_WRP6-25
Added Pin To Net: NetName=INSIDE46 Pin=ETH1_U_HEADER_WRP6-26
Added Pin To Net: NetName=INSIDE45 Pin=ETH1_U_HEADER_WRP6-27
Added Pin To Net: NetName=INSIDE44 Pin=ETH1_U_HEADER_WRP6-28
Added Pin To Net: NetName=INSIDE43 Pin=ETH1_U_HEADER_WRP6-29
Added Pin To Net: NetName=INSIDE42 Pin=ETH1_U_HEADER_WRP6-30
Added Pin To Net: NetName=INSIDE41 Pin=ETH1_U_HEADER_WRP6-31
Added Pin To Net: NetName=INSIDE40 Pin=ETH1_U_HEADER_WRP6-32
Added Pin To Net: NetName=INSIDE39 Pin=ETH1_U_HEADER_WRP6-33
Added Pin To Net: NetName=INSIDE38 Pin=ETH1_U_HEADER_WRP6-34
Added Pin To Net: NetName=INSIDE37 Pin=ETH1_U_HEADER_WRP6-35
Added Pin To Net: NetName=INSIDE36 Pin=ETH1_U_HEADER_WRP6-36
Added Pin To Net: NetName=INSIDE35 Pin=ETH1_U_HEADER_WRP6-37
Added Pin To Net: NetName=INSIDE34 Pin=ETH1_U_HEADER_WRP6-38
Added Pin To Net: NetName=INSIDE33 Pin=ETH1_U_HEADER_WRP6-39
Added Pin To Net: NetName=INSIDE32 Pin=ETH1_U_HEADER_WRP6-40
Added Pin To Net: NetName=INTERNAL16 Pin=ETH1_U_HEADER_WRP7-1
Added Pin To Net: NetName=INTERNAL17 Pin=ETH1_U_HEADER_WRP7-2
Added Pin To Net: NetName=INTERNAL18 Pin=ETH1_U_HEADER_WRP7-3
Added Pin To Net: NetName=INTERNAL19 Pin=ETH1_U_HEADER_WRP7-4
Added Pin To Net: NetName=INTERNAL20 Pin=ETH1_U_HEADER_WRP7-5
Added Pin To Net: NetName=INTERNAL21 Pin=ETH1_U_HEADER_WRP7-6
Added Pin To Net: NetName=INTERNAL22 Pin=ETH1_U_HEADER_WRP7-7
Added Pin To Net: NetName=INTERNAL23 Pin=ETH1_U_HEADER_WRP7-8
Added Pin To Net: NetName=INTERNAL24 Pin=ETH1_U_HEADER_WRP7-9
Added Pin To Net: NetName=INTERNAL25 Pin=ETH1_U_HEADER_WRP7-10
Added Pin To Net: NetName=INTERNAL26 Pin=ETH1_U_HEADER_WRP7-11
Added Pin To Net: NetName=INTERNAL27 Pin=ETH1_U_HEADER_WRP7-12
Added Pin To Net: NetName=INTERNAL28 Pin=ETH1_U_HEADER_WRP7-13
Added Pin To Net: NetName=INTERNAL29 Pin=ETH1_U_HEADER_WRP7-14
Added Pin To Net: NetName=INTERNAL30 Pin=ETH1_U_HEADER_WRP7-15
Added Pin To Net: NetName=INTERNAL31 Pin=ETH1_U_HEADER_WRP7-16
Added Pin To Net: NetName=INSIDE31 Pin=ETH1_U_HEADER_WRP7-25
Added Pin To Net: NetName=INSIDE30 Pin=ETH1_U_HEADER_WRP7-26
Added Pin To Net: NetName=INSIDE29 Pin=ETH1_U_HEADER_WRP7-27
Added Pin To Net: NetName=INSIDE28 Pin=ETH1_U_HEADER_WRP7-28
Added Pin To Net: NetName=INSIDE27 Pin=ETH1_U_HEADER_WRP7-29
Added Pin To Net: NetName=INSIDE26 Pin=ETH1_U_HEADER_WRP7-30
Added Pin To Net: NetName=INSIDE25 Pin=ETH1_U_HEADER_WRP7-31
Added Pin To Net: NetName=INSIDE24 Pin=ETH1_U_HEADER_WRP7-32
Added Pin To Net: NetName=INSIDE23 Pin=ETH1_U_HEADER_WRP7-33
Added Pin To Net: NetName=INSIDE22 Pin=ETH1_U_HEADER_WRP7-34
Added Pin To Net: NetName=INSIDE21 Pin=ETH1_U_HEADER_WRP7-35
Added Pin To Net: NetName=INSIDE20 Pin=ETH1_U_HEADER_WRP7-36
Added Pin To Net: NetName=INSIDE19 Pin=ETH1_U_HEADER_WRP7-37
Added Pin To Net: NetName=INSIDE18 Pin=ETH1_U_HEADER_WRP7-38
Added Pin To Net: NetName=INSIDE17 Pin=ETH1_U_HEADER_WRP7-39
Added Pin To Net: NetName=INSIDE16 Pin=ETH1_U_HEADER_WRP7-40
Added Pin To Net: NetName=INTERNAL0 Pin=ETH1_U_HEADER_WRP8-1
Added Pin To Net: NetName=INTERNAL1 Pin=ETH1_U_HEADER_WRP8-2
Added Pin To Net: NetName=INTERNAL2 Pin=ETH1_U_HEADER_WRP8-3
Added Pin To Net: NetName=INTERNAL3 Pin=ETH1_U_HEADER_WRP8-4
Added Pin To Net: NetName=INTERNAL4 Pin=ETH1_U_HEADER_WRP8-5
Added Pin To Net: NetName=INTERNAL5 Pin=ETH1_U_HEADER_WRP8-6
Added Pin To Net: NetName=INTERNAL6 Pin=ETH1_U_HEADER_WRP8-7
Added Pin To Net: NetName=INTERNAL7 Pin=ETH1_U_HEADER_WRP8-8
Added Pin To Net: NetName=INTERNAL8 Pin=ETH1_U_HEADER_WRP8-9
Added Pin To Net: NetName=INTERNAL9 Pin=ETH1_U_HEADER_WRP8-10
Added Pin To Net: NetName=INTERNAL10 Pin=ETH1_U_HEADER_WRP8-11
Added Pin To Net: NetName=INTERNAL11 Pin=ETH1_U_HEADER_WRP8-12
Added Pin To Net: NetName=INTERNAL12 Pin=ETH1_U_HEADER_WRP8-13
Added Pin To Net: NetName=INTERNAL13 Pin=ETH1_U_HEADER_WRP8-14
Added Pin To Net: NetName=INTERNAL14 Pin=ETH1_U_HEADER_WRP8-15
Added Pin To Net: NetName=INTERNAL15 Pin=ETH1_U_HEADER_WRP8-16
Added Pin To Net: NetName=CLR_COUNTER_W_U_COUNTER_WRP1 Pin=ETH1_U_HEADER_WRP8-18
Added Pin To Net: NetName=GND Pin=ETH1_U_HEADER_WRP8-20
Added Pin To Net: NetName=SRAM_~WE_B Pin=ETH1_U_HEADER_WRP8-22
Added Pin To Net: NetName=SRAM_~OE_B Pin=ETH1_U_HEADER_WRP8-23
Added Pin To Net: NetName=SRAM_~CS_B Pin=ETH1_U_HEADER_WRP8-24
Added Pin To Net: NetName=INSIDE15 Pin=ETH1_U_HEADER_WRP8-25
Added Pin To Net: NetName=INSIDE14 Pin=ETH1_U_HEADER_WRP8-26
Added Pin To Net: NetName=INSIDE13 Pin=ETH1_U_HEADER_WRP8-27
Added Pin To Net: NetName=INSIDE12 Pin=ETH1_U_HEADER_WRP8-28
Added Pin To Net: NetName=INSIDE11 Pin=ETH1_U_HEADER_WRP8-29
Added Pin To Net: NetName=INSIDE10 Pin=ETH1_U_HEADER_WRP8-30
Added Pin To Net: NetName=INSIDE9 Pin=ETH1_U_HEADER_WRP8-31
Added Pin To Net: NetName=INSIDE8 Pin=ETH1_U_HEADER_WRP8-32
Added Pin To Net: NetName=INSIDE7 Pin=ETH1_U_HEADER_WRP8-33
Added Pin To Net: NetName=INSIDE6 Pin=ETH1_U_HEADER_WRP8-34
Added Pin To Net: NetName=INSIDE5 Pin=ETH1_U_HEADER_WRP8-35
Added Pin To Net: NetName=INSIDE4 Pin=ETH1_U_HEADER_WRP8-36
Added Pin To Net: NetName=INSIDE3 Pin=ETH1_U_HEADER_WRP8-37
Added Pin To Net: NetName=INSIDE2 Pin=ETH1_U_HEADER_WRP8-38
Added Pin To Net: NetName=INSIDE1 Pin=ETH1_U_HEADER_WRP8-39
Added Pin To Net: NetName=INSIDE0 Pin=ETH1_U_HEADER_WRP8-40
Added Pin To Net: NetName=EXTERNAL112 Pin=ETH1_U_HEADER_WRP9-1
Added Pin To Net: NetName=EXTERNAL113 Pin=ETH1_U_HEADER_WRP9-2
Added Pin To Net: NetName=EXTERNAL114 Pin=ETH1_U_HEADER_WRP9-3
Added Pin To Net: NetName=EXTERNAL115 Pin=ETH1_U_HEADER_WRP9-4
Added Pin To Net: NetName=EXTERNAL116 Pin=ETH1_U_HEADER_WRP9-5
Added Pin To Net: NetName=EXTERNAL117 Pin=ETH1_U_HEADER_WRP9-6
Added Pin To Net: NetName=EXTERNAL118 Pin=ETH1_U_HEADER_WRP9-7
Added Pin To Net: NetName=EXTERNAL119 Pin=ETH1_U_HEADER_WRP9-8
Added Pin To Net: NetName=EXTERNAL120 Pin=ETH1_U_HEADER_WRP9-9
Added Pin To Net: NetName=EXTERNAL121 Pin=ETH1_U_HEADER_WRP9-10
Added Pin To Net: NetName=EXTERNAL122 Pin=ETH1_U_HEADER_WRP9-11
Added Pin To Net: NetName=EXTERNAL123 Pin=ETH1_U_HEADER_WRP9-12
Added Pin To Net: NetName=EXTERNAL124 Pin=ETH1_U_HEADER_WRP9-13
Added Pin To Net: NetName=EXTERNAL125 Pin=ETH1_U_HEADER_WRP9-14
Added Pin To Net: NetName=EXTERNAL126 Pin=ETH1_U_HEADER_WRP9-15
Added Pin To Net: NetName=EXTERNAL127 Pin=ETH1_U_HEADER_WRP9-16
Added Pin To Net: NetName=INTERNAL127 Pin=ETH1_U_HEADER_WRP9-25
Added Pin To Net: NetName=INTERNAL126 Pin=ETH1_U_HEADER_WRP9-26
Added Pin To Net: NetName=INTERNAL125 Pin=ETH1_U_HEADER_WRP9-27
Added Pin To Net: NetName=INTERNAL124 Pin=ETH1_U_HEADER_WRP9-28
Added Pin To Net: NetName=INTERNAL123 Pin=ETH1_U_HEADER_WRP9-29
Added Pin To Net: NetName=INTERNAL122 Pin=ETH1_U_HEADER_WRP9-30
Added Pin To Net: NetName=INTERNAL121 Pin=ETH1_U_HEADER_WRP9-31
Added Pin To Net: NetName=INTERNAL120 Pin=ETH1_U_HEADER_WRP9-32
Added Pin To Net: NetName=INTERNAL119 Pin=ETH1_U_HEADER_WRP9-33
Added Pin To Net: NetName=INTERNAL118 Pin=ETH1_U_HEADER_WRP9-34
Added Pin To Net: NetName=INTERNAL117 Pin=ETH1_U_HEADER_WRP9-35
Added Pin To Net: NetName=INTERNAL116 Pin=ETH1_U_HEADER_WRP9-36
Added Pin To Net: NetName=INTERNAL115 Pin=ETH1_U_HEADER_WRP9-37
Added Pin To Net: NetName=INTERNAL114 Pin=ETH1_U_HEADER_WRP9-38
Added Pin To Net: NetName=INTERNAL113 Pin=ETH1_U_HEADER_WRP9-39
Added Pin To Net: NetName=INTERNAL112 Pin=ETH1_U_HEADER_WRP9-40
Added Pin To Net: NetName=EXTERNAL96 Pin=ETH1_U_HEADER_WRP10-1
Added Pin To Net: NetName=EXTERNAL97 Pin=ETH1_U_HEADER_WRP10-2
Added Pin To Net: NetName=EXTERNAL98 Pin=ETH1_U_HEADER_WRP10-3
Added Pin To Net: NetName=EXTERNAL99 Pin=ETH1_U_HEADER_WRP10-4
Added Pin To Net: NetName=EXTERNAL100 Pin=ETH1_U_HEADER_WRP10-5
Added Pin To Net: NetName=EXTERNAL101 Pin=ETH1_U_HEADER_WRP10-6
Added Pin To Net: NetName=EXTERNAL102 Pin=ETH1_U_HEADER_WRP10-7
Added Pin To Net: NetName=EXTERNAL103 Pin=ETH1_U_HEADER_WRP10-8
Added Pin To Net: NetName=EXTERNAL104 Pin=ETH1_U_HEADER_WRP10-9
Added Pin To Net: NetName=EXTERNAL105 Pin=ETH1_U_HEADER_WRP10-10
Added Pin To Net: NetName=EXTERNAL106 Pin=ETH1_U_HEADER_WRP10-11
Added Pin To Net: NetName=EXTERNAL107 Pin=ETH1_U_HEADER_WRP10-12
Added Pin To Net: NetName=EXTERNAL108 Pin=ETH1_U_HEADER_WRP10-13
Added Pin To Net: NetName=EXTERNAL109 Pin=ETH1_U_HEADER_WRP10-14
Added Pin To Net: NetName=EXTERNAL110 Pin=ETH1_U_HEADER_WRP10-15
Added Pin To Net: NetName=EXTERNAL111 Pin=ETH1_U_HEADER_WRP10-16
Added Pin To Net: NetName=3V3 Pin=ETH1_U_HEADER_WRP10-18
Added Pin To Net: NetName=INTERNAL111 Pin=ETH1_U_HEADER_WRP10-25
Added Pin To Net: NetName=INTERNAL110 Pin=ETH1_U_HEADER_WRP10-26
Added Pin To Net: NetName=INTERNAL109 Pin=ETH1_U_HEADER_WRP10-27
Added Pin To Net: NetName=INTERNAL108 Pin=ETH1_U_HEADER_WRP10-28
Added Pin To Net: NetName=INTERNAL107 Pin=ETH1_U_HEADER_WRP10-29
Added Pin To Net: NetName=INTERNAL106 Pin=ETH1_U_HEADER_WRP10-30
Added Pin To Net: NetName=INTERNAL105 Pin=ETH1_U_HEADER_WRP10-31
Added Pin To Net: NetName=INTERNAL104 Pin=ETH1_U_HEADER_WRP10-32
Added Pin To Net: NetName=INTERNAL103 Pin=ETH1_U_HEADER_WRP10-33
Added Pin To Net: NetName=INTERNAL102 Pin=ETH1_U_HEADER_WRP10-34
Added Pin To Net: NetName=INTERNAL101 Pin=ETH1_U_HEADER_WRP10-35
Added Pin To Net: NetName=INTERNAL100 Pin=ETH1_U_HEADER_WRP10-36
Added Pin To Net: NetName=INTERNAL99 Pin=ETH1_U_HEADER_WRP10-37
Added Pin To Net: NetName=INTERNAL98 Pin=ETH1_U_HEADER_WRP10-38
Added Pin To Net: NetName=INTERNAL97 Pin=ETH1_U_HEADER_WRP10-39
Added Pin To Net: NetName=INTERNAL96 Pin=ETH1_U_HEADER_WRP10-40
Added Pin To Net: NetName=EXTERNAL80 Pin=ETH1_U_HEADER_WRP11-1
Added Pin To Net: NetName=EXTERNAL81 Pin=ETH1_U_HEADER_WRP11-2
Added Pin To Net: NetName=EXTERNAL82 Pin=ETH1_U_HEADER_WRP11-3
Added Pin To Net: NetName=EXTERNAL83 Pin=ETH1_U_HEADER_WRP11-4
Added Pin To Net: NetName=EXTERNAL84 Pin=ETH1_U_HEADER_WRP11-5
Added Pin To Net: NetName=EXTERNAL85 Pin=ETH1_U_HEADER_WRP11-6
Added Pin To Net: NetName=EXTERNAL86 Pin=ETH1_U_HEADER_WRP11-7
Added Pin To Net: NetName=EXTERNAL87 Pin=ETH1_U_HEADER_WRP11-8
Added Pin To Net: NetName=EXTERNAL88 Pin=ETH1_U_HEADER_WRP11-9
Added Pin To Net: NetName=EXTERNAL89 Pin=ETH1_U_HEADER_WRP11-10
Added Pin To Net: NetName=EXTERNAL90 Pin=ETH1_U_HEADER_WRP11-11
Added Pin To Net: NetName=EXTERNAL91 Pin=ETH1_U_HEADER_WRP11-12
Added Pin To Net: NetName=EXTERNAL92 Pin=ETH1_U_HEADER_WRP11-13
Added Pin To Net: NetName=EXTERNAL93 Pin=ETH1_U_HEADER_WRP11-14
Added Pin To Net: NetName=EXTERNAL94 Pin=ETH1_U_HEADER_WRP11-15
Added Pin To Net: NetName=EXTERNAL95 Pin=ETH1_U_HEADER_WRP11-16
Added Pin To Net: NetName=VCC Pin=ETH1_U_HEADER_WRP11-17
Added Pin To Net: NetName=INTERNAL95 Pin=ETH1_U_HEADER_WRP11-25
Added Pin To Net: NetName=INTERNAL94 Pin=ETH1_U_HEADER_WRP11-26
Added Pin To Net: NetName=INTERNAL93 Pin=ETH1_U_HEADER_WRP11-27
Added Pin To Net: NetName=INTERNAL92 Pin=ETH1_U_HEADER_WRP11-28
Added Pin To Net: NetName=INTERNAL91 Pin=ETH1_U_HEADER_WRP11-29
Added Pin To Net: NetName=INTERNAL90 Pin=ETH1_U_HEADER_WRP11-30
Added Pin To Net: NetName=INTERNAL89 Pin=ETH1_U_HEADER_WRP11-31
Added Pin To Net: NetName=INTERNAL88 Pin=ETH1_U_HEADER_WRP11-32
Added Pin To Net: NetName=INTERNAL87 Pin=ETH1_U_HEADER_WRP11-33
Added Pin To Net: NetName=INTERNAL86 Pin=ETH1_U_HEADER_WRP11-34
Added Pin To Net: NetName=INTERNAL85 Pin=ETH1_U_HEADER_WRP11-35
Added Pin To Net: NetName=INTERNAL84 Pin=ETH1_U_HEADER_WRP11-36
Added Pin To Net: NetName=INTERNAL83 Pin=ETH1_U_HEADER_WRP11-37
Added Pin To Net: NetName=INTERNAL82 Pin=ETH1_U_HEADER_WRP11-38
Added Pin To Net: NetName=INTERNAL81 Pin=ETH1_U_HEADER_WRP11-39
Added Pin To Net: NetName=INTERNAL80 Pin=ETH1_U_HEADER_WRP11-40
Added Pin To Net: NetName=EXTERNAL64 Pin=ETH1_U_HEADER_WRP12-1
Added Pin To Net: NetName=EXTERNAL65 Pin=ETH1_U_HEADER_WRP12-2
Added Pin To Net: NetName=EXTERNAL66 Pin=ETH1_U_HEADER_WRP12-3
Added Pin To Net: NetName=EXTERNAL67 Pin=ETH1_U_HEADER_WRP12-4
Added Pin To Net: NetName=EXTERNAL68 Pin=ETH1_U_HEADER_WRP12-5
Added Pin To Net: NetName=EXTERNAL69 Pin=ETH1_U_HEADER_WRP12-6
Added Pin To Net: NetName=EXTERNAL70 Pin=ETH1_U_HEADER_WRP12-7
Added Pin To Net: NetName=EXTERNAL71 Pin=ETH1_U_HEADER_WRP12-8
Added Pin To Net: NetName=EXTERNAL72 Pin=ETH1_U_HEADER_WRP12-9
Added Pin To Net: NetName=EXTERNAL73 Pin=ETH1_U_HEADER_WRP12-10
Added Pin To Net: NetName=EXTERNAL74 Pin=ETH1_U_HEADER_WRP12-11
Added Pin To Net: NetName=EXTERNAL75 Pin=ETH1_U_HEADER_WRP12-12
Added Pin To Net: NetName=EXTERNAL76 Pin=ETH1_U_HEADER_WRP12-13
Added Pin To Net: NetName=EXTERNAL77 Pin=ETH1_U_HEADER_WRP12-14
Added Pin To Net: NetName=EXTERNAL78 Pin=ETH1_U_HEADER_WRP12-15
Added Pin To Net: NetName=EXTERNAL79 Pin=ETH1_U_HEADER_WRP12-16
Added Pin To Net: NetName=GLOBAL_VCC Pin=ETH1_U_HEADER_WRP12-18
Added Pin To Net: NetName=INTERNAL79 Pin=ETH1_U_HEADER_WRP12-25
Added Pin To Net: NetName=INTERNAL78 Pin=ETH1_U_HEADER_WRP12-26
Added Pin To Net: NetName=INTERNAL77 Pin=ETH1_U_HEADER_WRP12-27
Added Pin To Net: NetName=INTERNAL76 Pin=ETH1_U_HEADER_WRP12-28
Added Pin To Net: NetName=INTERNAL75 Pin=ETH1_U_HEADER_WRP12-29
Added Pin To Net: NetName=INTERNAL74 Pin=ETH1_U_HEADER_WRP12-30
Added Pin To Net: NetName=INTERNAL73 Pin=ETH1_U_HEADER_WRP12-31
Added Pin To Net: NetName=INTERNAL72 Pin=ETH1_U_HEADER_WRP12-32
Added Pin To Net: NetName=INTERNAL71 Pin=ETH1_U_HEADER_WRP12-33
Added Pin To Net: NetName=INTERNAL70 Pin=ETH1_U_HEADER_WRP12-34
Added Pin To Net: NetName=INTERNAL69 Pin=ETH1_U_HEADER_WRP12-35
Added Pin To Net: NetName=INTERNAL68 Pin=ETH1_U_HEADER_WRP12-36
Added Pin To Net: NetName=INTERNAL67 Pin=ETH1_U_HEADER_WRP12-37
Added Pin To Net: NetName=INTERNAL66 Pin=ETH1_U_HEADER_WRP12-38
Added Pin To Net: NetName=INTERNAL65 Pin=ETH1_U_HEADER_WRP12-39
Added Pin To Net: NetName=INTERNAL64 Pin=ETH1_U_HEADER_WRP12-40
Added Pin To Net: NetName=EXTERNAL48 Pin=ETH1_U_HEADER_WRP13-1
Added Pin To Net: NetName=EXTERNAL49 Pin=ETH1_U_HEADER_WRP13-2
Added Pin To Net: NetName=EXTERNAL50 Pin=ETH1_U_HEADER_WRP13-3
Added Pin To Net: NetName=EXTERNAL51 Pin=ETH1_U_HEADER_WRP13-4
Added Pin To Net: NetName=EXTERNAL52 Pin=ETH1_U_HEADER_WRP13-5
Added Pin To Net: NetName=EXTERNAL53 Pin=ETH1_U_HEADER_WRP13-6
Added Pin To Net: NetName=EXTERNAL54 Pin=ETH1_U_HEADER_WRP13-7
Added Pin To Net: NetName=EXTERNAL55 Pin=ETH1_U_HEADER_WRP13-8
Added Pin To Net: NetName=EXTERNAL56 Pin=ETH1_U_HEADER_WRP13-9
Added Pin To Net: NetName=EXTERNAL57 Pin=ETH1_U_HEADER_WRP13-10
Added Pin To Net: NetName=EXTERNAL58 Pin=ETH1_U_HEADER_WRP13-11
Added Pin To Net: NetName=EXTERNAL59 Pin=ETH1_U_HEADER_WRP13-12
Added Pin To Net: NetName=EXTERNAL60 Pin=ETH1_U_HEADER_WRP13-13
Added Pin To Net: NetName=EXTERNAL61 Pin=ETH1_U_HEADER_WRP13-14
Added Pin To Net: NetName=EXTERNAL62 Pin=ETH1_U_HEADER_WRP13-15
Added Pin To Net: NetName=EXTERNAL63 Pin=ETH1_U_HEADER_WRP13-16
Added Pin To Net: NetName=EN Pin=ETH1_U_HEADER_WRP13-17
Added Pin To Net: NetName=INTERNAL63 Pin=ETH1_U_HEADER_WRP13-25
Added Pin To Net: NetName=INTERNAL62 Pin=ETH1_U_HEADER_WRP13-26
Added Pin To Net: NetName=INTERNAL61 Pin=ETH1_U_HEADER_WRP13-27
Added Pin To Net: NetName=INTERNAL60 Pin=ETH1_U_HEADER_WRP13-28
Added Pin To Net: NetName=INTERNAL59 Pin=ETH1_U_HEADER_WRP13-29
Added Pin To Net: NetName=INTERNAL58 Pin=ETH1_U_HEADER_WRP13-30
Added Pin To Net: NetName=INTERNAL57 Pin=ETH1_U_HEADER_WRP13-31
Added Pin To Net: NetName=INTERNAL56 Pin=ETH1_U_HEADER_WRP13-32
Added Pin To Net: NetName=INTERNAL55 Pin=ETH1_U_HEADER_WRP13-33
Added Pin To Net: NetName=INTERNAL54 Pin=ETH1_U_HEADER_WRP13-34
Added Pin To Net: NetName=INTERNAL53 Pin=ETH1_U_HEADER_WRP13-35
Added Pin To Net: NetName=INTERNAL52 Pin=ETH1_U_HEADER_WRP13-36
Added Pin To Net: NetName=INTERNAL51 Pin=ETH1_U_HEADER_WRP13-37
Added Pin To Net: NetName=INTERNAL50 Pin=ETH1_U_HEADER_WRP13-38
Added Pin To Net: NetName=INTERNAL49 Pin=ETH1_U_HEADER_WRP13-39
Added Pin To Net: NetName=INTERNAL48 Pin=ETH1_U_HEADER_WRP13-40
Added Pin To Net: NetName=EXTERNAL32 Pin=ETH1_U_HEADER_WRP14-1
Added Pin To Net: NetName=EXTERNAL33 Pin=ETH1_U_HEADER_WRP14-2
Added Pin To Net: NetName=EXTERNAL34 Pin=ETH1_U_HEADER_WRP14-3
Added Pin To Net: NetName=EXTERNAL35 Pin=ETH1_U_HEADER_WRP14-4
Added Pin To Net: NetName=EXTERNAL36 Pin=ETH1_U_HEADER_WRP14-5
Added Pin To Net: NetName=EXTERNAL37 Pin=ETH1_U_HEADER_WRP14-6
Added Pin To Net: NetName=EXTERNAL38 Pin=ETH1_U_HEADER_WRP14-7
Added Pin To Net: NetName=EXTERNAL39 Pin=ETH1_U_HEADER_WRP14-8
Added Pin To Net: NetName=EXTERNAL40 Pin=ETH1_U_HEADER_WRP14-9
Added Pin To Net: NetName=EXTERNAL41 Pin=ETH1_U_HEADER_WRP14-10
Added Pin To Net: NetName=EXTERNAL42 Pin=ETH1_U_HEADER_WRP14-11
Added Pin To Net: NetName=EXTERNAL43 Pin=ETH1_U_HEADER_WRP14-12
Added Pin To Net: NetName=EXTERNAL44 Pin=ETH1_U_HEADER_WRP14-13
Added Pin To Net: NetName=EXTERNAL45 Pin=ETH1_U_HEADER_WRP14-14
Added Pin To Net: NetName=EXTERNAL46 Pin=ETH1_U_HEADER_WRP14-15
Added Pin To Net: NetName=EXTERNAL47 Pin=ETH1_U_HEADER_WRP14-16
Added Pin To Net: NetName=OB_B_~MR Pin=ETH1_U_HEADER_WRP14-18
Added Pin To Net: NetName=Q_FPGA Pin=ETH1_U_HEADER_WRP14-19
Added Pin To Net: NetName=OB_B_~PL Pin=ETH1_U_HEADER_WRP14-22
Added Pin To Net: NetName=OB_B_SHCP Pin=ETH1_U_HEADER_WRP14-23
Added Pin To Net: NetName=OB_B_STCP Pin=ETH1_U_HEADER_WRP14-24
Added Pin To Net: NetName=INTERNAL47 Pin=ETH1_U_HEADER_WRP14-25
Added Pin To Net: NetName=INTERNAL46 Pin=ETH1_U_HEADER_WRP14-26
Added Pin To Net: NetName=INTERNAL45 Pin=ETH1_U_HEADER_WRP14-27
Added Pin To Net: NetName=INTERNAL44 Pin=ETH1_U_HEADER_WRP14-28
Added Pin To Net: NetName=INTERNAL43 Pin=ETH1_U_HEADER_WRP14-29
Added Pin To Net: NetName=INTERNAL42 Pin=ETH1_U_HEADER_WRP14-30
Added Pin To Net: NetName=INTERNAL41 Pin=ETH1_U_HEADER_WRP14-31
Added Pin To Net: NetName=INTERNAL40 Pin=ETH1_U_HEADER_WRP14-32
Added Pin To Net: NetName=INTERNAL39 Pin=ETH1_U_HEADER_WRP14-33
Added Pin To Net: NetName=INTERNAL38 Pin=ETH1_U_HEADER_WRP14-34
Added Pin To Net: NetName=INTERNAL37 Pin=ETH1_U_HEADER_WRP14-35
Added Pin To Net: NetName=INTERNAL36 Pin=ETH1_U_HEADER_WRP14-36
Added Pin To Net: NetName=INTERNAL35 Pin=ETH1_U_HEADER_WRP14-37
Added Pin To Net: NetName=INTERNAL34 Pin=ETH1_U_HEADER_WRP14-38
Added Pin To Net: NetName=INTERNAL33 Pin=ETH1_U_HEADER_WRP14-39
Added Pin To Net: NetName=INTERNAL32 Pin=ETH1_U_HEADER_WRP14-40
Added Pin To Net: NetName=EXTERNAL16 Pin=ETH1_U_HEADER_WRP15-1
Added Pin To Net: NetName=EXTERNAL17 Pin=ETH1_U_HEADER_WRP15-2
Added Pin To Net: NetName=EXTERNAL18 Pin=ETH1_U_HEADER_WRP15-3
Added Pin To Net: NetName=EXTERNAL19 Pin=ETH1_U_HEADER_WRP15-4
Added Pin To Net: NetName=EXTERNAL20 Pin=ETH1_U_HEADER_WRP15-5
Added Pin To Net: NetName=EXTERNAL21 Pin=ETH1_U_HEADER_WRP15-6
Added Pin To Net: NetName=EXTERNAL22 Pin=ETH1_U_HEADER_WRP15-7
Added Pin To Net: NetName=EXTERNAL23 Pin=ETH1_U_HEADER_WRP15-8
Added Pin To Net: NetName=EXTERNAL24 Pin=ETH1_U_HEADER_WRP15-9
Added Pin To Net: NetName=EXTERNAL25 Pin=ETH1_U_HEADER_WRP15-10
Added Pin To Net: NetName=EXTERNAL26 Pin=ETH1_U_HEADER_WRP15-11
Added Pin To Net: NetName=EXTERNAL27 Pin=ETH1_U_HEADER_WRP15-12
Added Pin To Net: NetName=EXTERNAL28 Pin=ETH1_U_HEADER_WRP15-13
Added Pin To Net: NetName=EXTERNAL29 Pin=ETH1_U_HEADER_WRP15-14
Added Pin To Net: NetName=EXTERNAL30 Pin=ETH1_U_HEADER_WRP15-15
Added Pin To Net: NetName=EXTERNAL31 Pin=ETH1_U_HEADER_WRP15-16
Added Pin To Net: NetName=INTERNAL31 Pin=ETH1_U_HEADER_WRP15-25
Added Pin To Net: NetName=INTERNAL30 Pin=ETH1_U_HEADER_WRP15-26
Added Pin To Net: NetName=INTERNAL29 Pin=ETH1_U_HEADER_WRP15-27
Added Pin To Net: NetName=INTERNAL28 Pin=ETH1_U_HEADER_WRP15-28
Added Pin To Net: NetName=INTERNAL27 Pin=ETH1_U_HEADER_WRP15-29
Added Pin To Net: NetName=INTERNAL26 Pin=ETH1_U_HEADER_WRP15-30
Added Pin To Net: NetName=INTERNAL25 Pin=ETH1_U_HEADER_WRP15-31
Added Pin To Net: NetName=INTERNAL24 Pin=ETH1_U_HEADER_WRP15-32
Added Pin To Net: NetName=INTERNAL23 Pin=ETH1_U_HEADER_WRP15-33
Added Pin To Net: NetName=INTERNAL22 Pin=ETH1_U_HEADER_WRP15-34
Added Pin To Net: NetName=INTERNAL21 Pin=ETH1_U_HEADER_WRP15-35
Added Pin To Net: NetName=INTERNAL20 Pin=ETH1_U_HEADER_WRP15-36
Added Pin To Net: NetName=INTERNAL19 Pin=ETH1_U_HEADER_WRP15-37
Added Pin To Net: NetName=INTERNAL18 Pin=ETH1_U_HEADER_WRP15-38
Added Pin To Net: NetName=INTERNAL17 Pin=ETH1_U_HEADER_WRP15-39
Added Pin To Net: NetName=INTERNAL16 Pin=ETH1_U_HEADER_WRP15-40
Added Pin To Net: NetName=EXTERNAL0 Pin=ETH1_U_HEADER_WRP16-1
Added Pin To Net: NetName=EXTERNAL1 Pin=ETH1_U_HEADER_WRP16-2
Added Pin To Net: NetName=EXTERNAL2 Pin=ETH1_U_HEADER_WRP16-3
Added Pin To Net: NetName=EXTERNAL3 Pin=ETH1_U_HEADER_WRP16-4
Added Pin To Net: NetName=EXTERNAL4 Pin=ETH1_U_HEADER_WRP16-5
Added Pin To Net: NetName=EXTERNAL5 Pin=ETH1_U_HEADER_WRP16-6
Added Pin To Net: NetName=EXTERNAL6 Pin=ETH1_U_HEADER_WRP16-7
Added Pin To Net: NetName=EXTERNAL7 Pin=ETH1_U_HEADER_WRP16-8
Added Pin To Net: NetName=EXTERNAL8 Pin=ETH1_U_HEADER_WRP16-9
Added Pin To Net: NetName=EXTERNAL9 Pin=ETH1_U_HEADER_WRP16-10
Added Pin To Net: NetName=EXTERNAL10 Pin=ETH1_U_HEADER_WRP16-11
Added Pin To Net: NetName=EXTERNAL11 Pin=ETH1_U_HEADER_WRP16-12
Added Pin To Net: NetName=EXTERNAL12 Pin=ETH1_U_HEADER_WRP16-13
Added Pin To Net: NetName=EXTERNAL13 Pin=ETH1_U_HEADER_WRP16-14
Added Pin To Net: NetName=EXTERNAL14 Pin=ETH1_U_HEADER_WRP16-15
Added Pin To Net: NetName=EXTERNAL15 Pin=ETH1_U_HEADER_WRP16-16
Added Pin To Net: NetName=CLR_COUNTER_W_U_COUNTER_WRP1 Pin=ETH1_U_HEADER_WRP16-18
Added Pin To Net: NetName=GND Pin=ETH1_U_HEADER_WRP16-21
Added Pin To Net: NetName=SRAM_~WE_B Pin=ETH1_U_HEADER_WRP16-22
Added Pin To Net: NetName=SRAM_~OE_B Pin=ETH1_U_HEADER_WRP16-23
Added Pin To Net: NetName=SRAM_~CS_B Pin=ETH1_U_HEADER_WRP16-24
Added Pin To Net: NetName=INTERNAL15 Pin=ETH1_U_HEADER_WRP16-25
Added Pin To Net: NetName=INTERNAL14 Pin=ETH1_U_HEADER_WRP16-26
Added Pin To Net: NetName=INTERNAL13 Pin=ETH1_U_HEADER_WRP16-27
Added Pin To Net: NetName=INTERNAL12 Pin=ETH1_U_HEADER_WRP16-28
Added Pin To Net: NetName=INTERNAL11 Pin=ETH1_U_HEADER_WRP16-29
Added Pin To Net: NetName=INTERNAL10 Pin=ETH1_U_HEADER_WRP16-30
Added Pin To Net: NetName=INTERNAL9 Pin=ETH1_U_HEADER_WRP16-31
Added Pin To Net: NetName=INTERNAL8 Pin=ETH1_U_HEADER_WRP16-32
Added Pin To Net: NetName=INTERNAL7 Pin=ETH1_U_HEADER_WRP16-33
Added Pin To Net: NetName=INTERNAL6 Pin=ETH1_U_HEADER_WRP16-34
Added Pin To Net: NetName=INTERNAL5 Pin=ETH1_U_HEADER_WRP16-35
Added Pin To Net: NetName=INTERNAL4 Pin=ETH1_U_HEADER_WRP16-36
Added Pin To Net: NetName=INTERNAL3 Pin=ETH1_U_HEADER_WRP16-37
Added Pin To Net: NetName=INTERNAL2 Pin=ETH1_U_HEADER_WRP16-38
Added Pin To Net: NetName=INTERNAL1 Pin=ETH1_U_HEADER_WRP16-39
Added Pin To Net: NetName=INTERNAL0 Pin=ETH1_U_HEADER_WRP16-40
Added Pin To Net: NetName=Q_FPGA Pin=OB1_U_OB_WRP1-Q
Added Pin To Net: NetName=3V3 Pin=SRAM1_U_SRAM_WRP1-VDD
Added Pin To Net: NetName=3V3 Pin=SRAM1_U_SRAM_WRP1-VDD
Added Pin To Net: NetName=3V3 Pin=SRAM1_U_SRAM_WRP2-VDD
Added Pin To Net: NetName=3V3 Pin=SRAM1_U_SRAM_WRP2-VDD
Added Pin To Net: NetName=3V3 Pin=SRAM1_U_SRAM_WRP3-VDD
Added Pin To Net: NetName=3V3 Pin=SRAM1_U_SRAM_WRP3-VDD
Added Pin To Net: NetName=3V3 Pin=SRAM1_U_SRAM_WRP4-VDD
Added Pin To Net: NetName=3V3 Pin=SRAM1_U_SRAM_WRP4-VDD
Added Pin To Net: NetName=3V3 Pin=SRAM1_U_SRAM_WRP5-VDD
Added Pin To Net: NetName=3V3 Pin=SRAM1_U_SRAM_WRP5-VDD
Added Pin To Net: NetName=3V3 Pin=SRAM1_U_SRAM_WRP6-VDD
Added Pin To Net: NetName=3V3 Pin=SRAM1_U_SRAM_WRP6-VDD
Added Pin To Net: NetName=3V3 Pin=SRAM1_U_SRAM_WRP7-VDD
Added Pin To Net: NetName=3V3 Pin=SRAM1_U_SRAM_WRP7-VDD
Added Pin To Net: NetName=3V3 Pin=SRAM1_U_SRAM_WRP8-VDD
Added Pin To Net: NetName=3V3 Pin=SRAM1_U_SRAM_WRP8-VDD
Change Net Name : Old Net Name=GLOBAL_VCC New Net Name=GLOBAL_LOW_POWER_U_HEADER_BANK1
Change Net Name : Old Net Name=OB_B_SHCP New Net Name=FPGA_SHCP_U_HEADER_BANK1
Change Net Name : Old Net Name=OB_B_STCP New Net Name=FPGA_STCP_U_HEADER_BANK1
Change Net Name : Old Net Name=OB_B_~MR New Net Name=FPGA_~MR_U_HEADER_BANK1
Change Net Name : Old Net Name=OB_B_~PL New Net Name=FPGA_~PL_U_HEADER_BANK1
Change Net Name : Old Net Name=Q_FPGA New Net Name=FPGA_Q_U_HEADER_BANK1
Change Net Name : Old Net Name=SRAM_~CS_B New Net Name=FPGA_~CS_U_HEADER_BANK1
Change Net Name : Old Net Name=SRAM_~OE_B New Net Name=FPGA_~OE_U_HEADER_BANK1
Change Net Name : Old Net Name=SRAM_~WE_B New Net Name=FPGA_~WE_U_HEADER_BANK1
Change Net Name : Old Net Name=VCC New Net Name=GLOBAL_HIGH_POWER_U_HEADER_BANK1
Added Pin To Net: NetName=CLK_1 Pin=COUNTER1_U_COUNTER_WRP4-~CLK
Added Pin To Net: NetName=CLK_1 Pin=ETH1_U_HEADER_WRP8-17
Added Pin To Net: NetName=CLK_1 Pin=ETH1_U_HEADER_WRP16-17
Added Net: Name=CLK_1
Added Pin To Net: NetName=CLK_2 Pin=COUNTER1_U_COUNTER_WRP3-~CLK
Added Pin To Net: NetName=CLK_2 Pin=ETH1_U_HEADER_WRP6-17
Added Pin To Net: NetName=CLK_2 Pin=ETH1_U_HEADER_WRP14-17
Added Net: Name=CLK_2
Added Pin To Net: NetName=CLK_3 Pin=COUNTER1_U_COUNTER_WRP2-~CLK
Added Pin To Net: NetName=CLK_3 Pin=ETH1_U_HEADER_WRP4-17
Added Pin To Net: NetName=CLK_3 Pin=ETH1_U_HEADER_WRP12-17
Added Net: Name=CLK_3
Added Pin To Net: NetName=CLK_4 Pin=COUNTER1_U_COUNTER_WRP1-~CLK
Added Pin To Net: NetName=CLK_4 Pin=ETH1_U_HEADER_WRP2-17
Added Pin To Net: NetName=CLK_4 Pin=ETH1_U_HEADER_WRP10-17
Added Net: Name=CLK_4
Added Member To Class: ClassName=U_VT_WRP1 Member=Component 0.1uF_1_U_VT_WRP1 (0.1uF_1) 0.1uF_0603
Added Member To Class: ClassName=U_VT_WRP2 Member=Component 0.1uF_1_U_VT_WRP2 (0.1uF_1) 0.1uF_0603
Added Member To Class: ClassName=U_VT_WRP3 Member=Component 0.1uF_1_U_VT_WRP3 (0.1uF_1) 0.1uF_0603
Added Member To Class: ClassName=U_VT_WRP4 Member=Component 0.1uF_1_U_VT_WRP4 (0.1uF_1) 0.1uF_0603
Added Member To Class: ClassName=U_VT_WRP5 Member=Component 0.1uF_1_U_VT_WRP5 (0.1uF_1) 0.1uF_0603
Added Member To Class: ClassName=U_VT_WRP6 Member=Component 0.1uF_1_U_VT_WRP6 (0.1uF_1) 0.1uF_0603
Added Member To Class: ClassName=U_VT_WRP7 Member=Component 0.1uF_1_U_VT_WRP7 (0.1uF_1) 0.1uF_0603
Added Member To Class: ClassName=U_VT_WRP8 Member=Component 0.1uF_1_U_VT_WRP8 (0.1uF_1) 0.1uF_0603
Added Member To Class: ClassName=U_VT_WRP9 Member=Component 0.1uF_1_U_VT_WRP9 (0.1uF_1) 0.1uF_0603
Added Member To Class: ClassName=U_VT_WRP10 Member=Component 0.1uF_1_U_VT_WRP10 (0.1uF_1) 0.1uF_0603
Added Member To Class: ClassName=U_VT_WRP11 Member=Component 0.1uF_1_U_VT_WRP11 (0.1uF_1) 0.1uF_0603
Added Member To Class: ClassName=U_VT_WRP12 Member=Component 0.1uF_1_U_VT_WRP12 (0.1uF_1) 0.1uF_0603
Added Member To Class: ClassName=U_VT_WRP13 Member=Component 0.1uF_1_U_VT_WRP13 (0.1uF_1) 0.1uF_0603
Added Member To Class: ClassName=U_VT_WRP14 Member=Component 0.1uF_1_U_VT_WRP14 (0.1uF_1) 0.1uF_0603
Added Member To Class: ClassName=U_VT_WRP15 Member=Component 0.1uF_1_U_VT_WRP15 (0.1uF_1) 0.1uF_0603
Added Member To Class: ClassName=U_VT_WRP16 Member=Component 0.1uF_1_U_VT_WRP16 (0.1uF_1) 0.1uF_0603
Added Member To Class: ClassName=U_VT_WRP1 Member=Component 0.1uF_2_U_VT_WRP1 (0.1uF_2) 0.1uF_0603
Added Member To Class: ClassName=U_VT_WRP2 Member=Component 0.1uF_2_U_VT_WRP2 (0.1uF_2) 0.1uF_0603
Added Member To Class: ClassName=U_VT_WRP3 Member=Component 0.1uF_2_U_VT_WRP3 (0.1uF_2) 0.1uF_0603
Added Member To Class: ClassName=U_VT_WRP4 Member=Component 0.1uF_2_U_VT_WRP4 (0.1uF_2) 0.1uF_0603
Added Member To Class: ClassName=U_VT_WRP5 Member=Component 0.1uF_2_U_VT_WRP5 (0.1uF_2) 0.1uF_0603
Added Member To Class: ClassName=U_VT_WRP6 Member=Component 0.1uF_2_U_VT_WRP6 (0.1uF_2) 0.1uF_0603
Added Member To Class: ClassName=U_VT_WRP7 Member=Component 0.1uF_2_U_VT_WRP7 (0.1uF_2) 0.1uF_0603
Added Member To Class: ClassName=U_VT_WRP8 Member=Component 0.1uF_2_U_VT_WRP8 (0.1uF_2) 0.1uF_0603
Added Member To Class: ClassName=U_VT_WRP9 Member=Component 0.1uF_2_U_VT_WRP9 (0.1uF_2) 0.1uF_0603
Added Member To Class: ClassName=U_VT_WRP10 Member=Component 0.1uF_2_U_VT_WRP10 (0.1uF_2) 0.1uF_0603
Added Member To Class: ClassName=U_VT_WRP11 Member=Component 0.1uF_2_U_VT_WRP11 (0.1uF_2) 0.1uF_0603
Added Member To Class: ClassName=U_VT_WRP12 Member=Component 0.1uF_2_U_VT_WRP12 (0.1uF_2) 0.1uF_0603
Added Member To Class: ClassName=U_VT_WRP13 Member=Component 0.1uF_2_U_VT_WRP13 (0.1uF_2) 0.1uF_0603
Added Member To Class: ClassName=U_VT_WRP14 Member=Component 0.1uF_2_U_VT_WRP14 (0.1uF_2) 0.1uF_0603
Added Member To Class: ClassName=U_VT_WRP15 Member=Component 0.1uF_2_U_VT_WRP15 (0.1uF_2) 0.1uF_0603
Added Member To Class: ClassName=U_VT_WRP16 Member=Component 0.1uF_2_U_VT_WRP16 (0.1uF_2) 0.1uF_0603
