Removed Pin From Net: NetName=FPGA_STCP Pin=ETH1_U_BOTTOM_HEADER_WRP1-17
Removed Pin From Net: NetName=FPGA_SHCP Pin=ETH1_U_BOTTOM_HEADER_WRP1-18
Removed Pin From Net: NetName=FPGA_~PL Pin=ETH1_U_BOTTOM_HEADER_WRP1-19
Removed Pin From Net: NetName=GND Pin=ETH1_U_BOTTOM_HEADER_WRP2-17
Removed Pin From Net: NetName=GLOBAL_HIGH_POWER Pin=ETH1_U_BOTTOM_HEADER_WRP3-17
Removed Pin From Net: NetName=GND Pin=ETH1_U_BOTTOM_HEADER_WRP3-18
Removed Pin From Net: NetName=CLR_COUNTER_W_U_COUNTER_WRP1 Pin=ETH1_U_BOTTOM_HEADER_WRP4-17
Removed Pin From Net: NetName=EN Pin=ETH1_U_BOTTOM_HEADER_WRP4-18
Removed Pin From Net: NetName=GND Pin=ETH1_U_BOTTOM_HEADER_WRP4-19
Removed Pin From Net: NetName=OUTSIDE_L_W8_U_BOTTOM_HEADER_WRP1 Pin=TH3-9
Removed Pin From Net: NetName=OUTSIDE_L_W8_U_BOTTOM_HEADER_WRP2 Pin=TH3-9
Removed Pin From Net: NetName=OUTSIDE_L_W9_U_BOTTOM_HEADER_WRP1 Pin=TH3-10
Removed Pin From Net: NetName=OUTSIDE_L_W9_U_BOTTOM_HEADER_WRP2 Pin=TH3-10
Removed Pin From Net: NetName=OUTSIDE_L_W10_U_BOTTOM_HEADER_WRP1 Pin=TH3-11
Removed Pin From Net: NetName=OUTSIDE_L_W10_U_BOTTOM_HEADER_WRP2 Pin=TH3-11
Removed Pin From Net: NetName=OUTSIDE_L_W11_U_BOTTOM_HEADER_WRP1 Pin=TH3-12
Removed Pin From Net: NetName=OUTSIDE_L_W11_U_BOTTOM_HEADER_WRP2 Pin=TH3-12
Removed Pin From Net: NetName=OUTSIDE_L_W12_U_BOTTOM_HEADER_WRP1 Pin=TH3-13
Removed Pin From Net: NetName=OUTSIDE_L_W12_U_BOTTOM_HEADER_WRP2 Pin=TH3-13
Removed Pin From Net: NetName=OUTSIDE_L_W13_U_BOTTOM_HEADER_WRP1 Pin=TH3-14
Removed Pin From Net: NetName=OUTSIDE_L_W13_U_BOTTOM_HEADER_WRP2 Pin=TH3-14
Removed Pin From Net: NetName=OUTSIDE_L_W14_U_BOTTOM_HEADER_WRP1 Pin=TH3-15
Removed Pin From Net: NetName=OUTSIDE_L_W14_U_BOTTOM_HEADER_WRP2 Pin=TH3-15
Removed Pin From Net: NetName=OUTSIDE_L_W15_U_BOTTOM_HEADER_WRP1 Pin=TH3-16
Removed Pin From Net: NetName=OUTSIDE_L_W15_U_BOTTOM_HEADER_WRP2 Pin=TH3-16
Removed Pin From Net: NetName=OUTSIDE_L_W8_U_BOTTOM_HEADER_WRP3 Pin=TH5-9
Removed Pin From Net: NetName=OUTSIDE_L_W9_U_BOTTOM_HEADER_WRP3 Pin=TH5-10
Removed Pin From Net: NetName=OUTSIDE_L_W10_U_BOTTOM_HEADER_WRP3 Pin=TH5-11
Removed Pin From Net: NetName=OUTSIDE_L_W11_U_BOTTOM_HEADER_WRP3 Pin=TH5-12
Removed Pin From Net: NetName=OUTSIDE_L_W12_U_BOTTOM_HEADER_WRP3 Pin=TH5-13
Removed Pin From Net: NetName=OUTSIDE_L_W13_U_BOTTOM_HEADER_WRP3 Pin=TH5-14
Removed Pin From Net: NetName=OUTSIDE_L_W14_U_BOTTOM_HEADER_WRP3 Pin=TH5-15
Removed Pin From Net: NetName=OUTSIDE_L_W15_U_BOTTOM_HEADER_WRP3 Pin=TH5-16
Removed Pin From Net: NetName=OUTSIDE_L_W8_U_BOTTOM_HEADER_WRP4 Pin=TH7-9
Removed Pin From Net: NetName=OUTSIDE_L_W9_U_BOTTOM_HEADER_WRP4 Pin=TH7-10
Removed Pin From Net: NetName=OUTSIDE_L_W10_U_BOTTOM_HEADER_WRP4 Pin=TH7-11
Removed Pin From Net: NetName=OUTSIDE_L_W11_U_BOTTOM_HEADER_WRP4 Pin=TH7-12
Removed Pin From Net: NetName=OUTSIDE_L_W12_U_BOTTOM_HEADER_WRP4 Pin=TH7-13
Removed Pin From Net: NetName=OUTSIDE_L_W13_U_BOTTOM_HEADER_WRP4 Pin=TH7-14
Removed Pin From Net: NetName=OUTSIDE_L_W14_U_BOTTOM_HEADER_WRP4 Pin=TH7-15
Removed Pin From Net: NetName=OUTSIDE_L_W15_U_BOTTOM_HEADER_WRP4 Pin=TH7-16
Added Pin To Net: NetName=CLK_4 Pin=ETH1_U_BOTTOM_HEADER_WRP1-17
Added Pin To Net: NetName=FPGA_STCP Pin=ETH1_U_BOTTOM_HEADER_WRP1-18
Added Pin To Net: NetName=FPGA_SHCP Pin=ETH1_U_BOTTOM_HEADER_WRP1-19
Added Pin To Net: NetName=FPGA_~PL Pin=ETH1_U_BOTTOM_HEADER_WRP1-20
Added Pin To Net: NetName=FPGA_Q Pin=ETH1_U_BOTTOM_HEADER_WRP1-21
Added Pin To Net: NetName=FPGA_~MR Pin=ETH1_U_BOTTOM_HEADER_WRP1-22
Added Pin To Net: NetName=FPGA_~WE4 Pin=ETH1_U_BOTTOM_HEADER_WRP1-23
Added Pin To Net: NetName=FPGA_~CS4 Pin=ETH1_U_BOTTOM_HEADER_WRP1-24
Added Pin To Net: NetName=CLK_3 Pin=ETH1_U_BOTTOM_HEADER_WRP2-17
Added Pin To Net: NetName=GND Pin=ETH1_U_BOTTOM_HEADER_WRP2-20
Added Pin To Net: NetName=GND Pin=ETH1_U_BOTTOM_HEADER_WRP2-21
Added Pin To Net: NetName=GND Pin=ETH1_U_BOTTOM_HEADER_WRP2-22
Added Pin To Net: NetName=FPGA_~WE3 Pin=ETH1_U_BOTTOM_HEADER_WRP2-23
Added Pin To Net: NetName=FPGA_~CS3 Pin=ETH1_U_BOTTOM_HEADER_WRP2-24
Added Pin To Net: NetName=CLK_2 Pin=ETH1_U_BOTTOM_HEADER_WRP3-17
Added Pin To Net: NetName=GLOBAL_HIGH_POWER Pin=ETH1_U_BOTTOM_HEADER_WRP3-18
Added Pin To Net: NetName=GND Pin=ETH1_U_BOTTOM_HEADER_WRP3-20
Added Pin To Net: NetName=GND Pin=ETH1_U_BOTTOM_HEADER_WRP3-21
Added Pin To Net: NetName=3V3 Pin=ETH1_U_BOTTOM_HEADER_WRP3-22
Added Pin To Net: NetName=FPGA_~WE2 Pin=ETH1_U_BOTTOM_HEADER_WRP3-23
Added Pin To Net: NetName=FPGA_~CS2 Pin=ETH1_U_BOTTOM_HEADER_WRP3-24
Added Pin To Net: NetName=CLK_1 Pin=ETH1_U_BOTTOM_HEADER_WRP4-17
Added Pin To Net: NetName=CLR_COUNTER_W_U_COUNTER_WRP1 Pin=ETH1_U_BOTTOM_HEADER_WRP4-18
Added Pin To Net: NetName=EN Pin=ETH1_U_BOTTOM_HEADER_WRP4-19
Added Pin To Net: NetName=GND Pin=ETH1_U_BOTTOM_HEADER_WRP4-20
Added Pin To Net: NetName=GND Pin=ETH1_U_BOTTOM_HEADER_WRP4-21
Added Pin To Net: NetName=FPGA_~WE1 Pin=ETH1_U_BOTTOM_HEADER_WRP4-22
Added Pin To Net: NetName=FPGA_~OE Pin=ETH1_U_BOTTOM_HEADER_WRP4-23
Added Pin To Net: NetName=FPGA_~CS1 Pin=ETH1_U_BOTTOM_HEADER_WRP4-24
Added Pin To Net: NetName=OUTSIDE_R_W8_U_BOTTOM_HEADER_WRP1 Pin=TH3-9
Added Pin To Net: NetName=OUTSIDE_R_W9_U_BOTTOM_HEADER_WRP1 Pin=TH3-10
Added Pin To Net: NetName=OUTSIDE_R_W10_U_BOTTOM_HEADER_WRP1 Pin=TH3-11
Added Pin To Net: NetName=OUTSIDE_R_W11_U_BOTTOM_HEADER_WRP1 Pin=TH3-12
Added Pin To Net: NetName=OUTSIDE_R_W12_U_BOTTOM_HEADER_WRP1 Pin=TH3-13
Added Pin To Net: NetName=OUTSIDE_R_W13_U_BOTTOM_HEADER_WRP1 Pin=TH3-14
Added Pin To Net: NetName=OUTSIDE_R_W14_U_BOTTOM_HEADER_WRP1 Pin=TH3-15
Added Pin To Net: NetName=OUTSIDE_R_W15_U_BOTTOM_HEADER_WRP1 Pin=TH3-16
Added Pin To Net: NetName=OUTSIDE_L_W8_U_BOTTOM_HEADER_WRP1 Pin=TH2-9
Added Pin To Net: NetName=OUTSIDE_L_W9_U_BOTTOM_HEADER_WRP1 Pin=TH2-10
Added Pin To Net: NetName=OUTSIDE_L_W10_U_BOTTOM_HEADER_WRP1 Pin=TH2-11
Added Pin To Net: NetName=OUTSIDE_L_W11_U_BOTTOM_HEADER_WRP1 Pin=TH2-12
Added Pin To Net: NetName=OUTSIDE_L_W12_U_BOTTOM_HEADER_WRP1 Pin=TH2-13
Added Pin To Net: NetName=OUTSIDE_L_W13_U_BOTTOM_HEADER_WRP1 Pin=TH2-14
Added Pin To Net: NetName=OUTSIDE_L_W14_U_BOTTOM_HEADER_WRP1 Pin=TH2-15
Added Pin To Net: NetName=OUTSIDE_L_W15_U_BOTTOM_HEADER_WRP1 Pin=TH2-16
Added Pin To Net: NetName=OUTSIDE_R_W8_U_BOTTOM_HEADER_WRP2 Pin=TH3-9
Added Pin To Net: NetName=OUTSIDE_R_W9_U_BOTTOM_HEADER_WRP2 Pin=TH3-10
Added Pin To Net: NetName=OUTSIDE_R_W10_U_BOTTOM_HEADER_WRP2 Pin=TH3-11
Added Pin To Net: NetName=OUTSIDE_R_W11_U_BOTTOM_HEADER_WRP2 Pin=TH3-12
Added Pin To Net: NetName=OUTSIDE_R_W12_U_BOTTOM_HEADER_WRP2 Pin=TH3-13
Added Pin To Net: NetName=OUTSIDE_R_W13_U_BOTTOM_HEADER_WRP2 Pin=TH3-14
Added Pin To Net: NetName=OUTSIDE_R_W14_U_BOTTOM_HEADER_WRP2 Pin=TH3-15
Added Pin To Net: NetName=OUTSIDE_R_W15_U_BOTTOM_HEADER_WRP2 Pin=TH3-16
Added Pin To Net: NetName=OUTSIDE_L_W8_U_BOTTOM_HEADER_WRP2 Pin=TH4-9
Added Pin To Net: NetName=OUTSIDE_L_W9_U_BOTTOM_HEADER_WRP2 Pin=TH4-10
Added Pin To Net: NetName=OUTSIDE_L_W10_U_BOTTOM_HEADER_WRP2 Pin=TH4-11
Added Pin To Net: NetName=OUTSIDE_L_W11_U_BOTTOM_HEADER_WRP2 Pin=TH4-12
Added Pin To Net: NetName=OUTSIDE_L_W12_U_BOTTOM_HEADER_WRP2 Pin=TH4-13
Added Pin To Net: NetName=OUTSIDE_L_W13_U_BOTTOM_HEADER_WRP2 Pin=TH4-14
Added Pin To Net: NetName=OUTSIDE_L_W14_U_BOTTOM_HEADER_WRP2 Pin=TH4-15
Added Pin To Net: NetName=OUTSIDE_L_W15_U_BOTTOM_HEADER_WRP2 Pin=TH4-16
Added Pin To Net: NetName=OUTSIDE_R_W8_U_BOTTOM_HEADER_WRP3 Pin=TH5-9
Added Pin To Net: NetName=OUTSIDE_R_W9_U_BOTTOM_HEADER_WRP3 Pin=TH5-10
Added Pin To Net: NetName=OUTSIDE_R_W10_U_BOTTOM_HEADER_WRP3 Pin=TH5-11
Added Pin To Net: NetName=OUTSIDE_R_W11_U_BOTTOM_HEADER_WRP3 Pin=TH5-12
Added Pin To Net: NetName=OUTSIDE_R_W12_U_BOTTOM_HEADER_WRP3 Pin=TH5-13
Added Pin To Net: NetName=OUTSIDE_R_W13_U_BOTTOM_HEADER_WRP3 Pin=TH5-14
Added Pin To Net: NetName=OUTSIDE_R_W14_U_BOTTOM_HEADER_WRP3 Pin=TH5-15
Added Pin To Net: NetName=OUTSIDE_R_W15_U_BOTTOM_HEADER_WRP3 Pin=TH5-16
Added Pin To Net: NetName=OUTSIDE_L_W8_U_BOTTOM_HEADER_WRP3 Pin=TH6-9
Added Pin To Net: NetName=OUTSIDE_L_W9_U_BOTTOM_HEADER_WRP3 Pin=TH6-10
Added Pin To Net: NetName=OUTSIDE_L_W10_U_BOTTOM_HEADER_WRP3 Pin=TH6-11
Added Pin To Net: NetName=OUTSIDE_L_W11_U_BOTTOM_HEADER_WRP3 Pin=TH6-12
Added Pin To Net: NetName=OUTSIDE_L_W12_U_BOTTOM_HEADER_WRP3 Pin=TH6-13
Added Pin To Net: NetName=OUTSIDE_L_W13_U_BOTTOM_HEADER_WRP3 Pin=TH6-14
Added Pin To Net: NetName=OUTSIDE_L_W14_U_BOTTOM_HEADER_WRP3 Pin=TH6-15
Added Pin To Net: NetName=OUTSIDE_L_W15_U_BOTTOM_HEADER_WRP3 Pin=TH6-16
Added Pin To Net: NetName=OUTSIDE_R_W8_U_BOTTOM_HEADER_WRP4 Pin=TH7-9
Added Pin To Net: NetName=OUTSIDE_R_W9_U_BOTTOM_HEADER_WRP4 Pin=TH7-10
Added Pin To Net: NetName=OUTSIDE_R_W10_U_BOTTOM_HEADER_WRP4 Pin=TH7-11
Added Pin To Net: NetName=OUTSIDE_R_W11_U_BOTTOM_HEADER_WRP4 Pin=TH7-12
Added Pin To Net: NetName=OUTSIDE_R_W12_U_BOTTOM_HEADER_WRP4 Pin=TH7-13
Added Pin To Net: NetName=OUTSIDE_R_W13_U_BOTTOM_HEADER_WRP4 Pin=TH7-14
Added Pin To Net: NetName=OUTSIDE_R_W14_U_BOTTOM_HEADER_WRP4 Pin=TH7-15
Added Pin To Net: NetName=OUTSIDE_R_W15_U_BOTTOM_HEADER_WRP4 Pin=TH7-16
Added Pin To Net: NetName=OUTSIDE_L_W8_U_BOTTOM_HEADER_WRP4 Pin=TH8-9
Added Pin To Net: NetName=OUTSIDE_L_W9_U_BOTTOM_HEADER_WRP4 Pin=TH8-10
Added Pin To Net: NetName=OUTSIDE_L_W10_U_BOTTOM_HEADER_WRP4 Pin=TH8-11
Added Pin To Net: NetName=OUTSIDE_L_W11_U_BOTTOM_HEADER_WRP4 Pin=TH8-12
Added Pin To Net: NetName=OUTSIDE_L_W12_U_BOTTOM_HEADER_WRP4 Pin=TH8-13
Added Pin To Net: NetName=OUTSIDE_L_W13_U_BOTTOM_HEADER_WRP4 Pin=TH8-14
Added Pin To Net: NetName=OUTSIDE_L_W14_U_BOTTOM_HEADER_WRP4 Pin=TH8-15
Added Pin To Net: NetName=OUTSIDE_L_W15_U_BOTTOM_HEADER_WRP4 Pin=TH8-16
Change Net Name : Old Net Name=OUTSIDE_W0_U_TOP_HEADER_WRP1 New Net Name=OUTSIDE_R_WRP0_U_BOTTOM_HEADER_WRP1
Change Net Name : Old Net Name=OUTSIDE_W0_U_TOP_HEADER_WRP3 New Net Name=OUTSIDE_R_WRP0_U_BOTTOM_HEADER_WRP2
Change Net Name : Old Net Name=OUTSIDE_W0_U_TOP_HEADER_WRP5 New Net Name=OUTSIDE_R_WRP0_U_BOTTOM_HEADER_WRP3
Change Net Name : Old Net Name=OUTSIDE_W0_U_TOP_HEADER_WRP7 New Net Name=OUTSIDE_R_WRP0_U_BOTTOM_HEADER_WRP4
Change Net Name : Old Net Name=OUTSIDE_W1_U_TOP_HEADER_WRP1 New Net Name=OUTSIDE_R_WRP1_U_BOTTOM_HEADER_WRP1
Change Net Name : Old Net Name=OUTSIDE_W1_U_TOP_HEADER_WRP3 New Net Name=OUTSIDE_R_WRP1_U_BOTTOM_HEADER_WRP2
Change Net Name : Old Net Name=OUTSIDE_W1_U_TOP_HEADER_WRP5 New Net Name=OUTSIDE_R_WRP1_U_BOTTOM_HEADER_WRP3
Change Net Name : Old Net Name=OUTSIDE_W1_U_TOP_HEADER_WRP7 New Net Name=OUTSIDE_R_WRP1_U_BOTTOM_HEADER_WRP4
Change Net Name : Old Net Name=OUTSIDE_W2_U_TOP_HEADER_WRP1 New Net Name=OUTSIDE_R_WRP2_U_BOTTOM_HEADER_WRP1
Change Net Name : Old Net Name=OUTSIDE_W2_U_TOP_HEADER_WRP3 New Net Name=OUTSIDE_R_WRP2_U_BOTTOM_HEADER_WRP2
Change Net Name : Old Net Name=OUTSIDE_W2_U_TOP_HEADER_WRP5 New Net Name=OUTSIDE_R_WRP2_U_BOTTOM_HEADER_WRP3
Change Net Name : Old Net Name=OUTSIDE_W2_U_TOP_HEADER_WRP7 New Net Name=OUTSIDE_R_WRP2_U_BOTTOM_HEADER_WRP4
Change Net Name : Old Net Name=OUTSIDE_W3_U_TOP_HEADER_WRP1 New Net Name=OUTSIDE_R_WRP3_U_BOTTOM_HEADER_WRP1
Change Net Name : Old Net Name=OUTSIDE_W3_U_TOP_HEADER_WRP3 New Net Name=OUTSIDE_R_WRP3_U_BOTTOM_HEADER_WRP2
Change Net Name : Old Net Name=OUTSIDE_W3_U_TOP_HEADER_WRP5 New Net Name=OUTSIDE_R_WRP3_U_BOTTOM_HEADER_WRP3
Change Net Name : Old Net Name=OUTSIDE_W3_U_TOP_HEADER_WRP7 New Net Name=OUTSIDE_R_WRP3_U_BOTTOM_HEADER_WRP4
Change Net Name : Old Net Name=OUTSIDE_W4_U_TOP_HEADER_WRP1 New Net Name=OUTSIDE_R_WRP4_U_BOTTOM_HEADER_WRP1
Change Net Name : Old Net Name=OUTSIDE_W4_U_TOP_HEADER_WRP3 New Net Name=OUTSIDE_R_WRP4_U_BOTTOM_HEADER_WRP2
Change Net Name : Old Net Name=OUTSIDE_W4_U_TOP_HEADER_WRP5 New Net Name=OUTSIDE_R_WRP4_U_BOTTOM_HEADER_WRP3
Change Net Name : Old Net Name=OUTSIDE_W4_U_TOP_HEADER_WRP7 New Net Name=OUTSIDE_R_WRP4_U_BOTTOM_HEADER_WRP4
Change Net Name : Old Net Name=OUTSIDE_W5_U_TOP_HEADER_WRP1 New Net Name=OUTSIDE_R_WRP5_U_BOTTOM_HEADER_WRP1
Change Net Name : Old Net Name=OUTSIDE_W5_U_TOP_HEADER_WRP3 New Net Name=OUTSIDE_R_WRP5_U_BOTTOM_HEADER_WRP2
Change Net Name : Old Net Name=OUTSIDE_W5_U_TOP_HEADER_WRP5 New Net Name=OUTSIDE_R_WRP5_U_BOTTOM_HEADER_WRP3
Change Net Name : Old Net Name=OUTSIDE_W5_U_TOP_HEADER_WRP7 New Net Name=OUTSIDE_R_WRP5_U_BOTTOM_HEADER_WRP4
Change Net Name : Old Net Name=OUTSIDE_W6_U_TOP_HEADER_WRP1 New Net Name=OUTSIDE_R_WRP6_U_BOTTOM_HEADER_WRP1
Change Net Name : Old Net Name=OUTSIDE_W6_U_TOP_HEADER_WRP3 New Net Name=OUTSIDE_R_WRP6_U_BOTTOM_HEADER_WRP2
Change Net Name : Old Net Name=OUTSIDE_W6_U_TOP_HEADER_WRP5 New Net Name=OUTSIDE_R_WRP6_U_BOTTOM_HEADER_WRP3
Change Net Name : Old Net Name=OUTSIDE_W6_U_TOP_HEADER_WRP7 New Net Name=OUTSIDE_R_WRP6_U_BOTTOM_HEADER_WRP4
Change Net Name : Old Net Name=OUTSIDE_W7_U_TOP_HEADER_WRP1 New Net Name=OUTSIDE_R_WRP7_U_BOTTOM_HEADER_WRP1
Change Net Name : Old Net Name=OUTSIDE_W7_U_TOP_HEADER_WRP3 New Net Name=OUTSIDE_R_WRP7_U_BOTTOM_HEADER_WRP2
Change Net Name : Old Net Name=OUTSIDE_W7_U_TOP_HEADER_WRP5 New Net Name=OUTSIDE_R_WRP7_U_BOTTOM_HEADER_WRP3
Change Net Name : Old Net Name=OUTSIDE_W7_U_TOP_HEADER_WRP7 New Net Name=OUTSIDE_R_WRP7_U_BOTTOM_HEADER_WRP4
