Removed Pin From Net: NetName=GND Pin=ETH1_U_HEADER_WRP2-23
Removed Pin From Net: NetName=GND Pin=ETH1_U_HEADER_WRP2-24
Removed Pin From Net: NetName=GND Pin=ETH1_U_HEADER_WRP4-23
Removed Pin From Net: NetName=GND Pin=ETH1_U_HEADER_WRP4-24
Removed Pin From Net: NetName=FPGA_~MR_U_HEADER_BANK1 Pin=ETH1_U_HEADER_WRP6-18
Removed Pin From Net: NetName=FPGA_Q_U_HEADER_BANK1 Pin=ETH1_U_HEADER_WRP6-19
Removed Pin From Net: NetName=FPGA_~PL_U_HEADER_BANK1 Pin=ETH1_U_HEADER_WRP6-22
Removed Pin From Net: NetName=FPGA_SHCP_U_HEADER_BANK1 Pin=ETH1_U_HEADER_WRP6-23
Removed Pin From Net: NetName=FPGA_STCP_U_HEADER_BANK1 Pin=ETH1_U_HEADER_WRP6-24
Removed Pin From Net: NetName=GND Pin=ETH1_U_HEADER_WRP7-17
Removed Pin From Net: NetName=GND Pin=ETH1_U_HEADER_WRP7-18
Removed Pin From Net: NetName=GND Pin=ETH1_U_HEADER_WRP7-22
Removed Pin From Net: NetName=GND Pin=ETH1_U_HEADER_WRP7-23
Removed Pin From Net: NetName=GND Pin=ETH1_U_HEADER_WRP7-24
Removed Pin From Net: NetName=GND Pin=ETH1_U_HEADER_WRP10-23
Removed Pin From Net: NetName=GND Pin=ETH1_U_HEADER_WRP10-24
Removed Pin From Net: NetName=GND Pin=ETH1_U_HEADER_WRP12-23
Removed Pin From Net: NetName=GND Pin=ETH1_U_HEADER_WRP12-24
Removed Pin From Net: NetName=FPGA_~MR_U_HEADER_BANK1 Pin=ETH1_U_HEADER_WRP14-18
Removed Pin From Net: NetName=FPGA_Q_U_HEADER_BANK1 Pin=ETH1_U_HEADER_WRP14-19
Removed Pin From Net: NetName=FPGA_~PL_U_HEADER_BANK1 Pin=ETH1_U_HEADER_WRP14-22
Removed Pin From Net: NetName=FPGA_SHCP_U_HEADER_BANK1 Pin=ETH1_U_HEADER_WRP14-23
Removed Pin From Net: NetName=FPGA_STCP_U_HEADER_BANK1 Pin=ETH1_U_HEADER_WRP14-24
Removed Pin From Net: NetName=GND Pin=ETH1_U_HEADER_WRP15-17
Removed Pin From Net: NetName=GND Pin=ETH1_U_HEADER_WRP15-18
Removed Pin From Net: NetName=GND Pin=ETH1_U_HEADER_WRP15-22
Removed Pin From Net: NetName=GND Pin=ETH1_U_HEADER_WRP15-23
Removed Pin From Net: NetName=GND Pin=ETH1_U_HEADER_WRP15-24
Removed Pin From Net: NetName=FPGA_~CS_U_HEADER_BANK1 Pin=SRAM1_U_SRAM_WRP1-~CS
Removed Pin From Net: NetName=FPGA_~WE_U_HEADER_BANK1 Pin=SRAM1_U_SRAM_WRP1-~WE
Removed Pin From Net: NetName=FPGA_~CS_U_HEADER_BANK1 Pin=SRAM1_U_SRAM_WRP2-~CS
Removed Pin From Net: NetName=FPGA_~WE_U_HEADER_BANK1 Pin=SRAM1_U_SRAM_WRP2-~WE
Removed Pin From Net: NetName=FPGA_~CS_U_HEADER_BANK1 Pin=SRAM1_U_SRAM_WRP3-~CS
Removed Pin From Net: NetName=FPGA_~WE_U_HEADER_BANK1 Pin=SRAM1_U_SRAM_WRP3-~WE
Removed Pin From Net: NetName=FPGA_~CS_U_HEADER_BANK1 Pin=SRAM1_U_SRAM_WRP4-~CS
Removed Pin From Net: NetName=FPGA_~WE_U_HEADER_BANK1 Pin=SRAM1_U_SRAM_WRP4-~WE
Removed Pin From Net: NetName=FPGA_~CS_U_HEADER_BANK1 Pin=SRAM1_U_SRAM_WRP5-~CS
Removed Pin From Net: NetName=FPGA_~WE_U_HEADER_BANK1 Pin=SRAM1_U_SRAM_WRP5-~WE
Removed Pin From Net: NetName=FPGA_~CS_U_HEADER_BANK1 Pin=SRAM1_U_SRAM_WRP6-~CS
Removed Pin From Net: NetName=FPGA_~WE_U_HEADER_BANK1 Pin=SRAM1_U_SRAM_WRP6-~WE
Added Pin To Net: NetName=GND Pin=ETH1_U_HEADER_WRP4-18
Added Pin To Net: NetName=GND Pin=ETH1_U_HEADER_WRP6-18
Added Pin To Net: NetName=GND Pin=ETH1_U_HEADER_WRP6-19
Added Pin To Net: NetName=GND Pin=ETH1_U_HEADER_WRP6-22
Added Pin To Net: NetName=FPGA_~MR_U_HEADER_BANK1 Pin=ETH1_U_HEADER_WRP7-17
Added Pin To Net: NetName=FPGA_Q_U_HEADER_BANK1 Pin=ETH1_U_HEADER_WRP7-18
Added Pin To Net: NetName=FPGA_~PL_U_HEADER_BANK1 Pin=ETH1_U_HEADER_WRP7-22
Added Pin To Net: NetName=FPGA_SHCP_U_HEADER_BANK1 Pin=ETH1_U_HEADER_WRP7-23
Added Pin To Net: NetName=FPGA_STCP_U_HEADER_BANK1 Pin=ETH1_U_HEADER_WRP7-24
Added Pin To Net: NetName=GND Pin=ETH1_U_HEADER_WRP12-18
Added Pin To Net: NetName=GND Pin=ETH1_U_HEADER_WRP14-18
Added Pin To Net: NetName=GND Pin=ETH1_U_HEADER_WRP14-19
Added Pin To Net: NetName=GND Pin=ETH1_U_HEADER_WRP14-22
Added Pin To Net: NetName=FPGA_~MR_U_HEADER_BANK1 Pin=ETH1_U_HEADER_WRP15-17
Added Pin To Net: NetName=FPGA_Q_U_HEADER_BANK1 Pin=ETH1_U_HEADER_WRP15-18
Added Pin To Net: NetName=FPGA_~PL_U_HEADER_BANK1 Pin=ETH1_U_HEADER_WRP15-22
Added Pin To Net: NetName=FPGA_SHCP_U_HEADER_BANK1 Pin=ETH1_U_HEADER_WRP15-23
Added Pin To Net: NetName=FPGA_STCP_U_HEADER_BANK1 Pin=ETH1_U_HEADER_WRP15-24
Change Net Name : Old Net Name=FPGA_~CS_U_HEADER_BANK1 New Net Name=FPGA_~CS1_U_HEADER_BANK1
Change Net Name : Old Net Name=FPGA_~WE_U_HEADER_BANK1 New Net Name=FPGA_~WE1_U_HEADER_BANK1
Added Pin To Net: NetName=FPGA_~CS2_U_HEADER_BANK1 Pin=ETH1_U_HEADER_WRP6-24
Added Pin To Net: NetName=FPGA_~CS2_U_HEADER_BANK1 Pin=ETH1_U_HEADER_WRP14-24
Added Pin To Net: NetName=FPGA_~CS2_U_HEADER_BANK1 Pin=SRAM1_U_SRAM_WRP5-~CS
Added Pin To Net: NetName=FPGA_~CS2_U_HEADER_BANK1 Pin=SRAM1_U_SRAM_WRP6-~CS
Added Net: Name=FPGA_~CS2_U_HEADER_BANK1
Added Pin To Net: NetName=FPGA_~CS3_U_HEADER_BANK1 Pin=ETH1_U_HEADER_WRP4-24
Added Pin To Net: NetName=FPGA_~CS3_U_HEADER_BANK1 Pin=ETH1_U_HEADER_WRP12-24
Added Pin To Net: NetName=FPGA_~CS3_U_HEADER_BANK1 Pin=SRAM1_U_SRAM_WRP3-~CS
Added Pin To Net: NetName=FPGA_~CS3_U_HEADER_BANK1 Pin=SRAM1_U_SRAM_WRP4-~CS
Added Net: Name=FPGA_~CS3_U_HEADER_BANK1
Added Pin To Net: NetName=FPGA_~CS4_U_HEADER_BANK1 Pin=ETH1_U_HEADER_WRP2-24
Added Pin To Net: NetName=FPGA_~CS4_U_HEADER_BANK1 Pin=ETH1_U_HEADER_WRP10-24
Added Pin To Net: NetName=FPGA_~CS4_U_HEADER_BANK1 Pin=SRAM1_U_SRAM_WRP1-~CS
Added Pin To Net: NetName=FPGA_~CS4_U_HEADER_BANK1 Pin=SRAM1_U_SRAM_WRP2-~CS
Added Net: Name=FPGA_~CS4_U_HEADER_BANK1
Added Pin To Net: NetName=FPGA_~WE2_U_HEADER_BANK1 Pin=ETH1_U_HEADER_WRP6-23
Added Pin To Net: NetName=FPGA_~WE2_U_HEADER_BANK1 Pin=ETH1_U_HEADER_WRP14-23
Added Pin To Net: NetName=FPGA_~WE2_U_HEADER_BANK1 Pin=SRAM1_U_SRAM_WRP5-~WE
Added Pin To Net: NetName=FPGA_~WE2_U_HEADER_BANK1 Pin=SRAM1_U_SRAM_WRP6-~WE
Added Net: Name=FPGA_~WE2_U_HEADER_BANK1
Added Pin To Net: NetName=FPGA_~WE3_U_HEADER_BANK1 Pin=ETH1_U_HEADER_WRP4-23
Added Pin To Net: NetName=FPGA_~WE3_U_HEADER_BANK1 Pin=ETH1_U_HEADER_WRP12-23
Added Pin To Net: NetName=FPGA_~WE3_U_HEADER_BANK1 Pin=SRAM1_U_SRAM_WRP3-~WE
Added Pin To Net: NetName=FPGA_~WE3_U_HEADER_BANK1 Pin=SRAM1_U_SRAM_WRP4-~WE
Added Net: Name=FPGA_~WE3_U_HEADER_BANK1
Added Pin To Net: NetName=FPGA_~WE4_U_HEADER_BANK1 Pin=ETH1_U_HEADER_WRP2-23
Added Pin To Net: NetName=FPGA_~WE4_U_HEADER_BANK1 Pin=ETH1_U_HEADER_WRP10-23
Added Pin To Net: NetName=FPGA_~WE4_U_HEADER_BANK1 Pin=SRAM1_U_SRAM_WRP1-~WE
Added Pin To Net: NetName=FPGA_~WE4_U_HEADER_BANK1 Pin=SRAM1_U_SRAM_WRP2-~WE
Added Net: Name=FPGA_~WE4_U_HEADER_BANK1
