Removed Pin From Net: NetName=GND Pin=ETH1_U_HEADER_WRP1-17
Removed Pin From Net: NetName=GND Pin=ETH1_U_HEADER_WRP1-18
Removed Pin From Net: NetName=GND Pin=ETH1_U_HEADER_WRP1-19
Removed Pin From Net: NetName=GND Pin=ETH1_U_HEADER_WRP1-20
Removed Pin From Net: NetName=GND Pin=ETH1_U_HEADER_WRP1-21
Removed Pin From Net: NetName=GND Pin=ETH1_U_HEADER_WRP1-22
Removed Pin From Net: NetName=GND Pin=ETH1_U_HEADER_WRP1-23
Removed Pin From Net: NetName=GND Pin=ETH1_U_HEADER_WRP1-24
Removed Pin From Net: NetName=CLK_4 Pin=ETH1_U_HEADER_WRP2-17
Removed Pin From Net: NetName=3V3 Pin=ETH1_U_HEADER_WRP2-18
Removed Pin From Net: NetName=GND Pin=ETH1_U_HEADER_WRP2-19
Removed Pin From Net: NetName=GND Pin=ETH1_U_HEADER_WRP2-20
Removed Pin From Net: NetName=GND Pin=ETH1_U_HEADER_WRP2-21
Removed Pin From Net: NetName=GND Pin=ETH1_U_HEADER_WRP2-22
Removed Pin From Net: NetName=GLOBAL_HIGH_POWER_U_HEADER_BANK1 Pin=ETH1_U_HEADER_WRP3-17
Removed Pin From Net: NetName=GND Pin=ETH1_U_HEADER_WRP3-18
Removed Pin From Net: NetName=GND Pin=ETH1_U_HEADER_WRP3-19
Removed Pin From Net: NetName=GND Pin=ETH1_U_HEADER_WRP3-20
Removed Pin From Net: NetName=GND Pin=ETH1_U_HEADER_WRP3-21
Removed Pin From Net: NetName=GND Pin=ETH1_U_HEADER_WRP3-22
Removed Pin From Net: NetName=GND Pin=ETH1_U_HEADER_WRP3-23
Removed Pin From Net: NetName=GND Pin=ETH1_U_HEADER_WRP3-24
Removed Pin From Net: NetName=CLK_3 Pin=ETH1_U_HEADER_WRP4-17
Removed Pin From Net: NetName=GND Pin=ETH1_U_HEADER_WRP4-18
Removed Pin From Net: NetName=GND Pin=ETH1_U_HEADER_WRP4-19
Removed Pin From Net: NetName=GND Pin=ETH1_U_HEADER_WRP4-20
Removed Pin From Net: NetName=GND Pin=ETH1_U_HEADER_WRP4-21
Removed Pin From Net: NetName=GND Pin=ETH1_U_HEADER_WRP4-22
Removed Pin From Net: NetName=EN Pin=ETH1_U_HEADER_WRP5-17
Removed Pin From Net: NetName=GND Pin=ETH1_U_HEADER_WRP5-18
Removed Pin From Net: NetName=GND Pin=ETH1_U_HEADER_WRP5-19
Removed Pin From Net: NetName=GND Pin=ETH1_U_HEADER_WRP5-20
Removed Pin From Net: NetName=GND Pin=ETH1_U_HEADER_WRP5-21
Removed Pin From Net: NetName=GND Pin=ETH1_U_HEADER_WRP5-22
Removed Pin From Net: NetName=GND Pin=ETH1_U_HEADER_WRP5-23
Removed Pin From Net: NetName=GND Pin=ETH1_U_HEADER_WRP5-24
Removed Pin From Net: NetName=CLK_2 Pin=ETH1_U_HEADER_WRP6-17
Removed Pin From Net: NetName=GND Pin=ETH1_U_HEADER_WRP6-18
Removed Pin From Net: NetName=GND Pin=ETH1_U_HEADER_WRP6-19
Removed Pin From Net: NetName=GND Pin=ETH1_U_HEADER_WRP6-20
Removed Pin From Net: NetName=GND Pin=ETH1_U_HEADER_WRP6-21
Removed Pin From Net: NetName=GND Pin=ETH1_U_HEADER_WRP6-22
Removed Pin From Net: NetName=FPGA_~MR_U_HEADER_BANK1 Pin=ETH1_U_HEADER_WRP7-17
Removed Pin From Net: NetName=GND Pin=ETH1_U_HEADER_WRP7-19
Removed Pin From Net: NetName=GND Pin=ETH1_U_HEADER_WRP7-20
Removed Pin From Net: NetName=GND Pin=ETH1_U_HEADER_WRP7-21
Removed Pin From Net: NetName=FPGA_~PL_U_HEADER_BANK1 Pin=ETH1_U_HEADER_WRP7-22
Removed Pin From Net: NetName=FPGA_SHCP_U_HEADER_BANK1 Pin=ETH1_U_HEADER_WRP7-23
Removed Pin From Net: NetName=FPGA_STCP_U_HEADER_BANK1 Pin=ETH1_U_HEADER_WRP7-24
Removed Pin From Net: NetName=CLK_1 Pin=ETH1_U_HEADER_WRP8-17
Removed Pin From Net: NetName=CLR_COUNTER_W_U_COUNTER_WRP1 Pin=ETH1_U_HEADER_WRP8-18
Removed Pin From Net: NetName=GND Pin=ETH1_U_HEADER_WRP8-19
Removed Pin From Net: NetName=GND Pin=ETH1_U_HEADER_WRP8-20
Removed Pin From Net: NetName=GND Pin=ETH1_U_HEADER_WRP8-21
Removed Pin From Net: NetName=FPGA_~OE_U_HEADER_BANK1 Pin=ETH1_U_HEADER_WRP8-23
Added Component: Designator=ETH1_U_BOTTOM_HEADER_WRP1(FEMALE_HEADER_SMD)
Added Component: Designator=ETH1_U_BOTTOM_HEADER_WRP2(FEMALE_HEADER_SMD)
Added Component: Designator=ETH1_U_BOTTOM_HEADER_WRP3(FEMALE_HEADER_SMD)
Added Component: Designator=ETH1_U_BOTTOM_HEADER_WRP4(FEMALE_HEADER_SMD)
Added Component: Designator=ETH1_U_TOP_HEADER_WRP1(FEMALE_HEADER_SMD)
Added Component: Designator=ETH1_U_TOP_HEADER_WRP2(FEMALE_HEADER_SMD)
Added Component: Designator=ETH1_U_TOP_HEADER_WRP3(FEMALE_HEADER_SMD)
Added Component: Designator=ETH1_U_TOP_HEADER_WRP4(FEMALE_HEADER_SMD)
Added Component: Designator=ETH1_U_TOP_HEADER_WRP5(FEMALE_HEADER_SMD)
Added Component: Designator=ETH1_U_TOP_HEADER_WRP6(FEMALE_HEADER_SMD)
Added Component: Designator=ETH1_U_TOP_HEADER_WRP7(FEMALE_HEADER_SMD)
Added Component: Designator=ETH1_U_TOP_HEADER_WRP8(FEMALE_HEADER_SMD)
Added Pin To Net: NetName=CLK_4 Pin=ETH1_U_BOTTOM_HEADER_WRP1-17
Added Pin To Net: NetName=FPGA_STCP_U_HEADER_BANK1 Pin=ETH1_U_BOTTOM_HEADER_WRP1-18
Added Pin To Net: NetName=FPGA_SHCP_U_HEADER_BANK1 Pin=ETH1_U_BOTTOM_HEADER_WRP1-19
Added Pin To Net: NetName=FPGA_~PL_U_HEADER_BANK1 Pin=ETH1_U_BOTTOM_HEADER_WRP1-20
Added Pin To Net: NetName=FPGA_~MR_U_HEADER_BANK1 Pin=ETH1_U_BOTTOM_HEADER_WRP1-22
Added Pin To Net: NetName=CLK_3 Pin=ETH1_U_BOTTOM_HEADER_WRP2-17
Added Pin To Net: NetName=GND Pin=ETH1_U_BOTTOM_HEADER_WRP2-18
Added Pin To Net: NetName=GND Pin=ETH1_U_BOTTOM_HEADER_WRP2-19
Added Pin To Net: NetName=GND Pin=ETH1_U_BOTTOM_HEADER_WRP2-20
Added Pin To Net: NetName=GND Pin=ETH1_U_BOTTOM_HEADER_WRP2-21
Added Pin To Net: NetName=GND Pin=ETH1_U_BOTTOM_HEADER_WRP2-22
Added Pin To Net: NetName=CLK_2 Pin=ETH1_U_BOTTOM_HEADER_WRP3-17
Added Pin To Net: NetName=GLOBAL_HIGH_POWER_U_HEADER_BANK1 Pin=ETH1_U_BOTTOM_HEADER_WRP3-18
Added Pin To Net: NetName=GND Pin=ETH1_U_BOTTOM_HEADER_WRP3-19
Added Pin To Net: NetName=GND Pin=ETH1_U_BOTTOM_HEADER_WRP3-20
Added Pin To Net: NetName=GND Pin=ETH1_U_BOTTOM_HEADER_WRP3-21
Added Pin To Net: NetName=3V3 Pin=ETH1_U_BOTTOM_HEADER_WRP3-22
Added Pin To Net: NetName=CLK_1 Pin=ETH1_U_BOTTOM_HEADER_WRP4-17
Added Pin To Net: NetName=CLR_COUNTER_W_U_COUNTER_WRP1 Pin=ETH1_U_BOTTOM_HEADER_WRP4-18
Added Pin To Net: NetName=EN Pin=ETH1_U_BOTTOM_HEADER_WRP4-19
Added Pin To Net: NetName=GND Pin=ETH1_U_BOTTOM_HEADER_WRP4-20
Added Pin To Net: NetName=GND Pin=ETH1_U_BOTTOM_HEADER_WRP4-21
Added Pin To Net: NetName=FPGA_~OE_U_HEADER_BANK1 Pin=ETH1_U_BOTTOM_HEADER_WRP4-23
Added Pin To Net: NetName=GND Pin=ETH1_U_TOP_HEADER_WRP1-17
Added Pin To Net: NetName=GND Pin=ETH1_U_TOP_HEADER_WRP1-18
Added Pin To Net: NetName=GND Pin=ETH1_U_TOP_HEADER_WRP1-19
Added Pin To Net: NetName=GND Pin=ETH1_U_TOP_HEADER_WRP1-20
Added Pin To Net: NetName=GND Pin=ETH1_U_TOP_HEADER_WRP1-21
Added Pin To Net: NetName=GND Pin=ETH1_U_TOP_HEADER_WRP1-22
Added Pin To Net: NetName=GND Pin=ETH1_U_TOP_HEADER_WRP1-23
Added Pin To Net: NetName=GND Pin=ETH1_U_TOP_HEADER_WRP1-24
Added Pin To Net: NetName=GND Pin=ETH1_U_TOP_HEADER_WRP2-17
Added Pin To Net: NetName=GND Pin=ETH1_U_TOP_HEADER_WRP2-18
Added Pin To Net: NetName=GND Pin=ETH1_U_TOP_HEADER_WRP2-19
Added Pin To Net: NetName=GND Pin=ETH1_U_TOP_HEADER_WRP2-20
Added Pin To Net: NetName=GND Pin=ETH1_U_TOP_HEADER_WRP2-21
Added Pin To Net: NetName=GND Pin=ETH1_U_TOP_HEADER_WRP2-22
Added Pin To Net: NetName=GND Pin=ETH1_U_TOP_HEADER_WRP2-23
Added Pin To Net: NetName=GND Pin=ETH1_U_TOP_HEADER_WRP2-24
Added Pin To Net: NetName=GND Pin=ETH1_U_TOP_HEADER_WRP3-17
Added Pin To Net: NetName=GND Pin=ETH1_U_TOP_HEADER_WRP3-18
Added Pin To Net: NetName=GND Pin=ETH1_U_TOP_HEADER_WRP3-19
Added Pin To Net: NetName=GND Pin=ETH1_U_TOP_HEADER_WRP3-20
Added Pin To Net: NetName=GND Pin=ETH1_U_TOP_HEADER_WRP3-21
Added Pin To Net: NetName=GND Pin=ETH1_U_TOP_HEADER_WRP3-22
Added Pin To Net: NetName=GND Pin=ETH1_U_TOP_HEADER_WRP3-23
Added Pin To Net: NetName=GND Pin=ETH1_U_TOP_HEADER_WRP3-24
Added Pin To Net: NetName=GND Pin=ETH1_U_TOP_HEADER_WRP4-17
Added Pin To Net: NetName=GND Pin=ETH1_U_TOP_HEADER_WRP4-18
Added Pin To Net: NetName=GND Pin=ETH1_U_TOP_HEADER_WRP4-19
Added Pin To Net: NetName=GND Pin=ETH1_U_TOP_HEADER_WRP4-20
Added Pin To Net: NetName=GND Pin=ETH1_U_TOP_HEADER_WRP4-21
Added Pin To Net: NetName=GND Pin=ETH1_U_TOP_HEADER_WRP4-22
Added Pin To Net: NetName=GND Pin=ETH1_U_TOP_HEADER_WRP4-23
Added Pin To Net: NetName=GND Pin=ETH1_U_TOP_HEADER_WRP4-24
Added Pin To Net: NetName=GND Pin=ETH1_U_TOP_HEADER_WRP5-17
Added Pin To Net: NetName=GND Pin=ETH1_U_TOP_HEADER_WRP5-18
Added Pin To Net: NetName=GND Pin=ETH1_U_TOP_HEADER_WRP5-19
Added Pin To Net: NetName=GND Pin=ETH1_U_TOP_HEADER_WRP5-20
Added Pin To Net: NetName=GND Pin=ETH1_U_TOP_HEADER_WRP5-21
Added Pin To Net: NetName=GND Pin=ETH1_U_TOP_HEADER_WRP5-22
Added Pin To Net: NetName=GND Pin=ETH1_U_TOP_HEADER_WRP5-23
Added Pin To Net: NetName=GND Pin=ETH1_U_TOP_HEADER_WRP5-24
Added Pin To Net: NetName=GND Pin=ETH1_U_TOP_HEADER_WRP6-17
Added Pin To Net: NetName=GND Pin=ETH1_U_TOP_HEADER_WRP6-18
Added Pin To Net: NetName=GND Pin=ETH1_U_TOP_HEADER_WRP6-19
Added Pin To Net: NetName=GND Pin=ETH1_U_TOP_HEADER_WRP6-20
Added Pin To Net: NetName=GND Pin=ETH1_U_TOP_HEADER_WRP6-21
Added Pin To Net: NetName=GND Pin=ETH1_U_TOP_HEADER_WRP6-22
Added Pin To Net: NetName=GND Pin=ETH1_U_TOP_HEADER_WRP6-23
Added Pin To Net: NetName=GND Pin=ETH1_U_TOP_HEADER_WRP6-24
Added Pin To Net: NetName=GND Pin=ETH1_U_TOP_HEADER_WRP7-17
Added Pin To Net: NetName=GND Pin=ETH1_U_TOP_HEADER_WRP7-18
Added Pin To Net: NetName=GND Pin=ETH1_U_TOP_HEADER_WRP7-19
Added Pin To Net: NetName=GND Pin=ETH1_U_TOP_HEADER_WRP7-20
Added Pin To Net: NetName=GND Pin=ETH1_U_TOP_HEADER_WRP7-21
Added Pin To Net: NetName=GND Pin=ETH1_U_TOP_HEADER_WRP7-22
Added Pin To Net: NetName=GND Pin=ETH1_U_TOP_HEADER_WRP7-23
Added Pin To Net: NetName=GND Pin=ETH1_U_TOP_HEADER_WRP7-24
Added Pin To Net: NetName=GND Pin=ETH1_U_TOP_HEADER_WRP8-17
Added Pin To Net: NetName=GND Pin=ETH1_U_TOP_HEADER_WRP8-18
Added Pin To Net: NetName=GND Pin=ETH1_U_TOP_HEADER_WRP8-19
Added Pin To Net: NetName=GND Pin=ETH1_U_TOP_HEADER_WRP8-20
Added Pin To Net: NetName=GND Pin=ETH1_U_TOP_HEADER_WRP8-21
Added Pin To Net: NetName=GND Pin=ETH1_U_TOP_HEADER_WRP8-22
Added Pin To Net: NetName=GND Pin=ETH1_U_TOP_HEADER_WRP8-23
Added Pin To Net: NetName=GND Pin=ETH1_U_TOP_HEADER_WRP8-24
Change Net Name : Old Net Name=FPGA_SHCP_U_HEADER_BANK1 New Net Name=FPGA_SHCP
Change Net Name : Old Net Name=FPGA_STCP_U_HEADER_BANK1 New Net Name=FPGA_STCP
Change Net Name : Old Net Name=FPGA_~MR_U_HEADER_BANK1 New Net Name=FPGA_~MR
Change Net Name : Old Net Name=FPGA_~OE_U_HEADER_BANK1 New Net Name=FPGA_~OE
Change Net Name : Old Net Name=FPGA_~PL_U_HEADER_BANK1 New Net Name=FPGA_~PL
Change Net Name : Old Net Name=GLOBAL_HIGH_POWER_U_HEADER_BANK1 New Net Name=GLOBAL_HIGH_POWER
Added Pin To Net: NetName=FPGA_Q Pin=ETH1_U_BOTTOM_HEADER_WRP1-21
Added Pin To Net: NetName=FPGA_Q Pin=OB1_U_OB_WRP1-Q
Added Net: Name=FPGA_Q
Added Pin To Net: NetName=FPGA_~CS1 Pin=ETH1_U_BOTTOM_HEADER_WRP4-24
Added Pin To Net: NetName=FPGA_~CS1 Pin=SRAM1_U_SRAM_WRP7-~CS
Added Pin To Net: NetName=FPGA_~CS1 Pin=SRAM1_U_SRAM_WRP8-~CS
Added Net: Name=FPGA_~CS1
Added Pin To Net: NetName=FPGA_~CS2 Pin=ETH1_U_BOTTOM_HEADER_WRP3-24
Added Pin To Net: NetName=FPGA_~CS2 Pin=SRAM1_U_SRAM_WRP5-~CS
Added Pin To Net: NetName=FPGA_~CS2 Pin=SRAM1_U_SRAM_WRP6-~CS
Added Net: Name=FPGA_~CS2
Added Pin To Net: NetName=FPGA_~CS3 Pin=ETH1_U_BOTTOM_HEADER_WRP2-24
Added Pin To Net: NetName=FPGA_~CS3 Pin=SRAM1_U_SRAM_WRP3-~CS
Added Pin To Net: NetName=FPGA_~CS3 Pin=SRAM1_U_SRAM_WRP4-~CS
Added Net: Name=FPGA_~CS3
Added Pin To Net: NetName=FPGA_~CS4 Pin=ETH1_U_BOTTOM_HEADER_WRP1-24
Added Pin To Net: NetName=FPGA_~CS4 Pin=SRAM1_U_SRAM_WRP1-~CS
Added Pin To Net: NetName=FPGA_~CS4 Pin=SRAM1_U_SRAM_WRP2-~CS
Added Net: Name=FPGA_~CS4
Added Pin To Net: NetName=FPGA_~WE1 Pin=ETH1_U_BOTTOM_HEADER_WRP4-22
Added Pin To Net: NetName=FPGA_~WE1 Pin=SRAM1_U_SRAM_WRP7-~WE
Added Pin To Net: NetName=FPGA_~WE1 Pin=SRAM1_U_SRAM_WRP8-~WE
Added Net: Name=FPGA_~WE1
Added Pin To Net: NetName=FPGA_~WE2 Pin=ETH1_U_BOTTOM_HEADER_WRP3-23
Added Pin To Net: NetName=FPGA_~WE2 Pin=SRAM1_U_SRAM_WRP5-~WE
Added Pin To Net: NetName=FPGA_~WE2 Pin=SRAM1_U_SRAM_WRP6-~WE
Added Net: Name=FPGA_~WE2
Added Pin To Net: NetName=FPGA_~WE3 Pin=ETH1_U_BOTTOM_HEADER_WRP2-23
Added Pin To Net: NetName=FPGA_~WE3 Pin=SRAM1_U_SRAM_WRP3-~WE
Added Pin To Net: NetName=FPGA_~WE3 Pin=SRAM1_U_SRAM_WRP4-~WE
Added Net: Name=FPGA_~WE3
Added Pin To Net: NetName=FPGA_~WE4 Pin=ETH1_U_BOTTOM_HEADER_WRP1-23
Added Pin To Net: NetName=FPGA_~WE4 Pin=SRAM1_U_SRAM_WRP1-~WE
Added Pin To Net: NetName=FPGA_~WE4 Pin=SRAM1_U_SRAM_WRP2-~WE
Added Net: Name=FPGA_~WE4
Added Pin To Net: NetName=INSIDE_B0 Pin=ETH1_U_TOP_HEADER_WRP8-40
Added Pin To Net: NetName=INSIDE_B0 Pin=VT1_U_VT_WRP16-IVCC0
Added Pin To Net: NetName=INSIDE_B0 Pin=ZIF1-1
Added Net: Name=INSIDE_B0
Added Pin To Net: NetName=INSIDE_B1 Pin=ETH1_U_TOP_HEADER_WRP8-39
Added Pin To Net: NetName=INSIDE_B1 Pin=VT1_U_VT_WRP16-IVCC1
Added Pin To Net: NetName=INSIDE_B1 Pin=ZIF1-2
Added Net: Name=INSIDE_B1
Added Pin To Net: NetName=INSIDE_B2 Pin=ETH1_U_TOP_HEADER_WRP8-38
Added Pin To Net: NetName=INSIDE_B2 Pin=VT1_U_VT_WRP16-IVCC2
Added Pin To Net: NetName=INSIDE_B2 Pin=ZIF1-3
Added Net: Name=INSIDE_B2
Added Pin To Net: NetName=INSIDE_B3 Pin=ETH1_U_TOP_HEADER_WRP8-37
Added Pin To Net: NetName=INSIDE_B3 Pin=VT1_U_VT_WRP16-IVCC3
Added Pin To Net: NetName=INSIDE_B3 Pin=ZIF1-4
Added Net: Name=INSIDE_B3
Added Pin To Net: NetName=INSIDE_B4 Pin=ETH1_U_TOP_HEADER_WRP8-36
Added Pin To Net: NetName=INSIDE_B4 Pin=VT1_U_VT_WRP16-IVCC4
Added Pin To Net: NetName=INSIDE_B4 Pin=ZIF1-5
Added Net: Name=INSIDE_B4
Added Pin To Net: NetName=INSIDE_B5 Pin=ETH1_U_TOP_HEADER_WRP8-35
Added Pin To Net: NetName=INSIDE_B5 Pin=VT1_U_VT_WRP16-IVCC5
Added Pin To Net: NetName=INSIDE_B5 Pin=ZIF1-6
Added Net: Name=INSIDE_B5
Added Pin To Net: NetName=INSIDE_B6 Pin=ETH1_U_TOP_HEADER_WRP8-34
Added Pin To Net: NetName=INSIDE_B6 Pin=VT1_U_VT_WRP16-IVCC6
Added Pin To Net: NetName=INSIDE_B6 Pin=ZIF1-7
Added Net: Name=INSIDE_B6
Added Pin To Net: NetName=INSIDE_B7 Pin=ETH1_U_TOP_HEADER_WRP8-33
Added Pin To Net: NetName=INSIDE_B7 Pin=VT1_U_VT_WRP16-IVCC7
Added Pin To Net: NetName=INSIDE_B7 Pin=ZIF1-8
Added Net: Name=INSIDE_B7
Added Pin To Net: NetName=INSIDE_B8 Pin=ETH1_U_TOP_HEADER_WRP8-32
Added Pin To Net: NetName=INSIDE_B8 Pin=VT1_U_VT_WRP15-IVCC0
Added Pin To Net: NetName=INSIDE_B8 Pin=ZIF1-9
Added Net: Name=INSIDE_B8
Added Pin To Net: NetName=INSIDE_B9 Pin=ETH1_U_TOP_HEADER_WRP8-31
Added Pin To Net: NetName=INSIDE_B9 Pin=VT1_U_VT_WRP15-IVCC1
Added Pin To Net: NetName=INSIDE_B9 Pin=ZIF1-10
Added Net: Name=INSIDE_B9
Added Pin To Net: NetName=INSIDE_B10 Pin=ETH1_U_TOP_HEADER_WRP8-30
Added Pin To Net: NetName=INSIDE_B10 Pin=VT1_U_VT_WRP15-IVCC2
Added Pin To Net: NetName=INSIDE_B10 Pin=ZIF1-11
Added Net: Name=INSIDE_B10
Added Pin To Net: NetName=INSIDE_B11 Pin=ETH1_U_TOP_HEADER_WRP8-29
Added Pin To Net: NetName=INSIDE_B11 Pin=VT1_U_VT_WRP15-IVCC3
Added Pin To Net: NetName=INSIDE_B11 Pin=ZIF1-12
Added Net: Name=INSIDE_B11
Added Pin To Net: NetName=INSIDE_B12 Pin=ETH1_U_TOP_HEADER_WRP8-28
Added Pin To Net: NetName=INSIDE_B12 Pin=VT1_U_VT_WRP15-IVCC4
Added Pin To Net: NetName=INSIDE_B12 Pin=ZIF1-13
Added Net: Name=INSIDE_B12
Added Pin To Net: NetName=INSIDE_B13 Pin=ETH1_U_TOP_HEADER_WRP8-27
Added Pin To Net: NetName=INSIDE_B13 Pin=VT1_U_VT_WRP15-IVCC5
Added Pin To Net: NetName=INSIDE_B13 Pin=ZIF1-14
Added Net: Name=INSIDE_B13
Added Pin To Net: NetName=INSIDE_B14 Pin=ETH1_U_TOP_HEADER_WRP8-26
Added Pin To Net: NetName=INSIDE_B14 Pin=VT1_U_VT_WRP15-IVCC6
Added Pin To Net: NetName=INSIDE_B14 Pin=ZIF1-15
Added Net: Name=INSIDE_B14
Added Pin To Net: NetName=INSIDE_B15 Pin=ETH1_U_TOP_HEADER_WRP8-25
Added Pin To Net: NetName=INSIDE_B15 Pin=VT1_U_VT_WRP15-IVCC7
Added Pin To Net: NetName=INSIDE_B15 Pin=ZIF1-16
Added Net: Name=INSIDE_B15
Added Pin To Net: NetName=INSIDE_B16 Pin=ETH1_U_TOP_HEADER_WRP7-40
Added Pin To Net: NetName=INSIDE_B16 Pin=VT1_U_VT_WRP14-IVCC0
Added Pin To Net: NetName=INSIDE_B16 Pin=ZIF1-17
Added Net: Name=INSIDE_B16
Added Pin To Net: NetName=INSIDE_B17 Pin=ETH1_U_TOP_HEADER_WRP7-39
Added Pin To Net: NetName=INSIDE_B17 Pin=VT1_U_VT_WRP14-IVCC1
Added Pin To Net: NetName=INSIDE_B17 Pin=ZIF1-18
Added Net: Name=INSIDE_B17
Added Pin To Net: NetName=INSIDE_B18 Pin=ETH1_U_TOP_HEADER_WRP7-38
Added Pin To Net: NetName=INSIDE_B18 Pin=VT1_U_VT_WRP14-IVCC2
Added Pin To Net: NetName=INSIDE_B18 Pin=ZIF1-19
Added Net: Name=INSIDE_B18
Added Pin To Net: NetName=INSIDE_B19 Pin=ETH1_U_TOP_HEADER_WRP7-37
Added Pin To Net: NetName=INSIDE_B19 Pin=VT1_U_VT_WRP14-IVCC3
Added Pin To Net: NetName=INSIDE_B19 Pin=ZIF1-20
Added Net: Name=INSIDE_B19
Added Pin To Net: NetName=INSIDE_B20 Pin=ETH1_U_TOP_HEADER_WRP7-36
Added Pin To Net: NetName=INSIDE_B20 Pin=VT1_U_VT_WRP14-IVCC4
Added Pin To Net: NetName=INSIDE_B20 Pin=ZIF1-21
Added Net: Name=INSIDE_B20
Added Pin To Net: NetName=INSIDE_B21 Pin=ETH1_U_TOP_HEADER_WRP7-35
Added Pin To Net: NetName=INSIDE_B21 Pin=VT1_U_VT_WRP14-IVCC5
Added Pin To Net: NetName=INSIDE_B21 Pin=ZIF1-22
Added Net: Name=INSIDE_B21
Added Pin To Net: NetName=INSIDE_B22 Pin=ETH1_U_TOP_HEADER_WRP7-34
Added Pin To Net: NetName=INSIDE_B22 Pin=VT1_U_VT_WRP14-IVCC6
Added Pin To Net: NetName=INSIDE_B22 Pin=ZIF1-23
Added Net: Name=INSIDE_B22
Added Pin To Net: NetName=INSIDE_B23 Pin=ETH1_U_TOP_HEADER_WRP7-33
Added Pin To Net: NetName=INSIDE_B23 Pin=VT1_U_VT_WRP14-IVCC7
Added Pin To Net: NetName=INSIDE_B23 Pin=ZIF1-24
Added Net: Name=INSIDE_B23
Added Pin To Net: NetName=INSIDE_B24 Pin=ETH1_U_TOP_HEADER_WRP7-32
Added Pin To Net: NetName=INSIDE_B24 Pin=VT1_U_VT_WRP13-IVCC0
Added Pin To Net: NetName=INSIDE_B24 Pin=ZIF1-25
Added Net: Name=INSIDE_B24
Added Pin To Net: NetName=INSIDE_B25 Pin=ETH1_U_TOP_HEADER_WRP7-31
Added Pin To Net: NetName=INSIDE_B25 Pin=VT1_U_VT_WRP13-IVCC1
Added Pin To Net: NetName=INSIDE_B25 Pin=ZIF1-26
Added Net: Name=INSIDE_B25
Added Pin To Net: NetName=INSIDE_B26 Pin=ETH1_U_TOP_HEADER_WRP7-30
Added Pin To Net: NetName=INSIDE_B26 Pin=VT1_U_VT_WRP13-IVCC2
Added Pin To Net: NetName=INSIDE_B26 Pin=ZIF1-27
Added Net: Name=INSIDE_B26
Added Pin To Net: NetName=INSIDE_B27 Pin=ETH1_U_TOP_HEADER_WRP7-29
Added Pin To Net: NetName=INSIDE_B27 Pin=VT1_U_VT_WRP13-IVCC3
Added Pin To Net: NetName=INSIDE_B27 Pin=ZIF1-28
Added Net: Name=INSIDE_B27
Added Pin To Net: NetName=INSIDE_B28 Pin=ETH1_U_TOP_HEADER_WRP7-28
Added Pin To Net: NetName=INSIDE_B28 Pin=VT1_U_VT_WRP13-IVCC4
Added Pin To Net: NetName=INSIDE_B28 Pin=ZIF1-29
Added Net: Name=INSIDE_B28
Added Pin To Net: NetName=INSIDE_B29 Pin=ETH1_U_TOP_HEADER_WRP7-27
Added Pin To Net: NetName=INSIDE_B29 Pin=VT1_U_VT_WRP13-IVCC5
Added Pin To Net: NetName=INSIDE_B29 Pin=ZIF1-30
Added Net: Name=INSIDE_B29
Added Pin To Net: NetName=INSIDE_B30 Pin=ETH1_U_TOP_HEADER_WRP7-26
Added Pin To Net: NetName=INSIDE_B30 Pin=VT1_U_VT_WRP13-IVCC6
Added Pin To Net: NetName=INSIDE_B30 Pin=ZIF1-31
Added Net: Name=INSIDE_B30
Added Pin To Net: NetName=INSIDE_B31 Pin=ETH1_U_TOP_HEADER_WRP7-25
Added Pin To Net: NetName=INSIDE_B31 Pin=VT1_U_VT_WRP13-IVCC7
Added Pin To Net: NetName=INSIDE_B31 Pin=ZIF1-32
Added Net: Name=INSIDE_B31
Added Pin To Net: NetName=INSIDE_B32 Pin=ETH1_U_TOP_HEADER_WRP6-40
Added Pin To Net: NetName=INSIDE_B32 Pin=VT1_U_VT_WRP12-IVCC0
Added Pin To Net: NetName=INSIDE_B32 Pin=ZIF1-33
Added Net: Name=INSIDE_B32
Added Pin To Net: NetName=INSIDE_B33 Pin=ETH1_U_TOP_HEADER_WRP6-39
Added Pin To Net: NetName=INSIDE_B33 Pin=VT1_U_VT_WRP12-IVCC1
Added Pin To Net: NetName=INSIDE_B33 Pin=ZIF1-34
Added Net: Name=INSIDE_B33
Added Pin To Net: NetName=INSIDE_B34 Pin=ETH1_U_TOP_HEADER_WRP6-38
Added Pin To Net: NetName=INSIDE_B34 Pin=VT1_U_VT_WRP12-IVCC2
Added Pin To Net: NetName=INSIDE_B34 Pin=ZIF1-35
Added Net: Name=INSIDE_B34
Added Pin To Net: NetName=INSIDE_B35 Pin=ETH1_U_TOP_HEADER_WRP6-37
Added Pin To Net: NetName=INSIDE_B35 Pin=VT1_U_VT_WRP12-IVCC3
Added Pin To Net: NetName=INSIDE_B35 Pin=ZIF1-36
Added Net: Name=INSIDE_B35
Added Pin To Net: NetName=INSIDE_B36 Pin=ETH1_U_TOP_HEADER_WRP6-36
Added Pin To Net: NetName=INSIDE_B36 Pin=VT1_U_VT_WRP12-IVCC4
Added Pin To Net: NetName=INSIDE_B36 Pin=ZIF1-37
Added Net: Name=INSIDE_B36
Added Pin To Net: NetName=INSIDE_B37 Pin=ETH1_U_TOP_HEADER_WRP6-35
Added Pin To Net: NetName=INSIDE_B37 Pin=VT1_U_VT_WRP12-IVCC5
Added Pin To Net: NetName=INSIDE_B37 Pin=ZIF1-38
Added Net: Name=INSIDE_B37
Added Pin To Net: NetName=INSIDE_B38 Pin=ETH1_U_TOP_HEADER_WRP6-34
Added Pin To Net: NetName=INSIDE_B38 Pin=VT1_U_VT_WRP12-IVCC6
Added Pin To Net: NetName=INSIDE_B38 Pin=ZIF1-39
Added Net: Name=INSIDE_B38
Added Pin To Net: NetName=INSIDE_B39 Pin=ETH1_U_TOP_HEADER_WRP6-33
Added Pin To Net: NetName=INSIDE_B39 Pin=VT1_U_VT_WRP12-IVCC7
Added Pin To Net: NetName=INSIDE_B39 Pin=ZIF1-40
Added Net: Name=INSIDE_B39
Added Pin To Net: NetName=INSIDE_B40 Pin=ETH1_U_TOP_HEADER_WRP6-32
Added Pin To Net: NetName=INSIDE_B40 Pin=VT1_U_VT_WRP11-IVCC0
Added Pin To Net: NetName=INSIDE_B40 Pin=ZIF1-41
Added Net: Name=INSIDE_B40
Added Pin To Net: NetName=INSIDE_B41 Pin=ETH1_U_TOP_HEADER_WRP6-31
Added Pin To Net: NetName=INSIDE_B41 Pin=VT1_U_VT_WRP11-IVCC1
Added Pin To Net: NetName=INSIDE_B41 Pin=ZIF1-42
Added Net: Name=INSIDE_B41
Added Pin To Net: NetName=INSIDE_B42 Pin=ETH1_U_TOP_HEADER_WRP6-30
Added Pin To Net: NetName=INSIDE_B42 Pin=VT1_U_VT_WRP11-IVCC2
Added Pin To Net: NetName=INSIDE_B42 Pin=ZIF1-43
Added Net: Name=INSIDE_B42
Added Pin To Net: NetName=INSIDE_B43 Pin=ETH1_U_TOP_HEADER_WRP6-29
Added Pin To Net: NetName=INSIDE_B43 Pin=VT1_U_VT_WRP11-IVCC3
Added Pin To Net: NetName=INSIDE_B43 Pin=ZIF1-44
Added Net: Name=INSIDE_B43
Added Pin To Net: NetName=INSIDE_B44 Pin=ETH1_U_TOP_HEADER_WRP6-28
Added Pin To Net: NetName=INSIDE_B44 Pin=VT1_U_VT_WRP11-IVCC4
Added Pin To Net: NetName=INSIDE_B44 Pin=ZIF1-45
Added Net: Name=INSIDE_B44
Added Pin To Net: NetName=INSIDE_B45 Pin=ETH1_U_TOP_HEADER_WRP6-27
Added Pin To Net: NetName=INSIDE_B45 Pin=VT1_U_VT_WRP11-IVCC5
Added Pin To Net: NetName=INSIDE_B45 Pin=ZIF1-46
Added Net: Name=INSIDE_B45
Added Pin To Net: NetName=INSIDE_B46 Pin=ETH1_U_TOP_HEADER_WRP6-26
Added Pin To Net: NetName=INSIDE_B46 Pin=VT1_U_VT_WRP11-IVCC6
Added Pin To Net: NetName=INSIDE_B46 Pin=ZIF1-47
Added Net: Name=INSIDE_B46
Added Pin To Net: NetName=INSIDE_B47 Pin=ETH1_U_TOP_HEADER_WRP6-25
Added Pin To Net: NetName=INSIDE_B47 Pin=VT1_U_VT_WRP11-IVCC7
Added Pin To Net: NetName=INSIDE_B47 Pin=ZIF1-48
Added Net: Name=INSIDE_B47
Added Pin To Net: NetName=INSIDE_B48 Pin=ETH1_U_TOP_HEADER_WRP5-40
Added Pin To Net: NetName=INSIDE_B48 Pin=VT1_U_VT_WRP10-IVCC0
Added Pin To Net: NetName=INSIDE_B48 Pin=ZIF1-49
Added Net: Name=INSIDE_B48
Added Pin To Net: NetName=INSIDE_B49 Pin=ETH1_U_TOP_HEADER_WRP5-39
Added Pin To Net: NetName=INSIDE_B49 Pin=VT1_U_VT_WRP10-IVCC1
Added Pin To Net: NetName=INSIDE_B49 Pin=ZIF1-50
Added Net: Name=INSIDE_B49
Added Pin To Net: NetName=INSIDE_B50 Pin=ETH1_U_TOP_HEADER_WRP5-38
Added Pin To Net: NetName=INSIDE_B50 Pin=VT1_U_VT_WRP10-IVCC2
Added Pin To Net: NetName=INSIDE_B50 Pin=ZIF1-51
Added Net: Name=INSIDE_B50
Added Pin To Net: NetName=INSIDE_B51 Pin=ETH1_U_TOP_HEADER_WRP5-37
Added Pin To Net: NetName=INSIDE_B51 Pin=VT1_U_VT_WRP10-IVCC3
Added Pin To Net: NetName=INSIDE_B51 Pin=ZIF1-52
Added Net: Name=INSIDE_B51
Added Pin To Net: NetName=INSIDE_B52 Pin=ETH1_U_TOP_HEADER_WRP5-36
Added Pin To Net: NetName=INSIDE_B52 Pin=VT1_U_VT_WRP10-IVCC4
Added Pin To Net: NetName=INSIDE_B52 Pin=ZIF1-53
Added Net: Name=INSIDE_B52
Added Pin To Net: NetName=INSIDE_B53 Pin=ETH1_U_TOP_HEADER_WRP5-35
Added Pin To Net: NetName=INSIDE_B53 Pin=VT1_U_VT_WRP10-IVCC5
Added Pin To Net: NetName=INSIDE_B53 Pin=ZIF1-54
Added Net: Name=INSIDE_B53
Added Pin To Net: NetName=INSIDE_B54 Pin=ETH1_U_TOP_HEADER_WRP5-34
Added Pin To Net: NetName=INSIDE_B54 Pin=VT1_U_VT_WRP10-IVCC6
Added Pin To Net: NetName=INSIDE_B54 Pin=ZIF1-55
Added Net: Name=INSIDE_B54
Added Pin To Net: NetName=INSIDE_B55 Pin=ETH1_U_TOP_HEADER_WRP5-33
Added Pin To Net: NetName=INSIDE_B55 Pin=VT1_U_VT_WRP10-IVCC7
Added Pin To Net: NetName=INSIDE_B55 Pin=ZIF1-56
Added Net: Name=INSIDE_B55
Added Pin To Net: NetName=INSIDE_B56 Pin=ETH1_U_TOP_HEADER_WRP5-32
Added Pin To Net: NetName=INSIDE_B56 Pin=VT1_U_VT_WRP9-IVCC0
Added Pin To Net: NetName=INSIDE_B56 Pin=ZIF1-57
Added Net: Name=INSIDE_B56
Added Pin To Net: NetName=INSIDE_B57 Pin=ETH1_U_TOP_HEADER_WRP5-31
Added Pin To Net: NetName=INSIDE_B57 Pin=VT1_U_VT_WRP9-IVCC1
Added Pin To Net: NetName=INSIDE_B57 Pin=ZIF1-58
Added Net: Name=INSIDE_B57
Added Pin To Net: NetName=INSIDE_B58 Pin=ETH1_U_TOP_HEADER_WRP5-30
Added Pin To Net: NetName=INSIDE_B58 Pin=VT1_U_VT_WRP9-IVCC2
Added Pin To Net: NetName=INSIDE_B58 Pin=ZIF1-59
Added Net: Name=INSIDE_B58
Added Pin To Net: NetName=INSIDE_B59 Pin=ETH1_U_TOP_HEADER_WRP5-29
Added Pin To Net: NetName=INSIDE_B59 Pin=VT1_U_VT_WRP9-IVCC3
Added Pin To Net: NetName=INSIDE_B59 Pin=ZIF1-60
Added Net: Name=INSIDE_B59
Added Pin To Net: NetName=INSIDE_B60 Pin=ETH1_U_TOP_HEADER_WRP5-28
Added Pin To Net: NetName=INSIDE_B60 Pin=VT1_U_VT_WRP9-IVCC4
Added Pin To Net: NetName=INSIDE_B60 Pin=ZIF1-61
Added Net: Name=INSIDE_B60
Added Pin To Net: NetName=INSIDE_B61 Pin=ETH1_U_TOP_HEADER_WRP5-27
Added Pin To Net: NetName=INSIDE_B61 Pin=VT1_U_VT_WRP9-IVCC5
Added Pin To Net: NetName=INSIDE_B61 Pin=ZIF1-62
Added Net: Name=INSIDE_B61
Added Pin To Net: NetName=INSIDE_B62 Pin=ETH1_U_TOP_HEADER_WRP5-26
Added Pin To Net: NetName=INSIDE_B62 Pin=VT1_U_VT_WRP9-IVCC6
Added Pin To Net: NetName=INSIDE_B62 Pin=ZIF1-63
Added Net: Name=INSIDE_B62
Added Pin To Net: NetName=INSIDE_B63 Pin=ETH1_U_TOP_HEADER_WRP5-25
Added Pin To Net: NetName=INSIDE_B63 Pin=VT1_U_VT_WRP9-IVCC7
Added Pin To Net: NetName=INSIDE_B63 Pin=ZIF1-64
Added Net: Name=INSIDE_B63
Added Pin To Net: NetName=INSIDE_B64 Pin=ETH1_U_TOP_HEADER_WRP4-40
Added Pin To Net: NetName=INSIDE_B64 Pin=VT1_U_VT_WRP8-IVCC0
Added Pin To Net: NetName=INSIDE_B64 Pin=ZIF1-65
Added Net: Name=INSIDE_B64
Added Pin To Net: NetName=INSIDE_B65 Pin=ETH1_U_TOP_HEADER_WRP4-39
Added Pin To Net: NetName=INSIDE_B65 Pin=VT1_U_VT_WRP8-IVCC1
Added Pin To Net: NetName=INSIDE_B65 Pin=ZIF1-66
Added Net: Name=INSIDE_B65
Added Pin To Net: NetName=INSIDE_B66 Pin=ETH1_U_TOP_HEADER_WRP4-38
Added Pin To Net: NetName=INSIDE_B66 Pin=VT1_U_VT_WRP8-IVCC2
Added Pin To Net: NetName=INSIDE_B66 Pin=ZIF1-67
Added Net: Name=INSIDE_B66
Added Pin To Net: NetName=INSIDE_B67 Pin=ETH1_U_TOP_HEADER_WRP4-37
Added Pin To Net: NetName=INSIDE_B67 Pin=VT1_U_VT_WRP8-IVCC3
Added Pin To Net: NetName=INSIDE_B67 Pin=ZIF1-68
Added Net: Name=INSIDE_B67
Added Pin To Net: NetName=INSIDE_B68 Pin=ETH1_U_TOP_HEADER_WRP4-36
Added Pin To Net: NetName=INSIDE_B68 Pin=VT1_U_VT_WRP8-IVCC4
Added Pin To Net: NetName=INSIDE_B68 Pin=ZIF1-69
Added Net: Name=INSIDE_B68
Added Pin To Net: NetName=INSIDE_B69 Pin=ETH1_U_TOP_HEADER_WRP4-35
Added Pin To Net: NetName=INSIDE_B69 Pin=VT1_U_VT_WRP8-IVCC5
Added Pin To Net: NetName=INSIDE_B69 Pin=ZIF1-70
Added Net: Name=INSIDE_B69
Added Pin To Net: NetName=INSIDE_B70 Pin=ETH1_U_TOP_HEADER_WRP4-34
Added Pin To Net: NetName=INSIDE_B70 Pin=VT1_U_VT_WRP8-IVCC6
Added Pin To Net: NetName=INSIDE_B70 Pin=ZIF1-71
Added Net: Name=INSIDE_B70
Added Pin To Net: NetName=INSIDE_B71 Pin=ETH1_U_TOP_HEADER_WRP4-33
Added Pin To Net: NetName=INSIDE_B71 Pin=VT1_U_VT_WRP8-IVCC7
Added Pin To Net: NetName=INSIDE_B71 Pin=ZIF1-72
Added Net: Name=INSIDE_B71
Added Pin To Net: NetName=INSIDE_B72 Pin=ETH1_U_TOP_HEADER_WRP4-32
Added Pin To Net: NetName=INSIDE_B72 Pin=VT1_U_VT_WRP7-IVCC0
Added Pin To Net: NetName=INSIDE_B72 Pin=ZIF1-73
Added Net: Name=INSIDE_B72
Added Pin To Net: NetName=INSIDE_B73 Pin=ETH1_U_TOP_HEADER_WRP4-31
Added Pin To Net: NetName=INSIDE_B73 Pin=VT1_U_VT_WRP7-IVCC1
Added Pin To Net: NetName=INSIDE_B73 Pin=ZIF1-74
Added Net: Name=INSIDE_B73
Added Pin To Net: NetName=INSIDE_B74 Pin=ETH1_U_TOP_HEADER_WRP4-30
Added Pin To Net: NetName=INSIDE_B74 Pin=VT1_U_VT_WRP7-IVCC2
Added Pin To Net: NetName=INSIDE_B74 Pin=ZIF1-75
Added Net: Name=INSIDE_B74
Added Pin To Net: NetName=INSIDE_B75 Pin=ETH1_U_TOP_HEADER_WRP4-29
Added Pin To Net: NetName=INSIDE_B75 Pin=VT1_U_VT_WRP7-IVCC3
Added Pin To Net: NetName=INSIDE_B75 Pin=ZIF1-76
Added Net: Name=INSIDE_B75
Added Pin To Net: NetName=INSIDE_B76 Pin=ETH1_U_TOP_HEADER_WRP4-28
Added Pin To Net: NetName=INSIDE_B76 Pin=VT1_U_VT_WRP7-IVCC4
Added Pin To Net: NetName=INSIDE_B76 Pin=ZIF1-77
Added Net: Name=INSIDE_B76
Added Pin To Net: NetName=INSIDE_B77 Pin=ETH1_U_TOP_HEADER_WRP4-27
Added Pin To Net: NetName=INSIDE_B77 Pin=VT1_U_VT_WRP7-IVCC5
Added Pin To Net: NetName=INSIDE_B77 Pin=ZIF1-78
Added Net: Name=INSIDE_B77
Added Pin To Net: NetName=INSIDE_B78 Pin=ETH1_U_TOP_HEADER_WRP4-26
Added Pin To Net: NetName=INSIDE_B78 Pin=VT1_U_VT_WRP7-IVCC6
Added Pin To Net: NetName=INSIDE_B78 Pin=ZIF1-79
Added Net: Name=INSIDE_B78
Added Pin To Net: NetName=INSIDE_B79 Pin=ETH1_U_TOP_HEADER_WRP4-25
Added Pin To Net: NetName=INSIDE_B79 Pin=VT1_U_VT_WRP7-IVCC7
Added Pin To Net: NetName=INSIDE_B79 Pin=ZIF1-80
Added Net: Name=INSIDE_B79
Added Pin To Net: NetName=INSIDE_B80 Pin=ETH1_U_TOP_HEADER_WRP3-40
Added Pin To Net: NetName=INSIDE_B80 Pin=VT1_U_VT_WRP6-IVCC0
Added Pin To Net: NetName=INSIDE_B80 Pin=ZIF1-81
Added Net: Name=INSIDE_B80
Added Pin To Net: NetName=INSIDE_B81 Pin=ETH1_U_TOP_HEADER_WRP3-39
Added Pin To Net: NetName=INSIDE_B81 Pin=VT1_U_VT_WRP6-IVCC1
Added Pin To Net: NetName=INSIDE_B81 Pin=ZIF1-82
Added Net: Name=INSIDE_B81
Added Pin To Net: NetName=INSIDE_B82 Pin=ETH1_U_TOP_HEADER_WRP3-38
Added Pin To Net: NetName=INSIDE_B82 Pin=VT1_U_VT_WRP6-IVCC2
Added Pin To Net: NetName=INSIDE_B82 Pin=ZIF1-83
Added Net: Name=INSIDE_B82
Added Pin To Net: NetName=INSIDE_B83 Pin=ETH1_U_TOP_HEADER_WRP3-37
Added Pin To Net: NetName=INSIDE_B83 Pin=VT1_U_VT_WRP6-IVCC3
Added Pin To Net: NetName=INSIDE_B83 Pin=ZIF1-84
Added Net: Name=INSIDE_B83
Added Pin To Net: NetName=INSIDE_B84 Pin=ETH1_U_TOP_HEADER_WRP3-36
Added Pin To Net: NetName=INSIDE_B84 Pin=VT1_U_VT_WRP6-IVCC4
Added Pin To Net: NetName=INSIDE_B84 Pin=ZIF1-85
Added Net: Name=INSIDE_B84
Added Pin To Net: NetName=INSIDE_B85 Pin=ETH1_U_TOP_HEADER_WRP3-35
Added Pin To Net: NetName=INSIDE_B85 Pin=VT1_U_VT_WRP6-IVCC5
Added Pin To Net: NetName=INSIDE_B85 Pin=ZIF1-86
Added Net: Name=INSIDE_B85
Added Pin To Net: NetName=INSIDE_B86 Pin=ETH1_U_TOP_HEADER_WRP3-34
Added Pin To Net: NetName=INSIDE_B86 Pin=VT1_U_VT_WRP6-IVCC6
Added Pin To Net: NetName=INSIDE_B86 Pin=ZIF1-87
Added Net: Name=INSIDE_B86
Added Pin To Net: NetName=INSIDE_B87 Pin=ETH1_U_TOP_HEADER_WRP3-33
Added Pin To Net: NetName=INSIDE_B87 Pin=VT1_U_VT_WRP6-IVCC7
Added Pin To Net: NetName=INSIDE_B87 Pin=ZIF1-88
Added Net: Name=INSIDE_B87
Added Pin To Net: NetName=INSIDE_B88 Pin=ETH1_U_TOP_HEADER_WRP3-32
Added Pin To Net: NetName=INSIDE_B88 Pin=VT1_U_VT_WRP5-IVCC0
Added Pin To Net: NetName=INSIDE_B88 Pin=ZIF1-89
Added Net: Name=INSIDE_B88
Added Pin To Net: NetName=INSIDE_B89 Pin=ETH1_U_TOP_HEADER_WRP3-31
Added Pin To Net: NetName=INSIDE_B89 Pin=VT1_U_VT_WRP5-IVCC1
Added Pin To Net: NetName=INSIDE_B89 Pin=ZIF1-90
Added Net: Name=INSIDE_B89
Added Pin To Net: NetName=INSIDE_B90 Pin=ETH1_U_TOP_HEADER_WRP3-30
Added Pin To Net: NetName=INSIDE_B90 Pin=VT1_U_VT_WRP5-IVCC2
Added Pin To Net: NetName=INSIDE_B90 Pin=ZIF1-91
Added Net: Name=INSIDE_B90
Added Pin To Net: NetName=INSIDE_B91 Pin=ETH1_U_TOP_HEADER_WRP3-29
Added Pin To Net: NetName=INSIDE_B91 Pin=VT1_U_VT_WRP5-IVCC3
Added Pin To Net: NetName=INSIDE_B91 Pin=ZIF1-92
Added Net: Name=INSIDE_B91
Added Pin To Net: NetName=INSIDE_B92 Pin=ETH1_U_TOP_HEADER_WRP3-28
Added Pin To Net: NetName=INSIDE_B92 Pin=VT1_U_VT_WRP5-IVCC4
Added Pin To Net: NetName=INSIDE_B92 Pin=ZIF1-93
Added Net: Name=INSIDE_B92
Added Pin To Net: NetName=INSIDE_B93 Pin=ETH1_U_TOP_HEADER_WRP3-27
Added Pin To Net: NetName=INSIDE_B93 Pin=VT1_U_VT_WRP5-IVCC5
Added Pin To Net: NetName=INSIDE_B93 Pin=ZIF1-94
Added Net: Name=INSIDE_B93
Added Pin To Net: NetName=INSIDE_B94 Pin=ETH1_U_TOP_HEADER_WRP3-26
Added Pin To Net: NetName=INSIDE_B94 Pin=VT1_U_VT_WRP5-IVCC6
Added Pin To Net: NetName=INSIDE_B94 Pin=ZIF1-95
Added Net: Name=INSIDE_B94
Added Pin To Net: NetName=INSIDE_B95 Pin=ETH1_U_TOP_HEADER_WRP3-25
Added Pin To Net: NetName=INSIDE_B95 Pin=VT1_U_VT_WRP5-IVCC7
Added Pin To Net: NetName=INSIDE_B95 Pin=ZIF1-96
Added Net: Name=INSIDE_B95
Added Pin To Net: NetName=INSIDE_B96 Pin=ETH1_U_TOP_HEADER_WRP2-40
Added Pin To Net: NetName=INSIDE_B96 Pin=VT1_U_VT_WRP4-IVCC0
Added Pin To Net: NetName=INSIDE_B96 Pin=ZIF1-97
Added Net: Name=INSIDE_B96
Added Pin To Net: NetName=INSIDE_B97 Pin=ETH1_U_TOP_HEADER_WRP2-39
Added Pin To Net: NetName=INSIDE_B97 Pin=VT1_U_VT_WRP4-IVCC1
Added Pin To Net: NetName=INSIDE_B97 Pin=ZIF1-98
Added Net: Name=INSIDE_B97
Added Pin To Net: NetName=INSIDE_B98 Pin=ETH1_U_TOP_HEADER_WRP2-38
Added Pin To Net: NetName=INSIDE_B98 Pin=VT1_U_VT_WRP4-IVCC2
Added Pin To Net: NetName=INSIDE_B98 Pin=ZIF1-99
Added Net: Name=INSIDE_B98
Added Pin To Net: NetName=INSIDE_B99 Pin=ETH1_U_TOP_HEADER_WRP2-37
Added Pin To Net: NetName=INSIDE_B99 Pin=VT1_U_VT_WRP4-IVCC3
Added Pin To Net: NetName=INSIDE_B99 Pin=ZIF1-100
Added Net: Name=INSIDE_B99
Added Pin To Net: NetName=INSIDE_B100 Pin=ETH1_U_TOP_HEADER_WRP2-36
Added Pin To Net: NetName=INSIDE_B100 Pin=VT1_U_VT_WRP4-IVCC4
Added Pin To Net: NetName=INSIDE_B100 Pin=ZIF1-101
Added Net: Name=INSIDE_B100
Added Pin To Net: NetName=INSIDE_B101 Pin=ETH1_U_TOP_HEADER_WRP2-35
Added Pin To Net: NetName=INSIDE_B101 Pin=VT1_U_VT_WRP4-IVCC5
Added Pin To Net: NetName=INSIDE_B101 Pin=ZIF1-102
Added Net: Name=INSIDE_B101
Added Pin To Net: NetName=INSIDE_B102 Pin=ETH1_U_TOP_HEADER_WRP2-34
Added Pin To Net: NetName=INSIDE_B102 Pin=VT1_U_VT_WRP4-IVCC6
Added Pin To Net: NetName=INSIDE_B102 Pin=ZIF1-103
Added Net: Name=INSIDE_B102
Added Pin To Net: NetName=INSIDE_B103 Pin=ETH1_U_TOP_HEADER_WRP2-33
Added Pin To Net: NetName=INSIDE_B103 Pin=VT1_U_VT_WRP4-IVCC7
Added Pin To Net: NetName=INSIDE_B103 Pin=ZIF1-104
Added Net: Name=INSIDE_B103
Added Pin To Net: NetName=INSIDE_B104 Pin=ETH1_U_TOP_HEADER_WRP2-32
Added Pin To Net: NetName=INSIDE_B104 Pin=VT1_U_VT_WRP3-IVCC0
Added Pin To Net: NetName=INSIDE_B104 Pin=ZIF1-105
Added Net: Name=INSIDE_B104
Added Pin To Net: NetName=INSIDE_B105 Pin=ETH1_U_TOP_HEADER_WRP2-31
Added Pin To Net: NetName=INSIDE_B105 Pin=VT1_U_VT_WRP3-IVCC1
Added Pin To Net: NetName=INSIDE_B105 Pin=ZIF1-106
Added Net: Name=INSIDE_B105
Added Pin To Net: NetName=INSIDE_B106 Pin=ETH1_U_TOP_HEADER_WRP2-30
Added Pin To Net: NetName=INSIDE_B106 Pin=VT1_U_VT_WRP3-IVCC2
Added Pin To Net: NetName=INSIDE_B106 Pin=ZIF1-107
Added Net: Name=INSIDE_B106
Added Pin To Net: NetName=INSIDE_B107 Pin=ETH1_U_TOP_HEADER_WRP2-29
Added Pin To Net: NetName=INSIDE_B107 Pin=VT1_U_VT_WRP3-IVCC3
Added Pin To Net: NetName=INSIDE_B107 Pin=ZIF1-108
Added Net: Name=INSIDE_B107
Added Pin To Net: NetName=INSIDE_B108 Pin=ETH1_U_TOP_HEADER_WRP2-28
Added Pin To Net: NetName=INSIDE_B108 Pin=VT1_U_VT_WRP3-IVCC4
Added Pin To Net: NetName=INSIDE_B108 Pin=ZIF1-109
Added Net: Name=INSIDE_B108
Added Pin To Net: NetName=INSIDE_B109 Pin=ETH1_U_TOP_HEADER_WRP2-27
Added Pin To Net: NetName=INSIDE_B109 Pin=VT1_U_VT_WRP3-IVCC5
Added Pin To Net: NetName=INSIDE_B109 Pin=ZIF1-110
Added Net: Name=INSIDE_B109
Added Pin To Net: NetName=INSIDE_B110 Pin=ETH1_U_TOP_HEADER_WRP2-26
Added Pin To Net: NetName=INSIDE_B110 Pin=VT1_U_VT_WRP3-IVCC6
Added Pin To Net: NetName=INSIDE_B110 Pin=ZIF1-111
Added Net: Name=INSIDE_B110
Added Pin To Net: NetName=INSIDE_B111 Pin=ETH1_U_TOP_HEADER_WRP2-25
Added Pin To Net: NetName=INSIDE_B111 Pin=VT1_U_VT_WRP3-IVCC7
Added Pin To Net: NetName=INSIDE_B111 Pin=ZIF1-112
Added Net: Name=INSIDE_B111
Added Pin To Net: NetName=INSIDE_B112 Pin=ETH1_U_TOP_HEADER_WRP1-40
Added Pin To Net: NetName=INSIDE_B112 Pin=VT1_U_VT_WRP2-IVCC0
Added Pin To Net: NetName=INSIDE_B112 Pin=ZIF1-113
Added Net: Name=INSIDE_B112
Added Pin To Net: NetName=INSIDE_B113 Pin=ETH1_U_TOP_HEADER_WRP1-39
Added Pin To Net: NetName=INSIDE_B113 Pin=VT1_U_VT_WRP2-IVCC1
Added Pin To Net: NetName=INSIDE_B113 Pin=ZIF1-114
Added Net: Name=INSIDE_B113
Added Pin To Net: NetName=INSIDE_B114 Pin=ETH1_U_TOP_HEADER_WRP1-38
Added Pin To Net: NetName=INSIDE_B114 Pin=VT1_U_VT_WRP2-IVCC2
Added Pin To Net: NetName=INSIDE_B114 Pin=ZIF1-115
Added Net: Name=INSIDE_B114
Added Pin To Net: NetName=INSIDE_B115 Pin=ETH1_U_TOP_HEADER_WRP1-37
Added Pin To Net: NetName=INSIDE_B115 Pin=VT1_U_VT_WRP2-IVCC3
Added Pin To Net: NetName=INSIDE_B115 Pin=ZIF1-116
Added Net: Name=INSIDE_B115
Added Pin To Net: NetName=INSIDE_B116 Pin=ETH1_U_TOP_HEADER_WRP1-36
Added Pin To Net: NetName=INSIDE_B116 Pin=VT1_U_VT_WRP2-IVCC4
Added Pin To Net: NetName=INSIDE_B116 Pin=ZIF1-117
Added Net: Name=INSIDE_B116
Added Pin To Net: NetName=INSIDE_B117 Pin=ETH1_U_TOP_HEADER_WRP1-35
Added Pin To Net: NetName=INSIDE_B117 Pin=VT1_U_VT_WRP2-IVCC5
Added Pin To Net: NetName=INSIDE_B117 Pin=ZIF1-118
Added Net: Name=INSIDE_B117
Added Pin To Net: NetName=INSIDE_B118 Pin=ETH1_U_TOP_HEADER_WRP1-34
Added Pin To Net: NetName=INSIDE_B118 Pin=VT1_U_VT_WRP2-IVCC6
Added Pin To Net: NetName=INSIDE_B118 Pin=ZIF1-119
Added Net: Name=INSIDE_B118
Added Pin To Net: NetName=INSIDE_B119 Pin=ETH1_U_TOP_HEADER_WRP1-33
Added Pin To Net: NetName=INSIDE_B119 Pin=VT1_U_VT_WRP2-IVCC7
Added Pin To Net: NetName=INSIDE_B119 Pin=ZIF1-120
Added Net: Name=INSIDE_B119
Added Pin To Net: NetName=INSIDE_B120 Pin=ETH1_U_TOP_HEADER_WRP1-32
Added Pin To Net: NetName=INSIDE_B120 Pin=VT1_U_VT_WRP1-IVCC0
Added Pin To Net: NetName=INSIDE_B120 Pin=ZIF1-121
Added Net: Name=INSIDE_B120
Added Pin To Net: NetName=INSIDE_B121 Pin=ETH1_U_TOP_HEADER_WRP1-31
Added Pin To Net: NetName=INSIDE_B121 Pin=VT1_U_VT_WRP1-IVCC1
Added Pin To Net: NetName=INSIDE_B121 Pin=ZIF1-122
Added Net: Name=INSIDE_B121
Added Pin To Net: NetName=INSIDE_B122 Pin=ETH1_U_TOP_HEADER_WRP1-30
Added Pin To Net: NetName=INSIDE_B122 Pin=VT1_U_VT_WRP1-IVCC2
Added Pin To Net: NetName=INSIDE_B122 Pin=ZIF1-123
Added Net: Name=INSIDE_B122
Added Pin To Net: NetName=INSIDE_B123 Pin=ETH1_U_TOP_HEADER_WRP1-29
Added Pin To Net: NetName=INSIDE_B123 Pin=VT1_U_VT_WRP1-IVCC3
Added Pin To Net: NetName=INSIDE_B123 Pin=ZIF1-124
Added Net: Name=INSIDE_B123
Added Pin To Net: NetName=INSIDE_B124 Pin=ETH1_U_TOP_HEADER_WRP1-28
Added Pin To Net: NetName=INSIDE_B124 Pin=VT1_U_VT_WRP1-IVCC4
Added Pin To Net: NetName=INSIDE_B124 Pin=ZIF1-125
Added Net: Name=INSIDE_B124
Added Pin To Net: NetName=INSIDE_B125 Pin=ETH1_U_TOP_HEADER_WRP1-27
Added Pin To Net: NetName=INSIDE_B125 Pin=VT1_U_VT_WRP1-IVCC5
Added Pin To Net: NetName=INSIDE_B125 Pin=ZIF1-126
Added Net: Name=INSIDE_B125
Added Pin To Net: NetName=INSIDE_B126 Pin=ETH1_U_TOP_HEADER_WRP1-26
Added Pin To Net: NetName=INSIDE_B126 Pin=VT1_U_VT_WRP1-IVCC6
Added Pin To Net: NetName=INSIDE_B126 Pin=ZIF1-127
Added Net: Name=INSIDE_B126
Added Pin To Net: NetName=INSIDE_B127 Pin=ETH1_U_TOP_HEADER_WRP1-25
Added Pin To Net: NetName=INSIDE_B127 Pin=VT1_U_VT_WRP1-IVCC7
Added Pin To Net: NetName=INSIDE_B127 Pin=ZIF1-128
Added Net: Name=INSIDE_B127
Added Pin To Net: NetName=INTERNAL0_U_COMBINED_HEADER_WRP1 Pin=ETH1_U_BOTTOM_HEADER_WRP1-1
Added Pin To Net: NetName=INTERNAL0_U_COMBINED_HEADER_WRP1 Pin=ETH1_U_TOP_HEADER_WRP2-1
Added Net: Name=INTERNAL0_U_COMBINED_HEADER_WRP1
Added Pin To Net: NetName=INTERNAL0_U_COMBINED_HEADER_WRP2 Pin=ETH1_U_BOTTOM_HEADER_WRP2-1
Added Pin To Net: NetName=INTERNAL0_U_COMBINED_HEADER_WRP2 Pin=ETH1_U_TOP_HEADER_WRP4-1
Added Net: Name=INTERNAL0_U_COMBINED_HEADER_WRP2
Added Pin To Net: NetName=INTERNAL0_U_COMBINED_HEADER_WRP3 Pin=ETH1_U_BOTTOM_HEADER_WRP3-1
Added Pin To Net: NetName=INTERNAL0_U_COMBINED_HEADER_WRP3 Pin=ETH1_U_TOP_HEADER_WRP6-1
Added Net: Name=INTERNAL0_U_COMBINED_HEADER_WRP3
Added Pin To Net: NetName=INTERNAL0_U_COMBINED_HEADER_WRP4 Pin=ETH1_U_BOTTOM_HEADER_WRP4-1
Added Pin To Net: NetName=INTERNAL0_U_COMBINED_HEADER_WRP4 Pin=ETH1_U_TOP_HEADER_WRP8-1
Added Net: Name=INTERNAL0_U_COMBINED_HEADER_WRP4
Added Pin To Net: NetName=INTERNAL1_U_COMBINED_HEADER_WRP1 Pin=ETH1_U_BOTTOM_HEADER_WRP1-2
Added Pin To Net: NetName=INTERNAL1_U_COMBINED_HEADER_WRP1 Pin=ETH1_U_TOP_HEADER_WRP2-2
Added Net: Name=INTERNAL1_U_COMBINED_HEADER_WRP1
Added Pin To Net: NetName=INTERNAL1_U_COMBINED_HEADER_WRP2 Pin=ETH1_U_BOTTOM_HEADER_WRP2-2
Added Pin To Net: NetName=INTERNAL1_U_COMBINED_HEADER_WRP2 Pin=ETH1_U_TOP_HEADER_WRP4-2
Added Net: Name=INTERNAL1_U_COMBINED_HEADER_WRP2
Added Pin To Net: NetName=INTERNAL1_U_COMBINED_HEADER_WRP3 Pin=ETH1_U_BOTTOM_HEADER_WRP3-2
Added Pin To Net: NetName=INTERNAL1_U_COMBINED_HEADER_WRP3 Pin=ETH1_U_TOP_HEADER_WRP6-2
Added Net: Name=INTERNAL1_U_COMBINED_HEADER_WRP3
Added Pin To Net: NetName=INTERNAL1_U_COMBINED_HEADER_WRP4 Pin=ETH1_U_BOTTOM_HEADER_WRP4-2
Added Pin To Net: NetName=INTERNAL1_U_COMBINED_HEADER_WRP4 Pin=ETH1_U_TOP_HEADER_WRP8-2
Added Net: Name=INTERNAL1_U_COMBINED_HEADER_WRP4
Added Pin To Net: NetName=INTERNAL2_U_COMBINED_HEADER_WRP1 Pin=ETH1_U_BOTTOM_HEADER_WRP1-3
Added Pin To Net: NetName=INTERNAL2_U_COMBINED_HEADER_WRP1 Pin=ETH1_U_TOP_HEADER_WRP2-3
Added Net: Name=INTERNAL2_U_COMBINED_HEADER_WRP1
Added Pin To Net: NetName=INTERNAL2_U_COMBINED_HEADER_WRP2 Pin=ETH1_U_BOTTOM_HEADER_WRP2-3
Added Pin To Net: NetName=INTERNAL2_U_COMBINED_HEADER_WRP2 Pin=ETH1_U_TOP_HEADER_WRP4-3
Added Net: Name=INTERNAL2_U_COMBINED_HEADER_WRP2
Added Pin To Net: NetName=INTERNAL2_U_COMBINED_HEADER_WRP3 Pin=ETH1_U_BOTTOM_HEADER_WRP3-3
Added Pin To Net: NetName=INTERNAL2_U_COMBINED_HEADER_WRP3 Pin=ETH1_U_TOP_HEADER_WRP6-3
Added Net: Name=INTERNAL2_U_COMBINED_HEADER_WRP3
Added Pin To Net: NetName=INTERNAL2_U_COMBINED_HEADER_WRP4 Pin=ETH1_U_BOTTOM_HEADER_WRP4-3
Added Pin To Net: NetName=INTERNAL2_U_COMBINED_HEADER_WRP4 Pin=ETH1_U_TOP_HEADER_WRP8-3
Added Net: Name=INTERNAL2_U_COMBINED_HEADER_WRP4
Added Pin To Net: NetName=INTERNAL3_U_COMBINED_HEADER_WRP1 Pin=ETH1_U_BOTTOM_HEADER_WRP1-4
Added Pin To Net: NetName=INTERNAL3_U_COMBINED_HEADER_WRP1 Pin=ETH1_U_TOP_HEADER_WRP2-4
Added Net: Name=INTERNAL3_U_COMBINED_HEADER_WRP1
Added Pin To Net: NetName=INTERNAL3_U_COMBINED_HEADER_WRP2 Pin=ETH1_U_BOTTOM_HEADER_WRP2-4
Added Pin To Net: NetName=INTERNAL3_U_COMBINED_HEADER_WRP2 Pin=ETH1_U_TOP_HEADER_WRP4-4
Added Net: Name=INTERNAL3_U_COMBINED_HEADER_WRP2
Added Pin To Net: NetName=INTERNAL3_U_COMBINED_HEADER_WRP3 Pin=ETH1_U_BOTTOM_HEADER_WRP3-4
Added Pin To Net: NetName=INTERNAL3_U_COMBINED_HEADER_WRP3 Pin=ETH1_U_TOP_HEADER_WRP6-4
Added Net: Name=INTERNAL3_U_COMBINED_HEADER_WRP3
Added Pin To Net: NetName=INTERNAL3_U_COMBINED_HEADER_WRP4 Pin=ETH1_U_BOTTOM_HEADER_WRP4-4
Added Pin To Net: NetName=INTERNAL3_U_COMBINED_HEADER_WRP4 Pin=ETH1_U_TOP_HEADER_WRP8-4
Added Net: Name=INTERNAL3_U_COMBINED_HEADER_WRP4
Added Pin To Net: NetName=INTERNAL4_U_COMBINED_HEADER_WRP1 Pin=ETH1_U_BOTTOM_HEADER_WRP1-5
Added Pin To Net: NetName=INTERNAL4_U_COMBINED_HEADER_WRP1 Pin=ETH1_U_TOP_HEADER_WRP2-5
Added Net: Name=INTERNAL4_U_COMBINED_HEADER_WRP1
Added Pin To Net: NetName=INTERNAL4_U_COMBINED_HEADER_WRP2 Pin=ETH1_U_BOTTOM_HEADER_WRP2-5
Added Pin To Net: NetName=INTERNAL4_U_COMBINED_HEADER_WRP2 Pin=ETH1_U_TOP_HEADER_WRP4-5
Added Net: Name=INTERNAL4_U_COMBINED_HEADER_WRP2
Added Pin To Net: NetName=INTERNAL4_U_COMBINED_HEADER_WRP3 Pin=ETH1_U_BOTTOM_HEADER_WRP3-5
Added Pin To Net: NetName=INTERNAL4_U_COMBINED_HEADER_WRP3 Pin=ETH1_U_TOP_HEADER_WRP6-5
Added Net: Name=INTERNAL4_U_COMBINED_HEADER_WRP3
Added Pin To Net: NetName=INTERNAL4_U_COMBINED_HEADER_WRP4 Pin=ETH1_U_BOTTOM_HEADER_WRP4-5
Added Pin To Net: NetName=INTERNAL4_U_COMBINED_HEADER_WRP4 Pin=ETH1_U_TOP_HEADER_WRP8-5
Added Net: Name=INTERNAL4_U_COMBINED_HEADER_WRP4
Added Pin To Net: NetName=INTERNAL5_U_COMBINED_HEADER_WRP1 Pin=ETH1_U_BOTTOM_HEADER_WRP1-6
Added Pin To Net: NetName=INTERNAL5_U_COMBINED_HEADER_WRP1 Pin=ETH1_U_TOP_HEADER_WRP2-6
Added Net: Name=INTERNAL5_U_COMBINED_HEADER_WRP1
Added Pin To Net: NetName=INTERNAL5_U_COMBINED_HEADER_WRP2 Pin=ETH1_U_BOTTOM_HEADER_WRP2-6
Added Pin To Net: NetName=INTERNAL5_U_COMBINED_HEADER_WRP2 Pin=ETH1_U_TOP_HEADER_WRP4-6
Added Net: Name=INTERNAL5_U_COMBINED_HEADER_WRP2
Added Pin To Net: NetName=INTERNAL5_U_COMBINED_HEADER_WRP3 Pin=ETH1_U_BOTTOM_HEADER_WRP3-6
Added Pin To Net: NetName=INTERNAL5_U_COMBINED_HEADER_WRP3 Pin=ETH1_U_TOP_HEADER_WRP6-6
Added Net: Name=INTERNAL5_U_COMBINED_HEADER_WRP3
Added Pin To Net: NetName=INTERNAL5_U_COMBINED_HEADER_WRP4 Pin=ETH1_U_BOTTOM_HEADER_WRP4-6
Added Pin To Net: NetName=INTERNAL5_U_COMBINED_HEADER_WRP4 Pin=ETH1_U_TOP_HEADER_WRP8-6
Added Net: Name=INTERNAL5_U_COMBINED_HEADER_WRP4
Added Pin To Net: NetName=INTERNAL6_U_COMBINED_HEADER_WRP1 Pin=ETH1_U_BOTTOM_HEADER_WRP1-7
Added Pin To Net: NetName=INTERNAL6_U_COMBINED_HEADER_WRP1 Pin=ETH1_U_TOP_HEADER_WRP2-7
Added Net: Name=INTERNAL6_U_COMBINED_HEADER_WRP1
Added Pin To Net: NetName=INTERNAL6_U_COMBINED_HEADER_WRP2 Pin=ETH1_U_BOTTOM_HEADER_WRP2-7
Added Pin To Net: NetName=INTERNAL6_U_COMBINED_HEADER_WRP2 Pin=ETH1_U_TOP_HEADER_WRP4-7
Added Net: Name=INTERNAL6_U_COMBINED_HEADER_WRP2
Added Pin To Net: NetName=INTERNAL6_U_COMBINED_HEADER_WRP3 Pin=ETH1_U_BOTTOM_HEADER_WRP3-7
Added Pin To Net: NetName=INTERNAL6_U_COMBINED_HEADER_WRP3 Pin=ETH1_U_TOP_HEADER_WRP6-7
Added Net: Name=INTERNAL6_U_COMBINED_HEADER_WRP3
Added Pin To Net: NetName=INTERNAL6_U_COMBINED_HEADER_WRP4 Pin=ETH1_U_BOTTOM_HEADER_WRP4-7
Added Pin To Net: NetName=INTERNAL6_U_COMBINED_HEADER_WRP4 Pin=ETH1_U_TOP_HEADER_WRP8-7
Added Net: Name=INTERNAL6_U_COMBINED_HEADER_WRP4
Added Pin To Net: NetName=INTERNAL7_U_COMBINED_HEADER_WRP1 Pin=ETH1_U_BOTTOM_HEADER_WRP1-8
Added Pin To Net: NetName=INTERNAL7_U_COMBINED_HEADER_WRP1 Pin=ETH1_U_TOP_HEADER_WRP2-8
Added Net: Name=INTERNAL7_U_COMBINED_HEADER_WRP1
Added Pin To Net: NetName=INTERNAL7_U_COMBINED_HEADER_WRP2 Pin=ETH1_U_BOTTOM_HEADER_WRP2-8
Added Pin To Net: NetName=INTERNAL7_U_COMBINED_HEADER_WRP2 Pin=ETH1_U_TOP_HEADER_WRP4-8
Added Net: Name=INTERNAL7_U_COMBINED_HEADER_WRP2
Added Pin To Net: NetName=INTERNAL7_U_COMBINED_HEADER_WRP3 Pin=ETH1_U_BOTTOM_HEADER_WRP3-8
Added Pin To Net: NetName=INTERNAL7_U_COMBINED_HEADER_WRP3 Pin=ETH1_U_TOP_HEADER_WRP6-8
Added Net: Name=INTERNAL7_U_COMBINED_HEADER_WRP3
Added Pin To Net: NetName=INTERNAL7_U_COMBINED_HEADER_WRP4 Pin=ETH1_U_BOTTOM_HEADER_WRP4-8
Added Pin To Net: NetName=INTERNAL7_U_COMBINED_HEADER_WRP4 Pin=ETH1_U_TOP_HEADER_WRP8-8
Added Net: Name=INTERNAL7_U_COMBINED_HEADER_WRP4
Added Pin To Net: NetName=INTERNAL8_U_COMBINED_HEADER_WRP1 Pin=ETH1_U_BOTTOM_HEADER_WRP1-9
Added Pin To Net: NetName=INTERNAL8_U_COMBINED_HEADER_WRP1 Pin=ETH1_U_TOP_HEADER_WRP2-9
Added Net: Name=INTERNAL8_U_COMBINED_HEADER_WRP1
Added Pin To Net: NetName=INTERNAL8_U_COMBINED_HEADER_WRP2 Pin=ETH1_U_BOTTOM_HEADER_WRP2-9
Added Pin To Net: NetName=INTERNAL8_U_COMBINED_HEADER_WRP2 Pin=ETH1_U_TOP_HEADER_WRP4-9
Added Net: Name=INTERNAL8_U_COMBINED_HEADER_WRP2
Added Pin To Net: NetName=INTERNAL8_U_COMBINED_HEADER_WRP3 Pin=ETH1_U_BOTTOM_HEADER_WRP3-9
Added Pin To Net: NetName=INTERNAL8_U_COMBINED_HEADER_WRP3 Pin=ETH1_U_TOP_HEADER_WRP6-9
Added Net: Name=INTERNAL8_U_COMBINED_HEADER_WRP3
Added Pin To Net: NetName=INTERNAL8_U_COMBINED_HEADER_WRP4 Pin=ETH1_U_BOTTOM_HEADER_WRP4-9
Added Pin To Net: NetName=INTERNAL8_U_COMBINED_HEADER_WRP4 Pin=ETH1_U_TOP_HEADER_WRP8-9
Added Net: Name=INTERNAL8_U_COMBINED_HEADER_WRP4
Added Pin To Net: NetName=INTERNAL9_U_COMBINED_HEADER_WRP1 Pin=ETH1_U_BOTTOM_HEADER_WRP1-10
Added Pin To Net: NetName=INTERNAL9_U_COMBINED_HEADER_WRP1 Pin=ETH1_U_TOP_HEADER_WRP2-10
Added Net: Name=INTERNAL9_U_COMBINED_HEADER_WRP1
Added Pin To Net: NetName=INTERNAL9_U_COMBINED_HEADER_WRP2 Pin=ETH1_U_BOTTOM_HEADER_WRP2-10
Added Pin To Net: NetName=INTERNAL9_U_COMBINED_HEADER_WRP2 Pin=ETH1_U_TOP_HEADER_WRP4-10
Added Net: Name=INTERNAL9_U_COMBINED_HEADER_WRP2
Added Pin To Net: NetName=INTERNAL9_U_COMBINED_HEADER_WRP3 Pin=ETH1_U_BOTTOM_HEADER_WRP3-10
Added Pin To Net: NetName=INTERNAL9_U_COMBINED_HEADER_WRP3 Pin=ETH1_U_TOP_HEADER_WRP6-10
Added Net: Name=INTERNAL9_U_COMBINED_HEADER_WRP3
Added Pin To Net: NetName=INTERNAL9_U_COMBINED_HEADER_WRP4 Pin=ETH1_U_BOTTOM_HEADER_WRP4-10
Added Pin To Net: NetName=INTERNAL9_U_COMBINED_HEADER_WRP4 Pin=ETH1_U_TOP_HEADER_WRP8-10
Added Net: Name=INTERNAL9_U_COMBINED_HEADER_WRP4
Added Pin To Net: NetName=INTERNAL10_U_COMBINED_HEADER_WRP1 Pin=ETH1_U_BOTTOM_HEADER_WRP1-11
Added Pin To Net: NetName=INTERNAL10_U_COMBINED_HEADER_WRP1 Pin=ETH1_U_TOP_HEADER_WRP2-11
Added Net: Name=INTERNAL10_U_COMBINED_HEADER_WRP1
Added Pin To Net: NetName=INTERNAL10_U_COMBINED_HEADER_WRP2 Pin=ETH1_U_BOTTOM_HEADER_WRP2-11
Added Pin To Net: NetName=INTERNAL10_U_COMBINED_HEADER_WRP2 Pin=ETH1_U_TOP_HEADER_WRP4-11
Added Net: Name=INTERNAL10_U_COMBINED_HEADER_WRP2
Added Pin To Net: NetName=INTERNAL10_U_COMBINED_HEADER_WRP3 Pin=ETH1_U_BOTTOM_HEADER_WRP3-11
Added Pin To Net: NetName=INTERNAL10_U_COMBINED_HEADER_WRP3 Pin=ETH1_U_TOP_HEADER_WRP6-11
Added Net: Name=INTERNAL10_U_COMBINED_HEADER_WRP3
Added Pin To Net: NetName=INTERNAL10_U_COMBINED_HEADER_WRP4 Pin=ETH1_U_BOTTOM_HEADER_WRP4-11
Added Pin To Net: NetName=INTERNAL10_U_COMBINED_HEADER_WRP4 Pin=ETH1_U_TOP_HEADER_WRP8-11
Added Net: Name=INTERNAL10_U_COMBINED_HEADER_WRP4
Added Pin To Net: NetName=INTERNAL11_U_COMBINED_HEADER_WRP1 Pin=ETH1_U_BOTTOM_HEADER_WRP1-12
Added Pin To Net: NetName=INTERNAL11_U_COMBINED_HEADER_WRP1 Pin=ETH1_U_TOP_HEADER_WRP2-12
Added Net: Name=INTERNAL11_U_COMBINED_HEADER_WRP1
Added Pin To Net: NetName=INTERNAL11_U_COMBINED_HEADER_WRP2 Pin=ETH1_U_BOTTOM_HEADER_WRP2-12
Added Pin To Net: NetName=INTERNAL11_U_COMBINED_HEADER_WRP2 Pin=ETH1_U_TOP_HEADER_WRP4-12
Added Net: Name=INTERNAL11_U_COMBINED_HEADER_WRP2
Added Pin To Net: NetName=INTERNAL11_U_COMBINED_HEADER_WRP3 Pin=ETH1_U_BOTTOM_HEADER_WRP3-12
Added Pin To Net: NetName=INTERNAL11_U_COMBINED_HEADER_WRP3 Pin=ETH1_U_TOP_HEADER_WRP6-12
Added Net: Name=INTERNAL11_U_COMBINED_HEADER_WRP3
Added Pin To Net: NetName=INTERNAL11_U_COMBINED_HEADER_WRP4 Pin=ETH1_U_BOTTOM_HEADER_WRP4-12
Added Pin To Net: NetName=INTERNAL11_U_COMBINED_HEADER_WRP4 Pin=ETH1_U_TOP_HEADER_WRP8-12
Added Net: Name=INTERNAL11_U_COMBINED_HEADER_WRP4
Added Pin To Net: NetName=INTERNAL12_U_COMBINED_HEADER_WRP1 Pin=ETH1_U_BOTTOM_HEADER_WRP1-13
Added Pin To Net: NetName=INTERNAL12_U_COMBINED_HEADER_WRP1 Pin=ETH1_U_TOP_HEADER_WRP2-13
Added Net: Name=INTERNAL12_U_COMBINED_HEADER_WRP1
Added Pin To Net: NetName=INTERNAL12_U_COMBINED_HEADER_WRP2 Pin=ETH1_U_BOTTOM_HEADER_WRP2-13
Added Pin To Net: NetName=INTERNAL12_U_COMBINED_HEADER_WRP2 Pin=ETH1_U_TOP_HEADER_WRP4-13
Added Net: Name=INTERNAL12_U_COMBINED_HEADER_WRP2
Added Pin To Net: NetName=INTERNAL12_U_COMBINED_HEADER_WRP3 Pin=ETH1_U_BOTTOM_HEADER_WRP3-13
Added Pin To Net: NetName=INTERNAL12_U_COMBINED_HEADER_WRP3 Pin=ETH1_U_TOP_HEADER_WRP6-13
Added Net: Name=INTERNAL12_U_COMBINED_HEADER_WRP3
Added Pin To Net: NetName=INTERNAL12_U_COMBINED_HEADER_WRP4 Pin=ETH1_U_BOTTOM_HEADER_WRP4-13
Added Pin To Net: NetName=INTERNAL12_U_COMBINED_HEADER_WRP4 Pin=ETH1_U_TOP_HEADER_WRP8-13
Added Net: Name=INTERNAL12_U_COMBINED_HEADER_WRP4
Added Pin To Net: NetName=INTERNAL13_U_COMBINED_HEADER_WRP1 Pin=ETH1_U_BOTTOM_HEADER_WRP1-14
Added Pin To Net: NetName=INTERNAL13_U_COMBINED_HEADER_WRP1 Pin=ETH1_U_TOP_HEADER_WRP2-14
Added Net: Name=INTERNAL13_U_COMBINED_HEADER_WRP1
Added Pin To Net: NetName=INTERNAL13_U_COMBINED_HEADER_WRP2 Pin=ETH1_U_BOTTOM_HEADER_WRP2-14
Added Pin To Net: NetName=INTERNAL13_U_COMBINED_HEADER_WRP2 Pin=ETH1_U_TOP_HEADER_WRP4-14
Added Net: Name=INTERNAL13_U_COMBINED_HEADER_WRP2
Added Pin To Net: NetName=INTERNAL13_U_COMBINED_HEADER_WRP3 Pin=ETH1_U_BOTTOM_HEADER_WRP3-14
Added Pin To Net: NetName=INTERNAL13_U_COMBINED_HEADER_WRP3 Pin=ETH1_U_TOP_HEADER_WRP6-14
Added Net: Name=INTERNAL13_U_COMBINED_HEADER_WRP3
Added Pin To Net: NetName=INTERNAL13_U_COMBINED_HEADER_WRP4 Pin=ETH1_U_BOTTOM_HEADER_WRP4-14
Added Pin To Net: NetName=INTERNAL13_U_COMBINED_HEADER_WRP4 Pin=ETH1_U_TOP_HEADER_WRP8-14
Added Net: Name=INTERNAL13_U_COMBINED_HEADER_WRP4
Added Pin To Net: NetName=INTERNAL14_U_COMBINED_HEADER_WRP1 Pin=ETH1_U_BOTTOM_HEADER_WRP1-15
Added Pin To Net: NetName=INTERNAL14_U_COMBINED_HEADER_WRP1 Pin=ETH1_U_TOP_HEADER_WRP2-15
Added Net: Name=INTERNAL14_U_COMBINED_HEADER_WRP1
Added Pin To Net: NetName=INTERNAL14_U_COMBINED_HEADER_WRP2 Pin=ETH1_U_BOTTOM_HEADER_WRP2-15
Added Pin To Net: NetName=INTERNAL14_U_COMBINED_HEADER_WRP2 Pin=ETH1_U_TOP_HEADER_WRP4-15
Added Net: Name=INTERNAL14_U_COMBINED_HEADER_WRP2
Added Pin To Net: NetName=INTERNAL14_U_COMBINED_HEADER_WRP3 Pin=ETH1_U_BOTTOM_HEADER_WRP3-15
Added Pin To Net: NetName=INTERNAL14_U_COMBINED_HEADER_WRP3 Pin=ETH1_U_TOP_HEADER_WRP6-15
Added Net: Name=INTERNAL14_U_COMBINED_HEADER_WRP3
Added Pin To Net: NetName=INTERNAL14_U_COMBINED_HEADER_WRP4 Pin=ETH1_U_BOTTOM_HEADER_WRP4-15
Added Pin To Net: NetName=INTERNAL14_U_COMBINED_HEADER_WRP4 Pin=ETH1_U_TOP_HEADER_WRP8-15
Added Net: Name=INTERNAL14_U_COMBINED_HEADER_WRP4
Added Pin To Net: NetName=INTERNAL15_U_COMBINED_HEADER_WRP1 Pin=ETH1_U_BOTTOM_HEADER_WRP1-16
Added Pin To Net: NetName=INTERNAL15_U_COMBINED_HEADER_WRP1 Pin=ETH1_U_TOP_HEADER_WRP2-16
Added Net: Name=INTERNAL15_U_COMBINED_HEADER_WRP1
Added Pin To Net: NetName=INTERNAL15_U_COMBINED_HEADER_WRP2 Pin=ETH1_U_BOTTOM_HEADER_WRP2-16
Added Pin To Net: NetName=INTERNAL15_U_COMBINED_HEADER_WRP2 Pin=ETH1_U_TOP_HEADER_WRP4-16
Added Net: Name=INTERNAL15_U_COMBINED_HEADER_WRP2
Added Pin To Net: NetName=INTERNAL15_U_COMBINED_HEADER_WRP3 Pin=ETH1_U_BOTTOM_HEADER_WRP3-16
Added Pin To Net: NetName=INTERNAL15_U_COMBINED_HEADER_WRP3 Pin=ETH1_U_TOP_HEADER_WRP6-16
Added Net: Name=INTERNAL15_U_COMBINED_HEADER_WRP3
Added Pin To Net: NetName=INTERNAL15_U_COMBINED_HEADER_WRP4 Pin=ETH1_U_BOTTOM_HEADER_WRP4-16
Added Pin To Net: NetName=INTERNAL15_U_COMBINED_HEADER_WRP4 Pin=ETH1_U_TOP_HEADER_WRP8-16
Added Net: Name=INTERNAL15_U_COMBINED_HEADER_WRP4
Added Pin To Net: NetName=INTERNAL16_U_COMBINED_HEADER_WRP1 Pin=ETH1_U_TOP_HEADER_WRP1-1
Added Net: Name=INTERNAL16_U_COMBINED_HEADER_WRP1
Added Pin To Net: NetName=INTERNAL16_U_COMBINED_HEADER_WRP2 Pin=ETH1_U_TOP_HEADER_WRP3-1
Added Net: Name=INTERNAL16_U_COMBINED_HEADER_WRP2
Added Pin To Net: NetName=INTERNAL16_U_COMBINED_HEADER_WRP3 Pin=ETH1_U_TOP_HEADER_WRP5-1
Added Net: Name=INTERNAL16_U_COMBINED_HEADER_WRP3
Added Pin To Net: NetName=INTERNAL16_U_COMBINED_HEADER_WRP4 Pin=ETH1_U_TOP_HEADER_WRP7-1
Added Net: Name=INTERNAL16_U_COMBINED_HEADER_WRP4
Added Pin To Net: NetName=INTERNAL17_U_COMBINED_HEADER_WRP1 Pin=ETH1_U_TOP_HEADER_WRP1-2
Added Net: Name=INTERNAL17_U_COMBINED_HEADER_WRP1
Added Pin To Net: NetName=INTERNAL17_U_COMBINED_HEADER_WRP2 Pin=ETH1_U_TOP_HEADER_WRP3-2
Added Net: Name=INTERNAL17_U_COMBINED_HEADER_WRP2
Added Pin To Net: NetName=INTERNAL17_U_COMBINED_HEADER_WRP3 Pin=ETH1_U_TOP_HEADER_WRP5-2
Added Net: Name=INTERNAL17_U_COMBINED_HEADER_WRP3
Added Pin To Net: NetName=INTERNAL17_U_COMBINED_HEADER_WRP4 Pin=ETH1_U_TOP_HEADER_WRP7-2
Added Net: Name=INTERNAL17_U_COMBINED_HEADER_WRP4
Added Pin To Net: NetName=INTERNAL18_U_COMBINED_HEADER_WRP1 Pin=ETH1_U_TOP_HEADER_WRP1-3
Added Net: Name=INTERNAL18_U_COMBINED_HEADER_WRP1
Added Pin To Net: NetName=INTERNAL18_U_COMBINED_HEADER_WRP2 Pin=ETH1_U_TOP_HEADER_WRP3-3
Added Net: Name=INTERNAL18_U_COMBINED_HEADER_WRP2
Added Pin To Net: NetName=INTERNAL18_U_COMBINED_HEADER_WRP3 Pin=ETH1_U_TOP_HEADER_WRP5-3
Added Net: Name=INTERNAL18_U_COMBINED_HEADER_WRP3
Added Pin To Net: NetName=INTERNAL18_U_COMBINED_HEADER_WRP4 Pin=ETH1_U_TOP_HEADER_WRP7-3
Added Net: Name=INTERNAL18_U_COMBINED_HEADER_WRP4
Added Pin To Net: NetName=INTERNAL19_U_COMBINED_HEADER_WRP1 Pin=ETH1_U_TOP_HEADER_WRP1-4
Added Net: Name=INTERNAL19_U_COMBINED_HEADER_WRP1
Added Pin To Net: NetName=INTERNAL19_U_COMBINED_HEADER_WRP2 Pin=ETH1_U_TOP_HEADER_WRP3-4
Added Net: Name=INTERNAL19_U_COMBINED_HEADER_WRP2
Added Pin To Net: NetName=INTERNAL19_U_COMBINED_HEADER_WRP3 Pin=ETH1_U_TOP_HEADER_WRP5-4
Added Net: Name=INTERNAL19_U_COMBINED_HEADER_WRP3
Added Pin To Net: NetName=INTERNAL19_U_COMBINED_HEADER_WRP4 Pin=ETH1_U_TOP_HEADER_WRP7-4
Added Net: Name=INTERNAL19_U_COMBINED_HEADER_WRP4
Added Pin To Net: NetName=INTERNAL20_U_COMBINED_HEADER_WRP1 Pin=ETH1_U_TOP_HEADER_WRP1-5
Added Net: Name=INTERNAL20_U_COMBINED_HEADER_WRP1
Added Pin To Net: NetName=INTERNAL20_U_COMBINED_HEADER_WRP2 Pin=ETH1_U_TOP_HEADER_WRP3-5
Added Net: Name=INTERNAL20_U_COMBINED_HEADER_WRP2
Added Pin To Net: NetName=INTERNAL20_U_COMBINED_HEADER_WRP3 Pin=ETH1_U_TOP_HEADER_WRP5-5
Added Net: Name=INTERNAL20_U_COMBINED_HEADER_WRP3
Added Pin To Net: NetName=INTERNAL20_U_COMBINED_HEADER_WRP4 Pin=ETH1_U_TOP_HEADER_WRP7-5
Added Net: Name=INTERNAL20_U_COMBINED_HEADER_WRP4
Added Pin To Net: NetName=INTERNAL21_U_COMBINED_HEADER_WRP1 Pin=ETH1_U_TOP_HEADER_WRP1-6
Added Net: Name=INTERNAL21_U_COMBINED_HEADER_WRP1
Added Pin To Net: NetName=INTERNAL21_U_COMBINED_HEADER_WRP2 Pin=ETH1_U_TOP_HEADER_WRP3-6
Added Net: Name=INTERNAL21_U_COMBINED_HEADER_WRP2
Added Pin To Net: NetName=INTERNAL21_U_COMBINED_HEADER_WRP3 Pin=ETH1_U_TOP_HEADER_WRP5-6
Added Net: Name=INTERNAL21_U_COMBINED_HEADER_WRP3
Added Pin To Net: NetName=INTERNAL21_U_COMBINED_HEADER_WRP4 Pin=ETH1_U_TOP_HEADER_WRP7-6
Added Net: Name=INTERNAL21_U_COMBINED_HEADER_WRP4
Added Pin To Net: NetName=INTERNAL22_U_COMBINED_HEADER_WRP1 Pin=ETH1_U_TOP_HEADER_WRP1-7
Added Net: Name=INTERNAL22_U_COMBINED_HEADER_WRP1
Added Pin To Net: NetName=INTERNAL22_U_COMBINED_HEADER_WRP2 Pin=ETH1_U_TOP_HEADER_WRP3-7
Added Net: Name=INTERNAL22_U_COMBINED_HEADER_WRP2
Added Pin To Net: NetName=INTERNAL22_U_COMBINED_HEADER_WRP3 Pin=ETH1_U_TOP_HEADER_WRP5-7
Added Net: Name=INTERNAL22_U_COMBINED_HEADER_WRP3
Added Pin To Net: NetName=INTERNAL22_U_COMBINED_HEADER_WRP4 Pin=ETH1_U_TOP_HEADER_WRP7-7
Added Net: Name=INTERNAL22_U_COMBINED_HEADER_WRP4
Added Pin To Net: NetName=INTERNAL23_U_COMBINED_HEADER_WRP1 Pin=ETH1_U_TOP_HEADER_WRP1-8
Added Net: Name=INTERNAL23_U_COMBINED_HEADER_WRP1
Added Pin To Net: NetName=INTERNAL23_U_COMBINED_HEADER_WRP2 Pin=ETH1_U_TOP_HEADER_WRP3-8
Added Net: Name=INTERNAL23_U_COMBINED_HEADER_WRP2
Added Pin To Net: NetName=INTERNAL23_U_COMBINED_HEADER_WRP3 Pin=ETH1_U_TOP_HEADER_WRP5-8
Added Net: Name=INTERNAL23_U_COMBINED_HEADER_WRP3
Added Pin To Net: NetName=INTERNAL23_U_COMBINED_HEADER_WRP4 Pin=ETH1_U_TOP_HEADER_WRP7-8
Added Net: Name=INTERNAL23_U_COMBINED_HEADER_WRP4
Added Pin To Net: NetName=INTERNAL24_U_COMBINED_HEADER_WRP1 Pin=ETH1_U_BOTTOM_HEADER_WRP1-32
Added Pin To Net: NetName=INTERNAL24_U_COMBINED_HEADER_WRP1 Pin=ETH1_U_TOP_HEADER_WRP1-9
Added Net: Name=INTERNAL24_U_COMBINED_HEADER_WRP1
Added Pin To Net: NetName=INTERNAL24_U_COMBINED_HEADER_WRP2 Pin=ETH1_U_BOTTOM_HEADER_WRP2-32
Added Pin To Net: NetName=INTERNAL24_U_COMBINED_HEADER_WRP2 Pin=ETH1_U_TOP_HEADER_WRP3-9
Added Net: Name=INTERNAL24_U_COMBINED_HEADER_WRP2
Added Pin To Net: NetName=INTERNAL24_U_COMBINED_HEADER_WRP3 Pin=ETH1_U_BOTTOM_HEADER_WRP3-32
Added Pin To Net: NetName=INTERNAL24_U_COMBINED_HEADER_WRP3 Pin=ETH1_U_TOP_HEADER_WRP5-9
Added Net: Name=INTERNAL24_U_COMBINED_HEADER_WRP3
Added Pin To Net: NetName=INTERNAL24_U_COMBINED_HEADER_WRP4 Pin=ETH1_U_BOTTOM_HEADER_WRP4-32
Added Pin To Net: NetName=INTERNAL24_U_COMBINED_HEADER_WRP4 Pin=ETH1_U_TOP_HEADER_WRP7-9
Added Net: Name=INTERNAL24_U_COMBINED_HEADER_WRP4
Added Pin To Net: NetName=INTERNAL25_U_COMBINED_HEADER_WRP1 Pin=ETH1_U_BOTTOM_HEADER_WRP1-31
Added Pin To Net: NetName=INTERNAL25_U_COMBINED_HEADER_WRP1 Pin=ETH1_U_TOP_HEADER_WRP1-10
Added Net: Name=INTERNAL25_U_COMBINED_HEADER_WRP1
Added Pin To Net: NetName=INTERNAL25_U_COMBINED_HEADER_WRP2 Pin=ETH1_U_BOTTOM_HEADER_WRP2-31
Added Pin To Net: NetName=INTERNAL25_U_COMBINED_HEADER_WRP2 Pin=ETH1_U_TOP_HEADER_WRP3-10
Added Net: Name=INTERNAL25_U_COMBINED_HEADER_WRP2
Added Pin To Net: NetName=INTERNAL25_U_COMBINED_HEADER_WRP3 Pin=ETH1_U_BOTTOM_HEADER_WRP3-31
Added Pin To Net: NetName=INTERNAL25_U_COMBINED_HEADER_WRP3 Pin=ETH1_U_TOP_HEADER_WRP5-10
Added Net: Name=INTERNAL25_U_COMBINED_HEADER_WRP3
Added Pin To Net: NetName=INTERNAL25_U_COMBINED_HEADER_WRP4 Pin=ETH1_U_BOTTOM_HEADER_WRP4-31
Added Pin To Net: NetName=INTERNAL25_U_COMBINED_HEADER_WRP4 Pin=ETH1_U_TOP_HEADER_WRP7-10
Added Net: Name=INTERNAL25_U_COMBINED_HEADER_WRP4
Added Pin To Net: NetName=INTERNAL26_U_COMBINED_HEADER_WRP1 Pin=ETH1_U_TOP_HEADER_WRP1-11
Added Net: Name=INTERNAL26_U_COMBINED_HEADER_WRP1
Added Pin To Net: NetName=INTERNAL26_U_COMBINED_HEADER_WRP2 Pin=ETH1_U_TOP_HEADER_WRP3-11
Added Net: Name=INTERNAL26_U_COMBINED_HEADER_WRP2
Added Pin To Net: NetName=INTERNAL26_U_COMBINED_HEADER_WRP3 Pin=ETH1_U_TOP_HEADER_WRP5-11
Added Net: Name=INTERNAL26_U_COMBINED_HEADER_WRP3
Added Pin To Net: NetName=INTERNAL26_U_COMBINED_HEADER_WRP4 Pin=ETH1_U_TOP_HEADER_WRP7-11
Added Net: Name=INTERNAL26_U_COMBINED_HEADER_WRP4
Added Pin To Net: NetName=INTERNAL27_U_COMBINED_HEADER_WRP1 Pin=ETH1_U_BOTTOM_HEADER_WRP1-29
Added Pin To Net: NetName=INTERNAL27_U_COMBINED_HEADER_WRP1 Pin=ETH1_U_TOP_HEADER_WRP1-12
Added Net: Name=INTERNAL27_U_COMBINED_HEADER_WRP1
Added Pin To Net: NetName=INTERNAL27_U_COMBINED_HEADER_WRP2 Pin=ETH1_U_BOTTOM_HEADER_WRP2-29
Added Pin To Net: NetName=INTERNAL27_U_COMBINED_HEADER_WRP2 Pin=ETH1_U_TOP_HEADER_WRP3-12
Added Net: Name=INTERNAL27_U_COMBINED_HEADER_WRP2
Added Pin To Net: NetName=INTERNAL27_U_COMBINED_HEADER_WRP3 Pin=ETH1_U_BOTTOM_HEADER_WRP3-29
Added Pin To Net: NetName=INTERNAL27_U_COMBINED_HEADER_WRP3 Pin=ETH1_U_TOP_HEADER_WRP5-12
Added Net: Name=INTERNAL27_U_COMBINED_HEADER_WRP3
Added Pin To Net: NetName=INTERNAL27_U_COMBINED_HEADER_WRP4 Pin=ETH1_U_BOTTOM_HEADER_WRP4-29
Added Pin To Net: NetName=INTERNAL27_U_COMBINED_HEADER_WRP4 Pin=ETH1_U_TOP_HEADER_WRP7-12
Added Net: Name=INTERNAL27_U_COMBINED_HEADER_WRP4
Added Pin To Net: NetName=INTERNAL28_U_COMBINED_HEADER_WRP1 Pin=ETH1_U_BOTTOM_HEADER_WRP1-28
Added Pin To Net: NetName=INTERNAL28_U_COMBINED_HEADER_WRP1 Pin=ETH1_U_TOP_HEADER_WRP1-13
Added Net: Name=INTERNAL28_U_COMBINED_HEADER_WRP1
Added Pin To Net: NetName=INTERNAL28_U_COMBINED_HEADER_WRP2 Pin=ETH1_U_BOTTOM_HEADER_WRP2-28
Added Pin To Net: NetName=INTERNAL28_U_COMBINED_HEADER_WRP2 Pin=ETH1_U_TOP_HEADER_WRP3-13
Added Net: Name=INTERNAL28_U_COMBINED_HEADER_WRP2
Added Pin To Net: NetName=INTERNAL28_U_COMBINED_HEADER_WRP3 Pin=ETH1_U_BOTTOM_HEADER_WRP3-28
Added Pin To Net: NetName=INTERNAL28_U_COMBINED_HEADER_WRP3 Pin=ETH1_U_TOP_HEADER_WRP5-13
Added Net: Name=INTERNAL28_U_COMBINED_HEADER_WRP3
Added Pin To Net: NetName=INTERNAL28_U_COMBINED_HEADER_WRP4 Pin=ETH1_U_BOTTOM_HEADER_WRP4-28
Added Pin To Net: NetName=INTERNAL28_U_COMBINED_HEADER_WRP4 Pin=ETH1_U_TOP_HEADER_WRP7-13
Added Net: Name=INTERNAL28_U_COMBINED_HEADER_WRP4
Added Pin To Net: NetName=INTERNAL29_U_COMBINED_HEADER_WRP1 Pin=ETH1_U_BOTTOM_HEADER_WRP1-27
Added Pin To Net: NetName=INTERNAL29_U_COMBINED_HEADER_WRP1 Pin=ETH1_U_TOP_HEADER_WRP1-14
Added Net: Name=INTERNAL29_U_COMBINED_HEADER_WRP1
Added Pin To Net: NetName=INTERNAL29_U_COMBINED_HEADER_WRP2 Pin=ETH1_U_BOTTOM_HEADER_WRP2-27
Added Pin To Net: NetName=INTERNAL29_U_COMBINED_HEADER_WRP2 Pin=ETH1_U_TOP_HEADER_WRP3-14
Added Net: Name=INTERNAL29_U_COMBINED_HEADER_WRP2
Added Pin To Net: NetName=INTERNAL29_U_COMBINED_HEADER_WRP3 Pin=ETH1_U_BOTTOM_HEADER_WRP3-27
Added Pin To Net: NetName=INTERNAL29_U_COMBINED_HEADER_WRP3 Pin=ETH1_U_TOP_HEADER_WRP5-14
Added Net: Name=INTERNAL29_U_COMBINED_HEADER_WRP3
Added Pin To Net: NetName=INTERNAL29_U_COMBINED_HEADER_WRP4 Pin=ETH1_U_BOTTOM_HEADER_WRP4-27
Added Pin To Net: NetName=INTERNAL29_U_COMBINED_HEADER_WRP4 Pin=ETH1_U_TOP_HEADER_WRP7-14
Added Net: Name=INTERNAL29_U_COMBINED_HEADER_WRP4
Added Pin To Net: NetName=INTERNAL30_U_COMBINED_HEADER_WRP1 Pin=ETH1_U_BOTTOM_HEADER_WRP1-26
Added Pin To Net: NetName=INTERNAL30_U_COMBINED_HEADER_WRP1 Pin=ETH1_U_TOP_HEADER_WRP1-15
Added Net: Name=INTERNAL30_U_COMBINED_HEADER_WRP1
Added Pin To Net: NetName=INTERNAL30_U_COMBINED_HEADER_WRP2 Pin=ETH1_U_BOTTOM_HEADER_WRP2-26
Added Pin To Net: NetName=INTERNAL30_U_COMBINED_HEADER_WRP2 Pin=ETH1_U_TOP_HEADER_WRP3-15
Added Net: Name=INTERNAL30_U_COMBINED_HEADER_WRP2
Added Pin To Net: NetName=INTERNAL30_U_COMBINED_HEADER_WRP3 Pin=ETH1_U_BOTTOM_HEADER_WRP3-26
Added Pin To Net: NetName=INTERNAL30_U_COMBINED_HEADER_WRP3 Pin=ETH1_U_TOP_HEADER_WRP5-15
Added Net: Name=INTERNAL30_U_COMBINED_HEADER_WRP3
Added Pin To Net: NetName=INTERNAL30_U_COMBINED_HEADER_WRP4 Pin=ETH1_U_BOTTOM_HEADER_WRP4-26
Added Pin To Net: NetName=INTERNAL30_U_COMBINED_HEADER_WRP4 Pin=ETH1_U_TOP_HEADER_WRP7-15
Added Net: Name=INTERNAL30_U_COMBINED_HEADER_WRP4
Added Pin To Net: NetName=INTERNAL31_U_COMBINED_HEADER_WRP1 Pin=ETH1_U_BOTTOM_HEADER_WRP1-25
Added Pin To Net: NetName=INTERNAL31_U_COMBINED_HEADER_WRP1 Pin=ETH1_U_TOP_HEADER_WRP1-16
Added Net: Name=INTERNAL31_U_COMBINED_HEADER_WRP1
Added Pin To Net: NetName=INTERNAL31_U_COMBINED_HEADER_WRP2 Pin=ETH1_U_BOTTOM_HEADER_WRP2-25
Added Pin To Net: NetName=INTERNAL31_U_COMBINED_HEADER_WRP2 Pin=ETH1_U_TOP_HEADER_WRP3-16
Added Net: Name=INTERNAL31_U_COMBINED_HEADER_WRP2
Added Pin To Net: NetName=INTERNAL31_U_COMBINED_HEADER_WRP3 Pin=ETH1_U_BOTTOM_HEADER_WRP3-25
Added Pin To Net: NetName=INTERNAL31_U_COMBINED_HEADER_WRP3 Pin=ETH1_U_TOP_HEADER_WRP5-16
Added Net: Name=INTERNAL31_U_COMBINED_HEADER_WRP3
Added Pin To Net: NetName=INTERNAL31_U_COMBINED_HEADER_WRP4 Pin=ETH1_U_BOTTOM_HEADER_WRP4-25
Added Pin To Net: NetName=INTERNAL31_U_COMBINED_HEADER_WRP4 Pin=ETH1_U_TOP_HEADER_WRP7-16
Added Net: Name=INTERNAL31_U_COMBINED_HEADER_WRP4
Added Pin To Net: NetName=OUTSIDE_W16_U_BOTTOM_HEADER_WRP1 Pin=ETH1_U_BOTTOM_HEADER_WRP1-40
Added Net: Name=OUTSIDE_W16_U_BOTTOM_HEADER_WRP1
Added Pin To Net: NetName=OUTSIDE_W16_U_BOTTOM_HEADER_WRP2 Pin=ETH1_U_BOTTOM_HEADER_WRP2-40
Added Net: Name=OUTSIDE_W16_U_BOTTOM_HEADER_WRP2
Added Pin To Net: NetName=OUTSIDE_W16_U_BOTTOM_HEADER_WRP3 Pin=ETH1_U_BOTTOM_HEADER_WRP3-40
Added Net: Name=OUTSIDE_W16_U_BOTTOM_HEADER_WRP3
Added Pin To Net: NetName=OUTSIDE_W16_U_BOTTOM_HEADER_WRP4 Pin=ETH1_U_BOTTOM_HEADER_WRP4-40
Added Net: Name=OUTSIDE_W16_U_BOTTOM_HEADER_WRP4
Added Pin To Net: NetName=OUTSIDE_W17_U_BOTTOM_HEADER_WRP1 Pin=ETH1_U_BOTTOM_HEADER_WRP1-39
Added Net: Name=OUTSIDE_W17_U_BOTTOM_HEADER_WRP1
Added Pin To Net: NetName=OUTSIDE_W17_U_BOTTOM_HEADER_WRP2 Pin=ETH1_U_BOTTOM_HEADER_WRP2-39
Added Net: Name=OUTSIDE_W17_U_BOTTOM_HEADER_WRP2
Added Pin To Net: NetName=OUTSIDE_W17_U_BOTTOM_HEADER_WRP3 Pin=ETH1_U_BOTTOM_HEADER_WRP3-39
Added Net: Name=OUTSIDE_W17_U_BOTTOM_HEADER_WRP3
Added Pin To Net: NetName=OUTSIDE_W17_U_BOTTOM_HEADER_WRP4 Pin=ETH1_U_BOTTOM_HEADER_WRP4-39
Added Net: Name=OUTSIDE_W17_U_BOTTOM_HEADER_WRP4
Added Pin To Net: NetName=OUTSIDE_W18_U_BOTTOM_HEADER_WRP1 Pin=ETH1_U_BOTTOM_HEADER_WRP1-38
Added Net: Name=OUTSIDE_W18_U_BOTTOM_HEADER_WRP1
Added Pin To Net: NetName=OUTSIDE_W18_U_BOTTOM_HEADER_WRP2 Pin=ETH1_U_BOTTOM_HEADER_WRP2-38
Added Net: Name=OUTSIDE_W18_U_BOTTOM_HEADER_WRP2
Added Pin To Net: NetName=OUTSIDE_W18_U_BOTTOM_HEADER_WRP3 Pin=ETH1_U_BOTTOM_HEADER_WRP3-38
Added Net: Name=OUTSIDE_W18_U_BOTTOM_HEADER_WRP3
Added Pin To Net: NetName=OUTSIDE_W18_U_BOTTOM_HEADER_WRP4 Pin=ETH1_U_BOTTOM_HEADER_WRP4-38
Added Net: Name=OUTSIDE_W18_U_BOTTOM_HEADER_WRP4
Added Pin To Net: NetName=OUTSIDE_W19_U_BOTTOM_HEADER_WRP1 Pin=ETH1_U_BOTTOM_HEADER_WRP1-37
Added Net: Name=OUTSIDE_W19_U_BOTTOM_HEADER_WRP1
Added Pin To Net: NetName=OUTSIDE_W19_U_BOTTOM_HEADER_WRP2 Pin=ETH1_U_BOTTOM_HEADER_WRP2-37
Added Net: Name=OUTSIDE_W19_U_BOTTOM_HEADER_WRP2
Added Pin To Net: NetName=OUTSIDE_W19_U_BOTTOM_HEADER_WRP3 Pin=ETH1_U_BOTTOM_HEADER_WRP3-37
Added Net: Name=OUTSIDE_W19_U_BOTTOM_HEADER_WRP3
Added Pin To Net: NetName=OUTSIDE_W19_U_BOTTOM_HEADER_WRP4 Pin=ETH1_U_BOTTOM_HEADER_WRP4-37
Added Net: Name=OUTSIDE_W19_U_BOTTOM_HEADER_WRP4
Added Pin To Net: NetName=OUTSIDE_W20_U_BOTTOM_HEADER_WRP1 Pin=ETH1_U_BOTTOM_HEADER_WRP1-36
Added Net: Name=OUTSIDE_W20_U_BOTTOM_HEADER_WRP1
Added Pin To Net: NetName=OUTSIDE_W20_U_BOTTOM_HEADER_WRP2 Pin=ETH1_U_BOTTOM_HEADER_WRP2-36
Added Net: Name=OUTSIDE_W20_U_BOTTOM_HEADER_WRP2
Added Pin To Net: NetName=OUTSIDE_W20_U_BOTTOM_HEADER_WRP3 Pin=ETH1_U_BOTTOM_HEADER_WRP3-36
Added Net: Name=OUTSIDE_W20_U_BOTTOM_HEADER_WRP3
Added Pin To Net: NetName=OUTSIDE_W20_U_BOTTOM_HEADER_WRP4 Pin=ETH1_U_BOTTOM_HEADER_WRP4-36
Added Net: Name=OUTSIDE_W20_U_BOTTOM_HEADER_WRP4
Added Pin To Net: NetName=OUTSIDE_W21_U_BOTTOM_HEADER_WRP1 Pin=ETH1_U_BOTTOM_HEADER_WRP1-35
Added Net: Name=OUTSIDE_W21_U_BOTTOM_HEADER_WRP1
Added Pin To Net: NetName=OUTSIDE_W21_U_BOTTOM_HEADER_WRP2 Pin=ETH1_U_BOTTOM_HEADER_WRP2-35
Added Net: Name=OUTSIDE_W21_U_BOTTOM_HEADER_WRP2
Added Pin To Net: NetName=OUTSIDE_W21_U_BOTTOM_HEADER_WRP3 Pin=ETH1_U_BOTTOM_HEADER_WRP3-35
Added Net: Name=OUTSIDE_W21_U_BOTTOM_HEADER_WRP3
Added Pin To Net: NetName=OUTSIDE_W21_U_BOTTOM_HEADER_WRP4 Pin=ETH1_U_BOTTOM_HEADER_WRP4-35
Added Net: Name=OUTSIDE_W21_U_BOTTOM_HEADER_WRP4
Added Pin To Net: NetName=OUTSIDE_W22_U_BOTTOM_HEADER_WRP1 Pin=ETH1_U_BOTTOM_HEADER_WRP1-34
Added Net: Name=OUTSIDE_W22_U_BOTTOM_HEADER_WRP1
Added Pin To Net: NetName=OUTSIDE_W22_U_BOTTOM_HEADER_WRP2 Pin=ETH1_U_BOTTOM_HEADER_WRP2-34
Added Net: Name=OUTSIDE_W22_U_BOTTOM_HEADER_WRP2
Added Pin To Net: NetName=OUTSIDE_W22_U_BOTTOM_HEADER_WRP3 Pin=ETH1_U_BOTTOM_HEADER_WRP3-34
Added Net: Name=OUTSIDE_W22_U_BOTTOM_HEADER_WRP3
Added Pin To Net: NetName=OUTSIDE_W22_U_BOTTOM_HEADER_WRP4 Pin=ETH1_U_BOTTOM_HEADER_WRP4-34
Added Net: Name=OUTSIDE_W22_U_BOTTOM_HEADER_WRP4
Added Pin To Net: NetName=OUTSIDE_W23_U_BOTTOM_HEADER_WRP1 Pin=ETH1_U_BOTTOM_HEADER_WRP1-33
Added Net: Name=OUTSIDE_W23_U_BOTTOM_HEADER_WRP1
Added Pin To Net: NetName=OUTSIDE_W23_U_BOTTOM_HEADER_WRP2 Pin=ETH1_U_BOTTOM_HEADER_WRP2-33
Added Net: Name=OUTSIDE_W23_U_BOTTOM_HEADER_WRP2
Added Pin To Net: NetName=OUTSIDE_W23_U_BOTTOM_HEADER_WRP3 Pin=ETH1_U_BOTTOM_HEADER_WRP3-33
Added Net: Name=OUTSIDE_W23_U_BOTTOM_HEADER_WRP3
Added Pin To Net: NetName=OUTSIDE_W23_U_BOTTOM_HEADER_WRP4 Pin=ETH1_U_BOTTOM_HEADER_WRP4-33
Added Net: Name=OUTSIDE_W23_U_BOTTOM_HEADER_WRP4
Added Pin To Net: NetName=OUTSIDE_W26\_U_BOTTOM_HEADER_WRP1 Pin=ETH1_U_BOTTOM_HEADER_WRP1-30
Added Net: Name=OUTSIDE_W26\_U_BOTTOM_HEADER_WRP1
Added Pin To Net: NetName=OUTSIDE_W26\_U_BOTTOM_HEADER_WRP2 Pin=ETH1_U_BOTTOM_HEADER_WRP2-30
Added Net: Name=OUTSIDE_W26\_U_BOTTOM_HEADER_WRP2
Added Pin To Net: NetName=OUTSIDE_W26\_U_BOTTOM_HEADER_WRP3 Pin=ETH1_U_BOTTOM_HEADER_WRP3-30
Added Net: Name=OUTSIDE_W26\_U_BOTTOM_HEADER_WRP3
Added Pin To Net: NetName=OUTSIDE_W26\_U_BOTTOM_HEADER_WRP4 Pin=ETH1_U_BOTTOM_HEADER_WRP4-30
Added Net: Name=OUTSIDE_W26\_U_BOTTOM_HEADER_WRP4
Added Class: Name=U_BOTTOM_HEADER_WRP1
Added Class: Name=U_BOTTOM_HEADER_WRP2
Added Class: Name=U_BOTTOM_HEADER_WRP3
Added Class: Name=U_BOTTOM_HEADER_WRP4
Added Class: Name=U_TOP_HEADER_WRP1
Added Class: Name=U_TOP_HEADER_WRP2
Added Class: Name=U_TOP_HEADER_WRP3
Added Class: Name=U_TOP_HEADER_WRP4
Added Class: Name=U_TOP_HEADER_WRP5
Added Class: Name=U_TOP_HEADER_WRP6
Added Class: Name=U_TOP_HEADER_WRP7
Added Class: Name=U_TOP_HEADER_WRP8
Added Class: Name=INSIDE_B[111..0]
Added Class: Name=BOTTOM_HEADER_WRP
Added Class: Name=COMBINED_HEADER_WRP
Added Class: Name=TOP_HEADER_WRP
