Change Component Physical Designator: Old Designator=C1_U_VT_WRP1 New Designator=C?_U_VT_WRP1
Change Component Physical Designator: Old Designator=C1_U_VT_WRP2 New Designator=C?_U_VT_WRP2
Change Component Physical Designator: Old Designator=C1_U_VT_WRP3 New Designator=C?_U_VT_WRP3
Change Component Physical Designator: Old Designator=C1_U_VT_WRP4 New Designator=C?_U_VT_WRP4
Change Component Physical Designator: Old Designator=C1_U_VT_WRP5 New Designator=C?_U_VT_WRP5
Change Component Physical Designator: Old Designator=C1_U_VT_WRP6 New Designator=C?_U_VT_WRP6
Change Component Physical Designator: Old Designator=C1_U_VT_WRP7 New Designator=C?_U_VT_WRP7
Change Component Physical Designator: Old Designator=C1_U_VT_WRP8 New Designator=C?_U_VT_WRP8
Change Component Physical Designator: Old Designator=C1_U_VT_WRP9 New Designator=C?_U_VT_WRP9
Change Component Physical Designator: Old Designator=C1_U_VT_WRP10 New Designator=C?_U_VT_WRP10
Change Component Physical Designator: Old Designator=C1_U_VT_WRP11 New Designator=C?_U_VT_WRP11
Change Component Physical Designator: Old Designator=C1_U_VT_WRP12 New Designator=C?_U_VT_WRP12
Change Component Physical Designator: Old Designator=C1_U_VT_WRP13 New Designator=C?_U_VT_WRP13
Change Component Physical Designator: Old Designator=C1_U_VT_WRP14 New Designator=C?_U_VT_WRP14
Change Component Physical Designator: Old Designator=C1_U_VT_WRP15 New Designator=C?_U_VT_WRP15
Change Component Physical Designator: Old Designator=C1_U_VT_WRP16 New Designator=C?_U_VT_WRP16
Change Component Physical Designator: Old Designator=C2_U_VT_WRP1 New Designator=C?_U_VT_WRP1
Change Component Physical Designator: Old Designator=C2_U_VT_WRP2 New Designator=C?_U_VT_WRP2
Change Component Physical Designator: Old Designator=C2_U_VT_WRP3 New Designator=C?_U_VT_WRP3
Change Component Physical Designator: Old Designator=C2_U_VT_WRP4 New Designator=C?_U_VT_WRP4
Change Component Physical Designator: Old Designator=C2_U_VT_WRP5 New Designator=C?_U_VT_WRP5
Change Component Physical Designator: Old Designator=C2_U_VT_WRP6 New Designator=C?_U_VT_WRP6
Change Component Physical Designator: Old Designator=C2_U_VT_WRP7 New Designator=C?_U_VT_WRP7
Change Component Physical Designator: Old Designator=C2_U_VT_WRP8 New Designator=C?_U_VT_WRP8
Change Component Physical Designator: Old Designator=C2_U_VT_WRP9 New Designator=C?_U_VT_WRP9
Change Component Physical Designator: Old Designator=C2_U_VT_WRP10 New Designator=C?_U_VT_WRP10
Change Component Physical Designator: Old Designator=C2_U_VT_WRP11 New Designator=C?_U_VT_WRP11
Change Component Physical Designator: Old Designator=C2_U_VT_WRP12 New Designator=C?_U_VT_WRP12
Change Component Physical Designator: Old Designator=C2_U_VT_WRP13 New Designator=C?_U_VT_WRP13
Change Component Physical Designator: Old Designator=C2_U_VT_WRP14 New Designator=C?_U_VT_WRP14
Change Component Physical Designator: Old Designator=C2_U_VT_WRP15 New Designator=C?_U_VT_WRP15
Change Component Physical Designator: Old Designator=C2_U_VT_WRP16 New Designator=C?_U_VT_WRP16
Change Component Physical Designator: Old Designator=COUNTER1_U_COUNTER_WRP1 New Designator=COUNTER?_U_COUNTER_WRP1
Change Component Physical Designator: Old Designator=COUNTER1_U_COUNTER_WRP2 New Designator=COUNTER?_U_COUNTER_WRP2
Change Component Physical Designator: Old Designator=COUNTER1_U_COUNTER_WRP3 New Designator=COUNTER?_U_COUNTER_WRP3
Change Component Physical Designator: Old Designator=COUNTER1_U_COUNTER_WRP4 New Designator=COUNTER?_U_COUNTER_WRP4
Change Component Physical Designator: Old Designator=ETH1_U_HEADER_WRP1 New Designator=ETH?_U_HEADER_WRP1
Change Component Physical Designator: Old Designator=ETH1_U_HEADER_WRP2 New Designator=ETH?_U_HEADER_WRP2
Change Component Physical Designator: Old Designator=ETH1_U_HEADER_WRP3 New Designator=ETH?_U_HEADER_WRP3
Change Component Physical Designator: Old Designator=ETH1_U_HEADER_WRP4 New Designator=ETH?_U_HEADER_WRP4
Change Component Physical Designator: Old Designator=ETH1_U_HEADER_WRP5 New Designator=ETH?_U_HEADER_WRP5
Change Component Physical Designator: Old Designator=ETH1_U_HEADER_WRP6 New Designator=ETH?_U_HEADER_WRP6
Change Component Physical Designator: Old Designator=ETH1_U_HEADER_WRP7 New Designator=ETH?_U_HEADER_WRP7
Change Component Physical Designator: Old Designator=ETH1_U_HEADER_WRP8 New Designator=ETH?_U_HEADER_WRP8
Change Component Physical Designator: Old Designator=ETH1_U_HEADER_WRP9 New Designator=ETH?_U_HEADER_WRP9
Change Component Physical Designator: Old Designator=ETH1_U_HEADER_WRP10 New Designator=ETH?_U_HEADER_WRP10
Change Component Physical Designator: Old Designator=ETH1_U_HEADER_WRP11 New Designator=ETH?_U_HEADER_WRP11
Change Component Physical Designator: Old Designator=ETH1_U_HEADER_WRP12 New Designator=ETH?_U_HEADER_WRP12
Change Component Physical Designator: Old Designator=ETH1_U_HEADER_WRP13 New Designator=ETH?_U_HEADER_WRP13
Change Component Physical Designator: Old Designator=ETH1_U_HEADER_WRP14 New Designator=ETH?_U_HEADER_WRP14
Change Component Physical Designator: Old Designator=ETH1_U_HEADER_WRP15 New Designator=ETH?_U_HEADER_WRP15
Change Component Physical Designator: Old Designator=ETH1_U_HEADER_WRP16 New Designator=ETH?_U_HEADER_WRP16
Change Component Physical Designator: Old Designator=FPGAHDR1 New Designator=FPGAHDR?
Change Component Physical Designator: Old Designator=OB1_U_OB_WRP1 New Designator=OB?_U_OB_WRP1
Change Component Physical Designator: Old Designator=OB1_U_OB_WRP2 New Designator=OB?_U_OB_WRP2
Change Component Physical Designator: Old Designator=OB1_U_OB_WRP3 New Designator=OB?_U_OB_WRP3
Change Component Physical Designator: Old Designator=OB1_U_OB_WRP4 New Designator=OB?_U_OB_WRP4
Change Component Physical Designator: Old Designator=OB1_U_OB_WRP5 New Designator=OB?_U_OB_WRP5
Change Component Physical Designator: Old Designator=OB1_U_OB_WRP6 New Designator=OB?_U_OB_WRP6
Change Component Physical Designator: Old Designator=OB1_U_OB_WRP7 New Designator=OB?_U_OB_WRP7
Change Component Physical Designator: Old Designator=OB1_U_OB_WRP8 New Designator=OB?_U_OB_WRP8
Change Component Physical Designator: Old Designator=OB1_U_OB_WRP9 New Designator=OB?_U_OB_WRP9
Change Component Physical Designator: Old Designator=OB1_U_OB_WRP10 New Designator=OB?_U_OB_WRP10
Change Component Physical Designator: Old Designator=OB1_U_OB_WRP11 New Designator=OB?_U_OB_WRP11
Change Component Physical Designator: Old Designator=OB1_U_OB_WRP12 New Designator=OB?_U_OB_WRP12
Change Component Physical Designator: Old Designator=OB1_U_OB_WRP13 New Designator=OB?_U_OB_WRP13
Change Component Physical Designator: Old Designator=OB1_U_OB_WRP14 New Designator=OB?_U_OB_WRP14
Change Component Physical Designator: Old Designator=OB1_U_OB_WRP15 New Designator=OB?_U_OB_WRP15
Change Component Physical Designator: Old Designator=OB1_U_OB_WRP16 New Designator=OB?_U_OB_WRP16
Change Component Physical Designator: Old Designator=VT1_U_VT_WRP1 New Designator=VT?_U_VT_WRP1
Change Component Physical Designator: Old Designator=VT1_U_VT_WRP2 New Designator=VT?_U_VT_WRP2
Change Component Physical Designator: Old Designator=VT1_U_VT_WRP3 New Designator=VT?_U_VT_WRP3
Change Component Physical Designator: Old Designator=VT1_U_VT_WRP4 New Designator=VT?_U_VT_WRP4
Change Component Physical Designator: Old Designator=VT1_U_VT_WRP5 New Designator=VT?_U_VT_WRP5
Change Component Physical Designator: Old Designator=VT1_U_VT_WRP6 New Designator=VT?_U_VT_WRP6
Change Component Physical Designator: Old Designator=VT1_U_VT_WRP7 New Designator=VT?_U_VT_WRP7
Change Component Physical Designator: Old Designator=VT1_U_VT_WRP8 New Designator=VT?_U_VT_WRP8
Change Component Physical Designator: Old Designator=VT1_U_VT_WRP9 New Designator=VT?_U_VT_WRP9
Change Component Physical Designator: Old Designator=VT1_U_VT_WRP10 New Designator=VT?_U_VT_WRP10
Change Component Physical Designator: Old Designator=VT1_U_VT_WRP11 New Designator=VT?_U_VT_WRP11
Change Component Physical Designator: Old Designator=VT1_U_VT_WRP12 New Designator=VT?_U_VT_WRP12
Change Component Physical Designator: Old Designator=VT1_U_VT_WRP13 New Designator=VT?_U_VT_WRP13
Change Component Physical Designator: Old Designator=VT1_U_VT_WRP14 New Designator=VT?_U_VT_WRP14
Change Component Physical Designator: Old Designator=VT1_U_VT_WRP15 New Designator=VT?_U_VT_WRP15
Change Component Physical Designator: Old Designator=VT1_U_VT_WRP16 New Designator=VT?_U_VT_WRP16
Change Component Physical Designator: Old Designator=ZIF1 New Designator=ZIF?
