Removed Pin From Net: NetName=CLK_4 Pin=BH1-17
Removed Pin From Net: NetName=FPGA_STCP Pin=BH1-18
Removed Pin From Net: NetName=FPGA_SHCP Pin=BH1-19
Removed Pin From Net: NetName=FPGA_~PL Pin=BH1-20
Removed Pin From Net: NetName=FPGA_Q Pin=BH1-21
Removed Pin From Net: NetName=FPGA_~MR Pin=BH1-22
Removed Pin From Net: NetName=FPGA_~WE4 Pin=BH1-23
Removed Pin From Net: NetName=FPGA_~CS4 Pin=BH1-24
Removed Pin From Net: NetName=CLK_3 Pin=BH2-17
Removed Pin From Net: NetName=GND Pin=BH2-18
Removed Pin From Net: NetName=GND Pin=BH2-19
Removed Pin From Net: NetName=GND Pin=BH2-20
Removed Pin From Net: NetName=GND Pin=BH2-21
Removed Pin From Net: NetName=GND Pin=BH2-22
Removed Pin From Net: NetName=FPGA_~WE3 Pin=BH2-23
Removed Pin From Net: NetName=FPGA_~CS3 Pin=BH2-24
Removed Pin From Net: NetName=CLK_2 Pin=BH3-17
Removed Pin From Net: NetName=GLOBAL_HIGH_POWER Pin=BH3-18
Removed Pin From Net: NetName=GND Pin=BH3-19
Removed Pin From Net: NetName=GND Pin=BH3-20
Removed Pin From Net: NetName=GND Pin=BH3-21
Removed Pin From Net: NetName=3V3 Pin=BH3-22
Removed Pin From Net: NetName=FPGA_~WE2 Pin=BH3-23
Removed Pin From Net: NetName=FPGA_~CS2 Pin=BH3-24
Removed Pin From Net: NetName=CLK_1 Pin=BH4-17
Removed Pin From Net: NetName=CLR_COUNTER_W_U_COUNTER_WRP1 Pin=BH4-18
Removed Pin From Net: NetName=EN Pin=BH4-19
Removed Pin From Net: NetName=GND Pin=BH4-20
Removed Pin From Net: NetName=GND Pin=BH4-21
Removed Pin From Net: NetName=FPGA_~WE1 Pin=BH4-22
Removed Pin From Net: NetName=FPGA_~OE Pin=BH4-23
Removed Pin From Net: NetName=FPGA_~CS1 Pin=BH4-24
Added Net: Name=NetETH1_U_BOTTOM_HEADER_WRP1_20
Added Net: Name=NetETH1_U_BOTTOM_HEADER_WRP1_21
Added Net: Name=NetETH1_U_BOTTOM_HEADER_WRP1_22
Added Net: Name=NetETH1_U_BOTTOM_HEADER_WRP1_23
Added Net: Name=NetETH1_U_BOTTOM_HEADER_WRP1_24
Added Net: Name=NetETH1_U_BOTTOM_HEADER_WRP2_20
Added Net: Name=NetETH1_U_BOTTOM_HEADER_WRP2_21
Added Net: Name=NetETH1_U_BOTTOM_HEADER_WRP2_22
Added Net: Name=NetETH1_U_BOTTOM_HEADER_WRP2_23
Added Net: Name=NetETH1_U_BOTTOM_HEADER_WRP2_24
Added Net: Name=NetETH1_U_BOTTOM_HEADER_WRP3_20
Added Net: Name=NetETH1_U_BOTTOM_HEADER_WRP3_21
Added Net: Name=NetETH1_U_BOTTOM_HEADER_WRP3_22
Added Net: Name=NetETH1_U_BOTTOM_HEADER_WRP3_23
Added Net: Name=NetETH1_U_BOTTOM_HEADER_WRP3_24
Added Net: Name=NetETH1_U_BOTTOM_HEADER_WRP4_20
Added Net: Name=NetETH1_U_BOTTOM_HEADER_WRP4_21
Added Net: Name=NetETH1_U_BOTTOM_HEADER_WRP4_22
Added Net: Name=NetETH1_U_BOTTOM_HEADER_WRP4_23
Added Net: Name=NetETH1_U_BOTTOM_HEADER_WRP4_24
Added Pin To Net: NetName=OUTSIDE_L_W0_U_BOTTOM_HEADER_WRP1 Pin=TH2-1
Added Net: Name=OUTSIDE_L_W0_U_BOTTOM_HEADER_WRP1
Added Pin To Net: NetName=OUTSIDE_L_W0_U_BOTTOM_HEADER_WRP2 Pin=TH4-1
Added Net: Name=OUTSIDE_L_W0_U_BOTTOM_HEADER_WRP2
Added Pin To Net: NetName=OUTSIDE_L_W0_U_BOTTOM_HEADER_WRP3 Pin=TH6-1
Added Net: Name=OUTSIDE_L_W0_U_BOTTOM_HEADER_WRP3
Added Pin To Net: NetName=OUTSIDE_L_W0_U_BOTTOM_HEADER_WRP4 Pin=TH8-1
Added Net: Name=OUTSIDE_L_W0_U_BOTTOM_HEADER_WRP4
Added Pin To Net: NetName=OUTSIDE_L_W1_U_BOTTOM_HEADER_WRP1 Pin=TH2-2
Added Net: Name=OUTSIDE_L_W1_U_BOTTOM_HEADER_WRP1
Added Pin To Net: NetName=OUTSIDE_L_W1_U_BOTTOM_HEADER_WRP2 Pin=TH4-2
Added Net: Name=OUTSIDE_L_W1_U_BOTTOM_HEADER_WRP2
Added Pin To Net: NetName=OUTSIDE_L_W1_U_BOTTOM_HEADER_WRP3 Pin=TH6-2
Added Net: Name=OUTSIDE_L_W1_U_BOTTOM_HEADER_WRP3
Added Pin To Net: NetName=OUTSIDE_L_W1_U_BOTTOM_HEADER_WRP4 Pin=TH8-2
Added Net: Name=OUTSIDE_L_W1_U_BOTTOM_HEADER_WRP4
Added Pin To Net: NetName=OUTSIDE_L_W2_U_BOTTOM_HEADER_WRP1 Pin=TH2-3
Added Net: Name=OUTSIDE_L_W2_U_BOTTOM_HEADER_WRP1
Added Pin To Net: NetName=OUTSIDE_L_W2_U_BOTTOM_HEADER_WRP2 Pin=TH4-3
Added Net: Name=OUTSIDE_L_W2_U_BOTTOM_HEADER_WRP2
Added Pin To Net: NetName=OUTSIDE_L_W2_U_BOTTOM_HEADER_WRP3 Pin=TH6-3
Added Net: Name=OUTSIDE_L_W2_U_BOTTOM_HEADER_WRP3
Added Pin To Net: NetName=OUTSIDE_L_W2_U_BOTTOM_HEADER_WRP4 Pin=TH8-3
Added Net: Name=OUTSIDE_L_W2_U_BOTTOM_HEADER_WRP4
Added Pin To Net: NetName=OUTSIDE_L_W3_U_BOTTOM_HEADER_WRP1 Pin=TH2-4
Added Net: Name=OUTSIDE_L_W3_U_BOTTOM_HEADER_WRP1
Added Pin To Net: NetName=OUTSIDE_L_W3_U_BOTTOM_HEADER_WRP2 Pin=TH4-4
Added Net: Name=OUTSIDE_L_W3_U_BOTTOM_HEADER_WRP2
Added Pin To Net: NetName=OUTSIDE_L_W3_U_BOTTOM_HEADER_WRP3 Pin=TH6-4
Added Net: Name=OUTSIDE_L_W3_U_BOTTOM_HEADER_WRP3
Added Pin To Net: NetName=OUTSIDE_L_W3_U_BOTTOM_HEADER_WRP4 Pin=TH8-4
Added Net: Name=OUTSIDE_L_W3_U_BOTTOM_HEADER_WRP4
Added Pin To Net: NetName=OUTSIDE_L_W4_U_BOTTOM_HEADER_WRP1 Pin=TH2-5
Added Net: Name=OUTSIDE_L_W4_U_BOTTOM_HEADER_WRP1
Added Pin To Net: NetName=OUTSIDE_L_W4_U_BOTTOM_HEADER_WRP2 Pin=TH4-5
Added Net: Name=OUTSIDE_L_W4_U_BOTTOM_HEADER_WRP2
Added Pin To Net: NetName=OUTSIDE_L_W4_U_BOTTOM_HEADER_WRP3 Pin=TH6-5
Added Net: Name=OUTSIDE_L_W4_U_BOTTOM_HEADER_WRP3
Added Pin To Net: NetName=OUTSIDE_L_W4_U_BOTTOM_HEADER_WRP4 Pin=TH8-5
Added Net: Name=OUTSIDE_L_W4_U_BOTTOM_HEADER_WRP4
Added Pin To Net: NetName=OUTSIDE_L_W5_U_BOTTOM_HEADER_WRP1 Pin=TH2-6
Added Net: Name=OUTSIDE_L_W5_U_BOTTOM_HEADER_WRP1
Added Pin To Net: NetName=OUTSIDE_L_W5_U_BOTTOM_HEADER_WRP2 Pin=TH4-6
Added Net: Name=OUTSIDE_L_W5_U_BOTTOM_HEADER_WRP2
Added Pin To Net: NetName=OUTSIDE_L_W5_U_BOTTOM_HEADER_WRP3 Pin=TH6-6
Added Net: Name=OUTSIDE_L_W5_U_BOTTOM_HEADER_WRP3
Added Pin To Net: NetName=OUTSIDE_L_W5_U_BOTTOM_HEADER_WRP4 Pin=TH8-6
Added Net: Name=OUTSIDE_L_W5_U_BOTTOM_HEADER_WRP4
Added Pin To Net: NetName=OUTSIDE_L_W6_U_BOTTOM_HEADER_WRP1 Pin=TH2-7
Added Net: Name=OUTSIDE_L_W6_U_BOTTOM_HEADER_WRP1
Added Pin To Net: NetName=OUTSIDE_L_W6_U_BOTTOM_HEADER_WRP2 Pin=TH4-7
Added Net: Name=OUTSIDE_L_W6_U_BOTTOM_HEADER_WRP2
Added Pin To Net: NetName=OUTSIDE_L_W6_U_BOTTOM_HEADER_WRP3 Pin=TH6-7
Added Net: Name=OUTSIDE_L_W6_U_BOTTOM_HEADER_WRP3
Added Pin To Net: NetName=OUTSIDE_L_W6_U_BOTTOM_HEADER_WRP4 Pin=TH8-7
Added Net: Name=OUTSIDE_L_W6_U_BOTTOM_HEADER_WRP4
Added Pin To Net: NetName=OUTSIDE_L_W7_U_BOTTOM_HEADER_WRP1 Pin=TH2-8
Added Net: Name=OUTSIDE_L_W7_U_BOTTOM_HEADER_WRP1
Added Pin To Net: NetName=OUTSIDE_L_W7_U_BOTTOM_HEADER_WRP2 Pin=TH4-8
Added Net: Name=OUTSIDE_L_W7_U_BOTTOM_HEADER_WRP2
Added Pin To Net: NetName=OUTSIDE_L_W7_U_BOTTOM_HEADER_WRP3 Pin=TH6-8
Added Net: Name=OUTSIDE_L_W7_U_BOTTOM_HEADER_WRP3
Added Pin To Net: NetName=OUTSIDE_L_W7_U_BOTTOM_HEADER_WRP4 Pin=TH8-8
Added Net: Name=OUTSIDE_L_W7_U_BOTTOM_HEADER_WRP4
Added Pin To Net: NetName=OUTSIDE_L_W8_U_BOTTOM_HEADER_WRP1 Pin=TH3-9
Added Net: Name=OUTSIDE_L_W8_U_BOTTOM_HEADER_WRP1
Added Pin To Net: NetName=OUTSIDE_L_W8_U_BOTTOM_HEADER_WRP2 Pin=TH3-9
Added Net: Name=OUTSIDE_L_W8_U_BOTTOM_HEADER_WRP2
Added Pin To Net: NetName=OUTSIDE_L_W8_U_BOTTOM_HEADER_WRP3 Pin=TH5-9
Added Net: Name=OUTSIDE_L_W8_U_BOTTOM_HEADER_WRP3
Added Pin To Net: NetName=OUTSIDE_L_W8_U_BOTTOM_HEADER_WRP4 Pin=TH7-9
Added Net: Name=OUTSIDE_L_W8_U_BOTTOM_HEADER_WRP4
Added Pin To Net: NetName=OUTSIDE_L_W9_U_BOTTOM_HEADER_WRP1 Pin=TH3-10
Added Net: Name=OUTSIDE_L_W9_U_BOTTOM_HEADER_WRP1
Added Pin To Net: NetName=OUTSIDE_L_W9_U_BOTTOM_HEADER_WRP2 Pin=TH3-10
Added Net: Name=OUTSIDE_L_W9_U_BOTTOM_HEADER_WRP2
Added Pin To Net: NetName=OUTSIDE_L_W9_U_BOTTOM_HEADER_WRP3 Pin=TH5-10
Added Net: Name=OUTSIDE_L_W9_U_BOTTOM_HEADER_WRP3
Added Pin To Net: NetName=OUTSIDE_L_W9_U_BOTTOM_HEADER_WRP4 Pin=TH7-10
Added Net: Name=OUTSIDE_L_W9_U_BOTTOM_HEADER_WRP4
Added Pin To Net: NetName=OUTSIDE_L_W10_U_BOTTOM_HEADER_WRP1 Pin=TH3-11
Added Net: Name=OUTSIDE_L_W10_U_BOTTOM_HEADER_WRP1
Added Pin To Net: NetName=OUTSIDE_L_W10_U_BOTTOM_HEADER_WRP2 Pin=TH3-11
Added Net: Name=OUTSIDE_L_W10_U_BOTTOM_HEADER_WRP2
Added Pin To Net: NetName=OUTSIDE_L_W10_U_BOTTOM_HEADER_WRP3 Pin=TH5-11
Added Net: Name=OUTSIDE_L_W10_U_BOTTOM_HEADER_WRP3
Added Pin To Net: NetName=OUTSIDE_L_W10_U_BOTTOM_HEADER_WRP4 Pin=TH7-11
Added Net: Name=OUTSIDE_L_W10_U_BOTTOM_HEADER_WRP4
Added Pin To Net: NetName=OUTSIDE_L_W11_U_BOTTOM_HEADER_WRP1 Pin=TH3-12
Added Net: Name=OUTSIDE_L_W11_U_BOTTOM_HEADER_WRP1
Added Pin To Net: NetName=OUTSIDE_L_W11_U_BOTTOM_HEADER_WRP2 Pin=TH3-12
Added Net: Name=OUTSIDE_L_W11_U_BOTTOM_HEADER_WRP2
Added Pin To Net: NetName=OUTSIDE_L_W11_U_BOTTOM_HEADER_WRP3 Pin=TH5-12
Added Net: Name=OUTSIDE_L_W11_U_BOTTOM_HEADER_WRP3
Added Pin To Net: NetName=OUTSIDE_L_W11_U_BOTTOM_HEADER_WRP4 Pin=TH7-12
Added Net: Name=OUTSIDE_L_W11_U_BOTTOM_HEADER_WRP4
Added Pin To Net: NetName=OUTSIDE_L_W12_U_BOTTOM_HEADER_WRP1 Pin=TH3-13
Added Net: Name=OUTSIDE_L_W12_U_BOTTOM_HEADER_WRP1
Added Pin To Net: NetName=OUTSIDE_L_W12_U_BOTTOM_HEADER_WRP2 Pin=TH3-13
Added Net: Name=OUTSIDE_L_W12_U_BOTTOM_HEADER_WRP2
Added Pin To Net: NetName=OUTSIDE_L_W12_U_BOTTOM_HEADER_WRP3 Pin=TH5-13
Added Net: Name=OUTSIDE_L_W12_U_BOTTOM_HEADER_WRP3
Added Pin To Net: NetName=OUTSIDE_L_W12_U_BOTTOM_HEADER_WRP4 Pin=TH7-13
Added Net: Name=OUTSIDE_L_W12_U_BOTTOM_HEADER_WRP4
Added Pin To Net: NetName=OUTSIDE_L_W13_U_BOTTOM_HEADER_WRP1 Pin=TH3-14
Added Net: Name=OUTSIDE_L_W13_U_BOTTOM_HEADER_WRP1
Added Pin To Net: NetName=OUTSIDE_L_W13_U_BOTTOM_HEADER_WRP2 Pin=TH3-14
Added Net: Name=OUTSIDE_L_W13_U_BOTTOM_HEADER_WRP2
Added Pin To Net: NetName=OUTSIDE_L_W13_U_BOTTOM_HEADER_WRP3 Pin=TH5-14
Added Net: Name=OUTSIDE_L_W13_U_BOTTOM_HEADER_WRP3
Added Pin To Net: NetName=OUTSIDE_L_W13_U_BOTTOM_HEADER_WRP4 Pin=TH7-14
Added Net: Name=OUTSIDE_L_W13_U_BOTTOM_HEADER_WRP4
Added Pin To Net: NetName=OUTSIDE_L_W14_U_BOTTOM_HEADER_WRP1 Pin=TH3-15
Added Net: Name=OUTSIDE_L_W14_U_BOTTOM_HEADER_WRP1
Added Pin To Net: NetName=OUTSIDE_L_W14_U_BOTTOM_HEADER_WRP2 Pin=TH3-15
Added Net: Name=OUTSIDE_L_W14_U_BOTTOM_HEADER_WRP2
Added Pin To Net: NetName=OUTSIDE_L_W14_U_BOTTOM_HEADER_WRP3 Pin=TH5-15
Added Net: Name=OUTSIDE_L_W14_U_BOTTOM_HEADER_WRP3
Added Pin To Net: NetName=OUTSIDE_L_W14_U_BOTTOM_HEADER_WRP4 Pin=TH7-15
Added Net: Name=OUTSIDE_L_W14_U_BOTTOM_HEADER_WRP4
Added Pin To Net: NetName=OUTSIDE_L_W15_U_BOTTOM_HEADER_WRP1 Pin=TH3-16
Added Net: Name=OUTSIDE_L_W15_U_BOTTOM_HEADER_WRP1
Added Pin To Net: NetName=OUTSIDE_L_W15_U_BOTTOM_HEADER_WRP2 Pin=TH3-16
Added Net: Name=OUTSIDE_L_W15_U_BOTTOM_HEADER_WRP2
Added Pin To Net: NetName=OUTSIDE_L_W15_U_BOTTOM_HEADER_WRP3 Pin=TH5-16
Added Net: Name=OUTSIDE_L_W15_U_BOTTOM_HEADER_WRP3
Added Pin To Net: NetName=OUTSIDE_L_W15_U_BOTTOM_HEADER_WRP4 Pin=TH7-16
Added Net: Name=OUTSIDE_L_W15_U_BOTTOM_HEADER_WRP4
Added Net: Name=OUTSIDE_R_W0_U_BOTTOM_HEADER_WRP1
Added Net: Name=OUTSIDE_R_W0_U_BOTTOM_HEADER_WRP2
Added Net: Name=OUTSIDE_R_W0_U_BOTTOM_HEADER_WRP3
Added Net: Name=OUTSIDE_R_W0_U_BOTTOM_HEADER_WRP4
Added Net: Name=OUTSIDE_R_W1_U_BOTTOM_HEADER_WRP1
Added Net: Name=OUTSIDE_R_W1_U_BOTTOM_HEADER_WRP2
Added Net: Name=OUTSIDE_R_W1_U_BOTTOM_HEADER_WRP3
Added Net: Name=OUTSIDE_R_W1_U_BOTTOM_HEADER_WRP4
Added Net: Name=OUTSIDE_R_W2_U_BOTTOM_HEADER_WRP1
Added Net: Name=OUTSIDE_R_W2_U_BOTTOM_HEADER_WRP2
Added Net: Name=OUTSIDE_R_W2_U_BOTTOM_HEADER_WRP3
Added Net: Name=OUTSIDE_R_W2_U_BOTTOM_HEADER_WRP4
Added Net: Name=OUTSIDE_R_W3_U_BOTTOM_HEADER_WRP1
Added Net: Name=OUTSIDE_R_W3_U_BOTTOM_HEADER_WRP2
Added Net: Name=OUTSIDE_R_W3_U_BOTTOM_HEADER_WRP3
Added Net: Name=OUTSIDE_R_W3_U_BOTTOM_HEADER_WRP4
Added Net: Name=OUTSIDE_R_W4_U_BOTTOM_HEADER_WRP1
Added Net: Name=OUTSIDE_R_W4_U_BOTTOM_HEADER_WRP2
Added Net: Name=OUTSIDE_R_W4_U_BOTTOM_HEADER_WRP3
Added Net: Name=OUTSIDE_R_W4_U_BOTTOM_HEADER_WRP4
Added Net: Name=OUTSIDE_R_W5_U_BOTTOM_HEADER_WRP1
Added Net: Name=OUTSIDE_R_W5_U_BOTTOM_HEADER_WRP2
Added Net: Name=OUTSIDE_R_W5_U_BOTTOM_HEADER_WRP3
Added Net: Name=OUTSIDE_R_W5_U_BOTTOM_HEADER_WRP4
Added Net: Name=OUTSIDE_R_W6_U_BOTTOM_HEADER_WRP1
Added Net: Name=OUTSIDE_R_W6_U_BOTTOM_HEADER_WRP2
Added Net: Name=OUTSIDE_R_W6_U_BOTTOM_HEADER_WRP3
Added Net: Name=OUTSIDE_R_W6_U_BOTTOM_HEADER_WRP4
Added Net: Name=OUTSIDE_R_W7_U_BOTTOM_HEADER_WRP1
Added Net: Name=OUTSIDE_R_W7_U_BOTTOM_HEADER_WRP2
Added Net: Name=OUTSIDE_R_W7_U_BOTTOM_HEADER_WRP3
Added Net: Name=OUTSIDE_R_W7_U_BOTTOM_HEADER_WRP4
Added Net: Name=OUTSIDE_R_W8_U_BOTTOM_HEADER_WRP1
Added Net: Name=OUTSIDE_R_W8_U_BOTTOM_HEADER_WRP2
Added Net: Name=OUTSIDE_R_W8_U_BOTTOM_HEADER_WRP3
Added Net: Name=OUTSIDE_R_W8_U_BOTTOM_HEADER_WRP4
Added Net: Name=OUTSIDE_R_W9_U_BOTTOM_HEADER_WRP1
Added Net: Name=OUTSIDE_R_W9_U_BOTTOM_HEADER_WRP2
Added Net: Name=OUTSIDE_R_W9_U_BOTTOM_HEADER_WRP3
Added Net: Name=OUTSIDE_R_W9_U_BOTTOM_HEADER_WRP4
Added Net: Name=OUTSIDE_R_W10_U_BOTTOM_HEADER_WRP1
Added Net: Name=OUTSIDE_R_W10_U_BOTTOM_HEADER_WRP2
Added Net: Name=OUTSIDE_R_W10_U_BOTTOM_HEADER_WRP3
Added Net: Name=OUTSIDE_R_W10_U_BOTTOM_HEADER_WRP4
Added Net: Name=OUTSIDE_R_W11_U_BOTTOM_HEADER_WRP1
Added Net: Name=OUTSIDE_R_W11_U_BOTTOM_HEADER_WRP2
Added Net: Name=OUTSIDE_R_W11_U_BOTTOM_HEADER_WRP3
Added Net: Name=OUTSIDE_R_W11_U_BOTTOM_HEADER_WRP4
Added Net: Name=OUTSIDE_R_W12_U_BOTTOM_HEADER_WRP1
Added Net: Name=OUTSIDE_R_W12_U_BOTTOM_HEADER_WRP2
Added Net: Name=OUTSIDE_R_W12_U_BOTTOM_HEADER_WRP3
Added Net: Name=OUTSIDE_R_W12_U_BOTTOM_HEADER_WRP4
Added Net: Name=OUTSIDE_R_W13_U_BOTTOM_HEADER_WRP1
Added Net: Name=OUTSIDE_R_W13_U_BOTTOM_HEADER_WRP2
Added Net: Name=OUTSIDE_R_W13_U_BOTTOM_HEADER_WRP3
Added Net: Name=OUTSIDE_R_W13_U_BOTTOM_HEADER_WRP4
Added Net: Name=OUTSIDE_R_W14_U_BOTTOM_HEADER_WRP1
Added Net: Name=OUTSIDE_R_W14_U_BOTTOM_HEADER_WRP2
Added Net: Name=OUTSIDE_R_W14_U_BOTTOM_HEADER_WRP3
Added Net: Name=OUTSIDE_R_W14_U_BOTTOM_HEADER_WRP4
Added Net: Name=OUTSIDE_R_W15_U_BOTTOM_HEADER_WRP1
Added Net: Name=OUTSIDE_R_W15_U_BOTTOM_HEADER_WRP2
Added Net: Name=OUTSIDE_R_W15_U_BOTTOM_HEADER_WRP3
Added Net: Name=OUTSIDE_R_W15_U_BOTTOM_HEADER_WRP4
Added Pin To Net: NetName=OUTSIDE_R_WRP0_U_BOTTOM_HEADER_WRP1 Pin=TH2-9
Added Net: Name=OUTSIDE_R_WRP0_U_BOTTOM_HEADER_WRP1
Added Pin To Net: NetName=OUTSIDE_R_WRP0_U_BOTTOM_HEADER_WRP2 Pin=TH4-9
Added Net: Name=OUTSIDE_R_WRP0_U_BOTTOM_HEADER_WRP2
Added Pin To Net: NetName=OUTSIDE_R_WRP0_U_BOTTOM_HEADER_WRP3 Pin=TH6-9
Added Net: Name=OUTSIDE_R_WRP0_U_BOTTOM_HEADER_WRP3
Added Pin To Net: NetName=OUTSIDE_R_WRP0_U_BOTTOM_HEADER_WRP4 Pin=TH8-9
Added Net: Name=OUTSIDE_R_WRP0_U_BOTTOM_HEADER_WRP4
Added Pin To Net: NetName=OUTSIDE_R_WRP1_U_BOTTOM_HEADER_WRP1 Pin=TH2-10
Added Net: Name=OUTSIDE_R_WRP1_U_BOTTOM_HEADER_WRP1
Added Pin To Net: NetName=OUTSIDE_R_WRP1_U_BOTTOM_HEADER_WRP2 Pin=TH4-10
Added Net: Name=OUTSIDE_R_WRP1_U_BOTTOM_HEADER_WRP2
Added Pin To Net: NetName=OUTSIDE_R_WRP1_U_BOTTOM_HEADER_WRP3 Pin=TH6-10
Added Net: Name=OUTSIDE_R_WRP1_U_BOTTOM_HEADER_WRP3
Added Pin To Net: NetName=OUTSIDE_R_WRP1_U_BOTTOM_HEADER_WRP4 Pin=TH8-10
Added Net: Name=OUTSIDE_R_WRP1_U_BOTTOM_HEADER_WRP4
Added Pin To Net: NetName=OUTSIDE_R_WRP2_U_BOTTOM_HEADER_WRP1 Pin=TH2-11
Added Net: Name=OUTSIDE_R_WRP2_U_BOTTOM_HEADER_WRP1
Added Pin To Net: NetName=OUTSIDE_R_WRP2_U_BOTTOM_HEADER_WRP2 Pin=TH4-11
Added Net: Name=OUTSIDE_R_WRP2_U_BOTTOM_HEADER_WRP2
Added Pin To Net: NetName=OUTSIDE_R_WRP2_U_BOTTOM_HEADER_WRP3 Pin=TH6-11
Added Net: Name=OUTSIDE_R_WRP2_U_BOTTOM_HEADER_WRP3
Added Pin To Net: NetName=OUTSIDE_R_WRP2_U_BOTTOM_HEADER_WRP4 Pin=TH8-11
Added Net: Name=OUTSIDE_R_WRP2_U_BOTTOM_HEADER_WRP4
Added Pin To Net: NetName=OUTSIDE_R_WRP3_U_BOTTOM_HEADER_WRP1 Pin=TH2-12
Added Net: Name=OUTSIDE_R_WRP3_U_BOTTOM_HEADER_WRP1
Added Pin To Net: NetName=OUTSIDE_R_WRP3_U_BOTTOM_HEADER_WRP2 Pin=TH4-12
Added Net: Name=OUTSIDE_R_WRP3_U_BOTTOM_HEADER_WRP2
Added Pin To Net: NetName=OUTSIDE_R_WRP3_U_BOTTOM_HEADER_WRP3 Pin=TH6-12
Added Net: Name=OUTSIDE_R_WRP3_U_BOTTOM_HEADER_WRP3
Added Pin To Net: NetName=OUTSIDE_R_WRP3_U_BOTTOM_HEADER_WRP4 Pin=TH8-12
Added Net: Name=OUTSIDE_R_WRP3_U_BOTTOM_HEADER_WRP4
Added Pin To Net: NetName=OUTSIDE_R_WRP4_U_BOTTOM_HEADER_WRP1 Pin=TH2-13
Added Net: Name=OUTSIDE_R_WRP4_U_BOTTOM_HEADER_WRP1
Added Pin To Net: NetName=OUTSIDE_R_WRP4_U_BOTTOM_HEADER_WRP2 Pin=TH4-13
Added Net: Name=OUTSIDE_R_WRP4_U_BOTTOM_HEADER_WRP2
Added Pin To Net: NetName=OUTSIDE_R_WRP4_U_BOTTOM_HEADER_WRP3 Pin=TH6-13
Added Net: Name=OUTSIDE_R_WRP4_U_BOTTOM_HEADER_WRP3
Added Pin To Net: NetName=OUTSIDE_R_WRP4_U_BOTTOM_HEADER_WRP4 Pin=TH8-13
Added Net: Name=OUTSIDE_R_WRP4_U_BOTTOM_HEADER_WRP4
Added Pin To Net: NetName=OUTSIDE_R_WRP5_U_BOTTOM_HEADER_WRP1 Pin=TH2-14
Added Net: Name=OUTSIDE_R_WRP5_U_BOTTOM_HEADER_WRP1
Added Pin To Net: NetName=OUTSIDE_R_WRP5_U_BOTTOM_HEADER_WRP2 Pin=TH4-14
Added Net: Name=OUTSIDE_R_WRP5_U_BOTTOM_HEADER_WRP2
Added Pin To Net: NetName=OUTSIDE_R_WRP5_U_BOTTOM_HEADER_WRP3 Pin=TH6-14
Added Net: Name=OUTSIDE_R_WRP5_U_BOTTOM_HEADER_WRP3
Added Pin To Net: NetName=OUTSIDE_R_WRP5_U_BOTTOM_HEADER_WRP4 Pin=TH8-14
Added Net: Name=OUTSIDE_R_WRP5_U_BOTTOM_HEADER_WRP4
Added Pin To Net: NetName=OUTSIDE_R_WRP6_U_BOTTOM_HEADER_WRP1 Pin=TH2-15
Added Net: Name=OUTSIDE_R_WRP6_U_BOTTOM_HEADER_WRP1
Added Pin To Net: NetName=OUTSIDE_R_WRP6_U_BOTTOM_HEADER_WRP2 Pin=TH4-15
Added Net: Name=OUTSIDE_R_WRP6_U_BOTTOM_HEADER_WRP2
Added Pin To Net: NetName=OUTSIDE_R_WRP6_U_BOTTOM_HEADER_WRP3 Pin=TH6-15
Added Net: Name=OUTSIDE_R_WRP6_U_BOTTOM_HEADER_WRP3
Added Pin To Net: NetName=OUTSIDE_R_WRP6_U_BOTTOM_HEADER_WRP4 Pin=TH8-15
Added Net: Name=OUTSIDE_R_WRP6_U_BOTTOM_HEADER_WRP4
Added Pin To Net: NetName=OUTSIDE_R_WRP7_U_BOTTOM_HEADER_WRP1 Pin=TH2-16
Added Net: Name=OUTSIDE_R_WRP7_U_BOTTOM_HEADER_WRP1
Added Pin To Net: NetName=OUTSIDE_R_WRP7_U_BOTTOM_HEADER_WRP2 Pin=TH4-16
Added Net: Name=OUTSIDE_R_WRP7_U_BOTTOM_HEADER_WRP2
Added Pin To Net: NetName=OUTSIDE_R_WRP7_U_BOTTOM_HEADER_WRP3 Pin=TH6-16
Added Net: Name=OUTSIDE_R_WRP7_U_BOTTOM_HEADER_WRP3
Added Pin To Net: NetName=OUTSIDE_R_WRP7_U_BOTTOM_HEADER_WRP4 Pin=TH8-16
Added Net: Name=OUTSIDE_R_WRP7_U_BOTTOM_HEADER_WRP4
