Added Pin To Net: NetName=3V3 Pin=0.1uF_1_U_VT_WRP1-1
Added Pin To Net: NetName=3V3 Pin=0.1uF_1_U_VT_WRP2-1
Added Pin To Net: NetName=3V3 Pin=0.1uF_1_U_VT_WRP3-1
Added Pin To Net: NetName=3V3 Pin=0.1uF_1_U_VT_WRP4-1
Added Pin To Net: NetName=3V3 Pin=0.1uF_1_U_VT_WRP5-1
Added Pin To Net: NetName=3V3 Pin=0.1uF_1_U_VT_WRP6-1
Added Pin To Net: NetName=3V3 Pin=0.1uF_1_U_VT_WRP7-1
Added Pin To Net: NetName=3V3 Pin=0.1uF_1_U_VT_WRP8-1
Added Pin To Net: NetName=3V3 Pin=0.1uF_1_U_VT_WRP9-1
Added Pin To Net: NetName=3V3 Pin=0.1uF_1_U_VT_WRP10-1
Added Pin To Net: NetName=3V3 Pin=0.1uF_1_U_VT_WRP11-1
Added Pin To Net: NetName=3V3 Pin=0.1uF_1_U_VT_WRP12-1
Added Pin To Net: NetName=3V3 Pin=0.1uF_1_U_VT_WRP13-1
Added Pin To Net: NetName=3V3 Pin=0.1uF_1_U_VT_WRP14-1
Added Pin To Net: NetName=3V3 Pin=0.1uF_1_U_VT_WRP15-1
Added Pin To Net: NetName=3V3 Pin=0.1uF_1_U_VT_WRP16-1
Added Pin To Net: NetName=VCC Pin=0.1uF_2_U_VT_WRP1-1
Added Pin To Net: NetName=VCC Pin=0.1uF_2_U_VT_WRP2-1
Added Pin To Net: NetName=VCC Pin=0.1uF_2_U_VT_WRP3-1
Added Pin To Net: NetName=VCC Pin=0.1uF_2_U_VT_WRP4-1
Added Pin To Net: NetName=VCC Pin=0.1uF_2_U_VT_WRP5-1
Added Pin To Net: NetName=VCC Pin=0.1uF_2_U_VT_WRP6-1
Added Pin To Net: NetName=VCC Pin=0.1uF_2_U_VT_WRP7-1
Added Pin To Net: NetName=VCC Pin=0.1uF_2_U_VT_WRP8-1
Added Pin To Net: NetName=VCC Pin=0.1uF_2_U_VT_WRP9-1
Added Pin To Net: NetName=VCC Pin=0.1uF_2_U_VT_WRP10-1
Added Pin To Net: NetName=VCC Pin=0.1uF_2_U_VT_WRP11-1
Added Pin To Net: NetName=VCC Pin=0.1uF_2_U_VT_WRP12-1
Added Pin To Net: NetName=VCC Pin=0.1uF_2_U_VT_WRP13-1
Added Pin To Net: NetName=VCC Pin=0.1uF_2_U_VT_WRP14-1
Added Pin To Net: NetName=VCC Pin=0.1uF_2_U_VT_WRP15-1
Added Pin To Net: NetName=VCC Pin=0.1uF_2_U_VT_WRP16-1
Added Pin To Net: NetName=OUTSIDE112 Pin=ETH1_U_HEADER_WRP1-1
Added Pin To Net: NetName=OUTSIDE113 Pin=ETH1_U_HEADER_WRP1-2
Added Pin To Net: NetName=OUTSIDE114 Pin=ETH1_U_HEADER_WRP1-3
Added Pin To Net: NetName=OUTSIDE115 Pin=ETH1_U_HEADER_WRP1-4
Added Pin To Net: NetName=OUTSIDE116 Pin=ETH1_U_HEADER_WRP1-5
Added Pin To Net: NetName=OUTSIDE117 Pin=ETH1_U_HEADER_WRP1-6
Added Pin To Net: NetName=OUTSIDE118 Pin=ETH1_U_HEADER_WRP1-7
Added Pin To Net: NetName=OUTSIDE119 Pin=ETH1_U_HEADER_WRP1-8
Added Pin To Net: NetName=OUTSIDE120 Pin=ETH1_U_HEADER_WRP1-9
Added Pin To Net: NetName=OUTSIDE121 Pin=ETH1_U_HEADER_WRP1-10
Added Pin To Net: NetName=OUTSIDE122 Pin=ETH1_U_HEADER_WRP1-11
Added Pin To Net: NetName=OUTSIDE123 Pin=ETH1_U_HEADER_WRP1-12
Added Pin To Net: NetName=OUTSIDE124 Pin=ETH1_U_HEADER_WRP1-13
Added Pin To Net: NetName=OUTSIDE125 Pin=ETH1_U_HEADER_WRP1-14
Added Pin To Net: NetName=OUTSIDE126 Pin=ETH1_U_HEADER_WRP1-15
Added Pin To Net: NetName=OUTSIDE127 Pin=ETH1_U_HEADER_WRP1-16
Added Pin To Net: NetName=GND Pin=ETH1_U_HEADER_WRP1-17
Added Pin To Net: NetName=GND Pin=ETH1_U_HEADER_WRP1-18
Added Pin To Net: NetName=GND Pin=ETH1_U_HEADER_WRP1-19
Added Pin To Net: NetName=GND Pin=ETH1_U_HEADER_WRP1-20
Added Pin To Net: NetName=GND Pin=ETH1_U_HEADER_WRP1-21
Added Pin To Net: NetName=GND Pin=ETH1_U_HEADER_WRP1-22
Added Pin To Net: NetName=GND Pin=ETH1_U_HEADER_WRP1-23
Added Pin To Net: NetName=GND Pin=ETH1_U_HEADER_WRP1-24
Added Pin To Net: NetName=INSIDE_W15_U_HEADER_WRP1 Pin=ETH1_U_HEADER_WRP1-25
Added Pin To Net: NetName=INSIDE_W14_U_HEADER_WRP1 Pin=ETH1_U_HEADER_WRP1-26
Added Pin To Net: NetName=INSIDE_W13_U_HEADER_WRP1 Pin=ETH1_U_HEADER_WRP1-27
Added Pin To Net: NetName=INSIDE_W12_U_HEADER_WRP1 Pin=ETH1_U_HEADER_WRP1-28
Added Pin To Net: NetName=INSIDE_W11_U_HEADER_WRP1 Pin=ETH1_U_HEADER_WRP1-29
Added Pin To Net: NetName=INSIDE_W10_U_HEADER_WRP1 Pin=ETH1_U_HEADER_WRP1-30
Added Pin To Net: NetName=INSIDE_W9_U_HEADER_WRP1 Pin=ETH1_U_HEADER_WRP1-31
Added Pin To Net: NetName=INSIDE_W8_U_HEADER_WRP1 Pin=ETH1_U_HEADER_WRP1-32
Added Pin To Net: NetName=INSIDE_W7_U_HEADER_WRP1 Pin=ETH1_U_HEADER_WRP1-33
Added Pin To Net: NetName=INSIDE_W6_U_HEADER_WRP1 Pin=ETH1_U_HEADER_WRP1-34
Added Pin To Net: NetName=INSIDE_W5_U_HEADER_WRP1 Pin=ETH1_U_HEADER_WRP1-35
Added Pin To Net: NetName=INSIDE_W4_U_HEADER_WRP1 Pin=ETH1_U_HEADER_WRP1-36
Added Pin To Net: NetName=INSIDE_W3_U_HEADER_WRP1 Pin=ETH1_U_HEADER_WRP1-37
Added Pin To Net: NetName=INSIDE_W2_U_HEADER_WRP1 Pin=ETH1_U_HEADER_WRP1-38
Added Pin To Net: NetName=INSIDE_W1_U_HEADER_WRP1 Pin=ETH1_U_HEADER_WRP1-39
Added Pin To Net: NetName=INSIDE_W0_U_HEADER_WRP1 Pin=ETH1_U_HEADER_WRP1-40
Added Pin To Net: NetName=OUTSIDE96 Pin=ETH1_U_HEADER_WRP2-1
Added Pin To Net: NetName=OUTSIDE97 Pin=ETH1_U_HEADER_WRP2-2
Added Pin To Net: NetName=OUTSIDE98 Pin=ETH1_U_HEADER_WRP2-3
Added Pin To Net: NetName=OUTSIDE99 Pin=ETH1_U_HEADER_WRP2-4
Added Pin To Net: NetName=OUTSIDE100 Pin=ETH1_U_HEADER_WRP2-5
Added Pin To Net: NetName=OUTSIDE101 Pin=ETH1_U_HEADER_WRP2-6
Added Pin To Net: NetName=OUTSIDE102 Pin=ETH1_U_HEADER_WRP2-7
Added Pin To Net: NetName=OUTSIDE103 Pin=ETH1_U_HEADER_WRP2-8
Added Pin To Net: NetName=OUTSIDE104 Pin=ETH1_U_HEADER_WRP2-9
Added Pin To Net: NetName=OUTSIDE105 Pin=ETH1_U_HEADER_WRP2-10
Added Pin To Net: NetName=OUTSIDE106 Pin=ETH1_U_HEADER_WRP2-11
Added Pin To Net: NetName=OUTSIDE107 Pin=ETH1_U_HEADER_WRP2-12
Added Pin To Net: NetName=OUTSIDE108 Pin=ETH1_U_HEADER_WRP2-13
Added Pin To Net: NetName=OUTSIDE109 Pin=ETH1_U_HEADER_WRP2-14
Added Pin To Net: NetName=OUTSIDE110 Pin=ETH1_U_HEADER_WRP2-15
Added Pin To Net: NetName=OUTSIDE111 Pin=ETH1_U_HEADER_WRP2-16
Added Pin To Net: NetName=GND Pin=ETH1_U_HEADER_WRP2-17
Added Pin To Net: NetName=GND Pin=ETH1_U_HEADER_WRP2-18
Added Pin To Net: NetName=GND Pin=ETH1_U_HEADER_WRP2-19
Added Pin To Net: NetName=GND Pin=ETH1_U_HEADER_WRP2-20
Added Pin To Net: NetName=GND Pin=ETH1_U_HEADER_WRP2-21
Added Pin To Net: NetName=GND Pin=ETH1_U_HEADER_WRP2-22
Added Pin To Net: NetName=GND Pin=ETH1_U_HEADER_WRP2-23
Added Pin To Net: NetName=GND Pin=ETH1_U_HEADER_WRP2-24
Added Pin To Net: NetName=INSIDE_W15_U_HEADER_WRP2 Pin=ETH1_U_HEADER_WRP2-25
Added Pin To Net: NetName=INSIDE_W14_U_HEADER_WRP2 Pin=ETH1_U_HEADER_WRP2-26
Added Pin To Net: NetName=INSIDE_W13_U_HEADER_WRP2 Pin=ETH1_U_HEADER_WRP2-27
Added Pin To Net: NetName=INSIDE_W12_U_HEADER_WRP2 Pin=ETH1_U_HEADER_WRP2-28
Added Pin To Net: NetName=INSIDE_W11_U_HEADER_WRP2 Pin=ETH1_U_HEADER_WRP2-29
Added Pin To Net: NetName=INSIDE_W10_U_HEADER_WRP2 Pin=ETH1_U_HEADER_WRP2-30
Added Pin To Net: NetName=INSIDE_W9_U_HEADER_WRP2 Pin=ETH1_U_HEADER_WRP2-31
Added Pin To Net: NetName=INSIDE_W8_U_HEADER_WRP2 Pin=ETH1_U_HEADER_WRP2-32
Added Pin To Net: NetName=INSIDE_W7_U_HEADER_WRP2 Pin=ETH1_U_HEADER_WRP2-33
Added Pin To Net: NetName=INSIDE_W6_U_HEADER_WRP2 Pin=ETH1_U_HEADER_WRP2-34
Added Pin To Net: NetName=INSIDE_W5_U_HEADER_WRP2 Pin=ETH1_U_HEADER_WRP2-35
Added Pin To Net: NetName=INSIDE_W4_U_HEADER_WRP2 Pin=ETH1_U_HEADER_WRP2-36
Added Pin To Net: NetName=INSIDE_W3_U_HEADER_WRP2 Pin=ETH1_U_HEADER_WRP2-37
Added Pin To Net: NetName=INSIDE_W2_U_HEADER_WRP2 Pin=ETH1_U_HEADER_WRP2-38
Added Pin To Net: NetName=INSIDE_W1_U_HEADER_WRP2 Pin=ETH1_U_HEADER_WRP2-39
Added Pin To Net: NetName=INSIDE_W0_U_HEADER_WRP2 Pin=ETH1_U_HEADER_WRP2-40
Added Pin To Net: NetName=OUTSIDE80 Pin=ETH1_U_HEADER_WRP3-1
Added Pin To Net: NetName=OUTSIDE81 Pin=ETH1_U_HEADER_WRP3-2
Added Pin To Net: NetName=OUTSIDE82 Pin=ETH1_U_HEADER_WRP3-3
Added Pin To Net: NetName=OUTSIDE83 Pin=ETH1_U_HEADER_WRP3-4
Added Pin To Net: NetName=OUTSIDE84 Pin=ETH1_U_HEADER_WRP3-5
Added Pin To Net: NetName=OUTSIDE85 Pin=ETH1_U_HEADER_WRP3-6
Added Pin To Net: NetName=OUTSIDE86 Pin=ETH1_U_HEADER_WRP3-7
Added Pin To Net: NetName=OUTSIDE87 Pin=ETH1_U_HEADER_WRP3-8
Added Pin To Net: NetName=OUTSIDE88 Pin=ETH1_U_HEADER_WRP3-9
Added Pin To Net: NetName=OUTSIDE89 Pin=ETH1_U_HEADER_WRP3-10
Added Pin To Net: NetName=OUTSIDE90 Pin=ETH1_U_HEADER_WRP3-11
Added Pin To Net: NetName=OUTSIDE91 Pin=ETH1_U_HEADER_WRP3-12
Added Pin To Net: NetName=OUTSIDE92 Pin=ETH1_U_HEADER_WRP3-13
Added Pin To Net: NetName=OUTSIDE93 Pin=ETH1_U_HEADER_WRP3-14
Added Pin To Net: NetName=OUTSIDE94 Pin=ETH1_U_HEADER_WRP3-15
Added Pin To Net: NetName=OUTSIDE95 Pin=ETH1_U_HEADER_WRP3-16
Added Pin To Net: NetName=GND Pin=ETH1_U_HEADER_WRP3-17
Added Pin To Net: NetName=GND Pin=ETH1_U_HEADER_WRP3-18
Added Pin To Net: NetName=GND Pin=ETH1_U_HEADER_WRP3-19
Added Pin To Net: NetName=GND Pin=ETH1_U_HEADER_WRP3-20
Added Pin To Net: NetName=GND Pin=ETH1_U_HEADER_WRP3-21
Added Pin To Net: NetName=GND Pin=ETH1_U_HEADER_WRP3-22
Added Pin To Net: NetName=GND Pin=ETH1_U_HEADER_WRP3-23
Added Pin To Net: NetName=GND Pin=ETH1_U_HEADER_WRP3-24
Added Pin To Net: NetName=INSIDE_W15_U_HEADER_WRP3 Pin=ETH1_U_HEADER_WRP3-25
Added Pin To Net: NetName=INSIDE_W14_U_HEADER_WRP3 Pin=ETH1_U_HEADER_WRP3-26
Added Pin To Net: NetName=INSIDE_W13_U_HEADER_WRP3 Pin=ETH1_U_HEADER_WRP3-27
Added Pin To Net: NetName=INSIDE_W12_U_HEADER_WRP3 Pin=ETH1_U_HEADER_WRP3-28
Added Pin To Net: NetName=INSIDE_W11_U_HEADER_WRP3 Pin=ETH1_U_HEADER_WRP3-29
Added Pin To Net: NetName=INSIDE_W10_U_HEADER_WRP3 Pin=ETH1_U_HEADER_WRP3-30
Added Pin To Net: NetName=INSIDE_W9_U_HEADER_WRP3 Pin=ETH1_U_HEADER_WRP3-31
Added Pin To Net: NetName=INSIDE_W8_U_HEADER_WRP3 Pin=ETH1_U_HEADER_WRP3-32
Added Pin To Net: NetName=INSIDE_W7_U_HEADER_WRP3 Pin=ETH1_U_HEADER_WRP3-33
Added Pin To Net: NetName=INSIDE_W6_U_HEADER_WRP3 Pin=ETH1_U_HEADER_WRP3-34
Added Pin To Net: NetName=INSIDE_W5_U_HEADER_WRP3 Pin=ETH1_U_HEADER_WRP3-35
Added Pin To Net: NetName=INSIDE_W4_U_HEADER_WRP3 Pin=ETH1_U_HEADER_WRP3-36
Added Pin To Net: NetName=INSIDE_W3_U_HEADER_WRP3 Pin=ETH1_U_HEADER_WRP3-37
Added Pin To Net: NetName=INSIDE_W2_U_HEADER_WRP3 Pin=ETH1_U_HEADER_WRP3-38
Added Pin To Net: NetName=INSIDE_W1_U_HEADER_WRP3 Pin=ETH1_U_HEADER_WRP3-39
Added Pin To Net: NetName=INSIDE_W0_U_HEADER_WRP3 Pin=ETH1_U_HEADER_WRP3-40
Added Pin To Net: NetName=OUTSIDE64 Pin=ETH1_U_HEADER_WRP4-1
Added Pin To Net: NetName=OUTSIDE65 Pin=ETH1_U_HEADER_WRP4-2
Added Pin To Net: NetName=OUTSIDE66 Pin=ETH1_U_HEADER_WRP4-3
Added Pin To Net: NetName=OUTSIDE67 Pin=ETH1_U_HEADER_WRP4-4
Added Pin To Net: NetName=OUTSIDE68 Pin=ETH1_U_HEADER_WRP4-5
Added Pin To Net: NetName=OUTSIDE69 Pin=ETH1_U_HEADER_WRP4-6
Added Pin To Net: NetName=OUTSIDE70 Pin=ETH1_U_HEADER_WRP4-7
Added Pin To Net: NetName=OUTSIDE71 Pin=ETH1_U_HEADER_WRP4-8
Added Pin To Net: NetName=OUTSIDE72 Pin=ETH1_U_HEADER_WRP4-9
Added Pin To Net: NetName=OUTSIDE73 Pin=ETH1_U_HEADER_WRP4-10
Added Pin To Net: NetName=OUTSIDE74 Pin=ETH1_U_HEADER_WRP4-11
Added Pin To Net: NetName=OUTSIDE75 Pin=ETH1_U_HEADER_WRP4-12
Added Pin To Net: NetName=OUTSIDE76 Pin=ETH1_U_HEADER_WRP4-13
Added Pin To Net: NetName=OUTSIDE77 Pin=ETH1_U_HEADER_WRP4-14
Added Pin To Net: NetName=OUTSIDE78 Pin=ETH1_U_HEADER_WRP4-15
Added Pin To Net: NetName=OUTSIDE79 Pin=ETH1_U_HEADER_WRP4-16
Added Pin To Net: NetName=GND Pin=ETH1_U_HEADER_WRP4-17
Added Pin To Net: NetName=GND Pin=ETH1_U_HEADER_WRP4-18
Added Pin To Net: NetName=GND Pin=ETH1_U_HEADER_WRP4-19
Added Pin To Net: NetName=GND Pin=ETH1_U_HEADER_WRP4-20
Added Pin To Net: NetName=GND Pin=ETH1_U_HEADER_WRP4-21
Added Pin To Net: NetName=GND Pin=ETH1_U_HEADER_WRP4-22
Added Pin To Net: NetName=GND Pin=ETH1_U_HEADER_WRP4-23
Added Pin To Net: NetName=GND Pin=ETH1_U_HEADER_WRP4-24
Added Pin To Net: NetName=INSIDE_W15_U_HEADER_WRP4 Pin=ETH1_U_HEADER_WRP4-25
Added Pin To Net: NetName=INSIDE_W14_U_HEADER_WRP4 Pin=ETH1_U_HEADER_WRP4-26
Added Pin To Net: NetName=INSIDE_W13_U_HEADER_WRP4 Pin=ETH1_U_HEADER_WRP4-27
Added Pin To Net: NetName=INSIDE_W12_U_HEADER_WRP4 Pin=ETH1_U_HEADER_WRP4-28
Added Pin To Net: NetName=INSIDE_W11_U_HEADER_WRP4 Pin=ETH1_U_HEADER_WRP4-29
Added Pin To Net: NetName=INSIDE_W10_U_HEADER_WRP4 Pin=ETH1_U_HEADER_WRP4-30
Added Pin To Net: NetName=INSIDE_W9_U_HEADER_WRP4 Pin=ETH1_U_HEADER_WRP4-31
Added Pin To Net: NetName=INSIDE_W8_U_HEADER_WRP4 Pin=ETH1_U_HEADER_WRP4-32
Added Pin To Net: NetName=INSIDE_W7_U_HEADER_WRP4 Pin=ETH1_U_HEADER_WRP4-33
Added Pin To Net: NetName=INSIDE_W6_U_HEADER_WRP4 Pin=ETH1_U_HEADER_WRP4-34
Added Pin To Net: NetName=INSIDE_W5_U_HEADER_WRP4 Pin=ETH1_U_HEADER_WRP4-35
Added Pin To Net: NetName=INSIDE_W4_U_HEADER_WRP4 Pin=ETH1_U_HEADER_WRP4-36
Added Pin To Net: NetName=INSIDE_W3_U_HEADER_WRP4 Pin=ETH1_U_HEADER_WRP4-37
Added Pin To Net: NetName=INSIDE_W2_U_HEADER_WRP4 Pin=ETH1_U_HEADER_WRP4-38
Added Pin To Net: NetName=INSIDE_W1_U_HEADER_WRP4 Pin=ETH1_U_HEADER_WRP4-39
Added Pin To Net: NetName=INSIDE_W0_U_HEADER_WRP4 Pin=ETH1_U_HEADER_WRP4-40
Added Pin To Net: NetName=OUTSIDE48 Pin=ETH1_U_HEADER_WRP5-1
Added Pin To Net: NetName=OUTSIDE49 Pin=ETH1_U_HEADER_WRP5-2
Added Pin To Net: NetName=OUTSIDE50 Pin=ETH1_U_HEADER_WRP5-3
Added Pin To Net: NetName=OUTSIDE51 Pin=ETH1_U_HEADER_WRP5-4
Added Pin To Net: NetName=OUTSIDE52 Pin=ETH1_U_HEADER_WRP5-5
Added Pin To Net: NetName=OUTSIDE53 Pin=ETH1_U_HEADER_WRP5-6
Added Pin To Net: NetName=OUTSIDE54 Pin=ETH1_U_HEADER_WRP5-7
Added Pin To Net: NetName=OUTSIDE55 Pin=ETH1_U_HEADER_WRP5-8
Added Pin To Net: NetName=OUTSIDE56 Pin=ETH1_U_HEADER_WRP5-9
Added Pin To Net: NetName=OUTSIDE57 Pin=ETH1_U_HEADER_WRP5-10
Added Pin To Net: NetName=OUTSIDE58 Pin=ETH1_U_HEADER_WRP5-11
Added Pin To Net: NetName=OUTSIDE59 Pin=ETH1_U_HEADER_WRP5-12
Added Pin To Net: NetName=OUTSIDE60 Pin=ETH1_U_HEADER_WRP5-13
Added Pin To Net: NetName=OUTSIDE61 Pin=ETH1_U_HEADER_WRP5-14
Added Pin To Net: NetName=OUTSIDE62 Pin=ETH1_U_HEADER_WRP5-15
Added Pin To Net: NetName=OUTSIDE63 Pin=ETH1_U_HEADER_WRP5-16
Added Pin To Net: NetName=GND Pin=ETH1_U_HEADER_WRP5-17
Added Pin To Net: NetName=GND Pin=ETH1_U_HEADER_WRP5-18
Added Pin To Net: NetName=GND Pin=ETH1_U_HEADER_WRP5-19
Added Pin To Net: NetName=GND Pin=ETH1_U_HEADER_WRP5-20
Added Pin To Net: NetName=GND Pin=ETH1_U_HEADER_WRP5-21
Added Pin To Net: NetName=GND Pin=ETH1_U_HEADER_WRP5-22
Added Pin To Net: NetName=GND Pin=ETH1_U_HEADER_WRP5-23
Added Pin To Net: NetName=GND Pin=ETH1_U_HEADER_WRP5-24
Added Pin To Net: NetName=INSIDE_W15_U_HEADER_WRP5 Pin=ETH1_U_HEADER_WRP5-25
Added Pin To Net: NetName=INSIDE_W14_U_HEADER_WRP5 Pin=ETH1_U_HEADER_WRP5-26
Added Pin To Net: NetName=INSIDE_W13_U_HEADER_WRP5 Pin=ETH1_U_HEADER_WRP5-27
Added Pin To Net: NetName=INSIDE_W12_U_HEADER_WRP5 Pin=ETH1_U_HEADER_WRP5-28
Added Pin To Net: NetName=INSIDE_W11_U_HEADER_WRP5 Pin=ETH1_U_HEADER_WRP5-29
Added Pin To Net: NetName=INSIDE_W10_U_HEADER_WRP5 Pin=ETH1_U_HEADER_WRP5-30
Added Pin To Net: NetName=INSIDE_W9_U_HEADER_WRP5 Pin=ETH1_U_HEADER_WRP5-31
Added Pin To Net: NetName=INSIDE_W8_U_HEADER_WRP5 Pin=ETH1_U_HEADER_WRP5-32
Added Pin To Net: NetName=INSIDE_W7_U_HEADER_WRP5 Pin=ETH1_U_HEADER_WRP5-33
Added Pin To Net: NetName=INSIDE_W6_U_HEADER_WRP5 Pin=ETH1_U_HEADER_WRP5-34
Added Pin To Net: NetName=INSIDE_W5_U_HEADER_WRP5 Pin=ETH1_U_HEADER_WRP5-35
Added Pin To Net: NetName=INSIDE_W4_U_HEADER_WRP5 Pin=ETH1_U_HEADER_WRP5-36
Added Pin To Net: NetName=INSIDE_W3_U_HEADER_WRP5 Pin=ETH1_U_HEADER_WRP5-37
Added Pin To Net: NetName=INSIDE_W2_U_HEADER_WRP5 Pin=ETH1_U_HEADER_WRP5-38
Added Pin To Net: NetName=INSIDE_W1_U_HEADER_WRP5 Pin=ETH1_U_HEADER_WRP5-39
Added Pin To Net: NetName=INSIDE_W0_U_HEADER_WRP5 Pin=ETH1_U_HEADER_WRP5-40
Added Pin To Net: NetName=OUTSIDE32 Pin=ETH1_U_HEADER_WRP6-1
Added Pin To Net: NetName=OUTSIDE33 Pin=ETH1_U_HEADER_WRP6-2
Added Pin To Net: NetName=OUTSIDE34 Pin=ETH1_U_HEADER_WRP6-3
Added Pin To Net: NetName=OUTSIDE35 Pin=ETH1_U_HEADER_WRP6-4
Added Pin To Net: NetName=OUTSIDE36 Pin=ETH1_U_HEADER_WRP6-5
Added Pin To Net: NetName=OUTSIDE37 Pin=ETH1_U_HEADER_WRP6-6
Added Pin To Net: NetName=OUTSIDE38 Pin=ETH1_U_HEADER_WRP6-7
Added Pin To Net: NetName=OUTSIDE39 Pin=ETH1_U_HEADER_WRP6-8
Added Pin To Net: NetName=OUTSIDE40 Pin=ETH1_U_HEADER_WRP6-9
Added Pin To Net: NetName=OUTSIDE41 Pin=ETH1_U_HEADER_WRP6-10
Added Pin To Net: NetName=OUTSIDE42 Pin=ETH1_U_HEADER_WRP6-11
Added Pin To Net: NetName=OUTSIDE43 Pin=ETH1_U_HEADER_WRP6-12
Added Pin To Net: NetName=OUTSIDE44 Pin=ETH1_U_HEADER_WRP6-13
Added Pin To Net: NetName=OUTSIDE45 Pin=ETH1_U_HEADER_WRP6-14
Added Pin To Net: NetName=OUTSIDE46 Pin=ETH1_U_HEADER_WRP6-15
Added Pin To Net: NetName=OUTSIDE47 Pin=ETH1_U_HEADER_WRP6-16
Added Pin To Net: NetName=GND Pin=ETH1_U_HEADER_WRP6-17
Added Pin To Net: NetName=GND Pin=ETH1_U_HEADER_WRP6-18
Added Pin To Net: NetName=GND Pin=ETH1_U_HEADER_WRP6-19
Added Pin To Net: NetName=GND Pin=ETH1_U_HEADER_WRP6-20
Added Pin To Net: NetName=GND Pin=ETH1_U_HEADER_WRP6-21
Added Pin To Net: NetName=GND Pin=ETH1_U_HEADER_WRP6-22
Added Pin To Net: NetName=GND Pin=ETH1_U_HEADER_WRP6-23
Added Pin To Net: NetName=GND Pin=ETH1_U_HEADER_WRP6-24
Added Pin To Net: NetName=INSIDE_W15_U_HEADER_WRP6 Pin=ETH1_U_HEADER_WRP6-25
Added Pin To Net: NetName=INSIDE_W14_U_HEADER_WRP6 Pin=ETH1_U_HEADER_WRP6-26
Added Pin To Net: NetName=INSIDE_W13_U_HEADER_WRP6 Pin=ETH1_U_HEADER_WRP6-27
Added Pin To Net: NetName=INSIDE_W12_U_HEADER_WRP6 Pin=ETH1_U_HEADER_WRP6-28
Added Pin To Net: NetName=INSIDE_W11_U_HEADER_WRP6 Pin=ETH1_U_HEADER_WRP6-29
Added Pin To Net: NetName=INSIDE_W10_U_HEADER_WRP6 Pin=ETH1_U_HEADER_WRP6-30
Added Pin To Net: NetName=INSIDE_W9_U_HEADER_WRP6 Pin=ETH1_U_HEADER_WRP6-31
Added Pin To Net: NetName=INSIDE_W8_U_HEADER_WRP6 Pin=ETH1_U_HEADER_WRP6-32
Added Pin To Net: NetName=INSIDE_W7_U_HEADER_WRP6 Pin=ETH1_U_HEADER_WRP6-33
Added Pin To Net: NetName=INSIDE_W6_U_HEADER_WRP6 Pin=ETH1_U_HEADER_WRP6-34
Added Pin To Net: NetName=INSIDE_W5_U_HEADER_WRP6 Pin=ETH1_U_HEADER_WRP6-35
Added Pin To Net: NetName=INSIDE_W4_U_HEADER_WRP6 Pin=ETH1_U_HEADER_WRP6-36
Added Pin To Net: NetName=INSIDE_W3_U_HEADER_WRP6 Pin=ETH1_U_HEADER_WRP6-37
Added Pin To Net: NetName=INSIDE_W2_U_HEADER_WRP6 Pin=ETH1_U_HEADER_WRP6-38
Added Pin To Net: NetName=INSIDE_W1_U_HEADER_WRP6 Pin=ETH1_U_HEADER_WRP6-39
Added Pin To Net: NetName=INSIDE_W0_U_HEADER_WRP6 Pin=ETH1_U_HEADER_WRP6-40
Added Pin To Net: NetName=OUTSIDE16 Pin=ETH1_U_HEADER_WRP7-1
Added Pin To Net: NetName=OUTSIDE17 Pin=ETH1_U_HEADER_WRP7-2
Added Pin To Net: NetName=OUTSIDE18 Pin=ETH1_U_HEADER_WRP7-3
Added Pin To Net: NetName=OUTSIDE19 Pin=ETH1_U_HEADER_WRP7-4
Added Pin To Net: NetName=OUTSIDE20 Pin=ETH1_U_HEADER_WRP7-5
Added Pin To Net: NetName=OUTSIDE21 Pin=ETH1_U_HEADER_WRP7-6
Added Pin To Net: NetName=OUTSIDE22 Pin=ETH1_U_HEADER_WRP7-7
Added Pin To Net: NetName=OUTSIDE23 Pin=ETH1_U_HEADER_WRP7-8
Added Pin To Net: NetName=OUTSIDE24 Pin=ETH1_U_HEADER_WRP7-9
Added Pin To Net: NetName=OUTSIDE25 Pin=ETH1_U_HEADER_WRP7-10
Added Pin To Net: NetName=OUTSIDE26 Pin=ETH1_U_HEADER_WRP7-11
Added Pin To Net: NetName=OUTSIDE27 Pin=ETH1_U_HEADER_WRP7-12
Added Pin To Net: NetName=OUTSIDE28 Pin=ETH1_U_HEADER_WRP7-13
Added Pin To Net: NetName=OUTSIDE29 Pin=ETH1_U_HEADER_WRP7-14
Added Pin To Net: NetName=OUTSIDE30 Pin=ETH1_U_HEADER_WRP7-15
Added Pin To Net: NetName=OUTSIDE31 Pin=ETH1_U_HEADER_WRP7-16
Added Pin To Net: NetName=GND Pin=ETH1_U_HEADER_WRP7-17
Added Pin To Net: NetName=GND Pin=ETH1_U_HEADER_WRP7-18
Added Pin To Net: NetName=GND Pin=ETH1_U_HEADER_WRP7-19
Added Pin To Net: NetName=GND Pin=ETH1_U_HEADER_WRP7-20
Added Pin To Net: NetName=GND Pin=ETH1_U_HEADER_WRP7-21
Added Pin To Net: NetName=GND Pin=ETH1_U_HEADER_WRP7-22
Added Pin To Net: NetName=GND Pin=ETH1_U_HEADER_WRP7-23
Added Pin To Net: NetName=GND Pin=ETH1_U_HEADER_WRP7-24
Added Pin To Net: NetName=INSIDE_W15_U_HEADER_WRP7 Pin=ETH1_U_HEADER_WRP7-25
Added Pin To Net: NetName=INSIDE_W14_U_HEADER_WRP7 Pin=ETH1_U_HEADER_WRP7-26
Added Pin To Net: NetName=INSIDE_W13_U_HEADER_WRP7 Pin=ETH1_U_HEADER_WRP7-27
Added Pin To Net: NetName=INSIDE_W12_U_HEADER_WRP7 Pin=ETH1_U_HEADER_WRP7-28
Added Pin To Net: NetName=INSIDE_W11_U_HEADER_WRP7 Pin=ETH1_U_HEADER_WRP7-29
Added Pin To Net: NetName=INSIDE_W10_U_HEADER_WRP7 Pin=ETH1_U_HEADER_WRP7-30
Added Pin To Net: NetName=INSIDE_W9_U_HEADER_WRP7 Pin=ETH1_U_HEADER_WRP7-31
Added Pin To Net: NetName=INSIDE_W8_U_HEADER_WRP7 Pin=ETH1_U_HEADER_WRP7-32
Added Pin To Net: NetName=INSIDE_W7_U_HEADER_WRP7 Pin=ETH1_U_HEADER_WRP7-33
Added Pin To Net: NetName=INSIDE_W6_U_HEADER_WRP7 Pin=ETH1_U_HEADER_WRP7-34
Added Pin To Net: NetName=INSIDE_W5_U_HEADER_WRP7 Pin=ETH1_U_HEADER_WRP7-35
Added Pin To Net: NetName=INSIDE_W4_U_HEADER_WRP7 Pin=ETH1_U_HEADER_WRP7-36
Added Pin To Net: NetName=INSIDE_W3_U_HEADER_WRP7 Pin=ETH1_U_HEADER_WRP7-37
Added Pin To Net: NetName=INSIDE_W2_U_HEADER_WRP7 Pin=ETH1_U_HEADER_WRP7-38
Added Pin To Net: NetName=INSIDE_W1_U_HEADER_WRP7 Pin=ETH1_U_HEADER_WRP7-39
Added Pin To Net: NetName=INSIDE_W0_U_HEADER_WRP7 Pin=ETH1_U_HEADER_WRP7-40
Added Pin To Net: NetName=OUTSIDE0 Pin=ETH1_U_HEADER_WRP8-1
Added Pin To Net: NetName=OUTSIDE1 Pin=ETH1_U_HEADER_WRP8-2
Added Pin To Net: NetName=OUTSIDE2 Pin=ETH1_U_HEADER_WRP8-3
Added Pin To Net: NetName=OUTSIDE3 Pin=ETH1_U_HEADER_WRP8-4
Added Pin To Net: NetName=OUTSIDE4 Pin=ETH1_U_HEADER_WRP8-5
Added Pin To Net: NetName=OUTSIDE5 Pin=ETH1_U_HEADER_WRP8-6
Added Pin To Net: NetName=OUTSIDE6 Pin=ETH1_U_HEADER_WRP8-7
Added Pin To Net: NetName=OUTSIDE7 Pin=ETH1_U_HEADER_WRP8-8
Added Pin To Net: NetName=OUTSIDE8 Pin=ETH1_U_HEADER_WRP8-9
Added Pin To Net: NetName=OUTSIDE9 Pin=ETH1_U_HEADER_WRP8-10
Added Pin To Net: NetName=OUTSIDE10 Pin=ETH1_U_HEADER_WRP8-11
Added Pin To Net: NetName=OUTSIDE11 Pin=ETH1_U_HEADER_WRP8-12
Added Pin To Net: NetName=OUTSIDE12 Pin=ETH1_U_HEADER_WRP8-13
Added Pin To Net: NetName=OUTSIDE13 Pin=ETH1_U_HEADER_WRP8-14
Added Pin To Net: NetName=OUTSIDE14 Pin=ETH1_U_HEADER_WRP8-15
Added Pin To Net: NetName=OUTSIDE15 Pin=ETH1_U_HEADER_WRP8-16
Added Pin To Net: NetName=GND Pin=ETH1_U_HEADER_WRP8-17
Added Pin To Net: NetName=GND Pin=ETH1_U_HEADER_WRP8-18
Added Pin To Net: NetName=GND Pin=ETH1_U_HEADER_WRP8-19
Added Pin To Net: NetName=GND Pin=ETH1_U_HEADER_WRP8-20
Added Pin To Net: NetName=GND Pin=ETH1_U_HEADER_WRP8-21
Added Pin To Net: NetName=GND Pin=ETH1_U_HEADER_WRP8-22
Added Pin To Net: NetName=GND Pin=ETH1_U_HEADER_WRP8-23
Added Pin To Net: NetName=GND Pin=ETH1_U_HEADER_WRP8-24
Added Pin To Net: NetName=INSIDE_W15_U_HEADER_WRP8 Pin=ETH1_U_HEADER_WRP8-25
Added Pin To Net: NetName=INSIDE_W14_U_HEADER_WRP8 Pin=ETH1_U_HEADER_WRP8-26
Added Pin To Net: NetName=INSIDE_W13_U_HEADER_WRP8 Pin=ETH1_U_HEADER_WRP8-27
Added Pin To Net: NetName=INSIDE_W12_U_HEADER_WRP8 Pin=ETH1_U_HEADER_WRP8-28
Added Pin To Net: NetName=INSIDE_W11_U_HEADER_WRP8 Pin=ETH1_U_HEADER_WRP8-29
Added Pin To Net: NetName=INSIDE_W10_U_HEADER_WRP8 Pin=ETH1_U_HEADER_WRP8-30
Added Pin To Net: NetName=INSIDE_W9_U_HEADER_WRP8 Pin=ETH1_U_HEADER_WRP8-31
Added Pin To Net: NetName=INSIDE_W8_U_HEADER_WRP8 Pin=ETH1_U_HEADER_WRP8-32
Added Pin To Net: NetName=INSIDE_W7_U_HEADER_WRP8 Pin=ETH1_U_HEADER_WRP8-33
Added Pin To Net: NetName=INSIDE_W6_U_HEADER_WRP8 Pin=ETH1_U_HEADER_WRP8-34
Added Pin To Net: NetName=INSIDE_W5_U_HEADER_WRP8 Pin=ETH1_U_HEADER_WRP8-35
Added Pin To Net: NetName=INSIDE_W4_U_HEADER_WRP8 Pin=ETH1_U_HEADER_WRP8-36
Added Pin To Net: NetName=INSIDE_W3_U_HEADER_WRP8 Pin=ETH1_U_HEADER_WRP8-37
Added Pin To Net: NetName=INSIDE_W2_U_HEADER_WRP8 Pin=ETH1_U_HEADER_WRP8-38
Added Pin To Net: NetName=INSIDE_W1_U_HEADER_WRP8 Pin=ETH1_U_HEADER_WRP8-39
Added Pin To Net: NetName=INSIDE_W0_U_HEADER_WRP8 Pin=ETH1_U_HEADER_WRP8-40
Added Pin To Net: NetName=INTERNAL112 Pin=ETH1_U_HEADER_WRP9-1
Added Pin To Net: NetName=INTERNAL113 Pin=ETH1_U_HEADER_WRP9-2
Added Pin To Net: NetName=INTERNAL114 Pin=ETH1_U_HEADER_WRP9-3
Added Pin To Net: NetName=INTERNAL115 Pin=ETH1_U_HEADER_WRP9-4
Added Pin To Net: NetName=INTERNAL116 Pin=ETH1_U_HEADER_WRP9-5
Added Pin To Net: NetName=INTERNAL117 Pin=ETH1_U_HEADER_WRP9-6
Added Pin To Net: NetName=INTERNAL118 Pin=ETH1_U_HEADER_WRP9-7
Added Pin To Net: NetName=INTERNAL119 Pin=ETH1_U_HEADER_WRP9-8
Added Pin To Net: NetName=INTERNAL120 Pin=ETH1_U_HEADER_WRP9-9
Added Pin To Net: NetName=INTERNAL121 Pin=ETH1_U_HEADER_WRP9-10
Added Pin To Net: NetName=INTERNAL122 Pin=ETH1_U_HEADER_WRP9-11
Added Pin To Net: NetName=INTERNAL123 Pin=ETH1_U_HEADER_WRP9-12
Added Pin To Net: NetName=INTERNAL124 Pin=ETH1_U_HEADER_WRP9-13
Added Pin To Net: NetName=INTERNAL125 Pin=ETH1_U_HEADER_WRP9-14
Added Pin To Net: NetName=INTERNAL126 Pin=ETH1_U_HEADER_WRP9-15
Added Pin To Net: NetName=INTERNAL127 Pin=ETH1_U_HEADER_WRP9-16
Added Pin To Net: NetName=GND Pin=ETH1_U_HEADER_WRP9-17
Added Pin To Net: NetName=GND Pin=ETH1_U_HEADER_WRP9-18
Added Pin To Net: NetName=GND Pin=ETH1_U_HEADER_WRP9-19
Added Pin To Net: NetName=GND Pin=ETH1_U_HEADER_WRP9-20
Added Pin To Net: NetName=GND Pin=ETH1_U_HEADER_WRP9-21
Added Pin To Net: NetName=GND Pin=ETH1_U_HEADER_WRP9-22
Added Pin To Net: NetName=GND Pin=ETH1_U_HEADER_WRP9-23
Added Pin To Net: NetName=GND Pin=ETH1_U_HEADER_WRP9-24
Added Pin To Net: NetName=INSIDE_W15_U_HEADER_WRP9 Pin=ETH1_U_HEADER_WRP9-25
Added Pin To Net: NetName=INSIDE_W14_U_HEADER_WRP9 Pin=ETH1_U_HEADER_WRP9-26
Added Pin To Net: NetName=INSIDE_W13_U_HEADER_WRP9 Pin=ETH1_U_HEADER_WRP9-27
Added Pin To Net: NetName=INSIDE_W12_U_HEADER_WRP9 Pin=ETH1_U_HEADER_WRP9-28
Added Pin To Net: NetName=INSIDE_W11_U_HEADER_WRP9 Pin=ETH1_U_HEADER_WRP9-29
Added Pin To Net: NetName=INSIDE_W10_U_HEADER_WRP9 Pin=ETH1_U_HEADER_WRP9-30
Added Pin To Net: NetName=INSIDE_W9_U_HEADER_WRP9 Pin=ETH1_U_HEADER_WRP9-31
Added Pin To Net: NetName=INSIDE_W8_U_HEADER_WRP9 Pin=ETH1_U_HEADER_WRP9-32
Added Pin To Net: NetName=INSIDE_W7_U_HEADER_WRP9 Pin=ETH1_U_HEADER_WRP9-33
Added Pin To Net: NetName=INSIDE_W6_U_HEADER_WRP9 Pin=ETH1_U_HEADER_WRP9-34
Added Pin To Net: NetName=INSIDE_W5_U_HEADER_WRP9 Pin=ETH1_U_HEADER_WRP9-35
Added Pin To Net: NetName=INSIDE_W4_U_HEADER_WRP9 Pin=ETH1_U_HEADER_WRP9-36
Added Pin To Net: NetName=INSIDE_W3_U_HEADER_WRP9 Pin=ETH1_U_HEADER_WRP9-37
Added Pin To Net: NetName=INSIDE_W2_U_HEADER_WRP9 Pin=ETH1_U_HEADER_WRP9-38
Added Pin To Net: NetName=INSIDE_W1_U_HEADER_WRP9 Pin=ETH1_U_HEADER_WRP9-39
Added Pin To Net: NetName=INSIDE_W0_U_HEADER_WRP9 Pin=ETH1_U_HEADER_WRP9-40
Added Pin To Net: NetName=INTERNAL96 Pin=ETH1_U_HEADER_WRP10-1
Added Pin To Net: NetName=INTERNAL97 Pin=ETH1_U_HEADER_WRP10-2
Added Pin To Net: NetName=INTERNAL98 Pin=ETH1_U_HEADER_WRP10-3
Added Pin To Net: NetName=INTERNAL99 Pin=ETH1_U_HEADER_WRP10-4
Added Pin To Net: NetName=INTERNAL100 Pin=ETH1_U_HEADER_WRP10-5
Added Pin To Net: NetName=INTERNAL101 Pin=ETH1_U_HEADER_WRP10-6
Added Pin To Net: NetName=INTERNAL102 Pin=ETH1_U_HEADER_WRP10-7
Added Pin To Net: NetName=INTERNAL103 Pin=ETH1_U_HEADER_WRP10-8
Added Pin To Net: NetName=INTERNAL104 Pin=ETH1_U_HEADER_WRP10-9
Added Pin To Net: NetName=INTERNAL105 Pin=ETH1_U_HEADER_WRP10-10
Added Pin To Net: NetName=INTERNAL106 Pin=ETH1_U_HEADER_WRP10-11
Added Pin To Net: NetName=INTERNAL107 Pin=ETH1_U_HEADER_WRP10-12
Added Pin To Net: NetName=INTERNAL108 Pin=ETH1_U_HEADER_WRP10-13
Added Pin To Net: NetName=INTERNAL109 Pin=ETH1_U_HEADER_WRP10-14
Added Pin To Net: NetName=INTERNAL110 Pin=ETH1_U_HEADER_WRP10-15
Added Pin To Net: NetName=INTERNAL111 Pin=ETH1_U_HEADER_WRP10-16
Added Pin To Net: NetName=GND Pin=ETH1_U_HEADER_WRP10-17
Added Pin To Net: NetName=GND Pin=ETH1_U_HEADER_WRP10-18
Added Pin To Net: NetName=GND Pin=ETH1_U_HEADER_WRP10-19
Added Pin To Net: NetName=GND Pin=ETH1_U_HEADER_WRP10-20
Added Pin To Net: NetName=GND Pin=ETH1_U_HEADER_WRP10-21
Added Pin To Net: NetName=GND Pin=ETH1_U_HEADER_WRP10-22
Added Pin To Net: NetName=GND Pin=ETH1_U_HEADER_WRP10-23
Added Pin To Net: NetName=GND Pin=ETH1_U_HEADER_WRP10-24
Added Pin To Net: NetName=INSIDE_W15_U_HEADER_WRP10 Pin=ETH1_U_HEADER_WRP10-25
Added Pin To Net: NetName=INSIDE_W14_U_HEADER_WRP10 Pin=ETH1_U_HEADER_WRP10-26
Added Pin To Net: NetName=INSIDE_W13_U_HEADER_WRP10 Pin=ETH1_U_HEADER_WRP10-27
Added Pin To Net: NetName=INSIDE_W12_U_HEADER_WRP10 Pin=ETH1_U_HEADER_WRP10-28
Added Pin To Net: NetName=INSIDE_W11_U_HEADER_WRP10 Pin=ETH1_U_HEADER_WRP10-29
Added Pin To Net: NetName=INSIDE_W10_U_HEADER_WRP10 Pin=ETH1_U_HEADER_WRP10-30
Added Pin To Net: NetName=INSIDE_W9_U_HEADER_WRP10 Pin=ETH1_U_HEADER_WRP10-31
Added Pin To Net: NetName=INSIDE_W8_U_HEADER_WRP10 Pin=ETH1_U_HEADER_WRP10-32
Added Pin To Net: NetName=INSIDE_W7_U_HEADER_WRP10 Pin=ETH1_U_HEADER_WRP10-33
Added Pin To Net: NetName=INSIDE_W6_U_HEADER_WRP10 Pin=ETH1_U_HEADER_WRP10-34
Added Pin To Net: NetName=INSIDE_W5_U_HEADER_WRP10 Pin=ETH1_U_HEADER_WRP10-35
Added Pin To Net: NetName=INSIDE_W4_U_HEADER_WRP10 Pin=ETH1_U_HEADER_WRP10-36
Added Pin To Net: NetName=INSIDE_W3_U_HEADER_WRP10 Pin=ETH1_U_HEADER_WRP10-37
Added Pin To Net: NetName=INSIDE_W2_U_HEADER_WRP10 Pin=ETH1_U_HEADER_WRP10-38
Added Pin To Net: NetName=INSIDE_W1_U_HEADER_WRP10 Pin=ETH1_U_HEADER_WRP10-39
Added Pin To Net: NetName=INSIDE_W0_U_HEADER_WRP10 Pin=ETH1_U_HEADER_WRP10-40
Added Pin To Net: NetName=INTERNAL80 Pin=ETH1_U_HEADER_WRP11-1
Added Pin To Net: NetName=INTERNAL81 Pin=ETH1_U_HEADER_WRP11-2
Added Pin To Net: NetName=INTERNAL82 Pin=ETH1_U_HEADER_WRP11-3
Added Pin To Net: NetName=INTERNAL83 Pin=ETH1_U_HEADER_WRP11-4
Added Pin To Net: NetName=INTERNAL84 Pin=ETH1_U_HEADER_WRP11-5
Added Pin To Net: NetName=INTERNAL85 Pin=ETH1_U_HEADER_WRP11-6
Added Pin To Net: NetName=INTERNAL86 Pin=ETH1_U_HEADER_WRP11-7
Added Pin To Net: NetName=INTERNAL87 Pin=ETH1_U_HEADER_WRP11-8
Added Pin To Net: NetName=INTERNAL88 Pin=ETH1_U_HEADER_WRP11-9
Added Pin To Net: NetName=INTERNAL89 Pin=ETH1_U_HEADER_WRP11-10
Added Pin To Net: NetName=INTERNAL90 Pin=ETH1_U_HEADER_WRP11-11
Added Pin To Net: NetName=INTERNAL91 Pin=ETH1_U_HEADER_WRP11-12
Added Pin To Net: NetName=INTERNAL92 Pin=ETH1_U_HEADER_WRP11-13
Added Pin To Net: NetName=INTERNAL93 Pin=ETH1_U_HEADER_WRP11-14
Added Pin To Net: NetName=INTERNAL94 Pin=ETH1_U_HEADER_WRP11-15
Added Pin To Net: NetName=INTERNAL95 Pin=ETH1_U_HEADER_WRP11-16
Added Pin To Net: NetName=GND Pin=ETH1_U_HEADER_WRP11-17
Added Pin To Net: NetName=GND Pin=ETH1_U_HEADER_WRP11-18
Added Pin To Net: NetName=GND Pin=ETH1_U_HEADER_WRP11-19
Added Pin To Net: NetName=GND Pin=ETH1_U_HEADER_WRP11-20
Added Pin To Net: NetName=GND Pin=ETH1_U_HEADER_WRP11-21
Added Pin To Net: NetName=GND Pin=ETH1_U_HEADER_WRP11-22
Added Pin To Net: NetName=GND Pin=ETH1_U_HEADER_WRP11-23
Added Pin To Net: NetName=GND Pin=ETH1_U_HEADER_WRP11-24
Added Pin To Net: NetName=INSIDE_W15_U_HEADER_WRP11 Pin=ETH1_U_HEADER_WRP11-25
Added Pin To Net: NetName=INSIDE_W14_U_HEADER_WRP11 Pin=ETH1_U_HEADER_WRP11-26
Added Pin To Net: NetName=INSIDE_W13_U_HEADER_WRP11 Pin=ETH1_U_HEADER_WRP11-27
Added Pin To Net: NetName=INSIDE_W12_U_HEADER_WRP11 Pin=ETH1_U_HEADER_WRP11-28
Added Pin To Net: NetName=INSIDE_W11_U_HEADER_WRP11 Pin=ETH1_U_HEADER_WRP11-29
Added Pin To Net: NetName=INSIDE_W10_U_HEADER_WRP11 Pin=ETH1_U_HEADER_WRP11-30
Added Pin To Net: NetName=INSIDE_W9_U_HEADER_WRP11 Pin=ETH1_U_HEADER_WRP11-31
Added Pin To Net: NetName=INSIDE_W8_U_HEADER_WRP11 Pin=ETH1_U_HEADER_WRP11-32
Added Pin To Net: NetName=INSIDE_W7_U_HEADER_WRP11 Pin=ETH1_U_HEADER_WRP11-33
Added Pin To Net: NetName=INSIDE_W6_U_HEADER_WRP11 Pin=ETH1_U_HEADER_WRP11-34
Added Pin To Net: NetName=INSIDE_W5_U_HEADER_WRP11 Pin=ETH1_U_HEADER_WRP11-35
Added Pin To Net: NetName=INSIDE_W4_U_HEADER_WRP11 Pin=ETH1_U_HEADER_WRP11-36
Added Pin To Net: NetName=INSIDE_W3_U_HEADER_WRP11 Pin=ETH1_U_HEADER_WRP11-37
Added Pin To Net: NetName=INSIDE_W2_U_HEADER_WRP11 Pin=ETH1_U_HEADER_WRP11-38
Added Pin To Net: NetName=INSIDE_W1_U_HEADER_WRP11 Pin=ETH1_U_HEADER_WRP11-39
Added Pin To Net: NetName=INSIDE_W0_U_HEADER_WRP11 Pin=ETH1_U_HEADER_WRP11-40
Added Pin To Net: NetName=INTERNAL64 Pin=ETH1_U_HEADER_WRP12-1
Added Pin To Net: NetName=INTERNAL65 Pin=ETH1_U_HEADER_WRP12-2
Added Pin To Net: NetName=INTERNAL66 Pin=ETH1_U_HEADER_WRP12-3
Added Pin To Net: NetName=INTERNAL67 Pin=ETH1_U_HEADER_WRP12-4
Added Pin To Net: NetName=INTERNAL68 Pin=ETH1_U_HEADER_WRP12-5
Added Pin To Net: NetName=INTERNAL69 Pin=ETH1_U_HEADER_WRP12-6
Added Pin To Net: NetName=INTERNAL70 Pin=ETH1_U_HEADER_WRP12-7
Added Pin To Net: NetName=INTERNAL71 Pin=ETH1_U_HEADER_WRP12-8
Added Pin To Net: NetName=INTERNAL72 Pin=ETH1_U_HEADER_WRP12-9
Added Pin To Net: NetName=INTERNAL73 Pin=ETH1_U_HEADER_WRP12-10
Added Pin To Net: NetName=INTERNAL74 Pin=ETH1_U_HEADER_WRP12-11
Added Pin To Net: NetName=INTERNAL75 Pin=ETH1_U_HEADER_WRP12-12
Added Pin To Net: NetName=INTERNAL76 Pin=ETH1_U_HEADER_WRP12-13
Added Pin To Net: NetName=INTERNAL77 Pin=ETH1_U_HEADER_WRP12-14
Added Pin To Net: NetName=INTERNAL78 Pin=ETH1_U_HEADER_WRP12-15
Added Pin To Net: NetName=INTERNAL79 Pin=ETH1_U_HEADER_WRP12-16
Added Pin To Net: NetName=GND Pin=ETH1_U_HEADER_WRP12-17
Added Pin To Net: NetName=GND Pin=ETH1_U_HEADER_WRP12-18
Added Pin To Net: NetName=GND Pin=ETH1_U_HEADER_WRP12-19
Added Pin To Net: NetName=GND Pin=ETH1_U_HEADER_WRP12-20
Added Pin To Net: NetName=GND Pin=ETH1_U_HEADER_WRP12-21
Added Pin To Net: NetName=GND Pin=ETH1_U_HEADER_WRP12-22
Added Pin To Net: NetName=GND Pin=ETH1_U_HEADER_WRP12-23
Added Pin To Net: NetName=GND Pin=ETH1_U_HEADER_WRP12-24
Added Pin To Net: NetName=INSIDE_W15_U_HEADER_WRP12 Pin=ETH1_U_HEADER_WRP12-25
Added Pin To Net: NetName=INSIDE_W14_U_HEADER_WRP12 Pin=ETH1_U_HEADER_WRP12-26
Added Pin To Net: NetName=INSIDE_W13_U_HEADER_WRP12 Pin=ETH1_U_HEADER_WRP12-27
Added Pin To Net: NetName=INSIDE_W12_U_HEADER_WRP12 Pin=ETH1_U_HEADER_WRP12-28
Added Pin To Net: NetName=INSIDE_W11_U_HEADER_WRP12 Pin=ETH1_U_HEADER_WRP12-29
Added Pin To Net: NetName=INSIDE_W10_U_HEADER_WRP12 Pin=ETH1_U_HEADER_WRP12-30
Added Pin To Net: NetName=INSIDE_W9_U_HEADER_WRP12 Pin=ETH1_U_HEADER_WRP12-31
Added Pin To Net: NetName=INSIDE_W8_U_HEADER_WRP12 Pin=ETH1_U_HEADER_WRP12-32
Added Pin To Net: NetName=INSIDE_W7_U_HEADER_WRP12 Pin=ETH1_U_HEADER_WRP12-33
Added Pin To Net: NetName=INSIDE_W6_U_HEADER_WRP12 Pin=ETH1_U_HEADER_WRP12-34
Added Pin To Net: NetName=INSIDE_W5_U_HEADER_WRP12 Pin=ETH1_U_HEADER_WRP12-35
Added Pin To Net: NetName=INSIDE_W4_U_HEADER_WRP12 Pin=ETH1_U_HEADER_WRP12-36
Added Pin To Net: NetName=INSIDE_W3_U_HEADER_WRP12 Pin=ETH1_U_HEADER_WRP12-37
Added Pin To Net: NetName=INSIDE_W2_U_HEADER_WRP12 Pin=ETH1_U_HEADER_WRP12-38
Added Pin To Net: NetName=INSIDE_W1_U_HEADER_WRP12 Pin=ETH1_U_HEADER_WRP12-39
Added Pin To Net: NetName=INSIDE_W0_U_HEADER_WRP12 Pin=ETH1_U_HEADER_WRP12-40
Added Pin To Net: NetName=INTERNAL48 Pin=ETH1_U_HEADER_WRP13-1
Added Pin To Net: NetName=INTERNAL49 Pin=ETH1_U_HEADER_WRP13-2
Added Pin To Net: NetName=INTERNAL50 Pin=ETH1_U_HEADER_WRP13-3
Added Pin To Net: NetName=INTERNAL51 Pin=ETH1_U_HEADER_WRP13-4
Added Pin To Net: NetName=INTERNAL52 Pin=ETH1_U_HEADER_WRP13-5
Added Pin To Net: NetName=INTERNAL53 Pin=ETH1_U_HEADER_WRP13-6
Added Pin To Net: NetName=INTERNAL54 Pin=ETH1_U_HEADER_WRP13-7
Added Pin To Net: NetName=INTERNAL55 Pin=ETH1_U_HEADER_WRP13-8
Added Pin To Net: NetName=INTERNAL56 Pin=ETH1_U_HEADER_WRP13-9
Added Pin To Net: NetName=INTERNAL57 Pin=ETH1_U_HEADER_WRP13-10
Added Pin To Net: NetName=INTERNAL58 Pin=ETH1_U_HEADER_WRP13-11
Added Pin To Net: NetName=INTERNAL59 Pin=ETH1_U_HEADER_WRP13-12
Added Pin To Net: NetName=INTERNAL60 Pin=ETH1_U_HEADER_WRP13-13
Added Pin To Net: NetName=INTERNAL61 Pin=ETH1_U_HEADER_WRP13-14
Added Pin To Net: NetName=INTERNAL62 Pin=ETH1_U_HEADER_WRP13-15
Added Pin To Net: NetName=INTERNAL63 Pin=ETH1_U_HEADER_WRP13-16
Added Pin To Net: NetName=GND Pin=ETH1_U_HEADER_WRP13-17
Added Pin To Net: NetName=GND Pin=ETH1_U_HEADER_WRP13-18
Added Pin To Net: NetName=GND Pin=ETH1_U_HEADER_WRP13-19
Added Pin To Net: NetName=GND Pin=ETH1_U_HEADER_WRP13-20
Added Pin To Net: NetName=GND Pin=ETH1_U_HEADER_WRP13-21
Added Pin To Net: NetName=GND Pin=ETH1_U_HEADER_WRP13-22
Added Pin To Net: NetName=GND Pin=ETH1_U_HEADER_WRP13-23
Added Pin To Net: NetName=GND Pin=ETH1_U_HEADER_WRP13-24
Added Pin To Net: NetName=INSIDE_W15_U_HEADER_WRP13 Pin=ETH1_U_HEADER_WRP13-25
Added Pin To Net: NetName=INSIDE_W14_U_HEADER_WRP13 Pin=ETH1_U_HEADER_WRP13-26
Added Pin To Net: NetName=INSIDE_W13_U_HEADER_WRP13 Pin=ETH1_U_HEADER_WRP13-27
Added Pin To Net: NetName=INSIDE_W12_U_HEADER_WRP13 Pin=ETH1_U_HEADER_WRP13-28
Added Pin To Net: NetName=INSIDE_W11_U_HEADER_WRP13 Pin=ETH1_U_HEADER_WRP13-29
Added Pin To Net: NetName=INSIDE_W10_U_HEADER_WRP13 Pin=ETH1_U_HEADER_WRP13-30
Added Pin To Net: NetName=INSIDE_W9_U_HEADER_WRP13 Pin=ETH1_U_HEADER_WRP13-31
Added Pin To Net: NetName=INSIDE_W8_U_HEADER_WRP13 Pin=ETH1_U_HEADER_WRP13-32
Added Pin To Net: NetName=INSIDE_W7_U_HEADER_WRP13 Pin=ETH1_U_HEADER_WRP13-33
Added Pin To Net: NetName=INSIDE_W6_U_HEADER_WRP13 Pin=ETH1_U_HEADER_WRP13-34
Added Pin To Net: NetName=INSIDE_W5_U_HEADER_WRP13 Pin=ETH1_U_HEADER_WRP13-35
Added Pin To Net: NetName=INSIDE_W4_U_HEADER_WRP13 Pin=ETH1_U_HEADER_WRP13-36
Added Pin To Net: NetName=INSIDE_W3_U_HEADER_WRP13 Pin=ETH1_U_HEADER_WRP13-37
Added Pin To Net: NetName=INSIDE_W2_U_HEADER_WRP13 Pin=ETH1_U_HEADER_WRP13-38
Added Pin To Net: NetName=INSIDE_W1_U_HEADER_WRP13 Pin=ETH1_U_HEADER_WRP13-39
Added Pin To Net: NetName=INSIDE_W0_U_HEADER_WRP13 Pin=ETH1_U_HEADER_WRP13-40
Added Pin To Net: NetName=INTERNAL32 Pin=ETH1_U_HEADER_WRP14-1
Added Pin To Net: NetName=INTERNAL33 Pin=ETH1_U_HEADER_WRP14-2
Added Pin To Net: NetName=INTERNAL34 Pin=ETH1_U_HEADER_WRP14-3
Added Pin To Net: NetName=INTERNAL35 Pin=ETH1_U_HEADER_WRP14-4
Added Pin To Net: NetName=INTERNAL36 Pin=ETH1_U_HEADER_WRP14-5
Added Pin To Net: NetName=INTERNAL37 Pin=ETH1_U_HEADER_WRP14-6
Added Pin To Net: NetName=INTERNAL38 Pin=ETH1_U_HEADER_WRP14-7
Added Pin To Net: NetName=INTERNAL39 Pin=ETH1_U_HEADER_WRP14-8
Added Pin To Net: NetName=INTERNAL40 Pin=ETH1_U_HEADER_WRP14-9
Added Pin To Net: NetName=INTERNAL41 Pin=ETH1_U_HEADER_WRP14-10
Added Pin To Net: NetName=INTERNAL42 Pin=ETH1_U_HEADER_WRP14-11
Added Pin To Net: NetName=INTERNAL43 Pin=ETH1_U_HEADER_WRP14-12
Added Pin To Net: NetName=INTERNAL44 Pin=ETH1_U_HEADER_WRP14-13
Added Pin To Net: NetName=INTERNAL45 Pin=ETH1_U_HEADER_WRP14-14
Added Pin To Net: NetName=INTERNAL46 Pin=ETH1_U_HEADER_WRP14-15
Added Pin To Net: NetName=INTERNAL47 Pin=ETH1_U_HEADER_WRP14-16
Added Pin To Net: NetName=GND Pin=ETH1_U_HEADER_WRP14-17
Added Pin To Net: NetName=GND Pin=ETH1_U_HEADER_WRP14-18
Added Pin To Net: NetName=GND Pin=ETH1_U_HEADER_WRP14-19
Added Pin To Net: NetName=GND Pin=ETH1_U_HEADER_WRP14-20
Added Pin To Net: NetName=GND Pin=ETH1_U_HEADER_WRP14-21
Added Pin To Net: NetName=GND Pin=ETH1_U_HEADER_WRP14-22
Added Pin To Net: NetName=GND Pin=ETH1_U_HEADER_WRP14-23
Added Pin To Net: NetName=GND Pin=ETH1_U_HEADER_WRP14-24
Added Pin To Net: NetName=INSIDE_W15_U_HEADER_WRP14 Pin=ETH1_U_HEADER_WRP14-25
Added Pin To Net: NetName=INSIDE_W14_U_HEADER_WRP14 Pin=ETH1_U_HEADER_WRP14-26
Added Pin To Net: NetName=INSIDE_W13_U_HEADER_WRP14 Pin=ETH1_U_HEADER_WRP14-27
Added Pin To Net: NetName=INSIDE_W12_U_HEADER_WRP14 Pin=ETH1_U_HEADER_WRP14-28
Added Pin To Net: NetName=INSIDE_W11_U_HEADER_WRP14 Pin=ETH1_U_HEADER_WRP14-29
Added Pin To Net: NetName=INSIDE_W10_U_HEADER_WRP14 Pin=ETH1_U_HEADER_WRP14-30
Added Pin To Net: NetName=INSIDE_W9_U_HEADER_WRP14 Pin=ETH1_U_HEADER_WRP14-31
Added Pin To Net: NetName=INSIDE_W8_U_HEADER_WRP14 Pin=ETH1_U_HEADER_WRP14-32
Added Pin To Net: NetName=INSIDE_W7_U_HEADER_WRP14 Pin=ETH1_U_HEADER_WRP14-33
Added Pin To Net: NetName=INSIDE_W6_U_HEADER_WRP14 Pin=ETH1_U_HEADER_WRP14-34
Added Pin To Net: NetName=INSIDE_W5_U_HEADER_WRP14 Pin=ETH1_U_HEADER_WRP14-35
Added Pin To Net: NetName=INSIDE_W4_U_HEADER_WRP14 Pin=ETH1_U_HEADER_WRP14-36
Added Pin To Net: NetName=INSIDE_W3_U_HEADER_WRP14 Pin=ETH1_U_HEADER_WRP14-37
Added Pin To Net: NetName=INSIDE_W2_U_HEADER_WRP14 Pin=ETH1_U_HEADER_WRP14-38
Added Pin To Net: NetName=INSIDE_W1_U_HEADER_WRP14 Pin=ETH1_U_HEADER_WRP14-39
Added Pin To Net: NetName=INSIDE_W0_U_HEADER_WRP14 Pin=ETH1_U_HEADER_WRP14-40
Added Pin To Net: NetName=INTERNAL16 Pin=ETH1_U_HEADER_WRP15-1
Added Pin To Net: NetName=INTERNAL17 Pin=ETH1_U_HEADER_WRP15-2
Added Pin To Net: NetName=INTERNAL18 Pin=ETH1_U_HEADER_WRP15-3
Added Pin To Net: NetName=INTERNAL19 Pin=ETH1_U_HEADER_WRP15-4
Added Pin To Net: NetName=INTERNAL20 Pin=ETH1_U_HEADER_WRP15-5
Added Pin To Net: NetName=INTERNAL21 Pin=ETH1_U_HEADER_WRP15-6
Added Pin To Net: NetName=INTERNAL22 Pin=ETH1_U_HEADER_WRP15-7
Added Pin To Net: NetName=INTERNAL23 Pin=ETH1_U_HEADER_WRP15-8
Added Pin To Net: NetName=INTERNAL24 Pin=ETH1_U_HEADER_WRP15-9
Added Pin To Net: NetName=INTERNAL25 Pin=ETH1_U_HEADER_WRP15-10
Added Pin To Net: NetName=INTERNAL26 Pin=ETH1_U_HEADER_WRP15-11
Added Pin To Net: NetName=INTERNAL27 Pin=ETH1_U_HEADER_WRP15-12
Added Pin To Net: NetName=INTERNAL28 Pin=ETH1_U_HEADER_WRP15-13
Added Pin To Net: NetName=INTERNAL29 Pin=ETH1_U_HEADER_WRP15-14
Added Pin To Net: NetName=INTERNAL30 Pin=ETH1_U_HEADER_WRP15-15
Added Pin To Net: NetName=INTERNAL31 Pin=ETH1_U_HEADER_WRP15-16
Added Pin To Net: NetName=GND Pin=ETH1_U_HEADER_WRP15-17
Added Pin To Net: NetName=GND Pin=ETH1_U_HEADER_WRP15-18
Added Pin To Net: NetName=GND Pin=ETH1_U_HEADER_WRP15-19
Added Pin To Net: NetName=GND Pin=ETH1_U_HEADER_WRP15-20
Added Pin To Net: NetName=GND Pin=ETH1_U_HEADER_WRP15-21
Added Pin To Net: NetName=GND Pin=ETH1_U_HEADER_WRP15-22
Added Pin To Net: NetName=GND Pin=ETH1_U_HEADER_WRP15-23
Added Pin To Net: NetName=GND Pin=ETH1_U_HEADER_WRP15-24
Added Pin To Net: NetName=INSIDE_W15_U_HEADER_WRP15 Pin=ETH1_U_HEADER_WRP15-25
Added Pin To Net: NetName=INSIDE_W14_U_HEADER_WRP15 Pin=ETH1_U_HEADER_WRP15-26
Added Pin To Net: NetName=INSIDE_W13_U_HEADER_WRP15 Pin=ETH1_U_HEADER_WRP15-27
Added Pin To Net: NetName=INSIDE_W12_U_HEADER_WRP15 Pin=ETH1_U_HEADER_WRP15-28
Added Pin To Net: NetName=INSIDE_W11_U_HEADER_WRP15 Pin=ETH1_U_HEADER_WRP15-29
Added Pin To Net: NetName=INSIDE_W10_U_HEADER_WRP15 Pin=ETH1_U_HEADER_WRP15-30
Added Pin To Net: NetName=INSIDE_W9_U_HEADER_WRP15 Pin=ETH1_U_HEADER_WRP15-31
Added Pin To Net: NetName=INSIDE_W8_U_HEADER_WRP15 Pin=ETH1_U_HEADER_WRP15-32
Added Pin To Net: NetName=INSIDE_W7_U_HEADER_WRP15 Pin=ETH1_U_HEADER_WRP15-33
Added Pin To Net: NetName=INSIDE_W6_U_HEADER_WRP15 Pin=ETH1_U_HEADER_WRP15-34
Added Pin To Net: NetName=INSIDE_W5_U_HEADER_WRP15 Pin=ETH1_U_HEADER_WRP15-35
Added Pin To Net: NetName=INSIDE_W4_U_HEADER_WRP15 Pin=ETH1_U_HEADER_WRP15-36
Added Pin To Net: NetName=INSIDE_W3_U_HEADER_WRP15 Pin=ETH1_U_HEADER_WRP15-37
Added Pin To Net: NetName=INSIDE_W2_U_HEADER_WRP15 Pin=ETH1_U_HEADER_WRP15-38
Added Pin To Net: NetName=INSIDE_W1_U_HEADER_WRP15 Pin=ETH1_U_HEADER_WRP15-39
Added Pin To Net: NetName=INSIDE_W0_U_HEADER_WRP15 Pin=ETH1_U_HEADER_WRP15-40
Added Pin To Net: NetName=INTERNAL0 Pin=ETH1_U_HEADER_WRP16-1
Added Pin To Net: NetName=INTERNAL1 Pin=ETH1_U_HEADER_WRP16-2
Added Pin To Net: NetName=INTERNAL2 Pin=ETH1_U_HEADER_WRP16-3
Added Pin To Net: NetName=INTERNAL3 Pin=ETH1_U_HEADER_WRP16-4
Added Pin To Net: NetName=INTERNAL4 Pin=ETH1_U_HEADER_WRP16-5
Added Pin To Net: NetName=INTERNAL5 Pin=ETH1_U_HEADER_WRP16-6
Added Pin To Net: NetName=INTERNAL6 Pin=ETH1_U_HEADER_WRP16-7
Added Pin To Net: NetName=INTERNAL7 Pin=ETH1_U_HEADER_WRP16-8
Added Pin To Net: NetName=INTERNAL8 Pin=ETH1_U_HEADER_WRP16-9
Added Pin To Net: NetName=INTERNAL9 Pin=ETH1_U_HEADER_WRP16-10
Added Pin To Net: NetName=INTERNAL10 Pin=ETH1_U_HEADER_WRP16-11
Added Pin To Net: NetName=INTERNAL11 Pin=ETH1_U_HEADER_WRP16-12
Added Pin To Net: NetName=INTERNAL12 Pin=ETH1_U_HEADER_WRP16-13
Added Pin To Net: NetName=INTERNAL13 Pin=ETH1_U_HEADER_WRP16-14
Added Pin To Net: NetName=INTERNAL14 Pin=ETH1_U_HEADER_WRP16-15
Added Pin To Net: NetName=INTERNAL15 Pin=ETH1_U_HEADER_WRP16-16
Added Pin To Net: NetName=GND Pin=ETH1_U_HEADER_WRP16-17
Added Pin To Net: NetName=GND Pin=ETH1_U_HEADER_WRP16-18
Added Pin To Net: NetName=GND Pin=ETH1_U_HEADER_WRP16-19
Added Pin To Net: NetName=GND Pin=ETH1_U_HEADER_WRP16-20
Added Pin To Net: NetName=GND Pin=ETH1_U_HEADER_WRP16-21
Added Pin To Net: NetName=GND Pin=ETH1_U_HEADER_WRP16-22
Added Pin To Net: NetName=GND Pin=ETH1_U_HEADER_WRP16-23
Added Pin To Net: NetName=GND Pin=ETH1_U_HEADER_WRP16-24
Added Pin To Net: NetName=INSIDE_W15_U_HEADER_WRP16 Pin=ETH1_U_HEADER_WRP16-25
Added Pin To Net: NetName=INSIDE_W14_U_HEADER_WRP16 Pin=ETH1_U_HEADER_WRP16-26
Added Pin To Net: NetName=INSIDE_W13_U_HEADER_WRP16 Pin=ETH1_U_HEADER_WRP16-27
Added Pin To Net: NetName=INSIDE_W12_U_HEADER_WRP16 Pin=ETH1_U_HEADER_WRP16-28
Added Pin To Net: NetName=INSIDE_W11_U_HEADER_WRP16 Pin=ETH1_U_HEADER_WRP16-29
Added Pin To Net: NetName=INSIDE_W10_U_HEADER_WRP16 Pin=ETH1_U_HEADER_WRP16-30
Added Pin To Net: NetName=INSIDE_W9_U_HEADER_WRP16 Pin=ETH1_U_HEADER_WRP16-31
Added Pin To Net: NetName=INSIDE_W8_U_HEADER_WRP16 Pin=ETH1_U_HEADER_WRP16-32
Added Pin To Net: NetName=INSIDE_W7_U_HEADER_WRP16 Pin=ETH1_U_HEADER_WRP16-33
Added Pin To Net: NetName=INSIDE_W6_U_HEADER_WRP16 Pin=ETH1_U_HEADER_WRP16-34
Added Pin To Net: NetName=INSIDE_W5_U_HEADER_WRP16 Pin=ETH1_U_HEADER_WRP16-35
Added Pin To Net: NetName=INSIDE_W4_U_HEADER_WRP16 Pin=ETH1_U_HEADER_WRP16-36
Added Pin To Net: NetName=INSIDE_W3_U_HEADER_WRP16 Pin=ETH1_U_HEADER_WRP16-37
Added Pin To Net: NetName=INSIDE_W2_U_HEADER_WRP16 Pin=ETH1_U_HEADER_WRP16-38
Added Pin To Net: NetName=INSIDE_W1_U_HEADER_WRP16 Pin=ETH1_U_HEADER_WRP16-39
Added Pin To Net: NetName=INSIDE_W0_U_HEADER_WRP16 Pin=ETH1_U_HEADER_WRP16-40
Added Pin To Net: NetName=FPGA_EN Pin=ETH2-1
Added Pin To Net: NetName=GLOBAL_3V3 Pin=ETH2-2
Added Pin To Net: NetName=GLOBAL_VCC Pin=ETH2-3
Added Pin To Net: NetName=FPGA_CLK Pin=ETH2-4
Added Pin To Net: NetName=FPGA_RST Pin=ETH2-5
Added Pin To Net: NetName=FPGA_~CS Pin=ETH2-6
Added Pin To Net: NetName=FPGA_~OE Pin=ETH2-7
Added Pin To Net: NetName=FPGA_~WE Pin=ETH2-8
Added Pin To Net: NetName=FPGA_~MR Pin=ETH2-9
Added Pin To Net: NetName=FPGA_~PL Pin=ETH2-10
Added Pin To Net: NetName=FPGA_STCP Pin=ETH2-11
Added Pin To Net: NetName=FPGA_SHCP Pin=ETH2-12
Added Pin To Net: NetName=Q_FPGA Pin=ETH2-13
Added Pin To Net: NetName=GND Pin=ETH2-14
Added Pin To Net: NetName=GND Pin=ETH2-27
Added Pin To Net: NetName=VCC Pin=ETH2-28
Added Pin To Net: NetName=OB_OUT_B Pin=ETH2-29
Added Pin To Net: NetName=OB_B_SHCP Pin=ETH2-30
Added Pin To Net: NetName=OB_B_STCP Pin=ETH2-31
Added Pin To Net: NetName=OB_B_~PL Pin=ETH2-32
Added Pin To Net: NetName=OB_B_~MR Pin=ETH2-33
Added Pin To Net: NetName=SRAM_~WE_B Pin=ETH2-34
Added Pin To Net: NetName=SRAM_~OE_B Pin=ETH2-35
Added Pin To Net: NetName=SRAM_~CS_B Pin=ETH2-36
Added Pin To Net: NetName=CLR_COUNTER_W_U_COUNTER_WRP1 Pin=ETH2-37
Added Pin To Net: NetName=CLK Pin=ETH2-38
Added Pin To Net: NetName=3V3 Pin=ETH2-39
Added Pin To Net: NetName=EN Pin=ETH2-40
Added Pin To Net: NetName=IVCC_B0 Pin=ZIF1-1
Added Pin To Net: NetName=IVCC_B1 Pin=ZIF1-2
Added Pin To Net: NetName=IVCC_B2 Pin=ZIF1-3
Added Pin To Net: NetName=IVCC_B3 Pin=ZIF1-4
Added Pin To Net: NetName=IVCC_B4 Pin=ZIF1-5
Added Pin To Net: NetName=IVCC_B5 Pin=ZIF1-6
Added Pin To Net: NetName=IVCC_B6 Pin=ZIF1-7
Added Pin To Net: NetName=IVCC_B7 Pin=ZIF1-8
Added Pin To Net: NetName=IVCC_B8 Pin=ZIF1-9
Added Pin To Net: NetName=IVCC_B9 Pin=ZIF1-10
Added Pin To Net: NetName=IVCC_B10 Pin=ZIF1-11
Added Pin To Net: NetName=IVCC_B11 Pin=ZIF1-12
Added Pin To Net: NetName=IVCC_B12 Pin=ZIF1-13
Added Pin To Net: NetName=IVCC_B13 Pin=ZIF1-14
Added Pin To Net: NetName=IVCC_B14 Pin=ZIF1-15
Added Pin To Net: NetName=IVCC_B15 Pin=ZIF1-16
Added Pin To Net: NetName=IVCC_B16 Pin=ZIF1-17
Added Pin To Net: NetName=IVCC_B17 Pin=ZIF1-18
Added Pin To Net: NetName=IVCC_B18 Pin=ZIF1-19
Added Pin To Net: NetName=IVCC_B19 Pin=ZIF1-20
Added Pin To Net: NetName=IVCC_B20 Pin=ZIF1-21
Added Pin To Net: NetName=IVCC_B21 Pin=ZIF1-22
Added Pin To Net: NetName=IVCC_B22 Pin=ZIF1-23
Added Pin To Net: NetName=IVCC_B23 Pin=ZIF1-24
Added Pin To Net: NetName=IVCC_B24 Pin=ZIF1-25
Added Pin To Net: NetName=IVCC_B25 Pin=ZIF1-26
Added Pin To Net: NetName=IVCC_B26 Pin=ZIF1-27
Added Pin To Net: NetName=IVCC_B27 Pin=ZIF1-28
Added Pin To Net: NetName=IVCC_B28 Pin=ZIF1-29
Added Pin To Net: NetName=IVCC_B29 Pin=ZIF1-30
Added Pin To Net: NetName=IVCC_B30 Pin=ZIF1-31
Added Pin To Net: NetName=IVCC_B31 Pin=ZIF1-32
Added Pin To Net: NetName=IVCC_B32 Pin=ZIF1-33
Added Pin To Net: NetName=IVCC_B33 Pin=ZIF1-34
Added Pin To Net: NetName=IVCC_B34 Pin=ZIF1-35
Added Pin To Net: NetName=IVCC_B35 Pin=ZIF1-36
Added Pin To Net: NetName=IVCC_B36 Pin=ZIF1-37
Added Pin To Net: NetName=IVCC_B37 Pin=ZIF1-38
Added Pin To Net: NetName=IVCC_B38 Pin=ZIF1-39
Added Pin To Net: NetName=IVCC_B39 Pin=ZIF1-40
Added Pin To Net: NetName=IVCC_B40 Pin=ZIF1-41
Added Pin To Net: NetName=IVCC_B41 Pin=ZIF1-42
Added Pin To Net: NetName=IVCC_B42 Pin=ZIF1-43
Added Pin To Net: NetName=IVCC_B43 Pin=ZIF1-44
Added Pin To Net: NetName=IVCC_B44 Pin=ZIF1-45
Added Pin To Net: NetName=IVCC_B45 Pin=ZIF1-46
Added Pin To Net: NetName=IVCC_B46 Pin=ZIF1-47
Added Pin To Net: NetName=IVCC_B47 Pin=ZIF1-48
Added Pin To Net: NetName=IVCC_B48 Pin=ZIF1-49
Added Pin To Net: NetName=IVCC_B49 Pin=ZIF1-50
Added Pin To Net: NetName=IVCC_B50 Pin=ZIF1-51
Added Pin To Net: NetName=IVCC_B51 Pin=ZIF1-52
Added Pin To Net: NetName=IVCC_B52 Pin=ZIF1-53
Added Pin To Net: NetName=IVCC_B53 Pin=ZIF1-54
Added Pin To Net: NetName=IVCC_B54 Pin=ZIF1-55
Added Pin To Net: NetName=IVCC_B55 Pin=ZIF1-56
Added Pin To Net: NetName=IVCC_B88 Pin=ZIF1-57
Added Pin To Net: NetName=IVCC_B89 Pin=ZIF1-58
Added Pin To Net: NetName=IVCC_B90 Pin=ZIF1-59
Added Pin To Net: NetName=IVCC_B91 Pin=ZIF1-60
Added Pin To Net: NetName=IVCC_B92 Pin=ZIF1-61
Added Pin To Net: NetName=IVCC_B93 Pin=ZIF1-62
Added Pin To Net: NetName=IVCC_B94 Pin=ZIF1-63
Added Pin To Net: NetName=IVCC_B95 Pin=ZIF1-64
Added Pin To Net: NetName=IVCC_B80 Pin=ZIF1-65
Added Pin To Net: NetName=IVCC_B81 Pin=ZIF1-66
Added Pin To Net: NetName=IVCC_B82 Pin=ZIF1-67
Added Pin To Net: NetName=IVCC_B83 Pin=ZIF1-68
Added Pin To Net: NetName=IVCC_B84 Pin=ZIF1-69
Added Pin To Net: NetName=IVCC_B85 Pin=ZIF1-70
Added Pin To Net: NetName=IVCC_B86 Pin=ZIF1-71
Added Pin To Net: NetName=IVCC_B87 Pin=ZIF1-72
Added Pin To Net: NetName=IVCC_B72 Pin=ZIF1-73
Added Pin To Net: NetName=IVCC_B73 Pin=ZIF1-74
Added Pin To Net: NetName=IVCC_B74 Pin=ZIF1-75
Added Pin To Net: NetName=IVCC_B75 Pin=ZIF1-76
Added Pin To Net: NetName=IVCC_B76 Pin=ZIF1-77
Added Pin To Net: NetName=IVCC_B77 Pin=ZIF1-78
Added Pin To Net: NetName=IVCC_B78 Pin=ZIF1-79
Added Pin To Net: NetName=IVCC_B79 Pin=ZIF1-80
Added Pin To Net: NetName=ZIF10BUS0 Pin=ZIF1-81
Added Pin To Net: NetName=ZIF10BUS1 Pin=ZIF1-82
Added Pin To Net: NetName=ZIF10BUS2 Pin=ZIF1-83
Added Pin To Net: NetName=ZIF10BUS3 Pin=ZIF1-84
Added Pin To Net: NetName=ZIF10BUS4 Pin=ZIF1-85
Added Pin To Net: NetName=ZIF10BUS5 Pin=ZIF1-86
Added Pin To Net: NetName=ZIF10BUS6 Pin=ZIF1-87
Added Pin To Net: NetName=ZIF10BUS7 Pin=ZIF1-88
Added Pin To Net: NetName=ZIF11BUS0 Pin=ZIF1-89
Added Pin To Net: NetName=ZIF11BUS1 Pin=ZIF1-90
Added Pin To Net: NetName=ZIF11BUS2 Pin=ZIF1-91
Added Pin To Net: NetName=ZIF11BUS3 Pin=ZIF1-92
Added Pin To Net: NetName=ZIF11BUS4 Pin=ZIF1-93
Added Pin To Net: NetName=ZIF11BUS5 Pin=ZIF1-94
Added Pin To Net: NetName=ZIF11BUS6 Pin=ZIF1-95
Added Pin To Net: NetName=ZIF11BUS7 Pin=ZIF1-96
Added Pin To Net: NetName=IVCC_B96 Pin=ZIF1-97
Added Pin To Net: NetName=IVCC_B97 Pin=ZIF1-98
Added Pin To Net: NetName=IVCC_B98 Pin=ZIF1-99
Added Pin To Net: NetName=IVCC_B99 Pin=ZIF1-100
Added Pin To Net: NetName=IVCC_B100 Pin=ZIF1-101
Added Pin To Net: NetName=IVCC_B101 Pin=ZIF1-102
Added Pin To Net: NetName=IVCC_B102 Pin=ZIF1-103
Added Pin To Net: NetName=IVCC_B103 Pin=ZIF1-104
Added Pin To Net: NetName=IVCC_B104 Pin=ZIF1-105
Added Pin To Net: NetName=IVCC_B105 Pin=ZIF1-106
Added Pin To Net: NetName=IVCC_B106 Pin=ZIF1-107
Added Pin To Net: NetName=IVCC_B107 Pin=ZIF1-108
Added Pin To Net: NetName=IVCC_B108 Pin=ZIF1-109
Added Pin To Net: NetName=IVCC_B109 Pin=ZIF1-110
Added Pin To Net: NetName=ZIF130BUS6 Pin=ZIF1-111
Added Pin To Net: NetName=IVCC_B111 Pin=ZIF1-112
Added Pin To Net: NetName=IVCC_B112 Pin=ZIF1-113
Added Pin To Net: NetName=IVCC_B113 Pin=ZIF1-114
Added Pin To Net: NetName=IVCC_B114 Pin=ZIF1-115
Added Pin To Net: NetName=IVCC_B115 Pin=ZIF1-116
Added Pin To Net: NetName=IVCC_B116 Pin=ZIF1-117
Added Pin To Net: NetName=IVCC_B117 Pin=ZIF1-118
Added Pin To Net: NetName=IVCC_B118 Pin=ZIF1-119
Added Pin To Net: NetName=IVCC_B119 Pin=ZIF1-120
Added Pin To Net: NetName=IVCC_B120 Pin=ZIF1-121
Added Pin To Net: NetName=IVCC_B121 Pin=ZIF1-122
Added Pin To Net: NetName=IVCC_B122 Pin=ZIF1-123
Added Pin To Net: NetName=IVCC_B123 Pin=ZIF1-124
Added Pin To Net: NetName=IVCC_B124 Pin=ZIF1-125
Added Pin To Net: NetName=IVCC_B125 Pin=ZIF1-126
Added Pin To Net: NetName=IVCC_B126 Pin=ZIF1-127
Added Pin To Net: NetName=IVCC_B127 Pin=ZIF1-128
Added Member To Class: ClassName=U_VT_WRP1 Member=Component 0.1uF_1_U_VT_WRP1 (0.1uF_1) 0.1uF_0603
Added Member To Class: ClassName=U_VT_WRP2 Member=Component 0.1uF_1_U_VT_WRP2 (0.1uF_1) 0.1uF_0603
Added Member To Class: ClassName=U_VT_WRP3 Member=Component 0.1uF_1_U_VT_WRP3 (0.1uF_1) 0.1uF_0603
Added Member To Class: ClassName=U_VT_WRP4 Member=Component 0.1uF_1_U_VT_WRP4 (0.1uF_1) 0.1uF_0603
Added Member To Class: ClassName=U_VT_WRP5 Member=Component 0.1uF_1_U_VT_WRP5 (0.1uF_1) 0.1uF_0603
Added Member To Class: ClassName=U_VT_WRP6 Member=Component 0.1uF_1_U_VT_WRP6 (0.1uF_1) 0.1uF_0603
Added Member To Class: ClassName=U_VT_WRP7 Member=Component 0.1uF_1_U_VT_WRP7 (0.1uF_1) 0.1uF_0603
Added Member To Class: ClassName=U_VT_WRP8 Member=Component 0.1uF_1_U_VT_WRP8 (0.1uF_1) 0.1uF_0603
Added Member To Class: ClassName=U_VT_WRP9 Member=Component 0.1uF_1_U_VT_WRP9 (0.1uF_1) 0.1uF_0603
Added Member To Class: ClassName=U_VT_WRP10 Member=Component 0.1uF_1_U_VT_WRP10 (0.1uF_1) 0.1uF_0603
Added Member To Class: ClassName=U_VT_WRP11 Member=Component 0.1uF_1_U_VT_WRP11 (0.1uF_1) 0.1uF_0603
Added Member To Class: ClassName=U_VT_WRP12 Member=Component 0.1uF_1_U_VT_WRP12 (0.1uF_1) 0.1uF_0603
Added Member To Class: ClassName=U_VT_WRP13 Member=Component 0.1uF_1_U_VT_WRP13 (0.1uF_1) 0.1uF_0603
Added Member To Class: ClassName=U_VT_WRP14 Member=Component 0.1uF_1_U_VT_WRP14 (0.1uF_1) 0.1uF_0603
Added Member To Class: ClassName=U_VT_WRP15 Member=Component 0.1uF_1_U_VT_WRP15 (0.1uF_1) 0.1uF_0603
Added Member To Class: ClassName=U_VT_WRP16 Member=Component 0.1uF_1_U_VT_WRP16 (0.1uF_1) 0.1uF_0603
Added Member To Class: ClassName=U_VT_WRP1 Member=Component 0.1uF_2_U_VT_WRP1 (0.1uF_2) 0.1uF_0603
Added Member To Class: ClassName=U_VT_WRP2 Member=Component 0.1uF_2_U_VT_WRP2 (0.1uF_2) 0.1uF_0603
Added Member To Class: ClassName=U_VT_WRP3 Member=Component 0.1uF_2_U_VT_WRP3 (0.1uF_2) 0.1uF_0603
Added Member To Class: ClassName=U_VT_WRP4 Member=Component 0.1uF_2_U_VT_WRP4 (0.1uF_2) 0.1uF_0603
Added Member To Class: ClassName=U_VT_WRP5 Member=Component 0.1uF_2_U_VT_WRP5 (0.1uF_2) 0.1uF_0603
Added Member To Class: ClassName=U_VT_WRP6 Member=Component 0.1uF_2_U_VT_WRP6 (0.1uF_2) 0.1uF_0603
Added Member To Class: ClassName=U_VT_WRP7 Member=Component 0.1uF_2_U_VT_WRP7 (0.1uF_2) 0.1uF_0603
Added Member To Class: ClassName=U_VT_WRP8 Member=Component 0.1uF_2_U_VT_WRP8 (0.1uF_2) 0.1uF_0603
Added Member To Class: ClassName=U_VT_WRP9 Member=Component 0.1uF_2_U_VT_WRP9 (0.1uF_2) 0.1uF_0603
Added Member To Class: ClassName=U_VT_WRP10 Member=Component 0.1uF_2_U_VT_WRP10 (0.1uF_2) 0.1uF_0603
Added Member To Class: ClassName=U_VT_WRP11 Member=Component 0.1uF_2_U_VT_WRP11 (0.1uF_2) 0.1uF_0603
Added Member To Class: ClassName=U_VT_WRP12 Member=Component 0.1uF_2_U_VT_WRP12 (0.1uF_2) 0.1uF_0603
Added Member To Class: ClassName=U_VT_WRP13 Member=Component 0.1uF_2_U_VT_WRP13 (0.1uF_2) 0.1uF_0603
Added Member To Class: ClassName=U_VT_WRP14 Member=Component 0.1uF_2_U_VT_WRP14 (0.1uF_2) 0.1uF_0603
Added Member To Class: ClassName=U_VT_WRP15 Member=Component 0.1uF_2_U_VT_WRP15 (0.1uF_2) 0.1uF_0603
Added Member To Class: ClassName=U_VT_WRP16 Member=Component 0.1uF_2_U_VT_WRP16 (0.1uF_2) 0.1uF_0603
Added Member To Class: ClassName=U_COUNTER_WRP1 Member=Component COUNTER1_U_COUNTER_WRP1 (COUNTER1) 74VHC4040FT(BJ)
Added Member To Class: ClassName=U_COUNTER_WRP2 Member=Component COUNTER1_U_COUNTER_WRP2 (COUNTER1) 74VHC4040FT(BJ)
Added Member To Class: ClassName=U_COUNTER_WRP3 Member=Component COUNTER1_U_COUNTER_WRP3 (COUNTER1) 74VHC4040FT(BJ)
Added Member To Class: ClassName=U_COUNTER_WRP4 Member=Component COUNTER1_U_COUNTER_WRP4 (COUNTER1) 74VHC4040FT(BJ)
Added Member To Class: ClassName=U_HEADER_WRP1 Member=Component ETH1_U_HEADER_WRP1 (ETH1) ADAFRUIT_HEADER
Added Member To Class: ClassName=U_HEADER_WRP2 Member=Component ETH1_U_HEADER_WRP2 (ETH1) ADAFRUIT_HEADER
Added Member To Class: ClassName=U_HEADER_WRP3 Member=Component ETH1_U_HEADER_WRP3 (ETH1) ADAFRUIT_HEADER
Added Member To Class: ClassName=U_HEADER_WRP4 Member=Component ETH1_U_HEADER_WRP4 (ETH1) ADAFRUIT_HEADER
Added Member To Class: ClassName=U_HEADER_WRP5 Member=Component ETH1_U_HEADER_WRP5 (ETH1) ADAFRUIT_HEADER
Added Member To Class: ClassName=U_HEADER_WRP6 Member=Component ETH1_U_HEADER_WRP6 (ETH1) ADAFRUIT_HEADER
Added Member To Class: ClassName=U_HEADER_WRP7 Member=Component ETH1_U_HEADER_WRP7 (ETH1) ADAFRUIT_HEADER
Added Member To Class: ClassName=U_HEADER_WRP8 Member=Component ETH1_U_HEADER_WRP8 (ETH1) ADAFRUIT_HEADER
Added Member To Class: ClassName=U_HEADER_WRP9 Member=Component ETH1_U_HEADER_WRP9 (ETH1) ADAFRUIT_HEADER
Added Member To Class: ClassName=U_HEADER_WRP10 Member=Component ETH1_U_HEADER_WRP10 (ETH1) ADAFRUIT_HEADER
Added Member To Class: ClassName=U_HEADER_WRP11 Member=Component ETH1_U_HEADER_WRP11 (ETH1) ADAFRUIT_HEADER
Added Member To Class: ClassName=U_HEADER_WRP12 Member=Component ETH1_U_HEADER_WRP12 (ETH1) ADAFRUIT_HEADER
Added Member To Class: ClassName=U_HEADER_WRP13 Member=Component ETH1_U_HEADER_WRP13 (ETH1) ADAFRUIT_HEADER
Added Member To Class: ClassName=U_HEADER_WRP14 Member=Component ETH1_U_HEADER_WRP14 (ETH1) ADAFRUIT_HEADER
Added Member To Class: ClassName=U_HEADER_WRP15 Member=Component ETH1_U_HEADER_WRP15 (ETH1) ADAFRUIT_HEADER
Added Member To Class: ClassName=U_HEADER_WRP16 Member=Component ETH1_U_HEADER_WRP16 (ETH1) ADAFRUIT_HEADER
Added Member To Class: ClassName=U_FPGA_HEADER Member=Component ETH2 ADAFRUIT_HEADER
Added Member To Class: ClassName=U_OB_WRP1 Member=Component OB1_U_OB_WRP1 (OB1) 74HC597PW,118
Added Member To Class: ClassName=U_OB_WRP2 Member=Component OB1_U_OB_WRP2 (OB1) 74HC597PW,118
Added Member To Class: ClassName=U_OB_WRP3 Member=Component OB1_U_OB_WRP3 (OB1) 74HC597PW,118
Added Member To Class: ClassName=U_OB_WRP4 Member=Component OB1_U_OB_WRP4 (OB1) 74HC597PW,118
Added Member To Class: ClassName=U_OB_WRP5 Member=Component OB1_U_OB_WRP5 (OB1) 74HC597PW,118
Added Member To Class: ClassName=U_OB_WRP6 Member=Component OB1_U_OB_WRP6 (OB1) 74HC597PW,118
Added Member To Class: ClassName=U_OB_WRP7 Member=Component OB1_U_OB_WRP7 (OB1) 74HC597PW,118
Added Member To Class: ClassName=U_OB_WRP8 Member=Component OB1_U_OB_WRP8 (OB1) 74HC597PW,118
Added Member To Class: ClassName=U_OB_WRP9 Member=Component OB1_U_OB_WRP9 (OB1) 74HC597PW,118
Added Member To Class: ClassName=U_OB_WRP10 Member=Component OB1_U_OB_WRP10 (OB1) 74HC597PW,118
Added Member To Class: ClassName=U_OB_WRP11 Member=Component OB1_U_OB_WRP11 (OB1) 74HC597PW,118
Added Member To Class: ClassName=U_OB_WRP12 Member=Component OB1_U_OB_WRP12 (OB1) 74HC597PW,118
Added Member To Class: ClassName=U_OB_WRP13 Member=Component OB1_U_OB_WRP13 (OB1) 74HC597PW,118
Added Member To Class: ClassName=U_OB_WRP14 Member=Component OB1_U_OB_WRP14 (OB1) 74HC597PW,118
Added Member To Class: ClassName=U_OB_WRP15 Member=Component OB1_U_OB_WRP15 (OB1) 74HC597PW,118
Added Member To Class: ClassName=U_OB_WRP16 Member=Component OB1_U_OB_WRP16 (OB1) 74HC597PW,118
Added Member To Class: ClassName=U_SRAM_WRP1 Member=Component SRAM1_U_SRAM_WRP1 (SRAM1) 71V016SA10PHG
Added Member To Class: ClassName=U_SRAM_WRP2 Member=Component SRAM1_U_SRAM_WRP2 (SRAM1) 71V016SA10PHG
Added Member To Class: ClassName=U_SRAM_WRP3 Member=Component SRAM1_U_SRAM_WRP3 (SRAM1) 71V016SA10PHG
Added Member To Class: ClassName=U_SRAM_WRP4 Member=Component SRAM1_U_SRAM_WRP4 (SRAM1) 71V016SA10PHG
Added Member To Class: ClassName=U_SRAM_WRP5 Member=Component SRAM1_U_SRAM_WRP5 (SRAM1) 71V016SA10PHG
Added Member To Class: ClassName=U_SRAM_WRP6 Member=Component SRAM1_U_SRAM_WRP6 (SRAM1) 71V016SA10PHG
Added Member To Class: ClassName=U_SRAM_WRP7 Member=Component SRAM1_U_SRAM_WRP7 (SRAM1) 71V016SA10PHG
Added Member To Class: ClassName=U_SRAM_WRP8 Member=Component SRAM1_U_SRAM_WRP8 (SRAM1) 71V016SA10PHG
Added Member To Class: ClassName=U_VT_WRP1 Member=Component VT1_U_VT_WRP1 (VT1) MAX3012EUP+
Added Member To Class: ClassName=U_VT_WRP2 Member=Component VT1_U_VT_WRP2 (VT1) MAX3012EUP+
Added Member To Class: ClassName=U_VT_WRP3 Member=Component VT1_U_VT_WRP3 (VT1) MAX3012EUP+
Added Member To Class: ClassName=U_VT_WRP4 Member=Component VT1_U_VT_WRP4 (VT1) MAX3012EUP+
Added Member To Class: ClassName=U_VT_WRP5 Member=Component VT1_U_VT_WRP5 (VT1) MAX3012EUP+
Added Member To Class: ClassName=U_VT_WRP6 Member=Component VT1_U_VT_WRP6 (VT1) MAX3012EUP+
Added Member To Class: ClassName=U_VT_WRP7 Member=Component VT1_U_VT_WRP7 (VT1) MAX3012EUP+
Added Member To Class: ClassName=U_VT_WRP8 Member=Component VT1_U_VT_WRP8 (VT1) MAX3012EUP+
Added Member To Class: ClassName=U_VT_WRP9 Member=Component VT1_U_VT_WRP9 (VT1) MAX3012EUP+
Added Member To Class: ClassName=U_VT_WRP10 Member=Component VT1_U_VT_WRP10 (VT1) MAX3012EUP+
Added Member To Class: ClassName=U_VT_WRP11 Member=Component VT1_U_VT_WRP11 (VT1) MAX3012EUP+
Added Member To Class: ClassName=U_VT_WRP12 Member=Component VT1_U_VT_WRP12 (VT1) MAX3012EUP+
Added Member To Class: ClassName=U_VT_WRP13 Member=Component VT1_U_VT_WRP13 (VT1) MAX3012EUP+
Added Member To Class: ClassName=U_VT_WRP14 Member=Component VT1_U_VT_WRP14 (VT1) MAX3012EUP+
Added Member To Class: ClassName=U_VT_WRP15 Member=Component VT1_U_VT_WRP15 (VT1) MAX3012EUP+
Added Member To Class: ClassName=U_VT_WRP16 Member=Component VT1_U_VT_WRP16 (VT1) MAX3012EUP+
Added Member To Class: ClassName=U_ZIF_WRP Member=Component ZIF1 200-6313-9UN-1900
