Added Component: Designator=C1_U_VT_WRP1(RAD-0.3)
Added Component: Designator=C1_U_VT_WRP2(RAD-0.3)
Added Component: Designator=C1_U_VT_WRP3(RAD-0.3)
Added Component: Designator=C1_U_VT_WRP4(RAD-0.3)
Added Component: Designator=C1_U_VT_WRP5(RAD-0.3)
Added Component: Designator=C1_U_VT_WRP6(RAD-0.3)
Added Component: Designator=C1_U_VT_WRP7(RAD-0.3)
Added Component: Designator=C1_U_VT_WRP8(RAD-0.3)
Added Component: Designator=C1_U_VT_WRP9(RAD-0.3)
Added Component: Designator=C1_U_VT_WRP10(RAD-0.3)
Added Component: Designator=C1_U_VT_WRP11(RAD-0.3)
Added Component: Designator=C1_U_VT_WRP12(RAD-0.3)
Added Component: Designator=C1_U_VT_WRP13(RAD-0.3)
Added Component: Designator=C1_U_VT_WRP14(RAD-0.3)
Added Component: Designator=C1_U_VT_WRP15(RAD-0.3)
Added Component: Designator=C1_U_VT_WRP16(RAD-0.3)
Added Component: Designator=C2_U_VT_WRP1(RAD-0.3)
Added Component: Designator=C2_U_VT_WRP2(RAD-0.3)
Added Component: Designator=C2_U_VT_WRP3(RAD-0.3)
Added Component: Designator=C2_U_VT_WRP4(RAD-0.3)
Added Component: Designator=C2_U_VT_WRP5(RAD-0.3)
Added Component: Designator=C2_U_VT_WRP6(RAD-0.3)
Added Component: Designator=C2_U_VT_WRP7(RAD-0.3)
Added Component: Designator=C2_U_VT_WRP8(RAD-0.3)
Added Component: Designator=C2_U_VT_WRP9(RAD-0.3)
Added Component: Designator=C2_U_VT_WRP10(RAD-0.3)
Added Component: Designator=C2_U_VT_WRP11(RAD-0.3)
Added Component: Designator=C2_U_VT_WRP12(RAD-0.3)
Added Component: Designator=C2_U_VT_WRP13(RAD-0.3)
Added Component: Designator=C2_U_VT_WRP14(RAD-0.3)
Added Component: Designator=C2_U_VT_WRP15(RAD-0.3)
Added Component: Designator=C2_U_VT_WRP16(RAD-0.3)
Added Pin To Net: NetName=3V3 Pin=C1_U_VT_WRP1-1
Added Pin To Net: NetName=GND Pin=C1_U_VT_WRP1-2
Added Pin To Net: NetName=3V3 Pin=C1_U_VT_WRP2-1
Added Pin To Net: NetName=GND Pin=C1_U_VT_WRP2-2
Added Pin To Net: NetName=3V3 Pin=C1_U_VT_WRP3-1
Added Pin To Net: NetName=GND Pin=C1_U_VT_WRP3-2
Added Pin To Net: NetName=3V3 Pin=C1_U_VT_WRP4-1
Added Pin To Net: NetName=GND Pin=C1_U_VT_WRP4-2
Added Pin To Net: NetName=3V3 Pin=C1_U_VT_WRP5-1
Added Pin To Net: NetName=GND Pin=C1_U_VT_WRP5-2
Added Pin To Net: NetName=3V3 Pin=C1_U_VT_WRP6-1
Added Pin To Net: NetName=GND Pin=C1_U_VT_WRP6-2
Added Pin To Net: NetName=3V3 Pin=C1_U_VT_WRP7-1
Added Pin To Net: NetName=GND Pin=C1_U_VT_WRP7-2
Added Pin To Net: NetName=3V3 Pin=C1_U_VT_WRP8-1
Added Pin To Net: NetName=GND Pin=C1_U_VT_WRP8-2
Added Pin To Net: NetName=3V3 Pin=C1_U_VT_WRP9-1
Added Pin To Net: NetName=GND Pin=C1_U_VT_WRP9-2
Added Pin To Net: NetName=3V3 Pin=C1_U_VT_WRP10-1
Added Pin To Net: NetName=GND Pin=C1_U_VT_WRP10-2
Added Pin To Net: NetName=3V3 Pin=C1_U_VT_WRP11-1
Added Pin To Net: NetName=GND Pin=C1_U_VT_WRP11-2
Added Pin To Net: NetName=3V3 Pin=C1_U_VT_WRP12-1
Added Pin To Net: NetName=GND Pin=C1_U_VT_WRP12-2
Added Pin To Net: NetName=3V3 Pin=C1_U_VT_WRP13-1
Added Pin To Net: NetName=GND Pin=C1_U_VT_WRP13-2
Added Pin To Net: NetName=3V3 Pin=C1_U_VT_WRP14-1
Added Pin To Net: NetName=GND Pin=C1_U_VT_WRP14-2
Added Pin To Net: NetName=3V3 Pin=C1_U_VT_WRP15-1
Added Pin To Net: NetName=GND Pin=C1_U_VT_WRP15-2
Added Pin To Net: NetName=3V3 Pin=C1_U_VT_WRP16-1
Added Pin To Net: NetName=GND Pin=C1_U_VT_WRP16-2
Added Pin To Net: NetName=VCC Pin=C2_U_VT_WRP1-1
Added Pin To Net: NetName=GND Pin=C2_U_VT_WRP1-2
Added Pin To Net: NetName=VCC Pin=C2_U_VT_WRP2-1
Added Pin To Net: NetName=GND Pin=C2_U_VT_WRP2-2
Added Pin To Net: NetName=VCC Pin=C2_U_VT_WRP3-1
Added Pin To Net: NetName=GND Pin=C2_U_VT_WRP3-2
Added Pin To Net: NetName=VCC Pin=C2_U_VT_WRP4-1
Added Pin To Net: NetName=GND Pin=C2_U_VT_WRP4-2
Added Pin To Net: NetName=VCC Pin=C2_U_VT_WRP5-1
Added Pin To Net: NetName=GND Pin=C2_U_VT_WRP5-2
Added Pin To Net: NetName=VCC Pin=C2_U_VT_WRP6-1
Added Pin To Net: NetName=GND Pin=C2_U_VT_WRP6-2
Added Pin To Net: NetName=VCC Pin=C2_U_VT_WRP7-1
Added Pin To Net: NetName=GND Pin=C2_U_VT_WRP7-2
Added Pin To Net: NetName=VCC Pin=C2_U_VT_WRP8-1
Added Pin To Net: NetName=GND Pin=C2_U_VT_WRP8-2
Added Pin To Net: NetName=VCC Pin=C2_U_VT_WRP9-1
Added Pin To Net: NetName=GND Pin=C2_U_VT_WRP9-2
Added Pin To Net: NetName=VCC Pin=C2_U_VT_WRP10-1
Added Pin To Net: NetName=GND Pin=C2_U_VT_WRP10-2
Added Pin To Net: NetName=VCC Pin=C2_U_VT_WRP11-1
Added Pin To Net: NetName=GND Pin=C2_U_VT_WRP11-2
Added Pin To Net: NetName=VCC Pin=C2_U_VT_WRP12-1
Added Pin To Net: NetName=GND Pin=C2_U_VT_WRP12-2
Added Pin To Net: NetName=VCC Pin=C2_U_VT_WRP13-1
Added Pin To Net: NetName=GND Pin=C2_U_VT_WRP13-2
Added Pin To Net: NetName=VCC Pin=C2_U_VT_WRP14-1
Added Pin To Net: NetName=GND Pin=C2_U_VT_WRP14-2
Added Pin To Net: NetName=VCC Pin=C2_U_VT_WRP15-1
Added Pin To Net: NetName=GND Pin=C2_U_VT_WRP15-2
Added Pin To Net: NetName=VCC Pin=C2_U_VT_WRP16-1
Added Pin To Net: NetName=GND Pin=C2_U_VT_WRP16-2
Added Member To Class: ClassName=U_VT_WRP1 Member=Component C1_U_VT_WRP1 (C1) Cap
Added Member To Class: ClassName=U_VT_WRP2 Member=Component C1_U_VT_WRP2 (C1) Cap
Added Member To Class: ClassName=U_VT_WRP3 Member=Component C1_U_VT_WRP3 (C1) Cap
Added Member To Class: ClassName=U_VT_WRP4 Member=Component C1_U_VT_WRP4 (C1) Cap
Added Member To Class: ClassName=U_VT_WRP5 Member=Component C1_U_VT_WRP5 (C1) Cap
Added Member To Class: ClassName=U_VT_WRP6 Member=Component C1_U_VT_WRP6 (C1) Cap
Added Member To Class: ClassName=U_VT_WRP7 Member=Component C1_U_VT_WRP7 (C1) Cap
Added Member To Class: ClassName=U_VT_WRP8 Member=Component C1_U_VT_WRP8 (C1) Cap
Added Member To Class: ClassName=U_VT_WRP9 Member=Component C1_U_VT_WRP9 (C1) Cap
Added Member To Class: ClassName=U_VT_WRP10 Member=Component C1_U_VT_WRP10 (C1) Cap
Added Member To Class: ClassName=U_VT_WRP11 Member=Component C1_U_VT_WRP11 (C1) Cap
Added Member To Class: ClassName=U_VT_WRP12 Member=Component C1_U_VT_WRP12 (C1) Cap
Added Member To Class: ClassName=U_VT_WRP13 Member=Component C1_U_VT_WRP13 (C1) Cap
Added Member To Class: ClassName=U_VT_WRP14 Member=Component C1_U_VT_WRP14 (C1) Cap
Added Member To Class: ClassName=U_VT_WRP15 Member=Component C1_U_VT_WRP15 (C1) Cap
Added Member To Class: ClassName=U_VT_WRP16 Member=Component C1_U_VT_WRP16 (C1) Cap
Added Member To Class: ClassName=U_VT_WRP1 Member=Component C2_U_VT_WRP1 (C2) Cap
Added Member To Class: ClassName=U_VT_WRP2 Member=Component C2_U_VT_WRP2 (C2) Cap
Added Member To Class: ClassName=U_VT_WRP3 Member=Component C2_U_VT_WRP3 (C2) Cap
Added Member To Class: ClassName=U_VT_WRP4 Member=Component C2_U_VT_WRP4 (C2) Cap
Added Member To Class: ClassName=U_VT_WRP5 Member=Component C2_U_VT_WRP5 (C2) Cap
Added Member To Class: ClassName=U_VT_WRP6 Member=Component C2_U_VT_WRP6 (C2) Cap
Added Member To Class: ClassName=U_VT_WRP7 Member=Component C2_U_VT_WRP7 (C2) Cap
Added Member To Class: ClassName=U_VT_WRP8 Member=Component C2_U_VT_WRP8 (C2) Cap
Added Member To Class: ClassName=U_VT_WRP9 Member=Component C2_U_VT_WRP9 (C2) Cap
Added Member To Class: ClassName=U_VT_WRP10 Member=Component C2_U_VT_WRP10 (C2) Cap
Added Member To Class: ClassName=U_VT_WRP11 Member=Component C2_U_VT_WRP11 (C2) Cap
Added Member To Class: ClassName=U_VT_WRP12 Member=Component C2_U_VT_WRP12 (C2) Cap
Added Member To Class: ClassName=U_VT_WRP13 Member=Component C2_U_VT_WRP13 (C2) Cap
Added Member To Class: ClassName=U_VT_WRP14 Member=Component C2_U_VT_WRP14 (C2) Cap
Added Member To Class: ClassName=U_VT_WRP15 Member=Component C2_U_VT_WRP15 (C2) Cap
Added Member To Class: ClassName=U_VT_WRP16 Member=Component C2_U_VT_WRP16 (C2) Cap
