Added Component: Designator=0.1uF_1_U_VT_WRP1(0.1uF_0603)
Added Component: Designator=0.1uF_1_U_VT_WRP2(0.1uF_0603)
Added Component: Designator=0.1uF_1_U_VT_WRP3(0.1uF_0603)
Added Component: Designator=0.1uF_1_U_VT_WRP4(0.1uF_0603)
Added Component: Designator=0.1uF_1_U_VT_WRP5(0.1uF_0603)
Added Component: Designator=0.1uF_1_U_VT_WRP6(0.1uF_0603)
Added Component: Designator=0.1uF_1_U_VT_WRP7(0.1uF_0603)
Added Component: Designator=0.1uF_1_U_VT_WRP8(0.1uF_0603)
Added Component: Designator=0.1uF_1_U_VT_WRP9(0.1uF_0603)
Added Component: Designator=0.1uF_1_U_VT_WRP10(0.1uF_0603)
Added Component: Designator=0.1uF_1_U_VT_WRP11(0.1uF_0603)
Added Component: Designator=0.1uF_1_U_VT_WRP12(0.1uF_0603)
Added Component: Designator=0.1uF_1_U_VT_WRP13(0.1uF_0603)
Added Component: Designator=0.1uF_1_U_VT_WRP14(0.1uF_0603)
Added Component: Designator=0.1uF_1_U_VT_WRP15(0.1uF_0603)
Added Component: Designator=0.1uF_1_U_VT_WRP16(0.1uF_0603)
Added Component: Designator=0.1uF_2_U_VT_WRP1(0.1uF_0603)
Added Component: Designator=0.1uF_2_U_VT_WRP2(0.1uF_0603)
Added Component: Designator=0.1uF_2_U_VT_WRP3(0.1uF_0603)
Added Component: Designator=0.1uF_2_U_VT_WRP4(0.1uF_0603)
Added Component: Designator=0.1uF_2_U_VT_WRP5(0.1uF_0603)
Added Component: Designator=0.1uF_2_U_VT_WRP6(0.1uF_0603)
Added Component: Designator=0.1uF_2_U_VT_WRP7(0.1uF_0603)
Added Component: Designator=0.1uF_2_U_VT_WRP8(0.1uF_0603)
Added Component: Designator=0.1uF_2_U_VT_WRP9(0.1uF_0603)
Added Component: Designator=0.1uF_2_U_VT_WRP10(0.1uF_0603)
Added Component: Designator=0.1uF_2_U_VT_WRP11(0.1uF_0603)
Added Component: Designator=0.1uF_2_U_VT_WRP12(0.1uF_0603)
Added Component: Designator=0.1uF_2_U_VT_WRP13(0.1uF_0603)
Added Component: Designator=0.1uF_2_U_VT_WRP14(0.1uF_0603)
Added Component: Designator=0.1uF_2_U_VT_WRP15(0.1uF_0603)
Added Component: Designator=0.1uF_2_U_VT_WRP16(0.1uF_0603)
Added Component: Designator=COUNTER1_U_COUNTER_WRP1(COUNTER_TSSOP16)
Added Component: Designator=COUNTER1_U_COUNTER_WRP2(COUNTER_TSSOP16)
Added Component: Designator=COUNTER1_U_COUNTER_WRP3(COUNTER_TSSOP16)
Added Component: Designator=COUNTER1_U_COUNTER_WRP4(COUNTER_TSSOP16)
Added Component: Designator=ETH1_U_HEADER_WRP1(FEMALE_HEADER_SMD)
Added Component: Designator=ETH1_U_HEADER_WRP2(FEMALE_HEADER_SMD)
Added Component: Designator=ETH1_U_HEADER_WRP3(FEMALE_HEADER_SMD)
Added Component: Designator=ETH1_U_HEADER_WRP4(FEMALE_HEADER_SMD)
Added Component: Designator=ETH1_U_HEADER_WRP5(FEMALE_HEADER_SMD)
Added Component: Designator=ETH1_U_HEADER_WRP6(FEMALE_HEADER_SMD)
Added Component: Designator=ETH1_U_HEADER_WRP7(FEMALE_HEADER_SMD)
Added Component: Designator=ETH1_U_HEADER_WRP8(FEMALE_HEADER_SMD)
Added Component: Designator=ETH1_U_HEADER_WRP9(FEMALE_HEADER_SMD)
Added Component: Designator=ETH1_U_HEADER_WRP10(FEMALE_HEADER_SMD)
Added Component: Designator=ETH1_U_HEADER_WRP11(FEMALE_HEADER_SMD)
Added Component: Designator=ETH1_U_HEADER_WRP12(FEMALE_HEADER_SMD)
Added Component: Designator=ETH1_U_HEADER_WRP13(FEMALE_HEADER_SMD)
Added Component: Designator=ETH1_U_HEADER_WRP14(FEMALE_HEADER_SMD)
Added Component: Designator=ETH1_U_HEADER_WRP15(FEMALE_HEADER_SMD)
Added Component: Designator=ETH1_U_HEADER_WRP16(FEMALE_HEADER_SMD)
Added Component: Designator=ETH2(FEMALE_HEADER_SMD)
Added Component: Designator=OB1_U_OB_WRP1(OB_TSSOP16)
Added Component: Designator=OB1_U_OB_WRP2(OB_TSSOP16)
Added Component: Designator=OB1_U_OB_WRP3(OB_TSSOP16)
Added Component: Designator=OB1_U_OB_WRP4(OB_TSSOP16)
Added Component: Designator=OB1_U_OB_WRP5(OB_TSSOP16)
Added Component: Designator=OB1_U_OB_WRP6(OB_TSSOP16)
Added Component: Designator=OB1_U_OB_WRP7(OB_TSSOP16)
Added Component: Designator=OB1_U_OB_WRP8(OB_TSSOP16)
Added Component: Designator=OB1_U_OB_WRP9(OB_TSSOP16)
Added Component: Designator=OB1_U_OB_WRP10(OB_TSSOP16)
Added Component: Designator=OB1_U_OB_WRP11(OB_TSSOP16)
Added Component: Designator=OB1_U_OB_WRP12(OB_TSSOP16)
Added Component: Designator=OB1_U_OB_WRP13(OB_TSSOP16)
Added Component: Designator=OB1_U_OB_WRP14(OB_TSSOP16)
Added Component: Designator=OB1_U_OB_WRP15(OB_TSSOP16)
Added Component: Designator=OB1_U_OB_WRP16(OB_TSSOP16)
Added Component: Designator=SRAM1_U_SRAM_WRP1(SRAM_TSSOP44-II)
Added Component: Designator=SRAM1_U_SRAM_WRP2(SRAM_TSSOP44-II)
Added Component: Designator=SRAM1_U_SRAM_WRP3(SRAM_TSSOP44-II)
Added Component: Designator=SRAM1_U_SRAM_WRP4(SRAM_TSSOP44-II)
Added Component: Designator=SRAM1_U_SRAM_WRP5(SRAM_TSSOP44-II)
Added Component: Designator=SRAM1_U_SRAM_WRP6(SRAM_TSSOP44-II)
Added Component: Designator=SRAM1_U_SRAM_WRP7(SRAM_TSSOP44-II)
Added Component: Designator=SRAM1_U_SRAM_WRP8(SRAM_TSSOP44-II)
Added Component: Designator=VT1_U_VT_WRP1(VT_TSSOP20)
Added Component: Designator=VT1_U_VT_WRP2(VT_TSSOP20)
Added Component: Designator=VT1_U_VT_WRP3(VT_TSSOP20)
Added Component: Designator=VT1_U_VT_WRP4(VT_TSSOP20)
Added Component: Designator=VT1_U_VT_WRP5(VT_TSSOP20)
Added Component: Designator=VT1_U_VT_WRP6(VT_TSSOP20)
Added Component: Designator=VT1_U_VT_WRP7(VT_TSSOP20)
Added Component: Designator=VT1_U_VT_WRP8(VT_TSSOP20)
Added Component: Designator=VT1_U_VT_WRP9(VT_TSSOP20)
Added Component: Designator=VT1_U_VT_WRP10(VT_TSSOP20)
Added Component: Designator=VT1_U_VT_WRP11(VT_TSSOP20)
Added Component: Designator=VT1_U_VT_WRP12(VT_TSSOP20)
Added Component: Designator=VT1_U_VT_WRP13(VT_TSSOP20)
Added Component: Designator=VT1_U_VT_WRP14(VT_TSSOP20)
Added Component: Designator=VT1_U_VT_WRP15(VT_TSSOP20)
Added Component: Designator=VT1_U_VT_WRP16(VT_TSSOP20)
Added Component: Designator=ZIF1(ZIF_13x13)
