Added Component: Designator=C1_U_VT_WRP1(RAD-0.3)
Added Component: Designator=C1_U_VT_WRP2(RAD-0.3)
Added Component: Designator=C1_U_VT_WRP3(RAD-0.3)
Added Component: Designator=C1_U_VT_WRP4(RAD-0.3)
Added Component: Designator=C1_U_VT_WRP5(RAD-0.3)
Added Component: Designator=C1_U_VT_WRP6(RAD-0.3)
Added Component: Designator=C1_U_VT_WRP7(RAD-0.3)
Added Component: Designator=C1_U_VT_WRP8(RAD-0.3)
Added Component: Designator=C1_U_VT_WRP9(RAD-0.3)
Added Component: Designator=C1_U_VT_WRP10(RAD-0.3)
Added Component: Designator=C1_U_VT_WRP11(RAD-0.3)
Added Component: Designator=C1_U_VT_WRP12(RAD-0.3)
Added Component: Designator=C1_U_VT_WRP13(RAD-0.3)
Added Component: Designator=C1_U_VT_WRP14(RAD-0.3)
Added Component: Designator=C1_U_VT_WRP15(RAD-0.3)
Added Component: Designator=C1_U_VT_WRP16(RAD-0.3)
Added Component: Designator=C2_U_VT_WRP1(RAD-0.3)
Added Component: Designator=C2_U_VT_WRP2(RAD-0.3)
Added Component: Designator=C2_U_VT_WRP3(RAD-0.3)
Added Component: Designator=C2_U_VT_WRP4(RAD-0.3)
Added Component: Designator=C2_U_VT_WRP5(RAD-0.3)
Added Component: Designator=C2_U_VT_WRP6(RAD-0.3)
Added Component: Designator=C2_U_VT_WRP7(RAD-0.3)
Added Component: Designator=C2_U_VT_WRP8(RAD-0.3)
Added Component: Designator=C2_U_VT_WRP9(RAD-0.3)
Added Component: Designator=C2_U_VT_WRP10(RAD-0.3)
Added Component: Designator=C2_U_VT_WRP11(RAD-0.3)
Added Component: Designator=C2_U_VT_WRP12(RAD-0.3)
Added Component: Designator=C2_U_VT_WRP13(RAD-0.3)
Added Component: Designator=C2_U_VT_WRP14(RAD-0.3)
Added Component: Designator=C2_U_VT_WRP15(RAD-0.3)
Added Component: Designator=C2_U_VT_WRP16(RAD-0.3)
Added Pin To Net: NetName=3V3 Pin=C1_U_VT_WRP1-1
Added Pin To Net: NetName=3V3 Pin=C1_U_VT_WRP2-1
Added Pin To Net: NetName=3V3 Pin=C1_U_VT_WRP3-1
Added Pin To Net: NetName=3V3 Pin=C1_U_VT_WRP4-1
Added Pin To Net: NetName=3V3 Pin=C1_U_VT_WRP5-1
Added Pin To Net: NetName=3V3 Pin=C1_U_VT_WRP6-1
Added Pin To Net: NetName=3V3 Pin=C1_U_VT_WRP7-1
Added Pin To Net: NetName=3V3 Pin=C1_U_VT_WRP8-1
Added Pin To Net: NetName=3V3 Pin=C1_U_VT_WRP9-1
Added Pin To Net: NetName=3V3 Pin=C1_U_VT_WRP10-1
Added Pin To Net: NetName=3V3 Pin=C1_U_VT_WRP11-1
Added Pin To Net: NetName=3V3 Pin=C1_U_VT_WRP12-1
Added Pin To Net: NetName=3V3 Pin=C1_U_VT_WRP13-1
Added Pin To Net: NetName=3V3 Pin=C1_U_VT_WRP14-1
Added Pin To Net: NetName=3V3 Pin=C1_U_VT_WRP15-1
Added Pin To Net: NetName=3V3 Pin=C1_U_VT_WRP16-1
Added Net: Name=3V3
Added Net: Name=ADDRA_B0
Added Net: Name=ADDRA_B1
Added Net: Name=ADDRA_B2
Added Net: Name=ADDRA_B3
Added Net: Name=ADDRA_B4
Added Net: Name=ADDRA_B5
Added Net: Name=ADDRA_B6
Added Net: Name=ADDRA_B7
Added Net: Name=ADDRA_B8
Added Net: Name=ADDRA_B9
Added Net: Name=ADDRA_B10
Added Net: Name=ADDRA_B11
Added Net: Name=ADDRB_B0
Added Net: Name=ADDRB_B1
Added Net: Name=ADDRB_B2
Added Net: Name=ADDRB_B3
Added Net: Name=ADDRB_B4
Added Net: Name=ADDRB_B5
Added Net: Name=ADDRB_B6
Added Net: Name=ADDRB_B7
Added Net: Name=ADDRB_B8
Added Net: Name=ADDRB_B9
Added Net: Name=ADDRB_B10
Added Net: Name=ADDRB_B11
Added Net: Name=ADDRC_B0
Added Net: Name=ADDRC_B1
Added Net: Name=ADDRC_B2
Added Net: Name=ADDRC_B3
Added Net: Name=ADDRC_B4
Added Net: Name=ADDRC_B5
Added Net: Name=ADDRC_B6
Added Net: Name=ADDRC_B7
Added Net: Name=ADDRC_B8
Added Net: Name=ADDRC_B9
Added Net: Name=ADDRC_B10
Added Net: Name=ADDRC_B11
Added Net: Name=ADDRD_B0
Added Net: Name=ADDRD_B1
Added Net: Name=ADDRD_B2
Added Net: Name=ADDRD_B3
Added Net: Name=ADDRD_B4
Added Net: Name=ADDRD_B5
Added Net: Name=ADDRD_B6
Added Net: Name=ADDRD_B7
Added Net: Name=ADDRD_B8
Added Net: Name=ADDRD_B9
Added Net: Name=ADDRD_B10
Added Net: Name=ADDRD_B11
Added Net: Name=CLK
Added Net: Name=CLR_COUNTER_W_U_COUNTER_WRP1
Added Net: Name=EN
Added Pin To Net: NetName=GND Pin=C1_U_VT_WRP1-2
Added Pin To Net: NetName=GND Pin=C1_U_VT_WRP2-2
Added Pin To Net: NetName=GND Pin=C1_U_VT_WRP3-2
Added Pin To Net: NetName=GND Pin=C1_U_VT_WRP4-2
Added Pin To Net: NetName=GND Pin=C1_U_VT_WRP5-2
Added Pin To Net: NetName=GND Pin=C1_U_VT_WRP6-2
Added Pin To Net: NetName=GND Pin=C1_U_VT_WRP7-2
Added Pin To Net: NetName=GND Pin=C1_U_VT_WRP8-2
Added Pin To Net: NetName=GND Pin=C1_U_VT_WRP9-2
Added Pin To Net: NetName=GND Pin=C1_U_VT_WRP10-2
Added Pin To Net: NetName=GND Pin=C1_U_VT_WRP11-2
Added Pin To Net: NetName=GND Pin=C1_U_VT_WRP12-2
Added Pin To Net: NetName=GND Pin=C1_U_VT_WRP13-2
Added Pin To Net: NetName=GND Pin=C1_U_VT_WRP14-2
Added Pin To Net: NetName=GND Pin=C1_U_VT_WRP15-2
Added Pin To Net: NetName=GND Pin=C1_U_VT_WRP16-2
Added Pin To Net: NetName=GND Pin=C2_U_VT_WRP1-2
Added Pin To Net: NetName=GND Pin=C2_U_VT_WRP2-2
Added Pin To Net: NetName=GND Pin=C2_U_VT_WRP3-2
Added Pin To Net: NetName=GND Pin=C2_U_VT_WRP4-2
Added Pin To Net: NetName=GND Pin=C2_U_VT_WRP5-2
Added Pin To Net: NetName=GND Pin=C2_U_VT_WRP6-2
Added Pin To Net: NetName=GND Pin=C2_U_VT_WRP7-2
Added Pin To Net: NetName=GND Pin=C2_U_VT_WRP8-2
Added Pin To Net: NetName=GND Pin=C2_U_VT_WRP9-2
Added Pin To Net: NetName=GND Pin=C2_U_VT_WRP10-2
Added Pin To Net: NetName=GND Pin=C2_U_VT_WRP11-2
Added Pin To Net: NetName=GND Pin=C2_U_VT_WRP12-2
Added Pin To Net: NetName=GND Pin=C2_U_VT_WRP13-2
Added Pin To Net: NetName=GND Pin=C2_U_VT_WRP14-2
Added Pin To Net: NetName=GND Pin=C2_U_VT_WRP15-2
Added Pin To Net: NetName=GND Pin=C2_U_VT_WRP16-2
Added Net: Name=GND
Added Net: Name=INTERNAL0
Added Net: Name=INTERNAL1
Added Net: Name=INTERNAL2
Added Net: Name=INTERNAL3
Added Net: Name=INTERNAL4
Added Net: Name=INTERNAL5
Added Net: Name=INTERNAL6
Added Net: Name=INTERNAL7
Added Net: Name=INTERNAL8
Added Net: Name=INTERNAL9
Added Net: Name=INTERNAL10
Added Net: Name=INTERNAL11
Added Net: Name=INTERNAL12
Added Net: Name=INTERNAL13
Added Net: Name=INTERNAL14
Added Net: Name=INTERNAL15
Added Net: Name=INTERNAL16
Added Net: Name=INTERNAL17
Added Net: Name=INTERNAL18
Added Net: Name=INTERNAL19
Added Net: Name=INTERNAL20
Added Net: Name=INTERNAL21
Added Net: Name=INTERNAL22
Added Net: Name=INTERNAL23
Added Net: Name=INTERNAL24
Added Net: Name=INTERNAL25
Added Net: Name=INTERNAL26
Added Net: Name=INTERNAL27
Added Net: Name=INTERNAL28
Added Net: Name=INTERNAL29
Added Net: Name=INTERNAL30
Added Net: Name=INTERNAL31
Added Net: Name=INTERNAL32
Added Net: Name=INTERNAL33
Added Net: Name=INTERNAL34
Added Net: Name=INTERNAL35
Added Net: Name=INTERNAL36
Added Net: Name=INTERNAL37
Added Net: Name=INTERNAL38
Added Net: Name=INTERNAL39
Added Net: Name=INTERNAL40
Added Net: Name=INTERNAL41
Added Net: Name=INTERNAL42
Added Net: Name=INTERNAL43
Added Net: Name=INTERNAL44
Added Net: Name=INTERNAL45
Added Net: Name=INTERNAL46
Added Net: Name=INTERNAL47
Added Net: Name=INTERNAL48
Added Net: Name=INTERNAL49
Added Net: Name=INTERNAL50
Added Net: Name=INTERNAL51
Added Net: Name=INTERNAL52
Added Net: Name=INTERNAL53
Added Net: Name=INTERNAL54
Added Net: Name=INTERNAL55
Added Net: Name=INTERNAL56
Added Net: Name=INTERNAL57
Added Net: Name=INTERNAL58
Added Net: Name=INTERNAL59
Added Net: Name=INTERNAL60
Added Net: Name=INTERNAL61
Added Net: Name=INTERNAL62
Added Net: Name=INTERNAL63
Added Net: Name=INTERNAL64
Added Net: Name=INTERNAL65
Added Net: Name=INTERNAL66
Added Net: Name=INTERNAL67
Added Net: Name=INTERNAL68
Added Net: Name=INTERNAL69
Added Net: Name=INTERNAL70
Added Net: Name=INTERNAL71
Added Net: Name=INTERNAL72
Added Net: Name=INTERNAL73
Added Net: Name=INTERNAL74
Added Net: Name=INTERNAL75
Added Net: Name=INTERNAL76
Added Net: Name=INTERNAL77
Added Net: Name=INTERNAL78
Added Net: Name=INTERNAL79
Added Net: Name=INTERNAL80
Added Net: Name=INTERNAL81
Added Net: Name=INTERNAL82
Added Net: Name=INTERNAL83
Added Net: Name=INTERNAL84
Added Net: Name=INTERNAL85
Added Net: Name=INTERNAL86
Added Net: Name=INTERNAL87
Added Net: Name=INTERNAL88
Added Net: Name=INTERNAL89
Added Net: Name=INTERNAL90
Added Net: Name=INTERNAL91
Added Net: Name=INTERNAL92
Added Net: Name=INTERNAL93
Added Net: Name=INTERNAL94
Added Net: Name=INTERNAL95
Added Net: Name=INTERNAL96
Added Net: Name=INTERNAL97
Added Net: Name=INTERNAL98
Added Net: Name=INTERNAL99
Added Net: Name=INTERNAL100
Added Net: Name=INTERNAL101
Added Net: Name=INTERNAL102
Added Net: Name=INTERNAL103
Added Net: Name=INTERNAL104
Added Net: Name=INTERNAL105
Added Net: Name=INTERNAL106
Added Net: Name=INTERNAL107
Added Net: Name=INTERNAL108
Added Net: Name=INTERNAL109
Added Net: Name=INTERNAL110
Added Net: Name=INTERNAL111
Added Net: Name=INTERNAL112
Added Net: Name=INTERNAL113
Added Net: Name=INTERNAL114
Added Net: Name=INTERNAL115
Added Net: Name=INTERNAL116
Added Net: Name=INTERNAL117
Added Net: Name=INTERNAL118
Added Net: Name=INTERNAL119
Added Net: Name=INTERNAL120
Added Net: Name=INTERNAL121
Added Net: Name=INTERNAL122
Added Net: Name=INTERNAL123
Added Net: Name=INTERNAL124
Added Net: Name=INTERNAL125
Added Net: Name=INTERNAL126
Added Net: Name=INTERNAL127
Added Net: Name=NetFPGAHDR?_8
Added Net: Name=NetFPGAHDR?_9
Added Net: Name=NetFPGAHDR?_10
Added Net: Name=NetFPGAHDR?_11
Added Net: Name=NetFPGAHDR?_12
Added Net: Name=NetFPGAHDR?_13
Added Net: Name=NetFPGAHDR?_14
Added Net: Name=NetFPGAHDR?_15
Added Net: Name=NetFPGAHDR?_16
Added Net: Name=NetFPGAHDR?_17
Added Net: Name=NetFPGAHDR?_18
Added Net: Name=NetFPGAHDR?_19
Added Net: Name=NetFPGAHDR?_20
Added Net: Name=NetOB1_U_OB_WRP16_DS
Added Net: Name=OB_B_SHCP
Added Net: Name=OB_B_STCP
Added Net: Name=OB_B_~MR
Added Net: Name=OB_B_~PL
Added Net: Name=OB_D_B0
Added Net: Name=OB_D_B1
Added Net: Name=OB_D_B2
Added Net: Name=OB_D_B3
Added Net: Name=OB_D_B4
Added Net: Name=OB_D_B5
Added Net: Name=OB_D_B6
Added Net: Name=OB_D_B7
Added Net: Name=OB_D_B8
Added Net: Name=OB_D_B9
Added Net: Name=OB_D_B10
Added Net: Name=OB_D_B11
Added Net: Name=OB_D_B12
Added Net: Name=OB_D_B13
Added Net: Name=OB_D_B14
Added Net: Name=OB_D_B15
Added Net: Name=OB_D_B16
Added Net: Name=OB_D_B17
Added Net: Name=OB_D_B18
Added Net: Name=OB_D_B19
Added Net: Name=OB_D_B20
Added Net: Name=OB_D_B21
Added Net: Name=OB_D_B22
Added Net: Name=OB_D_B23
Added Net: Name=OB_D_B24
Added Net: Name=OB_D_B25
Added Net: Name=OB_D_B26
Added Net: Name=OB_D_B27
Added Net: Name=OB_D_B28
Added Net: Name=OB_D_B29
Added Net: Name=OB_D_B30
Added Net: Name=OB_D_B31
Added Net: Name=OB_D_B32
Added Net: Name=OB_D_B33
Added Net: Name=OB_D_B34
Added Net: Name=OB_D_B35
Added Net: Name=OB_D_B36
Added Net: Name=OB_D_B37
Added Net: Name=OB_D_B38
Added Net: Name=OB_D_B39
Added Net: Name=OB_D_B40
Added Net: Name=OB_D_B41
Added Net: Name=OB_D_B42
Added Net: Name=OB_D_B43
Added Net: Name=OB_D_B44
Added Net: Name=OB_D_B45
Added Net: Name=OB_D_B46
Added Net: Name=OB_D_B47
Added Net: Name=OB_D_B48
Added Net: Name=OB_D_B49
Added Net: Name=OB_D_B50
Added Net: Name=OB_D_B51
Added Net: Name=OB_D_B52
Added Net: Name=OB_D_B53
Added Net: Name=OB_D_B54
Added Net: Name=OB_D_B55
Added Net: Name=OB_D_B56
Added Net: Name=OB_D_B57
Added Net: Name=OB_D_B58
Added Net: Name=OB_D_B59
Added Net: Name=OB_D_B60
Added Net: Name=OB_D_B61
Added Net: Name=OB_D_B62
Added Net: Name=OB_D_B63
Added Net: Name=OB_D_B64
Added Net: Name=OB_D_B65
Added Net: Name=OB_D_B66
Added Net: Name=OB_D_B67
Added Net: Name=OB_D_B68
Added Net: Name=OB_D_B69
Added Net: Name=OB_D_B70
Added Net: Name=OB_D_B71
Added Net: Name=OB_D_B72
Added Net: Name=OB_D_B73
Added Net: Name=OB_D_B74
Added Net: Name=OB_D_B75
Added Net: Name=OB_D_B76
Added Net: Name=OB_D_B77
Added Net: Name=OB_D_B78
Added Net: Name=OB_D_B79
Added Net: Name=OB_D_B80
Added Net: Name=OB_D_B81
Added Net: Name=OB_D_B82
Added Net: Name=OB_D_B83
Added Net: Name=OB_D_B84
Added Net: Name=OB_D_B85
Added Net: Name=OB_D_B86
Added Net: Name=OB_D_B87
Added Net: Name=OB_D_B88
Added Net: Name=OB_D_B89
Added Net: Name=OB_D_B90
Added Net: Name=OB_D_B91
Added Net: Name=OB_D_B92
Added Net: Name=OB_D_B93
Added Net: Name=OB_D_B94
Added Net: Name=OB_D_B95
Added Net: Name=OB_D_B96
Added Net: Name=OB_D_B97
Added Net: Name=OB_D_B98
Added Net: Name=OB_D_B99
Added Net: Name=OB_D_B100
Added Net: Name=OB_D_B101
Added Net: Name=OB_D_B102
Added Net: Name=OB_D_B103
Added Net: Name=OB_D_B104
Added Net: Name=OB_D_B105
Added Net: Name=OB_D_B106
Added Net: Name=OB_D_B107
Added Net: Name=OB_D_B108
Added Net: Name=OB_D_B109
Added Net: Name=OB_D_B110
Added Net: Name=OB_D_B111
Added Net: Name=OB_D_B112
Added Net: Name=OB_D_B113
Added Net: Name=OB_D_B114
Added Net: Name=OB_D_B115
Added Net: Name=OB_D_B116
Added Net: Name=OB_D_B117
Added Net: Name=OB_D_B118
Added Net: Name=OB_D_B119
Added Net: Name=OB_D_B120
Added Net: Name=OB_D_B121
Added Net: Name=OB_D_B122
Added Net: Name=OB_D_B123
Added Net: Name=OB_D_B124
Added Net: Name=OB_D_B125
Added Net: Name=OB_D_B126
Added Net: Name=OB_D_B127
Added Net: Name=OB_OUT_B
Added Net: Name=OUTSIDE_W0_U_HEADER_WRP1
Added Net: Name=OUTSIDE_W0_U_HEADER_WRP2
Added Net: Name=OUTSIDE_W0_U_HEADER_WRP3
Added Net: Name=OUTSIDE_W0_U_HEADER_WRP4
Added Net: Name=OUTSIDE_W0_U_HEADER_WRP5
Added Net: Name=OUTSIDE_W0_U_HEADER_WRP6
Added Net: Name=OUTSIDE_W0_U_HEADER_WRP7
Added Net: Name=OUTSIDE_W0_U_HEADER_WRP8
Added Net: Name=OUTSIDE_W1_U_HEADER_WRP1
Added Net: Name=OUTSIDE_W1_U_HEADER_WRP2
Added Net: Name=OUTSIDE_W1_U_HEADER_WRP3
Added Net: Name=OUTSIDE_W1_U_HEADER_WRP4
Added Net: Name=OUTSIDE_W1_U_HEADER_WRP5
Added Net: Name=OUTSIDE_W1_U_HEADER_WRP6
Added Net: Name=OUTSIDE_W1_U_HEADER_WRP7
Added Net: Name=OUTSIDE_W1_U_HEADER_WRP8
Added Net: Name=OUTSIDE_W2_U_HEADER_WRP1
Added Net: Name=OUTSIDE_W2_U_HEADER_WRP2
Added Net: Name=OUTSIDE_W2_U_HEADER_WRP3
Added Net: Name=OUTSIDE_W2_U_HEADER_WRP4
Added Net: Name=OUTSIDE_W2_U_HEADER_WRP5
Added Net: Name=OUTSIDE_W2_U_HEADER_WRP6
Added Net: Name=OUTSIDE_W2_U_HEADER_WRP7
Added Net: Name=OUTSIDE_W2_U_HEADER_WRP8
Added Net: Name=OUTSIDE_W3_U_HEADER_WRP1
Added Net: Name=OUTSIDE_W3_U_HEADER_WRP2
Added Net: Name=OUTSIDE_W3_U_HEADER_WRP3
Added Net: Name=OUTSIDE_W3_U_HEADER_WRP4
Added Net: Name=OUTSIDE_W3_U_HEADER_WRP5
Added Net: Name=OUTSIDE_W3_U_HEADER_WRP6
Added Net: Name=OUTSIDE_W3_U_HEADER_WRP7
Added Net: Name=OUTSIDE_W3_U_HEADER_WRP8
Added Net: Name=OUTSIDE_W4_U_HEADER_WRP1
Added Net: Name=OUTSIDE_W4_U_HEADER_WRP2
Added Net: Name=OUTSIDE_W4_U_HEADER_WRP3
Added Net: Name=OUTSIDE_W4_U_HEADER_WRP4
Added Net: Name=OUTSIDE_W4_U_HEADER_WRP5
Added Net: Name=OUTSIDE_W4_U_HEADER_WRP6
Added Net: Name=OUTSIDE_W4_U_HEADER_WRP7
Added Net: Name=OUTSIDE_W4_U_HEADER_WRP8
Added Net: Name=OUTSIDE_W5_U_HEADER_WRP1
Added Net: Name=OUTSIDE_W5_U_HEADER_WRP2
Added Net: Name=OUTSIDE_W5_U_HEADER_WRP3
Added Net: Name=OUTSIDE_W5_U_HEADER_WRP4
Added Net: Name=OUTSIDE_W5_U_HEADER_WRP5
Added Net: Name=OUTSIDE_W5_U_HEADER_WRP6
Added Net: Name=OUTSIDE_W5_U_HEADER_WRP7
Added Net: Name=OUTSIDE_W5_U_HEADER_WRP8
Added Net: Name=OUTSIDE_W6_U_HEADER_WRP1
Added Net: Name=OUTSIDE_W6_U_HEADER_WRP2
Added Net: Name=OUTSIDE_W6_U_HEADER_WRP3
Added Net: Name=OUTSIDE_W6_U_HEADER_WRP4
Added Net: Name=OUTSIDE_W6_U_HEADER_WRP5
Added Net: Name=OUTSIDE_W6_U_HEADER_WRP6
Added Net: Name=OUTSIDE_W6_U_HEADER_WRP7
Added Net: Name=OUTSIDE_W6_U_HEADER_WRP8
Added Net: Name=OUTSIDE_W7_U_HEADER_WRP1
Added Net: Name=OUTSIDE_W7_U_HEADER_WRP2
Added Net: Name=OUTSIDE_W7_U_HEADER_WRP3
Added Net: Name=OUTSIDE_W7_U_HEADER_WRP4
Added Net: Name=OUTSIDE_W7_U_HEADER_WRP5
Added Net: Name=OUTSIDE_W7_U_HEADER_WRP6
Added Net: Name=OUTSIDE_W7_U_HEADER_WRP7
Added Net: Name=OUTSIDE_W7_U_HEADER_WRP8
Added Net: Name=OUTSIDE_W8_U_HEADER_WRP1
Added Net: Name=OUTSIDE_W8_U_HEADER_WRP2
Added Net: Name=OUTSIDE_W8_U_HEADER_WRP3
Added Net: Name=OUTSIDE_W8_U_HEADER_WRP4
Added Net: Name=OUTSIDE_W8_U_HEADER_WRP5
Added Net: Name=OUTSIDE_W8_U_HEADER_WRP6
Added Net: Name=OUTSIDE_W8_U_HEADER_WRP7
Added Net: Name=OUTSIDE_W8_U_HEADER_WRP8
Added Net: Name=OUTSIDE_W9_U_HEADER_WRP1
Added Net: Name=OUTSIDE_W9_U_HEADER_WRP2
Added Net: Name=OUTSIDE_W9_U_HEADER_WRP3
Added Net: Name=OUTSIDE_W9_U_HEADER_WRP4
Added Net: Name=OUTSIDE_W9_U_HEADER_WRP5
Added Net: Name=OUTSIDE_W9_U_HEADER_WRP6
Added Net: Name=OUTSIDE_W9_U_HEADER_WRP7
Added Net: Name=OUTSIDE_W9_U_HEADER_WRP8
Added Net: Name=OUTSIDE_W10_U_HEADER_WRP1
Added Net: Name=OUTSIDE_W10_U_HEADER_WRP2
Added Net: Name=OUTSIDE_W10_U_HEADER_WRP3
Added Net: Name=OUTSIDE_W10_U_HEADER_WRP4
Added Net: Name=OUTSIDE_W10_U_HEADER_WRP5
Added Net: Name=OUTSIDE_W10_U_HEADER_WRP6
Added Net: Name=OUTSIDE_W10_U_HEADER_WRP7
Added Net: Name=OUTSIDE_W10_U_HEADER_WRP8
Added Net: Name=OUTSIDE_W11_U_HEADER_WRP1
Added Net: Name=OUTSIDE_W11_U_HEADER_WRP2
Added Net: Name=OUTSIDE_W11_U_HEADER_WRP3
Added Net: Name=OUTSIDE_W11_U_HEADER_WRP4
Added Net: Name=OUTSIDE_W11_U_HEADER_WRP5
Added Net: Name=OUTSIDE_W11_U_HEADER_WRP6
Added Net: Name=OUTSIDE_W11_U_HEADER_WRP7
Added Net: Name=OUTSIDE_W11_U_HEADER_WRP8
Added Net: Name=OUTSIDE_W12_U_HEADER_WRP1
Added Net: Name=OUTSIDE_W12_U_HEADER_WRP2
Added Net: Name=OUTSIDE_W12_U_HEADER_WRP3
Added Net: Name=OUTSIDE_W12_U_HEADER_WRP4
Added Net: Name=OUTSIDE_W12_U_HEADER_WRP5
Added Net: Name=OUTSIDE_W12_U_HEADER_WRP6
Added Net: Name=OUTSIDE_W12_U_HEADER_WRP7
Added Net: Name=OUTSIDE_W12_U_HEADER_WRP8
Added Net: Name=OUTSIDE_W13_U_HEADER_WRP1
Added Net: Name=OUTSIDE_W13_U_HEADER_WRP2
Added Net: Name=OUTSIDE_W13_U_HEADER_WRP3
Added Net: Name=OUTSIDE_W13_U_HEADER_WRP4
Added Net: Name=OUTSIDE_W13_U_HEADER_WRP5
Added Net: Name=OUTSIDE_W13_U_HEADER_WRP6
Added Net: Name=OUTSIDE_W13_U_HEADER_WRP7
Added Net: Name=OUTSIDE_W13_U_HEADER_WRP8
Added Net: Name=OUTSIDE_W14_U_HEADER_WRP1
Added Net: Name=OUTSIDE_W14_U_HEADER_WRP2
Added Net: Name=OUTSIDE_W14_U_HEADER_WRP3
Added Net: Name=OUTSIDE_W14_U_HEADER_WRP4
Added Net: Name=OUTSIDE_W14_U_HEADER_WRP5
Added Net: Name=OUTSIDE_W14_U_HEADER_WRP6
Added Net: Name=OUTSIDE_W14_U_HEADER_WRP7
Added Net: Name=OUTSIDE_W14_U_HEADER_WRP8
Added Net: Name=OUTSIDE_W15_U_HEADER_WRP1
Added Net: Name=OUTSIDE_W15_U_HEADER_WRP2
Added Net: Name=OUTSIDE_W15_U_HEADER_WRP3
Added Net: Name=OUTSIDE_W15_U_HEADER_WRP4
Added Net: Name=OUTSIDE_W15_U_HEADER_WRP5
Added Net: Name=OUTSIDE_W15_U_HEADER_WRP6
Added Net: Name=OUTSIDE_W15_U_HEADER_WRP7
Added Net: Name=OUTSIDE_W15_U_HEADER_WRP8
Added Net: Name=SER0
Added Net: Name=SER1
Added Net: Name=SER2
Added Net: Name=SER3
Added Net: Name=SER4
Added Net: Name=SER5
Added Net: Name=SER6
Added Net: Name=SER7
Added Net: Name=SER8
Added Net: Name=SER9
Added Net: Name=SER10
Added Net: Name=SER11
Added Net: Name=SER12
Added Net: Name=SER13
Added Net: Name=SER14
Added Net: Name=SRAM_3V3_W_U_SRAM_WRP1
Added Net: Name=SRAM_3V3_W_U_SRAM_WRP2
Added Net: Name=SRAM_3V3_W_U_SRAM_WRP3
Added Net: Name=SRAM_3V3_W_U_SRAM_WRP4
Added Net: Name=SRAM_3V3_W_U_SRAM_WRP5
Added Net: Name=SRAM_3V3_W_U_SRAM_WRP6
Added Net: Name=SRAM_3V3_W_U_SRAM_WRP7
Added Net: Name=SRAM_3V3_W_U_SRAM_WRP8
Added Net: Name=SRAM_~CS_B
Added Net: Name=SRAM_~OE_B
Added Net: Name=SRAM_~WE_B
Added Pin To Net: NetName=VCC Pin=C2_U_VT_WRP1-1
Added Pin To Net: NetName=VCC Pin=C2_U_VT_WRP2-1
Added Pin To Net: NetName=VCC Pin=C2_U_VT_WRP3-1
Added Pin To Net: NetName=VCC Pin=C2_U_VT_WRP4-1
Added Pin To Net: NetName=VCC Pin=C2_U_VT_WRP5-1
Added Pin To Net: NetName=VCC Pin=C2_U_VT_WRP6-1
Added Pin To Net: NetName=VCC Pin=C2_U_VT_WRP7-1
Added Pin To Net: NetName=VCC Pin=C2_U_VT_WRP8-1
Added Pin To Net: NetName=VCC Pin=C2_U_VT_WRP9-1
Added Pin To Net: NetName=VCC Pin=C2_U_VT_WRP10-1
Added Pin To Net: NetName=VCC Pin=C2_U_VT_WRP11-1
Added Pin To Net: NetName=VCC Pin=C2_U_VT_WRP12-1
Added Pin To Net: NetName=VCC Pin=C2_U_VT_WRP13-1
Added Pin To Net: NetName=VCC Pin=C2_U_VT_WRP14-1
Added Pin To Net: NetName=VCC Pin=C2_U_VT_WRP15-1
Added Pin To Net: NetName=VCC Pin=C2_U_VT_WRP16-1
Added Net: Name=VCC
Added Net: Name=ZIF0
Added Net: Name=ZIF1
Added Net: Name=ZIF2
Added Net: Name=ZIF3
Added Net: Name=ZIF4
Added Net: Name=ZIF5
Added Net: Name=ZIF6
Added Net: Name=ZIF7
Added Net: Name=ZIF8
Added Net: Name=ZIF9
Added Net: Name=ZIF10BUS0
Added Net: Name=ZIF10BUS1
Added Net: Name=ZIF10BUS2
Added Net: Name=ZIF10BUS3
Added Net: Name=ZIF10BUS4
Added Net: Name=ZIF10BUS5
Added Net: Name=ZIF10BUS6
Added Net: Name=ZIF10BUS7
Added Net: Name=ZIF10
Added Net: Name=ZIF11BUS0
Added Net: Name=ZIF11BUS1
Added Net: Name=ZIF11BUS2
Added Net: Name=ZIF11BUS3
Added Net: Name=ZIF11BUS4
Added Net: Name=ZIF11BUS5
Added Net: Name=ZIF11BUS6
Added Net: Name=ZIF11BUS7
Added Net: Name=ZIF11
Added Net: Name=ZIF12
Added Net: Name=ZIF13
Added Net: Name=ZIF14
Added Net: Name=ZIF15
Added Net: Name=ZIF16
Added Net: Name=ZIF17
Added Net: Name=ZIF18
Added Net: Name=ZIF19
Added Net: Name=ZIF20
Added Net: Name=ZIF21
Added Net: Name=ZIF22
Added Net: Name=ZIF23
Added Net: Name=ZIF24
Added Net: Name=ZIF25
Added Net: Name=ZIF26
Added Net: Name=ZIF27
Added Net: Name=ZIF28
Added Net: Name=ZIF29
Added Net: Name=ZIF30
Added Net: Name=ZIF31
Added Net: Name=ZIF32
Added Net: Name=ZIF33
Added Net: Name=ZIF34
Added Net: Name=ZIF35
Added Net: Name=ZIF36
Added Net: Name=ZIF37
Added Net: Name=ZIF38
Added Net: Name=ZIF39
Added Net: Name=ZIF40
Added Net: Name=ZIF41
Added Net: Name=ZIF42
Added Net: Name=ZIF43
Added Net: Name=ZIF44
Added Net: Name=ZIF45
Added Net: Name=ZIF46
Added Net: Name=ZIF47
Added Net: Name=ZIF48
Added Net: Name=ZIF49
Added Net: Name=ZIF50
Added Net: Name=ZIF51
Added Net: Name=ZIF52
Added Net: Name=ZIF53
Added Net: Name=ZIF54
Added Net: Name=ZIF55
Added Net: Name=ZIF72
Added Net: Name=ZIF73
Added Net: Name=ZIF74
Added Net: Name=ZIF75
Added Net: Name=ZIF76
Added Net: Name=ZIF77
Added Net: Name=ZIF78
Added Net: Name=ZIF79
Added Net: Name=ZIF80
Added Net: Name=ZIF81
Added Net: Name=ZIF82
Added Net: Name=ZIF83
Added Net: Name=ZIF84
Added Net: Name=ZIF85
Added Net: Name=ZIF86
Added Net: Name=ZIF87
Added Net: Name=ZIF88
Added Net: Name=ZIF89
Added Net: Name=ZIF90
Added Net: Name=ZIF91
Added Net: Name=ZIF92
Added Net: Name=ZIF93
Added Net: Name=ZIF94
Added Net: Name=ZIF95
Added Net: Name=ZIF96
Added Net: Name=ZIF97
Added Net: Name=ZIF98
Added Net: Name=ZIF99
Added Net: Name=ZIF100
Added Net: Name=ZIF101
Added Net: Name=ZIF102
Added Net: Name=ZIF103
Added Net: Name=ZIF104
Added Net: Name=ZIF105
Added Net: Name=ZIF106
Added Net: Name=ZIF107
Added Net: Name=ZIF108
Added Net: Name=ZIF109
Added Net: Name=ZIF110
Added Net: Name=ZIF111
Added Net: Name=ZIF112
Added Net: Name=ZIF113
Added Net: Name=ZIF114
Added Net: Name=ZIF115
Added Net: Name=ZIF116
Added Net: Name=ZIF117
Added Net: Name=ZIF118
Added Net: Name=ZIF119
Added Net: Name=ZIF120
Added Net: Name=ZIF121
Added Net: Name=ZIF122
Added Net: Name=ZIF123
Added Net: Name=ZIF124
Added Net: Name=ZIF125
Added Net: Name=ZIF126
Added Net: Name=ZIF127
Added Net: Name=ZIF130BUS6
Added Class: Name=U_COUNTER_WRP1
Added Class: Name=U_COUNTER_WRP2
Added Class: Name=U_COUNTER_WRP3
Added Class: Name=U_COUNTER_WRP4
Added Class: Name=U_FPGA_HEADER
Added Class: Name=U_HEADER_WRP1
Added Class: Name=U_HEADER_WRP2
Added Class: Name=U_HEADER_WRP3
Added Class: Name=U_HEADER_WRP4
Added Class: Name=U_HEADER_WRP5
Added Class: Name=U_HEADER_WRP6
Added Class: Name=U_HEADER_WRP7
Added Class: Name=U_HEADER_WRP8
Added Class: Name=U_HEADER_WRP9
Added Class: Name=U_HEADER_WRP10
Added Class: Name=U_HEADER_WRP11
Added Class: Name=U_HEADER_WRP12
Added Class: Name=U_HEADER_WRP13
Added Class: Name=U_HEADER_WRP14
Added Class: Name=U_HEADER_WRP15
Added Class: Name=U_HEADER_WRP16
Added Class: Name=U_OB_WRP1
Added Class: Name=U_OB_WRP2
Added Class: Name=U_OB_WRP3
Added Class: Name=U_OB_WRP4
Added Class: Name=U_OB_WRP5
Added Class: Name=U_OB_WRP6
Added Class: Name=U_OB_WRP7
Added Class: Name=U_OB_WRP8
Added Class: Name=U_OB_WRP9
Added Class: Name=U_OB_WRP10
Added Class: Name=U_OB_WRP11
Added Class: Name=U_OB_WRP12
Added Class: Name=U_OB_WRP13
Added Class: Name=U_OB_WRP14
Added Class: Name=U_OB_WRP15
Added Class: Name=U_OB_WRP16
Added Class: Name=U_SRAM_WRP1
Added Class: Name=U_SRAM_WRP2
Added Class: Name=U_SRAM_WRP3
Added Class: Name=U_SRAM_WRP4
Added Class: Name=U_SRAM_WRP5
Added Class: Name=U_SRAM_WRP6
Added Class: Name=U_SRAM_WRP7
Added Class: Name=U_SRAM_WRP8
Added Class: Name=U_VT_WRP1
Added Class: Name=U_VT_WRP2
Added Class: Name=U_VT_WRP3
Added Class: Name=U_VT_WRP4
Added Class: Name=U_VT_WRP5
Added Class: Name=U_VT_WRP6
Added Class: Name=U_VT_WRP7
Added Class: Name=U_VT_WRP8
Added Class: Name=U_VT_WRP9
Added Class: Name=U_VT_WRP10
Added Class: Name=U_VT_WRP11
Added Class: Name=U_VT_WRP12
Added Class: Name=U_VT_WRP13
Added Class: Name=U_VT_WRP14
Added Class: Name=U_VT_WRP15
Added Class: Name=U_VT_WRP16
Added Class: Name=U_ZIF_WRP
Added Class: Name=COUNTER_WRP
Added Class: Name=HEADER_BANK
Added Class: Name=HEADER_WRP
Added Class: Name=OB_WRP
Added Class: Name=SRAM_WRP
Added Class: Name=VT_WRP
