Added Component: Designator=COUNTER1_U_COUNTER_WRP1(COUNTER_TSSOP16)
Added Component: Designator=COUNTER1_U_COUNTER_WRP2(COUNTER_TSSOP16)
Added Component: Designator=COUNTER1_U_COUNTER_WRP3(COUNTER_TSSOP16)
Added Component: Designator=COUNTER1_U_COUNTER_WRP4(COUNTER_TSSOP16)
Added Component: Designator=ETH1_U_HEADER_WRP1(FEMALE_HEADER_SMD)
Added Component: Designator=ETH1_U_HEADER_WRP2(FEMALE_HEADER_SMD)
Added Component: Designator=ETH1_U_HEADER_WRP3(FEMALE_HEADER_SMD)
Added Component: Designator=ETH1_U_HEADER_WRP4(FEMALE_HEADER_SMD)
Added Component: Designator=ETH1_U_HEADER_WRP5(FEMALE_HEADER_SMD)
Added Component: Designator=ETH1_U_HEADER_WRP6(FEMALE_HEADER_SMD)
Added Component: Designator=ETH1_U_HEADER_WRP7(FEMALE_HEADER_SMD)
Added Component: Designator=ETH1_U_HEADER_WRP8(FEMALE_HEADER_SMD)
Added Component: Designator=ETH1_U_HEADER_WRP9(FEMALE_HEADER_SMD)
Added Component: Designator=ETH1_U_HEADER_WRP10(FEMALE_HEADER_SMD)
Added Component: Designator=ETH1_U_HEADER_WRP11(FEMALE_HEADER_SMD)
Added Component: Designator=ETH1_U_HEADER_WRP12(FEMALE_HEADER_SMD)
Added Component: Designator=ETH1_U_HEADER_WRP13(FEMALE_HEADER_SMD)
Added Component: Designator=ETH1_U_HEADER_WRP14(FEMALE_HEADER_SMD)
Added Component: Designator=ETH1_U_HEADER_WRP15(FEMALE_HEADER_SMD)
Added Component: Designator=ETH1_U_HEADER_WRP16(FEMALE_HEADER_SMD)
Added Component: Designator=FPGAHDR?(FEMALE_HEADER_SMD)
Added Component: Designator=OB1_U_OB_WRP1(OB_TSSOP16)
Added Component: Designator=OB1_U_OB_WRP2(OB_TSSOP16)
Added Component: Designator=OB1_U_OB_WRP3(OB_TSSOP16)
Added Component: Designator=OB1_U_OB_WRP4(OB_TSSOP16)
Added Component: Designator=OB1_U_OB_WRP5(OB_TSSOP16)
Added Component: Designator=OB1_U_OB_WRP6(OB_TSSOP16)
Added Component: Designator=OB1_U_OB_WRP7(OB_TSSOP16)
Added Component: Designator=OB1_U_OB_WRP8(OB_TSSOP16)
Added Component: Designator=OB1_U_OB_WRP9(OB_TSSOP16)
Added Component: Designator=OB1_U_OB_WRP10(OB_TSSOP16)
Added Component: Designator=OB1_U_OB_WRP11(OB_TSSOP16)
Added Component: Designator=OB1_U_OB_WRP12(OB_TSSOP16)
Added Component: Designator=OB1_U_OB_WRP13(OB_TSSOP16)
Added Component: Designator=OB1_U_OB_WRP14(OB_TSSOP16)
Added Component: Designator=OB1_U_OB_WRP15(OB_TSSOP16)
Added Component: Designator=OB1_U_OB_WRP16(OB_TSSOP16)
Added Component: Designator=SRAM1_U_SRAM_WRP1(SRAM_TSSOP44-II)
Added Component: Designator=SRAM1_U_SRAM_WRP2(SRAM_TSSOP44-II)
Added Component: Designator=SRAM1_U_SRAM_WRP3(SRAM_TSSOP44-II)
Added Component: Designator=SRAM1_U_SRAM_WRP4(SRAM_TSSOP44-II)
Added Component: Designator=SRAM1_U_SRAM_WRP5(SRAM_TSSOP44-II)
Added Component: Designator=SRAM1_U_SRAM_WRP6(SRAM_TSSOP44-II)
Added Component: Designator=SRAM1_U_SRAM_WRP7(SRAM_TSSOP44-II)
Added Component: Designator=SRAM1_U_SRAM_WRP8(SRAM_TSSOP44-II)
Added Component: Designator=ZIF?(ZIF_13x13)
Added Pin To Net: NetName=GND Pin=ETH1_U_HEADER_WRP1-21
Added Pin To Net: NetName=GND Pin=ETH1_U_HEADER_WRP1-22
Added Pin To Net: NetName=GND Pin=ETH1_U_HEADER_WRP1-23
Added Pin To Net: NetName=GND Pin=ETH1_U_HEADER_WRP1-24
Added Pin To Net: NetName=INTERNAL127 Pin=ETH1_U_HEADER_WRP1-25
Added Pin To Net: NetName=INTERNAL126 Pin=ETH1_U_HEADER_WRP1-26
Added Pin To Net: NetName=INTERNAL125 Pin=ETH1_U_HEADER_WRP1-27
Added Pin To Net: NetName=INTERNAL124 Pin=ETH1_U_HEADER_WRP1-28
Added Pin To Net: NetName=INTERNAL123 Pin=ETH1_U_HEADER_WRP1-29
Added Pin To Net: NetName=INTERNAL122 Pin=ETH1_U_HEADER_WRP1-30
Added Pin To Net: NetName=INTERNAL121 Pin=ETH1_U_HEADER_WRP1-31
Added Pin To Net: NetName=INTERNAL120 Pin=ETH1_U_HEADER_WRP1-32
Added Pin To Net: NetName=INTERNAL119 Pin=ETH1_U_HEADER_WRP1-33
Added Pin To Net: NetName=INTERNAL118 Pin=ETH1_U_HEADER_WRP1-34
Added Pin To Net: NetName=INTERNAL117 Pin=ETH1_U_HEADER_WRP1-35
Added Pin To Net: NetName=INTERNAL116 Pin=ETH1_U_HEADER_WRP1-36
Added Pin To Net: NetName=INTERNAL115 Pin=ETH1_U_HEADER_WRP1-37
Added Pin To Net: NetName=INTERNAL114 Pin=ETH1_U_HEADER_WRP1-38
Added Pin To Net: NetName=INTERNAL113 Pin=ETH1_U_HEADER_WRP1-39
Added Pin To Net: NetName=INTERNAL112 Pin=ETH1_U_HEADER_WRP1-40
Added Pin To Net: NetName=GND Pin=ETH1_U_HEADER_WRP2-21
Added Pin To Net: NetName=GND Pin=ETH1_U_HEADER_WRP2-22
Added Pin To Net: NetName=GND Pin=ETH1_U_HEADER_WRP2-23
Added Pin To Net: NetName=GND Pin=ETH1_U_HEADER_WRP2-24
Added Pin To Net: NetName=INTERNAL111 Pin=ETH1_U_HEADER_WRP2-25
Added Pin To Net: NetName=INTERNAL110 Pin=ETH1_U_HEADER_WRP2-26
Added Pin To Net: NetName=INTERNAL109 Pin=ETH1_U_HEADER_WRP2-27
Added Pin To Net: NetName=INTERNAL108 Pin=ETH1_U_HEADER_WRP2-28
Added Pin To Net: NetName=INTERNAL107 Pin=ETH1_U_HEADER_WRP2-29
Added Pin To Net: NetName=INTERNAL106 Pin=ETH1_U_HEADER_WRP2-30
Added Pin To Net: NetName=INTERNAL105 Pin=ETH1_U_HEADER_WRP2-31
Added Pin To Net: NetName=INTERNAL104 Pin=ETH1_U_HEADER_WRP2-32
Added Pin To Net: NetName=INTERNAL103 Pin=ETH1_U_HEADER_WRP2-33
Added Pin To Net: NetName=INTERNAL102 Pin=ETH1_U_HEADER_WRP2-34
Added Pin To Net: NetName=INTERNAL101 Pin=ETH1_U_HEADER_WRP2-35
Added Pin To Net: NetName=INTERNAL100 Pin=ETH1_U_HEADER_WRP2-36
Added Pin To Net: NetName=INTERNAL99 Pin=ETH1_U_HEADER_WRP2-37
Added Pin To Net: NetName=INTERNAL98 Pin=ETH1_U_HEADER_WRP2-38
Added Pin To Net: NetName=INTERNAL97 Pin=ETH1_U_HEADER_WRP2-39
Added Pin To Net: NetName=INTERNAL96 Pin=ETH1_U_HEADER_WRP2-40
Added Pin To Net: NetName=GND Pin=ETH1_U_HEADER_WRP3-21
Added Pin To Net: NetName=GND Pin=ETH1_U_HEADER_WRP3-22
Added Pin To Net: NetName=GND Pin=ETH1_U_HEADER_WRP3-23
Added Pin To Net: NetName=GND Pin=ETH1_U_HEADER_WRP3-24
Added Pin To Net: NetName=INTERNAL95 Pin=ETH1_U_HEADER_WRP3-25
Added Pin To Net: NetName=INTERNAL94 Pin=ETH1_U_HEADER_WRP3-26
Added Pin To Net: NetName=INTERNAL93 Pin=ETH1_U_HEADER_WRP3-27
Added Pin To Net: NetName=INTERNAL92 Pin=ETH1_U_HEADER_WRP3-28
Added Pin To Net: NetName=INTERNAL91 Pin=ETH1_U_HEADER_WRP3-29
Added Pin To Net: NetName=INTERNAL90 Pin=ETH1_U_HEADER_WRP3-30
Added Pin To Net: NetName=INTERNAL89 Pin=ETH1_U_HEADER_WRP3-31
Added Pin To Net: NetName=INTERNAL88 Pin=ETH1_U_HEADER_WRP3-32
Added Pin To Net: NetName=INTERNAL87 Pin=ETH1_U_HEADER_WRP3-33
Added Pin To Net: NetName=INTERNAL86 Pin=ETH1_U_HEADER_WRP3-34
Added Pin To Net: NetName=INTERNAL85 Pin=ETH1_U_HEADER_WRP3-35
Added Pin To Net: NetName=INTERNAL84 Pin=ETH1_U_HEADER_WRP3-36
Added Pin To Net: NetName=INTERNAL83 Pin=ETH1_U_HEADER_WRP3-37
Added Pin To Net: NetName=INTERNAL82 Pin=ETH1_U_HEADER_WRP3-38
Added Pin To Net: NetName=INTERNAL81 Pin=ETH1_U_HEADER_WRP3-39
Added Pin To Net: NetName=INTERNAL80 Pin=ETH1_U_HEADER_WRP3-40
Added Pin To Net: NetName=GND Pin=ETH1_U_HEADER_WRP4-21
Added Pin To Net: NetName=GND Pin=ETH1_U_HEADER_WRP4-22
Added Pin To Net: NetName=GND Pin=ETH1_U_HEADER_WRP4-23
Added Pin To Net: NetName=GND Pin=ETH1_U_HEADER_WRP4-24
Added Pin To Net: NetName=INTERNAL79 Pin=ETH1_U_HEADER_WRP4-25
Added Pin To Net: NetName=INTERNAL78 Pin=ETH1_U_HEADER_WRP4-26
Added Pin To Net: NetName=INTERNAL77 Pin=ETH1_U_HEADER_WRP4-27
Added Pin To Net: NetName=INTERNAL76 Pin=ETH1_U_HEADER_WRP4-28
Added Pin To Net: NetName=INTERNAL75 Pin=ETH1_U_HEADER_WRP4-29
Added Pin To Net: NetName=INTERNAL74 Pin=ETH1_U_HEADER_WRP4-30
Added Pin To Net: NetName=INTERNAL73 Pin=ETH1_U_HEADER_WRP4-31
Added Pin To Net: NetName=INTERNAL72 Pin=ETH1_U_HEADER_WRP4-32
Added Pin To Net: NetName=INTERNAL71 Pin=ETH1_U_HEADER_WRP4-33
Added Pin To Net: NetName=INTERNAL70 Pin=ETH1_U_HEADER_WRP4-34
Added Pin To Net: NetName=INTERNAL69 Pin=ETH1_U_HEADER_WRP4-35
Added Pin To Net: NetName=INTERNAL68 Pin=ETH1_U_HEADER_WRP4-36
Added Pin To Net: NetName=INTERNAL67 Pin=ETH1_U_HEADER_WRP4-37
Added Pin To Net: NetName=INTERNAL66 Pin=ETH1_U_HEADER_WRP4-38
Added Pin To Net: NetName=INTERNAL65 Pin=ETH1_U_HEADER_WRP4-39
Added Pin To Net: NetName=INTERNAL64 Pin=ETH1_U_HEADER_WRP4-40
Added Pin To Net: NetName=GND Pin=ETH1_U_HEADER_WRP5-21
Added Pin To Net: NetName=GND Pin=ETH1_U_HEADER_WRP5-22
Added Pin To Net: NetName=GND Pin=ETH1_U_HEADER_WRP5-23
Added Pin To Net: NetName=GND Pin=ETH1_U_HEADER_WRP5-24
Added Pin To Net: NetName=INTERNAL63 Pin=ETH1_U_HEADER_WRP5-25
Added Pin To Net: NetName=INTERNAL62 Pin=ETH1_U_HEADER_WRP5-26
Added Pin To Net: NetName=INTERNAL61 Pin=ETH1_U_HEADER_WRP5-27
Added Pin To Net: NetName=INTERNAL60 Pin=ETH1_U_HEADER_WRP5-28
Added Pin To Net: NetName=INTERNAL59 Pin=ETH1_U_HEADER_WRP5-29
Added Pin To Net: NetName=INTERNAL58 Pin=ETH1_U_HEADER_WRP5-30
Added Pin To Net: NetName=INTERNAL57 Pin=ETH1_U_HEADER_WRP5-31
Added Pin To Net: NetName=INTERNAL56 Pin=ETH1_U_HEADER_WRP5-32
Added Pin To Net: NetName=INTERNAL55 Pin=ETH1_U_HEADER_WRP5-33
Added Pin To Net: NetName=INTERNAL54 Pin=ETH1_U_HEADER_WRP5-34
Added Pin To Net: NetName=INTERNAL53 Pin=ETH1_U_HEADER_WRP5-35
Added Pin To Net: NetName=INTERNAL52 Pin=ETH1_U_HEADER_WRP5-36
Added Pin To Net: NetName=INTERNAL51 Pin=ETH1_U_HEADER_WRP5-37
Added Pin To Net: NetName=INTERNAL50 Pin=ETH1_U_HEADER_WRP5-38
Added Pin To Net: NetName=INTERNAL49 Pin=ETH1_U_HEADER_WRP5-39
Added Pin To Net: NetName=INTERNAL48 Pin=ETH1_U_HEADER_WRP5-40
Added Pin To Net: NetName=GND Pin=ETH1_U_HEADER_WRP6-21
Added Pin To Net: NetName=GND Pin=ETH1_U_HEADER_WRP6-22
Added Pin To Net: NetName=GND Pin=ETH1_U_HEADER_WRP6-23
Added Pin To Net: NetName=GND Pin=ETH1_U_HEADER_WRP6-24
Added Pin To Net: NetName=INTERNAL47 Pin=ETH1_U_HEADER_WRP6-25
Added Pin To Net: NetName=INTERNAL46 Pin=ETH1_U_HEADER_WRP6-26
Added Pin To Net: NetName=INTERNAL45 Pin=ETH1_U_HEADER_WRP6-27
Added Pin To Net: NetName=INTERNAL44 Pin=ETH1_U_HEADER_WRP6-28
Added Pin To Net: NetName=INTERNAL43 Pin=ETH1_U_HEADER_WRP6-29
Added Pin To Net: NetName=INTERNAL42 Pin=ETH1_U_HEADER_WRP6-30
Added Pin To Net: NetName=INTERNAL41 Pin=ETH1_U_HEADER_WRP6-31
Added Pin To Net: NetName=INTERNAL40 Pin=ETH1_U_HEADER_WRP6-32
Added Pin To Net: NetName=INTERNAL39 Pin=ETH1_U_HEADER_WRP6-33
Added Pin To Net: NetName=INTERNAL38 Pin=ETH1_U_HEADER_WRP6-34
Added Pin To Net: NetName=INTERNAL37 Pin=ETH1_U_HEADER_WRP6-35
Added Pin To Net: NetName=INTERNAL36 Pin=ETH1_U_HEADER_WRP6-36
Added Pin To Net: NetName=INTERNAL35 Pin=ETH1_U_HEADER_WRP6-37
Added Pin To Net: NetName=INTERNAL34 Pin=ETH1_U_HEADER_WRP6-38
Added Pin To Net: NetName=INTERNAL33 Pin=ETH1_U_HEADER_WRP6-39
Added Pin To Net: NetName=INTERNAL32 Pin=ETH1_U_HEADER_WRP6-40
Added Pin To Net: NetName=GND Pin=ETH1_U_HEADER_WRP7-21
Added Pin To Net: NetName=GND Pin=ETH1_U_HEADER_WRP7-22
Added Pin To Net: NetName=GND Pin=ETH1_U_HEADER_WRP7-23
Added Pin To Net: NetName=GND Pin=ETH1_U_HEADER_WRP7-24
Added Pin To Net: NetName=INTERNAL31 Pin=ETH1_U_HEADER_WRP7-25
Added Pin To Net: NetName=INTERNAL30 Pin=ETH1_U_HEADER_WRP7-26
Added Pin To Net: NetName=INTERNAL29 Pin=ETH1_U_HEADER_WRP7-27
Added Pin To Net: NetName=INTERNAL28 Pin=ETH1_U_HEADER_WRP7-28
Added Pin To Net: NetName=INTERNAL27 Pin=ETH1_U_HEADER_WRP7-29
Added Pin To Net: NetName=INTERNAL26 Pin=ETH1_U_HEADER_WRP7-30
Added Pin To Net: NetName=INTERNAL25 Pin=ETH1_U_HEADER_WRP7-31
Added Pin To Net: NetName=INTERNAL24 Pin=ETH1_U_HEADER_WRP7-32
Added Pin To Net: NetName=INTERNAL23 Pin=ETH1_U_HEADER_WRP7-33
Added Pin To Net: NetName=INTERNAL22 Pin=ETH1_U_HEADER_WRP7-34
Added Pin To Net: NetName=INTERNAL21 Pin=ETH1_U_HEADER_WRP7-35
Added Pin To Net: NetName=INTERNAL20 Pin=ETH1_U_HEADER_WRP7-36
Added Pin To Net: NetName=INTERNAL19 Pin=ETH1_U_HEADER_WRP7-37
Added Pin To Net: NetName=INTERNAL18 Pin=ETH1_U_HEADER_WRP7-38
Added Pin To Net: NetName=INTERNAL17 Pin=ETH1_U_HEADER_WRP7-39
Added Pin To Net: NetName=INTERNAL16 Pin=ETH1_U_HEADER_WRP7-40
Added Pin To Net: NetName=GND Pin=ETH1_U_HEADER_WRP8-21
Added Pin To Net: NetName=GND Pin=ETH1_U_HEADER_WRP8-22
Added Pin To Net: NetName=GND Pin=ETH1_U_HEADER_WRP8-23
Added Pin To Net: NetName=GND Pin=ETH1_U_HEADER_WRP8-24
Added Pin To Net: NetName=INTERNAL15 Pin=ETH1_U_HEADER_WRP8-25
Added Pin To Net: NetName=INTERNAL14 Pin=ETH1_U_HEADER_WRP8-26
Added Pin To Net: NetName=INTERNAL13 Pin=ETH1_U_HEADER_WRP8-27
Added Pin To Net: NetName=INTERNAL12 Pin=ETH1_U_HEADER_WRP8-28
Added Pin To Net: NetName=INTERNAL11 Pin=ETH1_U_HEADER_WRP8-29
Added Pin To Net: NetName=INTERNAL10 Pin=ETH1_U_HEADER_WRP8-30
Added Pin To Net: NetName=INTERNAL9 Pin=ETH1_U_HEADER_WRP8-31
Added Pin To Net: NetName=INTERNAL8 Pin=ETH1_U_HEADER_WRP8-32
Added Pin To Net: NetName=INTERNAL7 Pin=ETH1_U_HEADER_WRP8-33
Added Pin To Net: NetName=INTERNAL6 Pin=ETH1_U_HEADER_WRP8-34
Added Pin To Net: NetName=INTERNAL5 Pin=ETH1_U_HEADER_WRP8-35
Added Pin To Net: NetName=INTERNAL4 Pin=ETH1_U_HEADER_WRP8-36
Added Pin To Net: NetName=INTERNAL3 Pin=ETH1_U_HEADER_WRP8-37
Added Pin To Net: NetName=INTERNAL2 Pin=ETH1_U_HEADER_WRP8-38
Added Pin To Net: NetName=INTERNAL1 Pin=ETH1_U_HEADER_WRP8-39
Added Pin To Net: NetName=INTERNAL0 Pin=ETH1_U_HEADER_WRP8-40
Added Pin To Net: NetName=GND Pin=ETH1_U_HEADER_WRP9-21
Added Pin To Net: NetName=GND Pin=ETH1_U_HEADER_WRP9-22
Added Pin To Net: NetName=GND Pin=ETH1_U_HEADER_WRP9-23
Added Pin To Net: NetName=GND Pin=ETH1_U_HEADER_WRP9-24
Added Pin To Net: NetName=ZIF127 Pin=ETH1_U_HEADER_WRP9-25
Added Pin To Net: NetName=ZIF126 Pin=ETH1_U_HEADER_WRP9-26
Added Pin To Net: NetName=ZIF125 Pin=ETH1_U_HEADER_WRP9-27
Added Pin To Net: NetName=ZIF124 Pin=ETH1_U_HEADER_WRP9-28
Added Pin To Net: NetName=ZIF123 Pin=ETH1_U_HEADER_WRP9-29
Added Pin To Net: NetName=ZIF122 Pin=ETH1_U_HEADER_WRP9-30
Added Pin To Net: NetName=ZIF121 Pin=ETH1_U_HEADER_WRP9-31
Added Pin To Net: NetName=ZIF120 Pin=ETH1_U_HEADER_WRP9-32
Added Pin To Net: NetName=ZIF119 Pin=ETH1_U_HEADER_WRP9-33
Added Pin To Net: NetName=ZIF118 Pin=ETH1_U_HEADER_WRP9-34
Added Pin To Net: NetName=ZIF117 Pin=ETH1_U_HEADER_WRP9-35
Added Pin To Net: NetName=ZIF116 Pin=ETH1_U_HEADER_WRP9-36
Added Pin To Net: NetName=ZIF115 Pin=ETH1_U_HEADER_WRP9-37
Added Pin To Net: NetName=ZIF114 Pin=ETH1_U_HEADER_WRP9-38
Added Pin To Net: NetName=ZIF113 Pin=ETH1_U_HEADER_WRP9-39
Added Pin To Net: NetName=ZIF112 Pin=ETH1_U_HEADER_WRP9-40
Added Pin To Net: NetName=GND Pin=ETH1_U_HEADER_WRP10-21
Added Pin To Net: NetName=GND Pin=ETH1_U_HEADER_WRP10-22
Added Pin To Net: NetName=GND Pin=ETH1_U_HEADER_WRP10-23
Added Pin To Net: NetName=GND Pin=ETH1_U_HEADER_WRP10-24
Added Pin To Net: NetName=ZIF111 Pin=ETH1_U_HEADER_WRP10-25
Added Pin To Net: NetName=ZIF110 Pin=ETH1_U_HEADER_WRP10-26
Added Pin To Net: NetName=ZIF109 Pin=ETH1_U_HEADER_WRP10-27
Added Pin To Net: NetName=ZIF108 Pin=ETH1_U_HEADER_WRP10-28
Added Pin To Net: NetName=ZIF107 Pin=ETH1_U_HEADER_WRP10-29
Added Pin To Net: NetName=ZIF106 Pin=ETH1_U_HEADER_WRP10-30
Added Pin To Net: NetName=ZIF105 Pin=ETH1_U_HEADER_WRP10-31
Added Pin To Net: NetName=ZIF104 Pin=ETH1_U_HEADER_WRP10-32
Added Pin To Net: NetName=ZIF103 Pin=ETH1_U_HEADER_WRP10-33
Added Pin To Net: NetName=ZIF102 Pin=ETH1_U_HEADER_WRP10-34
Added Pin To Net: NetName=ZIF101 Pin=ETH1_U_HEADER_WRP10-35
Added Pin To Net: NetName=ZIF100 Pin=ETH1_U_HEADER_WRP10-36
Added Pin To Net: NetName=ZIF99 Pin=ETH1_U_HEADER_WRP10-37
Added Pin To Net: NetName=ZIF98 Pin=ETH1_U_HEADER_WRP10-38
Added Pin To Net: NetName=ZIF97 Pin=ETH1_U_HEADER_WRP10-39
Added Pin To Net: NetName=ZIF96 Pin=ETH1_U_HEADER_WRP10-40
Added Pin To Net: NetName=GND Pin=ETH1_U_HEADER_WRP11-21
Added Pin To Net: NetName=GND Pin=ETH1_U_HEADER_WRP11-22
Added Pin To Net: NetName=GND Pin=ETH1_U_HEADER_WRP11-23
Added Pin To Net: NetName=GND Pin=ETH1_U_HEADER_WRP11-24
Added Pin To Net: NetName=ZIF95 Pin=ETH1_U_HEADER_WRP11-25
Added Pin To Net: NetName=ZIF94 Pin=ETH1_U_HEADER_WRP11-26
Added Pin To Net: NetName=ZIF93 Pin=ETH1_U_HEADER_WRP11-27
Added Pin To Net: NetName=ZIF92 Pin=ETH1_U_HEADER_WRP11-28
Added Pin To Net: NetName=ZIF91 Pin=ETH1_U_HEADER_WRP11-29
Added Pin To Net: NetName=ZIF90 Pin=ETH1_U_HEADER_WRP11-30
Added Pin To Net: NetName=ZIF89 Pin=ETH1_U_HEADER_WRP11-31
Added Pin To Net: NetName=ZIF88 Pin=ETH1_U_HEADER_WRP11-32
Added Pin To Net: NetName=ZIF87 Pin=ETH1_U_HEADER_WRP11-33
Added Pin To Net: NetName=ZIF86 Pin=ETH1_U_HEADER_WRP11-34
Added Pin To Net: NetName=ZIF85 Pin=ETH1_U_HEADER_WRP11-35
Added Pin To Net: NetName=ZIF84 Pin=ETH1_U_HEADER_WRP11-36
Added Pin To Net: NetName=ZIF83 Pin=ETH1_U_HEADER_WRP11-37
Added Pin To Net: NetName=ZIF82 Pin=ETH1_U_HEADER_WRP11-38
Added Pin To Net: NetName=ZIF81 Pin=ETH1_U_HEADER_WRP11-39
Added Pin To Net: NetName=ZIF80 Pin=ETH1_U_HEADER_WRP11-40
Added Pin To Net: NetName=GND Pin=ETH1_U_HEADER_WRP12-21
Added Pin To Net: NetName=GND Pin=ETH1_U_HEADER_WRP12-22
Added Pin To Net: NetName=GND Pin=ETH1_U_HEADER_WRP12-23
Added Pin To Net: NetName=GND Pin=ETH1_U_HEADER_WRP12-24
Added Pin To Net: NetName=ZIF79 Pin=ETH1_U_HEADER_WRP12-25
Added Pin To Net: NetName=ZIF78 Pin=ETH1_U_HEADER_WRP12-26
Added Pin To Net: NetName=ZIF77 Pin=ETH1_U_HEADER_WRP12-27
Added Pin To Net: NetName=ZIF76 Pin=ETH1_U_HEADER_WRP12-28
Added Pin To Net: NetName=ZIF75 Pin=ETH1_U_HEADER_WRP12-29
Added Pin To Net: NetName=ZIF74 Pin=ETH1_U_HEADER_WRP12-30
Added Pin To Net: NetName=ZIF73 Pin=ETH1_U_HEADER_WRP12-31
Added Pin To Net: NetName=ZIF72 Pin=ETH1_U_HEADER_WRP12-32
Added Pin To Net: NetName=ZIF87 Pin=ETH1_U_HEADER_WRP12-33
Added Pin To Net: NetName=ZIF86 Pin=ETH1_U_HEADER_WRP12-34
Added Pin To Net: NetName=ZIF85 Pin=ETH1_U_HEADER_WRP12-35
Added Pin To Net: NetName=ZIF84 Pin=ETH1_U_HEADER_WRP12-36
Added Pin To Net: NetName=ZIF83 Pin=ETH1_U_HEADER_WRP12-37
Added Pin To Net: NetName=ZIF82 Pin=ETH1_U_HEADER_WRP12-38
Added Pin To Net: NetName=ZIF81 Pin=ETH1_U_HEADER_WRP12-39
Added Pin To Net: NetName=ZIF80 Pin=ETH1_U_HEADER_WRP12-40
Added Pin To Net: NetName=GND Pin=ETH1_U_HEADER_WRP13-21
Added Pin To Net: NetName=GND Pin=ETH1_U_HEADER_WRP13-22
Added Pin To Net: NetName=GND Pin=ETH1_U_HEADER_WRP13-23
Added Pin To Net: NetName=GND Pin=ETH1_U_HEADER_WRP13-24
Added Pin To Net: NetName=ZIF95 Pin=ETH1_U_HEADER_WRP13-25
Added Pin To Net: NetName=ZIF94 Pin=ETH1_U_HEADER_WRP13-26
Added Pin To Net: NetName=ZIF93 Pin=ETH1_U_HEADER_WRP13-27
Added Pin To Net: NetName=ZIF92 Pin=ETH1_U_HEADER_WRP13-28
Added Pin To Net: NetName=ZIF91 Pin=ETH1_U_HEADER_WRP13-29
Added Pin To Net: NetName=ZIF90 Pin=ETH1_U_HEADER_WRP13-30
Added Pin To Net: NetName=ZIF89 Pin=ETH1_U_HEADER_WRP13-31
Added Pin To Net: NetName=ZIF88 Pin=ETH1_U_HEADER_WRP13-32
Added Pin To Net: NetName=ZIF55 Pin=ETH1_U_HEADER_WRP13-33
Added Pin To Net: NetName=ZIF54 Pin=ETH1_U_HEADER_WRP13-34
Added Pin To Net: NetName=ZIF53 Pin=ETH1_U_HEADER_WRP13-35
Added Pin To Net: NetName=ZIF52 Pin=ETH1_U_HEADER_WRP13-36
Added Pin To Net: NetName=ZIF51 Pin=ETH1_U_HEADER_WRP13-37
Added Pin To Net: NetName=ZIF50 Pin=ETH1_U_HEADER_WRP13-38
Added Pin To Net: NetName=ZIF49 Pin=ETH1_U_HEADER_WRP13-39
Added Pin To Net: NetName=ZIF48 Pin=ETH1_U_HEADER_WRP13-40
Added Pin To Net: NetName=GND Pin=ETH1_U_HEADER_WRP14-21
Added Pin To Net: NetName=GND Pin=ETH1_U_HEADER_WRP14-22
Added Pin To Net: NetName=GND Pin=ETH1_U_HEADER_WRP14-23
Added Pin To Net: NetName=GND Pin=ETH1_U_HEADER_WRP14-24
Added Pin To Net: NetName=ZIF47 Pin=ETH1_U_HEADER_WRP14-25
Added Pin To Net: NetName=ZIF46 Pin=ETH1_U_HEADER_WRP14-26
Added Pin To Net: NetName=ZIF45 Pin=ETH1_U_HEADER_WRP14-27
Added Pin To Net: NetName=ZIF44 Pin=ETH1_U_HEADER_WRP14-28
Added Pin To Net: NetName=ZIF43 Pin=ETH1_U_HEADER_WRP14-29
Added Pin To Net: NetName=ZIF42 Pin=ETH1_U_HEADER_WRP14-30
Added Pin To Net: NetName=ZIF41 Pin=ETH1_U_HEADER_WRP14-31
Added Pin To Net: NetName=ZIF40 Pin=ETH1_U_HEADER_WRP14-32
Added Pin To Net: NetName=ZIF39 Pin=ETH1_U_HEADER_WRP14-33
Added Pin To Net: NetName=ZIF38 Pin=ETH1_U_HEADER_WRP14-34
Added Pin To Net: NetName=ZIF37 Pin=ETH1_U_HEADER_WRP14-35
Added Pin To Net: NetName=ZIF36 Pin=ETH1_U_HEADER_WRP14-36
Added Pin To Net: NetName=ZIF35 Pin=ETH1_U_HEADER_WRP14-37
Added Pin To Net: NetName=ZIF34 Pin=ETH1_U_HEADER_WRP14-38
Added Pin To Net: NetName=ZIF33 Pin=ETH1_U_HEADER_WRP14-39
Added Pin To Net: NetName=ZIF32 Pin=ETH1_U_HEADER_WRP14-40
Added Pin To Net: NetName=GND Pin=ETH1_U_HEADER_WRP15-21
Added Pin To Net: NetName=GND Pin=ETH1_U_HEADER_WRP15-22
Added Pin To Net: NetName=GND Pin=ETH1_U_HEADER_WRP15-23
Added Pin To Net: NetName=GND Pin=ETH1_U_HEADER_WRP15-24
Added Pin To Net: NetName=ZIF31 Pin=ETH1_U_HEADER_WRP15-25
Added Pin To Net: NetName=ZIF30 Pin=ETH1_U_HEADER_WRP15-26
Added Pin To Net: NetName=ZIF29 Pin=ETH1_U_HEADER_WRP15-27
Added Pin To Net: NetName=ZIF28 Pin=ETH1_U_HEADER_WRP15-28
Added Pin To Net: NetName=ZIF27 Pin=ETH1_U_HEADER_WRP15-29
Added Pin To Net: NetName=ZIF26 Pin=ETH1_U_HEADER_WRP15-30
Added Pin To Net: NetName=ZIF25 Pin=ETH1_U_HEADER_WRP15-31
Added Pin To Net: NetName=ZIF24 Pin=ETH1_U_HEADER_WRP15-32
Added Pin To Net: NetName=ZIF23 Pin=ETH1_U_HEADER_WRP15-33
Added Pin To Net: NetName=ZIF22 Pin=ETH1_U_HEADER_WRP15-34
Added Pin To Net: NetName=ZIF21 Pin=ETH1_U_HEADER_WRP15-35
Added Pin To Net: NetName=ZIF20 Pin=ETH1_U_HEADER_WRP15-36
Added Pin To Net: NetName=ZIF19 Pin=ETH1_U_HEADER_WRP15-37
Added Pin To Net: NetName=ZIF18 Pin=ETH1_U_HEADER_WRP15-38
Added Pin To Net: NetName=ZIF17 Pin=ETH1_U_HEADER_WRP15-39
Added Pin To Net: NetName=ZIF16 Pin=ETH1_U_HEADER_WRP15-40
Added Pin To Net: NetName=GND Pin=ETH1_U_HEADER_WRP16-21
Added Pin To Net: NetName=GND Pin=ETH1_U_HEADER_WRP16-22
Added Pin To Net: NetName=GND Pin=ETH1_U_HEADER_WRP16-23
Added Pin To Net: NetName=GND Pin=ETH1_U_HEADER_WRP16-24
Added Pin To Net: NetName=ZIF15 Pin=ETH1_U_HEADER_WRP16-25
Added Pin To Net: NetName=ZIF14 Pin=ETH1_U_HEADER_WRP16-26
Added Pin To Net: NetName=ZIF13 Pin=ETH1_U_HEADER_WRP16-27
Added Pin To Net: NetName=ZIF12 Pin=ETH1_U_HEADER_WRP16-28
Added Pin To Net: NetName=ZIF11 Pin=ETH1_U_HEADER_WRP16-29
Added Pin To Net: NetName=ZIF10 Pin=ETH1_U_HEADER_WRP16-30
Added Pin To Net: NetName=ZIF9 Pin=ETH1_U_HEADER_WRP16-31
Added Pin To Net: NetName=ZIF8 Pin=ETH1_U_HEADER_WRP16-32
Added Pin To Net: NetName=ZIF7 Pin=ETH1_U_HEADER_WRP16-33
Added Pin To Net: NetName=ZIF6 Pin=ETH1_U_HEADER_WRP16-34
Added Pin To Net: NetName=ZIF5 Pin=ETH1_U_HEADER_WRP16-35
Added Pin To Net: NetName=ZIF4 Pin=ETH1_U_HEADER_WRP16-36
Added Pin To Net: NetName=ZIF3 Pin=ETH1_U_HEADER_WRP16-37
Added Pin To Net: NetName=ZIF2 Pin=ETH1_U_HEADER_WRP16-38
Added Pin To Net: NetName=ZIF1 Pin=ETH1_U_HEADER_WRP16-39
Added Pin To Net: NetName=ZIF0 Pin=ETH1_U_HEADER_WRP16-40
Added Pin To Net: NetName=GND Pin=FPGAHDR?-27
Added Pin To Net: NetName=VCC Pin=FPGAHDR?-28
Added Pin To Net: NetName=OB_OUT_B Pin=FPGAHDR?-29
Added Pin To Net: NetName=OB_B_SHCP Pin=FPGAHDR?-30
Added Pin To Net: NetName=OB_B_STCP Pin=FPGAHDR?-31
Added Pin To Net: NetName=OB_B_~PL Pin=FPGAHDR?-32
Added Pin To Net: NetName=OB_B_~MR Pin=FPGAHDR?-33
Added Pin To Net: NetName=SRAM_~WE_B Pin=FPGAHDR?-34
Added Pin To Net: NetName=SRAM_~OE_B Pin=FPGAHDR?-35
Added Pin To Net: NetName=SRAM_~CS_B Pin=FPGAHDR?-36
Added Pin To Net: NetName=CLR_COUNTER_W_U_COUNTER_WRP1 Pin=FPGAHDR?-37
Added Pin To Net: NetName=CLK Pin=FPGAHDR?-38
Added Pin To Net: NetName=3V3 Pin=FPGAHDR?-39
Added Pin To Net: NetName=EN Pin=FPGAHDR?-40
Added Pin To Net: NetName=ZIF1 Pin=ZIF?-1
Added Pin To Net: NetName=ZIF2 Pin=ZIF?-2
Added Pin To Net: NetName=ZIF3 Pin=ZIF?-3
Added Pin To Net: NetName=ZIF4 Pin=ZIF?-4
Added Pin To Net: NetName=ZIF5 Pin=ZIF?-5
Added Pin To Net: NetName=ZIF6 Pin=ZIF?-6
Added Pin To Net: NetName=ZIF7 Pin=ZIF?-7
Added Pin To Net: NetName=ZIF8 Pin=ZIF?-8
Added Pin To Net: NetName=ZIF9 Pin=ZIF?-9
Added Pin To Net: NetName=ZIF10 Pin=ZIF?-10
Added Pin To Net: NetName=ZIF11 Pin=ZIF?-11
Added Pin To Net: NetName=ZIF12 Pin=ZIF?-12
Added Pin To Net: NetName=ZIF13 Pin=ZIF?-13
Added Pin To Net: NetName=ZIF14 Pin=ZIF?-14
Added Pin To Net: NetName=ZIF15 Pin=ZIF?-15
Added Pin To Net: NetName=ZIF16 Pin=ZIF?-16
Added Pin To Net: NetName=ZIF17 Pin=ZIF?-17
Added Pin To Net: NetName=ZIF18 Pin=ZIF?-18
Added Pin To Net: NetName=ZIF19 Pin=ZIF?-19
Added Pin To Net: NetName=ZIF20 Pin=ZIF?-20
Added Pin To Net: NetName=ZIF21 Pin=ZIF?-21
Added Pin To Net: NetName=ZIF22 Pin=ZIF?-22
Added Pin To Net: NetName=ZIF23 Pin=ZIF?-23
Added Pin To Net: NetName=ZIF24 Pin=ZIF?-24
Added Pin To Net: NetName=ZIF25 Pin=ZIF?-25
Added Pin To Net: NetName=ZIF26 Pin=ZIF?-26
Added Pin To Net: NetName=ZIF27 Pin=ZIF?-27
Added Pin To Net: NetName=ZIF28 Pin=ZIF?-28
Added Pin To Net: NetName=ZIF29 Pin=ZIF?-29
Added Pin To Net: NetName=ZIF30 Pin=ZIF?-30
Added Pin To Net: NetName=ZIF31 Pin=ZIF?-31
Added Pin To Net: NetName=ZIF32 Pin=ZIF?-32
Added Pin To Net: NetName=ZIF33 Pin=ZIF?-33
Added Pin To Net: NetName=ZIF34 Pin=ZIF?-34
Added Pin To Net: NetName=ZIF35 Pin=ZIF?-35
Added Pin To Net: NetName=ZIF36 Pin=ZIF?-36
Added Pin To Net: NetName=ZIF37 Pin=ZIF?-37
Added Pin To Net: NetName=ZIF38 Pin=ZIF?-38
Added Pin To Net: NetName=ZIF39 Pin=ZIF?-39
Added Pin To Net: NetName=ZIF40 Pin=ZIF?-40
Added Pin To Net: NetName=ZIF41 Pin=ZIF?-41
Added Pin To Net: NetName=ZIF42 Pin=ZIF?-42
Added Pin To Net: NetName=ZIF43 Pin=ZIF?-43
Added Pin To Net: NetName=ZIF44 Pin=ZIF?-44
Added Pin To Net: NetName=ZIF45 Pin=ZIF?-45
Added Pin To Net: NetName=ZIF46 Pin=ZIF?-46
Added Pin To Net: NetName=ZIF47 Pin=ZIF?-47
Added Pin To Net: NetName=ZIF48 Pin=ZIF?-48
Added Pin To Net: NetName=ZIF49 Pin=ZIF?-49
Added Pin To Net: NetName=ZIF50 Pin=ZIF?-50
Added Pin To Net: NetName=ZIF51 Pin=ZIF?-51
Added Pin To Net: NetName=ZIF52 Pin=ZIF?-52
Added Pin To Net: NetName=ZIF53 Pin=ZIF?-53
Added Pin To Net: NetName=ZIF54 Pin=ZIF?-54
Added Pin To Net: NetName=ZIF55 Pin=ZIF?-55
Added Pin To Net: NetName=ZIF88 Pin=ZIF?-56
Added Pin To Net: NetName=ZIF89 Pin=ZIF?-57
Added Pin To Net: NetName=ZIF90 Pin=ZIF?-58
Added Pin To Net: NetName=ZIF91 Pin=ZIF?-59
Added Pin To Net: NetName=ZIF92 Pin=ZIF?-60
Added Pin To Net: NetName=ZIF93 Pin=ZIF?-61
Added Pin To Net: NetName=ZIF94 Pin=ZIF?-62
Added Pin To Net: NetName=ZIF95 Pin=ZIF?-63
Added Pin To Net: NetName=ZIF80 Pin=ZIF?-64
Added Pin To Net: NetName=ZIF81 Pin=ZIF?-65
Added Pin To Net: NetName=ZIF82 Pin=ZIF?-66
Added Pin To Net: NetName=ZIF83 Pin=ZIF?-67
Added Pin To Net: NetName=ZIF84 Pin=ZIF?-68
Added Pin To Net: NetName=ZIF85 Pin=ZIF?-69
Added Pin To Net: NetName=ZIF86 Pin=ZIF?-70
Added Pin To Net: NetName=ZIF87 Pin=ZIF?-71
Added Pin To Net: NetName=ZIF72 Pin=ZIF?-72
Added Pin To Net: NetName=ZIF73 Pin=ZIF?-73
Added Pin To Net: NetName=ZIF74 Pin=ZIF?-74
Added Pin To Net: NetName=ZIF75 Pin=ZIF?-75
Added Pin To Net: NetName=ZIF76 Pin=ZIF?-76
Added Pin To Net: NetName=ZIF77 Pin=ZIF?-77
Added Pin To Net: NetName=ZIF78 Pin=ZIF?-78
Added Pin To Net: NetName=ZIF79 Pin=ZIF?-79
Added Pin To Net: NetName=ZIF10BUS0 Pin=ZIF?-80
Added Pin To Net: NetName=ZIF10BUS1 Pin=ZIF?-81
Added Pin To Net: NetName=ZIF10BUS2 Pin=ZIF?-82
Added Pin To Net: NetName=ZIF10BUS3 Pin=ZIF?-83
Added Pin To Net: NetName=ZIF10BUS4 Pin=ZIF?-84
Added Pin To Net: NetName=ZIF10BUS5 Pin=ZIF?-85
Added Pin To Net: NetName=ZIF10BUS6 Pin=ZIF?-86
Added Pin To Net: NetName=ZIF10BUS7 Pin=ZIF?-87
Added Pin To Net: NetName=ZIF11BUS0 Pin=ZIF?-88
Added Pin To Net: NetName=ZIF11BUS1 Pin=ZIF?-89
Added Pin To Net: NetName=ZIF11BUS2 Pin=ZIF?-90
Added Pin To Net: NetName=ZIF11BUS3 Pin=ZIF?-91
Added Pin To Net: NetName=ZIF11BUS4 Pin=ZIF?-92
Added Pin To Net: NetName=ZIF11BUS5 Pin=ZIF?-93
Added Pin To Net: NetName=ZIF11BUS6 Pin=ZIF?-94
Added Pin To Net: NetName=ZIF11BUS7 Pin=ZIF?-95
Added Pin To Net: NetName=ZIF96 Pin=ZIF?-96
Added Pin To Net: NetName=ZIF97 Pin=ZIF?-97
Added Pin To Net: NetName=ZIF98 Pin=ZIF?-98
Added Pin To Net: NetName=ZIF99 Pin=ZIF?-99
Added Pin To Net: NetName=ZIF100 Pin=ZIF?-100
Added Pin To Net: NetName=ZIF101 Pin=ZIF?-101
Added Pin To Net: NetName=ZIF102 Pin=ZIF?-102
Added Pin To Net: NetName=ZIF103 Pin=ZIF?-103
Added Pin To Net: NetName=ZIF104 Pin=ZIF?-104
Added Pin To Net: NetName=ZIF105 Pin=ZIF?-105
Added Pin To Net: NetName=ZIF106 Pin=ZIF?-106
Added Pin To Net: NetName=ZIF107 Pin=ZIF?-107
Added Pin To Net: NetName=ZIF108 Pin=ZIF?-108
Added Pin To Net: NetName=ZIF109 Pin=ZIF?-109
Added Pin To Net: NetName=ZIF130BUS6 Pin=ZIF?-110
Added Pin To Net: NetName=ZIF111 Pin=ZIF?-111
Added Pin To Net: NetName=ZIF112 Pin=ZIF?-112
Added Pin To Net: NetName=ZIF113 Pin=ZIF?-113
Added Pin To Net: NetName=ZIF114 Pin=ZIF?-114
Added Pin To Net: NetName=ZIF115 Pin=ZIF?-115
Added Pin To Net: NetName=ZIF116 Pin=ZIF?-116
Added Pin To Net: NetName=ZIF117 Pin=ZIF?-117
Added Pin To Net: NetName=ZIF118 Pin=ZIF?-118
Added Pin To Net: NetName=ZIF119 Pin=ZIF?-119
Added Pin To Net: NetName=ZIF120 Pin=ZIF?-120
Added Pin To Net: NetName=ZIF121 Pin=ZIF?-121
Added Pin To Net: NetName=ZIF122 Pin=ZIF?-122
Added Pin To Net: NetName=ZIF123 Pin=ZIF?-123
Added Pin To Net: NetName=ZIF124 Pin=ZIF?-124
Added Pin To Net: NetName=ZIF125 Pin=ZIF?-125
Added Pin To Net: NetName=ZIF126 Pin=ZIF?-126
Added Pin To Net: NetName=ZIF127 Pin=ZIF?-127
Added Member To Class: ClassName=U_COUNTER_WRP1 Member=Component COUNTER1_U_COUNTER_WRP1 (COUNTER1) 74VHC4040FT(BJ)
Added Member To Class: ClassName=U_COUNTER_WRP2 Member=Component COUNTER1_U_COUNTER_WRP2 (COUNTER1) 74VHC4040FT(BJ)
Added Member To Class: ClassName=U_COUNTER_WRP3 Member=Component COUNTER1_U_COUNTER_WRP3 (COUNTER1) 74VHC4040FT(BJ)
Added Member To Class: ClassName=U_COUNTER_WRP4 Member=Component COUNTER1_U_COUNTER_WRP4 (COUNTER1) 74VHC4040FT(BJ)
Added Member To Class: ClassName=U_HEADER_WRP1 Member=Component ETH1_U_HEADER_WRP1 (ETH1) ADAFRUIT_HEADER
Added Member To Class: ClassName=U_HEADER_WRP2 Member=Component ETH1_U_HEADER_WRP2 (ETH1) ADAFRUIT_HEADER
Added Member To Class: ClassName=U_HEADER_WRP3 Member=Component ETH1_U_HEADER_WRP3 (ETH1) ADAFRUIT_HEADER
Added Member To Class: ClassName=U_HEADER_WRP4 Member=Component ETH1_U_HEADER_WRP4 (ETH1) ADAFRUIT_HEADER
Added Member To Class: ClassName=U_HEADER_WRP5 Member=Component ETH1_U_HEADER_WRP5 (ETH1) ADAFRUIT_HEADER
Added Member To Class: ClassName=U_HEADER_WRP6 Member=Component ETH1_U_HEADER_WRP6 (ETH1) ADAFRUIT_HEADER
Added Member To Class: ClassName=U_HEADER_WRP7 Member=Component ETH1_U_HEADER_WRP7 (ETH1) ADAFRUIT_HEADER
Added Member To Class: ClassName=U_HEADER_WRP8 Member=Component ETH1_U_HEADER_WRP8 (ETH1) ADAFRUIT_HEADER
Added Member To Class: ClassName=U_HEADER_WRP9 Member=Component ETH1_U_HEADER_WRP9 (ETH1) ADAFRUIT_HEADER
Added Member To Class: ClassName=U_HEADER_WRP10 Member=Component ETH1_U_HEADER_WRP10 (ETH1) ADAFRUIT_HEADER
Added Member To Class: ClassName=U_HEADER_WRP11 Member=Component ETH1_U_HEADER_WRP11 (ETH1) ADAFRUIT_HEADER
Added Member To Class: ClassName=U_HEADER_WRP12 Member=Component ETH1_U_HEADER_WRP12 (ETH1) ADAFRUIT_HEADER
Added Member To Class: ClassName=U_HEADER_WRP13 Member=Component ETH1_U_HEADER_WRP13 (ETH1) ADAFRUIT_HEADER
Added Member To Class: ClassName=U_HEADER_WRP14 Member=Component ETH1_U_HEADER_WRP14 (ETH1) ADAFRUIT_HEADER
Added Member To Class: ClassName=U_HEADER_WRP15 Member=Component ETH1_U_HEADER_WRP15 (ETH1) ADAFRUIT_HEADER
Added Member To Class: ClassName=U_HEADER_WRP16 Member=Component ETH1_U_HEADER_WRP16 (ETH1) ADAFRUIT_HEADER
Added Member To Class: ClassName=U_FPGA_HEADER Member=Component FPGAHDR? (FPGAHDR1) ADAFRUIT_HEADER
Added Member To Class: ClassName=U_OB_WRP1 Member=Component OB1_U_OB_WRP1 (OB1) 74HC597PW,118
Added Member To Class: ClassName=U_OB_WRP2 Member=Component OB1_U_OB_WRP2 (OB1) 74HC597PW,118
Added Member To Class: ClassName=U_OB_WRP3 Member=Component OB1_U_OB_WRP3 (OB1) 74HC597PW,118
Added Member To Class: ClassName=U_OB_WRP4 Member=Component OB1_U_OB_WRP4 (OB1) 74HC597PW,118
Added Member To Class: ClassName=U_OB_WRP5 Member=Component OB1_U_OB_WRP5 (OB1) 74HC597PW,118
Added Member To Class: ClassName=U_OB_WRP6 Member=Component OB1_U_OB_WRP6 (OB1) 74HC597PW,118
Added Member To Class: ClassName=U_OB_WRP7 Member=Component OB1_U_OB_WRP7 (OB1) 74HC597PW,118
Added Member To Class: ClassName=U_OB_WRP8 Member=Component OB1_U_OB_WRP8 (OB1) 74HC597PW,118
Added Member To Class: ClassName=U_OB_WRP9 Member=Component OB1_U_OB_WRP9 (OB1) 74HC597PW,118
Added Member To Class: ClassName=U_OB_WRP10 Member=Component OB1_U_OB_WRP10 (OB1) 74HC597PW,118
Added Member To Class: ClassName=U_OB_WRP11 Member=Component OB1_U_OB_WRP11 (OB1) 74HC597PW,118
Added Member To Class: ClassName=U_OB_WRP12 Member=Component OB1_U_OB_WRP12 (OB1) 74HC597PW,118
Added Member To Class: ClassName=U_OB_WRP13 Member=Component OB1_U_OB_WRP13 (OB1) 74HC597PW,118
Added Member To Class: ClassName=U_OB_WRP14 Member=Component OB1_U_OB_WRP14 (OB1) 74HC597PW,118
Added Member To Class: ClassName=U_OB_WRP15 Member=Component OB1_U_OB_WRP15 (OB1) 74HC597PW,118
Added Member To Class: ClassName=U_OB_WRP16 Member=Component OB1_U_OB_WRP16 (OB1) 74HC597PW,118
Added Member To Class: ClassName=U_SRAM_WRP1 Member=Component SRAM1_U_SRAM_WRP1 (SRAM1) 71V016SA10PHG
Added Member To Class: ClassName=U_SRAM_WRP2 Member=Component SRAM1_U_SRAM_WRP2 (SRAM1) 71V016SA10PHG
Added Member To Class: ClassName=U_SRAM_WRP3 Member=Component SRAM1_U_SRAM_WRP3 (SRAM1) 71V016SA10PHG
Added Member To Class: ClassName=U_SRAM_WRP4 Member=Component SRAM1_U_SRAM_WRP4 (SRAM1) 71V016SA10PHG
Added Member To Class: ClassName=U_SRAM_WRP5 Member=Component SRAM1_U_SRAM_WRP5 (SRAM1) 71V016SA10PHG
Added Member To Class: ClassName=U_SRAM_WRP6 Member=Component SRAM1_U_SRAM_WRP6 (SRAM1) 71V016SA10PHG
Added Member To Class: ClassName=U_SRAM_WRP7 Member=Component SRAM1_U_SRAM_WRP7 (SRAM1) 71V016SA10PHG
Added Member To Class: ClassName=U_SRAM_WRP8 Member=Component SRAM1_U_SRAM_WRP8 (SRAM1) 71V016SA10PHG
Added Member To Class: ClassName=U_ZIF_WRP Member=Component ZIF? (ZIF1) 200-6313-9UN-1900
