Added Pin To Net: NetName=ADDRD_B0 Pin=COUNTER1_U_COUNTER_WRP1-ADDR0
Added Pin To Net: NetName=ADDRD_B1 Pin=COUNTER1_U_COUNTER_WRP1-ADDR1
Added Pin To Net: NetName=ADDRD_B2 Pin=COUNTER1_U_COUNTER_WRP1-ADDR2
Added Pin To Net: NetName=ADDRD_B3 Pin=COUNTER1_U_COUNTER_WRP1-ADDR3
Added Pin To Net: NetName=ADDRD_B4 Pin=COUNTER1_U_COUNTER_WRP1-ADDR4
Added Pin To Net: NetName=ADDRD_B5 Pin=COUNTER1_U_COUNTER_WRP1-ADDR5
Added Pin To Net: NetName=ADDRD_B6 Pin=COUNTER1_U_COUNTER_WRP1-ADDR6
Added Pin To Net: NetName=ADDRD_B7 Pin=COUNTER1_U_COUNTER_WRP1-ADDR7
Added Pin To Net: NetName=ADDRD_B8 Pin=COUNTER1_U_COUNTER_WRP1-ADDR8
Added Pin To Net: NetName=ADDRD_B9 Pin=COUNTER1_U_COUNTER_WRP1-ADDR9
Added Pin To Net: NetName=ADDRD_B10 Pin=COUNTER1_U_COUNTER_WRP1-ADDR10
Added Pin To Net: NetName=ADDRD_B11 Pin=COUNTER1_U_COUNTER_WRP1-ADDR11
Added Pin To Net: NetName=ADDRC_B0 Pin=COUNTER1_U_COUNTER_WRP2-ADDR0
Added Pin To Net: NetName=ADDRC_B1 Pin=COUNTER1_U_COUNTER_WRP2-ADDR1
Added Pin To Net: NetName=ADDRC_B2 Pin=COUNTER1_U_COUNTER_WRP2-ADDR2
Added Pin To Net: NetName=ADDRC_B3 Pin=COUNTER1_U_COUNTER_WRP2-ADDR3
Added Pin To Net: NetName=ADDRC_B4 Pin=COUNTER1_U_COUNTER_WRP2-ADDR4
Added Pin To Net: NetName=ADDRC_B5 Pin=COUNTER1_U_COUNTER_WRP2-ADDR5
Added Pin To Net: NetName=ADDRC_B6 Pin=COUNTER1_U_COUNTER_WRP2-ADDR6
Added Pin To Net: NetName=ADDRC_B7 Pin=COUNTER1_U_COUNTER_WRP2-ADDR7
Added Pin To Net: NetName=ADDRC_B8 Pin=COUNTER1_U_COUNTER_WRP2-ADDR8
Added Pin To Net: NetName=ADDRC_B9 Pin=COUNTER1_U_COUNTER_WRP2-ADDR9
Added Pin To Net: NetName=ADDRC_B10 Pin=COUNTER1_U_COUNTER_WRP2-ADDR10
Added Pin To Net: NetName=ADDRC_B11 Pin=COUNTER1_U_COUNTER_WRP2-ADDR11
Added Pin To Net: NetName=ADDRB_B0 Pin=COUNTER1_U_COUNTER_WRP3-ADDR0
Added Pin To Net: NetName=ADDRB_B1 Pin=COUNTER1_U_COUNTER_WRP3-ADDR1
Added Pin To Net: NetName=ADDRB_B2 Pin=COUNTER1_U_COUNTER_WRP3-ADDR2
Added Pin To Net: NetName=ADDRB_B3 Pin=COUNTER1_U_COUNTER_WRP3-ADDR3
Added Pin To Net: NetName=ADDRB_B4 Pin=COUNTER1_U_COUNTER_WRP3-ADDR4
Added Pin To Net: NetName=ADDRB_B5 Pin=COUNTER1_U_COUNTER_WRP3-ADDR5
Added Pin To Net: NetName=ADDRB_B6 Pin=COUNTER1_U_COUNTER_WRP3-ADDR6
Added Pin To Net: NetName=ADDRB_B7 Pin=COUNTER1_U_COUNTER_WRP3-ADDR7
Added Pin To Net: NetName=ADDRB_B8 Pin=COUNTER1_U_COUNTER_WRP3-ADDR8
Added Pin To Net: NetName=ADDRB_B9 Pin=COUNTER1_U_COUNTER_WRP3-ADDR9
Added Pin To Net: NetName=ADDRB_B10 Pin=COUNTER1_U_COUNTER_WRP3-ADDR10
Added Pin To Net: NetName=ADDRB_B11 Pin=COUNTER1_U_COUNTER_WRP3-ADDR11
Added Pin To Net: NetName=ADDRA_B0 Pin=COUNTER1_U_COUNTER_WRP4-ADDR0
Added Pin To Net: NetName=ADDRA_B1 Pin=COUNTER1_U_COUNTER_WRP4-ADDR1
Added Pin To Net: NetName=ADDRA_B2 Pin=COUNTER1_U_COUNTER_WRP4-ADDR2
Added Pin To Net: NetName=ADDRA_B3 Pin=COUNTER1_U_COUNTER_WRP4-ADDR3
Added Pin To Net: NetName=ADDRA_B4 Pin=COUNTER1_U_COUNTER_WRP4-ADDR4
Added Pin To Net: NetName=ADDRA_B5 Pin=COUNTER1_U_COUNTER_WRP4-ADDR5
Added Pin To Net: NetName=ADDRA_B6 Pin=COUNTER1_U_COUNTER_WRP4-ADDR6
Added Pin To Net: NetName=ADDRA_B7 Pin=COUNTER1_U_COUNTER_WRP4-ADDR7
Added Pin To Net: NetName=ADDRA_B8 Pin=COUNTER1_U_COUNTER_WRP4-ADDR8
Added Pin To Net: NetName=ADDRA_B9 Pin=COUNTER1_U_COUNTER_WRP4-ADDR9
Added Pin To Net: NetName=ADDRA_B10 Pin=COUNTER1_U_COUNTER_WRP4-ADDR10
Added Pin To Net: NetName=ADDRA_B11 Pin=COUNTER1_U_COUNTER_WRP4-ADDR11
Added Pin To Net: NetName=3V3 Pin=SRAM1_U_SRAM_WRP1-VDD
Added Pin To Net: NetName=3V3 Pin=SRAM1_U_SRAM_WRP1-VDD
Added Pin To Net: NetName=3V3 Pin=SRAM1_U_SRAM_WRP2-VDD
Added Pin To Net: NetName=3V3 Pin=SRAM1_U_SRAM_WRP2-VDD
Added Pin To Net: NetName=3V3 Pin=SRAM1_U_SRAM_WRP3-VDD
Added Pin To Net: NetName=3V3 Pin=SRAM1_U_SRAM_WRP3-VDD
Added Pin To Net: NetName=3V3 Pin=SRAM1_U_SRAM_WRP4-VDD
Added Pin To Net: NetName=3V3 Pin=SRAM1_U_SRAM_WRP4-VDD
Added Pin To Net: NetName=3V3 Pin=SRAM1_U_SRAM_WRP5-VDD
Added Pin To Net: NetName=3V3 Pin=SRAM1_U_SRAM_WRP5-VDD
Added Pin To Net: NetName=3V3 Pin=SRAM1_U_SRAM_WRP6-VDD
Added Pin To Net: NetName=3V3 Pin=SRAM1_U_SRAM_WRP6-VDD
Added Pin To Net: NetName=3V3 Pin=SRAM1_U_SRAM_WRP7-VDD
Added Pin To Net: NetName=3V3 Pin=SRAM1_U_SRAM_WRP7-VDD
Added Pin To Net: NetName=3V3 Pin=SRAM1_U_SRAM_WRP8-VDD
Added Pin To Net: NetName=3V3 Pin=SRAM1_U_SRAM_WRP8-VDD
