Added Component: Designator=C1_U_VT_WRP1(RAD-0.3)
Added Component: Designator=C1_U_VT_WRP2(RAD-0.3)
Added Component: Designator=C1_U_VT_WRP3(RAD-0.3)
Added Component: Designator=C1_U_VT_WRP4(RAD-0.3)
Added Component: Designator=C1_U_VT_WRP5(RAD-0.3)
Added Component: Designator=C1_U_VT_WRP6(RAD-0.3)
Added Component: Designator=C1_U_VT_WRP7(RAD-0.3)
Added Component: Designator=C1_U_VT_WRP8(RAD-0.3)
Added Component: Designator=C1_U_VT_WRP9(RAD-0.3)
Added Component: Designator=C1_U_VT_WRP10(RAD-0.3)
Added Component: Designator=C1_U_VT_WRP11(RAD-0.3)
Added Component: Designator=C1_U_VT_WRP12(RAD-0.3)
Added Component: Designator=C1_U_VT_WRP13(RAD-0.3)
Added Component: Designator=C1_U_VT_WRP14(RAD-0.3)
Added Component: Designator=C1_U_VT_WRP15(RAD-0.3)
Added Component: Designator=C1_U_VT_WRP16(RAD-0.3)
Added Component: Designator=C2_U_VT_WRP1(RAD-0.3)
Added Component: Designator=C2_U_VT_WRP2(RAD-0.3)
Added Component: Designator=C2_U_VT_WRP3(RAD-0.3)
Added Component: Designator=C2_U_VT_WRP4(RAD-0.3)
Added Component: Designator=C2_U_VT_WRP5(RAD-0.3)
Added Component: Designator=C2_U_VT_WRP6(RAD-0.3)
Added Component: Designator=C2_U_VT_WRP7(RAD-0.3)
Added Component: Designator=C2_U_VT_WRP8(RAD-0.3)
Added Component: Designator=C2_U_VT_WRP9(RAD-0.3)
Added Component: Designator=C2_U_VT_WRP10(RAD-0.3)
Added Component: Designator=C2_U_VT_WRP11(RAD-0.3)
Added Component: Designator=C2_U_VT_WRP12(RAD-0.3)
Added Component: Designator=C2_U_VT_WRP13(RAD-0.3)
Added Component: Designator=C2_U_VT_WRP14(RAD-0.3)
Added Component: Designator=C2_U_VT_WRP15(RAD-0.3)
Added Component: Designator=C2_U_VT_WRP16(RAD-0.3)
Added Net: Name=3V3_U_SRAM_WRP1
Added Net: Name=3V3_U_SRAM_WRP2
Added Net: Name=3V3_U_SRAM_WRP3
Added Net: Name=3V3_U_SRAM_WRP4
Added Net: Name=3V3_U_SRAM_WRP5
Added Net: Name=3V3_U_SRAM_WRP6
Added Net: Name=3V3_U_SRAM_WRP7
Added Net: Name=3V3_U_SRAM_WRP8
Added Pin To Net: NetName=3V3 Pin=C1_U_VT_WRP1-1
Added Pin To Net: NetName=3V3 Pin=C1_U_VT_WRP2-1
Added Pin To Net: NetName=3V3 Pin=C1_U_VT_WRP3-1
Added Pin To Net: NetName=3V3 Pin=C1_U_VT_WRP4-1
Added Pin To Net: NetName=3V3 Pin=C1_U_VT_WRP5-1
Added Pin To Net: NetName=3V3 Pin=C1_U_VT_WRP6-1
Added Pin To Net: NetName=3V3 Pin=C1_U_VT_WRP7-1
Added Pin To Net: NetName=3V3 Pin=C1_U_VT_WRP8-1
Added Pin To Net: NetName=3V3 Pin=C1_U_VT_WRP9-1
Added Pin To Net: NetName=3V3 Pin=C1_U_VT_WRP10-1
Added Pin To Net: NetName=3V3 Pin=C1_U_VT_WRP11-1
Added Pin To Net: NetName=3V3 Pin=C1_U_VT_WRP12-1
Added Pin To Net: NetName=3V3 Pin=C1_U_VT_WRP13-1
Added Pin To Net: NetName=3V3 Pin=C1_U_VT_WRP14-1
Added Pin To Net: NetName=3V3 Pin=C1_U_VT_WRP15-1
Added Pin To Net: NetName=3V3 Pin=C1_U_VT_WRP16-1
Added Net: Name=3V3
Added Net: Name=ADDR0_U_SRAM_WRP1
Added Net: Name=ADDR0_U_SRAM_WRP2
Added Net: Name=ADDR0_U_SRAM_WRP3
Added Net: Name=ADDR0_U_SRAM_WRP4
Added Net: Name=ADDR0_U_SRAM_WRP5
Added Net: Name=ADDR0_U_SRAM_WRP6
Added Net: Name=ADDR0_U_SRAM_WRP7
Added Net: Name=ADDR0_U_SRAM_WRP8
Added Net: Name=ADDR1_U_SRAM_WRP1
Added Net: Name=ADDR1_U_SRAM_WRP2
Added Net: Name=ADDR1_U_SRAM_WRP3
Added Net: Name=ADDR1_U_SRAM_WRP4
Added Net: Name=ADDR1_U_SRAM_WRP5
Added Net: Name=ADDR1_U_SRAM_WRP6
Added Net: Name=ADDR1_U_SRAM_WRP7
Added Net: Name=ADDR1_U_SRAM_WRP8
Added Net: Name=ADDR2_U_SRAM_WRP1
Added Net: Name=ADDR2_U_SRAM_WRP2
Added Net: Name=ADDR2_U_SRAM_WRP3
Added Net: Name=ADDR2_U_SRAM_WRP4
Added Net: Name=ADDR2_U_SRAM_WRP5
Added Net: Name=ADDR2_U_SRAM_WRP6
Added Net: Name=ADDR2_U_SRAM_WRP7
Added Net: Name=ADDR2_U_SRAM_WRP8
Added Net: Name=ADDR3_U_SRAM_WRP1
Added Net: Name=ADDR3_U_SRAM_WRP2
Added Net: Name=ADDR3_U_SRAM_WRP3
Added Net: Name=ADDR3_U_SRAM_WRP4
Added Net: Name=ADDR3_U_SRAM_WRP5
Added Net: Name=ADDR3_U_SRAM_WRP6
Added Net: Name=ADDR3_U_SRAM_WRP7
Added Net: Name=ADDR3_U_SRAM_WRP8
Added Net: Name=ADDR4_U_SRAM_WRP1
Added Net: Name=ADDR4_U_SRAM_WRP2
Added Net: Name=ADDR4_U_SRAM_WRP3
Added Net: Name=ADDR4_U_SRAM_WRP4
Added Net: Name=ADDR4_U_SRAM_WRP5
Added Net: Name=ADDR4_U_SRAM_WRP6
Added Net: Name=ADDR4_U_SRAM_WRP7
Added Net: Name=ADDR4_U_SRAM_WRP8
Added Net: Name=ADDR5_U_SRAM_WRP1
Added Net: Name=ADDR5_U_SRAM_WRP2
Added Net: Name=ADDR5_U_SRAM_WRP3
Added Net: Name=ADDR5_U_SRAM_WRP4
Added Net: Name=ADDR5_U_SRAM_WRP5
Added Net: Name=ADDR5_U_SRAM_WRP6
Added Net: Name=ADDR5_U_SRAM_WRP7
Added Net: Name=ADDR5_U_SRAM_WRP8
Added Net: Name=ADDR6_U_SRAM_WRP1
Added Net: Name=ADDR6_U_SRAM_WRP2
Added Net: Name=ADDR6_U_SRAM_WRP3
Added Net: Name=ADDR6_U_SRAM_WRP4
Added Net: Name=ADDR6_U_SRAM_WRP5
Added Net: Name=ADDR6_U_SRAM_WRP6
Added Net: Name=ADDR6_U_SRAM_WRP7
Added Net: Name=ADDR6_U_SRAM_WRP8
Added Net: Name=ADDR7_U_SRAM_WRP1
Added Net: Name=ADDR7_U_SRAM_WRP2
Added Net: Name=ADDR7_U_SRAM_WRP3
Added Net: Name=ADDR7_U_SRAM_WRP4
Added Net: Name=ADDR7_U_SRAM_WRP5
Added Net: Name=ADDR7_U_SRAM_WRP6
Added Net: Name=ADDR7_U_SRAM_WRP7
Added Net: Name=ADDR7_U_SRAM_WRP8
Added Net: Name=ADDR8_U_SRAM_WRP1
Added Net: Name=ADDR8_U_SRAM_WRP2
Added Net: Name=ADDR8_U_SRAM_WRP3
Added Net: Name=ADDR8_U_SRAM_WRP4
Added Net: Name=ADDR8_U_SRAM_WRP5
Added Net: Name=ADDR8_U_SRAM_WRP6
Added Net: Name=ADDR8_U_SRAM_WRP7
Added Net: Name=ADDR8_U_SRAM_WRP8
Added Net: Name=ADDR9_U_SRAM_WRP1
Added Net: Name=ADDR9_U_SRAM_WRP2
Added Net: Name=ADDR9_U_SRAM_WRP3
Added Net: Name=ADDR9_U_SRAM_WRP4
Added Net: Name=ADDR9_U_SRAM_WRP5
Added Net: Name=ADDR9_U_SRAM_WRP6
Added Net: Name=ADDR9_U_SRAM_WRP7
Added Net: Name=ADDR9_U_SRAM_WRP8
Added Net: Name=ADDR10_U_SRAM_WRP1
Added Net: Name=ADDR10_U_SRAM_WRP2
Added Net: Name=ADDR10_U_SRAM_WRP3
Added Net: Name=ADDR10_U_SRAM_WRP4
Added Net: Name=ADDR10_U_SRAM_WRP5
Added Net: Name=ADDR10_U_SRAM_WRP6
Added Net: Name=ADDR10_U_SRAM_WRP7
Added Net: Name=ADDR10_U_SRAM_WRP8
Added Net: Name=ADDR11_U_SRAM_WRP1
Added Net: Name=ADDR11_U_SRAM_WRP2
Added Net: Name=ADDR11_U_SRAM_WRP3
Added Net: Name=ADDR11_U_SRAM_WRP4
Added Net: Name=ADDR11_U_SRAM_WRP5
Added Net: Name=ADDR11_U_SRAM_WRP6
Added Net: Name=ADDR11_U_SRAM_WRP7
Added Net: Name=ADDR11_U_SRAM_WRP8
Added Net: Name=ADDRA0
Added Net: Name=ADDRA1
Added Net: Name=ADDRA2
Added Net: Name=ADDRA3
Added Net: Name=ADDRA4
Added Net: Name=ADDRA5
Added Net: Name=ADDRA6
Added Net: Name=ADDRA7
Added Net: Name=ADDRA8
Added Net: Name=ADDRA9
Added Net: Name=ADDRA10
Added Net: Name=ADDRA11
Added Net: Name=ADDRB0
Added Net: Name=ADDRB1
Added Net: Name=ADDRB2
Added Net: Name=ADDRB3
Added Net: Name=ADDRB4
Added Net: Name=ADDRB5
Added Net: Name=ADDRB6
Added Net: Name=ADDRB7
Added Net: Name=ADDRB8
Added Net: Name=ADDRB9
Added Net: Name=ADDRB10
Added Net: Name=ADDRB11
Added Net: Name=ADDRD0
Added Net: Name=ADDRD1
Added Net: Name=ADDRD2
Added Net: Name=ADDRD3
Added Net: Name=ADDRD4
Added Net: Name=ADDRD5
Added Net: Name=ADDRD6
Added Net: Name=ADDRD7
Added Net: Name=ADDRD8
Added Net: Name=ADDRD9
Added Net: Name=ADDRD10
Added Net: Name=ADDRD11
Added Net: Name=CLK
Added Net: Name=CLR
Added Net: Name=CS_BAR
Added Net: Name=D0
Added Net: Name=D1
Added Net: Name=D2
Added Net: Name=D3
Added Net: Name=D4
Added Net: Name=D5
Added Net: Name=D6
Added Net: Name=D7
Added Net: Name=D8
Added Net: Name=D9
Added Net: Name=D10
Added Net: Name=D11
Added Net: Name=D12
Added Net: Name=D13
Added Net: Name=D14
Added Net: Name=D15
Added Net: Name=D16
Added Net: Name=D17
Added Net: Name=D18
Added Net: Name=D19
Added Net: Name=D20
Added Net: Name=D21
Added Net: Name=D22
Added Net: Name=D23
Added Net: Name=D24
Added Net: Name=D25
Added Net: Name=D26
Added Net: Name=D27
Added Net: Name=D28
Added Net: Name=D29
Added Net: Name=D30
Added Net: Name=D31
Added Net: Name=D32
Added Net: Name=D33
Added Net: Name=D34
Added Net: Name=D35
Added Net: Name=D36
Added Net: Name=D37
Added Net: Name=D38
Added Net: Name=D39
Added Net: Name=D40
Added Net: Name=D41
Added Net: Name=D42
Added Net: Name=D43
Added Net: Name=D44
Added Net: Name=D45
Added Net: Name=D46
Added Net: Name=D47
Added Net: Name=D48
Added Net: Name=D49
Added Net: Name=D50
Added Net: Name=D51
Added Net: Name=D52
Added Net: Name=D53
Added Net: Name=D54
Added Net: Name=D55
Added Net: Name=D56
Added Net: Name=D57
Added Net: Name=D58
Added Net: Name=D59
Added Net: Name=D60
Added Net: Name=D61
Added Net: Name=D62
Added Net: Name=D63
Added Net: Name=D64
Added Net: Name=D65
Added Net: Name=D66
Added Net: Name=D67
Added Net: Name=D68
Added Net: Name=D69
Added Net: Name=D70
Added Net: Name=D71
Added Net: Name=D72
Added Net: Name=D73
Added Net: Name=D74
Added Net: Name=D75
Added Net: Name=D76
Added Net: Name=D77
Added Net: Name=D78
Added Net: Name=D79
Added Net: Name=D80
Added Net: Name=D81
Added Net: Name=D82
Added Net: Name=D83
Added Net: Name=D84
Added Net: Name=D85
Added Net: Name=D86
Added Net: Name=D87
Added Net: Name=D88
Added Net: Name=D89
Added Net: Name=D90
Added Net: Name=D91
Added Net: Name=D92
Added Net: Name=D93
Added Net: Name=D94
Added Net: Name=D95
Added Net: Name=D96
Added Net: Name=D97
Added Net: Name=D98
Added Net: Name=D99
Added Net: Name=D100
Added Net: Name=D101
Added Net: Name=D102
Added Net: Name=D103
Added Net: Name=D104
Added Net: Name=D105
Added Net: Name=D106
Added Net: Name=D107
Added Net: Name=D108
Added Net: Name=D109
Added Net: Name=D110
Added Net: Name=D111
Added Net: Name=D112
Added Net: Name=D113
Added Net: Name=D114
Added Net: Name=D115
Added Net: Name=D116
Added Net: Name=D117
Added Net: Name=D118
Added Net: Name=D119
Added Net: Name=D120
Added Net: Name=D121
Added Net: Name=D122
Added Net: Name=D123
Added Net: Name=D124
Added Net: Name=D125
Added Net: Name=D126
Added Net: Name=D127
Added Net: Name=DATA0
Added Net: Name=DATA1
Added Net: Name=DATA2
Added Net: Name=DATA3
Added Net: Name=DATA4
Added Net: Name=DATA5
Added Net: Name=DATA6
Added Net: Name=DATA7
Added Net: Name=DATA8
Added Net: Name=DATA9
Added Net: Name=DATA10
Added Net: Name=DATA11
Added Net: Name=DATA12
Added Net: Name=DATA13
Added Net: Name=DATA14
Added Net: Name=DATA15
Added Net: Name=DATA16
Added Net: Name=DATA17
Added Net: Name=DATA18
Added Net: Name=DATA19
Added Net: Name=DATA20
Added Net: Name=DATA21
Added Net: Name=DATA22
Added Net: Name=DATA23
Added Net: Name=DATA24
Added Net: Name=DATA25
Added Net: Name=DATA26
Added Net: Name=DATA27
Added Net: Name=DATA28
Added Net: Name=DATA29
Added Net: Name=DATA30
Added Net: Name=DATA31
Added Net: Name=DATA32
Added Net: Name=DATA33
Added Net: Name=DATA34
Added Net: Name=DATA35
Added Net: Name=DATA36
Added Net: Name=DATA37
Added Net: Name=DATA38
Added Net: Name=DATA39
Added Net: Name=DATA40
Added Net: Name=DATA41
Added Net: Name=DATA42
Added Net: Name=DATA43
Added Net: Name=DATA44
Added Net: Name=DATA45
Added Net: Name=DATA46
Added Net: Name=DATA47
Added Net: Name=DATA48
Added Net: Name=DATA49
Added Net: Name=DATA50
Added Net: Name=DATA51
Added Net: Name=DATA52
Added Net: Name=DATA53
Added Net: Name=DATA54
Added Net: Name=DATA55
Added Net: Name=DATA56
Added Net: Name=DATA57
Added Net: Name=DATA58
Added Net: Name=DATA59
Added Net: Name=DATA60
Added Net: Name=DATA61
Added Net: Name=DATA62
Added Net: Name=DATA63
Added Net: Name=DATA64
Added Net: Name=DATA65
Added Net: Name=DATA66
Added Net: Name=DATA67
Added Net: Name=DATA68
Added Net: Name=DATA69
Added Net: Name=DATA70
Added Net: Name=DATA71
Added Net: Name=DATA72
Added Net: Name=DATA73
Added Net: Name=DATA74
Added Net: Name=DATA75
Added Net: Name=DATA76
Added Net: Name=DATA77
Added Net: Name=DATA78
Added Net: Name=DATA79
Added Net: Name=DATA80
Added Net: Name=DATA81
Added Net: Name=DATA82
Added Net: Name=DATA83
Added Net: Name=DATA84
Added Net: Name=DATA85
Added Net: Name=DATA86
Added Net: Name=DATA87
Added Net: Name=DATA88
Added Net: Name=DATA89
Added Net: Name=DATA90
Added Net: Name=DATA91
Added Net: Name=DATA92
Added Net: Name=DATA93
Added Net: Name=DATA94
Added Net: Name=DATA95
Added Net: Name=DATA96
Added Net: Name=DATA97
Added Net: Name=DATA98
Added Net: Name=DATA99
Added Net: Name=DATA100
Added Net: Name=DATA101
Added Net: Name=DATA102
Added Net: Name=DATA103
Added Net: Name=DATA104
Added Net: Name=DATA105
Added Net: Name=DATA106
Added Net: Name=DATA107
Added Net: Name=DATA108
Added Net: Name=DATA109
Added Net: Name=DATA110
Added Net: Name=DATA111
Added Net: Name=DATA112
Added Net: Name=DATA113
Added Net: Name=DATA114
Added Net: Name=DATA115
Added Net: Name=DATA116
Added Net: Name=DATA117
Added Net: Name=DATA118
Added Net: Name=DATA119
Added Net: Name=DATA120
Added Net: Name=DATA121
Added Net: Name=DATA122
Added Net: Name=DATA123
Added Net: Name=DATA124
Added Net: Name=DATA125
Added Net: Name=DATA126
Added Net: Name=DATA127
Added Net: Name=EN
Added Pin To Net: NetName=GND Pin=C1_U_VT_WRP1-2
Added Pin To Net: NetName=GND Pin=C1_U_VT_WRP2-2
Added Pin To Net: NetName=GND Pin=C1_U_VT_WRP3-2
Added Pin To Net: NetName=GND Pin=C1_U_VT_WRP4-2
Added Pin To Net: NetName=GND Pin=C1_U_VT_WRP5-2
Added Pin To Net: NetName=GND Pin=C1_U_VT_WRP6-2
Added Pin To Net: NetName=GND Pin=C1_U_VT_WRP7-2
Added Pin To Net: NetName=GND Pin=C1_U_VT_WRP8-2
Added Pin To Net: NetName=GND Pin=C1_U_VT_WRP9-2
Added Pin To Net: NetName=GND Pin=C1_U_VT_WRP10-2
Added Pin To Net: NetName=GND Pin=C1_U_VT_WRP11-2
Added Pin To Net: NetName=GND Pin=C1_U_VT_WRP12-2
Added Pin To Net: NetName=GND Pin=C1_U_VT_WRP13-2
Added Pin To Net: NetName=GND Pin=C1_U_VT_WRP14-2
Added Pin To Net: NetName=GND Pin=C1_U_VT_WRP15-2
Added Pin To Net: NetName=GND Pin=C1_U_VT_WRP16-2
Added Pin To Net: NetName=GND Pin=C2_U_VT_WRP1-2
Added Pin To Net: NetName=GND Pin=C2_U_VT_WRP2-2
Added Pin To Net: NetName=GND Pin=C2_U_VT_WRP3-2
Added Pin To Net: NetName=GND Pin=C2_U_VT_WRP4-2
Added Pin To Net: NetName=GND Pin=C2_U_VT_WRP5-2
Added Pin To Net: NetName=GND Pin=C2_U_VT_WRP6-2
Added Pin To Net: NetName=GND Pin=C2_U_VT_WRP7-2
Added Pin To Net: NetName=GND Pin=C2_U_VT_WRP8-2
Added Pin To Net: NetName=GND Pin=C2_U_VT_WRP9-2
Added Pin To Net: NetName=GND Pin=C2_U_VT_WRP10-2
Added Pin To Net: NetName=GND Pin=C2_U_VT_WRP11-2
Added Pin To Net: NetName=GND Pin=C2_U_VT_WRP12-2
Added Pin To Net: NetName=GND Pin=C2_U_VT_WRP13-2
Added Pin To Net: NetName=GND Pin=C2_U_VT_WRP14-2
Added Pin To Net: NetName=GND Pin=C2_U_VT_WRP15-2
Added Pin To Net: NetName=GND Pin=C2_U_VT_WRP16-2
Added Net: Name=GND
Added Net: Name=INSIDE0_U_HEADER_BANK2
Added Net: Name=INSIDE0_U_HEADER_WRP9
Added Net: Name=INSIDE0_U_HEADER_WRP10
Added Net: Name=INSIDE0_U_HEADER_WRP11
Added Net: Name=INSIDE0_U_HEADER_WRP12
Added Net: Name=INSIDE0_U_HEADER_WRP13
Added Net: Name=INSIDE0_U_HEADER_WRP14
Added Net: Name=INSIDE0_U_HEADER_WRP15
Added Net: Name=INSIDE1_U_HEADER_BANK2
Added Net: Name=INSIDE1_U_HEADER_WRP9
Added Net: Name=INSIDE1_U_HEADER_WRP10
Added Net: Name=INSIDE1_U_HEADER_WRP11
Added Net: Name=INSIDE1_U_HEADER_WRP12
Added Net: Name=INSIDE1_U_HEADER_WRP13
Added Net: Name=INSIDE1_U_HEADER_WRP14
Added Net: Name=INSIDE1_U_HEADER_WRP15
Added Net: Name=INSIDE2_U_HEADER_BANK2
Added Net: Name=INSIDE2_U_HEADER_WRP9
Added Net: Name=INSIDE2_U_HEADER_WRP10
Added Net: Name=INSIDE2_U_HEADER_WRP11
Added Net: Name=INSIDE2_U_HEADER_WRP12
Added Net: Name=INSIDE2_U_HEADER_WRP13
Added Net: Name=INSIDE2_U_HEADER_WRP14
Added Net: Name=INSIDE2_U_HEADER_WRP15
Added Net: Name=INSIDE3_U_HEADER_BANK2
Added Net: Name=INSIDE3_U_HEADER_WRP9
Added Net: Name=INSIDE3_U_HEADER_WRP10
Added Net: Name=INSIDE3_U_HEADER_WRP11
Added Net: Name=INSIDE3_U_HEADER_WRP12
Added Net: Name=INSIDE3_U_HEADER_WRP13
Added Net: Name=INSIDE3_U_HEADER_WRP14
Added Net: Name=INSIDE3_U_HEADER_WRP15
Added Net: Name=INSIDE4_U_HEADER_BANK2
Added Net: Name=INSIDE4_U_HEADER_WRP9
Added Net: Name=INSIDE4_U_HEADER_WRP10
Added Net: Name=INSIDE4_U_HEADER_WRP11
Added Net: Name=INSIDE4_U_HEADER_WRP12
Added Net: Name=INSIDE4_U_HEADER_WRP13
Added Net: Name=INSIDE4_U_HEADER_WRP14
Added Net: Name=INSIDE4_U_HEADER_WRP15
Added Net: Name=INSIDE5_U_HEADER_BANK2
Added Net: Name=INSIDE5_U_HEADER_WRP9
Added Net: Name=INSIDE5_U_HEADER_WRP10
Added Net: Name=INSIDE5_U_HEADER_WRP11
Added Net: Name=INSIDE5_U_HEADER_WRP12
Added Net: Name=INSIDE5_U_HEADER_WRP13
Added Net: Name=INSIDE5_U_HEADER_WRP14
Added Net: Name=INSIDE5_U_HEADER_WRP15
Added Net: Name=INSIDE6_U_HEADER_BANK2
Added Net: Name=INSIDE6_U_HEADER_WRP9
Added Net: Name=INSIDE6_U_HEADER_WRP10
Added Net: Name=INSIDE6_U_HEADER_WRP11
Added Net: Name=INSIDE6_U_HEADER_WRP12
Added Net: Name=INSIDE6_U_HEADER_WRP13
Added Net: Name=INSIDE6_U_HEADER_WRP14
Added Net: Name=INSIDE6_U_HEADER_WRP15
Added Net: Name=INSIDE7_U_HEADER_BANK2
Added Net: Name=INSIDE7_U_HEADER_WRP9
Added Net: Name=INSIDE7_U_HEADER_WRP10
Added Net: Name=INSIDE7_U_HEADER_WRP11
Added Net: Name=INSIDE7_U_HEADER_WRP12
Added Net: Name=INSIDE7_U_HEADER_WRP13
Added Net: Name=INSIDE7_U_HEADER_WRP14
Added Net: Name=INSIDE7_U_HEADER_WRP15
Added Net: Name=INSIDE8_U_HEADER_BANK2
Added Net: Name=INSIDE8_U_HEADER_WRP9
Added Net: Name=INSIDE8_U_HEADER_WRP10
Added Net: Name=INSIDE8_U_HEADER_WRP11
Added Net: Name=INSIDE8_U_HEADER_WRP12
Added Net: Name=INSIDE8_U_HEADER_WRP13
Added Net: Name=INSIDE8_U_HEADER_WRP14
Added Net: Name=INSIDE8_U_HEADER_WRP15
Added Net: Name=INSIDE9_U_HEADER_BANK2
Added Net: Name=INSIDE9_U_HEADER_WRP9
Added Net: Name=INSIDE9_U_HEADER_WRP10
Added Net: Name=INSIDE9_U_HEADER_WRP11
Added Net: Name=INSIDE9_U_HEADER_WRP12
Added Net: Name=INSIDE9_U_HEADER_WRP13
Added Net: Name=INSIDE9_U_HEADER_WRP14
Added Net: Name=INSIDE9_U_HEADER_WRP15
Added Net: Name=INSIDE10_U_HEADER_BANK2
Added Net: Name=INSIDE10_U_HEADER_WRP9
Added Net: Name=INSIDE10_U_HEADER_WRP10
Added Net: Name=INSIDE10_U_HEADER_WRP11
Added Net: Name=INSIDE10_U_HEADER_WRP12
Added Net: Name=INSIDE10_U_HEADER_WRP13
Added Net: Name=INSIDE10_U_HEADER_WRP14
Added Net: Name=INSIDE10_U_HEADER_WRP15
Added Net: Name=INSIDE11_U_HEADER_BANK2
Added Net: Name=INSIDE11_U_HEADER_WRP9
Added Net: Name=INSIDE11_U_HEADER_WRP10
Added Net: Name=INSIDE11_U_HEADER_WRP11
Added Net: Name=INSIDE11_U_HEADER_WRP12
Added Net: Name=INSIDE11_U_HEADER_WRP13
Added Net: Name=INSIDE11_U_HEADER_WRP14
Added Net: Name=INSIDE11_U_HEADER_WRP15
Added Net: Name=INSIDE12_U_HEADER_BANK2
Added Net: Name=INSIDE12_U_HEADER_WRP9
Added Net: Name=INSIDE12_U_HEADER_WRP10
Added Net: Name=INSIDE12_U_HEADER_WRP11
Added Net: Name=INSIDE12_U_HEADER_WRP12
Added Net: Name=INSIDE12_U_HEADER_WRP13
Added Net: Name=INSIDE12_U_HEADER_WRP14
Added Net: Name=INSIDE12_U_HEADER_WRP15
Added Net: Name=INSIDE13_U_HEADER_BANK2
Added Net: Name=INSIDE13_U_HEADER_WRP9
Added Net: Name=INSIDE13_U_HEADER_WRP10
Added Net: Name=INSIDE13_U_HEADER_WRP11
Added Net: Name=INSIDE13_U_HEADER_WRP12
Added Net: Name=INSIDE13_U_HEADER_WRP13
Added Net: Name=INSIDE13_U_HEADER_WRP14
Added Net: Name=INSIDE13_U_HEADER_WRP15
Added Net: Name=INSIDE14_U_HEADER_BANK2
Added Net: Name=INSIDE14_U_HEADER_WRP9
Added Net: Name=INSIDE14_U_HEADER_WRP10
Added Net: Name=INSIDE14_U_HEADER_WRP11
Added Net: Name=INSIDE14_U_HEADER_WRP12
Added Net: Name=INSIDE14_U_HEADER_WRP13
Added Net: Name=INSIDE14_U_HEADER_WRP14
Added Net: Name=INSIDE14_U_HEADER_WRP15
Added Net: Name=INSIDE15_U_HEADER_BANK2
Added Net: Name=INSIDE15_U_HEADER_WRP9
Added Net: Name=INSIDE15_U_HEADER_WRP10
Added Net: Name=INSIDE15_U_HEADER_WRP11
Added Net: Name=INSIDE15_U_HEADER_WRP12
Added Net: Name=INSIDE15_U_HEADER_WRP13
Added Net: Name=INSIDE15_U_HEADER_WRP14
Added Net: Name=INSIDE15_U_HEADER_WRP15
Added Net: Name=INTERNAL_I/O0
Added Net: Name=INTERNAL_I/O1
Added Net: Name=INTERNAL_I/O2
Added Net: Name=INTERNAL_I/O3
Added Net: Name=INTERNAL_I/O4
Added Net: Name=INTERNAL_I/O5
Added Net: Name=INTERNAL_I/O6
Added Net: Name=INTERNAL_I/O7
Added Net: Name=INTERNAL_I/O8
Added Net: Name=INTERNAL_I/O9
Added Net: Name=INTERNAL_I/O10
Added Net: Name=INTERNAL_I/O11
Added Net: Name=INTERNAL_I/O12
Added Net: Name=INTERNAL_I/O13
Added Net: Name=INTERNAL_I/O14
Added Net: Name=INTERNAL_I/O15
Added Net: Name=INTERNAL_I/O16
Added Net: Name=INTERNAL_I/O17
Added Net: Name=INTERNAL_I/O18
Added Net: Name=INTERNAL_I/O19
Added Net: Name=INTERNAL_I/O20
Added Net: Name=INTERNAL_I/O21
Added Net: Name=INTERNAL_I/O22
Added Net: Name=INTERNAL_I/O23
Added Net: Name=INTERNAL_I/O24
Added Net: Name=INTERNAL_I/O25
Added Net: Name=INTERNAL_I/O26
Added Net: Name=INTERNAL_I/O27
Added Net: Name=INTERNAL_I/O28
Added Net: Name=INTERNAL_I/O29
Added Net: Name=INTERNAL_I/O30
Added Net: Name=INTERNAL_I/O31
Added Net: Name=INTERNAL_I/O32
Added Net: Name=INTERNAL_I/O33
Added Net: Name=INTERNAL_I/O34
Added Net: Name=INTERNAL_I/O35
Added Net: Name=INTERNAL_I/O36
Added Net: Name=INTERNAL_I/O37
Added Net: Name=INTERNAL_I/O38
Added Net: Name=INTERNAL_I/O39
Added Net: Name=INTERNAL_I/O40
Added Net: Name=INTERNAL_I/O41
Added Net: Name=INTERNAL_I/O42
Added Net: Name=INTERNAL_I/O43
Added Net: Name=INTERNAL_I/O44
Added Net: Name=INTERNAL_I/O45
Added Net: Name=INTERNAL_I/O46
Added Net: Name=INTERNAL_I/O47
Added Net: Name=INTERNAL_I/O48
Added Net: Name=INTERNAL_I/O49
Added Net: Name=INTERNAL_I/O50
Added Net: Name=INTERNAL_I/O51
Added Net: Name=INTERNAL_I/O52
Added Net: Name=INTERNAL_I/O53
Added Net: Name=INTERNAL_I/O54
Added Net: Name=INTERNAL_I/O55
Added Net: Name=INTERNAL_I/O56
Added Net: Name=INTERNAL_I/O57
Added Net: Name=INTERNAL_I/O58
Added Net: Name=INTERNAL_I/O59
Added Net: Name=INTERNAL_I/O60
Added Net: Name=INTERNAL_I/O61
Added Net: Name=INTERNAL_I/O62
Added Net: Name=INTERNAL_I/O63
Added Net: Name=INTERNAL_I/O64
Added Net: Name=INTERNAL_I/O65
Added Net: Name=INTERNAL_I/O66
Added Net: Name=INTERNAL_I/O67
Added Net: Name=INTERNAL_I/O68
Added Net: Name=INTERNAL_I/O69
Added Net: Name=INTERNAL_I/O70
Added Net: Name=INTERNAL_I/O71
Added Net: Name=INTERNAL_I/O72
Added Net: Name=INTERNAL_I/O73
Added Net: Name=INTERNAL_I/O74
Added Net: Name=INTERNAL_I/O75
Added Net: Name=INTERNAL_I/O76
Added Net: Name=INTERNAL_I/O77
Added Net: Name=INTERNAL_I/O78
Added Net: Name=INTERNAL_I/O79
Added Net: Name=INTERNAL_I/O80
Added Net: Name=INTERNAL_I/O81
Added Net: Name=INTERNAL_I/O82
Added Net: Name=INTERNAL_I/O83
Added Net: Name=INTERNAL_I/O84
Added Net: Name=INTERNAL_I/O85
Added Net: Name=INTERNAL_I/O86
Added Net: Name=INTERNAL_I/O87
Added Net: Name=INTERNAL_I/O88
Added Net: Name=INTERNAL_I/O89
Added Net: Name=INTERNAL_I/O90
Added Net: Name=INTERNAL_I/O91
Added Net: Name=INTERNAL_I/O92
Added Net: Name=INTERNAL_I/O93
Added Net: Name=INTERNAL_I/O94
Added Net: Name=INTERNAL_I/O95
Added Net: Name=INTERNAL_I/O96
Added Net: Name=INTERNAL_I/O97
Added Net: Name=INTERNAL_I/O98
Added Net: Name=INTERNAL_I/O99
Added Net: Name=INTERNAL_I/O100
Added Net: Name=INTERNAL_I/O101
Added Net: Name=INTERNAL_I/O102
Added Net: Name=INTERNAL_I/O103
Added Net: Name=INTERNAL_I/O104
Added Net: Name=INTERNAL_I/O105
Added Net: Name=INTERNAL_I/O106
Added Net: Name=INTERNAL_I/O107
Added Net: Name=INTERNAL_I/O108
Added Net: Name=INTERNAL_I/O109
Added Net: Name=INTERNAL_I/O110
Added Net: Name=INTERNAL_I/O111
Added Net: Name=INTERNAL_I/O112
Added Net: Name=INTERNAL_I/O113
Added Net: Name=INTERNAL_I/O114
Added Net: Name=INTERNAL_I/O115
Added Net: Name=INTERNAL_I/O116
Added Net: Name=INTERNAL_I/O117
Added Net: Name=INTERNAL_I/O118
Added Net: Name=INTERNAL_I/O119
Added Net: Name=INTERNAL_I/O120
Added Net: Name=INTERNAL_I/O121
Added Net: Name=INTERNAL_I/O122
Added Net: Name=INTERNAL_I/O123
Added Net: Name=INTERNAL_I/O124
Added Net: Name=INTERNAL_I/O125
Added Net: Name=INTERNAL_I/O126
Added Net: Name=INTERNAL_I/O127
Added Net: Name=IVCC0
Added Net: Name=IVCC1
Added Net: Name=IVCC2
Added Net: Name=IVCC3
Added Net: Name=IVCC4
Added Net: Name=IVCC5
Added Net: Name=IVCC6
Added Net: Name=IVCC7
Added Net: Name=IVCC8
Added Net: Name=IVCC9
Added Net: Name=IVCC10
Added Net: Name=IVCC11
Added Net: Name=IVCC12
Added Net: Name=IVCC13
Added Net: Name=IVCC14
Added Net: Name=IVCC15
Added Net: Name=IVCC16
Added Net: Name=IVCC17
Added Net: Name=IVCC18
Added Net: Name=IVCC19
Added Net: Name=IVCC20
Added Net: Name=IVCC21
Added Net: Name=IVCC22
Added Net: Name=IVCC23
Added Net: Name=IVCC24
Added Net: Name=IVCC25
Added Net: Name=IVCC26
Added Net: Name=IVCC27
Added Net: Name=IVCC28
Added Net: Name=IVCC29
Added Net: Name=IVCC30
Added Net: Name=IVCC31
Added Net: Name=IVCC32
Added Net: Name=IVCC33
Added Net: Name=IVCC34
Added Net: Name=IVCC35
Added Net: Name=IVCC36
Added Net: Name=IVCC37
Added Net: Name=IVCC38
Added Net: Name=IVCC39
Added Net: Name=IVCC40
Added Net: Name=IVCC41
Added Net: Name=IVCC42
Added Net: Name=IVCC43
Added Net: Name=IVCC44
Added Net: Name=IVCC45
Added Net: Name=IVCC46
Added Net: Name=IVCC47
Added Net: Name=IVCC48
Added Net: Name=IVCC49
Added Net: Name=IVCC50
Added Net: Name=IVCC51
Added Net: Name=IVCC52
Added Net: Name=IVCC53
Added Net: Name=IVCC54
Added Net: Name=IVCC55
Added Net: Name=IVCC56
Added Net: Name=IVCC57
Added Net: Name=IVCC58
Added Net: Name=IVCC59
Added Net: Name=IVCC60
Added Net: Name=IVCC61
Added Net: Name=IVCC62
Added Net: Name=IVCC63
Added Net: Name=IVCC64
Added Net: Name=IVCC65
Added Net: Name=IVCC66
Added Net: Name=IVCC67
Added Net: Name=IVCC68
Added Net: Name=IVCC69
Added Net: Name=IVCC70
Added Net: Name=IVCC71
Added Net: Name=IVCC72
Added Net: Name=IVCC73
Added Net: Name=IVCC74
Added Net: Name=IVCC75
Added Net: Name=IVCC76
Added Net: Name=IVCC77
Added Net: Name=IVCC78
Added Net: Name=IVCC79
Added Net: Name=IVCC80
Added Net: Name=IVCC81
Added Net: Name=IVCC82
Added Net: Name=IVCC83
Added Net: Name=IVCC84
Added Net: Name=IVCC85
Added Net: Name=IVCC86
Added Net: Name=IVCC87
Added Net: Name=IVCC88
Added Net: Name=IVCC89
Added Net: Name=IVCC90
Added Net: Name=IVCC91
Added Net: Name=IVCC92
Added Net: Name=IVCC93
Added Net: Name=IVCC94
Added Net: Name=IVCC95
Added Net: Name=IVCC96
Added Net: Name=IVCC97
Added Net: Name=IVCC98
Added Net: Name=IVCC99
Added Net: Name=IVCC100
Added Net: Name=IVCC101
Added Net: Name=IVCC102
Added Net: Name=IVCC103
Added Net: Name=IVCC104
Added Net: Name=IVCC105
Added Net: Name=IVCC106
Added Net: Name=IVCC107
Added Net: Name=IVCC108
Added Net: Name=IVCC109
Added Net: Name=IVCC110
Added Net: Name=IVCC111
Added Net: Name=IVCC112
Added Net: Name=IVCC113
Added Net: Name=IVCC114
Added Net: Name=IVCC115
Added Net: Name=IVCC116
Added Net: Name=IVCC117
Added Net: Name=IVCC118
Added Net: Name=IVCC119
Added Net: Name=IVCC120
Added Net: Name=IVCC121
Added Net: Name=IVCC122
Added Net: Name=IVCC123
Added Net: Name=IVCC124
Added Net: Name=IVCC125
Added Net: Name=IVCC126
Added Net: Name=IVCC127
Added Net: Name=NetFPGAHDR?_8
Added Net: Name=NetFPGAHDR?_9
Added Net: Name=NetFPGAHDR?_10
Added Net: Name=NetFPGAHDR?_11
Added Net: Name=NetFPGAHDR?_12
Added Net: Name=NetFPGAHDR?_13
Added Net: Name=NetFPGAHDR?_14
Added Net: Name=NetFPGAHDR?_15
Added Net: Name=NetFPGAHDR?_16
Added Net: Name=NetFPGAHDR?_17
Added Net: Name=NetFPGAHDR?_18
Added Net: Name=NetFPGAHDR?_19
Added Net: Name=NetFPGAHDR?_20
Added Net: Name=NetOB?_U_OB_WRP1_DS
Added Net: Name=NetOB?_U_OB_WRP1_Q
Added Net: Name=NetOB?_U_OB_WRP2_Q
Added Net: Name=NetOB?_U_OB_WRP3_Q
Added Net: Name=NetOB?_U_OB_WRP4_Q
Added Net: Name=NetOB?_U_OB_WRP5_Q
Added Net: Name=NetOB?_U_OB_WRP6_Q
Added Net: Name=NetOB?_U_OB_WRP7_Q
Added Net: Name=NetOB?_U_OB_WRP8_DS
Added Net: Name=NetOB?_U_OB_WRP8_Q
Added Net: Name=NetOB?_U_OB_WRP9_DS
Added Net: Name=NetOB?_U_OB_WRP10_DS
Added Net: Name=NetOB?_U_OB_WRP11_DS
Added Net: Name=NetOB?_U_OB_WRP11_Q
Added Net: Name=NetOB?_U_OB_WRP12_DS
Added Net: Name=NetOB?_U_OB_WRP13_VCC
Added Net: Name=NetOB?_U_OB_WRP14_VCC
Added Net: Name=NetOB?_U_OB_WRP16_DS
Added Net: Name=OE_BAR
Added Net: Name=OUTSIDE0_U_HEADER_WRP1
Added Net: Name=OUTSIDE0_U_HEADER_WRP2
Added Net: Name=OUTSIDE0_U_HEADER_WRP3
Added Net: Name=OUTSIDE0_U_HEADER_WRP4
Added Net: Name=OUTSIDE0_U_HEADER_WRP5
Added Net: Name=OUTSIDE0_U_HEADER_WRP6
Added Net: Name=OUTSIDE0_U_HEADER_WRP7
Added Net: Name=OUTSIDE0_U_HEADER_WRP8
Added Net: Name=OUTSIDE0_U_HEADER_WRP9
Added Net: Name=OUTSIDE0_U_HEADER_WRP10
Added Net: Name=OUTSIDE0_U_HEADER_WRP11
Added Net: Name=OUTSIDE0_U_HEADER_WRP12
Added Net: Name=OUTSIDE0_U_HEADER_WRP13
Added Net: Name=OUTSIDE0_U_HEADER_WRP14
Added Net: Name=OUTSIDE0_U_HEADER_WRP15
Added Net: Name=OUTSIDE0_U_HEADER_WRP16
Added Net: Name=OUTSIDE1_U_HEADER_WRP1
Added Net: Name=OUTSIDE1_U_HEADER_WRP2
Added Net: Name=OUTSIDE1_U_HEADER_WRP3
Added Net: Name=OUTSIDE1_U_HEADER_WRP4
Added Net: Name=OUTSIDE1_U_HEADER_WRP5
Added Net: Name=OUTSIDE1_U_HEADER_WRP6
Added Net: Name=OUTSIDE1_U_HEADER_WRP7
Added Net: Name=OUTSIDE1_U_HEADER_WRP8
Added Net: Name=OUTSIDE1_U_HEADER_WRP9
Added Net: Name=OUTSIDE1_U_HEADER_WRP10
Added Net: Name=OUTSIDE1_U_HEADER_WRP11
Added Net: Name=OUTSIDE1_U_HEADER_WRP12
Added Net: Name=OUTSIDE1_U_HEADER_WRP13
Added Net: Name=OUTSIDE1_U_HEADER_WRP14
Added Net: Name=OUTSIDE1_U_HEADER_WRP15
Added Net: Name=OUTSIDE1_U_HEADER_WRP16
Added Net: Name=OUTSIDE2_U_HEADER_WRP1
Added Net: Name=OUTSIDE2_U_HEADER_WRP2
Added Net: Name=OUTSIDE2_U_HEADER_WRP3
Added Net: Name=OUTSIDE2_U_HEADER_WRP4
Added Net: Name=OUTSIDE2_U_HEADER_WRP5
Added Net: Name=OUTSIDE2_U_HEADER_WRP6
Added Net: Name=OUTSIDE2_U_HEADER_WRP7
Added Net: Name=OUTSIDE2_U_HEADER_WRP8
Added Net: Name=OUTSIDE2_U_HEADER_WRP9
Added Net: Name=OUTSIDE2_U_HEADER_WRP10
Added Net: Name=OUTSIDE2_U_HEADER_WRP11
Added Net: Name=OUTSIDE2_U_HEADER_WRP12
Added Net: Name=OUTSIDE2_U_HEADER_WRP13
Added Net: Name=OUTSIDE2_U_HEADER_WRP14
Added Net: Name=OUTSIDE2_U_HEADER_WRP15
Added Net: Name=OUTSIDE2_U_HEADER_WRP16
Added Net: Name=OUTSIDE3_U_HEADER_WRP1
Added Net: Name=OUTSIDE3_U_HEADER_WRP2
Added Net: Name=OUTSIDE3_U_HEADER_WRP3
Added Net: Name=OUTSIDE3_U_HEADER_WRP4
Added Net: Name=OUTSIDE3_U_HEADER_WRP5
Added Net: Name=OUTSIDE3_U_HEADER_WRP6
Added Net: Name=OUTSIDE3_U_HEADER_WRP7
Added Net: Name=OUTSIDE3_U_HEADER_WRP8
Added Net: Name=OUTSIDE3_U_HEADER_WRP9
Added Net: Name=OUTSIDE3_U_HEADER_WRP10
Added Net: Name=OUTSIDE3_U_HEADER_WRP11
Added Net: Name=OUTSIDE3_U_HEADER_WRP12
Added Net: Name=OUTSIDE3_U_HEADER_WRP13
Added Net: Name=OUTSIDE3_U_HEADER_WRP14
Added Net: Name=OUTSIDE3_U_HEADER_WRP15
Added Net: Name=OUTSIDE3_U_HEADER_WRP16
Added Net: Name=OUTSIDE4_U_HEADER_WRP1
Added Net: Name=OUTSIDE4_U_HEADER_WRP2
Added Net: Name=OUTSIDE4_U_HEADER_WRP3
Added Net: Name=OUTSIDE4_U_HEADER_WRP4
Added Net: Name=OUTSIDE4_U_HEADER_WRP5
Added Net: Name=OUTSIDE4_U_HEADER_WRP6
Added Net: Name=OUTSIDE4_U_HEADER_WRP7
Added Net: Name=OUTSIDE4_U_HEADER_WRP8
Added Net: Name=OUTSIDE4_U_HEADER_WRP9
Added Net: Name=OUTSIDE4_U_HEADER_WRP10
Added Net: Name=OUTSIDE4_U_HEADER_WRP11
Added Net: Name=OUTSIDE4_U_HEADER_WRP12
Added Net: Name=OUTSIDE4_U_HEADER_WRP13
Added Net: Name=OUTSIDE4_U_HEADER_WRP14
Added Net: Name=OUTSIDE4_U_HEADER_WRP15
Added Net: Name=OUTSIDE4_U_HEADER_WRP16
Added Net: Name=OUTSIDE5_U_HEADER_WRP1
Added Net: Name=OUTSIDE5_U_HEADER_WRP2
Added Net: Name=OUTSIDE5_U_HEADER_WRP3
Added Net: Name=OUTSIDE5_U_HEADER_WRP4
Added Net: Name=OUTSIDE5_U_HEADER_WRP5
Added Net: Name=OUTSIDE5_U_HEADER_WRP6
Added Net: Name=OUTSIDE5_U_HEADER_WRP7
Added Net: Name=OUTSIDE5_U_HEADER_WRP8
Added Net: Name=OUTSIDE5_U_HEADER_WRP9
Added Net: Name=OUTSIDE5_U_HEADER_WRP10
Added Net: Name=OUTSIDE5_U_HEADER_WRP11
Added Net: Name=OUTSIDE5_U_HEADER_WRP12
Added Net: Name=OUTSIDE5_U_HEADER_WRP13
Added Net: Name=OUTSIDE5_U_HEADER_WRP14
Added Net: Name=OUTSIDE5_U_HEADER_WRP15
Added Net: Name=OUTSIDE5_U_HEADER_WRP16
Added Net: Name=OUTSIDE6_U_HEADER_WRP1
Added Net: Name=OUTSIDE6_U_HEADER_WRP2
Added Net: Name=OUTSIDE6_U_HEADER_WRP3
Added Net: Name=OUTSIDE6_U_HEADER_WRP4
Added Net: Name=OUTSIDE6_U_HEADER_WRP5
Added Net: Name=OUTSIDE6_U_HEADER_WRP6
Added Net: Name=OUTSIDE6_U_HEADER_WRP7
Added Net: Name=OUTSIDE6_U_HEADER_WRP8
Added Net: Name=OUTSIDE6_U_HEADER_WRP9
Added Net: Name=OUTSIDE6_U_HEADER_WRP10
Added Net: Name=OUTSIDE6_U_HEADER_WRP11
Added Net: Name=OUTSIDE6_U_HEADER_WRP12
Added Net: Name=OUTSIDE6_U_HEADER_WRP13
Added Net: Name=OUTSIDE6_U_HEADER_WRP14
Added Net: Name=OUTSIDE6_U_HEADER_WRP15
Added Net: Name=OUTSIDE6_U_HEADER_WRP16
Added Net: Name=OUTSIDE7_U_HEADER_WRP1
Added Net: Name=OUTSIDE7_U_HEADER_WRP2
Added Net: Name=OUTSIDE7_U_HEADER_WRP3
Added Net: Name=OUTSIDE7_U_HEADER_WRP4
Added Net: Name=OUTSIDE7_U_HEADER_WRP5
Added Net: Name=OUTSIDE7_U_HEADER_WRP6
Added Net: Name=OUTSIDE7_U_HEADER_WRP7
Added Net: Name=OUTSIDE7_U_HEADER_WRP8
Added Net: Name=OUTSIDE7_U_HEADER_WRP9
Added Net: Name=OUTSIDE7_U_HEADER_WRP10
Added Net: Name=OUTSIDE7_U_HEADER_WRP11
Added Net: Name=OUTSIDE7_U_HEADER_WRP12
Added Net: Name=OUTSIDE7_U_HEADER_WRP13
Added Net: Name=OUTSIDE7_U_HEADER_WRP14
Added Net: Name=OUTSIDE7_U_HEADER_WRP15
Added Net: Name=OUTSIDE7_U_HEADER_WRP16
Added Net: Name=OUTSIDE8_U_HEADER_WRP1
Added Net: Name=OUTSIDE8_U_HEADER_WRP2
Added Net: Name=OUTSIDE8_U_HEADER_WRP3
Added Net: Name=OUTSIDE8_U_HEADER_WRP4
Added Net: Name=OUTSIDE8_U_HEADER_WRP5
Added Net: Name=OUTSIDE8_U_HEADER_WRP6
Added Net: Name=OUTSIDE8_U_HEADER_WRP7
Added Net: Name=OUTSIDE8_U_HEADER_WRP8
Added Net: Name=OUTSIDE8_U_HEADER_WRP9
Added Net: Name=OUTSIDE8_U_HEADER_WRP10
Added Net: Name=OUTSIDE8_U_HEADER_WRP11
Added Net: Name=OUTSIDE8_U_HEADER_WRP12
Added Net: Name=OUTSIDE8_U_HEADER_WRP13
Added Net: Name=OUTSIDE8_U_HEADER_WRP14
Added Net: Name=OUTSIDE8_U_HEADER_WRP15
Added Net: Name=OUTSIDE8_U_HEADER_WRP16
Added Net: Name=OUTSIDE9_U_HEADER_WRP1
Added Net: Name=OUTSIDE9_U_HEADER_WRP2
Added Net: Name=OUTSIDE9_U_HEADER_WRP3
Added Net: Name=OUTSIDE9_U_HEADER_WRP4
Added Net: Name=OUTSIDE9_U_HEADER_WRP5
Added Net: Name=OUTSIDE9_U_HEADER_WRP6
Added Net: Name=OUTSIDE9_U_HEADER_WRP7
Added Net: Name=OUTSIDE9_U_HEADER_WRP8
Added Net: Name=OUTSIDE9_U_HEADER_WRP9
Added Net: Name=OUTSIDE9_U_HEADER_WRP10
Added Net: Name=OUTSIDE9_U_HEADER_WRP11
Added Net: Name=OUTSIDE9_U_HEADER_WRP12
Added Net: Name=OUTSIDE9_U_HEADER_WRP13
Added Net: Name=OUTSIDE9_U_HEADER_WRP14
Added Net: Name=OUTSIDE9_U_HEADER_WRP15
Added Net: Name=OUTSIDE9_U_HEADER_WRP16
Added Net: Name=OUTSIDE10_U_HEADER_WRP1
Added Net: Name=OUTSIDE10_U_HEADER_WRP2
Added Net: Name=OUTSIDE10_U_HEADER_WRP3
Added Net: Name=OUTSIDE10_U_HEADER_WRP4
Added Net: Name=OUTSIDE10_U_HEADER_WRP5
Added Net: Name=OUTSIDE10_U_HEADER_WRP6
Added Net: Name=OUTSIDE10_U_HEADER_WRP7
Added Net: Name=OUTSIDE10_U_HEADER_WRP8
Added Net: Name=OUTSIDE10_U_HEADER_WRP9
Added Net: Name=OUTSIDE10_U_HEADER_WRP10
Added Net: Name=OUTSIDE10_U_HEADER_WRP11
Added Net: Name=OUTSIDE10_U_HEADER_WRP12
Added Net: Name=OUTSIDE10_U_HEADER_WRP13
Added Net: Name=OUTSIDE10_U_HEADER_WRP14
Added Net: Name=OUTSIDE10_U_HEADER_WRP15
Added Net: Name=OUTSIDE10_U_HEADER_WRP16
Added Net: Name=OUTSIDE11_U_HEADER_WRP1
Added Net: Name=OUTSIDE11_U_HEADER_WRP2
Added Net: Name=OUTSIDE11_U_HEADER_WRP3
Added Net: Name=OUTSIDE11_U_HEADER_WRP4
Added Net: Name=OUTSIDE11_U_HEADER_WRP5
Added Net: Name=OUTSIDE11_U_HEADER_WRP6
Added Net: Name=OUTSIDE11_U_HEADER_WRP7
Added Net: Name=OUTSIDE11_U_HEADER_WRP8
Added Net: Name=OUTSIDE11_U_HEADER_WRP9
Added Net: Name=OUTSIDE11_U_HEADER_WRP10
Added Net: Name=OUTSIDE11_U_HEADER_WRP11
Added Net: Name=OUTSIDE11_U_HEADER_WRP12
Added Net: Name=OUTSIDE11_U_HEADER_WRP13
Added Net: Name=OUTSIDE11_U_HEADER_WRP14
Added Net: Name=OUTSIDE11_U_HEADER_WRP15
Added Net: Name=OUTSIDE11_U_HEADER_WRP16
Added Net: Name=OUTSIDE12_U_HEADER_WRP1
Added Net: Name=OUTSIDE12_U_HEADER_WRP2
Added Net: Name=OUTSIDE12_U_HEADER_WRP3
Added Net: Name=OUTSIDE12_U_HEADER_WRP4
Added Net: Name=OUTSIDE12_U_HEADER_WRP5
Added Net: Name=OUTSIDE12_U_HEADER_WRP6
Added Net: Name=OUTSIDE12_U_HEADER_WRP7
Added Net: Name=OUTSIDE12_U_HEADER_WRP8
Added Net: Name=OUTSIDE12_U_HEADER_WRP9
Added Net: Name=OUTSIDE12_U_HEADER_WRP10
Added Net: Name=OUTSIDE12_U_HEADER_WRP11
Added Net: Name=OUTSIDE12_U_HEADER_WRP12
Added Net: Name=OUTSIDE12_U_HEADER_WRP13
Added Net: Name=OUTSIDE12_U_HEADER_WRP14
Added Net: Name=OUTSIDE12_U_HEADER_WRP15
Added Net: Name=OUTSIDE12_U_HEADER_WRP16
Added Net: Name=OUTSIDE13_U_HEADER_WRP1
Added Net: Name=OUTSIDE13_U_HEADER_WRP2
Added Net: Name=OUTSIDE13_U_HEADER_WRP3
Added Net: Name=OUTSIDE13_U_HEADER_WRP4
Added Net: Name=OUTSIDE13_U_HEADER_WRP5
Added Net: Name=OUTSIDE13_U_HEADER_WRP6
Added Net: Name=OUTSIDE13_U_HEADER_WRP7
Added Net: Name=OUTSIDE13_U_HEADER_WRP8
Added Net: Name=OUTSIDE13_U_HEADER_WRP9
Added Net: Name=OUTSIDE13_U_HEADER_WRP10
Added Net: Name=OUTSIDE13_U_HEADER_WRP11
Added Net: Name=OUTSIDE13_U_HEADER_WRP12
Added Net: Name=OUTSIDE13_U_HEADER_WRP13
Added Net: Name=OUTSIDE13_U_HEADER_WRP14
Added Net: Name=OUTSIDE13_U_HEADER_WRP15
Added Net: Name=OUTSIDE13_U_HEADER_WRP16
Added Net: Name=OUTSIDE14_U_HEADER_WRP1
Added Net: Name=OUTSIDE14_U_HEADER_WRP2
Added Net: Name=OUTSIDE14_U_HEADER_WRP3
Added Net: Name=OUTSIDE14_U_HEADER_WRP4
Added Net: Name=OUTSIDE14_U_HEADER_WRP5
Added Net: Name=OUTSIDE14_U_HEADER_WRP6
Added Net: Name=OUTSIDE14_U_HEADER_WRP7
Added Net: Name=OUTSIDE14_U_HEADER_WRP8
Added Net: Name=OUTSIDE14_U_HEADER_WRP9
Added Net: Name=OUTSIDE14_U_HEADER_WRP10
Added Net: Name=OUTSIDE14_U_HEADER_WRP11
Added Net: Name=OUTSIDE14_U_HEADER_WRP12
Added Net: Name=OUTSIDE14_U_HEADER_WRP13
Added Net: Name=OUTSIDE14_U_HEADER_WRP14
Added Net: Name=OUTSIDE14_U_HEADER_WRP15
Added Net: Name=OUTSIDE14_U_HEADER_WRP16
Added Net: Name=OUTSIDE15_U_HEADER_WRP1
Added Net: Name=OUTSIDE15_U_HEADER_WRP2
Added Net: Name=OUTSIDE15_U_HEADER_WRP3
Added Net: Name=OUTSIDE15_U_HEADER_WRP4
Added Net: Name=OUTSIDE15_U_HEADER_WRP5
Added Net: Name=OUTSIDE15_U_HEADER_WRP6
Added Net: Name=OUTSIDE15_U_HEADER_WRP7
Added Net: Name=OUTSIDE15_U_HEADER_WRP8
Added Net: Name=OUTSIDE15_U_HEADER_WRP9
Added Net: Name=OUTSIDE15_U_HEADER_WRP10
Added Net: Name=OUTSIDE15_U_HEADER_WRP11
Added Net: Name=OUTSIDE15_U_HEADER_WRP12
Added Net: Name=OUTSIDE15_U_HEADER_WRP13
Added Net: Name=OUTSIDE15_U_HEADER_WRP14
Added Net: Name=OUTSIDE15_U_HEADER_WRP15
Added Net: Name=OUTSIDE15_U_HEADER_WRP16
Added Net: Name=OVL0
Added Net: Name=OVL1
Added Net: Name=OVL2
Added Net: Name=OVL3
Added Net: Name=OVL4
Added Net: Name=OVL5
Added Net: Name=OVL6
Added Net: Name=OVL7
Added Net: Name=OVL8
Added Net: Name=OVL9
Added Net: Name=OVL10
Added Net: Name=OVL11
Added Net: Name=OVL12
Added Net: Name=OVL13
Added Net: Name=OVL14
Added Net: Name=OVL15
Added Net: Name=OVL16
Added Net: Name=OVL17
Added Net: Name=OVL18
Added Net: Name=OVL19
Added Net: Name=OVL20
Added Net: Name=OVL21
Added Net: Name=OVL22
Added Net: Name=OVL23
Added Net: Name=OVL24
Added Net: Name=OVL25
Added Net: Name=OVL26
Added Net: Name=OVL27
Added Net: Name=OVL28
Added Net: Name=OVL29
Added Net: Name=OVL30
Added Net: Name=OVL31
Added Net: Name=OVL32
Added Net: Name=OVL33
Added Net: Name=OVL34
Added Net: Name=OVL35
Added Net: Name=OVL36
Added Net: Name=OVL37
Added Net: Name=OVL38
Added Net: Name=OVL39
Added Net: Name=OVL40
Added Net: Name=OVL41
Added Net: Name=OVL42
Added Net: Name=OVL43
Added Net: Name=OVL44
Added Net: Name=OVL45
Added Net: Name=OVL46
Added Net: Name=OVL47
Added Net: Name=OVL48
Added Net: Name=OVL49
Added Net: Name=OVL50
Added Net: Name=OVL51
Added Net: Name=OVL52
Added Net: Name=OVL53
Added Net: Name=OVL54
Added Net: Name=OVL55
Added Net: Name=OVL56
Added Net: Name=OVL57
Added Net: Name=OVL58
Added Net: Name=OVL59
Added Net: Name=OVL60
Added Net: Name=OVL61
Added Net: Name=OVL62
Added Net: Name=OVL63
Added Net: Name=OVL64
Added Net: Name=OVL65
Added Net: Name=OVL66
Added Net: Name=OVL67
Added Net: Name=OVL68
Added Net: Name=OVL69
Added Net: Name=OVL70
Added Net: Name=OVL71
Added Net: Name=OVL72
Added Net: Name=OVL73
Added Net: Name=OVL74
Added Net: Name=OVL75
Added Net: Name=OVL76
Added Net: Name=OVL77
Added Net: Name=OVL78
Added Net: Name=OVL79
Added Net: Name=OVL80
Added Net: Name=OVL81
Added Net: Name=OVL82
Added Net: Name=OVL83
Added Net: Name=OVL84
Added Net: Name=OVL85
Added Net: Name=OVL86
Added Net: Name=OVL87
Added Net: Name=OVL88
Added Net: Name=OVL89
Added Net: Name=OVL90
Added Net: Name=OVL91
Added Net: Name=OVL92
Added Net: Name=OVL93
Added Net: Name=OVL94
Added Net: Name=OVL95
Added Net: Name=OVL96
Added Net: Name=OVL97
Added Net: Name=OVL98
Added Net: Name=OVL99
Added Net: Name=OVL100
Added Net: Name=OVL101
Added Net: Name=OVL102
Added Net: Name=OVL103
Added Net: Name=OVL104
Added Net: Name=OVL105
Added Net: Name=OVL106
Added Net: Name=OVL107
Added Net: Name=OVL108
Added Net: Name=OVL109
Added Net: Name=OVL110
Added Net: Name=OVL111
Added Net: Name=OVL112
Added Net: Name=OVL113
Added Net: Name=OVL114
Added Net: Name=OVL115
Added Net: Name=OVL116
Added Net: Name=OVL117
Added Net: Name=OVL118
Added Net: Name=OVL119
Added Net: Name=OVL120
Added Net: Name=OVL121
Added Net: Name=OVL122
Added Net: Name=OVL123
Added Net: Name=OVL124
Added Net: Name=OVL125
Added Net: Name=OVL126
Added Net: Name=OVL127
Added Net: Name=Q
Added Net: Name=SHCP
Added Net: Name=SRAM_ADDRC0
Added Net: Name=SRAM_ADDRC1
Added Net: Name=SRAM_ADDRC2
Added Net: Name=SRAM_ADDRC3
Added Net: Name=SRAM_ADDRC4
Added Net: Name=SRAM_ADDRC5
Added Net: Name=SRAM_ADDRC6
Added Net: Name=SRAM_ADDRC7
Added Net: Name=SRAM_ADDRC8
Added Net: Name=SRAM_ADDRC9
Added Net: Name=SRAM_ADDRC10
Added Net: Name=SRAM_ADDRC11
Added Net: Name=STCP
Added Pin To Net: NetName=VCC Pin=C2_U_VT_WRP1-1
Added Pin To Net: NetName=VCC Pin=C2_U_VT_WRP2-1
Added Pin To Net: NetName=VCC Pin=C2_U_VT_WRP3-1
Added Pin To Net: NetName=VCC Pin=C2_U_VT_WRP4-1
Added Pin To Net: NetName=VCC Pin=C2_U_VT_WRP5-1
Added Pin To Net: NetName=VCC Pin=C2_U_VT_WRP6-1
Added Pin To Net: NetName=VCC Pin=C2_U_VT_WRP7-1
Added Pin To Net: NetName=VCC Pin=C2_U_VT_WRP8-1
Added Pin To Net: NetName=VCC Pin=C2_U_VT_WRP9-1
Added Pin To Net: NetName=VCC Pin=C2_U_VT_WRP10-1
Added Pin To Net: NetName=VCC Pin=C2_U_VT_WRP11-1
Added Pin To Net: NetName=VCC Pin=C2_U_VT_WRP12-1
Added Pin To Net: NetName=VCC Pin=C2_U_VT_WRP13-1
Added Pin To Net: NetName=VCC Pin=C2_U_VT_WRP14-1
Added Pin To Net: NetName=VCC Pin=C2_U_VT_WRP15-1
Added Pin To Net: NetName=VCC Pin=C2_U_VT_WRP16-1
Added Net: Name=VCC
Added Net: Name=WE_BAR
Added Net: Name=ZIF0BUS0
Added Net: Name=ZIF0BUS1
Added Net: Name=ZIF0BUS2
Added Net: Name=ZIF0BUS3
Added Net: Name=ZIF0BUS4
Added Net: Name=ZIF0BUS5
Added Net: Name=ZIF0BUS6
Added Net: Name=ZIF0BUS7
Added Net: Name=ZIF10BUS0
Added Net: Name=ZIF10BUS1
Added Net: Name=ZIF10BUS2
Added Net: Name=ZIF10BUS3
Added Net: Name=ZIF10BUS4
Added Net: Name=ZIF10BUS5
Added Net: Name=ZIF10BUS6
Added Net: Name=ZIF10BUS7
Added Net: Name=ZIF11BUS0
Added Net: Name=ZIF11BUS1
Added Net: Name=ZIF11BUS2
Added Net: Name=ZIF11BUS3
Added Net: Name=ZIF11BUS4
Added Net: Name=ZIF11BUS5
Added Net: Name=ZIF11BUS6
Added Net: Name=ZIF11BUS7
Added Net: Name=ZIF130BUS6
Added Net: Name=~MR
Added Net: Name=~PL
Added Class: Name=U_COUNTER_WRP1
Added Class: Name=U_COUNTER_WRP2
Added Class: Name=U_COUNTER_WRP3
Added Class: Name=U_COUNTER_WRP4
Added Class: Name=U_FPGA_HEADER
Added Class: Name=U_HEADER_WRP1
Added Class: Name=U_HEADER_WRP2
Added Class: Name=U_HEADER_WRP3
Added Class: Name=U_HEADER_WRP4
Added Class: Name=U_HEADER_WRP5
Added Class: Name=U_HEADER_WRP6
Added Class: Name=U_HEADER_WRP7
Added Class: Name=U_HEADER_WRP8
Added Class: Name=U_HEADER_WRP9
Added Class: Name=U_HEADER_WRP10
Added Class: Name=U_HEADER_WRP11
Added Class: Name=U_HEADER_WRP12
Added Class: Name=U_HEADER_WRP13
Added Class: Name=U_HEADER_WRP14
Added Class: Name=U_HEADER_WRP15
Added Class: Name=U_HEADER_WRP16
Added Class: Name=U_OB_WRP1
Added Class: Name=U_OB_WRP2
Added Class: Name=U_OB_WRP3
Added Class: Name=U_OB_WRP4
Added Class: Name=U_OB_WRP5
Added Class: Name=U_OB_WRP6
Added Class: Name=U_OB_WRP7
Added Class: Name=U_OB_WRP8
Added Class: Name=U_OB_WRP9
Added Class: Name=U_OB_WRP10
Added Class: Name=U_OB_WRP11
Added Class: Name=U_OB_WRP12
Added Class: Name=U_OB_WRP13
Added Class: Name=U_OB_WRP14
Added Class: Name=U_OB_WRP15
Added Class: Name=U_OB_WRP16
Added Class: Name=U_SRAM_WRP1
Added Class: Name=U_SRAM_WRP2
Added Class: Name=U_SRAM_WRP3
Added Class: Name=U_SRAM_WRP4
Added Class: Name=U_SRAM_WRP5
Added Class: Name=U_SRAM_WRP6
Added Class: Name=U_SRAM_WRP7
Added Class: Name=U_SRAM_WRP8
Added Class: Name=U_VT_WRP1
Added Class: Name=U_VT_WRP2
Added Class: Name=U_VT_WRP3
Added Class: Name=U_VT_WRP4
Added Class: Name=U_VT_WRP5
Added Class: Name=U_VT_WRP6
Added Class: Name=U_VT_WRP7
Added Class: Name=U_VT_WRP8
Added Class: Name=U_VT_WRP9
Added Class: Name=U_VT_WRP10
Added Class: Name=U_VT_WRP11
Added Class: Name=U_VT_WRP12
Added Class: Name=U_VT_WRP13
Added Class: Name=U_VT_WRP14
Added Class: Name=U_VT_WRP15
Added Class: Name=U_VT_WRP16
Added Class: Name=U_ZIF_WRP
Added Class: Name=D[127..0]
Added Class: Name=DATA[127..0]
Added Class: Name=IVCC[127..0]
Added Class: Name=IVCC_I[127..0]
Added Class: Name=OVL[127..0]
Added Class: Name=OVL_O[127..0]
Added Class: Name=ZIF0BUS[7..0]
Added Class: Name=COUNTER_WRP
Added Class: Name=HEADER_BANK
Added Class: Name=HEADER_WRP
Added Class: Name=OB_WRP
Added Class: Name=SRAM_WRP
Added Class: Name=VT_WRP
Added Room: Name=U_COUNTER_WRP1
Added Room: Name=U_COUNTER_WRP2
Added Room: Name=U_COUNTER_WRP3
Added Room: Name=U_COUNTER_WRP4
Added Room: Name=U_FPGA_HEADER
Added Room: Name=U_HEADER_WRP1
Added Room: Name=U_HEADER_WRP2
Added Room: Name=U_HEADER_WRP3
Added Room: Name=U_HEADER_WRP4
Added Room: Name=U_HEADER_WRP5
Added Room: Name=U_HEADER_WRP6
Added Room: Name=U_HEADER_WRP7
Added Room: Name=U_HEADER_WRP8
Added Room: Name=U_HEADER_WRP9
Added Room: Name=U_HEADER_WRP10
Added Room: Name=U_HEADER_WRP11
Added Room: Name=U_HEADER_WRP12
Added Room: Name=U_HEADER_WRP13
Added Room: Name=U_HEADER_WRP14
Added Room: Name=U_HEADER_WRP15
Added Room: Name=U_HEADER_WRP16
Added Room: Name=U_OB_WRP1
Added Room: Name=U_OB_WRP2
Added Room: Name=U_OB_WRP3
Added Room: Name=U_OB_WRP4
Added Room: Name=U_OB_WRP5
Added Room: Name=U_OB_WRP6
Added Room: Name=U_OB_WRP7
Added Room: Name=U_OB_WRP8
Added Room: Name=U_OB_WRP9
Added Room: Name=U_OB_WRP10
Added Room: Name=U_OB_WRP11
Added Room: Name=U_OB_WRP12
Added Room: Name=U_OB_WRP13
Added Room: Name=U_OB_WRP14
Added Room: Name=U_OB_WRP15
Added Room: Name=U_OB_WRP16
Added Room: Name=U_SRAM_WRP1
Added Room: Name=U_SRAM_WRP2
Added Room: Name=U_SRAM_WRP3
Added Room: Name=U_SRAM_WRP4
Added Room: Name=U_SRAM_WRP5
Added Room: Name=U_SRAM_WRP6
Added Room: Name=U_SRAM_WRP7
Added Room: Name=U_SRAM_WRP8
Added Room: Name=U_VT_WRP1
Added Room: Name=U_VT_WRP2
Added Room: Name=U_VT_WRP3
Added Room: Name=U_VT_WRP4
Added Room: Name=U_VT_WRP5
Added Room: Name=U_VT_WRP6
Added Room: Name=U_VT_WRP7
Added Room: Name=U_VT_WRP8
Added Room: Name=U_VT_WRP9
Added Room: Name=U_VT_WRP10
Added Room: Name=U_VT_WRP11
Added Room: Name=U_VT_WRP12
Added Room: Name=U_VT_WRP13
Added Room: Name=U_VT_WRP14
Added Room: Name=U_VT_WRP15
Added Room: Name=U_VT_WRP16
Added Room: Name=U_ZIF_WRP
