Added Room: Name=U_COUNTER_WRP1
Added Room: Name=U_COUNTER_WRP2
Added Room: Name=U_COUNTER_WRP3
Added Room: Name=U_COUNTER_WRP4
Added Room: Name=U_FPGA_HEADER
Added Room: Name=U_HEADER_WRP1
Added Room: Name=U_HEADER_WRP2
Added Room: Name=U_HEADER_WRP3
Added Room: Name=U_HEADER_WRP4
Added Room: Name=U_HEADER_WRP5
Added Room: Name=U_HEADER_WRP6
Added Room: Name=U_HEADER_WRP7
Added Room: Name=U_HEADER_WRP8
Added Room: Name=U_HEADER_WRP9
Added Room: Name=U_HEADER_WRP10
Added Room: Name=U_HEADER_WRP11
Added Room: Name=U_HEADER_WRP12
Added Room: Name=U_HEADER_WRP13
Added Room: Name=U_HEADER_WRP14
Added Room: Name=U_HEADER_WRP15
Added Room: Name=U_HEADER_WRP16
Added Room: Name=U_OB_WRP1
Added Room: Name=U_OB_WRP2
Added Room: Name=U_OB_WRP3
Added Room: Name=U_OB_WRP4
Added Room: Name=U_OB_WRP5
Added Room: Name=U_OB_WRP6
Added Room: Name=U_OB_WRP7
Added Room: Name=U_OB_WRP8
Added Room: Name=U_OB_WRP9
Added Room: Name=U_OB_WRP10
Added Room: Name=U_OB_WRP11
Added Room: Name=U_OB_WRP12
Added Room: Name=U_OB_WRP13
Added Room: Name=U_OB_WRP14
Added Room: Name=U_OB_WRP15
Added Room: Name=U_OB_WRP16
Added Room: Name=U_SRAM_WRP1
Added Room: Name=U_SRAM_WRP2
Added Room: Name=U_SRAM_WRP3
Added Room: Name=U_SRAM_WRP4
Added Room: Name=U_SRAM_WRP5
Added Room: Name=U_SRAM_WRP6
Added Room: Name=U_SRAM_WRP7
Added Room: Name=U_SRAM_WRP8
Added Room: Name=U_VT_WRP1
Added Room: Name=U_VT_WRP2
Added Room: Name=U_VT_WRP3
Added Room: Name=U_VT_WRP4
Added Room: Name=U_VT_WRP5
Added Room: Name=U_VT_WRP6
Added Room: Name=U_VT_WRP7
Added Room: Name=U_VT_WRP8
Added Room: Name=U_VT_WRP9
Added Room: Name=U_VT_WRP10
Added Room: Name=U_VT_WRP11
Added Room: Name=U_VT_WRP12
Added Room: Name=U_VT_WRP13
Added Room: Name=U_VT_WRP14
Added Room: Name=U_VT_WRP15
Added Room: Name=U_VT_WRP16
Added Room: Name=U_ZIF_WRP
