ISim log file
Running: C:\Users\dkhoury\Desktop\SourceTree-Masters\explorations\clocking\NewReconfClockGen\CLOCK_GEN_TB_isim_beh.exe -intstyle ise -gui -tclbatch isim.cmd -wdb C:/Users/dkhoury/Desktop/SourceTree-Masters/explorations/clocking/NewReconfClockGen/CLOCK_GEN_TB_isim_beh.wdb 
ISim P.20131013 (signature 0x7708f090)
WARNING: A WEBPACK license was found.
WARNING: Please use Xilinx License Configuration Manager to check out a full ISim license.
WARNING: ISim will run in Lite mode. Please refer to the ISim documentation for more information on the differences between the Lite and the Full version.
This is a Lite version of ISim.
Time resolution is 1 ps
# onerror resume
# wave add /
# run 1000 ns
Simulator is doing circuit initialization process.
Finished circuit initialization process.
# restart
# restart
# restart
# run all
Simulator is doing circuit initialization process.
Finished circuit initialization process.
Stopped at time : 849809 ns : File "C:/Users/dkhoury/Desktop/SourceTree-Masters/explorations/clocking/NewReconfClockGen/SYNCHRONIZER.v" Line 15
ISim P.20131013 (signature 0x7708f090)
WARNING: A WEBPACK license was found.
WARNING: Please use Xilinx License Configuration Manager to check out a full ISim license.
WARNING: ISim will run in Lite mode. Please refer to the ISim documentation for more information on the differences between the Lite and the Full version.
This is a Lite version of ISim.
# run 1000 ns
Simulator is doing circuit initialization process.
Finished circuit initialization process.
ISim P.20131013 (signature 0x7708f090)
WARNING: A WEBPACK license was found.
WARNING: Please use Xilinx License Configuration Manager to check out a full ISim license.
WARNING: ISim will run in Lite mode. Please refer to the ISim documentation for more information on the differences between the Lite and the Full version.
This is a Lite version of ISim.
# run 1000 ns
Simulator is doing circuit initialization process.
Finished circuit initialization process.
# restart
# run all
Simulator is doing circuit initialization process.
Finished circuit initialization process.
Stopped at time : 322205 ns : File "C:/Users/dkhoury/Desktop/SourceTree-Masters/explorations/clocking/NewReconfClockGen/RECONF_PULSE_GEN.v" Line 131
# restart
# run all
Simulator is doing circuit initialization process.
Finished circuit initialization process.
Stopped at time : 134817 ns : File "C:/Users/dkhoury/Desktop/SourceTree-Masters/explorations/clocking/NewReconfClockGen/SYNCHRONIZER.v" Line 15
ISim P.20131013 (signature 0x7708f090)
WARNING: A WEBPACK license was found.
WARNING: Please use Xilinx License Configuration Manager to check out a full ISim license.
WARNING: ISim will run in Lite mode. Please refer to the ISim documentation for more information on the differences between the Lite and the Full version.
This is a Lite version of ISim.
# run 1000 ns
Simulator is doing circuit initialization process.
Finished circuit initialization process.
# run all
Stopped at time : 429193 ns : File "C:/Users/dkhoury/Desktop/SourceTree-Masters/explorations/clocking/NewReconfClockGen/SYNCHRONIZER.v" Line 15
ISim P.20131013 (signature 0x7708f090)
WARNING: A WEBPACK license was found.
WARNING: Please use Xilinx License Configuration Manager to check out a full ISim license.
WARNING: ISim will run in Lite mode. Please refer to the ISim documentation for more information on the differences between the Lite and the Full version.
This is a Lite version of ISim.
# run 1000 ns
Simulator is doing circuit initialization process.
Finished circuit initialization process.
# restart
# run all
Simulator is doing circuit initialization process.
Finished circuit initialization process.
Stopped at time : 554025 ns : File "C:/Users/dkhoury/Desktop/SourceTree-Masters/explorations/clocking/NewReconfClockGen/CLOCK_GEN_TB.v" Line 53
ISim P.20131013 (signature 0x7708f090)
WARNING: A WEBPACK license was found.
WARNING: Please use Xilinx License Configuration Manager to check out a full ISim license.
WARNING: ISim will run in Lite mode. Please refer to the ISim documentation for more information on the differences between the Lite and the Full version.
This is a Lite version of ISim.
# run 1000 ns
Simulator is doing circuit initialization process.
Finished circuit initialization process.
# restart
# run all
Simulator is doing circuit initialization process.
Finished circuit initialization process.
Stopped at time : 285045 ns : File "C:/Users/dkhoury/Desktop/SourceTree-Masters/explorations/clocking/NewReconfClockGen/SYNCHRONIZER.v" Line 15
