Release 14.7 - xst P.20131013 (nt64)
Copyright (c) 1995-2013 Xilinx, Inc.  All rights reserved.
--> Parameter TMPDIR set to xst/projnav.tmp


Total REAL time to Xst completion: 0.00 secs
Total CPU time to Xst completion: 0.08 secs
 
--> Parameter xsthdpdir set to xst


Total REAL time to Xst completion: 0.00 secs
Total CPU time to Xst completion: 0.08 secs
 
--> Reading design: RECONF_PULSE_GEN.prj

TABLE OF CONTENTS
  1) Synthesis Options Summary
  2) HDL Parsing
  3) HDL Elaboration
  4) HDL Synthesis
       4.1) HDL Synthesis Report
  5) Advanced HDL Synthesis
       5.1) Advanced HDL Synthesis Report
  6) Low Level Synthesis
  7) Partition Report
  8) Design Summary
       8.1) Primitive and Black Box Usage
       8.2) Device utilization summary
       8.3) Partition Resource Summary
       8.4) Timing Report
            8.4.1) Clock Information
            8.4.2) Asynchronous Control Signals Information
            8.4.3) Timing Summary
            8.4.4) Timing Details
            8.4.5) Cross Clock Domains Report


=========================================================================
*                      Synthesis Options Summary                        *
=========================================================================
---- Source Parameters
Input File Name                    : "RECONF_PULSE_GEN.prj"
Ignore Synthesis Constraint File   : NO

---- Target Parameters
Output File Name                   : "RECONF_PULSE_GEN"
Output Format                      : NGC
Target Device                      : xc7a100t-3-csg324

---- Source Options
Top Module Name                    : RECONF_PULSE_GEN
Automatic FSM Extraction           : YES
FSM Encoding Algorithm             : Auto
Safe Implementation                : No
FSM Style                          : LUT
RAM Extraction                     : Yes
RAM Style                          : Auto
ROM Extraction                     : Yes
Shift Register Extraction          : YES
ROM Style                          : Auto
Resource Sharing                   : YES
Asynchronous To Synchronous        : NO
Shift Register Minimum Size        : 2
Use DSP Block                      : Auto
Automatic Register Balancing       : No

---- Target Options
LUT Combining                      : Auto
Reduce Control Sets                : Auto
Add IO Buffers                     : YES
Global Maximum Fanout              : 100000
Add Generic Clock Buffer(BUFG)     : 32
Register Duplication               : YES
Optimize Instantiated Primitives   : NO
Use Clock Enable                   : Auto
Use Synchronous Set                : Auto
Use Synchronous Reset              : Auto
Pack IO Registers into IOBs        : Auto
Equivalent register Removal        : YES

---- General Options
Optimization Goal                  : Speed
Optimization Effort                : 0
Power Reduction                    : NO
Keep Hierarchy                     : No
Netlist Hierarchy                  : As_Optimized
RTL Output                         : Yes
Global Optimization                : AllClockNets
Read Cores                         : YES
Write Timing Constraints           : NO
Cross Clock Analysis               : NO
Hierarchy Separator                : /
Bus Delimiter                      : <>
Case Specifier                     : Maintain
Slice Utilization Ratio            : 100
BRAM Utilization Ratio             : 100
DSP48 Utilization Ratio            : 100
Auto BRAM Packing                  : NO
Slice Utilization Ratio Delta      : 5

=========================================================================


=========================================================================
*                          HDL Parsing                                  *
=========================================================================
Analyzing Verilog file "C:\Users\dkhoury\Desktop\SourceTree-Masters\explorations\clocking\NewReconfClockGen\RECONF_PULSE_GEN.v" into library work
Parsing module <RECONF_PULSE_GEN>.

=========================================================================
*                            HDL Elaboration                            *
=========================================================================

Elaborating module <RECONF_PULSE_GEN>.

=========================================================================
*                           HDL Synthesis                               *
=========================================================================

Synthesizing Unit <RECONF_PULSE_GEN>.
    Related source file is "C:\Users\dkhoury\Desktop\SourceTree-Masters\explorations\clocking\NewReconfClockGen\RECONF_PULSE_GEN.v".
        IDLE = 3'b000
        INITIALIZE = 3'b001
        DELAY = 3'b010
        COUNT_UP = 3'b011
        COUNT_DOWN = 3'b100
    Found 7-bit register for signal <HIGH_COUNTER>.
    Found 7-bit register for signal <LOW_COUNTER>.
    Found 7-bit register for signal <DELAY_COUNTER>.
    Found 3-bit register for signal <PS>.
    Found finite state machine <FSM_0> for signal <PS>.
    -----------------------------------------------------------------------
    | States             | 5                                              |
    | Transitions        | 11                                             |
    | Inputs             | 6                                              |
    | Outputs            | 5                                              |
    | Clock              | CLK (rising_edge)                              |
    | Reset              | RST (positive)                                 |
    | Reset type         | synchronous                                    |
    | Reset State        | 000                                            |
    | Encoding           | auto                                           |
    | Implementation     | LUT                                            |
    -----------------------------------------------------------------------
    Found 7-bit adder for signal <HIGH_COUNTER[6]_GND_1_o_add_5_OUT> created at line 80.
    Found 7-bit adder for signal <LOW_COUNTER[6]_GND_1_o_add_8_OUT> created at line 88.
    Found 7-bit adder for signal <DELAY_COUNTER[6]_GND_1_o_add_11_OUT> created at line 96.
    Found 7-bit comparator equal for signal <HIGH_COUNTER[6]_HIGH_LEVEL_LIMIT[6]_equal_5_o> created at line 76
    Found 7-bit comparator equal for signal <LOW_COUNTER[6]_LOW_LEVEL_LIMIT[6]_equal_8_o> created at line 84
    Found 7-bit comparator equal for signal <DELAY_COUNTER[6]_DELAY_LIMIT[6]_equal_11_o> created at line 92
    Summary:
	inferred   3 Adder/Subtractor(s).
	inferred  21 D-type flip-flop(s).
	inferred   3 Comparator(s).
	inferred   3 Multiplexer(s).
	inferred   1 Finite State Machine(s).
Unit <RECONF_PULSE_GEN> synthesized.

=========================================================================
HDL Synthesis Report

Macro Statistics
# Adders/Subtractors                                   : 3
 7-bit adder                                           : 3
# Registers                                            : 3
 7-bit register                                        : 3
# Comparators                                          : 3
 7-bit comparator equal                                : 3
# Multiplexers                                         : 3
 7-bit 2-to-1 multiplexer                              : 3
# FSMs                                                 : 1

=========================================================================

=========================================================================
*                       Advanced HDL Synthesis                          *
=========================================================================


Synthesizing (advanced) Unit <RECONF_PULSE_GEN>.
The following registers are absorbed into counter <LOW_COUNTER>: 1 register on signal <LOW_COUNTER>.
The following registers are absorbed into counter <HIGH_COUNTER>: 1 register on signal <HIGH_COUNTER>.
The following registers are absorbed into counter <DELAY_COUNTER>: 1 register on signal <DELAY_COUNTER>.
Unit <RECONF_PULSE_GEN> synthesized (advanced).

=========================================================================
Advanced HDL Synthesis Report

Macro Statistics
# Counters                                             : 3
 7-bit up counter                                      : 3
# Comparators                                          : 3
 7-bit comparator equal                                : 3
# FSMs                                                 : 1

=========================================================================

=========================================================================
*                         Low Level Synthesis                           *
=========================================================================
Analyzing FSM <MFsm> for best encoding.
Optimizing FSM <FSM_0> on signal <PS[1:3]> with gray encoding.
-------------------
 State | Encoding
-------------------
 000   | 000
 001   | 001
 010   | 011
 011   | 010
 100   | 110
-------------------

Optimizing unit <RECONF_PULSE_GEN> ...

Mapping all equations...
Building and optimizing final netlist ...
Found area constraint ratio of 100 (+ 5) on block RECONF_PULSE_GEN, actual ratio is 0.

Final Macro Processing ...

=========================================================================
Final Register Report

Macro Statistics
# Registers                                            : 24
 Flip-Flops                                            : 24

=========================================================================

=========================================================================
*                           Partition Report                            *
=========================================================================

Partition Implementation Status
-------------------------------

  No Partitions were found in this design.

-------------------------------

=========================================================================
*                            Design Summary                             *
=========================================================================

Top Level Output File Name         : RECONF_PULSE_GEN.ngc

Primitive and Black Box Usage:
------------------------------
# BELS                             : 50
#      LUT2                        : 5
#      LUT3                        : 6
#      LUT4                        : 8
#      LUT5                        : 11
#      LUT6                        : 20
# FlipFlops/Latches                : 24
#      FDR                         : 24
# Clock Buffers                    : 1
#      BUFGP                       : 1
# IO Buffers                       : 26
#      IBUF                        : 24
#      OBUF                        : 2

Device utilization summary:
---------------------------

Selected Device : 7a100tcsg324-3 


Slice Logic Utilization: 
 Number of Slice Registers:              24  out of  126800     0%  
 Number of Slice LUTs:                   50  out of  63400     0%  
    Number used as Logic:                50  out of  63400     0%  

Slice Logic Distribution: 
 Number of LUT Flip Flop pairs used:     50
   Number with an unused Flip Flop:      26  out of     50    52%  
   Number with an unused LUT:             0  out of     50     0%  
   Number of fully used LUT-FF pairs:    24  out of     50    48%  
   Number of unique control sets:         4

IO Utilization: 
 Number of IOs:                          27
 Number of bonded IOBs:                  27  out of    210    12%  

Specific Feature Utilization:
 Number of BUFG/BUFGCTRLs:                1  out of     32     3%  

---------------------------
Partition Resource Summary:
---------------------------

  No Partitions were found in this design.

---------------------------


=========================================================================
Timing Report

NOTE: THESE TIMING NUMBERS ARE ONLY A SYNTHESIS ESTIMATE.
      FOR ACCURATE TIMING INFORMATION PLEASE REFER TO THE TRACE REPORT
      GENERATED AFTER PLACE-and-ROUTE.

Clock Information:
------------------
-----------------------------------+------------------------+-------+
Clock Signal                       | Clock buffer(FF name)  | Load  |
-----------------------------------+------------------------+-------+
CLK                                | BUFGP                  | 24    |
-----------------------------------+------------------------+-------+

Asynchronous Control Signals Information:
----------------------------------------
No asynchronous control signals found in this design

Timing Summary:
---------------
Speed Grade: -3

   Minimum period: 1.966ns (Maximum Frequency: 508.569MHz)
   Minimum input arrival time before clock: 2.055ns
   Maximum output required time after clock: 1.267ns
   Maximum combinational path delay: No path found

Timing Details:
---------------
All values displayed in nanoseconds (ns)

=========================================================================
Timing constraint: Default period analysis for Clock 'CLK'
  Clock period: 1.966ns (frequency: 508.569MHz)
  Total number of paths / destination ports: 298 / 45
-------------------------------------------------------------------------
Delay:               1.966ns (Levels of Logic = 3)
  Source:            HIGH_COUNTER_6 (FF)
  Destination:       PS_FSM_FFd1 (FF)
  Source Clock:      CLK rising
  Destination Clock: CLK rising

  Data Path: HIGH_COUNTER_6 to PS_FSM_FFd1
                                Gate     Net
    Cell:in->out      fanout   Delay   Delay  Logical Name (Net Name)
    ----------------------------------------  ------------
     FDR:C->Q              2   0.361   0.515  HIGH_COUNTER_6 (HIGH_COUNTER_6)
     LUT6:I3->O            7   0.097   0.407  HIGH_COUNTER[6]_HIGH_LEVEL_LIMIT[6]_equal_5_o72 (HIGH_COUNTER[6]_HIGH_LEVEL_LIMIT[6]_equal_5_o71)
     LUT4:I2->O            2   0.097   0.383  HIGH_COUNTER[6]_HIGH_LEVEL_LIMIT[6]_equal_5_o73 (HIGH_COUNTER[6]_HIGH_LEVEL_LIMIT[6]_equal_5_o)
     LUT5:I3->O            1   0.097   0.000  PS_FSM_FFd1-In1 (PS_FSM_FFd1-In)
     FDR:D                     0.008          PS_FSM_FFd1
    ----------------------------------------
    Total                      1.966ns (0.660ns logic, 1.306ns route)
                                       (33.6% logic, 66.4% route)

=========================================================================
Timing constraint: Default OFFSET IN BEFORE for Clock 'CLK'
  Total number of paths / destination ports: 202 / 48
-------------------------------------------------------------------------
Offset:              2.055ns (Levels of Logic = 4)
  Source:            DELAY_LIMIT<2> (PAD)
  Destination:       PS_FSM_FFd3 (FF)
  Destination Clock: CLK rising

  Data Path: DELAY_LIMIT<2> to PS_FSM_FFd3
                                Gate     Net
    Cell:in->out      fanout   Delay   Delay  Logical Name (Net Name)
    ----------------------------------------  ------------
     IBUF:I->O             2   0.001   0.688  DELAY_LIMIT_2_IBUF (DELAY_LIMIT_2_IBUF)
     LUT5:I0->O            1   0.097   0.556  PS_FSM_FFd3-In1 (PS_FSM_FFd3-In1)
     LUT6:I2->O            1   0.097   0.511  DELAY_COUNTER[6]_DELAY_LIMIT[6]_equal_11_o73_SW2 (N12)
     LUT6:I3->O            1   0.097   0.000  PS_FSM_FFd3-In3 (PS_FSM_FFd3-In)
     FDR:D                     0.008          PS_FSM_FFd3
    ----------------------------------------
    Total                      2.055ns (0.300ns logic, 1.755ns route)
                                       (14.6% logic, 85.4% route)

=========================================================================
Timing constraint: Default OFFSET OUT AFTER for Clock 'CLK'
  Total number of paths / destination ports: 5 / 2
-------------------------------------------------------------------------
Offset:              1.267ns (Levels of Logic = 2)
  Source:            PS_FSM_FFd1 (FF)
  Destination:       SEL (PAD)
  Source Clock:      CLK rising

  Data Path: PS_FSM_FFd1 to SEL
                                Gate     Net
    Cell:in->out      fanout   Delay   Delay  Logical Name (Net Name)
    ----------------------------------------  ------------
     FDR:C->Q              5   0.361   0.530  PS_FSM_FFd1 (PS_FSM_FFd1)
     LUT3:I0->O            1   0.097   0.279  PS_FSM_FFd1-In11 (SEL_OBUF)
     OBUF:I->O                 0.000          SEL_OBUF (SEL)
    ----------------------------------------
    Total                      1.267ns (0.458ns logic, 0.809ns route)
                                       (36.1% logic, 63.9% route)

=========================================================================

Cross Clock Domains Report:
--------------------------

Clock to Setup on destination clock CLK
---------------+---------+---------+---------+---------+
               | Src:Rise| Src:Fall| Src:Rise| Src:Fall|
Source Clock   |Dest:Rise|Dest:Rise|Dest:Fall|Dest:Fall|
---------------+---------+---------+---------+---------+
CLK            |    1.966|         |         |         |
---------------+---------+---------+---------+---------+

=========================================================================


Total REAL time to Xst completion: 8.00 secs
Total CPU time to Xst completion: 7.54 secs
 
--> 

Total memory usage is 446784 kilobytes

Number of errors   :    0 (   0 filtered)
Number of warnings :    0 (   0 filtered)
Number of infos    :    0 (   0 filtered)

