Added Component: Designator=P1(HDR1X11)
Added Component: Designator=P2(HDR1X11)
Added Component: Designator=P3(TSOP80P1180X119-44N)
Added Component: Designator=P4(HDR1X11)
Added Component: Designator=P5(HDR1X11)
Added Pin To Net: NetName=NetP1_1 Pin=P1-1
Added Pin To Net: NetName=NetP1_2 Pin=P1-2
Added Pin To Net: NetName=NetP1_3 Pin=P1-3
Added Pin To Net: NetName=NetP1_4 Pin=P1-4
Added Pin To Net: NetName=NetP1_5 Pin=P1-5
Added Pin To Net: NetName=NetP1_6 Pin=P1-6
Added Pin To Net: NetName=NetP1_7 Pin=P1-7
Added Pin To Net: NetName=NetP1_8 Pin=P1-8
Added Pin To Net: NetName=NetP1_9 Pin=P1-9
Added Pin To Net: NetName=NetP1_10 Pin=P1-10
Added Pin To Net: NetName=NetP1_11 Pin=P1-11
Added Pin To Net: NetName=NetP2_1 Pin=P2-1
Added Pin To Net: NetName=NetP2_2 Pin=P2-2
Added Pin To Net: NetName=NetP2_3 Pin=P2-3
Added Pin To Net: NetName=NetP2_4 Pin=P2-4
Added Pin To Net: NetName=NetP2_5 Pin=P2-5
Added Pin To Net: NetName=NetP2_6 Pin=P2-6
Added Pin To Net: NetName=NetP2_7 Pin=P2-7
Added Pin To Net: NetName=NetP2_8 Pin=P2-8
Added Pin To Net: NetName=NetP2_9 Pin=P2-9
Added Pin To Net: NetName=NetP2_10 Pin=P2-10
Added Pin To Net: NetName=NetP2_11 Pin=P2-11
Added Pin To Net: NetName=NetP3_11 Pin=P3-11
Added Pin To Net: NetName=NetP3_12 Pin=P3-12
Added Pin To Net: NetName=NetP3_13 Pin=P3-13
Added Pin To Net: NetName=NetP3_14 Pin=P3-14
Added Pin To Net: NetName=NetP3_15 Pin=P3-15
Added Pin To Net: NetName=NetP3_16 Pin=P3-16
Added Pin To Net: NetName=NetP3_17 Pin=P3-17
Added Pin To Net: NetName=NetP3_18 Pin=P3-18
Added Pin To Net: NetName=NetP3_19 Pin=P3-19
Added Pin To Net: NetName=NetP3_20 Pin=P3-20
Added Pin To Net: NetName=NetP3_21 Pin=P3-21
Added Pin To Net: NetName=NetP3_22 Pin=P3-22
Added Pin To Net: NetName=NetP1_1 Pin=P3-23
Added Pin To Net: NetName=NetP1_2 Pin=P3-24
Added Pin To Net: NetName=NetP1_3 Pin=P3-25
Added Pin To Net: NetName=NetP1_4 Pin=P3-26
Added Pin To Net: NetName=NetP1_5 Pin=P3-27
Added Pin To Net: NetName=NetP1_6 Pin=P3-28
Added Pin To Net: NetName=NetP1_7 Pin=P3-29
Added Pin To Net: NetName=NetP1_8 Pin=P3-30
Added Pin To Net: NetName=NetP1_9 Pin=P3-31
Added Pin To Net: NetName=NetP1_10 Pin=P3-32
Added Pin To Net: NetName=NetP1_11 Pin=P3-33
Added Pin To Net: NetName=NetP2_1 Pin=P3-34
Added Pin To Net: NetName=NetP2_2 Pin=P3-35
Added Pin To Net: NetName=NetP2_3 Pin=P3-36
Added Pin To Net: NetName=NetP2_4 Pin=P3-37
Added Pin To Net: NetName=NetP2_5 Pin=P3-38
Added Pin To Net: NetName=NetP2_6 Pin=P3-39
Added Pin To Net: NetName=NetP2_7 Pin=P3-40
Added Pin To Net: NetName=NetP2_8 Pin=P3-41
Added Pin To Net: NetName=NetP2_9 Pin=P3-42
Added Pin To Net: NetName=NetP2_10 Pin=P3-43
Added Pin To Net: NetName=NetP2_11 Pin=P3-44
Added Pin To Net: NetName=NetP3_12 Pin=P4-1
Added Pin To Net: NetName=NetP3_13 Pin=P4-2
Added Pin To Net: NetName=NetP3_14 Pin=P4-3
Added Pin To Net: NetName=NetP3_15 Pin=P4-4
Added Pin To Net: NetName=NetP3_16 Pin=P4-5
Added Pin To Net: NetName=NetP3_17 Pin=P4-6
Added Pin To Net: NetName=NetP3_18 Pin=P4-7
Added Pin To Net: NetName=NetP3_19 Pin=P4-8
Added Pin To Net: NetName=NetP3_20 Pin=P4-9
Added Pin To Net: NetName=NetP3_21 Pin=P4-10
Added Pin To Net: NetName=NetP3_22 Pin=P4-11
Added Pin To Net: NetName=NetP3_11 Pin=P5-11
Added Pin To Net: NetName=NetP3_1 Pin=P3-1
Added Pin To Net: NetName=NetP3_1 Pin=P5-1
Added Net: Name=NetP3_1
Added Pin To Net: NetName=NetP3_2 Pin=P3-2
Added Pin To Net: NetName=NetP3_2 Pin=P5-2
Added Net: Name=NetP3_2
Added Pin To Net: NetName=NetP3_3 Pin=P3-3
Added Pin To Net: NetName=NetP3_3 Pin=P5-3
Added Net: Name=NetP3_3
Added Pin To Net: NetName=NetP3_4 Pin=P3-4
Added Pin To Net: NetName=NetP3_4 Pin=P5-4
Added Net: Name=NetP3_4
Added Pin To Net: NetName=NetP3_5 Pin=P3-5
Added Pin To Net: NetName=NetP3_5 Pin=P5-5
Added Net: Name=NetP3_5
Added Pin To Net: NetName=NetP3_6 Pin=P3-6
Added Pin To Net: NetName=NetP3_6 Pin=P5-6
Added Net: Name=NetP3_6
Added Pin To Net: NetName=NetP3_7 Pin=P3-7
Added Pin To Net: NetName=NetP3_7 Pin=P5-7
Added Net: Name=NetP3_7
Added Pin To Net: NetName=NetP3_8 Pin=P3-8
Added Pin To Net: NetName=NetP3_8 Pin=P5-8
Added Net: Name=NetP3_8
Added Pin To Net: NetName=NetP3_9 Pin=P3-9
Added Pin To Net: NetName=NetP3_9 Pin=P5-9
Added Net: Name=NetP3_9
Added Pin To Net: NetName=NetP3_10 Pin=P3-10
Added Pin To Net: NetName=NetP3_10 Pin=P5-10
Added Net: Name=NetP3_10
Added Member To Class: ClassName=44TSOPBreakout Member=Component P1 Header 11
Added Member To Class: ClassName=44TSOPBreakout Member=Component P2 Header 11
Added Member To Class: ClassName=44TSOPBreakout Member=Component P3 71V016SA10PHG8
Added Member To Class: ClassName=44TSOPBreakout Member=Component P4 Header 11
Added Member To Class: ClassName=44TSOPBreakout Member=Component P5 Header 11
