Added Component: Designator=-5V(CP-002BHPJCT-ND)
Added Component: Designator=0.1uF_0_U_VT1(0.1uF_0603)
Added Component: Designator=0.1uF_0_U_VT2(0.1uF_0603)
Added Component: Designator=0.1uF_0_U_VT3(0.1uF_0603)
Added Component: Designator=0.1uF_0_U_VT4(0.1uF_0603)
Added Component: Designator=0.1uF_0_U_VT5(0.1uF_0603)
Added Component: Designator=0.1uF_0_U_VT6(0.1uF_0603)
Added Component: Designator=0.1uF_0_U_VT7(0.1uF_0603)
Added Component: Designator=0.1uF_0_U_VT8(0.1uF_0603)
Added Component: Designator=0.1uF_1_U_VT1(0.1uF_0603)
Added Component: Designator=0.1uF_1_U_VT2(0.1uF_0603)
Added Component: Designator=0.1uF_1_U_VT3(0.1uF_0603)
Added Component: Designator=0.1uF_1_U_VT4(0.1uF_0603)
Added Component: Designator=0.1uF_1_U_VT5(0.1uF_0603)
Added Component: Designator=0.1uF_1_U_VT6(0.1uF_0603)
Added Component: Designator=0.1uF_1_U_VT7(0.1uF_0603)
Added Component: Designator=0.1uF_1_U_VT8(0.1uF_0603)
Added Component: Designator=0.1uF_3_U_VT1(0.1uF_0603)
Added Component: Designator=0.1uF_3_U_VT2(0.1uF_0603)
Added Component: Designator=0.1uF_3_U_VT3(0.1uF_0603)
Added Component: Designator=0.1uF_3_U_VT4(0.1uF_0603)
Added Component: Designator=0.1uF_3_U_VT5(0.1uF_0603)
Added Component: Designator=0.1uF_3_U_VT6(0.1uF_0603)
Added Component: Designator=0.1uF_3_U_VT7(0.1uF_0603)
Added Component: Designator=0.1uF_3_U_VT8(0.1uF_0603)
Added Component: Designator=0.1uF_4_U_VT1(0.1uF_0603)
Added Component: Designator=0.1uF_4_U_VT2(0.1uF_0603)
Added Component: Designator=0.1uF_4_U_VT3(0.1uF_0603)
Added Component: Designator=0.1uF_4_U_VT4(0.1uF_0603)
Added Component: Designator=0.1uF_4_U_VT5(0.1uF_0603)
Added Component: Designator=0.1uF_4_U_VT6(0.1uF_0603)
Added Component: Designator=0.1uF_4_U_VT7(0.1uF_0603)
Added Component: Designator=0.1uF_4_U_VT8(0.1uF_0603)
Added Component: Designator=1_U_Power_Control1(0.1uF_0603)
Added Component: Designator=1_U_Power_Control2(0.1uF_0603)
Added Component: Designator=2_U_Power_Control1(0.1uF_0603)
Added Component: Designator=2_U_Power_Control2(0.1uF_0603)
Added Component: Designator=3_U_Power_Control1(0.1uF_0603)
Added Component: Designator=3_U_Power_Control2(0.1uF_0603)
Added Component: Designator=3V3(CP-002BHPJCT-ND)
Added Component: Designator=4_U_Power_Control1(0.1uF_0603)
Added Component: Designator=4_U_Power_Control2(0.1uF_0603)
Added Component: Designator=5_U_Power_Control1(0.1uF_0603)
Added Component: Designator=5_U_Power_Control2(0.1uF_0603)
Added Component: Designator=6_U_Power_Control1(0.1uF_0603)
Added Component: Designator=6_U_Power_Control2(0.1uF_0603)
Added Component: Designator=12V.(CP-002BHPJCT-ND)
Added Component: Designator=BBB(BBB_Pin)
Added Component: Designator=D1_U_Power_Control1(DO-41)
Added Component: Designator=D1_U_Power_Control2(DO-41)
Added Component: Designator=D2_U_Power_Control1(DO-41)
Added Component: Designator=D2_U_Power_Control2(DO-41)
Added Component: Designator=ETH1(FEMALE_HEADER_SMD)
Added Component: Designator=ETH2(FEMALE_HEADER_SMD)
Added Component: Designator=ETH3(FEMALE_HEADER_SMD)
Added Component: Designator=ETH4(FEMALE_HEADER_SMD)
Added Component: Designator=ETH_U_DUT_HEADER1(FEMALE_HEADER_SMD)
Added Component: Designator=ETH_U_DUT_HEADER2(FEMALE_HEADER_SMD)
Added Component: Designator=ETH_U_DUT_HEADER3(FEMALE_HEADER_SMD)
Added Component: Designator=ETH_U_DUT_HEADER4(FEMALE_HEADER_SMD)
Added Component: Designator=LM1_U_Power_Control1(op_amp)
Added Component: Designator=LM1_U_Power_Control2(op_amp)
Added Component: Designator=LM2_U_Power_Control1(op_amp)
Added Component: Designator=LM2_U_Power_Control2(op_amp)
Added Component: Designator=POT_U_Power_Control1(Dig_Pot)
Added Component: Designator=POT_U_Power_Control2(Dig_Pot)
Added Component: Designator=R1(0.1uF_0603)
Added Component: Designator=R2_U_Power_Control1(0.1uF_0603)
Added Component: Designator=R2_U_Power_Control2(0.1uF_0603)
Added Component: Designator=R5_U_Power_Control1(J1-0603)
Added Component: Designator=R5_U_Power_Control2(J1-0603)
Added Component: Designator=R6_U_Power_Control1(J1-0603)
Added Component: Designator=R6_U_Power_Control2(J1-0603)
Added Component: Designator=R9_U_Power_Control1(J1-0603)
Added Component: Designator=R9_U_Power_Control2(J1-0603)
Added Component: Designator=R10_U_Power_Control1(J1-0603)
Added Component: Designator=R10_U_Power_Control2(J1-0603)
Added Component: Designator=S1(SPST-2)
Added Component: Designator=TSB1(tri_state)
Added Component: Designator=TSB2(tri_state)
Added Component: Designator=TSB3(tri_state)
Added Component: Designator=TSB4(tri_state)
Added Component: Designator=TSB5(tri_state)
Added Component: Designator=TSB6(tri_state)
Added Component: Designator=TSB7(tri_state)
Added Component: Designator=TSB8(tri_state)
Added Component: Designator=TSB9(tri_state)
Added Component: Designator=TSB10(tri_state)
Added Component: Designator=TSB11(tri_state)
Added Component: Designator=TSB12(tri_state)
Added Component: Designator=TSB13(tri_state)
Added Component: Designator=TSB14(tri_state)
Added Component: Designator=TSB15(tri_state)
Added Component: Designator=TSB16(tri_state)
Added Component: Designator=TSB17(tri_state)
Added Component: Designator=TSB18(tri_state)
Added Component: Designator=TSB19(tri_state)
Added Component: Designator=TSB20(tri_state)
Added Component: Designator=TSB21(tri_state)
Added Component: Designator=TSB22(tri_state)
Added Component: Designator=TSB23(tri_state)
Added Component: Designator=TSB24(tri_state)
Added Component: Designator=TSB25(tri_state)
Added Component: Designator=TSB26(tri_state)
Added Component: Designator=TSB27(tri_state)
Added Component: Designator=TSB28(tri_state)
Added Component: Designator=TSB29(tri_state)
Added Component: Designator=TSB30(tri_state)
Added Component: Designator=TSB31(tri_state)
Added Component: Designator=TSB32(tri_state)
Added Component: Designator=TSB33(tri_state)
Added Component: Designator=TSB34(tri_state)
Added Component: Designator=TSB35(tri_state)
Added Component: Designator=TSB36(tri_state)
Added Component: Designator=TSB37(tri_state)
Added Component: Designator=TSB38(tri_state)
Added Component: Designator=TSB39(tri_state)
Added Component: Designator=TSB40(tri_state)
Added Component: Designator=TSB41(tri_state)
Added Component: Designator=TSB42(tri_state)
Added Component: Designator=TSB43(tri_state)
Added Component: Designator=TSB44(tri_state)
Added Component: Designator=TSB45(tri_state)
Added Component: Designator=TSB46(tri_state)
Added Component: Designator=TSB47(tri_state)
Added Component: Designator=TSB48(tri_state)
Added Component: Designator=TSB49(tri_state)
Added Component: Designator=TSB50(tri_state)
Added Component: Designator=TSB51(tri_state)
Added Component: Designator=TSB52(tri_state)
Added Component: Designator=TSB53(tri_state)
Added Component: Designator=TSB54(tri_state)
Added Component: Designator=TSB55(tri_state)
Added Component: Designator=TSB56(tri_state)
Added Component: Designator=TSB57(tri_state)
Added Component: Designator=TSB58(tri_state)
Added Component: Designator=TSB59(tri_state)
Added Component: Designator=TSB60(tri_state)
Added Component: Designator=TSB61(tri_state)
Added Component: Designator=TSB62(tri_state)
Added Component: Designator=TSB63(tri_state)
Added Component: Designator=TSB64(tri_state)
Added Component: Designator=TSB65(tri_state)
Added Component: Designator=TSB66(tri_state)
Added Component: Designator=TSB67(tri_state)
Added Component: Designator=TSB68(tri_state)
Added Component: Designator=TSB69(tri_state)
Added Component: Designator=TSB70(tri_state)
Added Component: Designator=TSB71(tri_state)
Added Component: Designator=TSB72(tri_state)
Added Component: Designator=TSB73(tri_state)
Added Component: Designator=TSB74(tri_state)
Added Component: Designator=TSB75(tri_state)
Added Component: Designator=TSB76(tri_state)
Added Component: Designator=TSB77(tri_state)
Added Component: Designator=TSB78(tri_state)
Added Component: Designator=TSB79(tri_state)
Added Component: Designator=TSB80(tri_state)
Added Component: Designator=TSB81(tri_state)
Added Component: Designator=TSB82(tri_state)
Added Component: Designator=TSB83(tri_state)
Added Component: Designator=TSB84(tri_state)
Added Component: Designator=TSB85(tri_state)
Added Component: Designator=TSB86(tri_state)
Added Component: Designator=TSB87(tri_state)
Added Component: Designator=TSB88(tri_state)
Added Component: Designator=TSB89(tri_state)
Added Component: Designator=TSB90(tri_state)
Added Component: Designator=TSB91(tri_state)
Added Component: Designator=TSB92(tri_state)
Added Component: Designator=TSB93(tri_state)
Added Component: Designator=TSB94(tri_state)
Added Component: Designator=TSB95(tri_state)
Added Component: Designator=TSB96(tri_state)
Added Component: Designator=TSB97(tri_state)
Added Component: Designator=TSB98(tri_state)
Added Component: Designator=TSB99(tri_state)
Added Component: Designator=TSB100(tri_state)
Added Component: Designator=TSB101(tri_state)
Added Component: Designator=TSB102(tri_state)
Added Component: Designator=TSB103(tri_state)
Added Component: Designator=TSB104(tri_state)
Added Component: Designator=TSB105(tri_state)
Added Component: Designator=TSB106(tri_state)
Added Component: Designator=TSB107(tri_state)
Added Component: Designator=TSB108(tri_state)
Added Component: Designator=TSB109(tri_state)
Added Component: Designator=TSB110(tri_state)
Added Component: Designator=TSB111(tri_state)
Added Component: Designator=TSB112(tri_state)
Added Component: Designator=TSB113(tri_state)
Added Component: Designator=TSB114(tri_state)
Added Component: Designator=TSB115(tri_state)
Added Component: Designator=TSB116(tri_state)
Added Component: Designator=TSB117(tri_state)
Added Component: Designator=TSB118(tri_state)
Added Component: Designator=TSB119(tri_state)
Added Component: Designator=TSB120(tri_state)
Added Component: Designator=TSB121(tri_state)
Added Component: Designator=TSB122(tri_state)
Added Component: Designator=TSB123(tri_state)
Added Component: Designator=TSB124(tri_state)
Added Component: Designator=TSB125(tri_state)
Added Component: Designator=TSB126(tri_state)
Added Component: Designator=TSB127(tri_state)
Added Component: Designator=TSB128(tri_state)
Added Component: Designator=VR1_U_Power_Control1(volt_reg)
Added Component: Designator=VR1_U_Power_Control2(volt_reg)
Added Component: Designator=VT1_U_VT1(8-bit_level)
Added Component: Designator=VT1_U_VT2(8-bit_level)
Added Component: Designator=VT1_U_VT3(8-bit_level)
Added Component: Designator=VT1_U_VT4(8-bit_level)
Added Component: Designator=VT1_U_VT5(8-bit_level)
Added Component: Designator=VT1_U_VT6(8-bit_level)
Added Component: Designator=VT1_U_VT7(8-bit_level)
Added Component: Designator=VT1_U_VT8(8-bit_level)
Added Component: Designator=VT2_U_VT1(8-bit_level)
Added Component: Designator=VT2_U_VT2(8-bit_level)
Added Component: Designator=VT2_U_VT3(8-bit_level)
Added Component: Designator=VT2_U_VT4(8-bit_level)
Added Component: Designator=VT2_U_VT5(8-bit_level)
Added Component: Designator=VT2_U_VT6(8-bit_level)
Added Component: Designator=VT2_U_VT7(8-bit_level)
Added Component: Designator=VT2_U_VT8(8-bit_level)
Added Pin To Net: NetName=L_H5 Pin=-5V-2
Added Pin To Net: NetName=L_H5 Pin=-5V-3
Added Pin To Net: NetName=GLOBAL_3V3 Pin=0.1uF_0_U_VT1-1
Added Pin To Net: NetName=GLOBAL_3V3 Pin=0.1uF_0_U_VT2-1
Added Pin To Net: NetName=GLOBAL_3V3 Pin=0.1uF_0_U_VT3-1
Added Pin To Net: NetName=GLOBAL_3V3 Pin=0.1uF_0_U_VT4-1
Added Pin To Net: NetName=GLOBAL_3V3 Pin=0.1uF_0_U_VT5-1
Added Pin To Net: NetName=GLOBAL_3V3 Pin=0.1uF_0_U_VT6-1
Added Pin To Net: NetName=GLOBAL_3V3 Pin=0.1uF_0_U_VT7-1
Added Pin To Net: NetName=GLOBAL_3V3 Pin=0.1uF_0_U_VT8-1
Added Pin To Net: NetName=GLOBAL_3V3 Pin=0.1uF_1_U_VT1-1
Added Pin To Net: NetName=GLOBAL_3V3 Pin=0.1uF_1_U_VT2-1
Added Pin To Net: NetName=GLOBAL_3V3 Pin=0.1uF_1_U_VT3-1
Added Pin To Net: NetName=GLOBAL_3V3 Pin=0.1uF_1_U_VT4-1
Added Pin To Net: NetName=GLOBAL_3V3 Pin=0.1uF_1_U_VT5-1
Added Pin To Net: NetName=GLOBAL_3V3 Pin=0.1uF_1_U_VT6-1
Added Pin To Net: NetName=GLOBAL_3V3 Pin=0.1uF_1_U_VT7-1
Added Pin To Net: NetName=GLOBAL_3V3 Pin=0.1uF_1_U_VT8-1
Added Pin To Net: NetName=L_H5 Pin=3_U_Power_Control1-1
Added Pin To Net: NetName=L_H5 Pin=3_U_Power_Control2-1
Added Pin To Net: NetName=L_H5 Pin=3V3-1
Added Pin To Net: NetName=L_H5 Pin=3V3-1
Added Pin To Net: NetName=GLOBAL_3V3 Pin=3V3-2
Added Pin To Net: NetName=GLOBAL_3V3 Pin=3V3-3
Added Pin To Net: NetName=L_H5 Pin=4_U_Power_Control1-1
Added Pin To Net: NetName=L_H5 Pin=4_U_Power_Control2-1
Added Pin To Net: NetName=L_H5 Pin=5_U_Power_Control1-1
Added Pin To Net: NetName=L_H5 Pin=5_U_Power_Control2-1
Added Pin To Net: NetName=L_H5 Pin=6_U_Power_Control1-1
Added Pin To Net: NetName=L_H5 Pin=6_U_Power_Control2-1
Added Pin To Net: NetName=L_H5 Pin=12V.-1
Added Pin To Net: NetName=L_H5 Pin=12V.-1
Added Pin To Net: NetName=L_H5 Pin=BBB-1
Added Pin To Net: NetName=L_H5 Pin=BBB-2
Added Pin To Net: NetName=V_RST Pin=BBB-12
Added Pin To Net: NetName=RDY0 Pin=BBB-15
Added Pin To Net: NetName=SPICS0 Pin=BBB-17
Added Pin To Net: NetName=SPI1D1 Pin=BBB-18
Added Pin To Net: NetName=DIN0 Pin=BBB-21
Added Pin To Net: NetName=SPICLK0 Pin=BBB-22
Added Pin To Net: NetName=RDY1 Pin=BBB-23
Added Pin To Net: NetName=FPGA_TX Pin=BBB-24
Added Pin To Net: NetName=FPGA_RX Pin=BBB-26
Added Pin To Net: NetName=SPICS1 Pin=BBB-28
Added Pin To Net: NetName=SPICS1 Pin=BBB-28
Added Pin To Net: NetName=DIN1 Pin=BBB-29
Added Pin To Net: NetName=SPI1D1 Pin=BBB-30
Added Pin To Net: NetName=SPICLK1 Pin=BBB-32
Added Pin To Net: NetName=L_H5 Pin=BBB-43
Added Pin To Net: NetName=L_H5 Pin=BBB-44
Added Pin To Net: NetName=L_H5 Pin=BBB-45
Added Pin To Net: NetName=L_H5 Pin=BBB-46
Added Pin To Net: NetName=L_H5 Pin=BBB-47
Added Pin To Net: NetName=L_H5 Pin=BBB-48
Added Pin To Net: NetName=A0 Pin=ETH1-1
Added Pin To Net: NetName=A1 Pin=ETH1-2
Added Pin To Net: NetName=A2 Pin=ETH1-3
Added Pin To Net: NetName=A3 Pin=ETH1-4
Added Pin To Net: NetName=A4 Pin=ETH1-5
Added Pin To Net: NetName=A5 Pin=ETH1-6
Added Pin To Net: NetName=A6 Pin=ETH1-7
Added Pin To Net: NetName=A7 Pin=ETH1-8
Added Pin To Net: NetName=A8 Pin=ETH1-9
Added Pin To Net: NetName=A9 Pin=ETH1-10
Added Pin To Net: NetName=A10 Pin=ETH1-11
Added Pin To Net: NetName=A11 Pin=ETH1-12
Added Pin To Net: NetName=A12 Pin=ETH1-13
Added Pin To Net: NetName=A13 Pin=ETH1-14
Added Pin To Net: NetName=A14 Pin=ETH1-15
Added Pin To Net: NetName=A15 Pin=ETH1-16
Added Pin To Net: NetName=A16 Pin=ETH1-17
Added Pin To Net: NetName=A17 Pin=ETH1-18
Added Pin To Net: NetName=A18 Pin=ETH1-19
Added Pin To Net: NetName=A19 Pin=ETH1-20
Added Pin To Net: NetName=A20 Pin=ETH1-21
Added Pin To Net: NetName=A21 Pin=ETH1-22
Added Pin To Net: NetName=A22 Pin=ETH1-23
Added Pin To Net: NetName=A23 Pin=ETH1-24
Added Pin To Net: NetName=A24 Pin=ETH1-25
Added Pin To Net: NetName=A25 Pin=ETH1-26
Added Pin To Net: NetName=A26 Pin=ETH1-27
Added Pin To Net: NetName=A27 Pin=ETH1-28
Added Pin To Net: NetName=A28 Pin=ETH1-29
Added Pin To Net: NetName=A29 Pin=ETH1-30
Added Pin To Net: NetName=A30 Pin=ETH1-31
Added Pin To Net: NetName=A31 Pin=ETH1-32
Added Pin To Net: NetName=A32 Pin=ETH1-33
Added Pin To Net: NetName=A33 Pin=ETH1-34
Added Pin To Net: NetName=A34 Pin=ETH1-35
Added Pin To Net: NetName=A35 Pin=ETH1-36
Added Pin To Net: NetName=A36 Pin=ETH1-37
Added Pin To Net: NetName=A37 Pin=ETH1-38
Added Pin To Net: NetName=A38 Pin=ETH1-39
Added Pin To Net: NetName=A39 Pin=ETH1-40
Added Pin To Net: NetName=A40 Pin=ETH2-1
Added Pin To Net: NetName=A41 Pin=ETH2-2
Added Pin To Net: NetName=A42 Pin=ETH2-3
Added Pin To Net: NetName=A43 Pin=ETH2-4
Added Pin To Net: NetName=A44 Pin=ETH2-5
Added Pin To Net: NetName=A45 Pin=ETH2-6
Added Pin To Net: NetName=A46 Pin=ETH2-7
Added Pin To Net: NetName=A47 Pin=ETH2-8
Added Pin To Net: NetName=A48 Pin=ETH2-9
Added Pin To Net: NetName=A49 Pin=ETH2-10
Added Pin To Net: NetName=A50 Pin=ETH2-11
Added Pin To Net: NetName=A51 Pin=ETH2-12
Added Pin To Net: NetName=A52 Pin=ETH2-13
Added Pin To Net: NetName=A53 Pin=ETH2-14
Added Pin To Net: NetName=A54 Pin=ETH2-15
Added Pin To Net: NetName=A55 Pin=ETH2-16
Added Pin To Net: NetName=A56 Pin=ETH2-17
Added Pin To Net: NetName=A57 Pin=ETH2-18
Added Pin To Net: NetName=A58 Pin=ETH2-19
Added Pin To Net: NetName=A59 Pin=ETH2-20
Added Pin To Net: NetName=A60 Pin=ETH2-21
Added Pin To Net: NetName=A61 Pin=ETH2-22
Added Pin To Net: NetName=A62 Pin=ETH2-23
Added Pin To Net: NetName=A63 Pin=ETH2-24
Added Pin To Net: NetName=A64 Pin=ETH2-25
Added Pin To Net: NetName=A65 Pin=ETH2-26
Added Pin To Net: NetName=A66 Pin=ETH2-27
Added Pin To Net: NetName=A67 Pin=ETH2-28
Added Pin To Net: NetName=A68 Pin=ETH2-29
Added Pin To Net: NetName=A69 Pin=ETH2-30
Added Pin To Net: NetName=A70 Pin=ETH2-31
Added Pin To Net: NetName=A71 Pin=ETH2-32
Added Pin To Net: NetName=A72 Pin=ETH2-33
Added Pin To Net: NetName=A73 Pin=ETH2-34
Added Pin To Net: NetName=A74 Pin=ETH2-35
Added Pin To Net: NetName=A75 Pin=ETH2-36
Added Pin To Net: NetName=A76 Pin=ETH2-37
Added Pin To Net: NetName=A77 Pin=ETH2-38
Added Pin To Net: NetName=A78 Pin=ETH2-39
Added Pin To Net: NetName=A79 Pin=ETH2-40
Added Pin To Net: NetName=A80 Pin=ETH3-1
Added Pin To Net: NetName=A81 Pin=ETH3-2
Added Pin To Net: NetName=A82 Pin=ETH3-3
Added Pin To Net: NetName=A83 Pin=ETH3-4
Added Pin To Net: NetName=A84 Pin=ETH3-5
Added Pin To Net: NetName=A85 Pin=ETH3-6
Added Pin To Net: NetName=A86 Pin=ETH3-7
Added Pin To Net: NetName=A87 Pin=ETH3-8
Added Pin To Net: NetName=A88 Pin=ETH3-9
Added Pin To Net: NetName=A89 Pin=ETH3-10
Added Pin To Net: NetName=A90 Pin=ETH3-11
Added Pin To Net: NetName=A91 Pin=ETH3-12
Added Pin To Net: NetName=A92 Pin=ETH3-13
Added Pin To Net: NetName=A93 Pin=ETH3-14
Added Pin To Net: NetName=A94 Pin=ETH3-15
Added Pin To Net: NetName=A95 Pin=ETH3-16
Added Pin To Net: NetName=L_H5 Pin=ETH3-17
Added Pin To Net: NetName=L_H5 Pin=ETH3-18
Added Pin To Net: NetName=L_H5 Pin=ETH3-19
Added Pin To Net: NetName=L_H5 Pin=ETH3-20
Added Pin To Net: NetName=L_H5 Pin=ETH3-21
Added Pin To Net: NetName=L_H5 Pin=ETH3-22
Added Pin To Net: NetName=L_H5 Pin=ETH3-23
Added Pin To Net: NetName=L_H5 Pin=ETH3-24
Added Pin To Net: NetName=A96 Pin=ETH3-25
Added Pin To Net: NetName=A97 Pin=ETH3-26
Added Pin To Net: NetName=A98 Pin=ETH3-27
Added Pin To Net: NetName=A99 Pin=ETH3-28
Added Pin To Net: NetName=A100 Pin=ETH3-29
Added Pin To Net: NetName=A101 Pin=ETH3-30
Added Pin To Net: NetName=A102 Pin=ETH3-31
Added Pin To Net: NetName=A103 Pin=ETH3-32
Added Pin To Net: NetName=A104 Pin=ETH3-33
Added Pin To Net: NetName=A105 Pin=ETH3-34
Added Pin To Net: NetName=A106 Pin=ETH3-35
Added Pin To Net: NetName=A107 Pin=ETH3-36
Added Pin To Net: NetName=A108 Pin=ETH3-37
Added Pin To Net: NetName=A109 Pin=ETH3-38
Added Pin To Net: NetName=A110 Pin=ETH3-39
Added Pin To Net: NetName=A111 Pin=ETH3-40
Added Pin To Net: NetName=A112 Pin=ETH4-1
Added Pin To Net: NetName=A113 Pin=ETH4-2
Added Pin To Net: NetName=A114 Pin=ETH4-3
Added Pin To Net: NetName=A115 Pin=ETH4-4
Added Pin To Net: NetName=A116 Pin=ETH4-5
Added Pin To Net: NetName=A117 Pin=ETH4-6
Added Pin To Net: NetName=A118 Pin=ETH4-7
Added Pin To Net: NetName=A119 Pin=ETH4-8
Added Pin To Net: NetName=A120 Pin=ETH4-9
Added Pin To Net: NetName=A121 Pin=ETH4-10
Added Pin To Net: NetName=L_H5 Pin=ETH4-11
Added Pin To Net: NetName=A122 Pin=ETH4-12
Added Pin To Net: NetName=SIGNAL123\ Pin=ETH4-13
Added Pin To Net: NetName=A124 Pin=ETH4-14
Added Pin To Net: NetName=A125 Pin=ETH4-15
Added Pin To Net: NetName=FPGA_RX Pin=ETH4-16
Added Pin To Net: NetName=FPGA_TX Pin=ETH4-17
Added Pin To Net: NetName=OTHER21 Pin=ETH4-19
Added Pin To Net: NetName=L_H5 Pin=ETH4-30
Added Pin To Net: NetName=L_H5 Pin=ETH_U_DUT_HEADER1-19
Added Pin To Net: NetName=L_H5 Pin=ETH_U_DUT_HEADER1-20
Added Pin To Net: NetName=L_H5 Pin=ETH_U_DUT_HEADER1-21
Added Pin To Net: NetName=L_H5 Pin=ETH_U_DUT_HEADER1-22
Added Pin To Net: NetName=L_H5 Pin=ETH_U_DUT_HEADER1-23
Added Pin To Net: NetName=L_H2 Pin=ETH_U_DUT_HEADER2-19
Added Pin To Net: NetName=L_H5 Pin=ETH_U_DUT_HEADER2-20
Added Pin To Net: NetName=L_H5 Pin=ETH_U_DUT_HEADER2-21
Added Pin To Net: NetName=L_H5 Pin=ETH_U_DUT_HEADER2-22
Added Pin To Net: NetName=L_H5 Pin=ETH_U_DUT_HEADER4-20
Added Pin To Net: NetName=L_H5 Pin=ETH_U_DUT_HEADER4-21
Added Pin To Net: NetName=L_H5 Pin=LM2_U_Power_Control1-2
Added Pin To Net: NetName=L_H5 Pin=LM2_U_Power_Control2-2
Added Pin To Net: NetName=V_RST Pin=POT_U_Power_Control1-1
Added Pin To Net: NetName=L_H5 Pin=POT_U_Power_Control1-2
Added Pin To Net: NetName=GLOBAL_3V3 Pin=POT_U_Power_Control1-8
Added Pin To Net: NetName=L_H5 Pin=POT_U_Power_Control1-9
Added Pin To Net: NetName=DIN0 Pin=POT_U_Power_Control1-10
Added Pin To Net: NetName=SPICLK0 Pin=POT_U_Power_Control1-11
Added Pin To Net: NetName=SPICS0 Pin=POT_U_Power_Control1-12
Added Pin To Net: NetName=RDY0 Pin=POT_U_Power_Control1-14
Added Pin To Net: NetName=V_RST Pin=POT_U_Power_Control2-1
Added Pin To Net: NetName=L_H5 Pin=POT_U_Power_Control2-2
Added Pin To Net: NetName=GLOBAL_3V3 Pin=POT_U_Power_Control2-8
Added Pin To Net: NetName=L_H5 Pin=POT_U_Power_Control2-9
Added Pin To Net: NetName=DIN1 Pin=POT_U_Power_Control2-10
Added Pin To Net: NetName=SPICLK1 Pin=POT_U_Power_Control2-11
Added Pin To Net: NetName=SPICS0 Pin=POT_U_Power_Control2-12
Added Pin To Net: NetName=SPI1D1 Pin=POT_U_Power_Control2-13
Added Pin To Net: NetName=RDY1 Pin=POT_U_Power_Control2-14
Added Pin To Net: NetName=L_H5 Pin=R1-1
Added Pin To Net: NetName=OTHER21 Pin=R1-2
Added Pin To Net: NetName=L_H5 Pin=R5_U_Power_Control1-1
Added Pin To Net: NetName=L_H5 Pin=R5_U_Power_Control2-1
Added Pin To Net: NetName=L_H5 Pin=R9_U_Power_Control1-1
Added Pin To Net: NetName=L_H5 Pin=R9_U_Power_Control2-1
Added Pin To Net: NetName=L_H2 Pin=S1-1
Added Pin To Net: NetName=OTHER21 Pin=S1-2
Added Pin To Net: NetName=DOUT0 Pin=TSB1-1
Added Pin To Net: NetName=A0 Pin=TSB1-2
Added Pin To Net: NetName=L_H5 Pin=TSB1-3
Added Pin To Net: NetName=GLOBAL_3V3 Pin=TSB1-5
Added Pin To Net: NetName=DOUT18 Pin=TSB2-1
Added Pin To Net: NetName=A18 Pin=TSB2-2
Added Pin To Net: NetName=L_H5 Pin=TSB2-3
Added Pin To Net: NetName=GLOBAL_3V3 Pin=TSB2-5
Added Pin To Net: NetName=DOUT36 Pin=TSB3-1
Added Pin To Net: NetName=A36 Pin=TSB3-2
Added Pin To Net: NetName=L_H5 Pin=TSB3-3
Added Pin To Net: NetName=GLOBAL_3V3 Pin=TSB3-5
Added Pin To Net: NetName=DOUT54 Pin=TSB4-1
Added Pin To Net: NetName=A54 Pin=TSB4-2
Added Pin To Net: NetName=L_H5 Pin=TSB4-3
Added Pin To Net: NetName=DOUT54 Pin=TSB4-4
Added Pin To Net: NetName=GLOBAL_3V3 Pin=TSB4-5
Added Pin To Net: NetName=DOUT72 Pin=TSB5-1
Added Pin To Net: NetName=A72 Pin=TSB5-2
Added Pin To Net: NetName=L_H5 Pin=TSB5-3
Added Pin To Net: NetName=GLOBAL_3V3 Pin=TSB5-5
Added Pin To Net: NetName=DOUT90 Pin=TSB6-1
Added Pin To Net: NetName=A90 Pin=TSB6-2
Added Pin To Net: NetName=L_H5 Pin=TSB6-3
Added Pin To Net: NetName=GLOBAL_3V3 Pin=TSB6-5
Added Pin To Net: NetName=DOUT108 Pin=TSB7-1
Added Pin To Net: NetName=A108 Pin=TSB7-2
Added Pin To Net: NetName=L_H5 Pin=TSB7-3
Added Pin To Net: NetName=GLOBAL_3V3 Pin=TSB7-5
Added Pin To Net: NetName=DOUT1 Pin=TSB8-1
Added Pin To Net: NetName=A1 Pin=TSB8-2
Added Pin To Net: NetName=L_H5 Pin=TSB8-3
Added Pin To Net: NetName=GLOBAL_3V3 Pin=TSB8-5
Added Pin To Net: NetName=DOUT19 Pin=TSB9-1
Added Pin To Net: NetName=A19 Pin=TSB9-2
Added Pin To Net: NetName=L_H5 Pin=TSB9-3
Added Pin To Net: NetName=GLOBAL_3V3 Pin=TSB9-5
Added Pin To Net: NetName=DOUT37 Pin=TSB10-1
Added Pin To Net: NetName=A37 Pin=TSB10-2
Added Pin To Net: NetName=L_H5 Pin=TSB10-3
Added Pin To Net: NetName=GLOBAL_3V3 Pin=TSB10-5
Added Pin To Net: NetName=DOUT55 Pin=TSB11-1
Added Pin To Net: NetName=A55 Pin=TSB11-2
Added Pin To Net: NetName=L_H5 Pin=TSB11-3
Added Pin To Net: NetName=DOUT55 Pin=TSB11-4
Added Pin To Net: NetName=GLOBAL_3V3 Pin=TSB11-5
Added Pin To Net: NetName=DOUT73 Pin=TSB12-1
Added Pin To Net: NetName=A73 Pin=TSB12-2
Added Pin To Net: NetName=L_H5 Pin=TSB12-3
Added Pin To Net: NetName=GLOBAL_3V3 Pin=TSB12-5
Added Pin To Net: NetName=DOUT91 Pin=TSB13-1
Added Pin To Net: NetName=A91 Pin=TSB13-2
Added Pin To Net: NetName=L_H5 Pin=TSB13-3
Added Pin To Net: NetName=GLOBAL_3V3 Pin=TSB13-5
Added Pin To Net: NetName=DOUT109 Pin=TSB14-1
Added Pin To Net: NetName=A109 Pin=TSB14-2
Added Pin To Net: NetName=L_H5 Pin=TSB14-3
Added Pin To Net: NetName=GLOBAL_3V3 Pin=TSB14-5
Added Pin To Net: NetName=DOUT2 Pin=TSB15-1
Added Pin To Net: NetName=A2 Pin=TSB15-2
Added Pin To Net: NetName=L_H5 Pin=TSB15-3
Added Pin To Net: NetName=GLOBAL_3V3 Pin=TSB15-5
Added Pin To Net: NetName=DOUT20 Pin=TSB16-1
Added Pin To Net: NetName=A20 Pin=TSB16-2
Added Pin To Net: NetName=L_H5 Pin=TSB16-3
Added Pin To Net: NetName=GLOBAL_3V3 Pin=TSB16-5
Added Pin To Net: NetName=DOUT38 Pin=TSB17-1
Added Pin To Net: NetName=A38 Pin=TSB17-2
Added Pin To Net: NetName=L_H5 Pin=TSB17-3
Added Pin To Net: NetName=GLOBAL_3V3 Pin=TSB17-5
Added Pin To Net: NetName=DOUT56 Pin=TSB18-1
Added Pin To Net: NetName=A56 Pin=TSB18-2
Added Pin To Net: NetName=L_H5 Pin=TSB18-3
Added Pin To Net: NetName=DOUT56 Pin=TSB18-4
Added Pin To Net: NetName=GLOBAL_3V3 Pin=TSB18-5
Added Pin To Net: NetName=DOUT74 Pin=TSB19-1
Added Pin To Net: NetName=A74 Pin=TSB19-2
Added Pin To Net: NetName=L_H5 Pin=TSB19-3
Added Pin To Net: NetName=GLOBAL_3V3 Pin=TSB19-5
Added Pin To Net: NetName=DOUT92 Pin=TSB20-1
Added Pin To Net: NetName=A92 Pin=TSB20-2
Added Pin To Net: NetName=L_H5 Pin=TSB20-3
Added Pin To Net: NetName=GLOBAL_3V3 Pin=TSB20-5
Added Pin To Net: NetName=DOUT110 Pin=TSB21-1
Added Pin To Net: NetName=A110 Pin=TSB21-2
Added Pin To Net: NetName=L_H5 Pin=TSB21-3
Added Pin To Net: NetName=GLOBAL_3V3 Pin=TSB21-5
Added Pin To Net: NetName=DOUT3 Pin=TSB22-1
Added Pin To Net: NetName=A3 Pin=TSB22-2
Added Pin To Net: NetName=L_H5 Pin=TSB22-3
Added Pin To Net: NetName=GLOBAL_3V3 Pin=TSB22-5
Added Pin To Net: NetName=DOUT21 Pin=TSB23-1
Added Pin To Net: NetName=A21 Pin=TSB23-2
Added Pin To Net: NetName=L_H5 Pin=TSB23-3
Added Pin To Net: NetName=GLOBAL_3V3 Pin=TSB23-5
Added Pin To Net: NetName=DOUT39 Pin=TSB24-1
Added Pin To Net: NetName=A39 Pin=TSB24-2
Added Pin To Net: NetName=L_H5 Pin=TSB24-3
Added Pin To Net: NetName=GLOBAL_3V3 Pin=TSB24-5
Added Pin To Net: NetName=DOUT57 Pin=TSB25-1
Added Pin To Net: NetName=A57 Pin=TSB25-2
Added Pin To Net: NetName=L_H5 Pin=TSB25-3
Added Pin To Net: NetName=DOUT57 Pin=TSB25-4
Added Pin To Net: NetName=GLOBAL_3V3 Pin=TSB25-5
Added Pin To Net: NetName=DOUT75 Pin=TSB26-1
Added Pin To Net: NetName=A75 Pin=TSB26-2
Added Pin To Net: NetName=L_H5 Pin=TSB26-3
Added Pin To Net: NetName=GLOBAL_3V3 Pin=TSB26-5
Added Pin To Net: NetName=DOUT93 Pin=TSB27-1
Added Pin To Net: NetName=A93 Pin=TSB27-2
Added Pin To Net: NetName=L_H5 Pin=TSB27-3
Added Pin To Net: NetName=GLOBAL_3V3 Pin=TSB27-5
Added Pin To Net: NetName=DOUT111 Pin=TSB28-1
Added Pin To Net: NetName=A111 Pin=TSB28-2
Added Pin To Net: NetName=L_H5 Pin=TSB28-3
Added Pin To Net: NetName=GLOBAL_3V3 Pin=TSB28-5
Added Pin To Net: NetName=DOUT4 Pin=TSB29-1
Added Pin To Net: NetName=A4 Pin=TSB29-2
Added Pin To Net: NetName=L_H5 Pin=TSB29-3
Added Pin To Net: NetName=GLOBAL_3V3 Pin=TSB29-5
Added Pin To Net: NetName=DOUT22 Pin=TSB30-1
Added Pin To Net: NetName=A22 Pin=TSB30-2
Added Pin To Net: NetName=L_H5 Pin=TSB30-3
Added Pin To Net: NetName=GLOBAL_3V3 Pin=TSB30-5
Added Pin To Net: NetName=DOUT40 Pin=TSB31-1
Added Pin To Net: NetName=A40 Pin=TSB31-2
Added Pin To Net: NetName=L_H5 Pin=TSB31-3
Added Pin To Net: NetName=GLOBAL_3V3 Pin=TSB31-5
Added Pin To Net: NetName=DOUT58 Pin=TSB32-1
Added Pin To Net: NetName=A58 Pin=TSB32-2
Added Pin To Net: NetName=L_H5 Pin=TSB32-3
Added Pin To Net: NetName=DOUT58 Pin=TSB32-4
Added Pin To Net: NetName=GLOBAL_3V3 Pin=TSB32-5
Added Pin To Net: NetName=DOUT76 Pin=TSB33-1
Added Pin To Net: NetName=A76 Pin=TSB33-2
Added Pin To Net: NetName=L_H5 Pin=TSB33-3
Added Pin To Net: NetName=GLOBAL_3V3 Pin=TSB33-5
Added Pin To Net: NetName=DOUT94 Pin=TSB34-1
Added Pin To Net: NetName=A94 Pin=TSB34-2
Added Pin To Net: NetName=L_H5 Pin=TSB34-3
Added Pin To Net: NetName=GLOBAL_3V3 Pin=TSB34-5
Added Pin To Net: NetName=DOUT112 Pin=TSB35-1
Added Pin To Net: NetName=A112 Pin=TSB35-2
Added Pin To Net: NetName=L_H5 Pin=TSB35-3
Added Pin To Net: NetName=GLOBAL_3V3 Pin=TSB35-5
Added Pin To Net: NetName=DOUT5 Pin=TSB36-1
Added Pin To Net: NetName=A5 Pin=TSB36-2
Added Pin To Net: NetName=L_H5 Pin=TSB36-3
Added Pin To Net: NetName=GLOBAL_3V3 Pin=TSB36-5
Added Pin To Net: NetName=DOUT23 Pin=TSB37-1
Added Pin To Net: NetName=A23 Pin=TSB37-2
Added Pin To Net: NetName=L_H5 Pin=TSB37-3
Added Pin To Net: NetName=GLOBAL_3V3 Pin=TSB37-5
Added Pin To Net: NetName=DOUT41 Pin=TSB38-1
Added Pin To Net: NetName=A41 Pin=TSB38-2
Added Pin To Net: NetName=L_H5 Pin=TSB38-3
Added Pin To Net: NetName=GLOBAL_3V3 Pin=TSB38-5
Added Pin To Net: NetName=DOUT59 Pin=TSB39-1
Added Pin To Net: NetName=A59 Pin=TSB39-2
Added Pin To Net: NetName=L_H5 Pin=TSB39-3
Added Pin To Net: NetName=DOUT59 Pin=TSB39-4
Added Pin To Net: NetName=GLOBAL_3V3 Pin=TSB39-5
Added Pin To Net: NetName=DOUT77 Pin=TSB40-1
Added Pin To Net: NetName=A77 Pin=TSB40-2
Added Pin To Net: NetName=L_H5 Pin=TSB40-3
Added Pin To Net: NetName=GLOBAL_3V3 Pin=TSB40-5
Added Pin To Net: NetName=DOUT95 Pin=TSB41-1
Added Pin To Net: NetName=A95 Pin=TSB41-2
Added Pin To Net: NetName=L_H5 Pin=TSB41-3
Added Pin To Net: NetName=GLOBAL_3V3 Pin=TSB41-5
Added Pin To Net: NetName=DOUT113 Pin=TSB42-1
Added Pin To Net: NetName=A113 Pin=TSB42-2
Added Pin To Net: NetName=L_H5 Pin=TSB42-3
Added Pin To Net: NetName=GLOBAL_3V3 Pin=TSB42-5
Added Pin To Net: NetName=DOUT6 Pin=TSB43-1
Added Pin To Net: NetName=A6 Pin=TSB43-2
Added Pin To Net: NetName=L_H5 Pin=TSB43-3
Added Pin To Net: NetName=GLOBAL_3V3 Pin=TSB43-5
Added Pin To Net: NetName=DOUT24 Pin=TSB44-1
Added Pin To Net: NetName=A24 Pin=TSB44-2
Added Pin To Net: NetName=L_H5 Pin=TSB44-3
Added Pin To Net: NetName=GLOBAL_3V3 Pin=TSB44-5
Added Pin To Net: NetName=DOUT42 Pin=TSB45-1
Added Pin To Net: NetName=A42 Pin=TSB45-2
Added Pin To Net: NetName=L_H5 Pin=TSB45-3
Added Pin To Net: NetName=GLOBAL_3V3 Pin=TSB45-5
Added Pin To Net: NetName=DOUT60 Pin=TSB46-1
Added Pin To Net: NetName=A60 Pin=TSB46-2
Added Pin To Net: NetName=L_H5 Pin=TSB46-3
Added Pin To Net: NetName=DOUT60 Pin=TSB46-4
Added Pin To Net: NetName=GLOBAL_3V3 Pin=TSB46-5
Added Pin To Net: NetName=DOUT78 Pin=TSB47-1
Added Pin To Net: NetName=A78 Pin=TSB47-2
Added Pin To Net: NetName=L_H5 Pin=TSB47-3
Added Pin To Net: NetName=GLOBAL_3V3 Pin=TSB47-5
Added Pin To Net: NetName=DOUT96 Pin=TSB48-1
Added Pin To Net: NetName=A96 Pin=TSB48-2
Added Pin To Net: NetName=L_H5 Pin=TSB48-3
Added Pin To Net: NetName=GLOBAL_3V3 Pin=TSB48-5
Added Pin To Net: NetName=DOUT114 Pin=TSB49-1
Added Pin To Net: NetName=A114 Pin=TSB49-2
Added Pin To Net: NetName=L_H5 Pin=TSB49-3
Added Pin To Net: NetName=GLOBAL_3V3 Pin=TSB49-5
Added Pin To Net: NetName=DOUT7 Pin=TSB50-1
Added Pin To Net: NetName=A7 Pin=TSB50-2
Added Pin To Net: NetName=L_H5 Pin=TSB50-3
Added Pin To Net: NetName=GLOBAL_3V3 Pin=TSB50-5
Added Pin To Net: NetName=DOUT25 Pin=TSB51-1
Added Pin To Net: NetName=A25 Pin=TSB51-2
Added Pin To Net: NetName=L_H5 Pin=TSB51-3
Added Pin To Net: NetName=GLOBAL_3V3 Pin=TSB51-5
Added Pin To Net: NetName=DOUT43 Pin=TSB52-1
Added Pin To Net: NetName=A43 Pin=TSB52-2
Added Pin To Net: NetName=L_H5 Pin=TSB52-3
Added Pin To Net: NetName=GLOBAL_3V3 Pin=TSB52-5
Added Pin To Net: NetName=DOUT61 Pin=TSB53-1
Added Pin To Net: NetName=A61 Pin=TSB53-2
Added Pin To Net: NetName=L_H5 Pin=TSB53-3
Added Pin To Net: NetName=DOUT61 Pin=TSB53-4
Added Pin To Net: NetName=GLOBAL_3V3 Pin=TSB53-5
Added Pin To Net: NetName=DOUT79 Pin=TSB54-1
Added Pin To Net: NetName=A79 Pin=TSB54-2
Added Pin To Net: NetName=L_H5 Pin=TSB54-3
Added Pin To Net: NetName=GLOBAL_3V3 Pin=TSB54-5
Added Pin To Net: NetName=DOUT97 Pin=TSB55-1
Added Pin To Net: NetName=A97 Pin=TSB55-2
Added Pin To Net: NetName=L_H5 Pin=TSB55-3
Added Pin To Net: NetName=GLOBAL_3V3 Pin=TSB55-5
Added Pin To Net: NetName=DOUT115 Pin=TSB56-1
Added Pin To Net: NetName=A115 Pin=TSB56-2
Added Pin To Net: NetName=L_H5 Pin=TSB56-3
Added Pin To Net: NetName=GLOBAL_3V3 Pin=TSB56-5
Added Pin To Net: NetName=DOUT8 Pin=TSB57-1
Added Pin To Net: NetName=A8 Pin=TSB57-2
Added Pin To Net: NetName=L_H5 Pin=TSB57-3
Added Pin To Net: NetName=GLOBAL_3V3 Pin=TSB57-5
Added Pin To Net: NetName=DOUT26 Pin=TSB58-1
Added Pin To Net: NetName=A26 Pin=TSB58-2
Added Pin To Net: NetName=L_H5 Pin=TSB58-3
Added Pin To Net: NetName=GLOBAL_3V3 Pin=TSB58-5
Added Pin To Net: NetName=DOUT44 Pin=TSB59-1
Added Pin To Net: NetName=A44 Pin=TSB59-2
Added Pin To Net: NetName=L_H5 Pin=TSB59-3
Added Pin To Net: NetName=GLOBAL_3V3 Pin=TSB59-5
Added Pin To Net: NetName=DOUT62 Pin=TSB60-1
Added Pin To Net: NetName=A62 Pin=TSB60-2
Added Pin To Net: NetName=L_H5 Pin=TSB60-3
Added Pin To Net: NetName=DOUT62 Pin=TSB60-4
Added Pin To Net: NetName=GLOBAL_3V3 Pin=TSB60-5
Added Pin To Net: NetName=DOUT80 Pin=TSB61-1
Added Pin To Net: NetName=A80 Pin=TSB61-2
Added Pin To Net: NetName=L_H5 Pin=TSB61-3
Added Pin To Net: NetName=GLOBAL_3V3 Pin=TSB61-5
Added Pin To Net: NetName=DOUT98 Pin=TSB62-1
Added Pin To Net: NetName=A98 Pin=TSB62-2
Added Pin To Net: NetName=L_H5 Pin=TSB62-3
Added Pin To Net: NetName=GLOBAL_3V3 Pin=TSB62-5
Added Pin To Net: NetName=DOUT116 Pin=TSB63-1
Added Pin To Net: NetName=A116 Pin=TSB63-2
Added Pin To Net: NetName=L_H5 Pin=TSB63-3
Added Pin To Net: NetName=GLOBAL_3V3 Pin=TSB63-5
Added Pin To Net: NetName=DOUT9 Pin=TSB64-1
Added Pin To Net: NetName=A9 Pin=TSB64-2
Added Pin To Net: NetName=L_H5 Pin=TSB64-3
Added Pin To Net: NetName=GLOBAL_3V3 Pin=TSB64-5
Added Pin To Net: NetName=DOUT27 Pin=TSB65-1
Added Pin To Net: NetName=A27 Pin=TSB65-2
Added Pin To Net: NetName=L_H5 Pin=TSB65-3
Added Pin To Net: NetName=GLOBAL_3V3 Pin=TSB65-5
Added Pin To Net: NetName=DOUT45 Pin=TSB66-1
Added Pin To Net: NetName=A45 Pin=TSB66-2
Added Pin To Net: NetName=L_H5 Pin=TSB66-3
Added Pin To Net: NetName=GLOBAL_3V3 Pin=TSB66-5
Added Pin To Net: NetName=DOUT63 Pin=TSB67-1
Added Pin To Net: NetName=A63 Pin=TSB67-2
Added Pin To Net: NetName=L_H5 Pin=TSB67-3
Added Pin To Net: NetName=DOUT63 Pin=TSB67-4
Added Pin To Net: NetName=GLOBAL_3V3 Pin=TSB67-5
Added Pin To Net: NetName=DOUT81 Pin=TSB68-1
Added Pin To Net: NetName=A81 Pin=TSB68-2
Added Pin To Net: NetName=L_H5 Pin=TSB68-3
Added Pin To Net: NetName=GLOBAL_3V3 Pin=TSB68-5
Added Pin To Net: NetName=DOUT99 Pin=TSB69-1
Added Pin To Net: NetName=A99 Pin=TSB69-2
Added Pin To Net: NetName=L_H5 Pin=TSB69-3
Added Pin To Net: NetName=GLOBAL_3V3 Pin=TSB69-5
Added Pin To Net: NetName=DOUT117 Pin=TSB70-1
Added Pin To Net: NetName=A117 Pin=TSB70-2
Added Pin To Net: NetName=L_H5 Pin=TSB70-3
Added Pin To Net: NetName=GLOBAL_3V3 Pin=TSB70-5
Added Pin To Net: NetName=DOUT10 Pin=TSB71-1
Added Pin To Net: NetName=A10 Pin=TSB71-2
Added Pin To Net: NetName=L_H5 Pin=TSB71-3
Added Pin To Net: NetName=GLOBAL_3V3 Pin=TSB71-5
Added Pin To Net: NetName=DOUT28 Pin=TSB72-1
Added Pin To Net: NetName=A28 Pin=TSB72-2
Added Pin To Net: NetName=L_H5 Pin=TSB72-3
Added Pin To Net: NetName=GLOBAL_3V3 Pin=TSB72-5
Added Pin To Net: NetName=DOUT46 Pin=TSB73-1
Added Pin To Net: NetName=A46 Pin=TSB73-2
Added Pin To Net: NetName=L_H5 Pin=TSB73-3
Added Pin To Net: NetName=GLOBAL_3V3 Pin=TSB73-5
Added Pin To Net: NetName=DOUT64 Pin=TSB74-1
Added Pin To Net: NetName=A64 Pin=TSB74-2
Added Pin To Net: NetName=L_H5 Pin=TSB74-3
Added Pin To Net: NetName=GLOBAL_3V3 Pin=TSB74-5
Added Pin To Net: NetName=DOUT82 Pin=TSB75-1
Added Pin To Net: NetName=A82 Pin=TSB75-2
Added Pin To Net: NetName=L_H5 Pin=TSB75-3
Added Pin To Net: NetName=GLOBAL_3V3 Pin=TSB75-5
Added Pin To Net: NetName=DOUT100 Pin=TSB76-1
Added Pin To Net: NetName=A100 Pin=TSB76-2
Added Pin To Net: NetName=L_H5 Pin=TSB76-3
Added Pin To Net: NetName=GLOBAL_3V3 Pin=TSB76-5
Added Pin To Net: NetName=DOUT118 Pin=TSB77-1
Added Pin To Net: NetName=A118 Pin=TSB77-2
Added Pin To Net: NetName=L_H5 Pin=TSB77-3
Added Pin To Net: NetName=GLOBAL_3V3 Pin=TSB77-5
Added Pin To Net: NetName=DOUT11 Pin=TSB78-1
Added Pin To Net: NetName=A11 Pin=TSB78-2
Added Pin To Net: NetName=L_H5 Pin=TSB78-3
Added Pin To Net: NetName=GLOBAL_3V3 Pin=TSB78-5
Added Pin To Net: NetName=DOUT29 Pin=TSB79-1
Added Pin To Net: NetName=A29 Pin=TSB79-2
Added Pin To Net: NetName=L_H5 Pin=TSB79-3
Added Pin To Net: NetName=GLOBAL_3V3 Pin=TSB79-5
Added Pin To Net: NetName=DOUT47 Pin=TSB80-1
Added Pin To Net: NetName=A47 Pin=TSB80-2
Added Pin To Net: NetName=L_H5 Pin=TSB80-3
Added Pin To Net: NetName=GLOBAL_3V3 Pin=TSB80-5
Added Pin To Net: NetName=DOUT65 Pin=TSB81-1
Added Pin To Net: NetName=A65 Pin=TSB81-2
Added Pin To Net: NetName=L_H5 Pin=TSB81-3
Added Pin To Net: NetName=GLOBAL_3V3 Pin=TSB81-5
Added Pin To Net: NetName=DOUT83 Pin=TSB82-1
Added Pin To Net: NetName=A83 Pin=TSB82-2
Added Pin To Net: NetName=L_H5 Pin=TSB82-3
Added Pin To Net: NetName=GLOBAL_3V3 Pin=TSB82-5
Added Pin To Net: NetName=DOUT101 Pin=TSB83-1
Added Pin To Net: NetName=A101 Pin=TSB83-2
Added Pin To Net: NetName=L_H5 Pin=TSB83-3
Added Pin To Net: NetName=GLOBAL_3V3 Pin=TSB83-5
Added Pin To Net: NetName=DOUT119 Pin=TSB84-1
Added Pin To Net: NetName=A119 Pin=TSB84-2
Added Pin To Net: NetName=L_H5 Pin=TSB84-3
Added Pin To Net: NetName=GLOBAL_3V3 Pin=TSB84-5
Added Pin To Net: NetName=DOUT12 Pin=TSB85-1
Added Pin To Net: NetName=A12 Pin=TSB85-2
Added Pin To Net: NetName=L_H5 Pin=TSB85-3
Added Pin To Net: NetName=GLOBAL_3V3 Pin=TSB85-5
Added Pin To Net: NetName=DOUT30 Pin=TSB86-1
Added Pin To Net: NetName=A30 Pin=TSB86-2
Added Pin To Net: NetName=L_H5 Pin=TSB86-3
Added Pin To Net: NetName=GLOBAL_3V3 Pin=TSB86-5
Added Pin To Net: NetName=DOUT48 Pin=TSB87-1
Added Pin To Net: NetName=A48 Pin=TSB87-2
Added Pin To Net: NetName=L_H5 Pin=TSB87-3
Added Pin To Net: NetName=DOUT48 Pin=TSB87-4
Added Pin To Net: NetName=GLOBAL_3V3 Pin=TSB87-5
Added Pin To Net: NetName=DOUT66 Pin=TSB88-1
Added Pin To Net: NetName=A66 Pin=TSB88-2
Added Pin To Net: NetName=L_H5 Pin=TSB88-3
Added Pin To Net: NetName=GLOBAL_3V3 Pin=TSB88-5
Added Pin To Net: NetName=DOUT84 Pin=TSB89-1
Added Pin To Net: NetName=A84 Pin=TSB89-2
Added Pin To Net: NetName=L_H5 Pin=TSB89-3
Added Pin To Net: NetName=GLOBAL_3V3 Pin=TSB89-5
Added Pin To Net: NetName=DOUT102 Pin=TSB90-1
Added Pin To Net: NetName=A102 Pin=TSB90-2
Added Pin To Net: NetName=L_H5 Pin=TSB90-3
Added Pin To Net: NetName=GLOBAL_3V3 Pin=TSB90-5
Added Pin To Net: NetName=DOUT120 Pin=TSB91-1
Added Pin To Net: NetName=A120 Pin=TSB91-2
Added Pin To Net: NetName=L_H5 Pin=TSB91-3
Added Pin To Net: NetName=GLOBAL_3V3 Pin=TSB91-5
Added Pin To Net: NetName=DOUT13 Pin=TSB92-1
Added Pin To Net: NetName=A13 Pin=TSB92-2
Added Pin To Net: NetName=L_H5 Pin=TSB92-3
Added Pin To Net: NetName=GLOBAL_3V3 Pin=TSB92-5
Added Pin To Net: NetName=DOUT31 Pin=TSB93-1
Added Pin To Net: NetName=A31 Pin=TSB93-2
Added Pin To Net: NetName=L_H5 Pin=TSB93-3
Added Pin To Net: NetName=GLOBAL_3V3 Pin=TSB93-5
Added Pin To Net: NetName=DOUT49 Pin=TSB94-1
Added Pin To Net: NetName=A49 Pin=TSB94-2
Added Pin To Net: NetName=L_H5 Pin=TSB94-3
Added Pin To Net: NetName=DOUT49 Pin=TSB94-4
Added Pin To Net: NetName=GLOBAL_3V3 Pin=TSB94-5
Added Pin To Net: NetName=DOUT67 Pin=TSB95-1
Added Pin To Net: NetName=A67 Pin=TSB95-2
Added Pin To Net: NetName=L_H5 Pin=TSB95-3
Added Pin To Net: NetName=GLOBAL_3V3 Pin=TSB95-5
Added Pin To Net: NetName=DOUT85 Pin=TSB96-1
Added Pin To Net: NetName=A85 Pin=TSB96-2
Added Pin To Net: NetName=L_H5 Pin=TSB96-3
Added Pin To Net: NetName=GLOBAL_3V3 Pin=TSB96-5
Added Pin To Net: NetName=DOUT103 Pin=TSB97-1
Added Pin To Net: NetName=A103 Pin=TSB97-2
Added Pin To Net: NetName=L_H5 Pin=TSB97-3
Added Pin To Net: NetName=GLOBAL_3V3 Pin=TSB97-5
Added Pin To Net: NetName=DOUT121 Pin=TSB98-1
Added Pin To Net: NetName=A121 Pin=TSB98-2
Added Pin To Net: NetName=L_H5 Pin=TSB98-3
Added Pin To Net: NetName=GLOBAL_3V3 Pin=TSB98-5
Added Pin To Net: NetName=DOUT14 Pin=TSB99-1
Added Pin To Net: NetName=A14 Pin=TSB99-2
Added Pin To Net: NetName=L_H5 Pin=TSB99-3
Added Pin To Net: NetName=GLOBAL_3V3 Pin=TSB99-5
Added Pin To Net: NetName=DOUT32 Pin=TSB100-1
Added Pin To Net: NetName=A32 Pin=TSB100-2
Added Pin To Net: NetName=L_H5 Pin=TSB100-3
Added Pin To Net: NetName=GLOBAL_3V3 Pin=TSB100-5
Added Pin To Net: NetName=DOUT50 Pin=TSB101-1
Added Pin To Net: NetName=A50 Pin=TSB101-2
Added Pin To Net: NetName=L_H5 Pin=TSB101-3
Added Pin To Net: NetName=DOUT50 Pin=TSB101-4
Added Pin To Net: NetName=GLOBAL_3V3 Pin=TSB101-5
Added Pin To Net: NetName=DOUT68 Pin=TSB102-1
Added Pin To Net: NetName=A68 Pin=TSB102-2
Added Pin To Net: NetName=L_H5 Pin=TSB102-3
Added Pin To Net: NetName=GLOBAL_3V3 Pin=TSB102-5
Added Pin To Net: NetName=DOUT86 Pin=TSB103-1
Added Pin To Net: NetName=A86 Pin=TSB103-2
Added Pin To Net: NetName=L_H5 Pin=TSB103-3
Added Pin To Net: NetName=GLOBAL_3V3 Pin=TSB103-5
Added Pin To Net: NetName=DOUT104 Pin=TSB104-1
Added Pin To Net: NetName=A104 Pin=TSB104-2
Added Pin To Net: NetName=L_H5 Pin=TSB104-3
Added Pin To Net: NetName=GLOBAL_3V3 Pin=TSB104-5
Added Pin To Net: NetName=DOUT122 Pin=TSB105-1
Added Pin To Net: NetName=A122 Pin=TSB105-2
Added Pin To Net: NetName=L_H5 Pin=TSB105-3
Added Pin To Net: NetName=GLOBAL_3V3 Pin=TSB105-5
Added Pin To Net: NetName=DOUT15 Pin=TSB106-1
Added Pin To Net: NetName=A15 Pin=TSB106-2
Added Pin To Net: NetName=L_H5 Pin=TSB106-3
Added Pin To Net: NetName=GLOBAL_3V3 Pin=TSB106-5
Added Pin To Net: NetName=DOUT33 Pin=TSB107-1
Added Pin To Net: NetName=A33 Pin=TSB107-2
Added Pin To Net: NetName=L_H5 Pin=TSB107-3
Added Pin To Net: NetName=GLOBAL_3V3 Pin=TSB107-5
Added Pin To Net: NetName=DOUT51 Pin=TSB108-1
Added Pin To Net: NetName=A51 Pin=TSB108-2
Added Pin To Net: NetName=L_H5 Pin=TSB108-3
Added Pin To Net: NetName=DOUT51 Pin=TSB108-4
Added Pin To Net: NetName=GLOBAL_3V3 Pin=TSB108-5
Added Pin To Net: NetName=DOUT69 Pin=TSB109-1
Added Pin To Net: NetName=A69 Pin=TSB109-2
Added Pin To Net: NetName=L_H5 Pin=TSB109-3
Added Pin To Net: NetName=GLOBAL_3V3 Pin=TSB109-5
Added Pin To Net: NetName=DOUT87 Pin=TSB110-1
Added Pin To Net: NetName=A87 Pin=TSB110-2
Added Pin To Net: NetName=L_H5 Pin=TSB110-3
Added Pin To Net: NetName=GLOBAL_3V3 Pin=TSB110-5
Added Pin To Net: NetName=DOUT105 Pin=TSB111-1
Added Pin To Net: NetName=A105 Pin=TSB111-2
Added Pin To Net: NetName=L_H5 Pin=TSB111-3
Added Pin To Net: NetName=GLOBAL_3V3 Pin=TSB111-5
Added Pin To Net: NetName=DOUT123 Pin=TSB112-1
Added Pin To Net: NetName=A123 Pin=TSB112-2
Added Pin To Net: NetName=L_H5 Pin=TSB112-3
Added Pin To Net: NetName=GLOBAL_3V3 Pin=TSB112-5
Added Pin To Net: NetName=DOUT16 Pin=TSB113-1
Added Pin To Net: NetName=A16 Pin=TSB113-2
Added Pin To Net: NetName=L_H5 Pin=TSB113-3
Added Pin To Net: NetName=GLOBAL_3V3 Pin=TSB113-5
Added Pin To Net: NetName=DOUT34 Pin=TSB114-1
Added Pin To Net: NetName=A34 Pin=TSB114-2
Added Pin To Net: NetName=L_H5 Pin=TSB114-3
Added Pin To Net: NetName=GLOBAL_3V3 Pin=TSB114-5
Added Pin To Net: NetName=DOUT52 Pin=TSB115-1
Added Pin To Net: NetName=A52 Pin=TSB115-2
Added Pin To Net: NetName=L_H5 Pin=TSB115-3
Added Pin To Net: NetName=DOUT52 Pin=TSB115-4
Added Pin To Net: NetName=GLOBAL_3V3 Pin=TSB115-5
Added Pin To Net: NetName=DOUT70 Pin=TSB116-1
Added Pin To Net: NetName=A70 Pin=TSB116-2
Added Pin To Net: NetName=L_H5 Pin=TSB116-3
Added Pin To Net: NetName=GLOBAL_3V3 Pin=TSB116-5
Added Pin To Net: NetName=DOUT88 Pin=TSB117-1
Added Pin To Net: NetName=A88 Pin=TSB117-2
Added Pin To Net: NetName=L_H5 Pin=TSB117-3
Added Pin To Net: NetName=GLOBAL_3V3 Pin=TSB117-5
Added Pin To Net: NetName=DOUT106 Pin=TSB118-1
Added Pin To Net: NetName=A106 Pin=TSB118-2
Added Pin To Net: NetName=L_H5 Pin=TSB118-3
Added Pin To Net: NetName=GLOBAL_3V3 Pin=TSB118-5
Added Pin To Net: NetName=DOUT124 Pin=TSB119-1
Added Pin To Net: NetName=A124 Pin=TSB119-2
Added Pin To Net: NetName=L_H5 Pin=TSB119-3
Added Pin To Net: NetName=GLOBAL_3V3 Pin=TSB119-5
Added Pin To Net: NetName=DOUT17 Pin=TSB120-1
Added Pin To Net: NetName=A17 Pin=TSB120-2
Added Pin To Net: NetName=L_H5 Pin=TSB120-3
Added Pin To Net: NetName=DOUT35 Pin=TSB121-1
Added Pin To Net: NetName=A35 Pin=TSB121-2
Added Pin To Net: NetName=L_H5 Pin=TSB121-3
Added Pin To Net: NetName=DOUT53 Pin=TSB122-1
Added Pin To Net: NetName=A53 Pin=TSB122-2
Added Pin To Net: NetName=DOUT53 Pin=TSB122-4
Added Pin To Net: NetName=DOUT71 Pin=TSB123-1
Added Pin To Net: NetName=A71 Pin=TSB123-2
Added Pin To Net: NetName=L_H5 Pin=TSB123-3
Added Pin To Net: NetName=DOUT89 Pin=TSB124-1
Added Pin To Net: NetName=A89 Pin=TSB124-2
Added Pin To Net: NetName=L_H5 Pin=TSB124-3
Added Pin To Net: NetName=DOUT107 Pin=TSB125-1
Added Pin To Net: NetName=A107 Pin=TSB125-2
Added Pin To Net: NetName=L_H5 Pin=TSB125-3
Added Pin To Net: NetName=DOUT125 Pin=TSB126-1
Added Pin To Net: NetName=A125 Pin=TSB126-2
Added Pin To Net: NetName=L_H5 Pin=TSB126-3
Added Pin To Net: NetName=GLOBAL_3V3 Pin=TSB126-5
Added Pin To Net: NetName=DOUT126 Pin=TSB127-1
Added Pin To Net: NetName=L_H5 Pin=TSB127-2
Added Pin To Net: NetName=L_H5 Pin=TSB127-3
Added Pin To Net: NetName=DOUT127 Pin=TSB128-1
Added Pin To Net: NetName=L_H5 Pin=TSB128-2
Added Pin To Net: NetName=L_H5 Pin=TSB128-3
Added Pin To Net: NetName=-5V_U_Power_Control1 Pin=-5V-1
Added Pin To Net: NetName=-5V_U_Power_Control1 Pin=-5V-1
Added Pin To Net: NetName=-5V_U_Power_Control1 Pin=LM1_U_Power_Control1-2
Added Pin To Net: NetName=-5V_U_Power_Control1 Pin=LM1_U_Power_Control2-2
Added Pin To Net: NetName=-5V_U_Power_Control1 Pin=R6_U_Power_Control1-1
Added Pin To Net: NetName=-5V_U_Power_Control1 Pin=R6_U_Power_Control2-1
Added Net: Name=-5V_U_Power_Control1
Added Pin To Net: NetName=12V_U_Power_Control1 Pin=LM2_U_Power_Control1-5
Added Pin To Net: NetName=12V_U_Power_Control1 Pin=POT_U_Power_Control1-6
Added Net: Name=12V_U_Power_Control1
Added Pin To Net: NetName=12V_U_Power_Control2 Pin=LM2_U_Power_Control2-5
Added Pin To Net: NetName=12V_U_Power_Control2 Pin=POT_U_Power_Control2-6
Added Net: Name=12V_U_Power_Control2
Added Pin To Net: NetName=B_H0 Pin=ETH4-34
Added Pin To Net: NetName=B_H0 Pin=ETH_U_DUT_HEADER3-17
Added Net: Name=B_H0
Added Pin To Net: NetName=B_H1 Pin=ETH4-33
Added Pin To Net: NetName=B_H1 Pin=ETH_U_DUT_HEADER3-18
Added Net: Name=B_H1
Added Pin To Net: NetName=B_H2 Pin=ETH4-32
Added Pin To Net: NetName=B_H2 Pin=ETH_U_DUT_HEADER3-19
Added Net: Name=B_H2
Added Pin To Net: NetName=B_H3 Pin=ETH4-18
Added Pin To Net: NetName=B_H3 Pin=ETH_U_DUT_HEADER3-20
Added Net: Name=B_H3
Added Pin To Net: NetName=B_H4 Pin=ETH4-31
Added Pin To Net: NetName=B_H4 Pin=ETH_U_DUT_HEADER3-21
Added Net: Name=B_H4
Added Pin To Net: NetName=B_H5 Pin=ETH4-29
Added Pin To Net: NetName=B_H5 Pin=ETH_U_DUT_HEADER3-22
Added Net: Name=B_H5
Added Pin To Net: NetName=B_H6 Pin=ETH4-28
Added Pin To Net: NetName=B_H6 Pin=ETH_U_DUT_HEADER3-23
Added Net: Name=B_H6
Added Pin To Net: NetName=B_H7 Pin=ETH4-35
Added Pin To Net: NetName=B_H7 Pin=ETH_U_DUT_HEADER3-24
Added Pin To Net: NetName=B_H7 Pin=ETH_U_DUT_HEADER4-24
Added Net: Name=B_H7
Added Pin To Net: NetName=FPGA_RCLK Pin=ETH4-22
Added Net: Name=FPGA_RCLK
Added Pin To Net: NetName=FPGA_SER Pin=ETH4-20
Added Net: Name=FPGA_SER
Added Pin To Net: NetName=FPGA_SRCLK Pin=ETH4-21
Added Net: Name=FPGA_SRCLK
Added Pin To Net: NetName=GLOBAL_12V Pin=12V.-2
Added Pin To Net: NetName=GLOBAL_12V Pin=12V.-3
Added Pin To Net: NetName=GLOBAL_12V Pin=R10_U_Power_Control1-2
Added Pin To Net: NetName=GLOBAL_12V Pin=R10_U_Power_Control2-2
Added Net: Name=GLOBAL_12V
Added Pin To Net: NetName=GLOBAL_LOW_POWER Pin=D1_U_Power_Control2-1
Added Pin To Net: NetName=GLOBAL_LOW_POWER Pin=D2_U_Power_Control2-2
Added Pin To Net: NetName=GLOBAL_LOW_POWER Pin=R2_U_Power_Control2-2
Added Pin To Net: NetName=GLOBAL_LOW_POWER Pin=VR1_U_Power_Control2-2
Added Pin To Net: NetName=GLOBAL_LOW_POWER Pin=VR1_U_Power_Control2-4
Added Net: Name=GLOBAL_LOW_POWER
Added Pin To Net: NetName=IVL_B0 Pin=TSB1-4
Added Net: Name=IVL_B0
Added Pin To Net: NetName=IVL_B1 Pin=TSB8-4
Added Net: Name=IVL_B1
Added Pin To Net: NetName=IVL_B2 Pin=TSB15-4
Added Net: Name=IVL_B2
Added Pin To Net: NetName=IVL_B3 Pin=TSB22-4
Added Net: Name=IVL_B3
Added Pin To Net: NetName=IVL_B4 Pin=TSB29-4
Added Net: Name=IVL_B4
Added Pin To Net: NetName=IVL_B5 Pin=TSB36-4
Added Net: Name=IVL_B5
Added Pin To Net: NetName=IVL_B6 Pin=TSB43-4
Added Net: Name=IVL_B6
Added Pin To Net: NetName=IVL_B7 Pin=TSB50-4
Added Net: Name=IVL_B7
Added Pin To Net: NetName=IVL_B8 Pin=TSB57-4
Added Net: Name=IVL_B8
Added Pin To Net: NetName=IVL_B9 Pin=TSB64-4
Added Net: Name=IVL_B9
Added Pin To Net: NetName=IVL_B10 Pin=TSB71-4
Added Net: Name=IVL_B10
Added Pin To Net: NetName=IVL_B11 Pin=TSB78-4
Added Net: Name=IVL_B11
Added Pin To Net: NetName=IVL_B12 Pin=TSB85-4
Added Net: Name=IVL_B12
Added Pin To Net: NetName=IVL_B13 Pin=TSB92-4
Added Net: Name=IVL_B13
Added Pin To Net: NetName=IVL_B14 Pin=TSB99-4
Added Net: Name=IVL_B14
Added Pin To Net: NetName=IVL_B15 Pin=TSB106-4
Added Net: Name=IVL_B15
Added Pin To Net: NetName=IVL_B16 Pin=TSB113-4
Added Net: Name=IVL_B16
Added Pin To Net: NetName=IVL_B17 Pin=TSB120-4
Added Net: Name=IVL_B17
Added Pin To Net: NetName=IVL_B18 Pin=TSB2-4
Added Net: Name=IVL_B18
Added Pin To Net: NetName=IVL_B19 Pin=TSB9-4
Added Net: Name=IVL_B19
Added Pin To Net: NetName=IVL_B20 Pin=TSB16-4
Added Net: Name=IVL_B20
Added Pin To Net: NetName=IVL_B21 Pin=TSB23-4
Added Net: Name=IVL_B21
Added Pin To Net: NetName=IVL_B22 Pin=TSB30-4
Added Net: Name=IVL_B22
Added Pin To Net: NetName=IVL_B23 Pin=TSB37-4
Added Net: Name=IVL_B23
Added Pin To Net: NetName=IVL_B24 Pin=TSB44-4
Added Net: Name=IVL_B24
Added Pin To Net: NetName=IVL_B25 Pin=TSB51-4
Added Net: Name=IVL_B25
Added Pin To Net: NetName=IVL_B26 Pin=TSB58-4
Added Net: Name=IVL_B26
Added Pin To Net: NetName=IVL_B27 Pin=TSB65-4
Added Net: Name=IVL_B27
Added Pin To Net: NetName=IVL_B28 Pin=TSB72-4
Added Net: Name=IVL_B28
Added Pin To Net: NetName=IVL_B29 Pin=TSB79-4
Added Net: Name=IVL_B29
Added Pin To Net: NetName=IVL_B30 Pin=TSB86-4
Added Net: Name=IVL_B30
Added Pin To Net: NetName=IVL_B31 Pin=TSB93-4
Added Net: Name=IVL_B31
Added Pin To Net: NetName=IVL_B32 Pin=TSB100-4
Added Net: Name=IVL_B32
Added Pin To Net: NetName=IVL_B33 Pin=TSB107-4
Added Net: Name=IVL_B33
Added Pin To Net: NetName=IVL_B34 Pin=TSB114-4
Added Net: Name=IVL_B34
Added Pin To Net: NetName=IVL_B35 Pin=TSB121-4
Added Net: Name=IVL_B35
Added Pin To Net: NetName=IVL_B36 Pin=TSB3-4
Added Net: Name=IVL_B36
Added Pin To Net: NetName=IVL_B37 Pin=TSB10-4
Added Net: Name=IVL_B37
Added Pin To Net: NetName=IVL_B38 Pin=TSB17-4
Added Net: Name=IVL_B38
Added Pin To Net: NetName=IVL_B39 Pin=TSB24-4
Added Net: Name=IVL_B39
Added Pin To Net: NetName=IVL_B40 Pin=TSB31-4
Added Net: Name=IVL_B40
Added Pin To Net: NetName=IVL_B41 Pin=TSB38-4
Added Net: Name=IVL_B41
Added Pin To Net: NetName=IVL_B42 Pin=TSB45-4
Added Net: Name=IVL_B42
Added Pin To Net: NetName=IVL_B43 Pin=TSB52-4
Added Net: Name=IVL_B43
Added Pin To Net: NetName=IVL_B44 Pin=TSB59-4
Added Net: Name=IVL_B44
Added Pin To Net: NetName=IVL_B45 Pin=TSB66-4
Added Net: Name=IVL_B45
Added Pin To Net: NetName=IVL_B46 Pin=TSB73-4
Added Net: Name=IVL_B46
Added Pin To Net: NetName=IVL_B47 Pin=TSB80-4
Added Net: Name=IVL_B47
Added Pin To Net: NetName=IVL_B64 Pin=TSB74-4
Added Net: Name=IVL_B64
Added Pin To Net: NetName=IVL_B65 Pin=TSB81-4
Added Net: Name=IVL_B65
Added Pin To Net: NetName=IVL_B66 Pin=TSB88-4
Added Net: Name=IVL_B66
Added Pin To Net: NetName=IVL_B67 Pin=TSB95-4
Added Net: Name=IVL_B67
Added Pin To Net: NetName=IVL_B68 Pin=TSB102-4
Added Net: Name=IVL_B68
Added Pin To Net: NetName=IVL_B69 Pin=TSB109-4
Added Net: Name=IVL_B69
Added Pin To Net: NetName=IVL_B70 Pin=TSB116-4
Added Net: Name=IVL_B70
Added Pin To Net: NetName=IVL_B71 Pin=TSB123-4
Added Net: Name=IVL_B71
Added Pin To Net: NetName=IVL_B72 Pin=TSB5-4
Added Net: Name=IVL_B72
Added Pin To Net: NetName=IVL_B73 Pin=TSB12-4
Added Net: Name=IVL_B73
Added Pin To Net: NetName=IVL_B74 Pin=TSB19-4
Added Net: Name=IVL_B74
Added Pin To Net: NetName=IVL_B75 Pin=TSB26-4
Added Net: Name=IVL_B75
Added Pin To Net: NetName=IVL_B76 Pin=TSB33-4
Added Net: Name=IVL_B76
Added Pin To Net: NetName=IVL_B77 Pin=TSB40-4
Added Net: Name=IVL_B77
Added Pin To Net: NetName=IVL_B78 Pin=TSB47-4
Added Net: Name=IVL_B78
Added Pin To Net: NetName=IVL_B79 Pin=TSB54-4
Added Net: Name=IVL_B79
Added Pin To Net: NetName=IVL_B80 Pin=TSB61-4
Added Net: Name=IVL_B80
Added Pin To Net: NetName=IVL_B81 Pin=TSB68-4
Added Net: Name=IVL_B81
Added Pin To Net: NetName=IVL_B82 Pin=TSB75-4
Added Net: Name=IVL_B82
Added Pin To Net: NetName=IVL_B83 Pin=TSB82-4
Added Net: Name=IVL_B83
Added Pin To Net: NetName=IVL_B84 Pin=TSB89-4
Added Net: Name=IVL_B84
Added Pin To Net: NetName=IVL_B85 Pin=TSB96-4
Added Net: Name=IVL_B85
Added Pin To Net: NetName=IVL_B86 Pin=TSB103-4
Added Net: Name=IVL_B86
Added Pin To Net: NetName=IVL_B87 Pin=TSB110-4
Added Net: Name=IVL_B87
Added Pin To Net: NetName=IVL_B88 Pin=TSB117-4
Added Net: Name=IVL_B88
Added Pin To Net: NetName=IVL_B89 Pin=TSB124-4
Added Net: Name=IVL_B89
Added Pin To Net: NetName=IVL_B90 Pin=TSB6-4
Added Net: Name=IVL_B90
Added Pin To Net: NetName=IVL_B91 Pin=TSB13-4
Added Net: Name=IVL_B91
Added Pin To Net: NetName=IVL_B92 Pin=TSB20-4
Added Net: Name=IVL_B92
Added Pin To Net: NetName=IVL_B93 Pin=TSB27-4
Added Net: Name=IVL_B93
Added Pin To Net: NetName=IVL_B94 Pin=TSB34-4
Added Net: Name=IVL_B94
Added Pin To Net: NetName=IVL_B95 Pin=TSB41-4
Added Net: Name=IVL_B95
Added Pin To Net: NetName=IVL_B96 Pin=TSB48-4
Added Net: Name=IVL_B96
Added Pin To Net: NetName=IVL_B97 Pin=TSB55-4
Added Net: Name=IVL_B97
Added Pin To Net: NetName=IVL_B98 Pin=TSB62-4
Added Net: Name=IVL_B98
Added Pin To Net: NetName=IVL_B99 Pin=TSB69-4
Added Net: Name=IVL_B99
Added Pin To Net: NetName=IVL_B100 Pin=TSB76-4
Added Net: Name=IVL_B100
Added Pin To Net: NetName=IVL_B101 Pin=TSB83-4
Added Net: Name=IVL_B101
Added Pin To Net: NetName=IVL_B102 Pin=TSB90-4
Added Net: Name=IVL_B102
Added Pin To Net: NetName=IVL_B103 Pin=TSB97-4
Added Net: Name=IVL_B103
Added Pin To Net: NetName=IVL_B104 Pin=TSB104-4
Added Net: Name=IVL_B104
Added Pin To Net: NetName=IVL_B105 Pin=TSB111-4
Added Net: Name=IVL_B105
Added Pin To Net: NetName=IVL_B106 Pin=TSB118-4
Added Net: Name=IVL_B106
Added Pin To Net: NetName=IVL_B107 Pin=TSB125-4
Added Net: Name=IVL_B107
Added Pin To Net: NetName=IVL_B108 Pin=TSB7-4
Added Net: Name=IVL_B108
Added Pin To Net: NetName=IVL_B109 Pin=TSB14-4
Added Net: Name=IVL_B109
Added Pin To Net: NetName=IVL_B110 Pin=TSB21-4
Added Net: Name=IVL_B110
Added Pin To Net: NetName=IVL_B111 Pin=TSB28-4
Added Net: Name=IVL_B111
Added Pin To Net: NetName=IVL_B112 Pin=TSB35-4
Added Net: Name=IVL_B112
Added Pin To Net: NetName=IVL_B113 Pin=TSB42-4
Added Net: Name=IVL_B113
Added Pin To Net: NetName=IVL_B114 Pin=TSB49-4
Added Net: Name=IVL_B114
Added Pin To Net: NetName=IVL_B115 Pin=TSB56-4
Added Net: Name=IVL_B115
Added Pin To Net: NetName=IVL_B116 Pin=TSB63-4
Added Net: Name=IVL_B116
Added Pin To Net: NetName=IVL_B117 Pin=TSB70-4
Added Net: Name=IVL_B117
Added Pin To Net: NetName=IVL_B118 Pin=TSB77-4
Added Net: Name=IVL_B118
Added Pin To Net: NetName=IVL_B119 Pin=TSB84-4
Added Net: Name=IVL_B119
Added Pin To Net: NetName=IVL_B120 Pin=TSB91-4
Added Net: Name=IVL_B120
Added Pin To Net: NetName=IVL_B121 Pin=TSB98-4
Added Net: Name=IVL_B121
Added Pin To Net: NetName=IVL_B122 Pin=TSB105-4
Added Net: Name=IVL_B122
Added Pin To Net: NetName=IVL_B123 Pin=TSB112-4
Added Net: Name=IVL_B123
Added Pin To Net: NetName=IVL_B124 Pin=TSB119-4
Added Net: Name=IVL_B124
Added Pin To Net: NetName=IVL_B125 Pin=TSB126-4
Added Net: Name=IVL_B125
Added Pin To Net: NetName=IVL_B126 Pin=TSB127-4
Added Net: Name=IVL_B126
Added Pin To Net: NetName=IVL_B127 Pin=TSB128-4
Added Net: Name=IVL_B127
Added Pin To Net: NetName=L_H0 Pin=ETH4-27
Added Pin To Net: NetName=L_H0 Pin=ETH_U_DUT_HEADER2-17
Added Net: Name=L_H0
Added Pin To Net: NetName=L_H1 Pin=ETH4-26
Added Pin To Net: NetName=L_H1 Pin=ETH_U_DUT_HEADER2-18
Added Net: Name=L_H1
Added Pin To Net: NetName=L_H6 Pin=0.1uF_3_U_VT1-1
Added Pin To Net: NetName=L_H6 Pin=0.1uF_3_U_VT2-1
Added Pin To Net: NetName=L_H6 Pin=0.1uF_3_U_VT3-1
Added Pin To Net: NetName=L_H6 Pin=0.1uF_3_U_VT4-1
Added Pin To Net: NetName=L_H6 Pin=0.1uF_3_U_VT5-1
Added Pin To Net: NetName=L_H6 Pin=0.1uF_3_U_VT6-1
Added Pin To Net: NetName=L_H6 Pin=0.1uF_3_U_VT7-1
Added Pin To Net: NetName=L_H6 Pin=0.1uF_3_U_VT8-1
Added Pin To Net: NetName=L_H6 Pin=0.1uF_4_U_VT1-1
Added Pin To Net: NetName=L_H6 Pin=0.1uF_4_U_VT2-1
Added Pin To Net: NetName=L_H6 Pin=0.1uF_4_U_VT3-1
Added Pin To Net: NetName=L_H6 Pin=0.1uF_4_U_VT4-1
Added Pin To Net: NetName=L_H6 Pin=0.1uF_4_U_VT5-1
Added Pin To Net: NetName=L_H6 Pin=0.1uF_4_U_VT6-1
Added Pin To Net: NetName=L_H6 Pin=0.1uF_4_U_VT7-1
Added Pin To Net: NetName=L_H6 Pin=0.1uF_4_U_VT8-1
Added Pin To Net: NetName=L_H6 Pin=D1_U_Power_Control1-1
Added Pin To Net: NetName=L_H6 Pin=D2_U_Power_Control1-2
Added Pin To Net: NetName=L_H6 Pin=ETH_U_DUT_HEADER2-23
Added Pin To Net: NetName=L_H6 Pin=R2_U_Power_Control1-2
Added Pin To Net: NetName=L_H6 Pin=VR1_U_Power_Control1-2
Added Pin To Net: NetName=L_H6 Pin=VR1_U_Power_Control1-4
Added Net: Name=L_H6
Added Pin To Net: NetName=L_H7 Pin=ETH4-25
Added Pin To Net: NetName=L_H7 Pin=ETH_U_DUT_HEADER1-24
Added Pin To Net: NetName=L_H7 Pin=ETH_U_DUT_HEADER2-24
Added Net: Name=L_H7
Added Pin To Net: NetName=NetD2_U_Power_Control1_1 Pin=D2_U_Power_Control1-1
Added Pin To Net: NetName=NetD2_U_Power_Control1_1 Pin=POT_U_Power_Control1-4
Added Pin To Net: NetName=NetD2_U_Power_Control1_1 Pin=R2_U_Power_Control1-1
Added Pin To Net: NetName=NetD2_U_Power_Control1_1 Pin=VR1_U_Power_Control1-1
Added Net: Name=NetD2_U_Power_Control1_1
Added Pin To Net: NetName=NetD2_U_Power_Control2_1 Pin=D2_U_Power_Control2-1
Added Pin To Net: NetName=NetD2_U_Power_Control2_1 Pin=POT_U_Power_Control2-4
Added Pin To Net: NetName=NetD2_U_Power_Control2_1 Pin=R2_U_Power_Control2-1
Added Pin To Net: NetName=NetD2_U_Power_Control2_1 Pin=VR1_U_Power_Control2-1
Added Net: Name=NetD2_U_Power_Control2_1
Added Pin To Net: NetName=NetLM1_U_Power_Control1_1 Pin=LM1_U_Power_Control1-1
Added Pin To Net: NetName=NetLM1_U_Power_Control1_1 Pin=R5_U_Power_Control1-2
Added Pin To Net: NetName=NetLM1_U_Power_Control1_1 Pin=R6_U_Power_Control1-2
Added Net: Name=NetLM1_U_Power_Control1_1
Added Pin To Net: NetName=NetLM1_U_Power_Control2_1 Pin=LM1_U_Power_Control2-1
Added Pin To Net: NetName=NetLM1_U_Power_Control2_1 Pin=R5_U_Power_Control2-2
Added Pin To Net: NetName=NetLM1_U_Power_Control2_1 Pin=R6_U_Power_Control2-2
Added Net: Name=NetLM1_U_Power_Control2_1
Added Pin To Net: NetName=NetLM2_U_Power_Control1_1 Pin=LM2_U_Power_Control1-1
Added Pin To Net: NetName=NetLM2_U_Power_Control1_1 Pin=R9_U_Power_Control1-2
Added Pin To Net: NetName=NetLM2_U_Power_Control1_1 Pin=R10_U_Power_Control1-1
Added Net: Name=NetLM2_U_Power_Control1_1
Added Pin To Net: NetName=NetLM2_U_Power_Control2_1 Pin=LM2_U_Power_Control2-1
Added Pin To Net: NetName=NetLM2_U_Power_Control2_1 Pin=R9_U_Power_Control2-2
Added Pin To Net: NetName=NetLM2_U_Power_Control2_1 Pin=R10_U_Power_Control2-1
Added Net: Name=NetLM2_U_Power_Control2_1
Added Pin To Net: NetName=OUT1_U_Power_Control1 Pin=1_U_Power_Control1-1
Added Pin To Net: NetName=OUT1_U_Power_Control1 Pin=2_U_Power_Control1-1
Added Pin To Net: NetName=OUT1_U_Power_Control1 Pin=LM1_U_Power_Control1-3
Added Pin To Net: NetName=OUT1_U_Power_Control1 Pin=LM1_U_Power_Control1-4
Added Pin To Net: NetName=OUT1_U_Power_Control1 Pin=POT_U_Power_Control1-3
Added Net: Name=OUT1_U_Power_Control1
Added Pin To Net: NetName=OUT1_U_Power_Control2 Pin=1_U_Power_Control2-1
Added Pin To Net: NetName=OUT1_U_Power_Control2 Pin=2_U_Power_Control2-1
Added Pin To Net: NetName=OUT1_U_Power_Control2 Pin=LM1_U_Power_Control2-3
Added Pin To Net: NetName=OUT1_U_Power_Control2 Pin=LM1_U_Power_Control2-4
Added Pin To Net: NetName=OUT1_U_Power_Control2 Pin=POT_U_Power_Control2-3
Added Net: Name=OUT1_U_Power_Control2
Added Pin To Net: NetName=OUT2_U_Power_Control1 Pin=D1_U_Power_Control1-2
Added Pin To Net: NetName=OUT2_U_Power_Control1 Pin=LM1_U_Power_Control1-5
Added Pin To Net: NetName=OUT2_U_Power_Control1 Pin=LM2_U_Power_Control1-3
Added Pin To Net: NetName=OUT2_U_Power_Control1 Pin=LM2_U_Power_Control1-4
Added Pin To Net: NetName=OUT2_U_Power_Control1 Pin=VR1_U_Power_Control1-3
Added Net: Name=OUT2_U_Power_Control1
Added Pin To Net: NetName=OUT2_U_Power_Control2 Pin=D1_U_Power_Control2-2
Added Pin To Net: NetName=OUT2_U_Power_Control2 Pin=LM1_U_Power_Control2-5
Added Pin To Net: NetName=OUT2_U_Power_Control2 Pin=LM2_U_Power_Control2-3
Added Pin To Net: NetName=OUT2_U_Power_Control2 Pin=LM2_U_Power_Control2-4
Added Pin To Net: NetName=OUT2_U_Power_Control2 Pin=VR1_U_Power_Control2-3
Added Net: Name=OUT2_U_Power_Control2
Added Pin To Net: NetName=OVCC_B0 Pin=ETH_U_DUT_HEADER4-1
Added Net: Name=OVCC_B0
Added Pin To Net: NetName=OVCC_B1 Pin=ETH_U_DUT_HEADER4-2
Added Net: Name=OVCC_B1
Added Pin To Net: NetName=OVCC_B2 Pin=ETH_U_DUT_HEADER4-3
Added Net: Name=OVCC_B2
Added Pin To Net: NetName=OVCC_B3 Pin=ETH_U_DUT_HEADER4-4
Added Net: Name=OVCC_B3
Added Pin To Net: NetName=OVCC_B4 Pin=ETH_U_DUT_HEADER4-5
Added Net: Name=OVCC_B4
Added Pin To Net: NetName=OVCC_B5 Pin=ETH_U_DUT_HEADER4-6
Added Net: Name=OVCC_B5
Added Pin To Net: NetName=OVCC_B6 Pin=ETH_U_DUT_HEADER4-7
Added Net: Name=OVCC_B6
Added Pin To Net: NetName=OVCC_B7 Pin=ETH_U_DUT_HEADER4-8
Added Net: Name=OVCC_B7
Added Pin To Net: NetName=OVCC_B8 Pin=ETH_U_DUT_HEADER4-9
Added Net: Name=OVCC_B8
Added Pin To Net: NetName=OVCC_B9 Pin=ETH_U_DUT_HEADER4-10
Added Net: Name=OVCC_B9
Added Pin To Net: NetName=OVCC_B10 Pin=ETH_U_DUT_HEADER4-11
Added Net: Name=OVCC_B10
Added Pin To Net: NetName=OVCC_B11 Pin=ETH_U_DUT_HEADER4-12
Added Net: Name=OVCC_B11
Added Pin To Net: NetName=OVCC_B12 Pin=ETH_U_DUT_HEADER4-13
Added Net: Name=OVCC_B12
Added Pin To Net: NetName=OVCC_B13 Pin=ETH_U_DUT_HEADER4-14
Added Net: Name=OVCC_B13
Added Pin To Net: NetName=OVCC_B14 Pin=ETH_U_DUT_HEADER4-15
Added Net: Name=OVCC_B14
Added Pin To Net: NetName=OVCC_B15 Pin=ETH_U_DUT_HEADER4-16
Added Net: Name=OVCC_B15
Added Pin To Net: NetName=OVCC_B16 Pin=ETH_U_DUT_HEADER4-25
Added Net: Name=OVCC_B16
Added Pin To Net: NetName=OVCC_B17 Pin=ETH_U_DUT_HEADER4-26
Added Net: Name=OVCC_B17
Added Pin To Net: NetName=OVCC_B18 Pin=ETH_U_DUT_HEADER4-27
Added Net: Name=OVCC_B18
Added Pin To Net: NetName=OVCC_B19 Pin=ETH_U_DUT_HEADER4-28
Added Net: Name=OVCC_B19
Added Pin To Net: NetName=OVCC_B20 Pin=ETH_U_DUT_HEADER4-29
Added Net: Name=OVCC_B20
Added Pin To Net: NetName=OVCC_B21 Pin=ETH_U_DUT_HEADER4-30
Added Net: Name=OVCC_B21
Added Pin To Net: NetName=OVCC_B22 Pin=ETH_U_DUT_HEADER4-31
Added Net: Name=OVCC_B22
Added Pin To Net: NetName=OVCC_B23 Pin=ETH_U_DUT_HEADER4-32
Added Net: Name=OVCC_B23
Added Pin To Net: NetName=OVCC_B24 Pin=ETH_U_DUT_HEADER4-33
Added Net: Name=OVCC_B24
Added Pin To Net: NetName=OVCC_B25 Pin=ETH_U_DUT_HEADER4-34
Added Net: Name=OVCC_B25
Added Pin To Net: NetName=OVCC_B26 Pin=ETH_U_DUT_HEADER4-35
Added Net: Name=OVCC_B26
Added Pin To Net: NetName=OVCC_B27 Pin=ETH_U_DUT_HEADER4-36
Added Net: Name=OVCC_B27
Added Pin To Net: NetName=OVCC_B28 Pin=ETH_U_DUT_HEADER4-37
Added Net: Name=OVCC_B28
Added Pin To Net: NetName=OVCC_B29 Pin=ETH_U_DUT_HEADER4-38
Added Net: Name=OVCC_B29
Added Pin To Net: NetName=OVCC_B30 Pin=ETH_U_DUT_HEADER4-39
Added Net: Name=OVCC_B30
Added Pin To Net: NetName=OVCC_B31 Pin=ETH_U_DUT_HEADER4-40
Added Net: Name=OVCC_B31
Added Pin To Net: NetName=OVCC_B32 Pin=ETH_U_DUT_HEADER3-1
Added Net: Name=OVCC_B32
Added Pin To Net: NetName=OVCC_B33 Pin=ETH_U_DUT_HEADER3-2
Added Net: Name=OVCC_B33
Added Pin To Net: NetName=OVCC_B34 Pin=ETH_U_DUT_HEADER3-3
Added Net: Name=OVCC_B34
Added Pin To Net: NetName=OVCC_B35 Pin=ETH_U_DUT_HEADER3-4
Added Net: Name=OVCC_B35
Added Pin To Net: NetName=OVCC_B36 Pin=ETH_U_DUT_HEADER3-5
Added Net: Name=OVCC_B36
Added Pin To Net: NetName=OVCC_B37 Pin=ETH_U_DUT_HEADER3-6
Added Net: Name=OVCC_B37
Added Pin To Net: NetName=OVCC_B38 Pin=ETH_U_DUT_HEADER3-7
Added Net: Name=OVCC_B38
Added Pin To Net: NetName=OVCC_B39 Pin=ETH_U_DUT_HEADER3-8
Added Net: Name=OVCC_B39
Added Pin To Net: NetName=OVCC_B40 Pin=ETH_U_DUT_HEADER3-9
Added Net: Name=OVCC_B40
Added Pin To Net: NetName=OVCC_B41 Pin=ETH_U_DUT_HEADER3-10
Added Net: Name=OVCC_B41
Added Pin To Net: NetName=OVCC_B42 Pin=ETH_U_DUT_HEADER3-11
Added Net: Name=OVCC_B42
Added Pin To Net: NetName=OVCC_B43 Pin=ETH_U_DUT_HEADER3-12
Added Net: Name=OVCC_B43
Added Pin To Net: NetName=OVCC_B44 Pin=ETH_U_DUT_HEADER3-13
Added Net: Name=OVCC_B44
Added Pin To Net: NetName=OVCC_B45 Pin=ETH_U_DUT_HEADER3-14
Added Net: Name=OVCC_B45
Added Pin To Net: NetName=OVCC_B46 Pin=ETH_U_DUT_HEADER3-15
Added Net: Name=OVCC_B46
Added Pin To Net: NetName=OVCC_B47 Pin=ETH_U_DUT_HEADER3-16
Added Net: Name=OVCC_B47
Added Pin To Net: NetName=OVCC_B48 Pin=ETH_U_DUT_HEADER3-25
Added Net: Name=OVCC_B48
Added Pin To Net: NetName=OVCC_B49 Pin=ETH_U_DUT_HEADER3-26
Added Net: Name=OVCC_B49
Added Pin To Net: NetName=OVCC_B50 Pin=ETH_U_DUT_HEADER3-27
Added Net: Name=OVCC_B50
Added Pin To Net: NetName=OVCC_B51 Pin=ETH_U_DUT_HEADER3-28
Added Net: Name=OVCC_B51
Added Pin To Net: NetName=OVCC_B52 Pin=ETH_U_DUT_HEADER3-29
Added Net: Name=OVCC_B52
Added Pin To Net: NetName=OVCC_B53 Pin=ETH_U_DUT_HEADER3-30
Added Net: Name=OVCC_B53
Added Pin To Net: NetName=OVCC_B54 Pin=ETH_U_DUT_HEADER3-31
Added Net: Name=OVCC_B54
Added Pin To Net: NetName=OVCC_B55 Pin=ETH_U_DUT_HEADER3-32
Added Net: Name=OVCC_B55
Added Pin To Net: NetName=OVCC_B56 Pin=ETH_U_DUT_HEADER3-33
Added Net: Name=OVCC_B56
Added Pin To Net: NetName=OVCC_B57 Pin=ETH_U_DUT_HEADER3-34
Added Net: Name=OVCC_B57
Added Pin To Net: NetName=OVCC_B58 Pin=ETH_U_DUT_HEADER3-35
Added Net: Name=OVCC_B58
Added Pin To Net: NetName=OVCC_B59 Pin=ETH_U_DUT_HEADER3-36
Added Net: Name=OVCC_B59
Added Pin To Net: NetName=OVCC_B60 Pin=ETH_U_DUT_HEADER3-37
Added Net: Name=OVCC_B60
Added Pin To Net: NetName=OVCC_B61 Pin=ETH_U_DUT_HEADER3-38
Added Net: Name=OVCC_B61
Added Pin To Net: NetName=OVCC_B62 Pin=ETH_U_DUT_HEADER3-39
Added Net: Name=OVCC_B62
Added Pin To Net: NetName=OVCC_B63 Pin=ETH_U_DUT_HEADER3-40
Added Net: Name=OVCC_B63
Added Pin To Net: NetName=OVCC_B64 Pin=ETH_U_DUT_HEADER2-1
Added Net: Name=OVCC_B64
Added Pin To Net: NetName=OVCC_B65 Pin=ETH_U_DUT_HEADER2-2
Added Net: Name=OVCC_B65
Added Pin To Net: NetName=OVCC_B66 Pin=ETH_U_DUT_HEADER2-3
Added Net: Name=OVCC_B66
Added Pin To Net: NetName=OVCC_B67 Pin=ETH_U_DUT_HEADER2-4
Added Net: Name=OVCC_B67
Added Pin To Net: NetName=OVCC_B68 Pin=ETH_U_DUT_HEADER2-5
Added Net: Name=OVCC_B68
Added Pin To Net: NetName=OVCC_B69 Pin=ETH_U_DUT_HEADER2-6
Added Net: Name=OVCC_B69
Added Pin To Net: NetName=OVCC_B70 Pin=ETH_U_DUT_HEADER2-7
Added Net: Name=OVCC_B70
Added Pin To Net: NetName=OVCC_B71 Pin=ETH_U_DUT_HEADER2-8
Added Net: Name=OVCC_B71
Added Pin To Net: NetName=OVCC_B72 Pin=ETH_U_DUT_HEADER2-9
Added Net: Name=OVCC_B72
Added Pin To Net: NetName=OVCC_B73 Pin=ETH_U_DUT_HEADER2-10
Added Net: Name=OVCC_B73
Added Pin To Net: NetName=OVCC_B74 Pin=ETH_U_DUT_HEADER2-11
Added Net: Name=OVCC_B74
Added Pin To Net: NetName=OVCC_B75 Pin=ETH_U_DUT_HEADER2-12
Added Net: Name=OVCC_B75
Added Pin To Net: NetName=OVCC_B76 Pin=ETH_U_DUT_HEADER2-13
Added Net: Name=OVCC_B76
Added Pin To Net: NetName=OVCC_B77 Pin=ETH_U_DUT_HEADER2-14
Added Net: Name=OVCC_B77
Added Pin To Net: NetName=OVCC_B78 Pin=ETH_U_DUT_HEADER2-15
Added Net: Name=OVCC_B78
Added Pin To Net: NetName=OVCC_B79 Pin=ETH_U_DUT_HEADER2-16
Added Net: Name=OVCC_B79
Added Pin To Net: NetName=OVCC_B80 Pin=ETH_U_DUT_HEADER2-25
Added Net: Name=OVCC_B80
Added Pin To Net: NetName=OVCC_B81 Pin=ETH_U_DUT_HEADER2-26
Added Net: Name=OVCC_B81
Added Pin To Net: NetName=OVCC_B82 Pin=ETH_U_DUT_HEADER2-27
Added Net: Name=OVCC_B82
Added Pin To Net: NetName=OVCC_B83 Pin=ETH_U_DUT_HEADER2-28
Added Net: Name=OVCC_B83
Added Pin To Net: NetName=OVCC_B84 Pin=ETH_U_DUT_HEADER2-29
Added Net: Name=OVCC_B84
Added Pin To Net: NetName=OVCC_B85 Pin=ETH_U_DUT_HEADER2-30
Added Net: Name=OVCC_B85
Added Pin To Net: NetName=OVCC_B86 Pin=ETH_U_DUT_HEADER2-31
Added Net: Name=OVCC_B86
Added Pin To Net: NetName=OVCC_B87 Pin=ETH_U_DUT_HEADER2-32
Added Net: Name=OVCC_B87
Added Pin To Net: NetName=OVCC_B88 Pin=ETH_U_DUT_HEADER2-33
Added Net: Name=OVCC_B88
Added Pin To Net: NetName=OVCC_B89 Pin=ETH_U_DUT_HEADER2-34
Added Net: Name=OVCC_B89
Added Pin To Net: NetName=OVCC_B90 Pin=ETH_U_DUT_HEADER2-35
Added Net: Name=OVCC_B90
Added Pin To Net: NetName=OVCC_B91 Pin=ETH_U_DUT_HEADER2-36
Added Net: Name=OVCC_B91
Added Pin To Net: NetName=OVCC_B92 Pin=ETH_U_DUT_HEADER2-37
Added Net: Name=OVCC_B92
Added Pin To Net: NetName=OVCC_B93 Pin=ETH_U_DUT_HEADER2-38
Added Net: Name=OVCC_B93
Added Pin To Net: NetName=OVCC_B94 Pin=ETH_U_DUT_HEADER2-39
Added Net: Name=OVCC_B94
Added Pin To Net: NetName=OVCC_B95 Pin=ETH_U_DUT_HEADER2-40
Added Net: Name=OVCC_B95
Added Pin To Net: NetName=OVCC_B96 Pin=ETH_U_DUT_HEADER1-1
Added Net: Name=OVCC_B96
Added Pin To Net: NetName=OVCC_B97 Pin=ETH_U_DUT_HEADER1-2
Added Net: Name=OVCC_B97
Added Pin To Net: NetName=OVCC_B98 Pin=ETH_U_DUT_HEADER1-3
Added Net: Name=OVCC_B98
Added Pin To Net: NetName=OVCC_B99 Pin=ETH_U_DUT_HEADER1-4
Added Net: Name=OVCC_B99
Added Pin To Net: NetName=OVCC_B100 Pin=ETH_U_DUT_HEADER1-5
Added Net: Name=OVCC_B100
Added Pin To Net: NetName=OVCC_B101 Pin=ETH_U_DUT_HEADER1-6
Added Net: Name=OVCC_B101
Added Pin To Net: NetName=OVCC_B102 Pin=ETH_U_DUT_HEADER1-7
Added Net: Name=OVCC_B102
Added Pin To Net: NetName=OVCC_B103 Pin=ETH_U_DUT_HEADER1-8
Added Net: Name=OVCC_B103
Added Pin To Net: NetName=OVCC_B104 Pin=ETH_U_DUT_HEADER1-9
Added Net: Name=OVCC_B104
Added Pin To Net: NetName=OVCC_B105 Pin=ETH_U_DUT_HEADER1-10
Added Net: Name=OVCC_B105
Added Pin To Net: NetName=OVCC_B106 Pin=ETH_U_DUT_HEADER1-11
Added Net: Name=OVCC_B106
Added Pin To Net: NetName=OVCC_B107 Pin=ETH_U_DUT_HEADER1-12
Added Net: Name=OVCC_B107
Added Pin To Net: NetName=OVCC_B108 Pin=ETH_U_DUT_HEADER1-13
Added Net: Name=OVCC_B108
Added Pin To Net: NetName=OVCC_B109 Pin=ETH_U_DUT_HEADER1-14
Added Net: Name=OVCC_B109
Added Pin To Net: NetName=OVCC_B110 Pin=ETH_U_DUT_HEADER1-15
Added Net: Name=OVCC_B110
Added Pin To Net: NetName=OVCC_B111 Pin=ETH_U_DUT_HEADER1-16
Added Net: Name=OVCC_B111
Added Pin To Net: NetName=OVCC_B112 Pin=ETH_U_DUT_HEADER1-25
Added Net: Name=OVCC_B112
Added Pin To Net: NetName=OVCC_B113 Pin=ETH_U_DUT_HEADER1-26
Added Net: Name=OVCC_B113
Added Pin To Net: NetName=OVCC_B114 Pin=ETH_U_DUT_HEADER1-27
Added Net: Name=OVCC_B114
Added Pin To Net: NetName=OVCC_B115 Pin=ETH_U_DUT_HEADER1-28
Added Net: Name=OVCC_B115
Added Pin To Net: NetName=OVCC_B116 Pin=ETH_U_DUT_HEADER1-29
Added Net: Name=OVCC_B116
Added Pin To Net: NetName=OVCC_B117 Pin=ETH_U_DUT_HEADER1-30
Added Net: Name=OVCC_B117
Added Pin To Net: NetName=OVCC_B118 Pin=ETH_U_DUT_HEADER1-31
Added Net: Name=OVCC_B118
Added Pin To Net: NetName=OVCC_B119 Pin=ETH_U_DUT_HEADER1-32
Added Net: Name=OVCC_B119
Added Pin To Net: NetName=OVCC_B120 Pin=ETH_U_DUT_HEADER1-33
Added Net: Name=OVCC_B120
Added Pin To Net: NetName=OVCC_B121 Pin=ETH_U_DUT_HEADER1-34
Added Net: Name=OVCC_B121
Added Pin To Net: NetName=OVCC_B122 Pin=ETH_U_DUT_HEADER1-35
Added Net: Name=OVCC_B122
Added Pin To Net: NetName=OVCC_B123 Pin=ETH_U_DUT_HEADER1-36
Added Net: Name=OVCC_B123
Added Pin To Net: NetName=OVCC_B124 Pin=ETH_U_DUT_HEADER1-37
Added Net: Name=OVCC_B124
Added Pin To Net: NetName=OVCC_B125 Pin=ETH_U_DUT_HEADER1-38
Added Net: Name=OVCC_B125
Added Pin To Net: NetName=OVCC_B126 Pin=ETH_U_DUT_HEADER1-39
Added Net: Name=OVCC_B126
Added Pin To Net: NetName=OVCC_B127 Pin=ETH_U_DUT_HEADER1-40
Added Net: Name=OVCC_B127
Added Pin To Net: NetName=R_H0 Pin=ETH4-24
Added Pin To Net: NetName=R_H0 Pin=ETH_U_DUT_HEADER1-17
Added Net: Name=R_H0
Added Pin To Net: NetName=R_H1 Pin=ETH4-23
Added Pin To Net: NetName=R_H1 Pin=ETH_U_DUT_HEADER1-18
Added Net: Name=R_H1
Added Pin To Net: NetName=SPI0D1 Pin=POT_U_Power_Control1-13
Added Net: Name=SPI0D1
Added Pin To Net: NetName=T_H0 Pin=ETH4-40
Added Pin To Net: NetName=T_H0 Pin=ETH_U_DUT_HEADER4-17
Added Net: Name=T_H0
Added Pin To Net: NetName=T_H1 Pin=ETH4-39
Added Pin To Net: NetName=T_H1 Pin=ETH_U_DUT_HEADER4-18
Added Net: Name=T_H1
Added Pin To Net: NetName=T_H2 Pin=ETH4-38
Added Pin To Net: NetName=T_H2 Pin=ETH_U_DUT_HEADER4-19
Added Net: Name=T_H2
Added Pin To Net: NetName=T_H5 Pin=ETH4-37
Added Pin To Net: NetName=T_H5 Pin=ETH_U_DUT_HEADER4-22
Added Net: Name=T_H5
Added Pin To Net: NetName=T_H6 Pin=ETH4-36
Added Pin To Net: NetName=T_H6 Pin=ETH_U_DUT_HEADER4-23
Added Net: Name=T_H6
Added Class: Name=U_DUT_HEADER1
Added Class: Name=U_DUT_HEADER2
Added Class: Name=U_DUT_HEADER3
Added Class: Name=U_DUT_HEADER4
Added Class: Name=U_MEM
Added Class: Name=U_NumatoConnection
Added Class: Name=U_Power_Control1
Added Class: Name=U_Power_Control2
Added Class: Name=U_Tri_Btate_Bank
Added Class: Name=U_VT1
Added Class: Name=U_VT2
Added Class: Name=U_VT3
Added Class: Name=U_VT4
Added Class: Name=U_VT5
Added Class: Name=U_VT6
Added Class: Name=U_VT7
Added Class: Name=U_VT8
Added Class: Name=DUT_HEADER
Added Class: Name=POW_CONT
Added Class: Name=VT_WRP
Added Member To Class: ClassName=BBB_Board Member=Component -5V PJ-002BH-SMT-TR
Added Member To Class: ClassName=BBB_Board Member=Component 3V3 PJ-002BH-SMT-TR
Added Member To Class: ClassName=BBB_Board Member=Component 12V. PJ-002BH-SMT-TR
Added Member To Class: ClassName=BBB_Board Member=Component BBB BBB_Pin
Added Member To Class: ClassName=BBB_Board Member=Component R1 RNCS0603BKE10K0
Added Member To Class: ClassName=BBB_Board Member=Component S1 SW-PB
Added Member To Class: ClassName=B_H[7..0] Member=Element[0]: B_H
Added Member To Class: ClassName=B_H[7..0] Member=Element[1]: B_H
Added Member To Class: ClassName=B_H[7..0] Member=Element[2]: B_H
Added Member To Class: ClassName=B_H[7..0] Member=Element[3]: B_H
Added Member To Class: ClassName=B_H[7..0] Member=Element[4]: B_H
Added Member To Class: ClassName=B_H[7..0] Member=Element[5]: B_H
Added Member To Class: ClassName=B_H[7..0] Member=Element[6]: B_H
Added Member To Class: ClassName=B_H[7..0] Member=Element[7]: B_H
Added Member To Class: ClassName=IVL_B[127..0] Member=Element[0]: IVL_B
Added Member To Class: ClassName=IVL_B[127..0] Member=Element[1]: IVL_B
Added Member To Class: ClassName=IVL_B[127..0] Member=Element[2]: IVL_B
Added Member To Class: ClassName=IVL_B[127..0] Member=Element[3]: IVL_B
Added Member To Class: ClassName=IVL_B[127..0] Member=Element[4]: IVL_B
Added Member To Class: ClassName=IVL_B[127..0] Member=Element[5]: IVL_B
Added Member To Class: ClassName=IVL_B[127..0] Member=Element[6]: IVL_B
Added Member To Class: ClassName=IVL_B[127..0] Member=Element[7]: IVL_B
Added Member To Class: ClassName=IVL_B[127..0] Member=Element[8]: IVL_B
Added Member To Class: ClassName=IVL_B[127..0] Member=Element[9]: IVL_B
Added Member To Class: ClassName=IVL_B[127..0] Member=Element[10]: IVL_B
Added Member To Class: ClassName=IVL_B[127..0] Member=Element[11]: IVL_B
Added Member To Class: ClassName=IVL_B[127..0] Member=Element[12]: IVL_B
Added Member To Class: ClassName=IVL_B[127..0] Member=Element[13]: IVL_B
Added Member To Class: ClassName=IVL_B[127..0] Member=Element[14]: IVL_B
Added Member To Class: ClassName=IVL_B[127..0] Member=Element[15]: IVL_B
Added Member To Class: ClassName=IVL_B[127..0] Member=Element[16]: IVL_B
Added Member To Class: ClassName=IVL_B[127..0] Member=Element[17]: IVL_B
Added Member To Class: ClassName=IVL_B[127..0] Member=Element[18]: IVL_B
Added Member To Class: ClassName=IVL_B[127..0] Member=Element[19]: IVL_B
Added Member To Class: ClassName=IVL_B[127..0] Member=Element[20]: IVL_B
Added Member To Class: ClassName=IVL_B[127..0] Member=Element[21]: IVL_B
Added Member To Class: ClassName=IVL_B[127..0] Member=Element[22]: IVL_B
Added Member To Class: ClassName=IVL_B[127..0] Member=Element[23]: IVL_B
Added Member To Class: ClassName=IVL_B[127..0] Member=Element[24]: IVL_B
Added Member To Class: ClassName=IVL_B[127..0] Member=Element[25]: IVL_B
Added Member To Class: ClassName=IVL_B[127..0] Member=Element[26]: IVL_B
Added Member To Class: ClassName=IVL_B[127..0] Member=Element[27]: IVL_B
Added Member To Class: ClassName=IVL_B[127..0] Member=Element[28]: IVL_B
Added Member To Class: ClassName=IVL_B[127..0] Member=Element[29]: IVL_B
Added Member To Class: ClassName=IVL_B[127..0] Member=Element[30]: IVL_B
Added Member To Class: ClassName=IVL_B[127..0] Member=Element[31]: IVL_B
Added Member To Class: ClassName=IVL_B[127..0] Member=Element[32]: IVL_B
Added Member To Class: ClassName=IVL_B[127..0] Member=Element[33]: IVL_B
Added Member To Class: ClassName=IVL_B[127..0] Member=Element[34]: IVL_B
Added Member To Class: ClassName=IVL_B[127..0] Member=Element[35]: IVL_B
Added Member To Class: ClassName=IVL_B[127..0] Member=Element[36]: IVL_B
Added Member To Class: ClassName=IVL_B[127..0] Member=Element[37]: IVL_B
Added Member To Class: ClassName=IVL_B[127..0] Member=Element[38]: IVL_B
Added Member To Class: ClassName=IVL_B[127..0] Member=Element[39]: IVL_B
Added Member To Class: ClassName=IVL_B[127..0] Member=Element[40]: IVL_B
Added Member To Class: ClassName=IVL_B[127..0] Member=Element[41]: IVL_B
Added Member To Class: ClassName=IVL_B[127..0] Member=Element[42]: IVL_B
Added Member To Class: ClassName=IVL_B[127..0] Member=Element[43]: IVL_B
Added Member To Class: ClassName=IVL_B[127..0] Member=Element[44]: IVL_B
Added Member To Class: ClassName=IVL_B[127..0] Member=Element[45]: IVL_B
Added Member To Class: ClassName=IVL_B[127..0] Member=Element[46]: IVL_B
Added Member To Class: ClassName=IVL_B[127..0] Member=Element[47]: IVL_B
Added Member To Class: ClassName=IVL_B[127..0] Member=Element[64]: IVL_B
Added Member To Class: ClassName=IVL_B[127..0] Member=Element[65]: IVL_B
Added Member To Class: ClassName=IVL_B[127..0] Member=Element[66]: IVL_B
Added Member To Class: ClassName=IVL_B[127..0] Member=Element[67]: IVL_B
Added Member To Class: ClassName=IVL_B[127..0] Member=Element[68]: IVL_B
Added Member To Class: ClassName=IVL_B[127..0] Member=Element[69]: IVL_B
Added Member To Class: ClassName=IVL_B[127..0] Member=Element[70]: IVL_B
Added Member To Class: ClassName=IVL_B[127..0] Member=Element[71]: IVL_B
Added Member To Class: ClassName=IVL_B[127..0] Member=Element[72]: IVL_B
Added Member To Class: ClassName=IVL_B[127..0] Member=Element[73]: IVL_B
Added Member To Class: ClassName=IVL_B[127..0] Member=Element[74]: IVL_B
Added Member To Class: ClassName=IVL_B[127..0] Member=Element[75]: IVL_B
Added Member To Class: ClassName=IVL_B[127..0] Member=Element[76]: IVL_B
Added Member To Class: ClassName=IVL_B[127..0] Member=Element[77]: IVL_B
Added Member To Class: ClassName=IVL_B[127..0] Member=Element[78]: IVL_B
Added Member To Class: ClassName=IVL_B[127..0] Member=Element[79]: IVL_B
Added Member To Class: ClassName=IVL_B[127..0] Member=Element[80]: IVL_B
Added Member To Class: ClassName=IVL_B[127..0] Member=Element[81]: IVL_B
Added Member To Class: ClassName=IVL_B[127..0] Member=Element[82]: IVL_B
Added Member To Class: ClassName=IVL_B[127..0] Member=Element[83]: IVL_B
Added Member To Class: ClassName=IVL_B[127..0] Member=Element[84]: IVL_B
Added Member To Class: ClassName=IVL_B[127..0] Member=Element[85]: IVL_B
Added Member To Class: ClassName=IVL_B[127..0] Member=Element[86]: IVL_B
Added Member To Class: ClassName=IVL_B[127..0] Member=Element[87]: IVL_B
Added Member To Class: ClassName=IVL_B[127..0] Member=Element[88]: IVL_B
Added Member To Class: ClassName=IVL_B[127..0] Member=Element[89]: IVL_B
Added Member To Class: ClassName=IVL_B[127..0] Member=Element[90]: IVL_B
Added Member To Class: ClassName=IVL_B[127..0] Member=Element[91]: IVL_B
Added Member To Class: ClassName=IVL_B[127..0] Member=Element[92]: IVL_B
Added Member To Class: ClassName=IVL_B[127..0] Member=Element[93]: IVL_B
Added Member To Class: ClassName=IVL_B[127..0] Member=Element[94]: IVL_B
Added Member To Class: ClassName=IVL_B[127..0] Member=Element[95]: IVL_B
Added Member To Class: ClassName=IVL_B[127..0] Member=Element[96]: IVL_B
Added Member To Class: ClassName=IVL_B[127..0] Member=Element[97]: IVL_B
Added Member To Class: ClassName=IVL_B[127..0] Member=Element[98]: IVL_B
Added Member To Class: ClassName=IVL_B[127..0] Member=Element[99]: IVL_B
Added Member To Class: ClassName=IVL_B[127..0] Member=Element[100]: IVL_B
Added Member To Class: ClassName=IVL_B[127..0] Member=Element[101]: IVL_B
Added Member To Class: ClassName=IVL_B[127..0] Member=Element[102]: IVL_B
Added Member To Class: ClassName=IVL_B[127..0] Member=Element[103]: IVL_B
Added Member To Class: ClassName=IVL_B[127..0] Member=Element[104]: IVL_B
Added Member To Class: ClassName=IVL_B[127..0] Member=Element[105]: IVL_B
Added Member To Class: ClassName=IVL_B[127..0] Member=Element[106]: IVL_B
Added Member To Class: ClassName=IVL_B[127..0] Member=Element[107]: IVL_B
Added Member To Class: ClassName=IVL_B[127..0] Member=Element[108]: IVL_B
Added Member To Class: ClassName=IVL_B[127..0] Member=Element[109]: IVL_B
Added Member To Class: ClassName=IVL_B[127..0] Member=Element[110]: IVL_B
Added Member To Class: ClassName=IVL_B[127..0] Member=Element[111]: IVL_B
Added Member To Class: ClassName=IVL_B[127..0] Member=Element[112]: IVL_B
Added Member To Class: ClassName=IVL_B[127..0] Member=Element[113]: IVL_B
Added Member To Class: ClassName=IVL_B[127..0] Member=Element[114]: IVL_B
Added Member To Class: ClassName=IVL_B[127..0] Member=Element[115]: IVL_B
Added Member To Class: ClassName=IVL_B[127..0] Member=Element[116]: IVL_B
Added Member To Class: ClassName=IVL_B[127..0] Member=Element[117]: IVL_B
Added Member To Class: ClassName=IVL_B[127..0] Member=Element[118]: IVL_B
Added Member To Class: ClassName=IVL_B[127..0] Member=Element[119]: IVL_B
Added Member To Class: ClassName=IVL_B[127..0] Member=Element[120]: IVL_B
Added Member To Class: ClassName=IVL_B[127..0] Member=Element[121]: IVL_B
Added Member To Class: ClassName=IVL_B[127..0] Member=Element[122]: IVL_B
Added Member To Class: ClassName=IVL_B[127..0] Member=Element[123]: IVL_B
Added Member To Class: ClassName=IVL_B[127..0] Member=Element[124]: IVL_B
Added Member To Class: ClassName=IVL_B[127..0] Member=Element[125]: IVL_B
Added Member To Class: ClassName=IVL_B[127..0] Member=Element[126]: IVL_B
Added Member To Class: ClassName=IVL_B[127..0] Member=Element[127]: IVL_B
Added Member To Class: ClassName=L_H[7..0] Member=Element[0]: FPGA_~CS2
Added Member To Class: ClassName=L_H[7..0] Member=Element[1]: FPGA_~WE2
Added Member To Class: ClassName=L_H[7..0] Member=Element[6]: GLOBAL_HIGH_POWER
Added Member To Class: ClassName=L_H[7..0] Member=Element[7]: COUNTER_CLK2
Added Member To Class: ClassName=OVCC_B[127..0] Member=Element[0]: OVCC_B
Added Member To Class: ClassName=OVCC_B[127..0] Member=Element[1]: OVCC_B
Added Member To Class: ClassName=OVCC_B[127..0] Member=Element[2]: OVCC_B
Added Member To Class: ClassName=OVCC_B[127..0] Member=Element[3]: OVCC_B
Added Member To Class: ClassName=OVCC_B[127..0] Member=Element[4]: OVCC_B
Added Member To Class: ClassName=OVCC_B[127..0] Member=Element[5]: OVCC_B
Added Member To Class: ClassName=OVCC_B[127..0] Member=Element[6]: OVCC_B
Added Member To Class: ClassName=OVCC_B[127..0] Member=Element[7]: OVCC_B
Added Member To Class: ClassName=OVCC_B[127..0] Member=Element[8]: OVCC_B
Added Member To Class: ClassName=OVCC_B[127..0] Member=Element[9]: OVCC_B
Added Member To Class: ClassName=OVCC_B[127..0] Member=Element[10]: OVCC_B
Added Member To Class: ClassName=OVCC_B[127..0] Member=Element[11]: OVCC_B
Added Member To Class: ClassName=OVCC_B[127..0] Member=Element[12]: OVCC_B
Added Member To Class: ClassName=OVCC_B[127..0] Member=Element[13]: OVCC_B
Added Member To Class: ClassName=OVCC_B[127..0] Member=Element[14]: OVCC_B
Added Member To Class: ClassName=OVCC_B[127..0] Member=Element[15]: OVCC_B
Added Member To Class: ClassName=OVCC_B[127..0] Member=Element[16]: OVCC_B
Added Member To Class: ClassName=OVCC_B[127..0] Member=Element[17]: OVCC_B
Added Member To Class: ClassName=OVCC_B[127..0] Member=Element[18]: OVCC_B
Added Member To Class: ClassName=OVCC_B[127..0] Member=Element[19]: OVCC_B
Added Member To Class: ClassName=OVCC_B[127..0] Member=Element[20]: OVCC_B
Added Member To Class: ClassName=OVCC_B[127..0] Member=Element[21]: OVCC_B
Added Member To Class: ClassName=OVCC_B[127..0] Member=Element[22]: OVCC_B
Added Member To Class: ClassName=OVCC_B[127..0] Member=Element[23]: OVCC_B
Added Member To Class: ClassName=OVCC_B[127..0] Member=Element[24]: OVCC_B
Added Member To Class: ClassName=OVCC_B[127..0] Member=Element[25]: OVCC_B
Added Member To Class: ClassName=OVCC_B[127..0] Member=Element[26]: OVCC_B
Added Member To Class: ClassName=OVCC_B[127..0] Member=Element[27]: OVCC_B
Added Member To Class: ClassName=OVCC_B[127..0] Member=Element[28]: OVCC_B
Added Member To Class: ClassName=OVCC_B[127..0] Member=Element[29]: OVCC_B
Added Member To Class: ClassName=OVCC_B[127..0] Member=Element[30]: OVCC_B
Added Member To Class: ClassName=OVCC_B[127..0] Member=Element[31]: OVCC_B
Added Member To Class: ClassName=OVCC_B[127..0] Member=Element[32]: OVCC_B
Added Member To Class: ClassName=OVCC_B[127..0] Member=Element[33]: OVCC_B
Added Member To Class: ClassName=OVCC_B[127..0] Member=Element[34]: OVCC_B
Added Member To Class: ClassName=OVCC_B[127..0] Member=Element[35]: OVCC_B
Added Member To Class: ClassName=OVCC_B[127..0] Member=Element[36]: OVCC_B
Added Member To Class: ClassName=OVCC_B[127..0] Member=Element[37]: OVCC_B
Added Member To Class: ClassName=OVCC_B[127..0] Member=Element[38]: OVCC_B
Added Member To Class: ClassName=OVCC_B[127..0] Member=Element[39]: OVCC_B
Added Member To Class: ClassName=OVCC_B[127..0] Member=Element[40]: OVCC_B
Added Member To Class: ClassName=OVCC_B[127..0] Member=Element[41]: OVCC_B
Added Member To Class: ClassName=OVCC_B[127..0] Member=Element[42]: OVCC_B
Added Member To Class: ClassName=OVCC_B[127..0] Member=Element[43]: OVCC_B
Added Member To Class: ClassName=OVCC_B[127..0] Member=Element[44]: OVCC_B
Added Member To Class: ClassName=OVCC_B[127..0] Member=Element[45]: OVCC_B
Added Member To Class: ClassName=OVCC_B[127..0] Member=Element[46]: OVCC_B
Added Member To Class: ClassName=OVCC_B[127..0] Member=Element[47]: OVCC_B
Added Member To Class: ClassName=OVCC_B[127..0] Member=Element[48]: OVCC_B
Added Member To Class: ClassName=OVCC_B[127..0] Member=Element[49]: OVCC_B
Added Member To Class: ClassName=OVCC_B[127..0] Member=Element[50]: OVCC_B
Added Member To Class: ClassName=OVCC_B[127..0] Member=Element[51]: OVCC_B
Added Member To Class: ClassName=OVCC_B[127..0] Member=Element[52]: OVCC_B
Added Member To Class: ClassName=OVCC_B[127..0] Member=Element[53]: OVCC_B
Added Member To Class: ClassName=OVCC_B[127..0] Member=Element[54]: OVCC_B
Added Member To Class: ClassName=OVCC_B[127..0] Member=Element[55]: OVCC_B
Added Member To Class: ClassName=OVCC_B[127..0] Member=Element[56]: OVCC_B
Added Member To Class: ClassName=OVCC_B[127..0] Member=Element[57]: OVCC_B
Added Member To Class: ClassName=OVCC_B[127..0] Member=Element[58]: OVCC_B
Added Member To Class: ClassName=OVCC_B[127..0] Member=Element[59]: OVCC_B
Added Member To Class: ClassName=OVCC_B[127..0] Member=Element[60]: OVCC_B
Added Member To Class: ClassName=OVCC_B[127..0] Member=Element[61]: OVCC_B
Added Member To Class: ClassName=OVCC_B[127..0] Member=Element[62]: OVCC_B
Added Member To Class: ClassName=OVCC_B[127..0] Member=Element[63]: OVCC_B
Added Member To Class: ClassName=OVCC_B[127..0] Member=Element[64]: OVCC_B
Added Member To Class: ClassName=OVCC_B[127..0] Member=Element[65]: OVCC_B
Added Member To Class: ClassName=OVCC_B[127..0] Member=Element[66]: OVCC_B
Added Member To Class: ClassName=OVCC_B[127..0] Member=Element[67]: OVCC_B
Added Member To Class: ClassName=OVCC_B[127..0] Member=Element[68]: OVCC_B
Added Member To Class: ClassName=OVCC_B[127..0] Member=Element[69]: OVCC_B
Added Member To Class: ClassName=OVCC_B[127..0] Member=Element[70]: OVCC_B
Added Member To Class: ClassName=OVCC_B[127..0] Member=Element[71]: OVCC_B
Added Member To Class: ClassName=OVCC_B[127..0] Member=Element[72]: OVCC_B
Added Member To Class: ClassName=OVCC_B[127..0] Member=Element[73]: OVCC_B
Added Member To Class: ClassName=OVCC_B[127..0] Member=Element[74]: OVCC_B
Added Member To Class: ClassName=OVCC_B[127..0] Member=Element[75]: OVCC_B
Added Member To Class: ClassName=OVCC_B[127..0] Member=Element[76]: OVCC_B
Added Member To Class: ClassName=OVCC_B[127..0] Member=Element[77]: OVCC_B
Added Member To Class: ClassName=OVCC_B[127..0] Member=Element[78]: OVCC_B
Added Member To Class: ClassName=OVCC_B[127..0] Member=Element[79]: OVCC_B
Added Member To Class: ClassName=OVCC_B[127..0] Member=Element[80]: OVCC_B
Added Member To Class: ClassName=OVCC_B[127..0] Member=Element[81]: OVCC_B
Added Member To Class: ClassName=OVCC_B[127..0] Member=Element[82]: OVCC_B
Added Member To Class: ClassName=OVCC_B[127..0] Member=Element[83]: OVCC_B
Added Member To Class: ClassName=OVCC_B[127..0] Member=Element[84]: OVCC_B
Added Member To Class: ClassName=OVCC_B[127..0] Member=Element[85]: OVCC_B
Added Member To Class: ClassName=OVCC_B[127..0] Member=Element[86]: OVCC_B
Added Member To Class: ClassName=OVCC_B[127..0] Member=Element[87]: OVCC_B
Added Member To Class: ClassName=OVCC_B[127..0] Member=Element[88]: OVCC_B
Added Member To Class: ClassName=OVCC_B[127..0] Member=Element[89]: OVCC_B
Added Member To Class: ClassName=OVCC_B[127..0] Member=Element[90]: OVCC_B
Added Member To Class: ClassName=OVCC_B[127..0] Member=Element[91]: OVCC_B
Added Member To Class: ClassName=OVCC_B[127..0] Member=Element[92]: OVCC_B
Added Member To Class: ClassName=OVCC_B[127..0] Member=Element[93]: OVCC_B
Added Member To Class: ClassName=OVCC_B[127..0] Member=Element[94]: OVCC_B
Added Member To Class: ClassName=OVCC_B[127..0] Member=Element[95]: OVCC_B
Added Member To Class: ClassName=OVCC_B[127..0] Member=Element[96]: OVCC_B
Added Member To Class: ClassName=OVCC_B[127..0] Member=Element[97]: OVCC_B
Added Member To Class: ClassName=OVCC_B[127..0] Member=Element[98]: OVCC_B
Added Member To Class: ClassName=OVCC_B[127..0] Member=Element[99]: OVCC_B
Added Member To Class: ClassName=OVCC_B[127..0] Member=Element[100]: OVCC_B
Added Member To Class: ClassName=OVCC_B[127..0] Member=Element[101]: OVCC_B
Added Member To Class: ClassName=OVCC_B[127..0] Member=Element[102]: OVCC_B
Added Member To Class: ClassName=OVCC_B[127..0] Member=Element[103]: OVCC_B
Added Member To Class: ClassName=OVCC_B[127..0] Member=Element[104]: OVCC_B
Added Member To Class: ClassName=OVCC_B[127..0] Member=Element[105]: OVCC_B
Added Member To Class: ClassName=OVCC_B[127..0] Member=Element[106]: OVCC_B
Added Member To Class: ClassName=OVCC_B[127..0] Member=Element[107]: OVCC_B
Added Member To Class: ClassName=OVCC_B[127..0] Member=Element[108]: OVCC_B
Added Member To Class: ClassName=OVCC_B[127..0] Member=Element[109]: OVCC_B
Added Member To Class: ClassName=OVCC_B[127..0] Member=Element[110]: OVCC_B
Added Member To Class: ClassName=OVCC_B[127..0] Member=Element[111]: OVCC_B
Added Member To Class: ClassName=OVCC_B[127..0] Member=Element[112]: OVCC_B
Added Member To Class: ClassName=OVCC_B[127..0] Member=Element[113]: OVCC_B
Added Member To Class: ClassName=OVCC_B[127..0] Member=Element[114]: OVCC_B
Added Member To Class: ClassName=OVCC_B[127..0] Member=Element[115]: OVCC_B
Added Member To Class: ClassName=OVCC_B[127..0] Member=Element[116]: OVCC_B
Added Member To Class: ClassName=OVCC_B[127..0] Member=Element[117]: OVCC_B
Added Member To Class: ClassName=OVCC_B[127..0] Member=Element[118]: OVCC_B
Added Member To Class: ClassName=OVCC_B[127..0] Member=Element[119]: OVCC_B
Added Member To Class: ClassName=OVCC_B[127..0] Member=Element[120]: OVCC_B
Added Member To Class: ClassName=OVCC_B[127..0] Member=Element[121]: OVCC_B
Added Member To Class: ClassName=OVCC_B[127..0] Member=Element[122]: OVCC_B
Added Member To Class: ClassName=OVCC_B[127..0] Member=Element[123]: OVCC_B
Added Member To Class: ClassName=OVCC_B[127..0] Member=Element[124]: OVCC_B
Added Member To Class: ClassName=OVCC_B[127..0] Member=Element[125]: OVCC_B
Added Member To Class: ClassName=OVCC_B[127..0] Member=Element[126]: OVCC_B
Added Member To Class: ClassName=OVCC_B[127..0] Member=Element[127]: OVCC_B
