Added Pin To Net: NetName=DOUT0 Pin=TSB1-1
Added Pin To Net: NetName=A_B0 Pin=TSB1-2
Added Pin To Net: NetName=IVL_B0 Pin=TSB1-4
Added Pin To Net: NetName=DOUT18 Pin=TSB2-1
Added Pin To Net: NetName=A_B18 Pin=TSB2-2
Added Pin To Net: NetName=IVL_B18 Pin=TSB2-4
Added Pin To Net: NetName=DOUT36 Pin=TSB3-1
Added Pin To Net: NetName=A_B36 Pin=TSB3-2
Added Pin To Net: NetName=IVL_B36 Pin=TSB3-4
Added Pin To Net: NetName=DOUT54 Pin=TSB4-1
Added Pin To Net: NetName=IVL_B54 Pin=TSB4-4
Added Pin To Net: NetName=DOUT72 Pin=TSB5-1
Added Pin To Net: NetName=A_B72 Pin=TSB5-2
Added Pin To Net: NetName=IVL_B72 Pin=TSB5-4
Added Pin To Net: NetName=DOUT90 Pin=TSB6-1
Added Pin To Net: NetName=A_B90 Pin=TSB6-2
Added Pin To Net: NetName=IVL_B90 Pin=TSB6-4
Added Pin To Net: NetName=DOUT108 Pin=TSB7-1
Added Pin To Net: NetName=A_B108 Pin=TSB7-2
Added Pin To Net: NetName=IVL_B108 Pin=TSB7-4
Added Pin To Net: NetName=DOUT1 Pin=TSB8-1
Added Pin To Net: NetName=A_B1 Pin=TSB8-2
Added Pin To Net: NetName=IVL_B1 Pin=TSB8-4
Added Pin To Net: NetName=DOUT19 Pin=TSB9-1
Added Pin To Net: NetName=A_B19 Pin=TSB9-2
Added Pin To Net: NetName=IVL_B19 Pin=TSB9-4
Added Pin To Net: NetName=DOUT37 Pin=TSB10-1
Added Pin To Net: NetName=A_B37 Pin=TSB10-2
Added Pin To Net: NetName=IVL_B37 Pin=TSB10-4
Added Pin To Net: NetName=DOUT55 Pin=TSB11-1
Added Pin To Net: NetName=IVL_B55 Pin=TSB11-4
Added Pin To Net: NetName=DOUT73 Pin=TSB12-1
Added Pin To Net: NetName=A_B73 Pin=TSB12-2
Added Pin To Net: NetName=IVL_B73 Pin=TSB12-4
Added Pin To Net: NetName=DOUT91 Pin=TSB13-1
Added Pin To Net: NetName=A_B91 Pin=TSB13-2
Added Pin To Net: NetName=IVL_B91 Pin=TSB13-4
Added Pin To Net: NetName=DOUT109 Pin=TSB14-1
Added Pin To Net: NetName=A_B109 Pin=TSB14-2
Added Pin To Net: NetName=IVL_B109 Pin=TSB14-4
Added Pin To Net: NetName=DOUT2 Pin=TSB15-1
Added Pin To Net: NetName=A_B2 Pin=TSB15-2
Added Pin To Net: NetName=IVL_B2 Pin=TSB15-4
Added Pin To Net: NetName=DOUT20 Pin=TSB16-1
Added Pin To Net: NetName=A_B20 Pin=TSB16-2
Added Pin To Net: NetName=IVL_B20 Pin=TSB16-4
Added Pin To Net: NetName=DOUT38 Pin=TSB17-1
Added Pin To Net: NetName=A_B38 Pin=TSB17-2
Added Pin To Net: NetName=IVL_B38 Pin=TSB17-4
Added Pin To Net: NetName=DOUT56 Pin=TSB18-1
Added Pin To Net: NetName=IVL_B56 Pin=TSB18-4
Added Pin To Net: NetName=DOUT74 Pin=TSB19-1
Added Pin To Net: NetName=A_B74 Pin=TSB19-2
Added Pin To Net: NetName=IVL_B74 Pin=TSB19-4
Added Pin To Net: NetName=DOUT92 Pin=TSB20-1
Added Pin To Net: NetName=A_B92 Pin=TSB20-2
Added Pin To Net: NetName=IVL_B92 Pin=TSB20-4
Added Pin To Net: NetName=DOUT110 Pin=TSB21-1
Added Pin To Net: NetName=A_B110 Pin=TSB21-2
Added Pin To Net: NetName=IVL_B110 Pin=TSB21-4
Added Pin To Net: NetName=DOUT3 Pin=TSB22-1
Added Pin To Net: NetName=A_B3 Pin=TSB22-2
Added Pin To Net: NetName=IVL_B3 Pin=TSB22-4
Added Pin To Net: NetName=DOUT21 Pin=TSB23-1
Added Pin To Net: NetName=A_B21 Pin=TSB23-2
Added Pin To Net: NetName=IVL_B21 Pin=TSB23-4
Added Pin To Net: NetName=DOUT39 Pin=TSB24-1
Added Pin To Net: NetName=A_B39 Pin=TSB24-2
Added Pin To Net: NetName=IVL_B39 Pin=TSB24-4
Added Pin To Net: NetName=DOUT57 Pin=TSB25-1
Added Pin To Net: NetName=IVL_B57 Pin=TSB25-4
Added Pin To Net: NetName=DOUT75 Pin=TSB26-1
Added Pin To Net: NetName=A_B75 Pin=TSB26-2
Added Pin To Net: NetName=IVL_B75 Pin=TSB26-4
Added Pin To Net: NetName=DOUT93 Pin=TSB27-1
Added Pin To Net: NetName=A_B93 Pin=TSB27-2
Added Pin To Net: NetName=IVL_B93 Pin=TSB27-4
Added Pin To Net: NetName=DOUT111 Pin=TSB28-1
Added Pin To Net: NetName=A_B111 Pin=TSB28-2
Added Pin To Net: NetName=IVL_B111 Pin=TSB28-4
Added Pin To Net: NetName=DOUT4 Pin=TSB29-1
Added Pin To Net: NetName=A_B4 Pin=TSB29-2
Added Pin To Net: NetName=IVL_B4 Pin=TSB29-4
Added Pin To Net: NetName=DOUT22 Pin=TSB30-1
Added Pin To Net: NetName=A_B22 Pin=TSB30-2
Added Pin To Net: NetName=IVL_B22 Pin=TSB30-4
Added Pin To Net: NetName=DOUT40 Pin=TSB31-1
Added Pin To Net: NetName=A_B40 Pin=TSB31-2
Added Pin To Net: NetName=IVL_B40 Pin=TSB31-4
Added Pin To Net: NetName=DOUT58 Pin=TSB32-1
Added Pin To Net: NetName=IVL_B58 Pin=TSB32-4
Added Pin To Net: NetName=DOUT76 Pin=TSB33-1
Added Pin To Net: NetName=A_B76 Pin=TSB33-2
Added Pin To Net: NetName=IVL_B76 Pin=TSB33-4
Added Pin To Net: NetName=DOUT94 Pin=TSB34-1
Added Pin To Net: NetName=A_B94 Pin=TSB34-2
Added Pin To Net: NetName=IVL_B94 Pin=TSB34-4
Added Pin To Net: NetName=DOUT112 Pin=TSB35-1
Added Pin To Net: NetName=A_B112 Pin=TSB35-2
Added Pin To Net: NetName=IVL_B112 Pin=TSB35-4
Added Pin To Net: NetName=DOUT5 Pin=TSB36-1
Added Pin To Net: NetName=A_B5 Pin=TSB36-2
Added Pin To Net: NetName=IVL_B5 Pin=TSB36-4
Added Pin To Net: NetName=DOUT23 Pin=TSB37-1
Added Pin To Net: NetName=A_B23 Pin=TSB37-2
Added Pin To Net: NetName=IVL_B23 Pin=TSB37-4
Added Pin To Net: NetName=DOUT41 Pin=TSB38-1
Added Pin To Net: NetName=A_B41 Pin=TSB38-2
Added Pin To Net: NetName=IVL_B41 Pin=TSB38-4
Added Pin To Net: NetName=DOUT59 Pin=TSB39-1
Added Pin To Net: NetName=IVL_B59 Pin=TSB39-4
Added Pin To Net: NetName=DOUT77 Pin=TSB40-1
Added Pin To Net: NetName=A_B77 Pin=TSB40-2
Added Pin To Net: NetName=IVL_B77 Pin=TSB40-4
Added Pin To Net: NetName=DOUT95 Pin=TSB41-1
Added Pin To Net: NetName=A_B95 Pin=TSB41-2
Added Pin To Net: NetName=IVL_B95 Pin=TSB41-4
Added Pin To Net: NetName=DOUT113 Pin=TSB42-1
Added Pin To Net: NetName=A_B113 Pin=TSB42-2
Added Pin To Net: NetName=IVL_B113 Pin=TSB42-4
Added Pin To Net: NetName=DOUT6 Pin=TSB43-1
Added Pin To Net: NetName=A_B6 Pin=TSB43-2
Added Pin To Net: NetName=IVL_B6 Pin=TSB43-4
Added Pin To Net: NetName=DOUT24 Pin=TSB44-1
Added Pin To Net: NetName=A_B24 Pin=TSB44-2
Added Pin To Net: NetName=IVL_B24 Pin=TSB44-4
Added Pin To Net: NetName=DOUT42 Pin=TSB45-1
Added Pin To Net: NetName=A_B42 Pin=TSB45-2
Added Pin To Net: NetName=IVL_B42 Pin=TSB45-4
Added Pin To Net: NetName=DOUT60 Pin=TSB46-1
Added Pin To Net: NetName=IVL_B60 Pin=TSB46-4
Added Pin To Net: NetName=DOUT78 Pin=TSB47-1
Added Pin To Net: NetName=A_B78 Pin=TSB47-2
Added Pin To Net: NetName=IVL_B78 Pin=TSB47-4
Added Pin To Net: NetName=DOUT96 Pin=TSB48-1
Added Pin To Net: NetName=A_B96 Pin=TSB48-2
Added Pin To Net: NetName=IVL_B96 Pin=TSB48-4
Added Pin To Net: NetName=DOUT114 Pin=TSB49-1
Added Pin To Net: NetName=A_B114 Pin=TSB49-2
Added Pin To Net: NetName=IVL_B114 Pin=TSB49-4
Added Pin To Net: NetName=DOUT7 Pin=TSB50-1
Added Pin To Net: NetName=A_B7 Pin=TSB50-2
Added Pin To Net: NetName=IVL_B7 Pin=TSB50-4
Added Pin To Net: NetName=DOUT25 Pin=TSB51-1
Added Pin To Net: NetName=A_B25 Pin=TSB51-2
Added Pin To Net: NetName=IVL_B25 Pin=TSB51-4
Added Pin To Net: NetName=DOUT43 Pin=TSB52-1
Added Pin To Net: NetName=A_B43 Pin=TSB52-2
Added Pin To Net: NetName=IVL_B43 Pin=TSB52-4
Added Pin To Net: NetName=DOUT61 Pin=TSB53-1
Added Pin To Net: NetName=IVL_B61 Pin=TSB53-4
Added Pin To Net: NetName=DOUT79 Pin=TSB54-1
Added Pin To Net: NetName=A_B79 Pin=TSB54-2
Added Pin To Net: NetName=IVL_B79 Pin=TSB54-4
Added Pin To Net: NetName=DOUT97 Pin=TSB55-1
Added Pin To Net: NetName=A_B97 Pin=TSB55-2
Added Pin To Net: NetName=IVL_B97 Pin=TSB55-4
Added Pin To Net: NetName=DOUT115 Pin=TSB56-1
Added Pin To Net: NetName=A_B115 Pin=TSB56-2
Added Pin To Net: NetName=IVL_B115 Pin=TSB56-4
Added Pin To Net: NetName=DOUT8 Pin=TSB57-1
Added Pin To Net: NetName=A_B8 Pin=TSB57-2
Added Pin To Net: NetName=IVL_B8 Pin=TSB57-4
Added Pin To Net: NetName=DOUT26 Pin=TSB58-1
Added Pin To Net: NetName=A_B26 Pin=TSB58-2
Added Pin To Net: NetName=IVL_B26 Pin=TSB58-4
Added Pin To Net: NetName=DOUT44 Pin=TSB59-1
Added Pin To Net: NetName=A_B44 Pin=TSB59-2
Added Pin To Net: NetName=IVL_B44 Pin=TSB59-4
Added Pin To Net: NetName=DOUT62 Pin=TSB60-1
Added Pin To Net: NetName=IVL_B62 Pin=TSB60-4
Added Pin To Net: NetName=DOUT80 Pin=TSB61-1
Added Pin To Net: NetName=A_B80 Pin=TSB61-2
Added Pin To Net: NetName=IVL_B80 Pin=TSB61-4
Added Pin To Net: NetName=DOUT98 Pin=TSB62-1
Added Pin To Net: NetName=A_B98 Pin=TSB62-2
Added Pin To Net: NetName=IVL_B98 Pin=TSB62-4
Added Pin To Net: NetName=DOUT116 Pin=TSB63-1
Added Pin To Net: NetName=A_B116 Pin=TSB63-2
Added Pin To Net: NetName=IVL_B116 Pin=TSB63-4
Added Pin To Net: NetName=DOUT9 Pin=TSB64-1
Added Pin To Net: NetName=A_B9 Pin=TSB64-2
Added Pin To Net: NetName=IVL_B9 Pin=TSB64-4
Added Pin To Net: NetName=DOUT27 Pin=TSB65-1
Added Pin To Net: NetName=A_B27 Pin=TSB65-2
Added Pin To Net: NetName=IVL_B27 Pin=TSB65-4
Added Pin To Net: NetName=DOUT45 Pin=TSB66-1
Added Pin To Net: NetName=A_B45 Pin=TSB66-2
Added Pin To Net: NetName=IVL_B45 Pin=TSB66-4
Added Pin To Net: NetName=DOUT63 Pin=TSB67-1
Added Pin To Net: NetName=IVL_B63 Pin=TSB67-4
Added Pin To Net: NetName=DOUT81 Pin=TSB68-1
Added Pin To Net: NetName=A_B81 Pin=TSB68-2
Added Pin To Net: NetName=IVL_B81 Pin=TSB68-4
Added Pin To Net: NetName=DOUT99 Pin=TSB69-1
Added Pin To Net: NetName=A_B99 Pin=TSB69-2
Added Pin To Net: NetName=IVL_B99 Pin=TSB69-4
Added Pin To Net: NetName=DOUT117 Pin=TSB70-1
Added Pin To Net: NetName=A_B117 Pin=TSB70-2
Added Pin To Net: NetName=IVL_B117 Pin=TSB70-4
Added Pin To Net: NetName=DOUT10 Pin=TSB71-1
Added Pin To Net: NetName=A_B10 Pin=TSB71-2
Added Pin To Net: NetName=IVL_B10 Pin=TSB71-4
Added Pin To Net: NetName=DOUT28 Pin=TSB72-1
Added Pin To Net: NetName=A_B28 Pin=TSB72-2
Added Pin To Net: NetName=IVL_B28 Pin=TSB72-4
Added Pin To Net: NetName=DOUT46 Pin=TSB73-1
Added Pin To Net: NetName=A_B46 Pin=TSB73-2
Added Pin To Net: NetName=IVL_B46 Pin=TSB73-4
Added Pin To Net: NetName=DOUT64 Pin=TSB74-1
Added Pin To Net: NetName=A_B64 Pin=TSB74-2
Added Pin To Net: NetName=IVL_B64 Pin=TSB74-4
Added Pin To Net: NetName=DOUT82 Pin=TSB75-1
Added Pin To Net: NetName=A_B82 Pin=TSB75-2
Added Pin To Net: NetName=IVL_B82 Pin=TSB75-4
Added Pin To Net: NetName=DOUT100 Pin=TSB76-1
Added Pin To Net: NetName=A_B100 Pin=TSB76-2
Added Pin To Net: NetName=IVL_B100 Pin=TSB76-4
Added Pin To Net: NetName=DOUT118 Pin=TSB77-1
Added Pin To Net: NetName=A_B118 Pin=TSB77-2
Added Pin To Net: NetName=IVL_B118 Pin=TSB77-4
Added Pin To Net: NetName=DOUT11 Pin=TSB78-1
Added Pin To Net: NetName=A_B11 Pin=TSB78-2
Added Pin To Net: NetName=IVL_B11 Pin=TSB78-4
Added Pin To Net: NetName=DOUT29 Pin=TSB79-1
Added Pin To Net: NetName=A_B29 Pin=TSB79-2
Added Pin To Net: NetName=IVL_B29 Pin=TSB79-4
Added Pin To Net: NetName=DOUT47 Pin=TSB80-1
Added Pin To Net: NetName=A_B47 Pin=TSB80-2
Added Pin To Net: NetName=IVL_B47 Pin=TSB80-4
Added Pin To Net: NetName=DOUT65 Pin=TSB81-1
Added Pin To Net: NetName=A_B65 Pin=TSB81-2
Added Pin To Net: NetName=IVL_B65 Pin=TSB81-4
Added Pin To Net: NetName=DOUT83 Pin=TSB82-1
Added Pin To Net: NetName=A_B83 Pin=TSB82-2
Added Pin To Net: NetName=IVL_B83 Pin=TSB82-4
Added Pin To Net: NetName=DOUT101 Pin=TSB83-1
Added Pin To Net: NetName=A_B101 Pin=TSB83-2
Added Pin To Net: NetName=IVL_B101 Pin=TSB83-4
Added Pin To Net: NetName=DOUT119 Pin=TSB84-1
Added Pin To Net: NetName=A_B119 Pin=TSB84-2
Added Pin To Net: NetName=IVL_B119 Pin=TSB84-4
Added Pin To Net: NetName=DOUT12 Pin=TSB85-1
Added Pin To Net: NetName=A_B12 Pin=TSB85-2
Added Pin To Net: NetName=IVL_B12 Pin=TSB85-4
Added Pin To Net: NetName=DOUT30 Pin=TSB86-1
Added Pin To Net: NetName=A_B30 Pin=TSB86-2
Added Pin To Net: NetName=IVL_B30 Pin=TSB86-4
Added Pin To Net: NetName=DOUT48 Pin=TSB87-1
Added Pin To Net: NetName=IVL_B48 Pin=TSB87-4
Added Pin To Net: NetName=DOUT66 Pin=TSB88-1
Added Pin To Net: NetName=A_B66 Pin=TSB88-2
Added Pin To Net: NetName=IVL_B66 Pin=TSB88-4
Added Pin To Net: NetName=DOUT84 Pin=TSB89-1
Added Pin To Net: NetName=A_B84 Pin=TSB89-2
Added Pin To Net: NetName=IVL_B84 Pin=TSB89-4
Added Pin To Net: NetName=DOUT102 Pin=TSB90-1
Added Pin To Net: NetName=A_B102 Pin=TSB90-2
Added Pin To Net: NetName=IVL_B102 Pin=TSB90-4
Added Pin To Net: NetName=DOUT120 Pin=TSB91-1
Added Pin To Net: NetName=A_B120 Pin=TSB91-2
Added Pin To Net: NetName=IVL_B120 Pin=TSB91-4
Added Pin To Net: NetName=DOUT13 Pin=TSB92-1
Added Pin To Net: NetName=A_B13 Pin=TSB92-2
Added Pin To Net: NetName=IVL_B13 Pin=TSB92-4
Added Pin To Net: NetName=DOUT31 Pin=TSB93-1
Added Pin To Net: NetName=A_B31 Pin=TSB93-2
Added Pin To Net: NetName=IVL_B31 Pin=TSB93-4
Added Pin To Net: NetName=DOUT49 Pin=TSB94-1
Added Pin To Net: NetName=IVL_B49 Pin=TSB94-4
Added Pin To Net: NetName=DOUT67 Pin=TSB95-1
Added Pin To Net: NetName=A_B67 Pin=TSB95-2
Added Pin To Net: NetName=IVL_B67 Pin=TSB95-4
Added Pin To Net: NetName=DOUT85 Pin=TSB96-1
Added Pin To Net: NetName=A_B85 Pin=TSB96-2
Added Pin To Net: NetName=IVL_B85 Pin=TSB96-4
Added Pin To Net: NetName=DOUT103 Pin=TSB97-1
Added Pin To Net: NetName=A_B103 Pin=TSB97-2
Added Pin To Net: NetName=IVL_B103 Pin=TSB97-4
Added Pin To Net: NetName=DOUT121 Pin=TSB98-1
Added Pin To Net: NetName=A_B121 Pin=TSB98-2
Added Pin To Net: NetName=IVL_B121 Pin=TSB98-4
Added Pin To Net: NetName=DOUT14 Pin=TSB99-1
Added Pin To Net: NetName=A_B14 Pin=TSB99-2
Added Pin To Net: NetName=IVL_B14 Pin=TSB99-4
Added Pin To Net: NetName=DOUT32 Pin=TSB100-1
Added Pin To Net: NetName=A_B32 Pin=TSB100-2
Added Pin To Net: NetName=IVL_B32 Pin=TSB100-4
Added Pin To Net: NetName=DOUT50 Pin=TSB101-1
Added Pin To Net: NetName=IVL_B50 Pin=TSB101-4
Added Pin To Net: NetName=DOUT68 Pin=TSB102-1
Added Pin To Net: NetName=A_B68 Pin=TSB102-2
Added Pin To Net: NetName=IVL_B68 Pin=TSB102-4
Added Pin To Net: NetName=DOUT86 Pin=TSB103-1
Added Pin To Net: NetName=A_B86 Pin=TSB103-2
Added Pin To Net: NetName=IVL_B86 Pin=TSB103-4
Added Pin To Net: NetName=DOUT104 Pin=TSB104-1
Added Pin To Net: NetName=A_B104 Pin=TSB104-2
Added Pin To Net: NetName=IVL_B104 Pin=TSB104-4
Added Pin To Net: NetName=DOUT122 Pin=TSB105-1
Added Pin To Net: NetName=A_B122 Pin=TSB105-2
Added Pin To Net: NetName=IVL_B122 Pin=TSB105-4
Added Pin To Net: NetName=DOUT15 Pin=TSB106-1
Added Pin To Net: NetName=A_B15 Pin=TSB106-2
Added Pin To Net: NetName=IVL_B15 Pin=TSB106-4
Added Pin To Net: NetName=DOUT33 Pin=TSB107-1
Added Pin To Net: NetName=A_B33 Pin=TSB107-2
Added Pin To Net: NetName=IVL_B33 Pin=TSB107-4
Added Pin To Net: NetName=DOUT51 Pin=TSB108-1
Added Pin To Net: NetName=IVL_B51 Pin=TSB108-4
Added Pin To Net: NetName=DOUT69 Pin=TSB109-1
Added Pin To Net: NetName=A_B69 Pin=TSB109-2
Added Pin To Net: NetName=IVL_B69 Pin=TSB109-4
Added Pin To Net: NetName=DOUT87 Pin=TSB110-1
Added Pin To Net: NetName=A_B87 Pin=TSB110-2
Added Pin To Net: NetName=IVL_B87 Pin=TSB110-4
Added Pin To Net: NetName=DOUT105 Pin=TSB111-1
Added Pin To Net: NetName=A_B105 Pin=TSB111-2
Added Pin To Net: NetName=IVL_B105 Pin=TSB111-4
Added Pin To Net: NetName=DOUT123 Pin=TSB112-1
Added Pin To Net: NetName=IVL_B123 Pin=TSB112-4
Added Pin To Net: NetName=DOUT16 Pin=TSB113-1
Added Pin To Net: NetName=A_B16 Pin=TSB113-2
Added Pin To Net: NetName=IVL_B16 Pin=TSB113-4
Added Pin To Net: NetName=DOUT34 Pin=TSB114-1
Added Pin To Net: NetName=A_B34 Pin=TSB114-2
Added Pin To Net: NetName=IVL_B34 Pin=TSB114-4
Added Pin To Net: NetName=DOUT52 Pin=TSB115-1
Added Pin To Net: NetName=IVL_B52 Pin=TSB115-4
Added Pin To Net: NetName=DOUT70 Pin=TSB116-1
Added Pin To Net: NetName=A_B70 Pin=TSB116-2
Added Pin To Net: NetName=IVL_B70 Pin=TSB116-4
Added Pin To Net: NetName=DOUT88 Pin=TSB117-1
Added Pin To Net: NetName=A_B88 Pin=TSB117-2
Added Pin To Net: NetName=IVL_B88 Pin=TSB117-4
Added Pin To Net: NetName=DOUT106 Pin=TSB118-1
Added Pin To Net: NetName=A_B106 Pin=TSB118-2
Added Pin To Net: NetName=IVL_B106 Pin=TSB118-4
Added Pin To Net: NetName=DOUT124 Pin=TSB119-1
Added Pin To Net: NetName=A_B124 Pin=TSB119-2
Added Pin To Net: NetName=IVL_B124 Pin=TSB119-4
Added Pin To Net: NetName=DOUT17 Pin=TSB120-1
Added Pin To Net: NetName=A_B17 Pin=TSB120-2
Added Pin To Net: NetName=IVL_B17 Pin=TSB120-4
Added Pin To Net: NetName=DOUT35 Pin=TSB121-1
Added Pin To Net: NetName=A_B35 Pin=TSB121-2
Added Pin To Net: NetName=IVL_B35 Pin=TSB121-4
Added Pin To Net: NetName=DOUT53 Pin=TSB122-1
Added Pin To Net: NetName=IVL_B53 Pin=TSB122-4
Added Pin To Net: NetName=DOUT71 Pin=TSB123-1
Added Pin To Net: NetName=A_B71 Pin=TSB123-2
Added Pin To Net: NetName=IVL_B71 Pin=TSB123-4
Added Pin To Net: NetName=DOUT89 Pin=TSB124-1
Added Pin To Net: NetName=A_B89 Pin=TSB124-2
Added Pin To Net: NetName=IVL_B89 Pin=TSB124-4
Added Pin To Net: NetName=DOUT107 Pin=TSB125-1
Added Pin To Net: NetName=A_B107 Pin=TSB125-2
Added Pin To Net: NetName=IVL_B107 Pin=TSB125-4
Added Pin To Net: NetName=DOUT125 Pin=TSB126-1
Added Pin To Net: NetName=A_B125 Pin=TSB126-2
Added Pin To Net: NetName=IVL_B125 Pin=TSB126-4
Added Pin To Net: NetName=DOUT126 Pin=TSB127-1
Added Pin To Net: NetName=IVL_B126 Pin=TSB127-4
Added Pin To Net: NetName=DOUT127 Pin=TSB128-1
Added Pin To Net: NetName=IVL_B127 Pin=TSB128-4
Change Net Name : Old Net Name=A48 New Net Name=A_B48
Change Net Name : Old Net Name=A49 New Net Name=A_B49
Change Net Name : Old Net Name=A50 New Net Name=A_B50
Change Net Name : Old Net Name=A51 New Net Name=A_B51
Change Net Name : Old Net Name=A52 New Net Name=A_B52
Change Net Name : Old Net Name=A53 New Net Name=A_B53
Change Net Name : Old Net Name=A54 New Net Name=A_B54
Change Net Name : Old Net Name=A55 New Net Name=A_B55
Change Net Name : Old Net Name=A56 New Net Name=A_B56
Change Net Name : Old Net Name=A57 New Net Name=A_B57
Change Net Name : Old Net Name=A58 New Net Name=A_B58
Change Net Name : Old Net Name=A59 New Net Name=A_B59
Change Net Name : Old Net Name=A60 New Net Name=A_B60
Change Net Name : Old Net Name=A61 New Net Name=A_B61
Change Net Name : Old Net Name=A62 New Net Name=A_B62
Change Net Name : Old Net Name=A63 New Net Name=A_B63
Change Net Name : Old Net Name=A123 New Net Name=A_B123
Added Member To Class: ClassName=A_B[125..0] Member=Element[48]: A_B
Added Member To Class: ClassName=A_B[125..0] Member=Element[49]: A_B
Added Member To Class: ClassName=A_B[125..0] Member=Element[50]: A_B
Added Member To Class: ClassName=A_B[125..0] Member=Element[51]: A_B
Added Member To Class: ClassName=A_B[125..0] Member=Element[52]: A_B
Added Member To Class: ClassName=A_B[125..0] Member=Element[53]: A_B
Added Member To Class: ClassName=A_B[125..0] Member=Element[54]: A_B
Added Member To Class: ClassName=A_B[125..0] Member=Element[55]: A_B
Added Member To Class: ClassName=A_B[125..0] Member=Element[56]: A_B
Added Member To Class: ClassName=A_B[125..0] Member=Element[57]: A_B
Added Member To Class: ClassName=A_B[125..0] Member=Element[58]: A_B
Added Member To Class: ClassName=A_B[125..0] Member=Element[59]: A_B
Added Member To Class: ClassName=A_B[125..0] Member=Element[60]: A_B
Added Member To Class: ClassName=A_B[125..0] Member=Element[61]: A_B
Added Member To Class: ClassName=A_B[125..0] Member=Element[62]: A_B
Added Member To Class: ClassName=A_B[125..0] Member=Element[63]: A_B
Added Member To Class: ClassName=A_B[125..0] Member=Element[123]: A_B
