Removed Pin From Net: NetName=IVL_B112 Pin=ETH1-3
Removed Pin From Net: NetName=IVL_B113 Pin=ETH1-4
Removed Pin From Net: NetName=IVL_B114 Pin=ETH1-5
Removed Pin From Net: NetName=IVL_B115 Pin=ETH1-6
Removed Pin From Net: NetName=IVL_B116 Pin=ETH1-7
Removed Pin From Net: NetName=IVL_B117 Pin=ETH1-8
Removed Pin From Net: NetName=IVL_B118 Pin=ETH1-9
Removed Pin From Net: NetName=IVL_B119 Pin=ETH1-10
Removed Pin From Net: NetName=IVL_B120 Pin=ETH1-11
Removed Pin From Net: NetName=IVL_B121 Pin=ETH1-12
Removed Pin From Net: NetName=IVL_B122 Pin=ETH1-13
Removed Pin From Net: NetName=IVL_B123 Pin=ETH1-14
Removed Pin From Net: NetName=SIGNAL_W124 Pin=ETH1-15
Removed Pin From Net: NetName=SIGNAL_W125 Pin=ETH1-16
Removed Pin From Net: NetName=IVL_B96 Pin=ETH1-17
Removed Pin From Net: NetName=IVL_B97 Pin=ETH1-18
Removed Pin From Net: NetName=IVL_B98 Pin=ETH1-19
Removed Pin From Net: NetName=IVL_B99 Pin=ETH1-20
Removed Pin From Net: NetName=IVL_B100 Pin=ETH1-21
Removed Pin From Net: NetName=IVL_B101 Pin=ETH1-22
Removed Pin From Net: NetName=IVL_B102 Pin=ETH1-23
Removed Pin From Net: NetName=IVL_B103 Pin=ETH1-24
Removed Pin From Net: NetName=IVL_B104 Pin=ETH1-25
Removed Pin From Net: NetName=IVL_B105 Pin=ETH1-26
Removed Pin From Net: NetName=IVL_B106 Pin=ETH1-27
Removed Pin From Net: NetName=IVL_B107 Pin=ETH1-28
Removed Pin From Net: NetName=IVL_B108 Pin=ETH1-29
Removed Pin From Net: NetName=IVL_B109 Pin=ETH1-30
Removed Pin From Net: NetName=IVL_B110 Pin=ETH1-31
Removed Pin From Net: NetName=IVL_B111 Pin=ETH1-32
Removed Pin From Net: NetName=IVL_B80 Pin=ETH1-33
Removed Pin From Net: NetName=IVL_B81 Pin=ETH1-34
Removed Pin From Net: NetName=IVL_B82 Pin=ETH1-35
Removed Pin From Net: NetName=IVL_B83 Pin=ETH1-36
Removed Pin From Net: NetName=IVL_B84 Pin=ETH1-37
Removed Pin From Net: NetName=IVL_B85 Pin=ETH1-38
Removed Pin From Net: NetName=IVL_B86 Pin=ETH1-39
Removed Pin From Net: NetName=IVL_B87 Pin=ETH1-40
Removed Pin From Net: NetName=IVL_B88 Pin=ETH2-1
Removed Pin From Net: NetName=IVL_B89 Pin=ETH2-2
Removed Pin From Net: NetName=IVL_B90 Pin=ETH2-3
Removed Pin From Net: NetName=IVL_B91 Pin=ETH2-4
Removed Pin From Net: NetName=IVL_B92 Pin=ETH2-5
Removed Pin From Net: NetName=IVL_B93 Pin=ETH2-6
Removed Pin From Net: NetName=IVL_B94 Pin=ETH2-7
Removed Pin From Net: NetName=IVL_B95 Pin=ETH2-8
Removed Pin From Net: NetName=IVL_B64 Pin=ETH2-9
Removed Pin From Net: NetName=IVL_B65 Pin=ETH2-10
Removed Pin From Net: NetName=IVL_B66 Pin=ETH2-11
Removed Pin From Net: NetName=IVL_B67 Pin=ETH2-12
Removed Pin From Net: NetName=IVL_B68 Pin=ETH2-13
Removed Pin From Net: NetName=IVL_B69 Pin=ETH2-14
Removed Pin From Net: NetName=IVL_B70 Pin=ETH2-15
Removed Pin From Net: NetName=IVL_B71 Pin=ETH2-16
Removed Pin From Net: NetName=IVL_B72 Pin=ETH2-17
Removed Pin From Net: NetName=IVL_B73 Pin=ETH2-18
Removed Pin From Net: NetName=IVL_B74 Pin=ETH2-19
Removed Pin From Net: NetName=IVL_B75 Pin=ETH2-20
Removed Pin From Net: NetName=IVL_B76 Pin=ETH2-21
Removed Pin From Net: NetName=IVL_B77 Pin=ETH2-22
Removed Pin From Net: NetName=IVL_B78 Pin=ETH2-23
Removed Pin From Net: NetName=IVL_B79 Pin=ETH2-24
Removed Pin From Net: NetName=IVL_B48 Pin=ETH2-25
Removed Pin From Net: NetName=IVL_B49 Pin=ETH2-26
Removed Pin From Net: NetName=IVL_B50 Pin=ETH2-27
Removed Pin From Net: NetName=IVL_B51 Pin=ETH2-28
Removed Pin From Net: NetName=IVL_B52 Pin=ETH2-29
Removed Pin From Net: NetName=IVL_B53 Pin=ETH2-30
Removed Pin From Net: NetName=IVL_B54 Pin=ETH2-31
Removed Pin From Net: NetName=IVL_B55 Pin=ETH2-32
Removed Pin From Net: NetName=IVL_B56 Pin=ETH2-33
Removed Pin From Net: NetName=IVL_B57 Pin=ETH2-34
Removed Pin From Net: NetName=IVL_B58 Pin=ETH2-35
Removed Pin From Net: NetName=IVL_B59 Pin=ETH2-36
Removed Pin From Net: NetName=IVL_B60 Pin=ETH2-37
Removed Pin From Net: NetName=IVL_B61 Pin=ETH2-38
Removed Pin From Net: NetName=IVL_B62 Pin=ETH2-39
Removed Pin From Net: NetName=IVL_B63 Pin=ETH2-40
Removed Pin From Net: NetName=IVL_B32 Pin=ETH3-1
Removed Pin From Net: NetName=IVL_B33 Pin=ETH3-2
Removed Pin From Net: NetName=IVL_B34 Pin=ETH3-3
Removed Pin From Net: NetName=IVL_B35 Pin=ETH3-4
Removed Pin From Net: NetName=IVL_B36 Pin=ETH3-5
Removed Pin From Net: NetName=IVL_B37 Pin=ETH3-6
Removed Pin From Net: NetName=IVL_B38 Pin=ETH3-7
Removed Pin From Net: NetName=IVL_B39 Pin=ETH3-8
Removed Pin From Net: NetName=IVL_B40 Pin=ETH3-9
Removed Pin From Net: NetName=IVL_B41 Pin=ETH3-10
Removed Pin From Net: NetName=IVL_B42 Pin=ETH3-11
Removed Pin From Net: NetName=IVL_B43 Pin=ETH3-12
Removed Pin From Net: NetName=IVL_B44 Pin=ETH3-13
Removed Pin From Net: NetName=IVL_B45 Pin=ETH3-14
Removed Pin From Net: NetName=IVL_B46 Pin=ETH3-15
Removed Pin From Net: NetName=IVL_B47 Pin=ETH3-16
Removed Pin From Net: NetName=IVL_B16 Pin=ETH3-25
Removed Pin From Net: NetName=IVL_B17 Pin=ETH3-26
Removed Pin From Net: NetName=IVL_B18 Pin=ETH3-27
Removed Pin From Net: NetName=IVL_B19 Pin=ETH3-28
Removed Pin From Net: NetName=IVL_B20 Pin=ETH3-29
Removed Pin From Net: NetName=IVL_B21 Pin=ETH3-30
Removed Pin From Net: NetName=IVL_B22 Pin=ETH3-31
Removed Pin From Net: NetName=IVL_B23 Pin=ETH3-32
Removed Pin From Net: NetName=IVL_B24 Pin=ETH3-33
Removed Pin From Net: NetName=IVL_B25 Pin=ETH3-34
Removed Pin From Net: NetName=IVL_B26 Pin=ETH3-35
Removed Pin From Net: NetName=IVL_B27 Pin=ETH3-36
Removed Pin From Net: NetName=IVL_B28 Pin=ETH3-37
Removed Pin From Net: NetName=IVL_B29 Pin=ETH3-38
Removed Pin From Net: NetName=IVL_B30 Pin=ETH3-39
Removed Pin From Net: NetName=IVL_B31 Pin=ETH3-40
Removed Pin From Net: NetName=IVL_B2 Pin=ETH4-1
Removed Pin From Net: NetName=IVL_B3 Pin=ETH4-2
Removed Pin From Net: NetName=IVL_B4 Pin=ETH4-3
Removed Pin From Net: NetName=IVL_B5 Pin=ETH4-4
Removed Pin From Net: NetName=IVL_B6 Pin=ETH4-5
Removed Pin From Net: NetName=IVL_B7 Pin=ETH4-6
Removed Pin From Net: NetName=IVL_B8 Pin=ETH4-7
Removed Pin From Net: NetName=IVL_B9 Pin=ETH4-8
Removed Pin From Net: NetName=IVL_B10 Pin=ETH4-9
Removed Pin From Net: NetName=IVL_B11 Pin=ETH4-10
Removed Pin From Net: NetName=IVL_B12 Pin=ETH4-12
Removed Pin From Net: NetName=IVL_B13 Pin=ETH4-13
Removed Pin From Net: NetName=IVL_B14 Pin=ETH4-14
Removed Pin From Net: NetName=IVL_B15 Pin=ETH4-15
Removed Pin From Net: NetName=IVL_B0 Pin=LT1_U_VT_WRP1-1
Removed Pin From Net: NetName=IVL_B1 Pin=LT1_U_VT_WRP1-3
Removed Pin From Net: NetName=IVL_B32 Pin=LT1_U_VT_WRP6-1
Removed Pin From Net: NetName=IVL_B33 Pin=LT1_U_VT_WRP6-3
Added Pin To Net: NetName=IVL_B2 Pin=ETH1-3
Added Pin To Net: NetName=IVL_B3 Pin=ETH1-4
Added Pin To Net: NetName=IVL_B4 Pin=ETH1-5
Added Pin To Net: NetName=IVL_B5 Pin=ETH1-6
Added Pin To Net: NetName=IVL_B6 Pin=ETH1-7
Added Pin To Net: NetName=IVL_B7 Pin=ETH1-8
Added Pin To Net: NetName=IVL_B8 Pin=ETH1-9
Added Pin To Net: NetName=IVL_B9 Pin=ETH1-10
Added Pin To Net: NetName=IVL_B10 Pin=ETH1-11
Added Pin To Net: NetName=IVL_B11 Pin=ETH1-12
Added Pin To Net: NetName=IVL_B12 Pin=ETH1-13
Added Pin To Net: NetName=IVL_B13 Pin=ETH1-14
Added Pin To Net: NetName=IVL_B14 Pin=ETH1-15
Added Pin To Net: NetName=IVL_B15 Pin=ETH1-16
Added Pin To Net: NetName=IVL_B64 Pin=ETH1-17
Added Pin To Net: NetName=IVL_B65 Pin=ETH1-18
Added Pin To Net: NetName=IVL_B66 Pin=ETH1-19
Added Pin To Net: NetName=IVL_B67 Pin=ETH1-20
Added Pin To Net: NetName=IVL_B68 Pin=ETH1-21
Added Pin To Net: NetName=IVL_B69 Pin=ETH1-22
Added Pin To Net: NetName=IVL_B70 Pin=ETH1-23
Added Pin To Net: NetName=IVL_B71 Pin=ETH1-24
Added Pin To Net: NetName=IVL_B72 Pin=ETH1-25
Added Pin To Net: NetName=IVL_B73 Pin=ETH1-26
Added Pin To Net: NetName=IVL_B74 Pin=ETH1-27
Added Pin To Net: NetName=IVL_B75 Pin=ETH1-28
Added Pin To Net: NetName=IVL_B76 Pin=ETH1-29
Added Pin To Net: NetName=IVL_B77 Pin=ETH1-30
Added Pin To Net: NetName=IVL_B78 Pin=ETH1-31
Added Pin To Net: NetName=IVL_B79 Pin=ETH1-32
Added Pin To Net: NetName=IVL_B32 Pin=ETH1-33
Added Pin To Net: NetName=IVL_B33 Pin=ETH1-34
Added Pin To Net: NetName=IVL_B112 Pin=ETH1-35
Added Pin To Net: NetName=IVL_B113 Pin=ETH1-36
Added Pin To Net: NetName=IVL_B114 Pin=ETH1-37
Added Pin To Net: NetName=IVL_B115 Pin=ETH1-38
Added Pin To Net: NetName=IVL_B116 Pin=ETH1-39
Added Pin To Net: NetName=IVL_B117 Pin=ETH1-40
Added Pin To Net: NetName=IVL_B118 Pin=ETH2-1
Added Pin To Net: NetName=IVL_B119 Pin=ETH2-2
Added Pin To Net: NetName=IVL_B120 Pin=ETH2-3
Added Pin To Net: NetName=IVL_B121 Pin=ETH2-4
Added Pin To Net: NetName=IVL_B122 Pin=ETH2-5
Added Pin To Net: NetName=IVL_B123 Pin=ETH2-6
Added Pin To Net: NetName=SIGNAL_W124 Pin=ETH2-7
Added Pin To Net: NetName=SIGNAL_W125 Pin=ETH2-8
Added Pin To Net: NetName=IVL_B96 Pin=ETH2-9
Added Pin To Net: NetName=IVL_B97 Pin=ETH2-10
Added Pin To Net: NetName=IVL_B98 Pin=ETH2-11
Added Pin To Net: NetName=IVL_B99 Pin=ETH2-12
Added Pin To Net: NetName=IVL_B100 Pin=ETH2-13
Added Pin To Net: NetName=IVL_B101 Pin=ETH2-14
Added Pin To Net: NetName=IVL_B102 Pin=ETH2-15
Added Pin To Net: NetName=IVL_B103 Pin=ETH2-16
Added Pin To Net: NetName=IVL_B104 Pin=ETH2-17
Added Pin To Net: NetName=IVL_B105 Pin=ETH2-18
Added Pin To Net: NetName=IVL_B106 Pin=ETH2-19
Added Pin To Net: NetName=IVL_B107 Pin=ETH2-20
Added Pin To Net: NetName=IVL_B108 Pin=ETH2-21
Added Pin To Net: NetName=IVL_B109 Pin=ETH2-22
Added Pin To Net: NetName=IVL_B110 Pin=ETH2-23
Added Pin To Net: NetName=IVL_B111 Pin=ETH2-24
Added Pin To Net: NetName=IVL_B34 Pin=ETH2-27
Added Pin To Net: NetName=IVL_B35 Pin=ETH2-28
Added Pin To Net: NetName=IVL_B36 Pin=ETH2-29
Added Pin To Net: NetName=IVL_B37 Pin=ETH2-30
Added Pin To Net: NetName=IVL_B38 Pin=ETH2-31
Added Pin To Net: NetName=IVL_B39 Pin=ETH2-32
Added Pin To Net: NetName=IVL_B40 Pin=ETH2-33
Added Pin To Net: NetName=IVL_B41 Pin=ETH2-34
Added Pin To Net: NetName=IVL_B42 Pin=ETH2-35
Added Pin To Net: NetName=IVL_B43 Pin=ETH2-36
Added Pin To Net: NetName=IVL_B44 Pin=ETH2-37
Added Pin To Net: NetName=IVL_B45 Pin=ETH2-38
Added Pin To Net: NetName=IVL_B46 Pin=ETH2-39
Added Pin To Net: NetName=IVL_B47 Pin=ETH2-40
Added Pin To Net: NetName=IVL_B16 Pin=ETH3-1
Added Pin To Net: NetName=IVL_B17 Pin=ETH3-2
Added Pin To Net: NetName=IVL_B18 Pin=ETH3-3
Added Pin To Net: NetName=IVL_B19 Pin=ETH3-4
Added Pin To Net: NetName=IVL_B20 Pin=ETH3-5
Added Pin To Net: NetName=IVL_B21 Pin=ETH3-6
Added Pin To Net: NetName=IVL_B22 Pin=ETH3-7
Added Pin To Net: NetName=IVL_B23 Pin=ETH3-8
Added Pin To Net: NetName=IVL_B24 Pin=ETH3-9
Added Pin To Net: NetName=IVL_B25 Pin=ETH3-10
Added Pin To Net: NetName=IVL_B26 Pin=ETH3-11
Added Pin To Net: NetName=IVL_B27 Pin=ETH3-12
Added Pin To Net: NetName=IVL_B28 Pin=ETH3-13
Added Pin To Net: NetName=IVL_B29 Pin=ETH3-14
Added Pin To Net: NetName=IVL_B30 Pin=ETH3-15
Added Pin To Net: NetName=IVL_B31 Pin=ETH3-16
Added Pin To Net: NetName=IVL_B80 Pin=ETH3-25
Added Pin To Net: NetName=IVL_B81 Pin=ETH3-26
Added Pin To Net: NetName=IVL_B82 Pin=ETH3-27
Added Pin To Net: NetName=IVL_B83 Pin=ETH3-28
Added Pin To Net: NetName=IVL_B84 Pin=ETH3-29
Added Pin To Net: NetName=IVL_B85 Pin=ETH3-30
Added Pin To Net: NetName=IVL_B86 Pin=ETH3-31
Added Pin To Net: NetName=IVL_B87 Pin=ETH3-32
Added Pin To Net: NetName=IVL_B88 Pin=ETH3-33
Added Pin To Net: NetName=IVL_B89 Pin=ETH3-34
Added Pin To Net: NetName=IVL_B90 Pin=ETH3-35
Added Pin To Net: NetName=IVL_B91 Pin=ETH3-36
Added Pin To Net: NetName=IVL_B92 Pin=ETH3-37
Added Pin To Net: NetName=IVL_B93 Pin=ETH3-38
Added Pin To Net: NetName=IVL_B94 Pin=ETH3-39
Added Pin To Net: NetName=IVL_B95 Pin=ETH3-40
Added Pin To Net: NetName=IVL_B50 Pin=ETH4-1
Added Pin To Net: NetName=IVL_B51 Pin=ETH4-2
Added Pin To Net: NetName=IVL_B52 Pin=ETH4-3
Added Pin To Net: NetName=IVL_B53 Pin=ETH4-4
Added Pin To Net: NetName=IVL_B54 Pin=ETH4-5
Added Pin To Net: NetName=IVL_B55 Pin=ETH4-6
Added Pin To Net: NetName=IVL_B56 Pin=ETH4-7
Added Pin To Net: NetName=IVL_B57 Pin=ETH4-8
Added Pin To Net: NetName=IVL_B58 Pin=ETH4-9
Added Pin To Net: NetName=IVL_B59 Pin=ETH4-10
Added Pin To Net: NetName=IVL_B60 Pin=ETH4-12
Added Pin To Net: NetName=IVL_B61 Pin=ETH4-13
Added Pin To Net: NetName=IVL_B62 Pin=ETH4-14
Added Pin To Net: NetName=IVL_B63 Pin=ETH4-15
Added Pin To Net: NetName=IVL_B32 Pin=LT1_U_VT_WRP1-1
Added Pin To Net: NetName=IVL_B33 Pin=LT1_U_VT_WRP1-3
Added Pin To Net: NetName=IVL_B0 Pin=LT1_U_VT_WRP8-1
Added Pin To Net: NetName=IVL_B1 Pin=LT1_U_VT_WRP8-3
Change Class Name : Old Net Name=SIGNAL_W[125..0] New Net Name=SIGNAL_W[125..32]
