Removed Pin From Net: NetName=COUNTER_CLK2 Pin=DUT1_U_DUT_HEADER1-24
Removed Pin From Net: NetName=COUNTER_CLK1 Pin=DUT1_U_DUT_HEADER4-24
Removed Pin From Net: NetName=COUNTER_CLK2 Pin=ETH4-25
Removed Pin From Net: NetName=COUNTER_CLK1 Pin=ETH4-35
Removed Pin From Net: NetName=OVCC_B119 Pin=LT1_U_VT_WRP1-12
Removed Pin From Net: NetName=OVCC_B118 Pin=LT1_U_VT_WRP1-13
Removed Pin From Net: NetName=OVCC_B117 Pin=LT1_U_VT_WRP1-14
Removed Pin From Net: NetName=OVCC_B116 Pin=LT1_U_VT_WRP1-15
Removed Pin From Net: NetName=OVCC_B115 Pin=LT1_U_VT_WRP1-16
Removed Pin From Net: NetName=OVCC_B114 Pin=LT1_U_VT_WRP1-17
Removed Pin From Net: NetName=OVCC_B113 Pin=LT1_U_VT_WRP1-18
Removed Pin From Net: NetName=OVCC_B112 Pin=LT1_U_VT_WRP1-20
Removed Pin From Net: NetName=OVCC_B127 Pin=LT2_U_VT_WRP1-12
Removed Pin From Net: NetName=OVCC_B126 Pin=LT2_U_VT_WRP1-13
Removed Pin From Net: NetName=OVCC_B125 Pin=LT2_U_VT_WRP1-14
Removed Pin From Net: NetName=OVCC_B124 Pin=LT2_U_VT_WRP1-15
Removed Pin From Net: NetName=OVCC_B123 Pin=LT2_U_VT_WRP1-16
Removed Pin From Net: NetName=OVCC_B122 Pin=LT2_U_VT_WRP1-17
Removed Pin From Net: NetName=OVCC_B121 Pin=LT2_U_VT_WRP1-18
Removed Pin From Net: NetName=OVCC_B120 Pin=LT2_U_VT_WRP1-20
Removed Pin From Net: NetName=GND Pin=SR1-8
Removed Pin From Net: NetName=FPGA_~MR Pin=SR1-10
Removed Pin From Net: NetName=FPGA_~MR Pin=SR1-13
Removed Pin From Net: NetName=3V3_W Pin=SR1-16
Removed Pin From Net: NetName=GND Pin=SR2-8
Removed Pin From Net: NetName=FPGA_~MR Pin=SR2-10
Removed Pin From Net: NetName=FPGA_~MR Pin=SR2-13
Removed Pin From Net: NetName=3V3_W Pin=SR2-16
Removed Pin From Net: NetName=GND Pin=SR3-8
Removed Pin From Net: NetName=FPGA_~MR Pin=SR3-10
Removed Pin From Net: NetName=FPGA_~MR Pin=SR3-13
Removed Pin From Net: NetName=3V3_W Pin=SR3-16
Removed Pin From Net: NetName=GND Pin=SR4-8
Removed Pin From Net: NetName=FPGA_~MR Pin=SR4-10
Removed Pin From Net: NetName=FPGA_~MR Pin=SR4-13
Removed Pin From Net: NetName=3V3_W Pin=SR4-16
Removed Pin From Net: NetName=GND Pin=SR5-8
Removed Pin From Net: NetName=FPGA_~MR Pin=SR5-10
Removed Pin From Net: NetName=FPGA_~MR Pin=SR5-13
Removed Pin From Net: NetName=3V3_W Pin=SR5-16
Removed Pin From Net: NetName=GND Pin=SR6-8
Removed Pin From Net: NetName=FPGA_~MR Pin=SR6-10
Removed Pin From Net: NetName=FPGA_~MR Pin=SR6-13
Removed Pin From Net: NetName=3V3_W Pin=SR6-16
Removed Pin From Net: NetName=GND Pin=SR7-8
Removed Pin From Net: NetName=FPGA_~MR Pin=SR7-10
Removed Pin From Net: NetName=FPGA_~MR Pin=SR7-13
Removed Pin From Net: NetName=3V3_W Pin=SR7-16
Removed Pin From Net: NetName=GND Pin=SR8-8
Removed Pin From Net: NetName=FPGA_~MR Pin=SR8-10
Removed Pin From Net: NetName=FPGA_~MR Pin=SR8-13
Removed Pin From Net: NetName=3V3_W Pin=SR8-16
Removed Pin From Net: NetName=GND Pin=SR9-8
Removed Pin From Net: NetName=FPGA_~MR Pin=SR9-10
Removed Pin From Net: NetName=FPGA_~MR Pin=SR9-13
Removed Pin From Net: NetName=3V3_W Pin=SR9-16
Removed Pin From Net: NetName=GND Pin=SR10-8
Removed Pin From Net: NetName=FPGA_~MR Pin=SR10-10
Removed Pin From Net: NetName=FPGA_~MR Pin=SR10-13
Removed Pin From Net: NetName=3V3_W Pin=SR10-16
Removed Pin From Net: NetName=GND Pin=SR11-8
Removed Pin From Net: NetName=FPGA_~MR Pin=SR11-10
Removed Pin From Net: NetName=FPGA_~MR Pin=SR11-13
Removed Pin From Net: NetName=3V3_W Pin=SR11-16
Removed Pin From Net: NetName=GND Pin=SR12-8
Removed Pin From Net: NetName=FPGA_~MR Pin=SR12-10
Removed Pin From Net: NetName=FPGA_~MR Pin=SR12-13
Removed Pin From Net: NetName=3V3_W Pin=SR12-16
Removed Pin From Net: NetName=GND Pin=SR13-8
Removed Pin From Net: NetName=FPGA_~MR Pin=SR13-10
Removed Pin From Net: NetName=FPGA_~MR Pin=SR13-13
Removed Pin From Net: NetName=3V3_W Pin=SR13-16
Removed Pin From Net: NetName=GND Pin=SR14-8
Removed Pin From Net: NetName=FPGA_~MR Pin=SR14-10
Removed Pin From Net: NetName=FPGA_~MR Pin=SR14-13
Removed Pin From Net: NetName=3V3_W Pin=SR14-16
Removed Pin From Net: NetName=GND Pin=SR15-8
Removed Pin From Net: NetName=FPGA_~MR Pin=SR15-10
Removed Pin From Net: NetName=FPGA_~MR Pin=SR15-13
Removed Pin From Net: NetName=3V3_W Pin=SR15-16
Removed Pin From Net: NetName=GND Pin=SR16-8
Removed Pin From Net: NetName=FPGA_~MR Pin=SR16-10
Removed Pin From Net: NetName=FPGA_~MR Pin=SR16-13
Removed Pin From Net: NetName=3V3_W Pin=SR16-16
Removed Pin From Net: NetName=GND Pin=TSB1-3
Removed Pin From Net: NetName=IVL_B0 Pin=TSB1-4
Removed Pin From Net: NetName=3V3_W Pin=TSB1-5
Removed Pin From Net: NetName=GND Pin=TSB2-3
Removed Pin From Net: NetName=IVL_B18 Pin=TSB2-4
Removed Pin From Net: NetName=3V3_W Pin=TSB2-5
Removed Pin From Net: NetName=GND Pin=TSB3-3
Removed Pin From Net: NetName=IVL_B36 Pin=TSB3-4
Removed Pin From Net: NetName=3V3_W Pin=TSB3-5
Removed Pin From Net: NetName=GND Pin=TSB4-3
Removed Pin From Net: NetName=IVL_B54 Pin=TSB4-4
Removed Pin From Net: NetName=3V3_W Pin=TSB4-5
Removed Pin From Net: NetName=GND Pin=TSB5-3
Removed Pin From Net: NetName=IVL_B72 Pin=TSB5-4
Removed Pin From Net: NetName=3V3_W Pin=TSB5-5
Removed Pin From Net: NetName=GND Pin=TSB6-3
Removed Pin From Net: NetName=IVL_B90 Pin=TSB6-4
Removed Pin From Net: NetName=3V3_W Pin=TSB6-5
Removed Pin From Net: NetName=GND Pin=TSB7-3
Removed Pin From Net: NetName=IVL_B108 Pin=TSB7-4
Removed Pin From Net: NetName=3V3_W Pin=TSB7-5
Removed Pin From Net: NetName=GND Pin=TSB8-3
Removed Pin From Net: NetName=IVL_B1 Pin=TSB8-4
Removed Pin From Net: NetName=3V3_W Pin=TSB8-5
Removed Pin From Net: NetName=GND Pin=TSB9-3
Removed Pin From Net: NetName=IVL_B19 Pin=TSB9-4
Removed Pin From Net: NetName=3V3_W Pin=TSB9-5
Removed Pin From Net: NetName=GND Pin=TSB10-3
Removed Pin From Net: NetName=IVL_B37 Pin=TSB10-4
Removed Pin From Net: NetName=3V3_W Pin=TSB10-5
Removed Pin From Net: NetName=GND Pin=TSB11-3
Removed Pin From Net: NetName=IVL_B55 Pin=TSB11-4
Removed Pin From Net: NetName=3V3_W Pin=TSB11-5
Removed Pin From Net: NetName=GND Pin=TSB12-3
Removed Pin From Net: NetName=IVL_B73 Pin=TSB12-4
Removed Pin From Net: NetName=3V3_W Pin=TSB12-5
Removed Pin From Net: NetName=GND Pin=TSB13-3
Removed Pin From Net: NetName=IVL_B91 Pin=TSB13-4
Removed Pin From Net: NetName=3V3_W Pin=TSB13-5
Removed Pin From Net: NetName=GND Pin=TSB14-3
Removed Pin From Net: NetName=IVL_B109 Pin=TSB14-4
Removed Pin From Net: NetName=3V3_W Pin=TSB14-5
Removed Pin From Net: NetName=GND Pin=TSB15-3
Removed Pin From Net: NetName=IVL_B2 Pin=TSB15-4
Removed Pin From Net: NetName=3V3_W Pin=TSB15-5
Removed Pin From Net: NetName=GND Pin=TSB16-3
Removed Pin From Net: NetName=IVL_B20 Pin=TSB16-4
Removed Pin From Net: NetName=3V3_W Pin=TSB16-5
Removed Pin From Net: NetName=GND Pin=TSB17-3
Removed Pin From Net: NetName=IVL_B38 Pin=TSB17-4
Removed Pin From Net: NetName=3V3_W Pin=TSB17-5
Removed Pin From Net: NetName=GND Pin=TSB18-3
Removed Pin From Net: NetName=IVL_B56 Pin=TSB18-4
Removed Pin From Net: NetName=3V3_W Pin=TSB18-5
Removed Pin From Net: NetName=GND Pin=TSB19-3
Removed Pin From Net: NetName=IVL_B74 Pin=TSB19-4
Removed Pin From Net: NetName=3V3_W Pin=TSB19-5
Removed Pin From Net: NetName=GND Pin=TSB20-3
Removed Pin From Net: NetName=IVL_B92 Pin=TSB20-4
Removed Pin From Net: NetName=3V3_W Pin=TSB20-5
Removed Pin From Net: NetName=GND Pin=TSB21-3
Removed Pin From Net: NetName=IVL_B110 Pin=TSB21-4
Removed Pin From Net: NetName=3V3_W Pin=TSB21-5
Removed Pin From Net: NetName=GND Pin=TSB22-3
Removed Pin From Net: NetName=IVL_B3 Pin=TSB22-4
Removed Pin From Net: NetName=3V3_W Pin=TSB22-5
Removed Pin From Net: NetName=GND Pin=TSB23-3
Removed Pin From Net: NetName=IVL_B21 Pin=TSB23-4
Removed Pin From Net: NetName=3V3_W Pin=TSB23-5
Removed Pin From Net: NetName=GND Pin=TSB24-3
Removed Pin From Net: NetName=IVL_B39 Pin=TSB24-4
Removed Pin From Net: NetName=3V3_W Pin=TSB24-5
Removed Pin From Net: NetName=GND Pin=TSB25-3
Removed Pin From Net: NetName=IVL_B57 Pin=TSB25-4
Removed Pin From Net: NetName=3V3_W Pin=TSB25-5
Removed Pin From Net: NetName=GND Pin=TSB26-3
Removed Pin From Net: NetName=IVL_B75 Pin=TSB26-4
Removed Pin From Net: NetName=3V3_W Pin=TSB26-5
Removed Pin From Net: NetName=GND Pin=TSB27-3
Removed Pin From Net: NetName=IVL_B93 Pin=TSB27-4
Removed Pin From Net: NetName=3V3_W Pin=TSB27-5
Removed Pin From Net: NetName=GND Pin=TSB28-3
Removed Pin From Net: NetName=IVL_B111 Pin=TSB28-4
Removed Pin From Net: NetName=3V3_W Pin=TSB28-5
Removed Pin From Net: NetName=GND Pin=TSB29-3
Removed Pin From Net: NetName=IVL_B4 Pin=TSB29-4
Removed Pin From Net: NetName=3V3_W Pin=TSB29-5
Removed Pin From Net: NetName=GND Pin=TSB30-3
Removed Pin From Net: NetName=IVL_B22 Pin=TSB30-4
Removed Pin From Net: NetName=3V3_W Pin=TSB30-5
Removed Pin From Net: NetName=GND Pin=TSB31-3
Removed Pin From Net: NetName=IVL_B40 Pin=TSB31-4
Removed Pin From Net: NetName=3V3_W Pin=TSB31-5
Removed Pin From Net: NetName=GND Pin=TSB32-3
Removed Pin From Net: NetName=IVL_B58 Pin=TSB32-4
Removed Pin From Net: NetName=3V3_W Pin=TSB32-5
Removed Pin From Net: NetName=GND Pin=TSB33-3
Removed Pin From Net: NetName=IVL_B76 Pin=TSB33-4
Removed Pin From Net: NetName=3V3_W Pin=TSB33-5
Removed Pin From Net: NetName=GND Pin=TSB34-3
Removed Pin From Net: NetName=IVL_B94 Pin=TSB34-4
Removed Pin From Net: NetName=3V3_W Pin=TSB34-5
Removed Pin From Net: NetName=GND Pin=TSB35-3
Removed Pin From Net: NetName=IVL_B112 Pin=TSB35-4
Removed Pin From Net: NetName=3V3_W Pin=TSB35-5
Removed Pin From Net: NetName=GND Pin=TSB36-3
Removed Pin From Net: NetName=IVL_B5 Pin=TSB36-4
Removed Pin From Net: NetName=3V3_W Pin=TSB36-5
Removed Pin From Net: NetName=GND Pin=TSB37-3
Removed Pin From Net: NetName=IVL_B23 Pin=TSB37-4
Removed Pin From Net: NetName=3V3_W Pin=TSB37-5
Removed Pin From Net: NetName=GND Pin=TSB38-3
Removed Pin From Net: NetName=IVL_B41 Pin=TSB38-4
Removed Pin From Net: NetName=3V3_W Pin=TSB38-5
Removed Pin From Net: NetName=GND Pin=TSB39-3
Removed Pin From Net: NetName=IVL_B59 Pin=TSB39-4
Removed Pin From Net: NetName=3V3_W Pin=TSB39-5
Removed Pin From Net: NetName=GND Pin=TSB40-3
Removed Pin From Net: NetName=IVL_B77 Pin=TSB40-4
Removed Pin From Net: NetName=3V3_W Pin=TSB40-5
Removed Pin From Net: NetName=GND Pin=TSB41-3
Removed Pin From Net: NetName=IVL_B95 Pin=TSB41-4
Removed Pin From Net: NetName=3V3_W Pin=TSB41-5
Removed Pin From Net: NetName=GND Pin=TSB42-3
Removed Pin From Net: NetName=IVL_B113 Pin=TSB42-4
Removed Pin From Net: NetName=3V3_W Pin=TSB42-5
Removed Pin From Net: NetName=GND Pin=TSB43-3
Removed Pin From Net: NetName=IVL_B6 Pin=TSB43-4
Removed Pin From Net: NetName=3V3_W Pin=TSB43-5
Removed Pin From Net: NetName=GND Pin=TSB44-3
Removed Pin From Net: NetName=IVL_B24 Pin=TSB44-4
Removed Pin From Net: NetName=3V3_W Pin=TSB44-5
Removed Pin From Net: NetName=GND Pin=TSB45-3
Removed Pin From Net: NetName=IVL_B42 Pin=TSB45-4
Removed Pin From Net: NetName=3V3_W Pin=TSB45-5
Removed Pin From Net: NetName=GND Pin=TSB46-3
Removed Pin From Net: NetName=IVL_B60 Pin=TSB46-4
Removed Pin From Net: NetName=3V3_W Pin=TSB46-5
Removed Pin From Net: NetName=GND Pin=TSB47-3
Removed Pin From Net: NetName=IVL_B78 Pin=TSB47-4
Removed Pin From Net: NetName=3V3_W Pin=TSB47-5
Removed Pin From Net: NetName=GND Pin=TSB48-3
Removed Pin From Net: NetName=IVL_B96 Pin=TSB48-4
Removed Pin From Net: NetName=3V3_W Pin=TSB48-5
Removed Pin From Net: NetName=GND Pin=TSB49-3
Removed Pin From Net: NetName=IVL_B114 Pin=TSB49-4
Removed Pin From Net: NetName=3V3_W Pin=TSB49-5
Removed Pin From Net: NetName=GND Pin=TSB50-3
Removed Pin From Net: NetName=IVL_B7 Pin=TSB50-4
Removed Pin From Net: NetName=3V3_W Pin=TSB50-5
Removed Pin From Net: NetName=GND Pin=TSB51-3
Removed Pin From Net: NetName=IVL_B25 Pin=TSB51-4
Removed Pin From Net: NetName=3V3_W Pin=TSB51-5
Removed Pin From Net: NetName=GND Pin=TSB52-3
Removed Pin From Net: NetName=IVL_B43 Pin=TSB52-4
Removed Pin From Net: NetName=3V3_W Pin=TSB52-5
Removed Pin From Net: NetName=GND Pin=TSB53-3
Removed Pin From Net: NetName=IVL_B61 Pin=TSB53-4
Removed Pin From Net: NetName=3V3_W Pin=TSB53-5
Removed Pin From Net: NetName=GND Pin=TSB54-3
Removed Pin From Net: NetName=IVL_B79 Pin=TSB54-4
Removed Pin From Net: NetName=3V3_W Pin=TSB54-5
Removed Pin From Net: NetName=GND Pin=TSB55-3
Removed Pin From Net: NetName=IVL_B97 Pin=TSB55-4
Removed Pin From Net: NetName=3V3_W Pin=TSB55-5
Removed Pin From Net: NetName=GND Pin=TSB56-3
Removed Pin From Net: NetName=IVL_B115 Pin=TSB56-4
Removed Pin From Net: NetName=3V3_W Pin=TSB56-5
Removed Pin From Net: NetName=GND Pin=TSB57-3
Removed Pin From Net: NetName=IVL_B8 Pin=TSB57-4
Removed Pin From Net: NetName=3V3_W Pin=TSB57-5
Removed Pin From Net: NetName=GND Pin=TSB58-3
Removed Pin From Net: NetName=IVL_B26 Pin=TSB58-4
Removed Pin From Net: NetName=3V3_W Pin=TSB58-5
Removed Pin From Net: NetName=GND Pin=TSB59-3
Removed Pin From Net: NetName=IVL_B44 Pin=TSB59-4
Removed Pin From Net: NetName=3V3_W Pin=TSB59-5
Removed Pin From Net: NetName=GND Pin=TSB60-3
Removed Pin From Net: NetName=IVL_B62 Pin=TSB60-4
Removed Pin From Net: NetName=3V3_W Pin=TSB60-5
Removed Pin From Net: NetName=GND Pin=TSB61-3
Removed Pin From Net: NetName=IVL_B80 Pin=TSB61-4
Removed Pin From Net: NetName=3V3_W Pin=TSB61-5
Removed Pin From Net: NetName=GND Pin=TSB62-3
Removed Pin From Net: NetName=IVL_B98 Pin=TSB62-4
Removed Pin From Net: NetName=3V3_W Pin=TSB62-5
Removed Pin From Net: NetName=GND Pin=TSB63-3
Removed Pin From Net: NetName=IVL_B116 Pin=TSB63-4
Removed Pin From Net: NetName=3V3_W Pin=TSB63-5
Removed Pin From Net: NetName=GND Pin=TSB64-3
Removed Pin From Net: NetName=IVL_B9 Pin=TSB64-4
Removed Pin From Net: NetName=3V3_W Pin=TSB64-5
Removed Pin From Net: NetName=GND Pin=TSB65-3
Removed Pin From Net: NetName=IVL_B27 Pin=TSB65-4
Removed Pin From Net: NetName=3V3_W Pin=TSB65-5
Removed Pin From Net: NetName=GND Pin=TSB66-3
Removed Pin From Net: NetName=IVL_B45 Pin=TSB66-4
Removed Pin From Net: NetName=3V3_W Pin=TSB66-5
Removed Pin From Net: NetName=GND Pin=TSB67-3
Removed Pin From Net: NetName=IVL_B63 Pin=TSB67-4
Removed Pin From Net: NetName=3V3_W Pin=TSB67-5
Removed Pin From Net: NetName=GND Pin=TSB68-3
Removed Pin From Net: NetName=IVL_B81 Pin=TSB68-4
Removed Pin From Net: NetName=3V3_W Pin=TSB68-5
Removed Pin From Net: NetName=GND Pin=TSB69-3
Removed Pin From Net: NetName=IVL_B99 Pin=TSB69-4
Removed Pin From Net: NetName=3V3_W Pin=TSB69-5
Removed Pin From Net: NetName=GND Pin=TSB70-3
Removed Pin From Net: NetName=IVL_B117 Pin=TSB70-4
Removed Pin From Net: NetName=3V3_W Pin=TSB70-5
Removed Pin From Net: NetName=GND Pin=TSB71-3
Removed Pin From Net: NetName=IVL_B10 Pin=TSB71-4
Removed Pin From Net: NetName=3V3_W Pin=TSB71-5
Removed Pin From Net: NetName=GND Pin=TSB72-3
Removed Pin From Net: NetName=IVL_B28 Pin=TSB72-4
Removed Pin From Net: NetName=3V3_W Pin=TSB72-5
Removed Pin From Net: NetName=GND Pin=TSB73-3
Removed Pin From Net: NetName=IVL_B46 Pin=TSB73-4
Removed Pin From Net: NetName=3V3_W Pin=TSB73-5
Removed Pin From Net: NetName=GND Pin=TSB74-3
Removed Pin From Net: NetName=IVL_B64 Pin=TSB74-4
Removed Pin From Net: NetName=3V3_W Pin=TSB74-5
Removed Pin From Net: NetName=GND Pin=TSB75-3
Removed Pin From Net: NetName=IVL_B82 Pin=TSB75-4
Removed Pin From Net: NetName=3V3_W Pin=TSB75-5
Removed Pin From Net: NetName=GND Pin=TSB76-3
Removed Pin From Net: NetName=IVL_B100 Pin=TSB76-4
Removed Pin From Net: NetName=3V3_W Pin=TSB76-5
Removed Pin From Net: NetName=GND Pin=TSB77-3
Removed Pin From Net: NetName=IVL_B118 Pin=TSB77-4
Removed Pin From Net: NetName=3V3_W Pin=TSB77-5
Removed Pin From Net: NetName=GND Pin=TSB78-3
Removed Pin From Net: NetName=IVL_B11 Pin=TSB78-4
Removed Pin From Net: NetName=3V3_W Pin=TSB78-5
Removed Pin From Net: NetName=GND Pin=TSB79-3
Removed Pin From Net: NetName=IVL_B29 Pin=TSB79-4
Removed Pin From Net: NetName=3V3_W Pin=TSB79-5
Removed Pin From Net: NetName=GND Pin=TSB80-3
Removed Pin From Net: NetName=IVL_B47 Pin=TSB80-4
Removed Pin From Net: NetName=3V3_W Pin=TSB80-5
Removed Pin From Net: NetName=GND Pin=TSB81-3
Removed Pin From Net: NetName=IVL_B65 Pin=TSB81-4
Removed Pin From Net: NetName=3V3_W Pin=TSB81-5
Removed Pin From Net: NetName=GND Pin=TSB82-3
Removed Pin From Net: NetName=IVL_B83 Pin=TSB82-4
Removed Pin From Net: NetName=3V3_W Pin=TSB82-5
Removed Pin From Net: NetName=GND Pin=TSB83-3
Removed Pin From Net: NetName=IVL_B101 Pin=TSB83-4
Removed Pin From Net: NetName=3V3_W Pin=TSB83-5
Removed Pin From Net: NetName=GND Pin=TSB84-3
Removed Pin From Net: NetName=IVL_B119 Pin=TSB84-4
Removed Pin From Net: NetName=3V3_W Pin=TSB84-5
Removed Pin From Net: NetName=GND Pin=TSB85-3
Removed Pin From Net: NetName=IVL_B12 Pin=TSB85-4
Removed Pin From Net: NetName=3V3_W Pin=TSB85-5
Removed Pin From Net: NetName=GND Pin=TSB86-3
Removed Pin From Net: NetName=IVL_B30 Pin=TSB86-4
Removed Pin From Net: NetName=3V3_W Pin=TSB86-5
Removed Pin From Net: NetName=GND Pin=TSB87-3
Removed Pin From Net: NetName=IVL_B48 Pin=TSB87-4
Removed Pin From Net: NetName=3V3_W Pin=TSB87-5
Removed Pin From Net: NetName=GND Pin=TSB88-3
Removed Pin From Net: NetName=IVL_B66 Pin=TSB88-4
Removed Pin From Net: NetName=3V3_W Pin=TSB88-5
Removed Pin From Net: NetName=GND Pin=TSB89-3
Removed Pin From Net: NetName=IVL_B84 Pin=TSB89-4
Removed Pin From Net: NetName=3V3_W Pin=TSB89-5
Removed Pin From Net: NetName=GND Pin=TSB90-3
Removed Pin From Net: NetName=IVL_B102 Pin=TSB90-4
Removed Pin From Net: NetName=3V3_W Pin=TSB90-5
Removed Pin From Net: NetName=GND Pin=TSB91-3
Removed Pin From Net: NetName=IVL_B120 Pin=TSB91-4
Removed Pin From Net: NetName=3V3_W Pin=TSB91-5
Removed Pin From Net: NetName=GND Pin=TSB92-3
Removed Pin From Net: NetName=IVL_B13 Pin=TSB92-4
Removed Pin From Net: NetName=3V3_W Pin=TSB92-5
Removed Pin From Net: NetName=GND Pin=TSB93-3
Removed Pin From Net: NetName=IVL_B31 Pin=TSB93-4
Removed Pin From Net: NetName=3V3_W Pin=TSB93-5
Removed Pin From Net: NetName=GND Pin=TSB94-3
Removed Pin From Net: NetName=IVL_B49 Pin=TSB94-4
Removed Pin From Net: NetName=3V3_W Pin=TSB94-5
Removed Pin From Net: NetName=GND Pin=TSB95-3
Removed Pin From Net: NetName=IVL_B67 Pin=TSB95-4
Removed Pin From Net: NetName=3V3_W Pin=TSB95-5
Removed Pin From Net: NetName=GND Pin=TSB96-3
Removed Pin From Net: NetName=IVL_B85 Pin=TSB96-4
Removed Pin From Net: NetName=3V3_W Pin=TSB96-5
Removed Pin From Net: NetName=GND Pin=TSB97-3
Removed Pin From Net: NetName=IVL_B103 Pin=TSB97-4
Removed Pin From Net: NetName=3V3_W Pin=TSB97-5
Removed Pin From Net: NetName=GND Pin=TSB98-3
Removed Pin From Net: NetName=IVL_B121 Pin=TSB98-4
Removed Pin From Net: NetName=3V3_W Pin=TSB98-5
Removed Pin From Net: NetName=GND Pin=TSB99-3
Removed Pin From Net: NetName=IVL_B14 Pin=TSB99-4
Removed Pin From Net: NetName=3V3_W Pin=TSB99-5
Removed Pin From Net: NetName=GND Pin=TSB100-3
Removed Pin From Net: NetName=IVL_B32 Pin=TSB100-4
Removed Pin From Net: NetName=3V3_W Pin=TSB100-5
Removed Pin From Net: NetName=GND Pin=TSB101-3
Removed Pin From Net: NetName=IVL_B50 Pin=TSB101-4
Removed Pin From Net: NetName=3V3_W Pin=TSB101-5
Removed Pin From Net: NetName=GND Pin=TSB102-3
Removed Pin From Net: NetName=IVL_B68 Pin=TSB102-4
Removed Pin From Net: NetName=3V3_W Pin=TSB102-5
Removed Pin From Net: NetName=GND Pin=TSB103-3
Removed Pin From Net: NetName=IVL_B86 Pin=TSB103-4
Removed Pin From Net: NetName=3V3_W Pin=TSB103-5
Removed Pin From Net: NetName=GND Pin=TSB104-3
Removed Pin From Net: NetName=IVL_B104 Pin=TSB104-4
Removed Pin From Net: NetName=3V3_W Pin=TSB104-5
Removed Pin From Net: NetName=GND Pin=TSB105-3
Removed Pin From Net: NetName=IVL_B122 Pin=TSB105-4
Removed Pin From Net: NetName=3V3_W Pin=TSB105-5
Removed Pin From Net: NetName=GND Pin=TSB106-3
Removed Pin From Net: NetName=IVL_B15 Pin=TSB106-4
Removed Pin From Net: NetName=3V3_W Pin=TSB106-5
Removed Pin From Net: NetName=GND Pin=TSB107-3
Removed Pin From Net: NetName=IVL_B33 Pin=TSB107-4
Removed Pin From Net: NetName=3V3_W Pin=TSB107-5
Removed Pin From Net: NetName=GND Pin=TSB108-3
Removed Pin From Net: NetName=IVL_B51 Pin=TSB108-4
Removed Pin From Net: NetName=3V3_W Pin=TSB108-5
Removed Pin From Net: NetName=GND Pin=TSB109-3
Removed Pin From Net: NetName=IVL_B69 Pin=TSB109-4
Removed Pin From Net: NetName=3V3_W Pin=TSB109-5
Removed Pin From Net: NetName=GND Pin=TSB110-3
Removed Pin From Net: NetName=IVL_B87 Pin=TSB110-4
Removed Pin From Net: NetName=3V3_W Pin=TSB110-5
Removed Pin From Net: NetName=GND Pin=TSB111-3
Removed Pin From Net: NetName=IVL_B105 Pin=TSB111-4
Removed Pin From Net: NetName=3V3_W Pin=TSB111-5
Removed Pin From Net: NetName=GND Pin=TSB112-3
Removed Pin From Net: NetName=IVL_B123 Pin=TSB112-4
Removed Pin From Net: NetName=3V3_W Pin=TSB112-5
Removed Pin From Net: NetName=GND Pin=TSB113-3
Removed Pin From Net: NetName=IVL_B16 Pin=TSB113-4
Removed Pin From Net: NetName=3V3_W Pin=TSB113-5
Removed Pin From Net: NetName=GND Pin=TSB114-3
Removed Pin From Net: NetName=IVL_B34 Pin=TSB114-4
Removed Pin From Net: NetName=3V3_W Pin=TSB114-5
Removed Pin From Net: NetName=GND Pin=TSB115-3
Removed Pin From Net: NetName=IVL_B52 Pin=TSB115-4
Removed Pin From Net: NetName=3V3_W Pin=TSB115-5
Removed Pin From Net: NetName=GND Pin=TSB116-3
Removed Pin From Net: NetName=IVL_B70 Pin=TSB116-4
Removed Pin From Net: NetName=3V3_W Pin=TSB116-5
Removed Pin From Net: NetName=GND Pin=TSB117-3
Removed Pin From Net: NetName=IVL_B88 Pin=TSB117-4
Removed Pin From Net: NetName=3V3_W Pin=TSB117-5
Removed Pin From Net: NetName=GND Pin=TSB118-3
Removed Pin From Net: NetName=IVL_B106 Pin=TSB118-4
Removed Pin From Net: NetName=3V3_W Pin=TSB118-5
Removed Pin From Net: NetName=GND Pin=TSB119-3
Removed Pin From Net: NetName=IVL_B124 Pin=TSB119-4
Removed Pin From Net: NetName=3V3_W Pin=TSB119-5
Removed Pin From Net: NetName=GND Pin=TSB120-3
Removed Pin From Net: NetName=IVL_B17 Pin=TSB120-4
Removed Pin From Net: NetName=GND Pin=TSB121-3
Removed Pin From Net: NetName=IVL_B35 Pin=TSB121-4
Removed Pin From Net: NetName=IVL_B53 Pin=TSB122-4
Removed Pin From Net: NetName=GND Pin=TSB123-3
Removed Pin From Net: NetName=IVL_B71 Pin=TSB123-4
Removed Pin From Net: NetName=GND Pin=TSB124-3
Removed Pin From Net: NetName=IVL_B89 Pin=TSB124-4
Removed Pin From Net: NetName=GND Pin=TSB125-3
Removed Pin From Net: NetName=IVL_B107 Pin=TSB125-4
Removed Pin From Net: NetName=GND Pin=TSB126-3
Removed Pin From Net: NetName=IVL_B125 Pin=TSB126-4
Removed Pin From Net: NetName=3V3_W Pin=TSB126-5
Removed Pin From Net: NetName=GND Pin=TSB127-2
Removed Pin From Net: NetName=GND Pin=TSB127-3
Removed Pin From Net: NetName=IVL_B126 Pin=TSB127-4
Removed Pin From Net: NetName=GND Pin=TSB128-2
Removed Pin From Net: NetName=GND Pin=TSB128-3
Removed Pin From Net: NetName=IVL_B127 Pin=TSB128-4
Added Pin To Net: NetName=IVL_B0 Pin=ETH1-1
Added Pin To Net: NetName=IVL_B1 Pin=ETH1-2
Added Pin To Net: NetName=IVL_B2 Pin=ETH1-3
Added Pin To Net: NetName=IVL_B3 Pin=ETH1-4
Added Pin To Net: NetName=IVL_B4 Pin=ETH1-5
Added Pin To Net: NetName=IVL_B5 Pin=ETH1-6
Added Pin To Net: NetName=IVL_B6 Pin=ETH1-7
Added Pin To Net: NetName=IVL_B7 Pin=ETH1-8
Added Pin To Net: NetName=IVL_B8 Pin=ETH1-9
Added Pin To Net: NetName=IVL_B9 Pin=ETH1-10
Added Pin To Net: NetName=IVL_B10 Pin=ETH1-11
Added Pin To Net: NetName=IVL_B11 Pin=ETH1-12
Added Pin To Net: NetName=IVL_B12 Pin=ETH1-13
Added Pin To Net: NetName=IVL_B13 Pin=ETH1-14
Added Pin To Net: NetName=IVL_B14 Pin=ETH1-15
Added Pin To Net: NetName=IVL_B15 Pin=ETH1-16
Added Pin To Net: NetName=IVL_B16 Pin=ETH1-17
Added Pin To Net: NetName=IVL_B17 Pin=ETH1-18
Added Pin To Net: NetName=IVL_B18 Pin=ETH1-19
Added Pin To Net: NetName=IVL_B19 Pin=ETH1-20
Added Pin To Net: NetName=IVL_B20 Pin=ETH1-21
Added Pin To Net: NetName=IVL_B21 Pin=ETH1-22
Added Pin To Net: NetName=IVL_B22 Pin=ETH1-23
Added Pin To Net: NetName=IVL_B23 Pin=ETH1-24
Added Pin To Net: NetName=IVL_B24 Pin=ETH1-25
Added Pin To Net: NetName=IVL_B25 Pin=ETH1-26
Added Pin To Net: NetName=IVL_B26 Pin=ETH1-27
Added Pin To Net: NetName=IVL_B27 Pin=ETH1-28
Added Pin To Net: NetName=IVL_B28 Pin=ETH1-29
Added Pin To Net: NetName=IVL_B29 Pin=ETH1-30
Added Pin To Net: NetName=IVL_B30 Pin=ETH1-31
Added Pin To Net: NetName=IVL_B31 Pin=ETH1-32
Added Pin To Net: NetName=IVL_B32 Pin=ETH1-33
Added Pin To Net: NetName=IVL_B33 Pin=ETH1-34
Added Pin To Net: NetName=IVL_B34 Pin=ETH1-35
Added Pin To Net: NetName=IVL_B35 Pin=ETH1-36
Added Pin To Net: NetName=IVL_B36 Pin=ETH1-37
Added Pin To Net: NetName=IVL_B37 Pin=ETH1-38
Added Pin To Net: NetName=IVL_B38 Pin=ETH1-39
Added Pin To Net: NetName=IVL_B39 Pin=ETH1-40
Added Pin To Net: NetName=IVL_B40 Pin=ETH2-1
Added Pin To Net: NetName=IVL_B41 Pin=ETH2-2
Added Pin To Net: NetName=IVL_B42 Pin=ETH2-3
Added Pin To Net: NetName=IVL_B43 Pin=ETH2-4
Added Pin To Net: NetName=IVL_B44 Pin=ETH2-5
Added Pin To Net: NetName=IVL_B45 Pin=ETH2-6
Added Pin To Net: NetName=IVL_B46 Pin=ETH2-7
Added Pin To Net: NetName=IVL_B47 Pin=ETH2-8
Added Pin To Net: NetName=IVL_B48 Pin=ETH2-9
Added Pin To Net: NetName=IVL_B49 Pin=ETH2-10
Added Pin To Net: NetName=IVL_B50 Pin=ETH2-11
Added Pin To Net: NetName=IVL_B51 Pin=ETH2-12
Added Pin To Net: NetName=IVL_B52 Pin=ETH2-13
Added Pin To Net: NetName=IVL_B53 Pin=ETH2-14
Added Pin To Net: NetName=IVL_B54 Pin=ETH2-15
Added Pin To Net: NetName=IVL_B55 Pin=ETH2-16
Added Pin To Net: NetName=IVL_B56 Pin=ETH2-17
Added Pin To Net: NetName=IVL_B57 Pin=ETH2-18
Added Pin To Net: NetName=IVL_B58 Pin=ETH2-19
Added Pin To Net: NetName=IVL_B59 Pin=ETH2-20
Added Pin To Net: NetName=IVL_B60 Pin=ETH2-21
Added Pin To Net: NetName=IVL_B61 Pin=ETH2-22
Added Pin To Net: NetName=IVL_B62 Pin=ETH2-23
Added Pin To Net: NetName=IVL_B63 Pin=ETH2-24
Added Pin To Net: NetName=IVL_B64 Pin=ETH2-25
Added Pin To Net: NetName=IVL_B65 Pin=ETH2-26
Added Pin To Net: NetName=IVL_B66 Pin=ETH2-27
Added Pin To Net: NetName=IVL_B67 Pin=ETH2-28
Added Pin To Net: NetName=IVL_B68 Pin=ETH2-29
Added Pin To Net: NetName=IVL_B69 Pin=ETH2-30
Added Pin To Net: NetName=IVL_B70 Pin=ETH2-31
Added Pin To Net: NetName=IVL_B71 Pin=ETH2-32
Added Pin To Net: NetName=IVL_B72 Pin=ETH2-33
Added Pin To Net: NetName=IVL_B73 Pin=ETH2-34
Added Pin To Net: NetName=IVL_B74 Pin=ETH2-35
Added Pin To Net: NetName=IVL_B75 Pin=ETH2-36
Added Pin To Net: NetName=IVL_B76 Pin=ETH2-37
Added Pin To Net: NetName=IVL_B77 Pin=ETH2-38
Added Pin To Net: NetName=IVL_B78 Pin=ETH2-39
Added Pin To Net: NetName=IVL_B79 Pin=ETH2-40
Added Pin To Net: NetName=IVL_B80 Pin=ETH3-1
Added Pin To Net: NetName=IVL_B81 Pin=ETH3-2
Added Pin To Net: NetName=IVL_B82 Pin=ETH3-3
Added Pin To Net: NetName=IVL_B83 Pin=ETH3-4
Added Pin To Net: NetName=IVL_B84 Pin=ETH3-5
Added Pin To Net: NetName=IVL_B85 Pin=ETH3-6
Added Pin To Net: NetName=IVL_B86 Pin=ETH3-7
Added Pin To Net: NetName=IVL_B87 Pin=ETH3-8
Added Pin To Net: NetName=IVL_B88 Pin=ETH3-9
Added Pin To Net: NetName=IVL_B89 Pin=ETH3-10
Added Pin To Net: NetName=IVL_B90 Pin=ETH3-11
Added Pin To Net: NetName=IVL_B91 Pin=ETH3-12
Added Pin To Net: NetName=IVL_B92 Pin=ETH3-13
Added Pin To Net: NetName=IVL_B93 Pin=ETH3-14
Added Pin To Net: NetName=IVL_B94 Pin=ETH3-15
Added Pin To Net: NetName=IVL_B95 Pin=ETH3-16
Added Pin To Net: NetName=IVL_B96 Pin=ETH3-25
Added Pin To Net: NetName=IVL_B97 Pin=ETH3-26
Added Pin To Net: NetName=IVL_B98 Pin=ETH3-27
Added Pin To Net: NetName=IVL_B99 Pin=ETH3-28
Added Pin To Net: NetName=IVL_B100 Pin=ETH3-29
Added Pin To Net: NetName=IVL_B101 Pin=ETH3-30
Added Pin To Net: NetName=IVL_B102 Pin=ETH3-31
Added Pin To Net: NetName=IVL_B103 Pin=ETH3-32
Added Pin To Net: NetName=IVL_B104 Pin=ETH3-33
Added Pin To Net: NetName=IVL_B105 Pin=ETH3-34
Added Pin To Net: NetName=IVL_B106 Pin=ETH3-35
Added Pin To Net: NetName=IVL_B107 Pin=ETH3-36
Added Pin To Net: NetName=IVL_B108 Pin=ETH3-37
Added Pin To Net: NetName=IVL_B109 Pin=ETH3-38
Added Pin To Net: NetName=IVL_B110 Pin=ETH3-39
Added Pin To Net: NetName=IVL_B111 Pin=ETH3-40
Added Pin To Net: NetName=IVL_B112 Pin=ETH4-1
Added Pin To Net: NetName=IVL_B113 Pin=ETH4-2
Added Pin To Net: NetName=IVL_B114 Pin=ETH4-3
Added Pin To Net: NetName=IVL_B115 Pin=ETH4-4
Added Pin To Net: NetName=IVL_B116 Pin=ETH4-5
Added Pin To Net: NetName=IVL_B117 Pin=ETH4-6
Added Pin To Net: NetName=IVL_B118 Pin=ETH4-7
Added Pin To Net: NetName=IVL_B119 Pin=ETH4-8
Added Pin To Net: NetName=IVL_B120 Pin=ETH4-9
Added Pin To Net: NetName=IVL_B121 Pin=ETH4-10
Added Pin To Net: NetName=IVL_B122 Pin=ETH4-12
Added Pin To Net: NetName=IVL_B123 Pin=ETH4-13
Added Pin To Net: NetName=IVL_B124 Pin=ETH4-14
Added Pin To Net: NetName=IVL_B125 Pin=ETH4-15
Added Pin To Net: NetName=COUNTER_CLK2 Pin=ETH4-22
Added Pin To Net: NetName=COUNTER_CLK1 Pin=ETH4-25
Added Pin To Net: NetName=OVCC_B117 Pin=LT1_U_VT_WRP1-12
Added Pin To Net: NetName=OVCC_B116 Pin=LT1_U_VT_WRP1-13
Added Pin To Net: NetName=OVCC_B115 Pin=LT1_U_VT_WRP1-14
Added Pin To Net: NetName=OVCC_B114 Pin=LT1_U_VT_WRP1-15
Added Pin To Net: NetName=OVCC_B113 Pin=LT1_U_VT_WRP1-16
Added Pin To Net: NetName=OVCC_B112 Pin=LT1_U_VT_WRP1-17
Added Pin To Net: NetName=OVCC_B125 Pin=LT2_U_VT_WRP1-12
Added Pin To Net: NetName=OVCC_B124 Pin=LT2_U_VT_WRP1-13
Added Pin To Net: NetName=OVCC_B123 Pin=LT2_U_VT_WRP1-14
Added Pin To Net: NetName=OVCC_B122 Pin=LT2_U_VT_WRP1-15
Added Pin To Net: NetName=OVCC_B121 Pin=LT2_U_VT_WRP1-16
Added Pin To Net: NetName=OVCC_B120 Pin=LT2_U_VT_WRP1-17
Added Pin To Net: NetName=OVCC_B119 Pin=LT2_U_VT_WRP1-18
Added Pin To Net: NetName=OVCC_B118 Pin=LT2_U_VT_WRP1-20
Change Net Name : Old Net Name=3V3_W New Net Name=GLOBAL_3V3
Added Pin To Net: NetName=COUNTER_CLK0 Pin=DUT1_U_DUT_HEADER4-24
Added Pin To Net: NetName=COUNTER_CLK0 Pin=ETH4-35
Added Net: Name=COUNTER_CLK0
Added Pin To Net: NetName=COUNTER_CLK3 Pin=DUT1_U_DUT_HEADER1-24
Added Pin To Net: NetName=COUNTER_CLK3 Pin=ETH4-21
Added Net: Name=COUNTER_CLK3
Added Pin To Net: NetName=OTHER_W20 Pin=ETH4-20
Added Net: Name=OTHER_W20
Added Pin To Net: NetName=OVCC_W0_U_VT_WRP1 Pin=LT1_U_VT_WRP1-20
Added Net: Name=OVCC_W0_U_VT_WRP1
Added Pin To Net: NetName=OVCC_W1_U_VT_WRP1 Pin=LT1_U_VT_WRP1-18
Added Net: Name=OVCC_W1_U_VT_WRP1
Added Class: Name=TSBO[127..112]
