Removed Pin From Net: NetName=A_B96 Pin=ETH3-25
Removed Pin From Net: NetName=A_B97 Pin=ETH3-26
Removed Pin From Net: NetName=A_B98 Pin=ETH3-27
Removed Pin From Net: NetName=A_B99 Pin=ETH3-28
Removed Pin From Net: NetName=A_B100 Pin=ETH3-29
Removed Pin From Net: NetName=A_B101 Pin=ETH3-30
Removed Pin From Net: NetName=A_B102 Pin=ETH3-31
Removed Pin From Net: NetName=A_B103 Pin=ETH3-32
Removed Pin From Net: NetName=A_B104 Pin=ETH3-33
Removed Pin From Net: NetName=A_B105 Pin=ETH3-34
Removed Pin From Net: NetName=A_B106 Pin=ETH3-35
Removed Pin From Net: NetName=A_B107 Pin=ETH3-36
Removed Pin From Net: NetName=A_B108 Pin=ETH3-37
Removed Pin From Net: NetName=A_B109 Pin=ETH3-38
Removed Pin From Net: NetName=A_B110 Pin=ETH3-39
Removed Pin From Net: NetName=A_B111 Pin=ETH3-40
Removed Pin From Net: NetName=DOUT48 Pin=SR2-1
Removed Pin From Net: NetName=DOUT49 Pin=SR2-2
Removed Pin From Net: NetName=DOUT50 Pin=SR2-3
Removed Pin From Net: NetName=DOUT51 Pin=SR2-4
Removed Pin From Net: NetName=DOUT52 Pin=SR2-5
Removed Pin From Net: NetName=DOUT53 Pin=SR2-6
Removed Pin From Net: NetName=DOUT54 Pin=SR2-7
Removed Pin From Net: NetName=DOUT55 Pin=SR2-8
Removed Pin From Net: NetName=BOTTOM2 Pin=SR2-9
Removed Pin From Net: NetName=FPGA_SRCLK Pin=SR2-10
Removed Pin From Net: NetName=FPGA_RCLK Pin=SR2-11
Removed Pin From Net: NetName=BOTTOM2 Pin=SR2-12
Removed Pin From Net: NetName=S1 Pin=SR2-13
Removed Pin From Net: NetName=3V3_W Pin=SR2-15
Added Pin To Net: NetName=DOUT49 Pin=SR2-1
Added Pin To Net: NetName=DOUT50 Pin=SR2-2
Added Pin To Net: NetName=DOUT51 Pin=SR2-3
Added Pin To Net: NetName=DOUT52 Pin=SR2-4
Added Pin To Net: NetName=DOUT53 Pin=SR2-5
Added Pin To Net: NetName=DOUT54 Pin=SR2-6
Added Pin To Net: NetName=DOUT55 Pin=SR2-7
Added Pin To Net: NetName=LEFT5 Pin=SR2-8
Added Pin To Net: NetName=BOTTOM2 Pin=SR2-10
Added Pin To Net: NetName=FPGA_SRCLK Pin=SR2-11
Added Pin To Net: NetName=FPGA_RCLK Pin=SR2-12
Added Pin To Net: NetName=BOTTOM2 Pin=SR2-13
Added Pin To Net: NetName=S1 Pin=SR2-14
Added Pin To Net: NetName=DOUT48 Pin=SR2-15
Added Pin To Net: NetName=3V3_W Pin=SR2-16
Added Pin To Net: NetName=NetSR2_9 Pin=SR2-9
Added Pin To Net: NetName=NetSR2_9 Pin=SR5-14
Added Net: Name=NetSR2_9
Added Pin To Net: NetName=SIGNAL_W96 Pin=ETH3-25
Added Net: Name=SIGNAL_W96
Added Pin To Net: NetName=SIGNAL_W97 Pin=ETH3-26
Added Net: Name=SIGNAL_W97
Added Pin To Net: NetName=SIGNAL_W98 Pin=ETH3-27
Added Net: Name=SIGNAL_W98
Added Pin To Net: NetName=SIGNAL_W99 Pin=ETH3-28
Added Net: Name=SIGNAL_W99
Added Pin To Net: NetName=SIGNAL_W100 Pin=ETH3-29
Added Net: Name=SIGNAL_W100
Added Pin To Net: NetName=SIGNAL_W101 Pin=ETH3-30
Added Net: Name=SIGNAL_W101
Added Pin To Net: NetName=SIGNAL_W102 Pin=ETH3-31
Added Net: Name=SIGNAL_W102
Added Pin To Net: NetName=SIGNAL_W103 Pin=ETH3-32
Added Net: Name=SIGNAL_W103
Added Pin To Net: NetName=SIGNAL_W104 Pin=ETH3-33
Added Net: Name=SIGNAL_W104
Added Pin To Net: NetName=SIGNAL_W105 Pin=ETH3-34
Added Net: Name=SIGNAL_W105
Added Pin To Net: NetName=SIGNAL_W106 Pin=ETH3-35
Added Net: Name=SIGNAL_W106
Added Pin To Net: NetName=SIGNAL_W107 Pin=ETH3-36
Added Net: Name=SIGNAL_W107
Added Pin To Net: NetName=SIGNAL_W108 Pin=ETH3-37
Added Net: Name=SIGNAL_W108
Added Pin To Net: NetName=SIGNAL_W109 Pin=ETH3-38
Added Net: Name=SIGNAL_W109
Added Pin To Net: NetName=SIGNAL_W110 Pin=ETH3-39
Added Net: Name=SIGNAL_W110
Added Pin To Net: NetName=SIGNAL_W111 Pin=ETH3-40
Added Net: Name=SIGNAL_W111
Added Class: Name=SIGNAL_W[111..96]
