Change Net Name : Old Net Name=OTH_W0_U_DUT_HEADER1 New Net Name=BOTTOM0
Change Net Name : Old Net Name=OTH_W0_U_DUT_HEADER3 New Net Name=LEFT0
Change Net Name : Old Net Name=OTH_W0_U_DUT_HEADER4 New Net Name=TOP0
Change Net Name : Old Net Name=OTH_W1_U_DUT_HEADER1 New Net Name=BOTTOM1
Change Net Name : Old Net Name=OTH_W1_U_DUT_HEADER3 New Net Name=LEFT1
Change Net Name : Old Net Name=OTH_W1_U_DUT_HEADER4 New Net Name=TOP1
Change Net Name : Old Net Name=OTH_W2_U_DUT_HEADER1 New Net Name=BOTTOM2
Change Net Name : Old Net Name=OTH_W2_U_DUT_HEADER3 New Net Name=LEFT2
Change Net Name : Old Net Name=OTH_W2_U_DUT_HEADER4 New Net Name=TOP2
Change Net Name : Old Net Name=OTH_W3_U_DUT_HEADER1 New Net Name=BOTTOM3
Change Net Name : Old Net Name=OTH_W3_U_DUT_HEADER3 New Net Name=LEFT3
Change Net Name : Old Net Name=OTH_W3_U_DUT_HEADER4 New Net Name=TOP3
Change Net Name : Old Net Name=OTH_W4_U_DUT_HEADER1 New Net Name=BOTTOM4
Change Net Name : Old Net Name=OTH_W4_U_DUT_HEADER3 New Net Name=LEFT4
Change Net Name : Old Net Name=OTH_W4_U_DUT_HEADER4 New Net Name=TOP4
Change Net Name : Old Net Name=OTH_W5_U_DUT_HEADER1 New Net Name=BOTTOM5
Change Net Name : Old Net Name=OTH_W5_U_DUT_HEADER3 New Net Name=LEFT5
Change Net Name : Old Net Name=OTH_W5_U_DUT_HEADER4 New Net Name=TOP5
Change Net Name : Old Net Name=OTH_W6_U_DUT_HEADER1 New Net Name=BOTTOM6
Change Net Name : Old Net Name=OTH_W6_U_DUT_HEADER3 New Net Name=LEFT6
Change Net Name : Old Net Name=OTH_W6_U_DUT_HEADER4 New Net Name=TOP6
Change Net Name : Old Net Name=OTH_W7_U_DUT_HEADER1 New Net Name=BOTTOM7
Change Net Name : Old Net Name=OTH_W7_U_DUT_HEADER3 New Net Name=LEFT7
Change Net Name : Old Net Name=OTH_W7_U_DUT_HEADER4 New Net Name=TOP7
Added Class: Name=BOTTOM[7..0]
Added Class: Name=LEFT[7..0]
