Removed Pin From Net: NetName=GND Pin=ETH3-17
Removed Pin From Net: NetName=GND Pin=ETH3-18
Removed Pin From Net: NetName=GND Pin=ETH3-19
Removed Pin From Net: NetName=GND Pin=ETH3-20
Removed Pin From Net: NetName=GND Pin=ETH3-21
Removed Pin From Net: NetName=GND Pin=ETH3-22
Removed Pin From Net: NetName=GND Pin=ETH3-23
Removed Pin From Net: NetName=GND Pin=ETH3-24
Removed Pin From Net: NetName=GND Pin=ETH4-11
Removed Pin From Net: NetName=GND Pin=ETH4-30
Removed Pin From Net: NetName=OVCC_B117 Pin=LT1_U_VT_WRP1-12
Removed Pin From Net: NetName=OVCC_B116 Pin=LT1_U_VT_WRP1-13
Removed Pin From Net: NetName=OVCC_B115 Pin=LT1_U_VT_WRP1-14
Removed Pin From Net: NetName=OVCC_B114 Pin=LT1_U_VT_WRP1-15
Removed Pin From Net: NetName=OVCC_B113 Pin=LT1_U_VT_WRP1-16
Removed Pin From Net: NetName=OVCC_B112 Pin=LT1_U_VT_WRP1-17
Removed Pin From Net: NetName=OVCC_B125 Pin=LT2_U_VT_WRP1-12
Removed Pin From Net: NetName=OVCC_B124 Pin=LT2_U_VT_WRP1-13
Removed Pin From Net: NetName=OVCC_B123 Pin=LT2_U_VT_WRP1-14
Removed Pin From Net: NetName=OVCC_B122 Pin=LT2_U_VT_WRP1-15
Removed Pin From Net: NetName=OVCC_B121 Pin=LT2_U_VT_WRP1-16
Removed Pin From Net: NetName=OVCC_B120 Pin=LT2_U_VT_WRP1-17
Removed Pin From Net: NetName=OVCC_B119 Pin=LT2_U_VT_WRP1-18
Removed Pin From Net: NetName=OVCC_B118 Pin=LT2_U_VT_WRP1-20
Removed Member From Class: ClassName=IVL_B[127..0] Member=IVL_B126
Added Pin To Net: NetName=IVL_B127 Pin=ETH3-17
Added Pin To Net: NetName=IVL_B127 Pin=ETH3-18
Added Pin To Net: NetName=IVL_B127 Pin=ETH3-19
Added Pin To Net: NetName=IVL_B127 Pin=ETH3-20
Added Pin To Net: NetName=IVL_B127 Pin=ETH3-21
Added Pin To Net: NetName=IVL_B127 Pin=ETH3-22
Added Pin To Net: NetName=IVL_B127 Pin=ETH3-23
Added Pin To Net: NetName=IVL_B127 Pin=ETH3-24
Added Pin To Net: NetName=IVL_B127 Pin=ETH4-11
Added Pin To Net: NetName=IVL_B127 Pin=ETH4-30
Added Pin To Net: NetName=OVCC_B119 Pin=LT1_U_VT_WRP1-12
Added Pin To Net: NetName=OVCC_B118 Pin=LT1_U_VT_WRP1-13
Added Pin To Net: NetName=OVCC_B117 Pin=LT1_U_VT_WRP1-14
Added Pin To Net: NetName=OVCC_B116 Pin=LT1_U_VT_WRP1-15
Added Pin To Net: NetName=OVCC_B115 Pin=LT1_U_VT_WRP1-16
Added Pin To Net: NetName=OVCC_B114 Pin=LT1_U_VT_WRP1-17
Added Pin To Net: NetName=OVCC_B113 Pin=LT1_U_VT_WRP1-18
Added Pin To Net: NetName=OVCC_B112 Pin=LT1_U_VT_WRP1-20
Added Pin To Net: NetName=IVL_B127 Pin=LT2_U_VT_WRP1-8
Added Pin To Net: NetName=OVCC_B127 Pin=LT2_U_VT_WRP1-12
Added Pin To Net: NetName=OVCC_B126 Pin=LT2_U_VT_WRP1-13
Added Pin To Net: NetName=OVCC_B125 Pin=LT2_U_VT_WRP1-14
Added Pin To Net: NetName=OVCC_B124 Pin=LT2_U_VT_WRP1-15
Added Pin To Net: NetName=OVCC_B123 Pin=LT2_U_VT_WRP1-16
Added Pin To Net: NetName=OVCC_B122 Pin=LT2_U_VT_WRP1-17
Added Pin To Net: NetName=OVCC_B121 Pin=LT2_U_VT_WRP1-18
Added Pin To Net: NetName=OVCC_B120 Pin=LT2_U_VT_WRP1-20
Change Class Name : Old Net Name=U_NumatoConnection New Net Name=U_NUMATO_HDR
