Removed Pin From Net: NetName=IVL_B113 Pin=LT1_U_VT_WRP1-5
Removed Pin From Net: NetName=IVL_B114 Pin=LT1_U_VT_WRP1-6
Removed Pin From Net: NetName=IVL_B115 Pin=LT1_U_VT_WRP1-7
Removed Pin From Net: NetName=IVL_B116 Pin=LT1_U_VT_WRP1-8
Removed Pin From Net: NetName=IVL_B117 Pin=LT1_U_VT_WRP1-9
Removed Pin From Net: NetName=IVL_B118 Pin=LT2_U_VT_WRP1-1
Removed Pin From Net: NetName=IVL_B119 Pin=LT2_U_VT_WRP1-3
Removed Pin From Net: NetName=IVL_B120 Pin=LT2_U_VT_WRP1-4
Removed Pin From Net: NetName=IVL_B121 Pin=LT2_U_VT_WRP1-5
Removed Pin From Net: NetName=IVL_B122 Pin=LT2_U_VT_WRP1-6
Removed Pin From Net: NetName=IVL_B123 Pin=LT2_U_VT_WRP1-7
Added Pin To Net: NetName=IVL_B112 Pin=ETH4-1
Added Pin To Net: NetName=IVL_B113 Pin=LT1_U_VT_WRP1-3
Added Pin To Net: NetName=IVL_B114 Pin=LT1_U_VT_WRP1-4
Added Pin To Net: NetName=IVL_B115 Pin=LT1_U_VT_WRP1-5
Added Pin To Net: NetName=IVL_B116 Pin=LT1_U_VT_WRP1-6
Added Pin To Net: NetName=IVL_B117 Pin=LT1_U_VT_WRP1-7
Added Pin To Net: NetName=IVL_B118 Pin=LT1_U_VT_WRP1-8
Added Pin To Net: NetName=IVL_B119 Pin=LT1_U_VT_WRP1-9
Added Pin To Net: NetName=IVL_B120 Pin=LT2_U_VT_WRP1-1
Added Pin To Net: NetName=IVL_B121 Pin=LT2_U_VT_WRP1-3
Added Pin To Net: NetName=IVL_B122 Pin=LT2_U_VT_WRP1-4
Added Pin To Net: NetName=IVL_B123 Pin=LT2_U_VT_WRP1-5
Added Pin To Net: NetName=IVL_B124 Pin=ETH4-14
Added Pin To Net: NetName=IVL_B124 Pin=LT2_U_VT_WRP1-6
Added Net: Name=IVL_B124
Added Pin To Net: NetName=IVL_B125 Pin=ETH4-15
Added Pin To Net: NetName=IVL_B125 Pin=LT2_U_VT_WRP1-7
Added Net: Name=IVL_B125
Added Class: Name=TSBO[127..112]
Added Member To Class: ClassName=IVL_B[127..0] Member=Element[122]: IVL_B
Added Member To Class: ClassName=IVL_B[127..0] Member=Element[123]: IVL_B
Added Member To Class: ClassName=IVL_B[127..0] Member=Element[124]: IVL_B
Added Member To Class: ClassName=IVL_B[127..0] Member=Element[125]: IVL_B
