Added Component: Designator=BBB_DOWN(BBB_Pin)
Added Pin To Net: NetName=BBB_MMC1_DAT4 Pin=BBB_DOWN-1
Added Pin To Net: NetName=BBB_MMC1_DAT5 Pin=BBB_DOWN-2
Added Pin To Net: NetName=BBB_MMC1_CLK Pin=BBB_DOWN-3
Added Pin To Net: NetName=BBB_MMC1_CMD Pin=BBB_DOWN-4
Added Pin To Net: NetName=BBB_EHRPWM2A Pin=BBB_DOWN-5
Added Pin To Net: NetName=BBB_GPIO_65 Pin=BBB_DOWN-6
Added Pin To Net: NetName=BBB_GPIO_27 Pin=BBB_DOWN-7
Added Pin To Net: NetName=BBB_GPIO_46 Pin=BBB_DOWN-8
Added Pin To Net: NetName=BBB_GPIO_47 Pin=BBB_DOWN-9
Added Pin To Net: NetName=BBB_GPIO_26 Pin=BBB_DOWN-10
Added Pin To Net: NetName=BBB_EHRPWM2B Pin=BBB_DOWN-11
Added Pin To Net: NetName=BBB_GPIO_44 Pin=BBB_DOWN-12
Added Pin To Net: NetName=BBB_GPIO_45 Pin=BBB_DOWN-13
Added Pin To Net: NetName=BBB_GPIO_68 Pin=BBB_DOWN-14
Added Pin To Net: NetName=BBB_GPIO_69 Pin=BBB_DOWN-15
Added Pin To Net: NetName=BBB_GPIO_67 Pin=BBB_DOWN-16
Added Pin To Net: NetName=BBB_GPIO_66 Pin=BBB_DOWN-17
Added Pin To Net: NetName=BBB_MMC1_DAT3 Pin=BBB_DOWN-18
Added Pin To Net: NetName=BBB_MMC1_DAT2 Pin=BBB_DOWN-19
Added Pin To Net: NetName=BBB_MMC1_DAT7 Pin=BBB_DOWN-20
Added Pin To Net: NetName=BBB_MMC1_DAT6 Pin=BBB_DOWN-21
Added Pin To Net: NetName=GND Pin=BBB_DOWN-22
Added Pin To Net: NetName=GND Pin=BBB_DOWN-23
Added Pin To Net: NetName=BBB_DCS_DATA1 Pin=BBB_DOWN-24
Added Pin To Net: NetName=BBB_LCD_DATA0 Pin=BBB_DOWN-25
Added Pin To Net: NetName=BBB_LCD_DATA3 Pin=BBB_DOWN-26
Added Pin To Net: NetName=BBB_LCD_DATA2 Pin=BBB_DOWN-27
Added Pin To Net: NetName=BBB_LCD_DATA5 Pin=BBB_DOWN-28
Added Pin To Net: NetName=BBB_LCD_DATA5 Pin=BBB_DOWN-28
Added Pin To Net: NetName=BBB_LCD_DATA4 Pin=BBB_DOWN-29
Added Pin To Net: NetName=BBB_LCD_DATA7 Pin=BBB_DOWN-30
Added Pin To Net: NetName=BBB_LCD_DATA6 Pin=BBB_DOWN-31
Added Pin To Net: NetName=BBB_LCD_DATA9 Pin=BBB_DOWN-32
Added Pin To Net: NetName=BBB_LCD_DATA8 Pin=BBB_DOWN-33
Added Pin To Net: NetName=BBB_LCD_DATA10 Pin=BBB_DOWN-34
Added Pin To Net: NetName=BBB_LCD_DATA12 Pin=BBB_DOWN-35
Added Pin To Net: NetName=BBB_LCD_DATA11 Pin=BBB_DOWN-36
Added Pin To Net: NetName=BBB_LCD_DATA13 Pin=BBB_DOWN-37
Added Pin To Net: NetName=BBB_LCD_DATA14 Pin=BBB_DOWN-39
Added Pin To Net: NetName=BBB_LCD_AC_BIAS Pin=BBB_DOWN-40
Added Pin To Net: NetName=BBB_LCD_HSYNC Pin=BBB_DOWN-41
Added Pin To Net: NetName=BBB_LCD_PCLK Pin=BBB_DOWN-42
Added Pin To Net: NetName=BBB_LCD_VSYNC Pin=BBB_DOWN-43
Added Pin To Net: NetName=BBB_GPIO_61 Pin=BBB_DOWN-44
Added Pin To Net: NetName=BBB_MMC1_DAT0 Pin=BBB_DOWN-45
Added Pin To Net: NetName=BBB_MMC1_DAT1 Pin=BBB_DOWN-46
Added Pin To Net: NetName=RDY1 Pin=BBB_DOWN-47
Added Pin To Net: NetName=SCLK_W_U_Power_Control2 Pin=BBB_DOWN-48
Added Pin To Net: NetName=DIN0 Pin=BBB_DOWN-49
Added Pin To Net: NetName=BBB_I2C_SDA Pin=BBB_DOWN-50
Added Pin To Net: NetName=BBB_I2C2_SCL Pin=BBB_DOWN-51
Added Pin To Net: NetName=SDO_W_U_Power_Control1 Pin=BBB_DOWN-52
Added Pin To Net: NetName=SPICS0 Pin=BBB_DOWN-53
Added Pin To Net: NetName=BBB_EHRPWM1B Pin=BBB_DOWN-54
Added Pin To Net: NetName=RDY0 Pin=BBB_DOWN-55
Added Pin To Net: NetName=BBB_EHRPWM1A Pin=BBB_DOWN-56
Added Pin To Net: NetName=BBB_GPIO_60 Pin=BBB_DOWN-57
Added Pin To Net: NetName=V_RST Pin=BBB_DOWN-58
Added Pin To Net: NetName=BBB_UART4_RXD Pin=BBB_DOWN-59
Added Pin To Net: NetName=BBB_SYS_RST Pin=BBB_DOWN-60
Added Pin To Net: NetName=BBB_PWR_BUT Pin=BBB_DOWN-61
Added Pin To Net: NetName=BBB_SYS_5V Pin=BBB_DOWN-62
Added Pin To Net: NetName=BBB_SYS_5V Pin=BBB_DOWN-63
Added Pin To Net: NetName=BBB_VDD_5V Pin=BBB_DOWN-64
Added Pin To Net: NetName=BBB_VDD_5V Pin=BBB_DOWN-65
Added Pin To Net: NetName=BBB_VDD_3V3 Pin=BBB_DOWN-66
Added Pin To Net: NetName=BBB_VDD_3V3 Pin=BBB_DOWN-67
Added Pin To Net: NetName=GND Pin=BBB_DOWN-68
Added Pin To Net: NetName=GND Pin=BBB_DOWN-69
Added Pin To Net: NetName=GND Pin=BBB_DOWN-70
Added Pin To Net: NetName=GND Pin=BBB_DOWN-71
Added Pin To Net: NetName=GND Pin=BBB_DOWN-72
Added Pin To Net: NetName=GND Pin=BBB_DOWN-73
Added Pin To Net: NetName=ECAPWMO Pin=BBB_DOWN-74
Added Pin To Net: NetName=GPIO_20 Pin=BBB_DOWN-75
Added Pin To Net: NetName=AIN1 Pin=BBB_DOWN-76
Added Pin To Net: NetName=AIN0 Pin=BBB_DOWN-77
Added Pin To Net: NetName=AIN3 Pin=BBB_DOWN-78
Added Pin To Net: NetName=AIN2 Pin=BBB_DOWN-79
Added Pin To Net: NetName=AIN5 Pin=BBB_DOWN-80
Added Pin To Net: NetName=AIN6 Pin=BBB_DOWN-81
Added Pin To Net: NetName=GND_ADC Pin=BBB_DOWN-82
Added Pin To Net: NetName=AIN4 Pin=BBB_DOWN-83
Added Pin To Net: NetName=VDD_ADC Pin=BBB_DOWN-84
Added Pin To Net: NetName=SPI1_SCLK Pin=BBB_DOWN-85
Added Pin To Net: NetName=SDO_W_U_Power_Control1 Pin=BBB_DOWN-86
Added Pin To Net: NetName=DIN1 Pin=BBB_DOWN-87
Added Pin To Net: NetName=SPICS1 Pin=BBB_DOWN-88
Added Pin To Net: NetName=GPIO_115 Pin=BBB_DOWN-89
Added Pin To Net: NetName=FPGA_RX Pin=BBB_DOWN-90
Added Pin To Net: NetName=GPIO_117 Pin=BBB_DOWN-91
Added Pin To Net: NetName=FPGA_TX Pin=BBB_DOWN-92
Added Pin To Net: NetName=GND Pin=GND-1
Added Pin To Net: NetName=GND Pin=GND-2
Added Pin To Net: NetName=GND Pin=GND-3
Added Pin To Net: NetName=GND Pin=GND-4
Added Pin To Net: NetName=GND Pin=GND-5
Added Pin To Net: NetName=GND Pin=GND-6
Added Pin To Net: NetName=GND Pin=GND-7
Added Pin To Net: NetName=GND Pin=GND-8
Added Pin To Net: NetName=GND Pin=GND-9
Added Pin To Net: NetName=GND Pin=GND-10
Added Member To Class: ClassName=BBB_Board Member=Component BBB_DOWN BBB_Pin
