Removed Pin From Net: NetName=IVL_B0 Pin=ETH1-1
Removed Pin From Net: NetName=IVL_B1 Pin=ETH1-2
Removed Pin From Net: NetName=IVL_B2 Pin=ETH1-3
Removed Pin From Net: NetName=IVL_B3 Pin=ETH1-4
Removed Pin From Net: NetName=IVL_B4 Pin=ETH1-5
Removed Pin From Net: NetName=IVL_B5 Pin=ETH1-6
Removed Pin From Net: NetName=IVL_B6 Pin=ETH1-7
Removed Pin From Net: NetName=IVL_B7 Pin=ETH1-8
Removed Pin From Net: NetName=IVL_B8 Pin=ETH1-9
Removed Pin From Net: NetName=IVL_B9 Pin=ETH1-10
Removed Pin From Net: NetName=IVL_B10 Pin=ETH1-11
Removed Pin From Net: NetName=IVL_B11 Pin=ETH1-12
Removed Pin From Net: NetName=IVL_B12 Pin=ETH1-13
Removed Pin From Net: NetName=IVL_B13 Pin=ETH1-14
Removed Pin From Net: NetName=IVL_B14 Pin=ETH1-15
Removed Pin From Net: NetName=IVL_B15 Pin=ETH1-16
Removed Pin From Net: NetName=IVL_B16 Pin=ETH1-17
Removed Pin From Net: NetName=IVL_B17 Pin=ETH1-18
Removed Pin From Net: NetName=IVL_B18 Pin=ETH1-19
Removed Pin From Net: NetName=IVL_B19 Pin=ETH1-20
Removed Pin From Net: NetName=IVL_B20 Pin=ETH1-21
Removed Pin From Net: NetName=IVL_B21 Pin=ETH1-22
Removed Pin From Net: NetName=IVL_B22 Pin=ETH1-23
Removed Pin From Net: NetName=IVL_B23 Pin=ETH1-24
Removed Pin From Net: NetName=IVL_B24 Pin=ETH1-25
Removed Pin From Net: NetName=IVL_B25 Pin=ETH1-26
Removed Pin From Net: NetName=IVL_B26 Pin=ETH1-27
Removed Pin From Net: NetName=IVL_B27 Pin=ETH1-28
Removed Pin From Net: NetName=IVL_B28 Pin=ETH1-29
Removed Pin From Net: NetName=IVL_B29 Pin=ETH1-30
Removed Pin From Net: NetName=IVL_B30 Pin=ETH1-31
Removed Pin From Net: NetName=IVL_B31 Pin=ETH1-32
Removed Pin From Net: NetName=IVL_B32 Pin=ETH1-33
Removed Pin From Net: NetName=IVL_B33 Pin=ETH1-34
Removed Pin From Net: NetName=IVL_B34 Pin=ETH1-35
Removed Pin From Net: NetName=IVL_B35 Pin=ETH1-36
Removed Pin From Net: NetName=IVL_B36 Pin=ETH1-37
Removed Pin From Net: NetName=IVL_B37 Pin=ETH1-38
Removed Pin From Net: NetName=IVL_B38 Pin=ETH1-39
Removed Pin From Net: NetName=IVL_B39 Pin=ETH1-40
Removed Pin From Net: NetName=IVL_B40 Pin=ETH2-1
Removed Pin From Net: NetName=IVL_B41 Pin=ETH2-2
Removed Pin From Net: NetName=IVL_B42 Pin=ETH2-3
Removed Pin From Net: NetName=IVL_B43 Pin=ETH2-4
Removed Pin From Net: NetName=IVL_B44 Pin=ETH2-5
Removed Pin From Net: NetName=IVL_B45 Pin=ETH2-6
Removed Pin From Net: NetName=IVL_B46 Pin=ETH2-7
Removed Pin From Net: NetName=IVL_B47 Pin=ETH2-8
Removed Pin From Net: NetName=IVL_B48 Pin=ETH2-9
Removed Pin From Net: NetName=IVL_B49 Pin=ETH2-10
Removed Pin From Net: NetName=IVL_B50 Pin=ETH2-11
Removed Pin From Net: NetName=IVL_B51 Pin=ETH2-12
Removed Pin From Net: NetName=IVL_B52 Pin=ETH2-13
Removed Pin From Net: NetName=IVL_B53 Pin=ETH2-14
Removed Pin From Net: NetName=IVL_B54 Pin=ETH2-15
Removed Pin From Net: NetName=IVL_B55 Pin=ETH2-16
Removed Pin From Net: NetName=IVL_B56 Pin=ETH2-17
Removed Pin From Net: NetName=IVL_B57 Pin=ETH2-18
Removed Pin From Net: NetName=IVL_B58 Pin=ETH2-19
Removed Pin From Net: NetName=IVL_B59 Pin=ETH2-20
Removed Pin From Net: NetName=IVL_B60 Pin=ETH2-21
Removed Pin From Net: NetName=IVL_B61 Pin=ETH2-22
Removed Pin From Net: NetName=IVL_B62 Pin=ETH2-23
Removed Pin From Net: NetName=IVL_B63 Pin=ETH2-24
Removed Pin From Net: NetName=IVL_B64 Pin=ETH2-25
Removed Pin From Net: NetName=IVL_B65 Pin=ETH2-26
Removed Pin From Net: NetName=IVL_B66 Pin=ETH2-27
Removed Pin From Net: NetName=IVL_B67 Pin=ETH2-28
Removed Pin From Net: NetName=IVL_B68 Pin=ETH2-29
Removed Pin From Net: NetName=IVL_B69 Pin=ETH2-30
Removed Pin From Net: NetName=IVL_B70 Pin=ETH2-31
Removed Pin From Net: NetName=IVL_B71 Pin=ETH2-32
Removed Pin From Net: NetName=IVL_B72 Pin=ETH2-33
Removed Pin From Net: NetName=IVL_B73 Pin=ETH2-34
Removed Pin From Net: NetName=IVL_B74 Pin=ETH2-35
Removed Pin From Net: NetName=IVL_B75 Pin=ETH2-36
Removed Pin From Net: NetName=IVL_B76 Pin=ETH2-37
Removed Pin From Net: NetName=IVL_B77 Pin=ETH2-38
Removed Pin From Net: NetName=IVL_B78 Pin=ETH2-39
Removed Pin From Net: NetName=IVL_B79 Pin=ETH2-40
Removed Pin From Net: NetName=IVL_B80 Pin=ETH3-1
Removed Pin From Net: NetName=IVL_B81 Pin=ETH3-2
Removed Pin From Net: NetName=IVL_B82 Pin=ETH3-3
Removed Pin From Net: NetName=IVL_B83 Pin=ETH3-4
Removed Pin From Net: NetName=IVL_B84 Pin=ETH3-5
Removed Pin From Net: NetName=IVL_B85 Pin=ETH3-6
Removed Pin From Net: NetName=IVL_B86 Pin=ETH3-7
Removed Pin From Net: NetName=IVL_B87 Pin=ETH3-8
Removed Pin From Net: NetName=IVL_B88 Pin=ETH3-9
Removed Pin From Net: NetName=IVL_B89 Pin=ETH3-10
Removed Pin From Net: NetName=IVL_B90 Pin=ETH3-11
Removed Pin From Net: NetName=IVL_B91 Pin=ETH3-12
Removed Pin From Net: NetName=IVL_B92 Pin=ETH3-13
Removed Pin From Net: NetName=IVL_B93 Pin=ETH3-14
Removed Pin From Net: NetName=IVL_B94 Pin=ETH3-15
Removed Pin From Net: NetName=IVL_B95 Pin=ETH3-16
Removed Pin From Net: NetName=GND Pin=ETH3-17
Removed Pin From Net: NetName=GND Pin=ETH3-18
Removed Pin From Net: NetName=GND Pin=ETH3-19
Removed Pin From Net: NetName=GND Pin=ETH3-20
Removed Pin From Net: NetName=GND Pin=ETH3-21
Removed Pin From Net: NetName=GND Pin=ETH3-22
Removed Pin From Net: NetName=GND Pin=ETH3-23
Removed Pin From Net: NetName=GND Pin=ETH3-24
Removed Pin From Net: NetName=IVL_B96 Pin=ETH3-25
Removed Pin From Net: NetName=IVL_B97 Pin=ETH3-26
Removed Pin From Net: NetName=IVL_B98 Pin=ETH3-27
Removed Pin From Net: NetName=IVL_B99 Pin=ETH3-28
Removed Pin From Net: NetName=IVL_B100 Pin=ETH3-29
Removed Pin From Net: NetName=IVL_B101 Pin=ETH3-30
Removed Pin From Net: NetName=IVL_B102 Pin=ETH3-31
Removed Pin From Net: NetName=IVL_B103 Pin=ETH3-32
Removed Pin From Net: NetName=IVL_B104 Pin=ETH3-33
Removed Pin From Net: NetName=IVL_B105 Pin=ETH3-34
Removed Pin From Net: NetName=IVL_B106 Pin=ETH3-35
Removed Pin From Net: NetName=IVL_B107 Pin=ETH3-36
Removed Pin From Net: NetName=IVL_B108 Pin=ETH3-37
Removed Pin From Net: NetName=IVL_B109 Pin=ETH3-38
Removed Pin From Net: NetName=IVL_B110 Pin=ETH3-39
Removed Pin From Net: NetName=IVL_B111 Pin=ETH3-40
Removed Pin From Net: NetName=IVL_B112 Pin=ETH4-1
Removed Pin From Net: NetName=IVL_B113 Pin=ETH4-2
Removed Pin From Net: NetName=IVL_B114 Pin=ETH4-3
Removed Pin From Net: NetName=IVL_B115 Pin=ETH4-4
Removed Pin From Net: NetName=IVL_B116 Pin=ETH4-5
Removed Pin From Net: NetName=IVL_B117 Pin=ETH4-6
Removed Pin From Net: NetName=IVL_B118 Pin=ETH4-7
Removed Pin From Net: NetName=IVL_B119 Pin=ETH4-8
Removed Pin From Net: NetName=IVL_B120 Pin=ETH4-9
Removed Pin From Net: NetName=IVL_B121 Pin=ETH4-10
Removed Pin From Net: NetName=GND Pin=ETH4-11
Removed Pin From Net: NetName=IVL_B122 Pin=ETH4-12
Removed Pin From Net: NetName=IVL_B123 Pin=ETH4-13
Removed Pin From Net: NetName=IVL_B124 Pin=ETH4-14
Removed Pin From Net: NetName=IVL_B125 Pin=ETH4-15
Removed Pin From Net: NetName=FPGA_RX Pin=ETH4-16
Removed Pin From Net: NetName=FPGA_TX Pin=ETH4-17
Removed Pin From Net: NetName=FPGA_Q Pin=ETH4-18
Removed Pin From Net: NetName=COUNTER_CLK3 Pin=ETH4-21
Removed Pin From Net: NetName=COUNTER_CLK2 Pin=ETH4-22
Removed Pin From Net: NetName=FPGA_~WE3 Pin=ETH4-23
Removed Pin From Net: NetName=FPGA_~CS3 Pin=ETH4-24
Removed Pin From Net: NetName=COUNTER_CLK1 Pin=ETH4-25
Removed Pin From Net: NetName=FPGA_~WE2 Pin=ETH4-26
Removed Pin From Net: NetName=FPGA_~CS2 Pin=ETH4-27
Removed Pin From Net: NetName=FPGA_STCP Pin=ETH4-28
Removed Pin From Net: NetName=FPGA_SHCP Pin=ETH4-29
Removed Pin From Net: NetName=GND Pin=ETH4-30
Removed Pin From Net: NetName=FPGA_~PL Pin=ETH4-31
Removed Pin From Net: NetName=FPGA_~MR Pin=ETH4-32
Removed Pin From Net: NetName=FPGA_~WE4 Pin=ETH4-33
Removed Pin From Net: NetName=FPGA_~CS4 Pin=ETH4-34
Removed Pin From Net: NetName=COUNTER_CLK0 Pin=ETH4-35
Removed Pin From Net: NetName=COUNTER_CLR Pin=ETH4-36
Removed Pin From Net: NetName=EN Pin=ETH4-37
Removed Pin From Net: NetName=FPGA_~WE1 Pin=ETH4-38
Removed Pin From Net: NetName=FPGA_~OE Pin=ETH4-39
Removed Pin From Net: NetName=FPGA_~CS1 Pin=ETH4-40
Added Pin To Net: NetName=NetR1_2 Pin=R1-2
Added Pin To Net: NetName=NetR1_2 Pin=S1-2
Added Net: Name=NetR1_2
