Removed Pin From Net: NetName=OUT1_U_Power_Control1 Pin=POT_U_Power_Control1-3
Removed Pin From Net: NetName=Net1uF_2_U_Power_Control1_2 Pin=POT_U_Power_Control1-4
Removed Pin From Net: NetName=OUT1_U_Power_Control2 Pin=POT_U_Power_Control2-3
Removed Pin From Net: NetName=Net1uF_2_U_Power_Control2_2 Pin=POT_U_Power_Control2-4
Removed Member From Class: ClassName=IVL_B[127..0] Member=IVL_B0
Removed Member From Class: ClassName=IVL_B[127..0] Member=IVL_B1
Removed Member From Class: ClassName=IVL_B[127..0] Member=IVL_B2
Removed Member From Class: ClassName=IVL_B[127..0] Member=IVL_B3
Removed Member From Class: ClassName=IVL_B[127..0] Member=IVL_B4
Removed Member From Class: ClassName=IVL_B[127..0] Member=IVL_B5
Removed Member From Class: ClassName=IVL_B[127..0] Member=IVL_B6
Removed Member From Class: ClassName=IVL_B[127..0] Member=IVL_B7
Removed Member From Class: ClassName=IVL_B[127..0] Member=IVL_B8
Removed Member From Class: ClassName=IVL_B[127..0] Member=IVL_B9
Removed Member From Class: ClassName=IVL_B[127..0] Member=IVL_B10
Removed Member From Class: ClassName=IVL_B[127..0] Member=IVL_B11
Removed Member From Class: ClassName=IVL_B[127..0] Member=IVL_B12
Removed Member From Class: ClassName=IVL_B[127..0] Member=IVL_B13
Removed Member From Class: ClassName=IVL_B[127..0] Member=IVL_B14
Removed Member From Class: ClassName=IVL_B[127..0] Member=IVL_B15
Removed Member From Class: ClassName=IVL_B[127..0] Member=IVL_B16
Removed Member From Class: ClassName=IVL_B[127..0] Member=IVL_B17
Removed Member From Class: ClassName=IVL_B[127..0] Member=IVL_B18
Removed Member From Class: ClassName=IVL_B[127..0] Member=IVL_B19
Removed Member From Class: ClassName=IVL_B[127..0] Member=IVL_B20
Removed Member From Class: ClassName=IVL_B[127..0] Member=IVL_B21
Removed Member From Class: ClassName=IVL_B[127..0] Member=IVL_B22
Removed Member From Class: ClassName=IVL_B[127..0] Member=IVL_B23
Removed Member From Class: ClassName=IVL_B[127..0] Member=IVL_B24
Removed Member From Class: ClassName=IVL_B[127..0] Member=IVL_B25
Removed Member From Class: ClassName=IVL_B[127..0] Member=IVL_B26
Removed Member From Class: ClassName=IVL_B[127..0] Member=IVL_B27
Removed Member From Class: ClassName=IVL_B[127..0] Member=IVL_B28
Removed Member From Class: ClassName=IVL_B[127..0] Member=IVL_B29
Removed Member From Class: ClassName=IVL_B[127..0] Member=IVL_B30
Removed Member From Class: ClassName=IVL_B[127..0] Member=IVL_B31
Removed Member From Class: ClassName=IVL_B[127..0] Member=IVL_B32
Removed Member From Class: ClassName=IVL_B[127..0] Member=IVL_B33
Removed Member From Class: ClassName=IVL_B[127..0] Member=IVL_B34
Removed Member From Class: ClassName=IVL_B[127..0] Member=IVL_B35
Removed Member From Class: ClassName=IVL_B[127..0] Member=IVL_B36
Removed Member From Class: ClassName=IVL_B[127..0] Member=IVL_B37
Removed Member From Class: ClassName=IVL_B[127..0] Member=IVL_B38
Removed Member From Class: ClassName=IVL_B[127..0] Member=IVL_B39
Removed Member From Class: ClassName=IVL_B[127..0] Member=IVL_B40
Removed Member From Class: ClassName=IVL_B[127..0] Member=IVL_B41
Removed Member From Class: ClassName=IVL_B[127..0] Member=IVL_B42
Removed Member From Class: ClassName=IVL_B[127..0] Member=IVL_B43
Removed Member From Class: ClassName=IVL_B[127..0] Member=IVL_B44
Removed Member From Class: ClassName=IVL_B[127..0] Member=IVL_B45
Removed Member From Class: ClassName=IVL_B[127..0] Member=IVL_B46
Removed Member From Class: ClassName=IVL_B[127..0] Member=IVL_B47
Removed Member From Class: ClassName=IVL_B[127..0] Member=IVL_B48
Removed Member From Class: ClassName=IVL_B[127..0] Member=IVL_B49
Removed Member From Class: ClassName=IVL_B[127..0] Member=IVL_B50
Removed Member From Class: ClassName=IVL_B[127..0] Member=IVL_B51
Removed Member From Class: ClassName=IVL_B[127..0] Member=IVL_B52
Removed Member From Class: ClassName=IVL_B[127..0] Member=IVL_B53
Removed Member From Class: ClassName=IVL_B[127..0] Member=IVL_B54
Removed Member From Class: ClassName=IVL_B[127..0] Member=IVL_B55
Removed Member From Class: ClassName=IVL_B[127..0] Member=IVL_B56
Removed Member From Class: ClassName=IVL_B[127..0] Member=IVL_B57
Removed Member From Class: ClassName=IVL_B[127..0] Member=IVL_B58
Removed Member From Class: ClassName=IVL_B[127..0] Member=IVL_B59
Removed Member From Class: ClassName=IVL_B[127..0] Member=IVL_B60
Removed Member From Class: ClassName=IVL_B[127..0] Member=IVL_B61
Removed Member From Class: ClassName=IVL_B[127..0] Member=IVL_B62
Removed Member From Class: ClassName=IVL_B[127..0] Member=IVL_B63
Removed Member From Class: ClassName=IVL_B[127..0] Member=IVL_B64
Removed Member From Class: ClassName=IVL_B[127..0] Member=IVL_B65
Removed Member From Class: ClassName=IVL_B[127..0] Member=IVL_B66
Removed Member From Class: ClassName=IVL_B[127..0] Member=IVL_B67
Removed Member From Class: ClassName=IVL_B[127..0] Member=IVL_B68
Removed Member From Class: ClassName=IVL_B[127..0] Member=IVL_B69
Removed Member From Class: ClassName=IVL_B[127..0] Member=IVL_B70
Removed Member From Class: ClassName=IVL_B[127..0] Member=IVL_B71
Removed Member From Class: ClassName=IVL_B[127..0] Member=IVL_B72
Removed Member From Class: ClassName=IVL_B[127..0] Member=IVL_B73
Removed Member From Class: ClassName=IVL_B[127..0] Member=IVL_B74
Removed Member From Class: ClassName=IVL_B[127..0] Member=IVL_B75
Removed Member From Class: ClassName=IVL_B[127..0] Member=IVL_B76
Removed Member From Class: ClassName=IVL_B[127..0] Member=IVL_B77
Removed Member From Class: ClassName=IVL_B[127..0] Member=IVL_B78
Removed Member From Class: ClassName=IVL_B[127..0] Member=IVL_B79
Removed Member From Class: ClassName=IVL_B[127..0] Member=IVL_B80
Removed Member From Class: ClassName=IVL_B[127..0] Member=IVL_B81
Removed Member From Class: ClassName=IVL_B[127..0] Member=IVL_B82
Removed Member From Class: ClassName=IVL_B[127..0] Member=IVL_B83
Removed Member From Class: ClassName=IVL_B[127..0] Member=IVL_B84
Removed Member From Class: ClassName=IVL_B[127..0] Member=IVL_B85
Removed Member From Class: ClassName=IVL_B[127..0] Member=IVL_B86
Removed Member From Class: ClassName=IVL_B[127..0] Member=IVL_B87
Removed Member From Class: ClassName=IVL_B[127..0] Member=IVL_B88
Removed Member From Class: ClassName=IVL_B[127..0] Member=IVL_B89
Removed Member From Class: ClassName=IVL_B[127..0] Member=IVL_B90
Removed Member From Class: ClassName=IVL_B[127..0] Member=IVL_B91
Removed Member From Class: ClassName=IVL_B[127..0] Member=IVL_B92
Removed Member From Class: ClassName=IVL_B[127..0] Member=IVL_B93
Removed Member From Class: ClassName=IVL_B[127..0] Member=IVL_B94
Removed Member From Class: ClassName=IVL_B[127..0] Member=IVL_B95
Removed Member From Class: ClassName=IVL_B[127..0] Member=IVL_B96
Removed Member From Class: ClassName=IVL_B[127..0] Member=IVL_B97
Removed Member From Class: ClassName=IVL_B[127..0] Member=IVL_B98
Removed Member From Class: ClassName=IVL_B[127..0] Member=IVL_B99
Removed Member From Class: ClassName=IVL_B[127..0] Member=IVL_B100
Removed Member From Class: ClassName=IVL_B[127..0] Member=IVL_B101
Removed Member From Class: ClassName=IVL_B[127..0] Member=IVL_B102
Removed Member From Class: ClassName=IVL_B[127..0] Member=IVL_B103
Removed Member From Class: ClassName=IVL_B[127..0] Member=IVL_B104
Removed Member From Class: ClassName=IVL_B[127..0] Member=IVL_B105
Removed Member From Class: ClassName=IVL_B[127..0] Member=IVL_B106
Removed Member From Class: ClassName=IVL_B[127..0] Member=IVL_B107
Removed Member From Class: ClassName=IVL_B[127..0] Member=IVL_B108
Removed Member From Class: ClassName=IVL_B[127..0] Member=IVL_B109
Removed Member From Class: ClassName=IVL_B[127..0] Member=IVL_B110
Removed Member From Class: ClassName=IVL_B[127..0] Member=IVL_B111
Removed Member From Class: ClassName=IVL_B[127..0] Member=IVL_B112
Removed Member From Class: ClassName=IVL_B[127..0] Member=IVL_B113
Removed Member From Class: ClassName=IVL_B[127..0] Member=IVL_B114
Removed Member From Class: ClassName=IVL_B[127..0] Member=IVL_B115
Removed Member From Class: ClassName=IVL_B[127..0] Member=IVL_B116
Removed Member From Class: ClassName=IVL_B[127..0] Member=IVL_B117
Removed Member From Class: ClassName=IVL_B[127..0] Member=IVL_B118
Removed Member From Class: ClassName=IVL_B[127..0] Member=IVL_B119
Removed Member From Class: ClassName=IVL_B[127..0] Member=IVL_B120
Removed Member From Class: ClassName=IVL_B[127..0] Member=IVL_B121
Removed Member From Class: ClassName=IVL_B[127..0] Member=IVL_B122
Removed Member From Class: ClassName=IVL_B[127..0] Member=IVL_B123
Removed Member From Class: ClassName=IVL_B[127..0] Member=IVL_B124
Removed Member From Class: ClassName=IVL_B[127..0] Member=IVL_B125
Removed Member From Class: ClassName=IVL_B[127..0] Member=IVL_B126
Removed Member From Class: ClassName=IVL_B[127..0] Member=IVL_B127
Change Component Designator: OldDesignator=1uF_4_U_Power_Control1 NewDesignator=0.1uF_4_U_Power_Control1
Change Component Designator: OldDesignator=1uF_4_U_Power_Control2 NewDesignator=0.1uF_4_U_Power_Control2
Change Component Designator: OldDesignator=1uF_5_U_Power_Control1 NewDesignator=0.1uF_5_U_Power_Control1
Change Component Designator: OldDesignator=1uF_5_U_Power_Control2 NewDesignator=0.1uF_5_U_Power_Control2
Change Component Designator: OldDesignator=GND1 NewDesignator=GND_PINS1
Change Component Designator: OldDesignator=GND2 NewDesignator=GND_PINS2
Added Component: Designator=0.1uF_0_U_VT_WRP1(0.1uF_0603)
Added Component: Designator=0.1uF_0_U_VT_WRP2(0.1uF_0603)
Added Component: Designator=0.1uF_0_U_VT_WRP5(0.1uF_0603)
Added Component: Designator=0.1uF_0_U_VT_WRP6(0.1uF_0603)
Added Component: Designator=0.1uF_0_U_VT_WRP7(0.1uF_0603)
Added Component: Designator=0.1uF_1_U_VT_WRP4(0.1uF_0603)
Added Component: Designator=0.1uF_1_U_VT_WRP5(0.1uF_0603)
Added Component: Designator=0.1uF_1_U_VT_WRP6(0.1uF_0603)
Added Component: Designator=0.1uF_3_U_VT_WRP3(0.1uF_0603)
Added Component: Designator=0.1uF_3_U_VT_WRP4(0.1uF_0603)
Added Component: Designator=0.1uF_4_U_VT_WRP2(0.1uF_0603)
Added Component: Designator=0.1uF_4_U_VT_WRP3(0.1uF_0603)
Added Component: Designator=0.1uF_4_U_VT_WRP4(0.1uF_0603)
Added Component: Designator=0.1uF_4_U_VT_WRP6(0.1uF_0603)
Added Component: Designator=0.1uF_4_U_VT_WRP7(0.1uF_0603)
Added Component: Designator=0.1uF_4_U_VT_WRP8(0.1uF_0603)
Added Component: Designator=3V3_PINS(HDR1X10)
Added Component: Designator=5V_PINS(HDR1X10)
Added Component: Designator=10k_U_Power_Control1(0.1uF_0603)
Added Component: Designator=10k_U_Power_Control2(0.1uF_0603)
Added Component: Designator=10uF_0(0.1uF_0603)
Added Component: Designator=10uF_1(0.1uF_0603)
Added Component: Designator=12V(CP-002BHPJCT-ND)
Added Component: Designator=100nF_0(0.1uF_0603)
Added Component: Designator=100nF_1(0.1uF_0603)
Added Component: Designator=PC7(0.1uF_0603)
Added Component: Designator=PC8(0.1uF_0603)
Added Component: Designator=VR_3V3(volt_reg)
Added Component: Designator=VR_5V(volt_reg)
Added Pin To Net: NetName=GLOBAL_3V3 Pin=0.1uF_0_U_VT_WRP1-1
Added Pin To Net: NetName=GLOBAL_LOW_POWER Pin=0.1uF_0_U_VT_WRP1-2
Added Pin To Net: NetName=GLOBAL_3V3 Pin=0.1uF_0_U_VT_WRP2-1
Added Pin To Net: NetName=GLOBAL_LOW_POWER Pin=0.1uF_0_U_VT_WRP2-2
Added Pin To Net: NetName=GLOBAL_3V3 Pin=0.1uF_0_U_VT_WRP5-1
Added Pin To Net: NetName=GLOBAL_LOW_POWER Pin=0.1uF_0_U_VT_WRP5-2
Added Pin To Net: NetName=GLOBAL_3V3 Pin=0.1uF_0_U_VT_WRP6-1
Added Pin To Net: NetName=GLOBAL_LOW_POWER Pin=0.1uF_0_U_VT_WRP6-2
Added Pin To Net: NetName=GLOBAL_3V3 Pin=0.1uF_0_U_VT_WRP7-1
Added Pin To Net: NetName=GLOBAL_LOW_POWER Pin=0.1uF_0_U_VT_WRP7-2
Added Pin To Net: NetName=GLOBAL_3V3 Pin=0.1uF_1_U_VT_WRP4-1
Added Pin To Net: NetName=GLOBAL_LOW_POWER Pin=0.1uF_1_U_VT_WRP4-2
Added Pin To Net: NetName=GLOBAL_3V3 Pin=0.1uF_1_U_VT_WRP5-1
Added Pin To Net: NetName=GLOBAL_LOW_POWER Pin=0.1uF_1_U_VT_WRP5-2
Added Pin To Net: NetName=GLOBAL_3V3 Pin=0.1uF_1_U_VT_WRP6-1
Added Pin To Net: NetName=GLOBAL_LOW_POWER Pin=0.1uF_1_U_VT_WRP6-2
Added Pin To Net: NetName=GLOBAL_HIGH_POWER Pin=0.1uF_3_U_VT_WRP3-1
Added Pin To Net: NetName=GLOBAL_LOW_POWER Pin=0.1uF_3_U_VT_WRP3-2
Added Pin To Net: NetName=GLOBAL_HIGH_POWER Pin=0.1uF_3_U_VT_WRP4-1
Added Pin To Net: NetName=GLOBAL_LOW_POWER Pin=0.1uF_3_U_VT_WRP4-2
Added Pin To Net: NetName=GLOBAL_HIGH_POWER Pin=0.1uF_4_U_VT_WRP2-1
Added Pin To Net: NetName=GLOBAL_LOW_POWER Pin=0.1uF_4_U_VT_WRP2-2
Added Pin To Net: NetName=GLOBAL_HIGH_POWER Pin=0.1uF_4_U_VT_WRP3-1
Added Pin To Net: NetName=GLOBAL_LOW_POWER Pin=0.1uF_4_U_VT_WRP3-2
Added Pin To Net: NetName=GLOBAL_HIGH_POWER Pin=0.1uF_4_U_VT_WRP4-1
Added Pin To Net: NetName=GLOBAL_LOW_POWER Pin=0.1uF_4_U_VT_WRP4-2
Added Pin To Net: NetName=GLOBAL_HIGH_POWER Pin=0.1uF_4_U_VT_WRP6-1
Added Pin To Net: NetName=GLOBAL_LOW_POWER Pin=0.1uF_4_U_VT_WRP6-2
Added Pin To Net: NetName=GLOBAL_HIGH_POWER Pin=0.1uF_4_U_VT_WRP7-1
Added Pin To Net: NetName=GLOBAL_LOW_POWER Pin=0.1uF_4_U_VT_WRP7-2
Added Pin To Net: NetName=GLOBAL_HIGH_POWER Pin=0.1uF_4_U_VT_WRP8-1
Added Pin To Net: NetName=GLOBAL_LOW_POWER Pin=0.1uF_4_U_VT_WRP8-2
Added Pin To Net: NetName=GLOBAL_3V3 Pin=3V3_PINS-1
Added Pin To Net: NetName=GLOBAL_3V3 Pin=3V3_PINS-2
Added Pin To Net: NetName=GLOBAL_3V3 Pin=3V3_PINS-3
Added Pin To Net: NetName=GLOBAL_3V3 Pin=3V3_PINS-4
Added Pin To Net: NetName=GLOBAL_3V3 Pin=3V3_PINS-5
Added Pin To Net: NetName=GLOBAL_3V3 Pin=3V3_PINS-6
Added Pin To Net: NetName=GLOBAL_3V3 Pin=3V3_PINS-7
Added Pin To Net: NetName=GLOBAL_3V3 Pin=3V3_PINS-8
Added Pin To Net: NetName=GLOBAL_3V3 Pin=3V3_PINS-9
Added Pin To Net: NetName=GLOBAL_3V3 Pin=3V3_PINS-10
Added Pin To Net: NetName=DUT_HIGH_BACKUP Pin=5V_PINS-1
Added Pin To Net: NetName=DUT_HIGH_BACKUP Pin=5V_PINS-2
Added Pin To Net: NetName=DUT_HIGH_BACKUP Pin=5V_PINS-3
Added Pin To Net: NetName=DUT_HIGH_BACKUP Pin=5V_PINS-4
Added Pin To Net: NetName=DUT_HIGH_BACKUP Pin=5V_PINS-5
Added Pin To Net: NetName=DUT_HIGH_BACKUP Pin=5V_PINS-6
Added Pin To Net: NetName=DUT_HIGH_BACKUP Pin=5V_PINS-7
Added Pin To Net: NetName=DUT_HIGH_BACKUP Pin=5V_PINS-8
Added Pin To Net: NetName=DUT_HIGH_BACKUP Pin=5V_PINS-9
Added Pin To Net: NetName=DUT_HIGH_BACKUP Pin=5V_PINS-10
Added Pin To Net: NetName=SDO_W_U_Power_Control1 Pin=10k_U_Power_Control1-1
Added Pin To Net: NetName=GLOBAL_3V3 Pin=10k_U_Power_Control1-2
Added Pin To Net: NetName=SDO_W_U_Power_Control2 Pin=10k_U_Power_Control2-1
Added Pin To Net: NetName=GLOBAL_3V3 Pin=10k_U_Power_Control2-2
Added Pin To Net: NetName=GND Pin=10uF_0-1
Added Pin To Net: NetName=GND Pin=10uF_1-1
Added Pin To Net: NetName=12V_W_U_Power_Control1 Pin=12V-1
Added Pin To Net: NetName=12V_W_U_Power_Control1 Pin=12V-1
Added Pin To Net: NetName=GND Pin=12V-2
Added Pin To Net: NetName=GND Pin=12V-2
Added Pin To Net: NetName=GND Pin=100nF_0-1
Added Pin To Net: NetName=GND Pin=100nF_1-1
Added Pin To Net: NetName=GND Pin=PC8-1
Added Pin To Net: NetName=-5V_W_U_Power_Control1 Pin=PC8-2
Added Pin To Net: NetName=Net1uF_2_U_Power_Control1_2 Pin=POT_U_Power_Control1-3
Added Pin To Net: NetName=OUT1_U_Power_Control1 Pin=POT_U_Power_Control1-4
Added Pin To Net: NetName=Net1uF_2_U_Power_Control2_2 Pin=POT_U_Power_Control2-3
Added Pin To Net: NetName=OUT1_U_Power_Control2 Pin=POT_U_Power_Control2-4
Added Pin To Net: NetName=GND Pin=VR_3V3-1
Added Pin To Net: NetName=GLOBAL_3V3 Pin=VR_3V3-2
Added Pin To Net: NetName=GLOBAL_3V3 Pin=VR_3V3-4
Added Pin To Net: NetName=GND Pin=VR_5V-1
Added Pin To Net: NetName=DUT_HIGH_BACKUP Pin=VR_5V-2
Added Pin To Net: NetName=DUT_HIGH_BACKUP Pin=VR_5V-4
Change Net Name : Old Net Name=DUT_HIGH_BACKUP New Net Name=GLOBAL_5V
Change Net Name : Old Net Name=EN New Net Name=FPGA_EN
Change Net Name : Old Net Name=GLOBAL_3V3 New Net Name=3V3_W_U_Power_Control1
Change Net Name : Old Net Name=IVL_B0 New Net Name=FPGA_SIG0
Change Net Name : Old Net Name=IVL_B1 New Net Name=FPGA_SIG1
Change Net Name : Old Net Name=IVL_B2 New Net Name=FPGA_SIG2
Change Net Name : Old Net Name=IVL_B3 New Net Name=FPGA_SIG3
Change Net Name : Old Net Name=IVL_B4 New Net Name=FPGA_SIG4
Change Net Name : Old Net Name=IVL_B5 New Net Name=FPGA_SIG5
Change Net Name : Old Net Name=IVL_B6 New Net Name=FPGA_SIG6
Change Net Name : Old Net Name=IVL_B7 New Net Name=FPGA_SIG7
Change Net Name : Old Net Name=IVL_B8 New Net Name=FPGA_SIG8
Change Net Name : Old Net Name=IVL_B9 New Net Name=FPGA_SIG9
Change Net Name : Old Net Name=IVL_B10 New Net Name=FPGA_SIG10
Change Net Name : Old Net Name=IVL_B11 New Net Name=FPGA_SIG11
Change Net Name : Old Net Name=IVL_B12 New Net Name=FPGA_SIG12
Change Net Name : Old Net Name=IVL_B13 New Net Name=FPGA_SIG13
Change Net Name : Old Net Name=IVL_B14 New Net Name=FPGA_SIG14
Change Net Name : Old Net Name=IVL_B15 New Net Name=FPGA_SIG15
Change Net Name : Old Net Name=IVL_B16 New Net Name=FPGA_SIG16
Change Net Name : Old Net Name=IVL_B17 New Net Name=FPGA_SIG17
Change Net Name : Old Net Name=IVL_B18 New Net Name=FPGA_SIG18
Change Net Name : Old Net Name=IVL_B19 New Net Name=FPGA_SIG19
Change Net Name : Old Net Name=IVL_B20 New Net Name=FPGA_SIG20
Change Net Name : Old Net Name=IVL_B21 New Net Name=FPGA_SIG21
Change Net Name : Old Net Name=IVL_B22 New Net Name=FPGA_SIG22
Change Net Name : Old Net Name=IVL_B23 New Net Name=FPGA_SIG23
Change Net Name : Old Net Name=IVL_B24 New Net Name=FPGA_SIG24
Change Net Name : Old Net Name=IVL_B25 New Net Name=FPGA_SIG25
Change Net Name : Old Net Name=IVL_B26 New Net Name=FPGA_SIG26
Change Net Name : Old Net Name=IVL_B27 New Net Name=FPGA_SIG27
Change Net Name : Old Net Name=IVL_B28 New Net Name=FPGA_SIG28
Change Net Name : Old Net Name=IVL_B29 New Net Name=FPGA_SIG29
Change Net Name : Old Net Name=IVL_B30 New Net Name=FPGA_SIG30
Change Net Name : Old Net Name=IVL_B31 New Net Name=FPGA_SIG31
Change Net Name : Old Net Name=IVL_B32 New Net Name=FPGA_SIG32
Change Net Name : Old Net Name=IVL_B33 New Net Name=FPGA_SIG33
Change Net Name : Old Net Name=IVL_B34 New Net Name=FPGA_SIG34
Change Net Name : Old Net Name=IVL_B35 New Net Name=FPGA_SIG35
Change Net Name : Old Net Name=IVL_B36 New Net Name=FPGA_SIG36
Change Net Name : Old Net Name=IVL_B37 New Net Name=FPGA_SIG37
Change Net Name : Old Net Name=IVL_B38 New Net Name=FPGA_SIG38
Change Net Name : Old Net Name=IVL_B39 New Net Name=FPGA_SIG39
Change Net Name : Old Net Name=IVL_B40 New Net Name=FPGA_SIG40
Change Net Name : Old Net Name=IVL_B41 New Net Name=FPGA_SIG41
Change Net Name : Old Net Name=IVL_B42 New Net Name=FPGA_SIG42
Change Net Name : Old Net Name=IVL_B43 New Net Name=FPGA_SIG43
Change Net Name : Old Net Name=IVL_B44 New Net Name=FPGA_SIG44
Change Net Name : Old Net Name=IVL_B45 New Net Name=FPGA_SIG45
Change Net Name : Old Net Name=IVL_B46 New Net Name=FPGA_SIG46
Change Net Name : Old Net Name=IVL_B47 New Net Name=FPGA_SIG47
Change Net Name : Old Net Name=IVL_B48 New Net Name=FPGA_SIG48
Change Net Name : Old Net Name=IVL_B49 New Net Name=FPGA_SIG49
Change Net Name : Old Net Name=IVL_B50 New Net Name=FPGA_SIG50
Change Net Name : Old Net Name=IVL_B51 New Net Name=FPGA_SIG51
Change Net Name : Old Net Name=IVL_B52 New Net Name=FPGA_SIG52
Change Net Name : Old Net Name=IVL_B53 New Net Name=FPGA_SIG53
Change Net Name : Old Net Name=IVL_B54 New Net Name=FPGA_SIG54
Change Net Name : Old Net Name=IVL_B55 New Net Name=FPGA_SIG55
Change Net Name : Old Net Name=IVL_B56 New Net Name=FPGA_SIG56
Change Net Name : Old Net Name=IVL_B57 New Net Name=FPGA_SIG57
Change Net Name : Old Net Name=IVL_B58 New Net Name=FPGA_SIG58
Change Net Name : Old Net Name=IVL_B59 New Net Name=FPGA_SIG59
Change Net Name : Old Net Name=IVL_B60 New Net Name=FPGA_SIG60
Change Net Name : Old Net Name=IVL_B61 New Net Name=FPGA_SIG61
Change Net Name : Old Net Name=IVL_B62 New Net Name=FPGA_SIG62
Change Net Name : Old Net Name=IVL_B63 New Net Name=FPGA_SIG63
Change Net Name : Old Net Name=IVL_B64 New Net Name=FPGA_SIG64
Change Net Name : Old Net Name=IVL_B65 New Net Name=FPGA_SIG65
Change Net Name : Old Net Name=IVL_B66 New Net Name=FPGA_SIG66
Change Net Name : Old Net Name=IVL_B67 New Net Name=FPGA_SIG67
Change Net Name : Old Net Name=IVL_B68 New Net Name=FPGA_SIG68
Change Net Name : Old Net Name=IVL_B69 New Net Name=FPGA_SIG69
Change Net Name : Old Net Name=IVL_B70 New Net Name=FPGA_SIG70
Change Net Name : Old Net Name=IVL_B71 New Net Name=FPGA_SIG71
Change Net Name : Old Net Name=IVL_B72 New Net Name=FPGA_SIG72
Change Net Name : Old Net Name=IVL_B73 New Net Name=FPGA_SIG73
Change Net Name : Old Net Name=IVL_B74 New Net Name=FPGA_SIG74
Change Net Name : Old Net Name=IVL_B75 New Net Name=FPGA_SIG75
Change Net Name : Old Net Name=IVL_B76 New Net Name=FPGA_SIG76
Change Net Name : Old Net Name=IVL_B77 New Net Name=FPGA_SIG77
Change Net Name : Old Net Name=IVL_B78 New Net Name=FPGA_SIG78
Change Net Name : Old Net Name=IVL_B79 New Net Name=FPGA_SIG79
Change Net Name : Old Net Name=IVL_B80 New Net Name=FPGA_SIG80
Change Net Name : Old Net Name=IVL_B81 New Net Name=FPGA_SIG81
Change Net Name : Old Net Name=IVL_B82 New Net Name=FPGA_SIG82
Change Net Name : Old Net Name=IVL_B83 New Net Name=FPGA_SIG83
Change Net Name : Old Net Name=IVL_B84 New Net Name=FPGA_SIG84
Change Net Name : Old Net Name=IVL_B85 New Net Name=FPGA_SIG85
Change Net Name : Old Net Name=IVL_B86 New Net Name=FPGA_SIG86
Change Net Name : Old Net Name=IVL_B87 New Net Name=FPGA_SIG87
Change Net Name : Old Net Name=IVL_B88 New Net Name=FPGA_SIG88
Change Net Name : Old Net Name=IVL_B89 New Net Name=FPGA_SIG89
Change Net Name : Old Net Name=IVL_B90 New Net Name=FPGA_SIG90
Change Net Name : Old Net Name=IVL_B91 New Net Name=FPGA_SIG91
Change Net Name : Old Net Name=IVL_B92 New Net Name=FPGA_SIG92
Change Net Name : Old Net Name=IVL_B93 New Net Name=FPGA_SIG93
Change Net Name : Old Net Name=IVL_B94 New Net Name=FPGA_SIG94
Change Net Name : Old Net Name=IVL_B95 New Net Name=FPGA_SIG95
Change Net Name : Old Net Name=IVL_B96 New Net Name=FPGA_SIG96
Change Net Name : Old Net Name=IVL_B97 New Net Name=FPGA_SIG97
Change Net Name : Old Net Name=IVL_B98 New Net Name=FPGA_SIG98
Change Net Name : Old Net Name=IVL_B99 New Net Name=FPGA_SIG99
Change Net Name : Old Net Name=IVL_B100 New Net Name=FPGA_SIG100
Change Net Name : Old Net Name=IVL_B101 New Net Name=FPGA_SIG101
Change Net Name : Old Net Name=IVL_B102 New Net Name=FPGA_SIG102
Change Net Name : Old Net Name=IVL_B103 New Net Name=FPGA_SIG103
Change Net Name : Old Net Name=IVL_B104 New Net Name=FPGA_SIG104
Change Net Name : Old Net Name=IVL_B105 New Net Name=FPGA_SIG105
Change Net Name : Old Net Name=IVL_B106 New Net Name=FPGA_SIG106
Change Net Name : Old Net Name=IVL_B107 New Net Name=FPGA_SIG107
Change Net Name : Old Net Name=IVL_B108 New Net Name=FPGA_SIG108
Change Net Name : Old Net Name=IVL_B109 New Net Name=FPGA_SIG109
Change Net Name : Old Net Name=IVL_B110 New Net Name=FPGA_SIG110
Change Net Name : Old Net Name=IVL_B111 New Net Name=FPGA_SIG111
Change Net Name : Old Net Name=IVL_B112 New Net Name=FPGA_SIG112
Change Net Name : Old Net Name=IVL_B113 New Net Name=FPGA_SIG113
Change Net Name : Old Net Name=IVL_B114 New Net Name=FPGA_SIG114
Change Net Name : Old Net Name=IVL_B115 New Net Name=FPGA_SIG115
Change Net Name : Old Net Name=IVL_B116 New Net Name=FPGA_SIG116
Change Net Name : Old Net Name=IVL_B117 New Net Name=FPGA_SIG117
Change Net Name : Old Net Name=IVL_B118 New Net Name=FPGA_SIG118
Change Net Name : Old Net Name=IVL_B119 New Net Name=FPGA_SIG119
Change Net Name : Old Net Name=IVL_B120 New Net Name=FPGA_SIG120
Change Net Name : Old Net Name=IVL_B121 New Net Name=FPGA_SIG121
Change Net Name : Old Net Name=IVL_B122 New Net Name=FPGA_SIG122
Change Net Name : Old Net Name=IVL_B123 New Net Name=FPGA_SIG123
Change Net Name : Old Net Name=IVL_B124 New Net Name=FPGA_SIG124
Change Net Name : Old Net Name=IVL_B125 New Net Name=FPGA_SIG125
Change Net Name : Old Net Name=IVL_B126 New Net Name=FPGA_SIG126
Change Net Name : Old Net Name=IVL_B127 New Net Name=FPGA_SIG127
Change Net Name : Old Net Name=Net1uF_2_U_Power_Control1_2 New Net Name=VR_ADJ_U_Power_Control1
Change Net Name : Old Net Name=Net1uF_2_U_Power_Control2_2 New Net Name=VR_ADJ_U_Power_Control2
Change Net Name : Old Net Name=OUT1_U_Power_Control1 New Net Name=NEG1V25_U_Power_Control1
Change Net Name : Old Net Name=OUT1_U_Power_Control2 New Net Name=NEG1V25_U_Power_Control2
Change Net Name : Old Net Name=OUT2_U_Power_Control1 New Net Name=POS7V_U_Power_Control1
Change Net Name : Old Net Name=OUT2_U_Power_Control2 New Net Name=POS7V_U_Power_Control2
Added Pin To Net: NetName=Net5V_-5V_2 Pin=PC7-2
Added Net: Name=Net5V_-5V_2
Added Pin To Net: NetName=Net5V_-5V_4 Pin=PC7-1
Added Net: Name=Net5V_-5V_4
Added Pin To Net: NetName=Net10uF_0_2 Pin=10uF_0-2
Added Pin To Net: NetName=Net10uF_0_2 Pin=100nF_0-2
Added Pin To Net: NetName=Net10uF_0_2 Pin=VR_5V-3
Added Net: Name=Net10uF_0_2
Added Pin To Net: NetName=Net10uF_1_2 Pin=10uF_1-2
Added Pin To Net: NetName=Net10uF_1_2 Pin=100nF_1-2
Added Pin To Net: NetName=Net10uF_1_2 Pin=VR_3V3-3
Added Net: Name=Net10uF_1_2
Change Class Name : Old Net Name=IVL_B[127..0] New Net Name=FPGA_SIG[127..0]
Added Member To Class: ClassName=U_VT_WRP1 Member=Component 0.1uF_0_U_VT_WRP1 (0.1uF_0) 0.1uF_0603
Added Member To Class: ClassName=U_VT_WRP2 Member=Component 0.1uF_0_U_VT_WRP2 (0.1uF_0) 0.1uF_0603
Added Member To Class: ClassName=U_VT_WRP5 Member=Component 0.1uF_0_U_VT_WRP5 (0.1uF_0) 0.1uF_0603
Added Member To Class: ClassName=U_VT_WRP6 Member=Component 0.1uF_0_U_VT_WRP6 (0.1uF_0) 0.1uF_0603
Added Member To Class: ClassName=U_VT_WRP7 Member=Component 0.1uF_0_U_VT_WRP7 (0.1uF_0) 0.1uF_0603
Added Member To Class: ClassName=U_VT_WRP4 Member=Component 0.1uF_1_U_VT_WRP4 (0.1uF_1) 0.1uF_0603
Added Member To Class: ClassName=U_VT_WRP5 Member=Component 0.1uF_1_U_VT_WRP5 (0.1uF_1) 0.1uF_0603
Added Member To Class: ClassName=U_VT_WRP6 Member=Component 0.1uF_1_U_VT_WRP6 (0.1uF_1) 0.1uF_0603
Added Member To Class: ClassName=U_VT_WRP3 Member=Component 0.1uF_3_U_VT_WRP3 (0.1uF_3) 0.1uF_0603
Added Member To Class: ClassName=U_VT_WRP4 Member=Component 0.1uF_3_U_VT_WRP4 (0.1uF_3) 0.1uF_0603
Added Member To Class: ClassName=U_VT_WRP2 Member=Component 0.1uF_4_U_VT_WRP2 (0.1uF_4) 0.1uF_0603
Added Member To Class: ClassName=U_VT_WRP3 Member=Component 0.1uF_4_U_VT_WRP3 (0.1uF_4) 0.1uF_0603
Added Member To Class: ClassName=U_VT_WRP4 Member=Component 0.1uF_4_U_VT_WRP4 (0.1uF_4) 0.1uF_0603
Added Member To Class: ClassName=U_VT_WRP6 Member=Component 0.1uF_4_U_VT_WRP6 (0.1uF_4) 0.1uF_0603
Added Member To Class: ClassName=U_VT_WRP7 Member=Component 0.1uF_4_U_VT_WRP7 (0.1uF_4) 0.1uF_0603
Added Member To Class: ClassName=U_VT_WRP8 Member=Component 0.1uF_4_U_VT_WRP8 (0.1uF_4) 0.1uF_0603
Added Member To Class: ClassName=BBB_Board Member=Component 3V3_PINS Header 10
Added Member To Class: ClassName=BBB_Board Member=Component 5V_PINS Header 10
Added Member To Class: ClassName=U_Power_Control1 Member=Component 10k_U_Power_Control1 (10k) RNCS0603BKE10K0
Added Member To Class: ClassName=U_Power_Control2 Member=Component 10k_U_Power_Control2 (10k) RNCS0603BKE10K0
Added Member To Class: ClassName=BBB_Board Member=Component 10uF_0 0.1uF_0603
Added Member To Class: ClassName=BBB_Board Member=Component 10uF_1 0.1uF_0603
Added Member To Class: ClassName=BBB_Board Member=Component 12V PJ-002BH-SMT-TR
Added Member To Class: ClassName=BBB_Board Member=Component 100nF_0 0.1uF_0603
Added Member To Class: ClassName=BBB_Board Member=Component 100nF_1 0.1uF_0603
Added Member To Class: ClassName=BBB_Board Member=Component PC7 0.1uF_0603
Added Member To Class: ClassName=BBB_Board Member=Component PC8 0.1uF_0603
Added Member To Class: ClassName=BBB_Board Member=Component VR_3V3 Voltage Regulator
Added Member To Class: ClassName=BBB_Board Member=Component VR_5V Voltage Regulator
Added Member To Class: ClassName=FPGA_SIG[127..0] Member=Element[0]: FPGA_SIG
Added Member To Class: ClassName=FPGA_SIG[127..0] Member=Element[1]: FPGA_SIG
Added Member To Class: ClassName=FPGA_SIG[127..0] Member=Element[2]: FPGA_SIG
Added Member To Class: ClassName=FPGA_SIG[127..0] Member=Element[3]: FPGA_SIG
Added Member To Class: ClassName=FPGA_SIG[127..0] Member=Element[4]: FPGA_SIG
Added Member To Class: ClassName=FPGA_SIG[127..0] Member=Element[5]: FPGA_SIG
Added Member To Class: ClassName=FPGA_SIG[127..0] Member=Element[6]: FPGA_SIG
Added Member To Class: ClassName=FPGA_SIG[127..0] Member=Element[7]: FPGA_SIG
Added Member To Class: ClassName=FPGA_SIG[127..0] Member=Element[8]: FPGA_SIG
Added Member To Class: ClassName=FPGA_SIG[127..0] Member=Element[9]: FPGA_SIG
Added Member To Class: ClassName=FPGA_SIG[127..0] Member=Element[10]: FPGA_SIG
Added Member To Class: ClassName=FPGA_SIG[127..0] Member=Element[11]: FPGA_SIG
Added Member To Class: ClassName=FPGA_SIG[127..0] Member=Element[12]: FPGA_SIG
Added Member To Class: ClassName=FPGA_SIG[127..0] Member=Element[13]: FPGA_SIG
Added Member To Class: ClassName=FPGA_SIG[127..0] Member=Element[14]: FPGA_SIG
Added Member To Class: ClassName=FPGA_SIG[127..0] Member=Element[15]: FPGA_SIG
Added Member To Class: ClassName=FPGA_SIG[127..0] Member=Element[16]: FPGA_SIG
Added Member To Class: ClassName=FPGA_SIG[127..0] Member=Element[17]: FPGA_SIG
Added Member To Class: ClassName=FPGA_SIG[127..0] Member=Element[18]: FPGA_SIG
Added Member To Class: ClassName=FPGA_SIG[127..0] Member=Element[19]: FPGA_SIG
Added Member To Class: ClassName=FPGA_SIG[127..0] Member=Element[20]: FPGA_SIG
Added Member To Class: ClassName=FPGA_SIG[127..0] Member=Element[21]: FPGA_SIG
Added Member To Class: ClassName=FPGA_SIG[127..0] Member=Element[22]: FPGA_SIG
Added Member To Class: ClassName=FPGA_SIG[127..0] Member=Element[23]: FPGA_SIG
Added Member To Class: ClassName=FPGA_SIG[127..0] Member=Element[24]: FPGA_SIG
Added Member To Class: ClassName=FPGA_SIG[127..0] Member=Element[25]: FPGA_SIG
Added Member To Class: ClassName=FPGA_SIG[127..0] Member=Element[26]: FPGA_SIG
Added Member To Class: ClassName=FPGA_SIG[127..0] Member=Element[27]: FPGA_SIG
Added Member To Class: ClassName=FPGA_SIG[127..0] Member=Element[28]: FPGA_SIG
Added Member To Class: ClassName=FPGA_SIG[127..0] Member=Element[29]: FPGA_SIG
Added Member To Class: ClassName=FPGA_SIG[127..0] Member=Element[30]: FPGA_SIG
Added Member To Class: ClassName=FPGA_SIG[127..0] Member=Element[31]: FPGA_SIG
Added Member To Class: ClassName=FPGA_SIG[127..0] Member=Element[32]: FPGA_SIG
Added Member To Class: ClassName=FPGA_SIG[127..0] Member=Element[33]: FPGA_SIG
Added Member To Class: ClassName=FPGA_SIG[127..0] Member=Element[34]: FPGA_SIG
Added Member To Class: ClassName=FPGA_SIG[127..0] Member=Element[35]: FPGA_SIG
Added Member To Class: ClassName=FPGA_SIG[127..0] Member=Element[36]: FPGA_SIG
Added Member To Class: ClassName=FPGA_SIG[127..0] Member=Element[37]: FPGA_SIG
Added Member To Class: ClassName=FPGA_SIG[127..0] Member=Element[38]: FPGA_SIG
Added Member To Class: ClassName=FPGA_SIG[127..0] Member=Element[39]: FPGA_SIG
Added Member To Class: ClassName=FPGA_SIG[127..0] Member=Element[40]: FPGA_SIG
Added Member To Class: ClassName=FPGA_SIG[127..0] Member=Element[41]: FPGA_SIG
Added Member To Class: ClassName=FPGA_SIG[127..0] Member=Element[42]: FPGA_SIG
Added Member To Class: ClassName=FPGA_SIG[127..0] Member=Element[43]: FPGA_SIG
Added Member To Class: ClassName=FPGA_SIG[127..0] Member=Element[44]: FPGA_SIG
Added Member To Class: ClassName=FPGA_SIG[127..0] Member=Element[45]: FPGA_SIG
Added Member To Class: ClassName=FPGA_SIG[127..0] Member=Element[46]: FPGA_SIG
Added Member To Class: ClassName=FPGA_SIG[127..0] Member=Element[47]: FPGA_SIG
Added Member To Class: ClassName=FPGA_SIG[127..0] Member=Element[48]: FPGA_SIG
Added Member To Class: ClassName=FPGA_SIG[127..0] Member=Element[49]: FPGA_SIG
Added Member To Class: ClassName=FPGA_SIG[127..0] Member=Element[50]: FPGA_SIG
Added Member To Class: ClassName=FPGA_SIG[127..0] Member=Element[51]: FPGA_SIG
Added Member To Class: ClassName=FPGA_SIG[127..0] Member=Element[52]: FPGA_SIG
Added Member To Class: ClassName=FPGA_SIG[127..0] Member=Element[53]: FPGA_SIG
Added Member To Class: ClassName=FPGA_SIG[127..0] Member=Element[54]: FPGA_SIG
Added Member To Class: ClassName=FPGA_SIG[127..0] Member=Element[55]: FPGA_SIG
Added Member To Class: ClassName=FPGA_SIG[127..0] Member=Element[56]: FPGA_SIG
Added Member To Class: ClassName=FPGA_SIG[127..0] Member=Element[57]: FPGA_SIG
Added Member To Class: ClassName=FPGA_SIG[127..0] Member=Element[58]: FPGA_SIG
Added Member To Class: ClassName=FPGA_SIG[127..0] Member=Element[59]: FPGA_SIG
Added Member To Class: ClassName=FPGA_SIG[127..0] Member=Element[60]: FPGA_SIG
Added Member To Class: ClassName=FPGA_SIG[127..0] Member=Element[61]: FPGA_SIG
Added Member To Class: ClassName=FPGA_SIG[127..0] Member=Element[62]: FPGA_SIG
Added Member To Class: ClassName=FPGA_SIG[127..0] Member=Element[63]: FPGA_SIG
Added Member To Class: ClassName=FPGA_SIG[127..0] Member=Element[64]: FPGA_SIG
Added Member To Class: ClassName=FPGA_SIG[127..0] Member=Element[65]: FPGA_SIG
Added Member To Class: ClassName=FPGA_SIG[127..0] Member=Element[66]: FPGA_SIG
Added Member To Class: ClassName=FPGA_SIG[127..0] Member=Element[67]: FPGA_SIG
Added Member To Class: ClassName=FPGA_SIG[127..0] Member=Element[68]: FPGA_SIG
Added Member To Class: ClassName=FPGA_SIG[127..0] Member=Element[69]: FPGA_SIG
Added Member To Class: ClassName=FPGA_SIG[127..0] Member=Element[70]: FPGA_SIG
Added Member To Class: ClassName=FPGA_SIG[127..0] Member=Element[71]: FPGA_SIG
Added Member To Class: ClassName=FPGA_SIG[127..0] Member=Element[72]: FPGA_SIG
Added Member To Class: ClassName=FPGA_SIG[127..0] Member=Element[73]: FPGA_SIG
Added Member To Class: ClassName=FPGA_SIG[127..0] Member=Element[74]: FPGA_SIG
Added Member To Class: ClassName=FPGA_SIG[127..0] Member=Element[75]: FPGA_SIG
Added Member To Class: ClassName=FPGA_SIG[127..0] Member=Element[76]: FPGA_SIG
Added Member To Class: ClassName=FPGA_SIG[127..0] Member=Element[77]: FPGA_SIG
Added Member To Class: ClassName=FPGA_SIG[127..0] Member=Element[78]: FPGA_SIG
Added Member To Class: ClassName=FPGA_SIG[127..0] Member=Element[79]: FPGA_SIG
Added Member To Class: ClassName=FPGA_SIG[127..0] Member=Element[80]: FPGA_SIG
Added Member To Class: ClassName=FPGA_SIG[127..0] Member=Element[81]: FPGA_SIG
Added Member To Class: ClassName=FPGA_SIG[127..0] Member=Element[82]: FPGA_SIG
Added Member To Class: ClassName=FPGA_SIG[127..0] Member=Element[83]: FPGA_SIG
Added Member To Class: ClassName=FPGA_SIG[127..0] Member=Element[84]: FPGA_SIG
Added Member To Class: ClassName=FPGA_SIG[127..0] Member=Element[85]: FPGA_SIG
Added Member To Class: ClassName=FPGA_SIG[127..0] Member=Element[86]: FPGA_SIG
Added Member To Class: ClassName=FPGA_SIG[127..0] Member=Element[87]: FPGA_SIG
Added Member To Class: ClassName=FPGA_SIG[127..0] Member=Element[88]: FPGA_SIG
Added Member To Class: ClassName=FPGA_SIG[127..0] Member=Element[89]: FPGA_SIG
Added Member To Class: ClassName=FPGA_SIG[127..0] Member=Element[90]: FPGA_SIG
Added Member To Class: ClassName=FPGA_SIG[127..0] Member=Element[91]: FPGA_SIG
Added Member To Class: ClassName=FPGA_SIG[127..0] Member=Element[92]: FPGA_SIG
Added Member To Class: ClassName=FPGA_SIG[127..0] Member=Element[93]: FPGA_SIG
Added Member To Class: ClassName=FPGA_SIG[127..0] Member=Element[94]: FPGA_SIG
Added Member To Class: ClassName=FPGA_SIG[127..0] Member=Element[95]: FPGA_SIG
Added Member To Class: ClassName=FPGA_SIG[127..0] Member=Element[96]: FPGA_SIG
Added Member To Class: ClassName=FPGA_SIG[127..0] Member=Element[97]: FPGA_SIG
Added Member To Class: ClassName=FPGA_SIG[127..0] Member=Element[98]: FPGA_SIG
Added Member To Class: ClassName=FPGA_SIG[127..0] Member=Element[99]: FPGA_SIG
Added Member To Class: ClassName=FPGA_SIG[127..0] Member=Element[100]: FPGA_SIG
Added Member To Class: ClassName=FPGA_SIG[127..0] Member=Element[101]: FPGA_SIG
Added Member To Class: ClassName=FPGA_SIG[127..0] Member=Element[102]: FPGA_SIG
Added Member To Class: ClassName=FPGA_SIG[127..0] Member=Element[103]: FPGA_SIG
Added Member To Class: ClassName=FPGA_SIG[127..0] Member=Element[104]: FPGA_SIG
Added Member To Class: ClassName=FPGA_SIG[127..0] Member=Element[105]: FPGA_SIG
Added Member To Class: ClassName=FPGA_SIG[127..0] Member=Element[106]: FPGA_SIG
Added Member To Class: ClassName=FPGA_SIG[127..0] Member=Element[107]: FPGA_SIG
Added Member To Class: ClassName=FPGA_SIG[127..0] Member=Element[108]: FPGA_SIG
Added Member To Class: ClassName=FPGA_SIG[127..0] Member=Element[109]: FPGA_SIG
Added Member To Class: ClassName=FPGA_SIG[127..0] Member=Element[110]: FPGA_SIG
Added Member To Class: ClassName=FPGA_SIG[127..0] Member=Element[111]: FPGA_SIG
Added Member To Class: ClassName=FPGA_SIG[127..0] Member=Element[112]: FPGA_SIG
Added Member To Class: ClassName=FPGA_SIG[127..0] Member=Element[113]: FPGA_SIG
Added Member To Class: ClassName=FPGA_SIG[127..0] Member=Element[114]: FPGA_SIG
Added Member To Class: ClassName=FPGA_SIG[127..0] Member=Element[115]: FPGA_SIG
Added Member To Class: ClassName=FPGA_SIG[127..0] Member=Element[116]: FPGA_SIG
Added Member To Class: ClassName=FPGA_SIG[127..0] Member=Element[117]: FPGA_SIG
Added Member To Class: ClassName=FPGA_SIG[127..0] Member=Element[118]: FPGA_SIG
Added Member To Class: ClassName=FPGA_SIG[127..0] Member=Element[119]: FPGA_SIG
Added Member To Class: ClassName=FPGA_SIG[127..0] Member=Element[120]: FPGA_SIG
Added Member To Class: ClassName=FPGA_SIG[127..0] Member=Element[121]: FPGA_SIG
Added Member To Class: ClassName=FPGA_SIG[127..0] Member=Element[122]: FPGA_SIG
Added Member To Class: ClassName=FPGA_SIG[127..0] Member=Element[123]: FPGA_SIG
Added Member To Class: ClassName=FPGA_SIG[127..0] Member=Element[124]: FPGA_SIG
Added Member To Class: ClassName=FPGA_SIG[127..0] Member=Element[125]: FPGA_SIG
Added Member To Class: ClassName=FPGA_SIG[127..0] Member=Element[126]: FPGA_SIG
Added Member To Class: ClassName=FPGA_SIG[127..0] Member=Element[127]: FPGA_SIG
