Removed Pin From Net: NetName=BBB_LCD_VSYNC Pin=BBB_PINOUT4-1
Removed Pin From Net: NetName=BBB_LCD_PCLK Pin=BBB_PINOUT4-2
Removed Pin From Net: NetName=BBB_LCD_HSYNC Pin=BBB_PINOUT4-3
Removed Pin From Net: NetName=BBB_LCD_AC_BIAS Pin=BBB_PINOUT4-4
Removed Pin From Net: NetName=BBB_LCD_DATA14 Pin=BBB_PINOUT4-5
Removed Pin From Net: NetName=BBB_LCD_DATA15 Pin=BBB_PINOUT4-6
Removed Pin From Net: NetName=BBB_LCD_DATA13 Pin=BBB_PINOUT4-7
Removed Pin From Net: NetName=BBB_LCD_DATA11 Pin=BBB_PINOUT4-8
Removed Pin From Net: NetName=BBB_LCD_DATA12 Pin=BBB_PINOUT4-9
Removed Pin From Net: NetName=BBB_LCD_DATA10 Pin=BBB_PINOUT4-10
Removed Pin From Net: NetName=BBB_LCD_DATA8 Pin=BBB_PINOUT4-11
Removed Pin From Net: NetName=BBB_LCD_DATA9 Pin=BBB_PINOUT4-12
Removed Pin From Net: NetName=BBB_LCD_DATA6 Pin=BBB_PINOUT4-13
Removed Pin From Net: NetName=BBB_LCD_DATA7 Pin=BBB_PINOUT4-14
Removed Pin From Net: NetName=BBB_LCD_DATA4 Pin=BBB_PINOUT4-15
Removed Pin From Net: NetName=BBB_LCD_DATA5 Pin=BBB_PINOUT4-16
Removed Pin From Net: NetName=BBB_LCD_DATA2 Pin=BBB_PINOUT4-17
Removed Pin From Net: NetName=BBB_LCD_DATA3 Pin=BBB_PINOUT4-18
Removed Pin From Net: NetName=BBB_LCD_DATA0 Pin=BBB_PINOUT4-19
Removed Pin From Net: NetName=BBB_DCS_DATA1 Pin=BBB_PINOUT4-20
Change Component Designator: OldDesignator=BBB_PINOUT2 NewDesignator=BBB_PINOUT3
Change Component Designator: OldDesignator=BBB_PINOUT3 NewDesignator=BBB_PINOUT2
Added Pin To Net: NetName=BBB_LCD_DATA0 Pin=BBB_PINOUT4-1
Added Pin To Net: NetName=BBB_DCS_DATA1 Pin=BBB_PINOUT4-2
Added Pin To Net: NetName=BBB_LCD_DATA2 Pin=BBB_PINOUT4-3
Added Pin To Net: NetName=BBB_LCD_DATA3 Pin=BBB_PINOUT4-4
Added Pin To Net: NetName=BBB_LCD_DATA4 Pin=BBB_PINOUT4-5
Added Pin To Net: NetName=BBB_LCD_DATA5 Pin=BBB_PINOUT4-6
Added Pin To Net: NetName=BBB_LCD_DATA6 Pin=BBB_PINOUT4-7
Added Pin To Net: NetName=BBB_LCD_DATA7 Pin=BBB_PINOUT4-8
Added Pin To Net: NetName=BBB_LCD_DATA8 Pin=BBB_PINOUT4-9
Added Pin To Net: NetName=BBB_LCD_DATA9 Pin=BBB_PINOUT4-10
Added Pin To Net: NetName=BBB_LCD_DATA10 Pin=BBB_PINOUT4-11
Added Pin To Net: NetName=BBB_LCD_DATA11 Pin=BBB_PINOUT4-12
Added Pin To Net: NetName=BBB_LCD_DATA12 Pin=BBB_PINOUT4-13
Added Pin To Net: NetName=BBB_LCD_DATA13 Pin=BBB_PINOUT4-14
Added Pin To Net: NetName=BBB_LCD_DATA14 Pin=BBB_PINOUT4-15
Added Pin To Net: NetName=BBB_LCD_DATA15 Pin=BBB_PINOUT4-16
Added Pin To Net: NetName=BBB_LCD_PCLK Pin=BBB_PINOUT4-17
Added Pin To Net: NetName=BBB_LCD_VSYNC Pin=BBB_PINOUT4-18
Added Pin To Net: NetName=BBB_LCD_HSYNC Pin=BBB_PINOUT4-19
Added Pin To Net: NetName=BBB_LCD_AC_BIAS Pin=BBB_PINOUT4-20
