Added Component: Designator=DUT1_U_DUT_HEADER1(FEMALE_HEADER_SMD)
Added Component: Designator=DUT1_U_DUT_HEADER2(FEMALE_HEADER_SMD)
Added Component: Designator=DUT1_U_DUT_HEADER3(FEMALE_HEADER_SMD)
Added Component: Designator=DUT1_U_DUT_HEADER4(FEMALE_HEADER_SMD)
Added Pin To Net: NetName=OVCC_B96 Pin=DUT1_U_DUT_HEADER1-1
Added Pin To Net: NetName=OVCC_B97 Pin=DUT1_U_DUT_HEADER1-2
Added Pin To Net: NetName=OVCC_B98 Pin=DUT1_U_DUT_HEADER1-3
Added Pin To Net: NetName=OVCC_B99 Pin=DUT1_U_DUT_HEADER1-4
Added Pin To Net: NetName=OVCC_B100 Pin=DUT1_U_DUT_HEADER1-5
Added Pin To Net: NetName=OVCC_B101 Pin=DUT1_U_DUT_HEADER1-6
Added Pin To Net: NetName=OVCC_B102 Pin=DUT1_U_DUT_HEADER1-7
Added Pin To Net: NetName=OVCC_B103 Pin=DUT1_U_DUT_HEADER1-8
Added Pin To Net: NetName=OVCC_B104 Pin=DUT1_U_DUT_HEADER1-9
Added Pin To Net: NetName=OVCC_B105 Pin=DUT1_U_DUT_HEADER1-10
Added Pin To Net: NetName=OVCC_B106 Pin=DUT1_U_DUT_HEADER1-11
Added Pin To Net: NetName=OVCC_B107 Pin=DUT1_U_DUT_HEADER1-12
Added Pin To Net: NetName=OVCC_B108 Pin=DUT1_U_DUT_HEADER1-13
Added Pin To Net: NetName=OVCC_B109 Pin=DUT1_U_DUT_HEADER1-14
Added Pin To Net: NetName=OVCC_B110 Pin=DUT1_U_DUT_HEADER1-15
Added Pin To Net: NetName=OVCC_B111 Pin=DUT1_U_DUT_HEADER1-16
Added Pin To Net: NetName=RIGHT1 Pin=DUT1_U_DUT_HEADER1-17
Added Pin To Net: NetName=RIGHT2 Pin=DUT1_U_DUT_HEADER1-18
Added Pin To Net: NetName=RIGHT3 Pin=DUT1_U_DUT_HEADER1-19
Added Pin To Net: NetName=RIGHT4 Pin=DUT1_U_DUT_HEADER1-20
Added Pin To Net: NetName=RIGHT5 Pin=DUT1_U_DUT_HEADER1-21
Added Pin To Net: NetName=RIGHT6 Pin=DUT1_U_DUT_HEADER1-22
Added Pin To Net: NetName=RIGHT7 Pin=DUT1_U_DUT_HEADER1-23
Added Pin To Net: NetName=RIGHT8 Pin=DUT1_U_DUT_HEADER1-24
Added Pin To Net: NetName=OVCC_B112 Pin=DUT1_U_DUT_HEADER1-25
Added Pin To Net: NetName=OVCC_B113 Pin=DUT1_U_DUT_HEADER1-26
Added Pin To Net: NetName=OVCC_B114 Pin=DUT1_U_DUT_HEADER1-27
Added Pin To Net: NetName=OVCC_B115 Pin=DUT1_U_DUT_HEADER1-28
Added Pin To Net: NetName=OVCC_B116 Pin=DUT1_U_DUT_HEADER1-29
Added Pin To Net: NetName=OVCC_B117 Pin=DUT1_U_DUT_HEADER1-30
Added Pin To Net: NetName=OVCC_B118 Pin=DUT1_U_DUT_HEADER1-31
Added Pin To Net: NetName=OVCC_B119 Pin=DUT1_U_DUT_HEADER1-32
Added Pin To Net: NetName=OVCC_B120 Pin=DUT1_U_DUT_HEADER1-33
Added Pin To Net: NetName=OVCC_B121 Pin=DUT1_U_DUT_HEADER1-34
Added Pin To Net: NetName=OVCC_B122 Pin=DUT1_U_DUT_HEADER1-35
Added Pin To Net: NetName=OVCC_B123 Pin=DUT1_U_DUT_HEADER1-36
Added Pin To Net: NetName=OVCC_B124 Pin=DUT1_U_DUT_HEADER1-37
Added Pin To Net: NetName=OVCC_B125 Pin=DUT1_U_DUT_HEADER1-38
Added Pin To Net: NetName=OVCC_B126 Pin=DUT1_U_DUT_HEADER1-39
Added Pin To Net: NetName=OVCC_B127 Pin=DUT1_U_DUT_HEADER1-40
Added Pin To Net: NetName=OVCC_B64 Pin=DUT1_U_DUT_HEADER2-1
Added Pin To Net: NetName=OVCC_B65 Pin=DUT1_U_DUT_HEADER2-2
Added Pin To Net: NetName=OVCC_B66 Pin=DUT1_U_DUT_HEADER2-3
Added Pin To Net: NetName=OVCC_B67 Pin=DUT1_U_DUT_HEADER2-4
Added Pin To Net: NetName=OVCC_B68 Pin=DUT1_U_DUT_HEADER2-5
Added Pin To Net: NetName=OVCC_B69 Pin=DUT1_U_DUT_HEADER2-6
Added Pin To Net: NetName=OVCC_B70 Pin=DUT1_U_DUT_HEADER2-7
Added Pin To Net: NetName=OVCC_B71 Pin=DUT1_U_DUT_HEADER2-8
Added Pin To Net: NetName=OVCC_B72 Pin=DUT1_U_DUT_HEADER2-9
Added Pin To Net: NetName=OVCC_B73 Pin=DUT1_U_DUT_HEADER2-10
Added Pin To Net: NetName=OVCC_B74 Pin=DUT1_U_DUT_HEADER2-11
Added Pin To Net: NetName=OVCC_B75 Pin=DUT1_U_DUT_HEADER2-12
Added Pin To Net: NetName=OVCC_B76 Pin=DUT1_U_DUT_HEADER2-13
Added Pin To Net: NetName=OVCC_B77 Pin=DUT1_U_DUT_HEADER2-14
Added Pin To Net: NetName=OVCC_B78 Pin=DUT1_U_DUT_HEADER2-15
Added Pin To Net: NetName=OVCC_B79 Pin=DUT1_U_DUT_HEADER2-16
Added Pin To Net: NetName=LEFT0 Pin=DUT1_U_DUT_HEADER2-17
Added Pin To Net: NetName=LEFT1 Pin=DUT1_U_DUT_HEADER2-18
Added Pin To Net: NetName=LEFT2 Pin=DUT1_U_DUT_HEADER2-19
Added Pin To Net: NetName=LEFT3 Pin=DUT1_U_DUT_HEADER2-20
Added Pin To Net: NetName=LEFT4 Pin=DUT1_U_DUT_HEADER2-21
Added Pin To Net: NetName=LEFT5 Pin=DUT1_U_DUT_HEADER2-22
Added Pin To Net: NetName=LEFT6 Pin=DUT1_U_DUT_HEADER2-23
Added Pin To Net: NetName=LEFT7 Pin=DUT1_U_DUT_HEADER2-24
Added Pin To Net: NetName=OVCC_B80 Pin=DUT1_U_DUT_HEADER2-25
Added Pin To Net: NetName=OVCC_B81 Pin=DUT1_U_DUT_HEADER2-26
Added Pin To Net: NetName=OVCC_B82 Pin=DUT1_U_DUT_HEADER2-27
Added Pin To Net: NetName=OVCC_B83 Pin=DUT1_U_DUT_HEADER2-28
Added Pin To Net: NetName=OVCC_B84 Pin=DUT1_U_DUT_HEADER2-29
Added Pin To Net: NetName=OVCC_B85 Pin=DUT1_U_DUT_HEADER2-30
Added Pin To Net: NetName=OVCC_B86 Pin=DUT1_U_DUT_HEADER2-31
Added Pin To Net: NetName=OVCC_B87 Pin=DUT1_U_DUT_HEADER2-32
Added Pin To Net: NetName=OVCC_B88 Pin=DUT1_U_DUT_HEADER2-33
Added Pin To Net: NetName=OVCC_B89 Pin=DUT1_U_DUT_HEADER2-34
Added Pin To Net: NetName=OVCC_B90 Pin=DUT1_U_DUT_HEADER2-35
Added Pin To Net: NetName=OVCC_B91 Pin=DUT1_U_DUT_HEADER2-36
Added Pin To Net: NetName=OVCC_B92 Pin=DUT1_U_DUT_HEADER2-37
Added Pin To Net: NetName=OVCC_B93 Pin=DUT1_U_DUT_HEADER2-38
Added Pin To Net: NetName=OVCC_B94 Pin=DUT1_U_DUT_HEADER2-39
Added Pin To Net: NetName=OVCC_B95 Pin=DUT1_U_DUT_HEADER2-40
Added Pin To Net: NetName=OVCC_B32 Pin=DUT1_U_DUT_HEADER3-1
Added Pin To Net: NetName=OVCC_B33 Pin=DUT1_U_DUT_HEADER3-2
Added Pin To Net: NetName=OVCC_B34 Pin=DUT1_U_DUT_HEADER3-3
Added Pin To Net: NetName=OVCC_B35 Pin=DUT1_U_DUT_HEADER3-4
Added Pin To Net: NetName=OVCC_B36 Pin=DUT1_U_DUT_HEADER3-5
Added Pin To Net: NetName=OVCC_B37 Pin=DUT1_U_DUT_HEADER3-6
Added Pin To Net: NetName=OVCC_B38 Pin=DUT1_U_DUT_HEADER3-7
Added Pin To Net: NetName=OVCC_B39 Pin=DUT1_U_DUT_HEADER3-8
Added Pin To Net: NetName=OVCC_B40 Pin=DUT1_U_DUT_HEADER3-9
Added Pin To Net: NetName=OVCC_B41 Pin=DUT1_U_DUT_HEADER3-10
Added Pin To Net: NetName=OVCC_B42 Pin=DUT1_U_DUT_HEADER3-11
Added Pin To Net: NetName=OVCC_B43 Pin=DUT1_U_DUT_HEADER3-12
Added Pin To Net: NetName=OVCC_B44 Pin=DUT1_U_DUT_HEADER3-13
Added Pin To Net: NetName=OVCC_B45 Pin=DUT1_U_DUT_HEADER3-14
Added Pin To Net: NetName=OVCC_B46 Pin=DUT1_U_DUT_HEADER3-15
Added Pin To Net: NetName=OVCC_B47 Pin=DUT1_U_DUT_HEADER3-16
Added Pin To Net: NetName=BOTTOM0 Pin=DUT1_U_DUT_HEADER3-17
Added Pin To Net: NetName=BOTTOM1 Pin=DUT1_U_DUT_HEADER3-18
Added Pin To Net: NetName=BOTTOM2 Pin=DUT1_U_DUT_HEADER3-19
Added Pin To Net: NetName=BOTTOM3 Pin=DUT1_U_DUT_HEADER3-20
Added Pin To Net: NetName=BOTTOM4 Pin=DUT1_U_DUT_HEADER3-21
Added Pin To Net: NetName=BOTTOM5 Pin=DUT1_U_DUT_HEADER3-22
Added Pin To Net: NetName=BOTTOM6 Pin=DUT1_U_DUT_HEADER3-23
Added Pin To Net: NetName=BOTTOM7 Pin=DUT1_U_DUT_HEADER3-24
Added Pin To Net: NetName=OVCC_B48 Pin=DUT1_U_DUT_HEADER3-25
Added Pin To Net: NetName=OVCC_B49 Pin=DUT1_U_DUT_HEADER3-26
Added Pin To Net: NetName=OVCC_B50 Pin=DUT1_U_DUT_HEADER3-27
Added Pin To Net: NetName=OVCC_B51 Pin=DUT1_U_DUT_HEADER3-28
Added Pin To Net: NetName=OVCC_B52 Pin=DUT1_U_DUT_HEADER3-29
Added Pin To Net: NetName=OVCC_B53 Pin=DUT1_U_DUT_HEADER3-30
Added Pin To Net: NetName=OVCC_B54 Pin=DUT1_U_DUT_HEADER3-31
Added Pin To Net: NetName=OVCC_B55 Pin=DUT1_U_DUT_HEADER3-32
Added Pin To Net: NetName=OVCC_B56 Pin=DUT1_U_DUT_HEADER3-33
Added Pin To Net: NetName=OVCC_B57 Pin=DUT1_U_DUT_HEADER3-34
Added Pin To Net: NetName=OVCC_B58 Pin=DUT1_U_DUT_HEADER3-35
Added Pin To Net: NetName=OVCC_B59 Pin=DUT1_U_DUT_HEADER3-36
Added Pin To Net: NetName=OVCC_B60 Pin=DUT1_U_DUT_HEADER3-37
Added Pin To Net: NetName=OVCC_B61 Pin=DUT1_U_DUT_HEADER3-38
Added Pin To Net: NetName=OVCC_B62 Pin=DUT1_U_DUT_HEADER3-39
Added Pin To Net: NetName=OVCC_B63 Pin=DUT1_U_DUT_HEADER3-40
Added Pin To Net: NetName=OVCC_B0 Pin=DUT1_U_DUT_HEADER4-1
Added Pin To Net: NetName=OVCC_B1 Pin=DUT1_U_DUT_HEADER4-2
Added Pin To Net: NetName=OVCC_B2 Pin=DUT1_U_DUT_HEADER4-3
Added Pin To Net: NetName=OVCC_B3 Pin=DUT1_U_DUT_HEADER4-4
Added Pin To Net: NetName=OVCC_B4 Pin=DUT1_U_DUT_HEADER4-5
Added Pin To Net: NetName=OVCC_B5 Pin=DUT1_U_DUT_HEADER4-6
Added Pin To Net: NetName=OVCC_B6 Pin=DUT1_U_DUT_HEADER4-7
Added Pin To Net: NetName=OVCC_B7 Pin=DUT1_U_DUT_HEADER4-8
Added Pin To Net: NetName=OVCC_B8 Pin=DUT1_U_DUT_HEADER4-9
Added Pin To Net: NetName=OVCC_B9 Pin=DUT1_U_DUT_HEADER4-10
Added Pin To Net: NetName=OVCC_B10 Pin=DUT1_U_DUT_HEADER4-11
Added Pin To Net: NetName=OVCC_B11 Pin=DUT1_U_DUT_HEADER4-12
Added Pin To Net: NetName=OVCC_B12 Pin=DUT1_U_DUT_HEADER4-13
Added Pin To Net: NetName=OVCC_B13 Pin=DUT1_U_DUT_HEADER4-14
Added Pin To Net: NetName=OVCC_B14 Pin=DUT1_U_DUT_HEADER4-15
Added Pin To Net: NetName=OVCC_B15 Pin=DUT1_U_DUT_HEADER4-16
Added Pin To Net: NetName=TOP0 Pin=DUT1_U_DUT_HEADER4-17
Added Pin To Net: NetName=TOP1 Pin=DUT1_U_DUT_HEADER4-18
Added Pin To Net: NetName=TOP2 Pin=DUT1_U_DUT_HEADER4-19
Added Pin To Net: NetName=TOP3 Pin=DUT1_U_DUT_HEADER4-20
Added Pin To Net: NetName=TOP4 Pin=DUT1_U_DUT_HEADER4-21
Added Pin To Net: NetName=TOP5 Pin=DUT1_U_DUT_HEADER4-22
Added Pin To Net: NetName=TOP6 Pin=DUT1_U_DUT_HEADER4-23
Added Pin To Net: NetName=TOP7 Pin=DUT1_U_DUT_HEADER4-24
Added Pin To Net: NetName=OVCC_B16 Pin=DUT1_U_DUT_HEADER4-25
Added Pin To Net: NetName=OVCC_B17 Pin=DUT1_U_DUT_HEADER4-26
Added Pin To Net: NetName=OVCC_B18 Pin=DUT1_U_DUT_HEADER4-27
Added Pin To Net: NetName=OVCC_B19 Pin=DUT1_U_DUT_HEADER4-28
Added Pin To Net: NetName=OVCC_B20 Pin=DUT1_U_DUT_HEADER4-29
Added Pin To Net: NetName=OVCC_B21 Pin=DUT1_U_DUT_HEADER4-30
Added Pin To Net: NetName=OVCC_B22 Pin=DUT1_U_DUT_HEADER4-31
Added Pin To Net: NetName=OVCC_B23 Pin=DUT1_U_DUT_HEADER4-32
Added Pin To Net: NetName=OVCC_B24 Pin=DUT1_U_DUT_HEADER4-33
Added Pin To Net: NetName=OVCC_B25 Pin=DUT1_U_DUT_HEADER4-34
Added Pin To Net: NetName=OVCC_B26 Pin=DUT1_U_DUT_HEADER4-35
Added Pin To Net: NetName=OVCC_B27 Pin=DUT1_U_DUT_HEADER4-36
Added Pin To Net: NetName=OVCC_B28 Pin=DUT1_U_DUT_HEADER4-37
Added Pin To Net: NetName=OVCC_B29 Pin=DUT1_U_DUT_HEADER4-38
Added Pin To Net: NetName=OVCC_B30 Pin=DUT1_U_DUT_HEADER4-39
Added Pin To Net: NetName=OVCC_B31 Pin=DUT1_U_DUT_HEADER4-40
Added Member To Class: ClassName=U_DUT_HEADER1 Member=Component DUT1_U_DUT_HEADER1 (DUT1) ADAFRUIT_HEADER
Added Member To Class: ClassName=U_DUT_HEADER2 Member=Component DUT1_U_DUT_HEADER2 (DUT1) ADAFRUIT_HEADER
Added Member To Class: ClassName=U_DUT_HEADER3 Member=Component DUT1_U_DUT_HEADER3 (DUT1) ADAFRUIT_HEADER
Added Member To Class: ClassName=U_DUT_HEADER4 Member=Component DUT1_U_DUT_HEADER4 (DUT1) ADAFRUIT_HEADER
