Removed Pin From Net: NetName=L_H5 Pin=3-1
Removed Pin From Net: NetName=L_H5 Pin=4-1
Removed Pin From Net: NetName=L_H5 Pin=5-1
Removed Pin From Net: NetName=L_H5 Pin=6-1
Removed Pin From Net: NetName=L_H5 Pin=LM2-2
Removed Pin From Net: NetName=L_H5 Pin=POT-2
Removed Pin From Net: NetName=L_H5 Pin=POT-9
Removed Pin From Net: NetName=L_H5 Pin=R5-1
Removed Pin From Net: NetName=L_H5 Pin=R9-1
Added Component: Designator=0.1uF_0_U_VT_WRP1(0.1uF_0603)
Added Component: Designator=0.1uF_0_U_VT_WRP2(0.1uF_0603)
Added Component: Designator=0.1uF_0_U_VT_WRP3(0.1uF_0603)
Added Component: Designator=0.1uF_0_U_VT_WRP4(0.1uF_0603)
Added Component: Designator=0.1uF_0_U_VT_WRP5(0.1uF_0603)
Added Component: Designator=0.1uF_0_U_VT_WRP6(0.1uF_0603)
Added Component: Designator=0.1uF_0_U_VT_WRP7(0.1uF_0603)
Added Component: Designator=0.1uF_0_U_VT_WRP8(0.1uF_0603)
Added Component: Designator=0.1uF_1_U_VT_WRP1(0.1uF_0603)
Added Component: Designator=0.1uF_1_U_VT_WRP2(0.1uF_0603)
Added Component: Designator=0.1uF_1_U_VT_WRP3(0.1uF_0603)
Added Component: Designator=0.1uF_1_U_VT_WRP4(0.1uF_0603)
Added Component: Designator=0.1uF_1_U_VT_WRP5(0.1uF_0603)
Added Component: Designator=0.1uF_1_U_VT_WRP6(0.1uF_0603)
Added Component: Designator=0.1uF_1_U_VT_WRP7(0.1uF_0603)
Added Component: Designator=0.1uF_1_U_VT_WRP8(0.1uF_0603)
Added Component: Designator=0.1uF_3_U_VT_WRP1(0.1uF_0603)
Added Component: Designator=0.1uF_3_U_VT_WRP2(0.1uF_0603)
Added Component: Designator=0.1uF_3_U_VT_WRP3(0.1uF_0603)
Added Component: Designator=0.1uF_3_U_VT_WRP4(0.1uF_0603)
Added Component: Designator=0.1uF_3_U_VT_WRP5(0.1uF_0603)
Added Component: Designator=0.1uF_3_U_VT_WRP6(0.1uF_0603)
Added Component: Designator=0.1uF_3_U_VT_WRP7(0.1uF_0603)
Added Component: Designator=0.1uF_3_U_VT_WRP8(0.1uF_0603)
Added Component: Designator=0.1uF_4_U_VT_WRP1(0.1uF_0603)
Added Component: Designator=0.1uF_4_U_VT_WRP2(0.1uF_0603)
Added Component: Designator=0.1uF_4_U_VT_WRP3(0.1uF_0603)
Added Component: Designator=0.1uF_4_U_VT_WRP4(0.1uF_0603)
Added Component: Designator=0.1uF_4_U_VT_WRP5(0.1uF_0603)
Added Component: Designator=0.1uF_4_U_VT_WRP6(0.1uF_0603)
Added Component: Designator=0.1uF_4_U_VT_WRP7(0.1uF_0603)
Added Component: Designator=0.1uF_4_U_VT_WRP8(0.1uF_0603)
Added Component: Designator=1_U_Power_Control1(0.1uF_0603)
Added Component: Designator=1_U_Power_Control2(0.1uF_0603)
Added Component: Designator=2_U_Power_Control1(0.1uF_0603)
Added Component: Designator=2_U_Power_Control2(0.1uF_0603)
Added Component: Designator=3_U_Power_Control1(0.1uF_0603)
Added Component: Designator=3_U_Power_Control2(0.1uF_0603)
Added Component: Designator=4_U_Power_Control1(0.1uF_0603)
Added Component: Designator=4_U_Power_Control2(0.1uF_0603)
Added Component: Designator=5_U_Power_Control1(0.1uF_0603)
Added Component: Designator=5_U_Power_Control2(0.1uF_0603)
Added Component: Designator=6_U_Power_Control1(0.1uF_0603)
Added Component: Designator=6_U_Power_Control2(0.1uF_0603)
Added Component: Designator=D1_U_Power_Control1(DO-41)
Added Component: Designator=D1_U_Power_Control2(DO-41)
Added Component: Designator=D2_U_Power_Control1(DO-41)
Added Component: Designator=D2_U_Power_Control2(DO-41)
Added Component: Designator=DUT1_U_DUT_HEADER1(FEMALE_HEADER_SMD)
Added Component: Designator=DUT1_U_DUT_HEADER2(FEMALE_HEADER_SMD)
Added Component: Designator=DUT1_U_DUT_HEADER3(FEMALE_HEADER_SMD)
Added Component: Designator=DUT1_U_DUT_HEADER4(FEMALE_HEADER_SMD)
Added Component: Designator=LM1_U_Power_Control1(op_amp)
Added Component: Designator=LM1_U_Power_Control2(op_amp)
Added Component: Designator=LM2_U_Power_Control1(op_amp)
Added Component: Designator=LM2_U_Power_Control2(op_amp)
Added Component: Designator=LT1_U_VT_WRP1(8-bit_level)
Added Component: Designator=LT1_U_VT_WRP2(8-bit_level)
Added Component: Designator=LT1_U_VT_WRP3(8-bit_level)
Added Component: Designator=LT1_U_VT_WRP4(8-bit_level)
Added Component: Designator=LT1_U_VT_WRP5(8-bit_level)
Added Component: Designator=LT1_U_VT_WRP6(8-bit_level)
Added Component: Designator=LT1_U_VT_WRP7(8-bit_level)
Added Component: Designator=LT1_U_VT_WRP8(8-bit_level)
Added Component: Designator=LT2_U_VT_WRP1(8-bit_level)
Added Component: Designator=LT2_U_VT_WRP2(8-bit_level)
Added Component: Designator=LT2_U_VT_WRP3(8-bit_level)
Added Component: Designator=LT2_U_VT_WRP4(8-bit_level)
Added Component: Designator=LT2_U_VT_WRP5(8-bit_level)
Added Component: Designator=LT2_U_VT_WRP6(8-bit_level)
Added Component: Designator=LT2_U_VT_WRP7(8-bit_level)
Added Component: Designator=LT2_U_VT_WRP8(8-bit_level)
Added Component: Designator=POT_U_Power_Control1(Dig_Pot)
Added Component: Designator=POT_U_Power_Control2(Dig_Pot)
Added Component: Designator=R2_U_Power_Control1(0.1uF_0603)
Added Component: Designator=R2_U_Power_Control2(0.1uF_0603)
Added Component: Designator=R5_U_Power_Control1(J1-0603)
Added Component: Designator=R5_U_Power_Control2(J1-0603)
Added Component: Designator=R6_U_Power_Control1(J1-0603)
Added Component: Designator=R6_U_Power_Control2(J1-0603)
Added Component: Designator=R9_U_Power_Control1(J1-0603)
Added Component: Designator=R9_U_Power_Control2(J1-0603)
Added Component: Designator=R10_U_Power_Control1(J1-0603)
Added Component: Designator=R10_U_Power_Control2(J1-0603)
Added Component: Designator=VR1_U_Power_Control1(volt_reg)
Added Component: Designator=VR1_U_Power_Control2(volt_reg)
Added Pin To Net: NetName=TSB_VCC_B Pin=0.1uF_0_U_VT_WRP1-1
Added Pin To Net: NetName=TSB_VCC_B Pin=0.1uF_0_U_VT_WRP2-1
Added Pin To Net: NetName=TSB_VCC_B Pin=0.1uF_0_U_VT_WRP3-1
Added Pin To Net: NetName=TSB_VCC_B Pin=0.1uF_0_U_VT_WRP4-1
Added Pin To Net: NetName=TSB_VCC_B Pin=0.1uF_0_U_VT_WRP5-1
Added Pin To Net: NetName=TSB_VCC_B Pin=0.1uF_0_U_VT_WRP6-1
Added Pin To Net: NetName=TSB_VCC_B Pin=0.1uF_0_U_VT_WRP7-1
Added Pin To Net: NetName=TSB_VCC_B Pin=0.1uF_0_U_VT_WRP8-1
Added Pin To Net: NetName=TSB_VCC_B Pin=0.1uF_1_U_VT_WRP1-1
Added Pin To Net: NetName=TSB_VCC_B Pin=0.1uF_1_U_VT_WRP2-1
Added Pin To Net: NetName=TSB_VCC_B Pin=0.1uF_1_U_VT_WRP3-1
Added Pin To Net: NetName=TSB_VCC_B Pin=0.1uF_1_U_VT_WRP4-1
Added Pin To Net: NetName=TSB_VCC_B Pin=0.1uF_1_U_VT_WRP5-1
Added Pin To Net: NetName=TSB_VCC_B Pin=0.1uF_1_U_VT_WRP6-1
Added Pin To Net: NetName=TSB_VCC_B Pin=0.1uF_1_U_VT_WRP7-1
Added Pin To Net: NetName=TSB_VCC_B Pin=0.1uF_1_U_VT_WRP8-1
Added Pin To Net: NetName=L_H5 Pin=3_U_Power_Control1-1
Added Pin To Net: NetName=L_H5 Pin=3_U_Power_Control2-1
Added Pin To Net: NetName=TSB_VCC_B Pin=3V3-2
Added Pin To Net: NetName=TSB_VCC_B Pin=3V3-3
Added Pin To Net: NetName=L_H5 Pin=4_U_Power_Control1-1
Added Pin To Net: NetName=L_H5 Pin=4_U_Power_Control2-1
Added Pin To Net: NetName=L_H5 Pin=5_U_Power_Control1-1
Added Pin To Net: NetName=L_H5 Pin=5_U_Power_Control2-1
Added Pin To Net: NetName=L_H5 Pin=6_U_Power_Control1-1
Added Pin To Net: NetName=L_H5 Pin=6_U_Power_Control2-1
Added Pin To Net: NetName=L_H5 Pin=DUT1_U_DUT_HEADER1-19
Added Pin To Net: NetName=L_H5 Pin=DUT1_U_DUT_HEADER1-20
Added Pin To Net: NetName=L_H5 Pin=DUT1_U_DUT_HEADER1-21
Added Pin To Net: NetName=L_H5 Pin=DUT1_U_DUT_HEADER1-22
Added Pin To Net: NetName=L_H5 Pin=DUT1_U_DUT_HEADER1-23
Added Pin To Net: NetName=L_H2 Pin=DUT1_U_DUT_HEADER2-19
Added Pin To Net: NetName=L_H5 Pin=DUT1_U_DUT_HEADER2-20
Added Pin To Net: NetName=L_H5 Pin=DUT1_U_DUT_HEADER2-21
Added Pin To Net: NetName=L_H5 Pin=DUT1_U_DUT_HEADER2-22
Added Pin To Net: NetName=~RCLR Pin=DUT1_U_DUT_HEADER3-19
Added Pin To Net: NetName=L_H5 Pin=DUT1_U_DUT_HEADER4-20
Added Pin To Net: NetName=L_H5 Pin=DUT1_U_DUT_HEADER4-21
Added Pin To Net: NetName=FPGA_RX Pin=ETH4-16
Added Pin To Net: NetName=FPGA_TX Pin=ETH4-17
Added Pin To Net: NetName=SRCLK Pin=ETH4-21
Added Pin To Net: NetName=RCLK Pin=ETH4-22
Added Pin To Net: NetName=~RCLR Pin=ETH4-32
Added Pin To Net: NetName=L_H5 Pin=LM2_U_Power_Control1-2
Added Pin To Net: NetName=L_H5 Pin=LM2_U_Power_Control2-2
Added Pin To Net: NetName=TSB_VCC_B Pin=LT1_U_VT_WRP1-2
Added Pin To Net: NetName=TSB_VCC_B Pin=LT1_U_VT_WRP2-2
Added Pin To Net: NetName=TSB_VCC_B Pin=LT1_U_VT_WRP3-2
Added Pin To Net: NetName=TSB_VCC_B Pin=LT1_U_VT_WRP4-2
Added Pin To Net: NetName=TSB_VCC_B Pin=LT1_U_VT_WRP5-2
Added Pin To Net: NetName=TSB_VCC_B Pin=LT1_U_VT_WRP6-2
Added Pin To Net: NetName=TSB_VCC_B Pin=LT1_U_VT_WRP7-2
Added Pin To Net: NetName=TSB_VCC_B Pin=LT1_U_VT_WRP8-2
Added Pin To Net: NetName=TSB_VCC_B Pin=LT2_U_VT_WRP1-2
Added Pin To Net: NetName=TSB_VCC_B Pin=LT2_U_VT_WRP2-2
Added Pin To Net: NetName=TSB_VCC_B Pin=LT2_U_VT_WRP3-2
Added Pin To Net: NetName=TSB_VCC_B Pin=LT2_U_VT_WRP4-2
Added Pin To Net: NetName=TSB_VCC_B Pin=LT2_U_VT_WRP5-2
Added Pin To Net: NetName=TSB_VCC_B Pin=LT2_U_VT_WRP6-2
Added Pin To Net: NetName=TSB_VCC_B Pin=LT2_U_VT_WRP7-2
Added Pin To Net: NetName=TSB_VCC_B Pin=LT2_U_VT_WRP8-2
Added Pin To Net: NetName=V_RST Pin=POT_U_Power_Control1-1
Added Pin To Net: NetName=L_H5 Pin=POT_U_Power_Control1-2
Added Pin To Net: NetName=TSB_VCC_B Pin=POT_U_Power_Control1-8
Added Pin To Net: NetName=L_H5 Pin=POT_U_Power_Control1-9
Added Pin To Net: NetName=DIN1 Pin=POT_U_Power_Control1-10
Added Pin To Net: NetName=SPICS0 Pin=POT_U_Power_Control1-12
Added Pin To Net: NetName=RDY1 Pin=POT_U_Power_Control1-14
Added Pin To Net: NetName=V_RST Pin=POT_U_Power_Control2-1
Added Pin To Net: NetName=L_H5 Pin=POT_U_Power_Control2-2
Added Pin To Net: NetName=TSB_VCC_B Pin=POT_U_Power_Control2-8
Added Pin To Net: NetName=L_H5 Pin=POT_U_Power_Control2-9
Added Pin To Net: NetName=DIN0 Pin=POT_U_Power_Control2-10
Added Pin To Net: NetName=SPICS0 Pin=POT_U_Power_Control2-12
Added Pin To Net: NetName=RDY0 Pin=POT_U_Power_Control2-14
Added Pin To Net: NetName=OTHER_W21 Pin=R1-2
Added Pin To Net: NetName=L_H5 Pin=R5_U_Power_Control1-1
Added Pin To Net: NetName=L_H5 Pin=R5_U_Power_Control2-1
Added Pin To Net: NetName=L_H5 Pin=R9_U_Power_Control1-1
Added Pin To Net: NetName=L_H5 Pin=R9_U_Power_Control2-1
Added Pin To Net: NetName=OTHER_W21 Pin=S1-2
Added Pin To Net: NetName=~RCLR Pin=SR1-10
Added Pin To Net: NetName=TSB_VCC_B Pin=SR1-16
Added Pin To Net: NetName=~RCLR Pin=SR2-10
Added Pin To Net: NetName=TSB_VCC_B Pin=SR2-16
Added Pin To Net: NetName=~RCLR Pin=SR3-10
Added Pin To Net: NetName=TSB_VCC_B Pin=SR3-16
Added Pin To Net: NetName=~RCLR Pin=SR4-10
Added Pin To Net: NetName=TSB_VCC_B Pin=SR4-16
Added Pin To Net: NetName=~RCLR Pin=SR5-10
Added Pin To Net: NetName=TSB_VCC_B Pin=SR5-16
Added Pin To Net: NetName=~RCLR Pin=SR6-10
Added Pin To Net: NetName=TSB_VCC_B Pin=SR6-16
Added Pin To Net: NetName=~RCLR Pin=SR7-10
Added Pin To Net: NetName=TSB_VCC_B Pin=SR7-16
Added Pin To Net: NetName=~RCLR Pin=SR8-10
Added Pin To Net: NetName=TSB_VCC_B Pin=SR8-16
Added Pin To Net: NetName=~RCLR Pin=SR9-10
Added Pin To Net: NetName=TSB_VCC_B Pin=SR9-16
Added Pin To Net: NetName=~RCLR Pin=SR10-10
Added Pin To Net: NetName=TSB_VCC_B Pin=SR10-16
Added Pin To Net: NetName=~RCLR Pin=SR11-10
Added Pin To Net: NetName=TSB_VCC_B Pin=SR11-16
Added Pin To Net: NetName=~RCLR Pin=SR12-10
Added Pin To Net: NetName=TSB_VCC_B Pin=SR12-16
Added Pin To Net: NetName=~RCLR Pin=SR13-10
Added Pin To Net: NetName=TSB_VCC_B Pin=SR13-16
Added Pin To Net: NetName=~RCLR Pin=SR14-10
Added Pin To Net: NetName=TSB_VCC_B Pin=SR14-16
Added Pin To Net: NetName=~RCLR Pin=SR15-10
Added Pin To Net: NetName=TSB_VCC_B Pin=SR15-16
Added Pin To Net: NetName=~RCLR Pin=SR16-10
Added Pin To Net: NetName=TSB_VCC_B Pin=SR16-16
Change Net Name : Old Net Name=RCLK New Net Name=FPGA_RCLK
Change Net Name : Old Net Name=SIGNAL_W0 New Net Name=A_B0
Change Net Name : Old Net Name=SIGNAL_W1 New Net Name=A_B1
Change Net Name : Old Net Name=SIGNAL_W2 New Net Name=A_B2
Change Net Name : Old Net Name=SIGNAL_W3 New Net Name=A_B3
Change Net Name : Old Net Name=SIGNAL_W4 New Net Name=A_B4
Change Net Name : Old Net Name=SIGNAL_W5 New Net Name=A_B5
Change Net Name : Old Net Name=SIGNAL_W6 New Net Name=A_B6
Change Net Name : Old Net Name=SIGNAL_W7 New Net Name=A_B7
Change Net Name : Old Net Name=SIGNAL_W8 New Net Name=A_B8
Change Net Name : Old Net Name=SIGNAL_W9 New Net Name=A_B9
Change Net Name : Old Net Name=SIGNAL_W10 New Net Name=A_B10
Change Net Name : Old Net Name=SIGNAL_W11 New Net Name=A_B11
Change Net Name : Old Net Name=SIGNAL_W12 New Net Name=A_B12
Change Net Name : Old Net Name=SIGNAL_W13 New Net Name=A_B13
Change Net Name : Old Net Name=SIGNAL_W14 New Net Name=A_B14
Change Net Name : Old Net Name=SIGNAL_W15 New Net Name=A_B15
Change Net Name : Old Net Name=SIGNAL_W16 New Net Name=A_B16
Change Net Name : Old Net Name=SIGNAL_W17 New Net Name=A_B17
Change Net Name : Old Net Name=SIGNAL_W18 New Net Name=A_B18
Change Net Name : Old Net Name=SIGNAL_W19 New Net Name=A_B19
Change Net Name : Old Net Name=SIGNAL_W20 New Net Name=A_B20
Change Net Name : Old Net Name=SIGNAL_W21 New Net Name=A_B21
Change Net Name : Old Net Name=SIGNAL_W22 New Net Name=A_B22
Change Net Name : Old Net Name=SIGNAL_W23 New Net Name=A_B23
Change Net Name : Old Net Name=SIGNAL_W24 New Net Name=A_B24
Change Net Name : Old Net Name=SIGNAL_W25 New Net Name=A_B25
Change Net Name : Old Net Name=SIGNAL_W26 New Net Name=A_B26
Change Net Name : Old Net Name=SIGNAL_W27 New Net Name=A_B27
Change Net Name : Old Net Name=SIGNAL_W28 New Net Name=A_B28
Change Net Name : Old Net Name=SIGNAL_W29 New Net Name=A_B29
Change Net Name : Old Net Name=SIGNAL_W30 New Net Name=A_B30
Change Net Name : Old Net Name=SIGNAL_W31 New Net Name=A_B31
Change Net Name : Old Net Name=SIGNAL_W32 New Net Name=A_B32
Change Net Name : Old Net Name=SIGNAL_W33 New Net Name=A_B33
Change Net Name : Old Net Name=SIGNAL_W34 New Net Name=A_B34
Change Net Name : Old Net Name=SIGNAL_W35 New Net Name=A_B35
Change Net Name : Old Net Name=SIGNAL_W36 New Net Name=A_B36
Change Net Name : Old Net Name=SIGNAL_W37 New Net Name=A_B37
Change Net Name : Old Net Name=SIGNAL_W38 New Net Name=A_B38
Change Net Name : Old Net Name=SIGNAL_W39 New Net Name=A_B39
Change Net Name : Old Net Name=SIGNAL_W40 New Net Name=A_B40
Change Net Name : Old Net Name=SIGNAL_W41 New Net Name=A_B41
Change Net Name : Old Net Name=SIGNAL_W42 New Net Name=A_B42
Change Net Name : Old Net Name=SIGNAL_W43 New Net Name=A_B43
Change Net Name : Old Net Name=SIGNAL_W44 New Net Name=A_B44
Change Net Name : Old Net Name=SIGNAL_W45 New Net Name=A_B45
Change Net Name : Old Net Name=SIGNAL_W46 New Net Name=A_B46
Change Net Name : Old Net Name=SIGNAL_W47 New Net Name=A_B47
Change Net Name : Old Net Name=SIGNAL_W64 New Net Name=A_B64
Change Net Name : Old Net Name=SIGNAL_W65 New Net Name=A_B65
Change Net Name : Old Net Name=SIGNAL_W66 New Net Name=A_B66
Change Net Name : Old Net Name=SIGNAL_W67 New Net Name=A_B67
Change Net Name : Old Net Name=SIGNAL_W68 New Net Name=A_B68
Change Net Name : Old Net Name=SIGNAL_W69 New Net Name=A_B69
Change Net Name : Old Net Name=SIGNAL_W70 New Net Name=A_B70
Change Net Name : Old Net Name=SIGNAL_W71 New Net Name=A_B71
Change Net Name : Old Net Name=SIGNAL_W72 New Net Name=A_B72
Change Net Name : Old Net Name=SIGNAL_W73 New Net Name=A_B73
Change Net Name : Old Net Name=SIGNAL_W74 New Net Name=A_B74
Change Net Name : Old Net Name=SIGNAL_W75 New Net Name=A_B75
Change Net Name : Old Net Name=SIGNAL_W76 New Net Name=A_B76
Change Net Name : Old Net Name=SIGNAL_W77 New Net Name=A_B77
Change Net Name : Old Net Name=SIGNAL_W78 New Net Name=A_B78
Change Net Name : Old Net Name=SIGNAL_W79 New Net Name=A_B79
Change Net Name : Old Net Name=SIGNAL_W80 New Net Name=A_B80
Change Net Name : Old Net Name=SIGNAL_W81 New Net Name=A_B81
Change Net Name : Old Net Name=SIGNAL_W82 New Net Name=A_B82
Change Net Name : Old Net Name=SIGNAL_W83 New Net Name=A_B83
Change Net Name : Old Net Name=SIGNAL_W84 New Net Name=A_B84
Change Net Name : Old Net Name=SIGNAL_W85 New Net Name=A_B85
Change Net Name : Old Net Name=SIGNAL_W86 New Net Name=A_B86
Change Net Name : Old Net Name=SIGNAL_W87 New Net Name=A_B87
Change Net Name : Old Net Name=SIGNAL_W88 New Net Name=A_B88
Change Net Name : Old Net Name=SIGNAL_W89 New Net Name=A_B89
Change Net Name : Old Net Name=SIGNAL_W90 New Net Name=A_B90
Change Net Name : Old Net Name=SIGNAL_W91 New Net Name=A_B91
Change Net Name : Old Net Name=SIGNAL_W92 New Net Name=A_B92
Change Net Name : Old Net Name=SIGNAL_W93 New Net Name=A_B93
Change Net Name : Old Net Name=SIGNAL_W94 New Net Name=A_B94
Change Net Name : Old Net Name=SIGNAL_W95 New Net Name=A_B95
Change Net Name : Old Net Name=SIGNAL_W96 New Net Name=A_B96
Change Net Name : Old Net Name=SIGNAL_W97 New Net Name=A_B97
Change Net Name : Old Net Name=SIGNAL_W98 New Net Name=A_B98
Change Net Name : Old Net Name=SIGNAL_W99 New Net Name=A_B99
Change Net Name : Old Net Name=SIGNAL_W100 New Net Name=A_B100
Change Net Name : Old Net Name=SIGNAL_W101 New Net Name=A_B101
Change Net Name : Old Net Name=SIGNAL_W102 New Net Name=A_B102
Change Net Name : Old Net Name=SIGNAL_W103 New Net Name=A_B103
Change Net Name : Old Net Name=SIGNAL_W104 New Net Name=A_B104
Change Net Name : Old Net Name=SIGNAL_W105 New Net Name=A_B105
Change Net Name : Old Net Name=SIGNAL_W106 New Net Name=A_B106
Change Net Name : Old Net Name=SIGNAL_W107 New Net Name=A_B107
Change Net Name : Old Net Name=SIGNAL_W108 New Net Name=A_B108
Change Net Name : Old Net Name=SIGNAL_W109 New Net Name=A_B109
Change Net Name : Old Net Name=SIGNAL_W110 New Net Name=A_B110
Change Net Name : Old Net Name=SIGNAL_W111 New Net Name=A_B111
Change Net Name : Old Net Name=SIGNAL_W112 New Net Name=A_B112
Change Net Name : Old Net Name=SIGNAL_W113 New Net Name=A_B113
Change Net Name : Old Net Name=SIGNAL_W114 New Net Name=A_B114
Change Net Name : Old Net Name=SIGNAL_W115 New Net Name=A_B115
Change Net Name : Old Net Name=SIGNAL_W116 New Net Name=A_B116
Change Net Name : Old Net Name=SIGNAL_W117 New Net Name=A_B117
Change Net Name : Old Net Name=SIGNAL_W118 New Net Name=A_B118
Change Net Name : Old Net Name=SIGNAL_W119 New Net Name=A_B119
Change Net Name : Old Net Name=SIGNAL_W120 New Net Name=A_B120
Change Net Name : Old Net Name=SIGNAL_W121 New Net Name=A_B121
Change Net Name : Old Net Name=SIGNAL_W122 New Net Name=A_B122
Change Net Name : Old Net Name=SIGNAL_W124 New Net Name=A_B124
Change Net Name : Old Net Name=SIGNAL_W125 New Net Name=A_B125
Change Net Name : Old Net Name=SRCLK New Net Name=FPGA_SRCLK
Change Net Name : Old Net Name=TSB_VCC_B New Net Name=3V3_W
Change Net Name : Old Net Name=~RCLR New Net Name=B_H2
Added Pin To Net: NetName=-5V_W_U_Power_Control1 Pin=-5V-1
Added Pin To Net: NetName=-5V_W_U_Power_Control1 Pin=-5V-1
Added Pin To Net: NetName=-5V_W_U_Power_Control1 Pin=LM1_U_Power_Control1-2
Added Pin To Net: NetName=-5V_W_U_Power_Control1 Pin=LM1_U_Power_Control2-2
Added Pin To Net: NetName=-5V_W_U_Power_Control1 Pin=R6_U_Power_Control1-1
Added Pin To Net: NetName=-5V_W_U_Power_Control1 Pin=R6_U_Power_Control2-1
Added Net: Name=-5V_W_U_Power_Control1
Added Pin To Net: NetName=12V_W_U_Power_Control1 Pin=12V.-2
Added Pin To Net: NetName=12V_W_U_Power_Control1 Pin=12V.-3
Added Pin To Net: NetName=12V_W_U_Power_Control1 Pin=LM2_U_Power_Control1-5
Added Pin To Net: NetName=12V_W_U_Power_Control1 Pin=LM2_U_Power_Control2-5
Added Pin To Net: NetName=12V_W_U_Power_Control1 Pin=POT_U_Power_Control1-6
Added Pin To Net: NetName=12V_W_U_Power_Control1 Pin=POT_U_Power_Control2-6
Added Pin To Net: NetName=12V_W_U_Power_Control1 Pin=R10_U_Power_Control1-2
Added Pin To Net: NetName=12V_W_U_Power_Control1 Pin=R10_U_Power_Control2-2
Added Net: Name=12V_W_U_Power_Control1
Added Pin To Net: NetName=B_H0 Pin=DUT1_U_DUT_HEADER3-17
Added Pin To Net: NetName=B_H0 Pin=ETH4-34
Added Net: Name=B_H0
Added Pin To Net: NetName=B_H1 Pin=DUT1_U_DUT_HEADER3-18
Added Pin To Net: NetName=B_H1 Pin=ETH4-33
Added Net: Name=B_H1
Added Pin To Net: NetName=B_H3 Pin=DUT1_U_DUT_HEADER3-20
Added Pin To Net: NetName=B_H3 Pin=ETH4-18
Added Net: Name=B_H3
Added Pin To Net: NetName=B_H4 Pin=DUT1_U_DUT_HEADER3-21
Added Pin To Net: NetName=B_H4 Pin=ETH4-31
Added Net: Name=B_H4
Added Pin To Net: NetName=B_H5 Pin=DUT1_U_DUT_HEADER3-22
Added Pin To Net: NetName=B_H5 Pin=ETH4-29
Added Net: Name=B_H5
Added Pin To Net: NetName=B_H6 Pin=DUT1_U_DUT_HEADER3-23
Added Pin To Net: NetName=B_H6 Pin=ETH4-28
Added Net: Name=B_H6
Added Pin To Net: NetName=B_H7 Pin=DUT1_U_DUT_HEADER3-24
Added Pin To Net: NetName=B_H7 Pin=DUT1_U_DUT_HEADER4-24
Added Pin To Net: NetName=B_H7 Pin=ETH4-35
Added Net: Name=B_H7
Added Pin To Net: NetName=FPGA_SER Pin=ETH4-20
Added Pin To Net: NetName=FPGA_SER Pin=SR1-14
Added Net: Name=FPGA_SER
Added Pin To Net: NetName=GLOBAL_LOW_POWER Pin=D1_U_Power_Control1-1
Added Pin To Net: NetName=GLOBAL_LOW_POWER Pin=D2_U_Power_Control1-2
Added Pin To Net: NetName=GLOBAL_LOW_POWER Pin=LT1_U_VT_WRP1-11
Added Pin To Net: NetName=GLOBAL_LOW_POWER Pin=LT1_U_VT_WRP2-11
Added Pin To Net: NetName=GLOBAL_LOW_POWER Pin=LT1_U_VT_WRP3-11
Added Pin To Net: NetName=GLOBAL_LOW_POWER Pin=LT1_U_VT_WRP4-11
Added Pin To Net: NetName=GLOBAL_LOW_POWER Pin=LT1_U_VT_WRP5-11
Added Pin To Net: NetName=GLOBAL_LOW_POWER Pin=LT1_U_VT_WRP6-11
Added Pin To Net: NetName=GLOBAL_LOW_POWER Pin=LT1_U_VT_WRP7-11
Added Pin To Net: NetName=GLOBAL_LOW_POWER Pin=LT1_U_VT_WRP8-11
Added Pin To Net: NetName=GLOBAL_LOW_POWER Pin=LT2_U_VT_WRP1-11
Added Pin To Net: NetName=GLOBAL_LOW_POWER Pin=LT2_U_VT_WRP2-11
Added Pin To Net: NetName=GLOBAL_LOW_POWER Pin=LT2_U_VT_WRP3-11
Added Pin To Net: NetName=GLOBAL_LOW_POWER Pin=LT2_U_VT_WRP4-11
Added Pin To Net: NetName=GLOBAL_LOW_POWER Pin=LT2_U_VT_WRP5-11
Added Pin To Net: NetName=GLOBAL_LOW_POWER Pin=LT2_U_VT_WRP6-11
Added Pin To Net: NetName=GLOBAL_LOW_POWER Pin=LT2_U_VT_WRP7-11
Added Pin To Net: NetName=GLOBAL_LOW_POWER Pin=LT2_U_VT_WRP8-11
Added Pin To Net: NetName=GLOBAL_LOW_POWER Pin=R2_U_Power_Control1-2
Added Pin To Net: NetName=GLOBAL_LOW_POWER Pin=VR1_U_Power_Control1-2
Added Pin To Net: NetName=GLOBAL_LOW_POWER Pin=VR1_U_Power_Control1-4
Added Net: Name=GLOBAL_LOW_POWER
Added Pin To Net: NetName=IVL_B0 Pin=LT1_U_VT_WRP8-1
Added Net: Name=IVL_B0
Added Pin To Net: NetName=IVL_B1 Pin=LT1_U_VT_WRP8-3
Added Net: Name=IVL_B1
Added Pin To Net: NetName=IVL_B2 Pin=LT1_U_VT_WRP8-4
Added Net: Name=IVL_B2
Added Pin To Net: NetName=IVL_B3 Pin=LT1_U_VT_WRP8-5
Added Net: Name=IVL_B3
Added Pin To Net: NetName=IVL_B4 Pin=LT1_U_VT_WRP8-6
Added Net: Name=IVL_B4
Added Pin To Net: NetName=IVL_B5 Pin=LT1_U_VT_WRP8-7
Added Net: Name=IVL_B5
Added Pin To Net: NetName=IVL_B6 Pin=LT1_U_VT_WRP8-8
Added Net: Name=IVL_B6
Added Pin To Net: NetName=IVL_B7 Pin=LT1_U_VT_WRP8-9
Added Net: Name=IVL_B7
Added Pin To Net: NetName=IVL_B8 Pin=LT2_U_VT_WRP8-1
Added Net: Name=IVL_B8
Added Pin To Net: NetName=IVL_B9 Pin=LT2_U_VT_WRP8-3
Added Net: Name=IVL_B9
Added Pin To Net: NetName=IVL_B10 Pin=LT2_U_VT_WRP8-4
Added Net: Name=IVL_B10
Added Pin To Net: NetName=IVL_B11 Pin=LT2_U_VT_WRP8-5
Added Net: Name=IVL_B11
Added Pin To Net: NetName=IVL_B12 Pin=LT2_U_VT_WRP8-6
Added Net: Name=IVL_B12
Added Pin To Net: NetName=IVL_B13 Pin=LT2_U_VT_WRP8-7
Added Net: Name=IVL_B13
Added Pin To Net: NetName=IVL_B14 Pin=LT2_U_VT_WRP8-8
Added Net: Name=IVL_B14
Added Pin To Net: NetName=IVL_B15 Pin=LT2_U_VT_WRP8-9
Added Net: Name=IVL_B15
Added Pin To Net: NetName=IVL_B16 Pin=LT1_U_VT_WRP7-1
Added Net: Name=IVL_B16
Added Pin To Net: NetName=IVL_B17 Pin=LT1_U_VT_WRP7-3
Added Net: Name=IVL_B17
Added Pin To Net: NetName=IVL_B18 Pin=LT1_U_VT_WRP7-4
Added Net: Name=IVL_B18
Added Pin To Net: NetName=IVL_B19 Pin=LT1_U_VT_WRP7-5
Added Net: Name=IVL_B19
Added Pin To Net: NetName=IVL_B20 Pin=LT1_U_VT_WRP7-6
Added Net: Name=IVL_B20
Added Pin To Net: NetName=IVL_B21 Pin=LT1_U_VT_WRP7-7
Added Net: Name=IVL_B21
Added Pin To Net: NetName=IVL_B22 Pin=LT1_U_VT_WRP7-8
Added Net: Name=IVL_B22
Added Pin To Net: NetName=IVL_B23 Pin=LT1_U_VT_WRP7-9
Added Net: Name=IVL_B23
Added Pin To Net: NetName=IVL_B24 Pin=LT2_U_VT_WRP7-1
Added Net: Name=IVL_B24
Added Pin To Net: NetName=IVL_B25 Pin=LT2_U_VT_WRP7-3
Added Net: Name=IVL_B25
Added Pin To Net: NetName=IVL_B26 Pin=LT2_U_VT_WRP7-4
Added Net: Name=IVL_B26
Added Pin To Net: NetName=IVL_B27 Pin=LT2_U_VT_WRP7-5
Added Net: Name=IVL_B27
Added Pin To Net: NetName=IVL_B28 Pin=LT2_U_VT_WRP7-6
Added Net: Name=IVL_B28
Added Pin To Net: NetName=IVL_B29 Pin=LT2_U_VT_WRP7-7
Added Net: Name=IVL_B29
Added Pin To Net: NetName=IVL_B30 Pin=LT2_U_VT_WRP7-8
Added Net: Name=IVL_B30
Added Pin To Net: NetName=IVL_B31 Pin=LT2_U_VT_WRP7-9
Added Net: Name=IVL_B31
Added Pin To Net: NetName=IVL_B32 Pin=LT1_U_VT_WRP6-1
Added Net: Name=IVL_B32
Added Pin To Net: NetName=IVL_B33 Pin=LT1_U_VT_WRP6-3
Added Net: Name=IVL_B33
Added Pin To Net: NetName=IVL_B34 Pin=LT1_U_VT_WRP6-4
Added Net: Name=IVL_B34
Added Pin To Net: NetName=IVL_B35 Pin=LT1_U_VT_WRP6-5
Added Net: Name=IVL_B35
Added Pin To Net: NetName=IVL_B36 Pin=LT1_U_VT_WRP6-6
Added Net: Name=IVL_B36
Added Pin To Net: NetName=IVL_B37 Pin=LT1_U_VT_WRP6-7
Added Net: Name=IVL_B37
Added Pin To Net: NetName=IVL_B38 Pin=LT1_U_VT_WRP6-8
Added Net: Name=IVL_B38
Added Pin To Net: NetName=IVL_B39 Pin=LT1_U_VT_WRP6-9
Added Net: Name=IVL_B39
Added Pin To Net: NetName=IVL_B40 Pin=LT2_U_VT_WRP6-1
Added Net: Name=IVL_B40
Added Pin To Net: NetName=IVL_B41 Pin=LT2_U_VT_WRP6-3
Added Net: Name=IVL_B41
Added Pin To Net: NetName=IVL_B42 Pin=LT2_U_VT_WRP6-4
Added Net: Name=IVL_B42
Added Pin To Net: NetName=IVL_B43 Pin=LT2_U_VT_WRP6-5
Added Net: Name=IVL_B43
Added Pin To Net: NetName=IVL_B44 Pin=LT2_U_VT_WRP6-6
Added Net: Name=IVL_B44
Added Pin To Net: NetName=IVL_B45 Pin=LT2_U_VT_WRP6-7
Added Net: Name=IVL_B45
Added Pin To Net: NetName=IVL_B46 Pin=LT2_U_VT_WRP6-8
Added Net: Name=IVL_B46
Added Pin To Net: NetName=IVL_B47 Pin=LT2_U_VT_WRP6-9
Added Net: Name=IVL_B47
Added Pin To Net: NetName=IVL_B48 Pin=LT1_U_VT_WRP5-1
Added Net: Name=IVL_B48
Added Pin To Net: NetName=IVL_B49 Pin=LT1_U_VT_WRP5-3
Added Net: Name=IVL_B49
Added Pin To Net: NetName=IVL_B50 Pin=LT1_U_VT_WRP5-4
Added Net: Name=IVL_B50
Added Pin To Net: NetName=IVL_B51 Pin=LT1_U_VT_WRP5-5
Added Net: Name=IVL_B51
Added Pin To Net: NetName=IVL_B52 Pin=LT1_U_VT_WRP5-6
Added Net: Name=IVL_B52
Added Pin To Net: NetName=IVL_B53 Pin=LT1_U_VT_WRP5-7
Added Net: Name=IVL_B53
Added Pin To Net: NetName=IVL_B54 Pin=LT1_U_VT_WRP5-8
Added Net: Name=IVL_B54
Added Pin To Net: NetName=IVL_B55 Pin=LT1_U_VT_WRP5-9
Added Net: Name=IVL_B55
Added Pin To Net: NetName=IVL_B56 Pin=LT2_U_VT_WRP5-1
Added Net: Name=IVL_B56
Added Pin To Net: NetName=IVL_B57 Pin=LT2_U_VT_WRP5-3
Added Net: Name=IVL_B57
Added Pin To Net: NetName=IVL_B58 Pin=LT2_U_VT_WRP5-4
Added Net: Name=IVL_B58
Added Pin To Net: NetName=IVL_B59 Pin=LT2_U_VT_WRP5-5
Added Net: Name=IVL_B59
Added Pin To Net: NetName=IVL_B60 Pin=LT2_U_VT_WRP5-6
Added Net: Name=IVL_B60
Added Pin To Net: NetName=IVL_B61 Pin=LT2_U_VT_WRP5-7
Added Net: Name=IVL_B61
Added Pin To Net: NetName=IVL_B62 Pin=LT2_U_VT_WRP5-8
Added Net: Name=IVL_B62
Added Pin To Net: NetName=IVL_B63 Pin=LT2_U_VT_WRP5-9
Added Net: Name=IVL_B63
Added Pin To Net: NetName=IVL_B64 Pin=LT1_U_VT_WRP4-1
Added Net: Name=IVL_B64
Added Pin To Net: NetName=IVL_B65 Pin=LT1_U_VT_WRP4-3
Added Net: Name=IVL_B65
Added Pin To Net: NetName=IVL_B66 Pin=LT1_U_VT_WRP4-4
Added Net: Name=IVL_B66
Added Pin To Net: NetName=IVL_B67 Pin=LT1_U_VT_WRP4-5
Added Net: Name=IVL_B67
Added Pin To Net: NetName=IVL_B68 Pin=LT1_U_VT_WRP4-6
Added Net: Name=IVL_B68
Added Pin To Net: NetName=IVL_B69 Pin=LT1_U_VT_WRP4-7
Added Net: Name=IVL_B69
Added Pin To Net: NetName=IVL_B70 Pin=LT1_U_VT_WRP4-8
Added Net: Name=IVL_B70
Added Pin To Net: NetName=IVL_B71 Pin=LT1_U_VT_WRP4-9
Added Net: Name=IVL_B71
Added Pin To Net: NetName=IVL_B72 Pin=LT2_U_VT_WRP4-1
Added Net: Name=IVL_B72
Added Pin To Net: NetName=IVL_B73 Pin=LT2_U_VT_WRP4-3
Added Net: Name=IVL_B73
Added Pin To Net: NetName=IVL_B74 Pin=LT2_U_VT_WRP4-4
Added Net: Name=IVL_B74
Added Pin To Net: NetName=IVL_B75 Pin=LT2_U_VT_WRP4-5
Added Net: Name=IVL_B75
Added Pin To Net: NetName=IVL_B76 Pin=LT2_U_VT_WRP4-6
Added Net: Name=IVL_B76
Added Pin To Net: NetName=IVL_B77 Pin=LT2_U_VT_WRP4-7
Added Net: Name=IVL_B77
Added Pin To Net: NetName=IVL_B78 Pin=LT2_U_VT_WRP4-8
Added Net: Name=IVL_B78
Added Pin To Net: NetName=IVL_B79 Pin=LT2_U_VT_WRP4-9
Added Net: Name=IVL_B79
Added Pin To Net: NetName=IVL_B80 Pin=LT1_U_VT_WRP3-1
Added Net: Name=IVL_B80
Added Pin To Net: NetName=IVL_B81 Pin=LT1_U_VT_WRP3-3
Added Net: Name=IVL_B81
Added Pin To Net: NetName=IVL_B82 Pin=LT1_U_VT_WRP3-4
Added Net: Name=IVL_B82
Added Pin To Net: NetName=IVL_B83 Pin=LT1_U_VT_WRP3-5
Added Net: Name=IVL_B83
Added Pin To Net: NetName=IVL_B84 Pin=LT1_U_VT_WRP3-6
Added Net: Name=IVL_B84
Added Pin To Net: NetName=IVL_B85 Pin=LT1_U_VT_WRP3-7
Added Net: Name=IVL_B85
Added Pin To Net: NetName=IVL_B86 Pin=LT1_U_VT_WRP3-8
Added Net: Name=IVL_B86
Added Pin To Net: NetName=IVL_B87 Pin=LT1_U_VT_WRP3-9
Added Net: Name=IVL_B87
Added Pin To Net: NetName=IVL_B88 Pin=LT2_U_VT_WRP3-1
Added Net: Name=IVL_B88
Added Pin To Net: NetName=IVL_B89 Pin=LT2_U_VT_WRP3-3
Added Net: Name=IVL_B89
Added Pin To Net: NetName=IVL_B90 Pin=LT2_U_VT_WRP3-4
Added Net: Name=IVL_B90
Added Pin To Net: NetName=IVL_B91 Pin=LT2_U_VT_WRP3-5
Added Net: Name=IVL_B91
Added Pin To Net: NetName=IVL_B92 Pin=LT2_U_VT_WRP3-6
Added Net: Name=IVL_B92
Added Pin To Net: NetName=IVL_B93 Pin=LT2_U_VT_WRP3-7
Added Net: Name=IVL_B93
Added Pin To Net: NetName=IVL_B94 Pin=LT2_U_VT_WRP3-8
Added Net: Name=IVL_B94
Added Pin To Net: NetName=IVL_B95 Pin=LT2_U_VT_WRP3-9
Added Net: Name=IVL_B95
Added Pin To Net: NetName=IVL_B96 Pin=LT1_U_VT_WRP2-1
Added Net: Name=IVL_B96
Added Pin To Net: NetName=IVL_B97 Pin=LT1_U_VT_WRP2-3
Added Net: Name=IVL_B97
Added Pin To Net: NetName=IVL_B98 Pin=LT1_U_VT_WRP2-4
Added Net: Name=IVL_B98
Added Pin To Net: NetName=IVL_B99 Pin=LT1_U_VT_WRP2-5
Added Net: Name=IVL_B99
Added Pin To Net: NetName=IVL_B100 Pin=LT1_U_VT_WRP2-6
Added Net: Name=IVL_B100
Added Pin To Net: NetName=IVL_B101 Pin=LT1_U_VT_WRP2-7
Added Net: Name=IVL_B101
Added Pin To Net: NetName=IVL_B102 Pin=LT1_U_VT_WRP2-8
Added Net: Name=IVL_B102
Added Pin To Net: NetName=IVL_B103 Pin=LT1_U_VT_WRP2-9
Added Net: Name=IVL_B103
Added Pin To Net: NetName=IVL_B104 Pin=LT2_U_VT_WRP2-1
Added Net: Name=IVL_B104
Added Pin To Net: NetName=IVL_B105 Pin=LT2_U_VT_WRP2-3
Added Net: Name=IVL_B105
Added Pin To Net: NetName=IVL_B106 Pin=LT2_U_VT_WRP2-4
Added Net: Name=IVL_B106
Added Pin To Net: NetName=IVL_B107 Pin=LT2_U_VT_WRP2-5
Added Net: Name=IVL_B107
Added Pin To Net: NetName=IVL_B108 Pin=LT2_U_VT_WRP2-6
Added Net: Name=IVL_B108
Added Pin To Net: NetName=IVL_B109 Pin=LT2_U_VT_WRP2-7
Added Net: Name=IVL_B109
Added Pin To Net: NetName=IVL_B110 Pin=LT2_U_VT_WRP2-8
Added Net: Name=IVL_B110
Added Pin To Net: NetName=IVL_B111 Pin=LT2_U_VT_WRP2-9
Added Net: Name=IVL_B111
Added Pin To Net: NetName=IVL_B112 Pin=LT1_U_VT_WRP1-1
Added Net: Name=IVL_B112
Added Pin To Net: NetName=IVL_B113 Pin=LT1_U_VT_WRP1-3
Added Net: Name=IVL_B113
Added Pin To Net: NetName=IVL_B114 Pin=LT1_U_VT_WRP1-4
Added Net: Name=IVL_B114
Added Pin To Net: NetName=IVL_B115 Pin=LT1_U_VT_WRP1-5
Added Net: Name=IVL_B115
Added Pin To Net: NetName=IVL_B116 Pin=LT1_U_VT_WRP1-6
Added Net: Name=IVL_B116
Added Pin To Net: NetName=IVL_B117 Pin=LT1_U_VT_WRP1-7
Added Net: Name=IVL_B117
Added Pin To Net: NetName=IVL_B118 Pin=LT1_U_VT_WRP1-8
Added Net: Name=IVL_B118
Added Pin To Net: NetName=IVL_B119 Pin=LT1_U_VT_WRP1-9
Added Net: Name=IVL_B119
Added Pin To Net: NetName=IVL_B120 Pin=LT2_U_VT_WRP1-1
Added Net: Name=IVL_B120
Added Pin To Net: NetName=IVL_B121 Pin=LT2_U_VT_WRP1-3
Added Net: Name=IVL_B121
Added Pin To Net: NetName=IVL_B122 Pin=LT2_U_VT_WRP1-4
Added Net: Name=IVL_B122
Added Pin To Net: NetName=IVL_B123 Pin=LT2_U_VT_WRP1-5
Added Net: Name=IVL_B123
Added Pin To Net: NetName=IVL_B124 Pin=LT2_U_VT_WRP1-6
Added Net: Name=IVL_B124
Added Pin To Net: NetName=IVL_B125 Pin=LT2_U_VT_WRP1-7
Added Net: Name=IVL_B125
Added Pin To Net: NetName=IVL_B126 Pin=LT2_U_VT_WRP1-8
Added Net: Name=IVL_B126
Added Pin To Net: NetName=IVL_B127 Pin=LT2_U_VT_WRP1-9
Added Net: Name=IVL_B127
Added Pin To Net: NetName=L_H0 Pin=DUT1_U_DUT_HEADER2-17
Added Pin To Net: NetName=L_H0 Pin=ETH4-27
Added Net: Name=L_H0
Added Pin To Net: NetName=L_H1 Pin=DUT1_U_DUT_HEADER2-18
Added Pin To Net: NetName=L_H1 Pin=ETH4-26
Added Net: Name=L_H1
Added Pin To Net: NetName=L_H6 Pin=0.1uF_3_U_VT_WRP1-1
Added Pin To Net: NetName=L_H6 Pin=0.1uF_3_U_VT_WRP2-1
Added Pin To Net: NetName=L_H6 Pin=0.1uF_3_U_VT_WRP3-1
Added Pin To Net: NetName=L_H6 Pin=0.1uF_3_U_VT_WRP4-1
Added Pin To Net: NetName=L_H6 Pin=0.1uF_3_U_VT_WRP5-1
Added Pin To Net: NetName=L_H6 Pin=0.1uF_3_U_VT_WRP6-1
Added Pin To Net: NetName=L_H6 Pin=0.1uF_3_U_VT_WRP7-1
Added Pin To Net: NetName=L_H6 Pin=0.1uF_3_U_VT_WRP8-1
Added Pin To Net: NetName=L_H6 Pin=0.1uF_4_U_VT_WRP1-1
Added Pin To Net: NetName=L_H6 Pin=0.1uF_4_U_VT_WRP2-1
Added Pin To Net: NetName=L_H6 Pin=0.1uF_4_U_VT_WRP3-1
Added Pin To Net: NetName=L_H6 Pin=0.1uF_4_U_VT_WRP4-1
Added Pin To Net: NetName=L_H6 Pin=0.1uF_4_U_VT_WRP5-1
Added Pin To Net: NetName=L_H6 Pin=0.1uF_4_U_VT_WRP6-1
Added Pin To Net: NetName=L_H6 Pin=0.1uF_4_U_VT_WRP7-1
Added Pin To Net: NetName=L_H6 Pin=0.1uF_4_U_VT_WRP8-1
Added Pin To Net: NetName=L_H6 Pin=D1_U_Power_Control2-1
Added Pin To Net: NetName=L_H6 Pin=D2_U_Power_Control2-2
Added Pin To Net: NetName=L_H6 Pin=DUT1_U_DUT_HEADER2-23
Added Pin To Net: NetName=L_H6 Pin=LT1_U_VT_WRP1-19
Added Pin To Net: NetName=L_H6 Pin=LT1_U_VT_WRP2-19
Added Pin To Net: NetName=L_H6 Pin=LT1_U_VT_WRP3-19
Added Pin To Net: NetName=L_H6 Pin=LT1_U_VT_WRP4-19
Added Pin To Net: NetName=L_H6 Pin=LT1_U_VT_WRP5-19
Added Pin To Net: NetName=L_H6 Pin=LT1_U_VT_WRP6-19
Added Pin To Net: NetName=L_H6 Pin=LT1_U_VT_WRP7-19
Added Pin To Net: NetName=L_H6 Pin=LT1_U_VT_WRP8-19
Added Pin To Net: NetName=L_H6 Pin=LT2_U_VT_WRP1-19
Added Pin To Net: NetName=L_H6 Pin=LT2_U_VT_WRP2-19
Added Pin To Net: NetName=L_H6 Pin=LT2_U_VT_WRP3-19
Added Pin To Net: NetName=L_H6 Pin=LT2_U_VT_WRP4-19
Added Pin To Net: NetName=L_H6 Pin=LT2_U_VT_WRP5-19
Added Pin To Net: NetName=L_H6 Pin=LT2_U_VT_WRP6-19
Added Pin To Net: NetName=L_H6 Pin=LT2_U_VT_WRP7-19
Added Pin To Net: NetName=L_H6 Pin=LT2_U_VT_WRP8-19
Added Pin To Net: NetName=L_H6 Pin=R2_U_Power_Control2-2
Added Pin To Net: NetName=L_H6 Pin=VR1_U_Power_Control2-2
Added Pin To Net: NetName=L_H6 Pin=VR1_U_Power_Control2-4
Added Net: Name=L_H6
Added Pin To Net: NetName=L_H7 Pin=DUT1_U_DUT_HEADER1-24
Added Pin To Net: NetName=L_H7 Pin=DUT1_U_DUT_HEADER2-24
Added Pin To Net: NetName=L_H7 Pin=ETH4-25
Added Net: Name=L_H7
Added Pin To Net: NetName=NetD2_U_Power_Control1_1 Pin=D2_U_Power_Control1-1
Added Pin To Net: NetName=NetD2_U_Power_Control1_1 Pin=POT_U_Power_Control1-4
Added Pin To Net: NetName=NetD2_U_Power_Control1_1 Pin=R2_U_Power_Control1-1
Added Pin To Net: NetName=NetD2_U_Power_Control1_1 Pin=VR1_U_Power_Control1-1
Added Net: Name=NetD2_U_Power_Control1_1
Added Pin To Net: NetName=NetD2_U_Power_Control2_1 Pin=D2_U_Power_Control2-1
Added Pin To Net: NetName=NetD2_U_Power_Control2_1 Pin=POT_U_Power_Control2-4
Added Pin To Net: NetName=NetD2_U_Power_Control2_1 Pin=R2_U_Power_Control2-1
Added Pin To Net: NetName=NetD2_U_Power_Control2_1 Pin=VR1_U_Power_Control2-1
Added Net: Name=NetD2_U_Power_Control2_1
Added Pin To Net: NetName=NetLM1_U_Power_Control1_1 Pin=LM1_U_Power_Control1-1
Added Pin To Net: NetName=NetLM1_U_Power_Control1_1 Pin=R5_U_Power_Control1-2
Added Pin To Net: NetName=NetLM1_U_Power_Control1_1 Pin=R6_U_Power_Control1-2
Added Net: Name=NetLM1_U_Power_Control1_1
Added Pin To Net: NetName=NetLM1_U_Power_Control2_1 Pin=LM1_U_Power_Control2-1
Added Pin To Net: NetName=NetLM1_U_Power_Control2_1 Pin=R5_U_Power_Control2-2
Added Pin To Net: NetName=NetLM1_U_Power_Control2_1 Pin=R6_U_Power_Control2-2
Added Net: Name=NetLM1_U_Power_Control2_1
Added Pin To Net: NetName=NetLM2_U_Power_Control1_1 Pin=LM2_U_Power_Control1-1
Added Pin To Net: NetName=NetLM2_U_Power_Control1_1 Pin=R9_U_Power_Control1-2
Added Pin To Net: NetName=NetLM2_U_Power_Control1_1 Pin=R10_U_Power_Control1-1
Added Net: Name=NetLM2_U_Power_Control1_1
Added Pin To Net: NetName=NetLM2_U_Power_Control2_1 Pin=LM2_U_Power_Control2-1
Added Pin To Net: NetName=NetLM2_U_Power_Control2_1 Pin=R9_U_Power_Control2-2
Added Pin To Net: NetName=NetLM2_U_Power_Control2_1 Pin=R10_U_Power_Control2-1
Added Net: Name=NetLM2_U_Power_Control2_1
Added Pin To Net: NetName=OUT1_U_Power_Control1 Pin=1_U_Power_Control1-1
Added Pin To Net: NetName=OUT1_U_Power_Control1 Pin=2_U_Power_Control1-1
Added Pin To Net: NetName=OUT1_U_Power_Control1 Pin=LM1_U_Power_Control1-3
Added Pin To Net: NetName=OUT1_U_Power_Control1 Pin=LM1_U_Power_Control1-4
Added Pin To Net: NetName=OUT1_U_Power_Control1 Pin=POT_U_Power_Control1-3
Added Net: Name=OUT1_U_Power_Control1
Added Pin To Net: NetName=OUT1_U_Power_Control2 Pin=1_U_Power_Control2-1
Added Pin To Net: NetName=OUT1_U_Power_Control2 Pin=2_U_Power_Control2-1
Added Pin To Net: NetName=OUT1_U_Power_Control2 Pin=LM1_U_Power_Control2-3
Added Pin To Net: NetName=OUT1_U_Power_Control2 Pin=LM1_U_Power_Control2-4
Added Pin To Net: NetName=OUT1_U_Power_Control2 Pin=POT_U_Power_Control2-3
Added Net: Name=OUT1_U_Power_Control2
Added Pin To Net: NetName=OUT2_U_Power_Control1 Pin=D1_U_Power_Control1-2
Added Pin To Net: NetName=OUT2_U_Power_Control1 Pin=LM1_U_Power_Control1-5
Added Pin To Net: NetName=OUT2_U_Power_Control1 Pin=LM2_U_Power_Control1-3
Added Pin To Net: NetName=OUT2_U_Power_Control1 Pin=LM2_U_Power_Control1-4
Added Pin To Net: NetName=OUT2_U_Power_Control1 Pin=VR1_U_Power_Control1-3
Added Net: Name=OUT2_U_Power_Control1
Added Pin To Net: NetName=OUT2_U_Power_Control2 Pin=D1_U_Power_Control2-2
Added Pin To Net: NetName=OUT2_U_Power_Control2 Pin=LM1_U_Power_Control2-5
Added Pin To Net: NetName=OUT2_U_Power_Control2 Pin=LM2_U_Power_Control2-3
Added Pin To Net: NetName=OUT2_U_Power_Control2 Pin=LM2_U_Power_Control2-4
Added Pin To Net: NetName=OUT2_U_Power_Control2 Pin=VR1_U_Power_Control2-3
Added Net: Name=OUT2_U_Power_Control2
Added Pin To Net: NetName=OVCC_B0 Pin=DUT1_U_DUT_HEADER4-1
Added Pin To Net: NetName=OVCC_B0 Pin=LT1_U_VT_WRP8-20
Added Net: Name=OVCC_B0
Added Pin To Net: NetName=OVCC_B1 Pin=DUT1_U_DUT_HEADER4-2
Added Pin To Net: NetName=OVCC_B1 Pin=LT1_U_VT_WRP8-18
Added Net: Name=OVCC_B1
Added Pin To Net: NetName=OVCC_B2 Pin=DUT1_U_DUT_HEADER4-3
Added Pin To Net: NetName=OVCC_B2 Pin=LT1_U_VT_WRP8-17
Added Net: Name=OVCC_B2
Added Pin To Net: NetName=OVCC_B3 Pin=DUT1_U_DUT_HEADER4-4
Added Pin To Net: NetName=OVCC_B3 Pin=LT1_U_VT_WRP8-16
Added Net: Name=OVCC_B3
Added Pin To Net: NetName=OVCC_B4 Pin=DUT1_U_DUT_HEADER4-5
Added Pin To Net: NetName=OVCC_B4 Pin=LT1_U_VT_WRP8-15
Added Net: Name=OVCC_B4
Added Pin To Net: NetName=OVCC_B5 Pin=DUT1_U_DUT_HEADER4-6
Added Pin To Net: NetName=OVCC_B5 Pin=LT1_U_VT_WRP8-14
Added Net: Name=OVCC_B5
Added Pin To Net: NetName=OVCC_B6 Pin=DUT1_U_DUT_HEADER4-7
Added Pin To Net: NetName=OVCC_B6 Pin=LT1_U_VT_WRP8-13
Added Net: Name=OVCC_B6
Added Pin To Net: NetName=OVCC_B7 Pin=DUT1_U_DUT_HEADER4-8
Added Pin To Net: NetName=OVCC_B7 Pin=LT1_U_VT_WRP8-12
Added Net: Name=OVCC_B7
Added Pin To Net: NetName=OVCC_B8 Pin=DUT1_U_DUT_HEADER4-9
Added Pin To Net: NetName=OVCC_B8 Pin=LT2_U_VT_WRP8-20
Added Net: Name=OVCC_B8
Added Pin To Net: NetName=OVCC_B9 Pin=DUT1_U_DUT_HEADER4-10
Added Pin To Net: NetName=OVCC_B9 Pin=LT2_U_VT_WRP8-18
Added Net: Name=OVCC_B9
Added Pin To Net: NetName=OVCC_B10 Pin=DUT1_U_DUT_HEADER4-11
Added Pin To Net: NetName=OVCC_B10 Pin=LT2_U_VT_WRP8-17
Added Net: Name=OVCC_B10
Added Pin To Net: NetName=OVCC_B11 Pin=DUT1_U_DUT_HEADER4-12
Added Pin To Net: NetName=OVCC_B11 Pin=LT2_U_VT_WRP8-16
Added Net: Name=OVCC_B11
Added Pin To Net: NetName=OVCC_B12 Pin=DUT1_U_DUT_HEADER4-13
Added Pin To Net: NetName=OVCC_B12 Pin=LT2_U_VT_WRP8-15
Added Net: Name=OVCC_B12
Added Pin To Net: NetName=OVCC_B13 Pin=DUT1_U_DUT_HEADER4-14
Added Pin To Net: NetName=OVCC_B13 Pin=LT2_U_VT_WRP8-14
Added Net: Name=OVCC_B13
Added Pin To Net: NetName=OVCC_B14 Pin=DUT1_U_DUT_HEADER4-15
Added Pin To Net: NetName=OVCC_B14 Pin=LT2_U_VT_WRP8-13
Added Net: Name=OVCC_B14
Added Pin To Net: NetName=OVCC_B15 Pin=DUT1_U_DUT_HEADER4-16
Added Pin To Net: NetName=OVCC_B15 Pin=LT2_U_VT_WRP8-12
Added Net: Name=OVCC_B15
Added Pin To Net: NetName=OVCC_B16 Pin=DUT1_U_DUT_HEADER4-25
Added Pin To Net: NetName=OVCC_B16 Pin=LT1_U_VT_WRP7-20
Added Net: Name=OVCC_B16
Added Pin To Net: NetName=OVCC_B17 Pin=DUT1_U_DUT_HEADER4-26
Added Pin To Net: NetName=OVCC_B17 Pin=LT1_U_VT_WRP7-18
Added Net: Name=OVCC_B17
Added Pin To Net: NetName=OVCC_B18 Pin=DUT1_U_DUT_HEADER4-27
Added Pin To Net: NetName=OVCC_B18 Pin=LT1_U_VT_WRP7-17
Added Net: Name=OVCC_B18
Added Pin To Net: NetName=OVCC_B19 Pin=DUT1_U_DUT_HEADER4-28
Added Pin To Net: NetName=OVCC_B19 Pin=LT1_U_VT_WRP7-16
Added Net: Name=OVCC_B19
Added Pin To Net: NetName=OVCC_B20 Pin=DUT1_U_DUT_HEADER4-29
Added Pin To Net: NetName=OVCC_B20 Pin=LT1_U_VT_WRP7-15
Added Net: Name=OVCC_B20
Added Pin To Net: NetName=OVCC_B21 Pin=DUT1_U_DUT_HEADER4-30
Added Pin To Net: NetName=OVCC_B21 Pin=LT1_U_VT_WRP7-14
Added Net: Name=OVCC_B21
Added Pin To Net: NetName=OVCC_B22 Pin=DUT1_U_DUT_HEADER4-31
Added Pin To Net: NetName=OVCC_B22 Pin=LT1_U_VT_WRP7-13
Added Net: Name=OVCC_B22
Added Pin To Net: NetName=OVCC_B23 Pin=DUT1_U_DUT_HEADER4-32
Added Pin To Net: NetName=OVCC_B23 Pin=LT1_U_VT_WRP7-12
Added Net: Name=OVCC_B23
Added Pin To Net: NetName=OVCC_B24 Pin=DUT1_U_DUT_HEADER4-33
Added Pin To Net: NetName=OVCC_B24 Pin=LT2_U_VT_WRP7-20
Added Net: Name=OVCC_B24
Added Pin To Net: NetName=OVCC_B25 Pin=DUT1_U_DUT_HEADER4-34
Added Pin To Net: NetName=OVCC_B25 Pin=LT2_U_VT_WRP7-18
Added Net: Name=OVCC_B25
Added Pin To Net: NetName=OVCC_B26 Pin=DUT1_U_DUT_HEADER4-35
Added Pin To Net: NetName=OVCC_B26 Pin=LT2_U_VT_WRP7-17
Added Net: Name=OVCC_B26
Added Pin To Net: NetName=OVCC_B27 Pin=DUT1_U_DUT_HEADER4-36
Added Pin To Net: NetName=OVCC_B27 Pin=LT2_U_VT_WRP7-16
Added Net: Name=OVCC_B27
Added Pin To Net: NetName=OVCC_B28 Pin=DUT1_U_DUT_HEADER4-37
Added Pin To Net: NetName=OVCC_B28 Pin=LT2_U_VT_WRP7-15
Added Net: Name=OVCC_B28
Added Pin To Net: NetName=OVCC_B29 Pin=DUT1_U_DUT_HEADER4-38
Added Pin To Net: NetName=OVCC_B29 Pin=LT2_U_VT_WRP7-14
Added Net: Name=OVCC_B29
Added Pin To Net: NetName=OVCC_B30 Pin=DUT1_U_DUT_HEADER4-39
Added Pin To Net: NetName=OVCC_B30 Pin=LT2_U_VT_WRP7-13
Added Net: Name=OVCC_B30
Added Pin To Net: NetName=OVCC_B31 Pin=DUT1_U_DUT_HEADER4-40
Added Pin To Net: NetName=OVCC_B31 Pin=LT2_U_VT_WRP7-12
Added Net: Name=OVCC_B31
Added Pin To Net: NetName=OVCC_B32 Pin=DUT1_U_DUT_HEADER3-1
Added Pin To Net: NetName=OVCC_B32 Pin=LT1_U_VT_WRP6-20
Added Net: Name=OVCC_B32
Added Pin To Net: NetName=OVCC_B33 Pin=DUT1_U_DUT_HEADER3-2
Added Pin To Net: NetName=OVCC_B33 Pin=LT1_U_VT_WRP6-18
Added Net: Name=OVCC_B33
Added Pin To Net: NetName=OVCC_B34 Pin=DUT1_U_DUT_HEADER3-3
Added Pin To Net: NetName=OVCC_B34 Pin=LT1_U_VT_WRP6-17
Added Net: Name=OVCC_B34
Added Pin To Net: NetName=OVCC_B35 Pin=DUT1_U_DUT_HEADER3-4
Added Pin To Net: NetName=OVCC_B35 Pin=LT1_U_VT_WRP6-16
Added Net: Name=OVCC_B35
Added Pin To Net: NetName=OVCC_B36 Pin=DUT1_U_DUT_HEADER3-5
Added Pin To Net: NetName=OVCC_B36 Pin=LT1_U_VT_WRP6-15
Added Net: Name=OVCC_B36
Added Pin To Net: NetName=OVCC_B37 Pin=DUT1_U_DUT_HEADER3-6
Added Pin To Net: NetName=OVCC_B37 Pin=LT1_U_VT_WRP6-14
Added Net: Name=OVCC_B37
Added Pin To Net: NetName=OVCC_B38 Pin=DUT1_U_DUT_HEADER3-7
Added Pin To Net: NetName=OVCC_B38 Pin=LT1_U_VT_WRP6-13
Added Net: Name=OVCC_B38
Added Pin To Net: NetName=OVCC_B39 Pin=DUT1_U_DUT_HEADER3-8
Added Pin To Net: NetName=OVCC_B39 Pin=LT1_U_VT_WRP6-12
Added Net: Name=OVCC_B39
Added Pin To Net: NetName=OVCC_B40 Pin=DUT1_U_DUT_HEADER3-9
Added Pin To Net: NetName=OVCC_B40 Pin=LT2_U_VT_WRP6-20
Added Net: Name=OVCC_B40
Added Pin To Net: NetName=OVCC_B41 Pin=DUT1_U_DUT_HEADER3-10
Added Pin To Net: NetName=OVCC_B41 Pin=LT2_U_VT_WRP6-18
Added Net: Name=OVCC_B41
Added Pin To Net: NetName=OVCC_B42 Pin=DUT1_U_DUT_HEADER3-11
Added Pin To Net: NetName=OVCC_B42 Pin=LT2_U_VT_WRP6-17
Added Net: Name=OVCC_B42
Added Pin To Net: NetName=OVCC_B43 Pin=DUT1_U_DUT_HEADER3-12
Added Pin To Net: NetName=OVCC_B43 Pin=LT2_U_VT_WRP6-16
Added Net: Name=OVCC_B43
Added Pin To Net: NetName=OVCC_B44 Pin=DUT1_U_DUT_HEADER3-13
Added Pin To Net: NetName=OVCC_B44 Pin=LT2_U_VT_WRP6-15
Added Net: Name=OVCC_B44
Added Pin To Net: NetName=OVCC_B45 Pin=DUT1_U_DUT_HEADER3-14
Added Pin To Net: NetName=OVCC_B45 Pin=LT2_U_VT_WRP6-14
Added Net: Name=OVCC_B45
Added Pin To Net: NetName=OVCC_B46 Pin=DUT1_U_DUT_HEADER3-15
Added Pin To Net: NetName=OVCC_B46 Pin=LT2_U_VT_WRP6-13
Added Net: Name=OVCC_B46
Added Pin To Net: NetName=OVCC_B47 Pin=DUT1_U_DUT_HEADER3-16
Added Pin To Net: NetName=OVCC_B47 Pin=LT2_U_VT_WRP6-12
Added Net: Name=OVCC_B47
Added Pin To Net: NetName=OVCC_B48 Pin=DUT1_U_DUT_HEADER3-25
Added Pin To Net: NetName=OVCC_B48 Pin=LT1_U_VT_WRP5-20
Added Net: Name=OVCC_B48
Added Pin To Net: NetName=OVCC_B49 Pin=DUT1_U_DUT_HEADER3-26
Added Pin To Net: NetName=OVCC_B49 Pin=LT1_U_VT_WRP5-18
Added Net: Name=OVCC_B49
Added Pin To Net: NetName=OVCC_B50 Pin=DUT1_U_DUT_HEADER3-27
Added Pin To Net: NetName=OVCC_B50 Pin=LT1_U_VT_WRP5-17
Added Net: Name=OVCC_B50
Added Pin To Net: NetName=OVCC_B51 Pin=DUT1_U_DUT_HEADER3-28
Added Pin To Net: NetName=OVCC_B51 Pin=LT1_U_VT_WRP5-16
Added Net: Name=OVCC_B51
Added Pin To Net: NetName=OVCC_B52 Pin=DUT1_U_DUT_HEADER3-29
Added Pin To Net: NetName=OVCC_B52 Pin=LT1_U_VT_WRP5-15
Added Net: Name=OVCC_B52
Added Pin To Net: NetName=OVCC_B53 Pin=DUT1_U_DUT_HEADER3-30
Added Pin To Net: NetName=OVCC_B53 Pin=LT1_U_VT_WRP5-14
Added Net: Name=OVCC_B53
Added Pin To Net: NetName=OVCC_B54 Pin=DUT1_U_DUT_HEADER3-31
Added Pin To Net: NetName=OVCC_B54 Pin=LT1_U_VT_WRP5-13
Added Net: Name=OVCC_B54
Added Pin To Net: NetName=OVCC_B55 Pin=DUT1_U_DUT_HEADER3-32
Added Pin To Net: NetName=OVCC_B55 Pin=LT1_U_VT_WRP5-12
Added Net: Name=OVCC_B55
Added Pin To Net: NetName=OVCC_B56 Pin=DUT1_U_DUT_HEADER3-33
Added Pin To Net: NetName=OVCC_B56 Pin=LT2_U_VT_WRP5-20
Added Net: Name=OVCC_B56
Added Pin To Net: NetName=OVCC_B57 Pin=DUT1_U_DUT_HEADER3-34
Added Pin To Net: NetName=OVCC_B57 Pin=LT2_U_VT_WRP5-18
Added Net: Name=OVCC_B57
Added Pin To Net: NetName=OVCC_B58 Pin=DUT1_U_DUT_HEADER3-35
Added Pin To Net: NetName=OVCC_B58 Pin=LT2_U_VT_WRP5-17
Added Net: Name=OVCC_B58
Added Pin To Net: NetName=OVCC_B59 Pin=DUT1_U_DUT_HEADER3-36
Added Pin To Net: NetName=OVCC_B59 Pin=LT2_U_VT_WRP5-16
Added Net: Name=OVCC_B59
Added Pin To Net: NetName=OVCC_B60 Pin=DUT1_U_DUT_HEADER3-37
Added Pin To Net: NetName=OVCC_B60 Pin=LT2_U_VT_WRP5-15
Added Net: Name=OVCC_B60
Added Pin To Net: NetName=OVCC_B61 Pin=DUT1_U_DUT_HEADER3-38
Added Pin To Net: NetName=OVCC_B61 Pin=LT2_U_VT_WRP5-14
Added Net: Name=OVCC_B61
Added Pin To Net: NetName=OVCC_B62 Pin=DUT1_U_DUT_HEADER3-39
Added Pin To Net: NetName=OVCC_B62 Pin=LT2_U_VT_WRP5-13
Added Net: Name=OVCC_B62
Added Pin To Net: NetName=OVCC_B63 Pin=DUT1_U_DUT_HEADER3-40
Added Pin To Net: NetName=OVCC_B63 Pin=LT2_U_VT_WRP5-12
Added Net: Name=OVCC_B63
Added Pin To Net: NetName=OVCC_B64 Pin=DUT1_U_DUT_HEADER2-1
Added Pin To Net: NetName=OVCC_B64 Pin=LT1_U_VT_WRP4-20
Added Net: Name=OVCC_B64
Added Pin To Net: NetName=OVCC_B65 Pin=DUT1_U_DUT_HEADER2-2
Added Pin To Net: NetName=OVCC_B65 Pin=LT1_U_VT_WRP4-18
Added Net: Name=OVCC_B65
Added Pin To Net: NetName=OVCC_B66 Pin=DUT1_U_DUT_HEADER2-3
Added Pin To Net: NetName=OVCC_B66 Pin=LT1_U_VT_WRP4-17
Added Net: Name=OVCC_B66
Added Pin To Net: NetName=OVCC_B67 Pin=DUT1_U_DUT_HEADER2-4
Added Pin To Net: NetName=OVCC_B67 Pin=LT1_U_VT_WRP4-16
Added Net: Name=OVCC_B67
Added Pin To Net: NetName=OVCC_B68 Pin=DUT1_U_DUT_HEADER2-5
Added Pin To Net: NetName=OVCC_B68 Pin=LT1_U_VT_WRP4-15
Added Net: Name=OVCC_B68
Added Pin To Net: NetName=OVCC_B69 Pin=DUT1_U_DUT_HEADER2-6
Added Pin To Net: NetName=OVCC_B69 Pin=LT1_U_VT_WRP4-14
Added Net: Name=OVCC_B69
Added Pin To Net: NetName=OVCC_B70 Pin=DUT1_U_DUT_HEADER2-7
Added Pin To Net: NetName=OVCC_B70 Pin=LT1_U_VT_WRP4-13
Added Net: Name=OVCC_B70
Added Pin To Net: NetName=OVCC_B71 Pin=DUT1_U_DUT_HEADER2-8
Added Pin To Net: NetName=OVCC_B71 Pin=LT1_U_VT_WRP4-12
Added Net: Name=OVCC_B71
Added Pin To Net: NetName=OVCC_B72 Pin=DUT1_U_DUT_HEADER2-9
Added Pin To Net: NetName=OVCC_B72 Pin=LT2_U_VT_WRP4-20
Added Net: Name=OVCC_B72
Added Pin To Net: NetName=OVCC_B73 Pin=DUT1_U_DUT_HEADER2-10
Added Pin To Net: NetName=OVCC_B73 Pin=LT2_U_VT_WRP4-18
Added Net: Name=OVCC_B73
Added Pin To Net: NetName=OVCC_B74 Pin=DUT1_U_DUT_HEADER2-11
Added Pin To Net: NetName=OVCC_B74 Pin=LT2_U_VT_WRP4-17
Added Net: Name=OVCC_B74
Added Pin To Net: NetName=OVCC_B75 Pin=DUT1_U_DUT_HEADER2-12
Added Pin To Net: NetName=OVCC_B75 Pin=LT2_U_VT_WRP4-16
Added Net: Name=OVCC_B75
Added Pin To Net: NetName=OVCC_B76 Pin=DUT1_U_DUT_HEADER2-13
Added Pin To Net: NetName=OVCC_B76 Pin=LT2_U_VT_WRP4-15
Added Net: Name=OVCC_B76
Added Pin To Net: NetName=OVCC_B77 Pin=DUT1_U_DUT_HEADER2-14
Added Pin To Net: NetName=OVCC_B77 Pin=LT2_U_VT_WRP4-14
Added Net: Name=OVCC_B77
Added Pin To Net: NetName=OVCC_B78 Pin=DUT1_U_DUT_HEADER2-15
Added Pin To Net: NetName=OVCC_B78 Pin=LT2_U_VT_WRP4-13
Added Net: Name=OVCC_B78
Added Pin To Net: NetName=OVCC_B79 Pin=DUT1_U_DUT_HEADER2-16
Added Pin To Net: NetName=OVCC_B79 Pin=LT2_U_VT_WRP4-12
Added Net: Name=OVCC_B79
Added Pin To Net: NetName=OVCC_B80 Pin=DUT1_U_DUT_HEADER2-25
Added Pin To Net: NetName=OVCC_B80 Pin=LT1_U_VT_WRP3-20
Added Net: Name=OVCC_B80
Added Pin To Net: NetName=OVCC_B81 Pin=DUT1_U_DUT_HEADER2-26
Added Pin To Net: NetName=OVCC_B81 Pin=LT1_U_VT_WRP3-18
Added Net: Name=OVCC_B81
Added Pin To Net: NetName=OVCC_B82 Pin=DUT1_U_DUT_HEADER2-27
Added Pin To Net: NetName=OVCC_B82 Pin=LT1_U_VT_WRP3-17
Added Net: Name=OVCC_B82
Added Pin To Net: NetName=OVCC_B83 Pin=DUT1_U_DUT_HEADER2-28
Added Pin To Net: NetName=OVCC_B83 Pin=LT1_U_VT_WRP3-16
Added Net: Name=OVCC_B83
Added Pin To Net: NetName=OVCC_B84 Pin=DUT1_U_DUT_HEADER2-29
Added Pin To Net: NetName=OVCC_B84 Pin=LT1_U_VT_WRP3-15
Added Net: Name=OVCC_B84
Added Pin To Net: NetName=OVCC_B85 Pin=DUT1_U_DUT_HEADER2-30
Added Pin To Net: NetName=OVCC_B85 Pin=LT1_U_VT_WRP3-14
Added Net: Name=OVCC_B85
Added Pin To Net: NetName=OVCC_B86 Pin=DUT1_U_DUT_HEADER2-31
Added Pin To Net: NetName=OVCC_B86 Pin=LT1_U_VT_WRP3-13
Added Net: Name=OVCC_B86
Added Pin To Net: NetName=OVCC_B87 Pin=DUT1_U_DUT_HEADER2-32
Added Pin To Net: NetName=OVCC_B87 Pin=LT1_U_VT_WRP3-12
Added Net: Name=OVCC_B87
Added Pin To Net: NetName=OVCC_B88 Pin=DUT1_U_DUT_HEADER2-33
Added Pin To Net: NetName=OVCC_B88 Pin=LT2_U_VT_WRP3-20
Added Net: Name=OVCC_B88
Added Pin To Net: NetName=OVCC_B89 Pin=DUT1_U_DUT_HEADER2-34
Added Pin To Net: NetName=OVCC_B89 Pin=LT2_U_VT_WRP3-18
Added Net: Name=OVCC_B89
Added Pin To Net: NetName=OVCC_B90 Pin=DUT1_U_DUT_HEADER2-35
Added Pin To Net: NetName=OVCC_B90 Pin=LT2_U_VT_WRP3-17
Added Net: Name=OVCC_B90
Added Pin To Net: NetName=OVCC_B91 Pin=DUT1_U_DUT_HEADER2-36
Added Pin To Net: NetName=OVCC_B91 Pin=LT2_U_VT_WRP3-16
Added Net: Name=OVCC_B91
Added Pin To Net: NetName=OVCC_B92 Pin=DUT1_U_DUT_HEADER2-37
Added Pin To Net: NetName=OVCC_B92 Pin=LT2_U_VT_WRP3-15
Added Net: Name=OVCC_B92
Added Pin To Net: NetName=OVCC_B93 Pin=DUT1_U_DUT_HEADER2-38
Added Pin To Net: NetName=OVCC_B93 Pin=LT2_U_VT_WRP3-14
Added Net: Name=OVCC_B93
Added Pin To Net: NetName=OVCC_B94 Pin=DUT1_U_DUT_HEADER2-39
Added Pin To Net: NetName=OVCC_B94 Pin=LT2_U_VT_WRP3-13
Added Net: Name=OVCC_B94
Added Pin To Net: NetName=OVCC_B95 Pin=DUT1_U_DUT_HEADER2-40
Added Pin To Net: NetName=OVCC_B95 Pin=LT2_U_VT_WRP3-12
Added Net: Name=OVCC_B95
Added Pin To Net: NetName=OVCC_B96 Pin=DUT1_U_DUT_HEADER1-1
Added Pin To Net: NetName=OVCC_B96 Pin=LT1_U_VT_WRP2-20
Added Net: Name=OVCC_B96
Added Pin To Net: NetName=OVCC_B97 Pin=DUT1_U_DUT_HEADER1-2
Added Pin To Net: NetName=OVCC_B97 Pin=LT1_U_VT_WRP2-18
Added Net: Name=OVCC_B97
Added Pin To Net: NetName=OVCC_B98 Pin=DUT1_U_DUT_HEADER1-3
Added Pin To Net: NetName=OVCC_B98 Pin=LT1_U_VT_WRP2-17
Added Net: Name=OVCC_B98
Added Pin To Net: NetName=OVCC_B99 Pin=DUT1_U_DUT_HEADER1-4
Added Pin To Net: NetName=OVCC_B99 Pin=LT1_U_VT_WRP2-16
Added Net: Name=OVCC_B99
Added Pin To Net: NetName=OVCC_B100 Pin=DUT1_U_DUT_HEADER1-5
Added Pin To Net: NetName=OVCC_B100 Pin=LT1_U_VT_WRP2-15
Added Net: Name=OVCC_B100
Added Pin To Net: NetName=OVCC_B101 Pin=DUT1_U_DUT_HEADER1-6
Added Pin To Net: NetName=OVCC_B101 Pin=LT1_U_VT_WRP2-14
Added Net: Name=OVCC_B101
Added Pin To Net: NetName=OVCC_B102 Pin=DUT1_U_DUT_HEADER1-7
Added Pin To Net: NetName=OVCC_B102 Pin=LT1_U_VT_WRP2-13
Added Net: Name=OVCC_B102
Added Pin To Net: NetName=OVCC_B103 Pin=DUT1_U_DUT_HEADER1-8
Added Pin To Net: NetName=OVCC_B103 Pin=LT1_U_VT_WRP2-12
Added Net: Name=OVCC_B103
Added Pin To Net: NetName=OVCC_B104 Pin=DUT1_U_DUT_HEADER1-9
Added Pin To Net: NetName=OVCC_B104 Pin=LT2_U_VT_WRP2-20
Added Net: Name=OVCC_B104
Added Pin To Net: NetName=OVCC_B105 Pin=DUT1_U_DUT_HEADER1-10
Added Pin To Net: NetName=OVCC_B105 Pin=LT2_U_VT_WRP2-18
Added Net: Name=OVCC_B105
Added Pin To Net: NetName=OVCC_B106 Pin=DUT1_U_DUT_HEADER1-11
Added Pin To Net: NetName=OVCC_B106 Pin=LT2_U_VT_WRP2-17
Added Net: Name=OVCC_B106
Added Pin To Net: NetName=OVCC_B107 Pin=DUT1_U_DUT_HEADER1-12
Added Pin To Net: NetName=OVCC_B107 Pin=LT2_U_VT_WRP2-16
Added Net: Name=OVCC_B107
Added Pin To Net: NetName=OVCC_B108 Pin=DUT1_U_DUT_HEADER1-13
Added Pin To Net: NetName=OVCC_B108 Pin=LT2_U_VT_WRP2-15
Added Net: Name=OVCC_B108
Added Pin To Net: NetName=OVCC_B109 Pin=DUT1_U_DUT_HEADER1-14
Added Pin To Net: NetName=OVCC_B109 Pin=LT2_U_VT_WRP2-14
Added Net: Name=OVCC_B109
Added Pin To Net: NetName=OVCC_B110 Pin=DUT1_U_DUT_HEADER1-15
Added Pin To Net: NetName=OVCC_B110 Pin=LT2_U_VT_WRP2-13
Added Net: Name=OVCC_B110
Added Pin To Net: NetName=OVCC_B111 Pin=DUT1_U_DUT_HEADER1-16
Added Pin To Net: NetName=OVCC_B111 Pin=LT2_U_VT_WRP2-12
Added Net: Name=OVCC_B111
Added Pin To Net: NetName=OVCC_B112 Pin=DUT1_U_DUT_HEADER1-25
Added Pin To Net: NetName=OVCC_B112 Pin=LT1_U_VT_WRP1-20
Added Net: Name=OVCC_B112
Added Pin To Net: NetName=OVCC_B113 Pin=DUT1_U_DUT_HEADER1-26
Added Pin To Net: NetName=OVCC_B113 Pin=LT1_U_VT_WRP1-18
Added Net: Name=OVCC_B113
Added Pin To Net: NetName=OVCC_B114 Pin=DUT1_U_DUT_HEADER1-27
Added Pin To Net: NetName=OVCC_B114 Pin=LT1_U_VT_WRP1-17
Added Net: Name=OVCC_B114
Added Pin To Net: NetName=OVCC_B115 Pin=DUT1_U_DUT_HEADER1-28
Added Pin To Net: NetName=OVCC_B115 Pin=LT1_U_VT_WRP1-16
Added Net: Name=OVCC_B115
Added Pin To Net: NetName=OVCC_B116 Pin=DUT1_U_DUT_HEADER1-29
Added Pin To Net: NetName=OVCC_B116 Pin=LT1_U_VT_WRP1-15
Added Net: Name=OVCC_B116
Added Pin To Net: NetName=OVCC_B117 Pin=DUT1_U_DUT_HEADER1-30
Added Pin To Net: NetName=OVCC_B117 Pin=LT1_U_VT_WRP1-14
Added Net: Name=OVCC_B117
Added Pin To Net: NetName=OVCC_B118 Pin=DUT1_U_DUT_HEADER1-31
Added Pin To Net: NetName=OVCC_B118 Pin=LT1_U_VT_WRP1-13
Added Net: Name=OVCC_B118
Added Pin To Net: NetName=OVCC_B119 Pin=DUT1_U_DUT_HEADER1-32
Added Pin To Net: NetName=OVCC_B119 Pin=LT1_U_VT_WRP1-12
Added Net: Name=OVCC_B119
Added Pin To Net: NetName=OVCC_B120 Pin=DUT1_U_DUT_HEADER1-33
Added Pin To Net: NetName=OVCC_B120 Pin=LT2_U_VT_WRP1-20
Added Net: Name=OVCC_B120
Added Pin To Net: NetName=OVCC_B121 Pin=DUT1_U_DUT_HEADER1-34
Added Pin To Net: NetName=OVCC_B121 Pin=LT2_U_VT_WRP1-18
Added Net: Name=OVCC_B121
Added Pin To Net: NetName=OVCC_B122 Pin=DUT1_U_DUT_HEADER1-35
Added Pin To Net: NetName=OVCC_B122 Pin=LT2_U_VT_WRP1-17
Added Net: Name=OVCC_B122
Added Pin To Net: NetName=OVCC_B123 Pin=DUT1_U_DUT_HEADER1-36
Added Pin To Net: NetName=OVCC_B123 Pin=LT2_U_VT_WRP1-16
Added Net: Name=OVCC_B123
Added Pin To Net: NetName=OVCC_B124 Pin=DUT1_U_DUT_HEADER1-37
Added Pin To Net: NetName=OVCC_B124 Pin=LT2_U_VT_WRP1-15
Added Net: Name=OVCC_B124
Added Pin To Net: NetName=OVCC_B125 Pin=DUT1_U_DUT_HEADER1-38
Added Pin To Net: NetName=OVCC_B125 Pin=LT2_U_VT_WRP1-14
Added Net: Name=OVCC_B125
Added Pin To Net: NetName=OVCC_B126 Pin=DUT1_U_DUT_HEADER1-39
Added Pin To Net: NetName=OVCC_B126 Pin=LT2_U_VT_WRP1-13
Added Net: Name=OVCC_B126
Added Pin To Net: NetName=OVCC_B127 Pin=DUT1_U_DUT_HEADER1-40
Added Pin To Net: NetName=OVCC_B127 Pin=LT2_U_VT_WRP1-12
Added Net: Name=OVCC_B127
Added Pin To Net: NetName=R_H0 Pin=DUT1_U_DUT_HEADER1-17
Added Pin To Net: NetName=R_H0 Pin=ETH4-24
Added Net: Name=R_H0
Added Pin To Net: NetName=R_H1 Pin=DUT1_U_DUT_HEADER1-18
Added Pin To Net: NetName=R_H1 Pin=ETH4-23
Added Net: Name=R_H1
Added Pin To Net: NetName=SCLK_W_U_Power_Control1 Pin=BBB-32
Added Pin To Net: NetName=SCLK_W_U_Power_Control1 Pin=POT_U_Power_Control1-11
Added Net: Name=SCLK_W_U_Power_Control1
Added Pin To Net: NetName=SCLK_W_U_Power_Control2 Pin=BBB-22
Added Pin To Net: NetName=SCLK_W_U_Power_Control2 Pin=POT_U_Power_Control2-11
Added Net: Name=SCLK_W_U_Power_Control2
Added Pin To Net: NetName=SDO_W_U_Power_Control1 Pin=BBB-18
Added Pin To Net: NetName=SDO_W_U_Power_Control1 Pin=BBB-30
Added Pin To Net: NetName=SDO_W_U_Power_Control1 Pin=POT_U_Power_Control1-13
Added Net: Name=SDO_W_U_Power_Control1
Added Pin To Net: NetName=SDO_W_U_Power_Control2 Pin=POT_U_Power_Control2-13
Added Net: Name=SDO_W_U_Power_Control2
Added Pin To Net: NetName=T_H0 Pin=DUT1_U_DUT_HEADER4-17
Added Pin To Net: NetName=T_H0 Pin=ETH4-40
Added Net: Name=T_H0
Added Pin To Net: NetName=T_H1 Pin=DUT1_U_DUT_HEADER4-18
Added Pin To Net: NetName=T_H1 Pin=ETH4-39
Added Net: Name=T_H1
Added Pin To Net: NetName=T_H2 Pin=DUT1_U_DUT_HEADER4-19
Added Pin To Net: NetName=T_H2 Pin=ETH4-38
Added Net: Name=T_H2
Added Pin To Net: NetName=T_H5 Pin=DUT1_U_DUT_HEADER4-22
Added Pin To Net: NetName=T_H5 Pin=ETH4-37
Added Pin To Net: NetName=T_H5 Pin=LT1_U_VT_WRP1-10
Added Pin To Net: NetName=T_H5 Pin=LT1_U_VT_WRP2-10
Added Pin To Net: NetName=T_H5 Pin=LT1_U_VT_WRP3-10
Added Pin To Net: NetName=T_H5 Pin=LT1_U_VT_WRP4-10
Added Pin To Net: NetName=T_H5 Pin=LT1_U_VT_WRP5-10
Added Pin To Net: NetName=T_H5 Pin=LT1_U_VT_WRP6-10
Added Pin To Net: NetName=T_H5 Pin=LT1_U_VT_WRP7-10
Added Pin To Net: NetName=T_H5 Pin=LT1_U_VT_WRP8-10
Added Pin To Net: NetName=T_H5 Pin=LT2_U_VT_WRP1-10
Added Pin To Net: NetName=T_H5 Pin=LT2_U_VT_WRP2-10
Added Pin To Net: NetName=T_H5 Pin=LT2_U_VT_WRP3-10
Added Pin To Net: NetName=T_H5 Pin=LT2_U_VT_WRP4-10
Added Pin To Net: NetName=T_H5 Pin=LT2_U_VT_WRP5-10
Added Pin To Net: NetName=T_H5 Pin=LT2_U_VT_WRP6-10
Added Pin To Net: NetName=T_H5 Pin=LT2_U_VT_WRP7-10
Added Pin To Net: NetName=T_H5 Pin=LT2_U_VT_WRP8-10
Added Net: Name=T_H5
Added Pin To Net: NetName=T_H6 Pin=DUT1_U_DUT_HEADER4-23
Added Pin To Net: NetName=T_H6 Pin=ETH4-36
Added Net: Name=T_H6
Change Class Name : Old Net Name=NUMATO_HDR New Net Name=U_NumatoConnection
Change Class Name : Old Net Name=TEMPLATE_REG New Net Name=U_TEMPLATE_REG
Change Class Name : Old Net Name=TRISTATE_BANK New Net Name=U_Tri_Btate_Bank
Added Class: Name=U_DUT_HEADER1
Added Class: Name=U_DUT_HEADER2
Added Class: Name=U_DUT_HEADER3
Added Class: Name=U_DUT_HEADER4
Added Class: Name=U_Power_Control1
Added Class: Name=U_Power_Control2
Added Class: Name=U_VT_WRP1
Added Class: Name=U_VT_WRP2
Added Class: Name=U_VT_WRP3
Added Class: Name=U_VT_WRP4
Added Class: Name=U_VT_WRP5
Added Class: Name=U_VT_WRP6
Added Class: Name=U_VT_WRP7
Added Class: Name=U_VT_WRP8
Added Class: Name=DUT_HEADER
Added Class: Name=POW_CONT
Added Class: Name=VT_WRP
Added Member To Class: ClassName=A_B[125..0] Member=Element[0]: A_B
Added Member To Class: ClassName=A_B[125..0] Member=Element[1]: A_B
Added Member To Class: ClassName=A_B[125..0] Member=Element[2]: A_B
Added Member To Class: ClassName=A_B[125..0] Member=Element[3]: A_B
Added Member To Class: ClassName=A_B[125..0] Member=Element[4]: A_B
Added Member To Class: ClassName=A_B[125..0] Member=Element[5]: A_B
Added Member To Class: ClassName=A_B[125..0] Member=Element[6]: A_B
Added Member To Class: ClassName=A_B[125..0] Member=Element[7]: A_B
Added Member To Class: ClassName=A_B[125..0] Member=Element[8]: A_B
Added Member To Class: ClassName=A_B[125..0] Member=Element[9]: A_B
Added Member To Class: ClassName=A_B[125..0] Member=Element[10]: A_B
Added Member To Class: ClassName=A_B[125..0] Member=Element[11]: A_B
Added Member To Class: ClassName=A_B[125..0] Member=Element[12]: A_B
Added Member To Class: ClassName=A_B[125..0] Member=Element[13]: A_B
Added Member To Class: ClassName=A_B[125..0] Member=Element[14]: A_B
Added Member To Class: ClassName=A_B[125..0] Member=Element[15]: A_B
Added Member To Class: ClassName=A_B[125..0] Member=Element[16]: A_B
Added Member To Class: ClassName=A_B[125..0] Member=Element[17]: A_B
Added Member To Class: ClassName=A_B[125..0] Member=Element[18]: A_B
Added Member To Class: ClassName=A_B[125..0] Member=Element[19]: A_B
Added Member To Class: ClassName=A_B[125..0] Member=Element[20]: A_B
Added Member To Class: ClassName=A_B[125..0] Member=Element[21]: A_B
Added Member To Class: ClassName=A_B[125..0] Member=Element[22]: A_B
Added Member To Class: ClassName=A_B[125..0] Member=Element[23]: A_B
Added Member To Class: ClassName=A_B[125..0] Member=Element[24]: A_B
Added Member To Class: ClassName=A_B[125..0] Member=Element[25]: A_B
Added Member To Class: ClassName=A_B[125..0] Member=Element[26]: A_B
Added Member To Class: ClassName=A_B[125..0] Member=Element[27]: A_B
Added Member To Class: ClassName=A_B[125..0] Member=Element[28]: A_B
Added Member To Class: ClassName=A_B[125..0] Member=Element[29]: A_B
Added Member To Class: ClassName=A_B[125..0] Member=Element[30]: A_B
Added Member To Class: ClassName=A_B[125..0] Member=Element[31]: A_B
Added Member To Class: ClassName=A_B[125..0] Member=Element[32]: A_B
Added Member To Class: ClassName=A_B[125..0] Member=Element[33]: A_B
Added Member To Class: ClassName=A_B[125..0] Member=Element[34]: A_B
Added Member To Class: ClassName=A_B[125..0] Member=Element[35]: A_B
Added Member To Class: ClassName=A_B[125..0] Member=Element[36]: A_B
Added Member To Class: ClassName=A_B[125..0] Member=Element[37]: A_B
Added Member To Class: ClassName=A_B[125..0] Member=Element[38]: A_B
Added Member To Class: ClassName=A_B[125..0] Member=Element[39]: A_B
Added Member To Class: ClassName=A_B[125..0] Member=Element[40]: A_B
Added Member To Class: ClassName=A_B[125..0] Member=Element[41]: A_B
Added Member To Class: ClassName=A_B[125..0] Member=Element[42]: A_B
Added Member To Class: ClassName=A_B[125..0] Member=Element[43]: A_B
Added Member To Class: ClassName=A_B[125..0] Member=Element[44]: A_B
Added Member To Class: ClassName=A_B[125..0] Member=Element[45]: A_B
Added Member To Class: ClassName=A_B[125..0] Member=Element[46]: A_B
Added Member To Class: ClassName=A_B[125..0] Member=Element[47]: A_B
Added Member To Class: ClassName=A_B[125..0] Member=Element[64]: A_B
Added Member To Class: ClassName=A_B[125..0] Member=Element[65]: A_B
Added Member To Class: ClassName=A_B[125..0] Member=Element[66]: A_B
Added Member To Class: ClassName=A_B[125..0] Member=Element[67]: A_B
Added Member To Class: ClassName=A_B[125..0] Member=Element[68]: A_B
Added Member To Class: ClassName=A_B[125..0] Member=Element[69]: A_B
Added Member To Class: ClassName=A_B[125..0] Member=Element[70]: A_B
Added Member To Class: ClassName=A_B[125..0] Member=Element[71]: A_B
Added Member To Class: ClassName=A_B[125..0] Member=Element[72]: A_B
Added Member To Class: ClassName=A_B[125..0] Member=Element[73]: A_B
Added Member To Class: ClassName=A_B[125..0] Member=Element[74]: A_B
Added Member To Class: ClassName=A_B[125..0] Member=Element[75]: A_B
Added Member To Class: ClassName=A_B[125..0] Member=Element[76]: A_B
Added Member To Class: ClassName=A_B[125..0] Member=Element[77]: A_B
Added Member To Class: ClassName=A_B[125..0] Member=Element[78]: A_B
Added Member To Class: ClassName=A_B[125..0] Member=Element[79]: A_B
Added Member To Class: ClassName=A_B[125..0] Member=Element[80]: A_B
Added Member To Class: ClassName=A_B[125..0] Member=Element[81]: A_B
Added Member To Class: ClassName=A_B[125..0] Member=Element[82]: A_B
Added Member To Class: ClassName=A_B[125..0] Member=Element[83]: A_B
Added Member To Class: ClassName=A_B[125..0] Member=Element[84]: A_B
Added Member To Class: ClassName=A_B[125..0] Member=Element[85]: A_B
Added Member To Class: ClassName=A_B[125..0] Member=Element[86]: A_B
Added Member To Class: ClassName=A_B[125..0] Member=Element[87]: A_B
Added Member To Class: ClassName=A_B[125..0] Member=Element[88]: A_B
Added Member To Class: ClassName=A_B[125..0] Member=Element[89]: A_B
Added Member To Class: ClassName=A_B[125..0] Member=Element[90]: A_B
Added Member To Class: ClassName=A_B[125..0] Member=Element[91]: A_B
Added Member To Class: ClassName=A_B[125..0] Member=Element[92]: A_B
Added Member To Class: ClassName=A_B[125..0] Member=Element[93]: A_B
Added Member To Class: ClassName=A_B[125..0] Member=Element[94]: A_B
Added Member To Class: ClassName=A_B[125..0] Member=Element[95]: A_B
Added Member To Class: ClassName=A_B[125..0] Member=Element[96]: A_B
Added Member To Class: ClassName=A_B[125..0] Member=Element[97]: A_B
Added Member To Class: ClassName=A_B[125..0] Member=Element[98]: A_B
Added Member To Class: ClassName=A_B[125..0] Member=Element[99]: A_B
Added Member To Class: ClassName=A_B[125..0] Member=Element[100]: A_B
Added Member To Class: ClassName=A_B[125..0] Member=Element[101]: A_B
Added Member To Class: ClassName=A_B[125..0] Member=Element[102]: A_B
Added Member To Class: ClassName=A_B[125..0] Member=Element[103]: A_B
Added Member To Class: ClassName=A_B[125..0] Member=Element[104]: A_B
Added Member To Class: ClassName=A_B[125..0] Member=Element[105]: A_B
Added Member To Class: ClassName=A_B[125..0] Member=Element[106]: A_B
Added Member To Class: ClassName=A_B[125..0] Member=Element[107]: A_B
Added Member To Class: ClassName=A_B[125..0] Member=Element[108]: A_B
Added Member To Class: ClassName=A_B[125..0] Member=Element[109]: A_B
Added Member To Class: ClassName=A_B[125..0] Member=Element[110]: A_B
Added Member To Class: ClassName=A_B[125..0] Member=Element[111]: A_B
Added Member To Class: ClassName=A_B[125..0] Member=Element[112]: A_B
Added Member To Class: ClassName=A_B[125..0] Member=Element[113]: A_B
Added Member To Class: ClassName=A_B[125..0] Member=Element[114]: A_B
Added Member To Class: ClassName=A_B[125..0] Member=Element[115]: A_B
Added Member To Class: ClassName=A_B[125..0] Member=Element[116]: A_B
Added Member To Class: ClassName=A_B[125..0] Member=Element[117]: A_B
Added Member To Class: ClassName=A_B[125..0] Member=Element[118]: A_B
Added Member To Class: ClassName=A_B[125..0] Member=Element[119]: A_B
Added Member To Class: ClassName=A_B[125..0] Member=Element[120]: A_B
Added Member To Class: ClassName=A_B[125..0] Member=Element[121]: A_B
Added Member To Class: ClassName=A_B[125..0] Member=Element[122]: A_B
Added Member To Class: ClassName=A_B[125..0] Member=Element[124]: A_B
Added Member To Class: ClassName=A_B[125..0] Member=Element[125]: A_B
Added Member To Class: ClassName=B_H[7..0] Member=Element[0]: B_H
Added Member To Class: ClassName=B_H[7..0] Member=Element[1]: B_H
Added Member To Class: ClassName=B_H[7..0] Member=Element[2]: B_H
Added Member To Class: ClassName=B_H[7..0] Member=Element[3]: B_H
Added Member To Class: ClassName=B_H[7..0] Member=Element[4]: B_H
Added Member To Class: ClassName=B_H[7..0] Member=Element[5]: B_H
Added Member To Class: ClassName=B_H[7..0] Member=Element[6]: B_H
Added Member To Class: ClassName=B_H[7..0] Member=Element[7]: B_H
Added Member To Class: ClassName=IVL_B[127..0] Member=Element[0]: IVL_B
Added Member To Class: ClassName=IVL_B[127..0] Member=Element[1]: IVL_B
Added Member To Class: ClassName=IVL_B[127..0] Member=Element[2]: IVL_B
Added Member To Class: ClassName=IVL_B[127..0] Member=Element[3]: IVL_B
Added Member To Class: ClassName=IVL_B[127..0] Member=Element[4]: IVL_B
Added Member To Class: ClassName=IVL_B[127..0] Member=Element[5]: IVL_B
Added Member To Class: ClassName=IVL_B[127..0] Member=Element[6]: IVL_B
Added Member To Class: ClassName=IVL_B[127..0] Member=Element[7]: IVL_B
Added Member To Class: ClassName=IVL_B[127..0] Member=Element[8]: IVL_B
Added Member To Class: ClassName=IVL_B[127..0] Member=Element[9]: IVL_B
Added Member To Class: ClassName=IVL_B[127..0] Member=Element[10]: IVL_B
Added Member To Class: ClassName=IVL_B[127..0] Member=Element[11]: IVL_B
Added Member To Class: ClassName=IVL_B[127..0] Member=Element[12]: IVL_B
Added Member To Class: ClassName=IVL_B[127..0] Member=Element[13]: IVL_B
Added Member To Class: ClassName=IVL_B[127..0] Member=Element[14]: IVL_B
Added Member To Class: ClassName=IVL_B[127..0] Member=Element[15]: IVL_B
Added Member To Class: ClassName=IVL_B[127..0] Member=Element[16]: IVL_B
Added Member To Class: ClassName=IVL_B[127..0] Member=Element[17]: IVL_B
Added Member To Class: ClassName=IVL_B[127..0] Member=Element[18]: IVL_B
Added Member To Class: ClassName=IVL_B[127..0] Member=Element[19]: IVL_B
Added Member To Class: ClassName=IVL_B[127..0] Member=Element[20]: IVL_B
Added Member To Class: ClassName=IVL_B[127..0] Member=Element[21]: IVL_B
Added Member To Class: ClassName=IVL_B[127..0] Member=Element[22]: IVL_B
Added Member To Class: ClassName=IVL_B[127..0] Member=Element[23]: IVL_B
Added Member To Class: ClassName=IVL_B[127..0] Member=Element[24]: IVL_B
Added Member To Class: ClassName=IVL_B[127..0] Member=Element[25]: IVL_B
Added Member To Class: ClassName=IVL_B[127..0] Member=Element[26]: IVL_B
Added Member To Class: ClassName=IVL_B[127..0] Member=Element[27]: IVL_B
Added Member To Class: ClassName=IVL_B[127..0] Member=Element[28]: IVL_B
Added Member To Class: ClassName=IVL_B[127..0] Member=Element[29]: IVL_B
Added Member To Class: ClassName=IVL_B[127..0] Member=Element[30]: IVL_B
Added Member To Class: ClassName=IVL_B[127..0] Member=Element[31]: IVL_B
Added Member To Class: ClassName=IVL_B[127..0] Member=Element[32]: IVL_B
Added Member To Class: ClassName=IVL_B[127..0] Member=Element[33]: IVL_B
Added Member To Class: ClassName=IVL_B[127..0] Member=Element[34]: IVL_B
Added Member To Class: ClassName=IVL_B[127..0] Member=Element[35]: IVL_B
Added Member To Class: ClassName=IVL_B[127..0] Member=Element[36]: IVL_B
Added Member To Class: ClassName=IVL_B[127..0] Member=Element[37]: IVL_B
Added Member To Class: ClassName=IVL_B[127..0] Member=Element[38]: IVL_B
Added Member To Class: ClassName=IVL_B[127..0] Member=Element[39]: IVL_B
Added Member To Class: ClassName=IVL_B[127..0] Member=Element[40]: IVL_B
Added Member To Class: ClassName=IVL_B[127..0] Member=Element[41]: IVL_B
Added Member To Class: ClassName=IVL_B[127..0] Member=Element[42]: IVL_B
Added Member To Class: ClassName=IVL_B[127..0] Member=Element[43]: IVL_B
Added Member To Class: ClassName=IVL_B[127..0] Member=Element[44]: IVL_B
Added Member To Class: ClassName=IVL_B[127..0] Member=Element[45]: IVL_B
Added Member To Class: ClassName=IVL_B[127..0] Member=Element[46]: IVL_B
Added Member To Class: ClassName=IVL_B[127..0] Member=Element[47]: IVL_B
Added Member To Class: ClassName=IVL_B[127..0] Member=Element[48]: IVL_B
Added Member To Class: ClassName=IVL_B[127..0] Member=Element[49]: IVL_B
Added Member To Class: ClassName=IVL_B[127..0] Member=Element[50]: IVL_B
Added Member To Class: ClassName=IVL_B[127..0] Member=Element[51]: IVL_B
Added Member To Class: ClassName=IVL_B[127..0] Member=Element[52]: IVL_B
Added Member To Class: ClassName=IVL_B[127..0] Member=Element[53]: IVL_B
Added Member To Class: ClassName=IVL_B[127..0] Member=Element[54]: IVL_B
Added Member To Class: ClassName=IVL_B[127..0] Member=Element[55]: IVL_B
Added Member To Class: ClassName=IVL_B[127..0] Member=Element[56]: IVL_B
Added Member To Class: ClassName=IVL_B[127..0] Member=Element[57]: IVL_B
Added Member To Class: ClassName=IVL_B[127..0] Member=Element[58]: IVL_B
Added Member To Class: ClassName=IVL_B[127..0] Member=Element[59]: IVL_B
Added Member To Class: ClassName=IVL_B[127..0] Member=Element[60]: IVL_B
Added Member To Class: ClassName=IVL_B[127..0] Member=Element[61]: IVL_B
Added Member To Class: ClassName=IVL_B[127..0] Member=Element[62]: IVL_B
Added Member To Class: ClassName=IVL_B[127..0] Member=Element[63]: IVL_B
Added Member To Class: ClassName=IVL_B[127..0] Member=Element[64]: IVL_B
Added Member To Class: ClassName=IVL_B[127..0] Member=Element[65]: IVL_B
Added Member To Class: ClassName=IVL_B[127..0] Member=Element[66]: IVL_B
Added Member To Class: ClassName=IVL_B[127..0] Member=Element[67]: IVL_B
Added Member To Class: ClassName=IVL_B[127..0] Member=Element[68]: IVL_B
Added Member To Class: ClassName=IVL_B[127..0] Member=Element[69]: IVL_B
Added Member To Class: ClassName=IVL_B[127..0] Member=Element[70]: IVL_B
Added Member To Class: ClassName=IVL_B[127..0] Member=Element[71]: IVL_B
Added Member To Class: ClassName=IVL_B[127..0] Member=Element[72]: IVL_B
Added Member To Class: ClassName=IVL_B[127..0] Member=Element[73]: IVL_B
Added Member To Class: ClassName=IVL_B[127..0] Member=Element[74]: IVL_B
Added Member To Class: ClassName=IVL_B[127..0] Member=Element[75]: IVL_B
Added Member To Class: ClassName=IVL_B[127..0] Member=Element[76]: IVL_B
Added Member To Class: ClassName=IVL_B[127..0] Member=Element[77]: IVL_B
Added Member To Class: ClassName=IVL_B[127..0] Member=Element[78]: IVL_B
Added Member To Class: ClassName=IVL_B[127..0] Member=Element[79]: IVL_B
Added Member To Class: ClassName=IVL_B[127..0] Member=Element[80]: IVL_B
Added Member To Class: ClassName=IVL_B[127..0] Member=Element[81]: IVL_B
Added Member To Class: ClassName=IVL_B[127..0] Member=Element[82]: IVL_B
Added Member To Class: ClassName=IVL_B[127..0] Member=Element[83]: IVL_B
Added Member To Class: ClassName=IVL_B[127..0] Member=Element[84]: IVL_B
Added Member To Class: ClassName=IVL_B[127..0] Member=Element[85]: IVL_B
Added Member To Class: ClassName=IVL_B[127..0] Member=Element[86]: IVL_B
Added Member To Class: ClassName=IVL_B[127..0] Member=Element[87]: IVL_B
Added Member To Class: ClassName=IVL_B[127..0] Member=Element[88]: IVL_B
Added Member To Class: ClassName=IVL_B[127..0] Member=Element[89]: IVL_B
Added Member To Class: ClassName=IVL_B[127..0] Member=Element[90]: IVL_B
Added Member To Class: ClassName=IVL_B[127..0] Member=Element[91]: IVL_B
Added Member To Class: ClassName=IVL_B[127..0] Member=Element[92]: IVL_B
Added Member To Class: ClassName=IVL_B[127..0] Member=Element[93]: IVL_B
Added Member To Class: ClassName=IVL_B[127..0] Member=Element[94]: IVL_B
Added Member To Class: ClassName=IVL_B[127..0] Member=Element[95]: IVL_B
Added Member To Class: ClassName=IVL_B[127..0] Member=Element[96]: IVL_B
Added Member To Class: ClassName=IVL_B[127..0] Member=Element[97]: IVL_B
Added Member To Class: ClassName=IVL_B[127..0] Member=Element[98]: IVL_B
Added Member To Class: ClassName=IVL_B[127..0] Member=Element[99]: IVL_B
Added Member To Class: ClassName=IVL_B[127..0] Member=Element[100]: IVL_B
Added Member To Class: ClassName=IVL_B[127..0] Member=Element[101]: IVL_B
Added Member To Class: ClassName=IVL_B[127..0] Member=Element[102]: IVL_B
Added Member To Class: ClassName=IVL_B[127..0] Member=Element[103]: IVL_B
Added Member To Class: ClassName=IVL_B[127..0] Member=Element[104]: IVL_B
Added Member To Class: ClassName=IVL_B[127..0] Member=Element[105]: IVL_B
Added Member To Class: ClassName=IVL_B[127..0] Member=Element[106]: IVL_B
Added Member To Class: ClassName=IVL_B[127..0] Member=Element[107]: IVL_B
Added Member To Class: ClassName=IVL_B[127..0] Member=Element[108]: IVL_B
Added Member To Class: ClassName=IVL_B[127..0] Member=Element[109]: IVL_B
Added Member To Class: ClassName=IVL_B[127..0] Member=Element[110]: IVL_B
Added Member To Class: ClassName=IVL_B[127..0] Member=Element[111]: IVL_B
Added Member To Class: ClassName=IVL_B[127..0] Member=Element[112]: IVL_B
Added Member To Class: ClassName=IVL_B[127..0] Member=Element[113]: IVL_B
Added Member To Class: ClassName=IVL_B[127..0] Member=Element[114]: IVL_B
Added Member To Class: ClassName=IVL_B[127..0] Member=Element[115]: IVL_B
Added Member To Class: ClassName=IVL_B[127..0] Member=Element[116]: IVL_B
Added Member To Class: ClassName=IVL_B[127..0] Member=Element[117]: IVL_B
Added Member To Class: ClassName=IVL_B[127..0] Member=Element[118]: IVL_B
Added Member To Class: ClassName=IVL_B[127..0] Member=Element[119]: IVL_B
Added Member To Class: ClassName=IVL_B[127..0] Member=Element[120]: IVL_B
Added Member To Class: ClassName=IVL_B[127..0] Member=Element[121]: IVL_B
Added Member To Class: ClassName=IVL_B[127..0] Member=Element[122]: IVL_B
Added Member To Class: ClassName=IVL_B[127..0] Member=Element[123]: IVL_B
Added Member To Class: ClassName=IVL_B[127..0] Member=Element[124]: IVL_B
Added Member To Class: ClassName=IVL_B[127..0] Member=Element[125]: IVL_B
Added Member To Class: ClassName=IVL_B[127..0] Member=Element[126]: IVL_B
Added Member To Class: ClassName=IVL_B[127..0] Member=Element[127]: IVL_B
Added Member To Class: ClassName=L_H[7..0] Member=Element[0]: FPGA_~CS2
Added Member To Class: ClassName=L_H[7..0] Member=Element[1]: FPGA_~WE2
Added Member To Class: ClassName=L_H[7..0] Member=Element[6]: GLOBAL_HIGH_POWER
Added Member To Class: ClassName=L_H[7..0] Member=Element[7]: COUNTER_CLK2
Added Member To Class: ClassName=OVCC_B[127..0] Member=Element[0]: OVCC_B
Added Member To Class: ClassName=OVCC_B[127..0] Member=Element[1]: OVCC_B
Added Member To Class: ClassName=OVCC_B[127..0] Member=Element[2]: OVCC_B
Added Member To Class: ClassName=OVCC_B[127..0] Member=Element[3]: OVCC_B
Added Member To Class: ClassName=OVCC_B[127..0] Member=Element[4]: OVCC_B
Added Member To Class: ClassName=OVCC_B[127..0] Member=Element[5]: OVCC_B
Added Member To Class: ClassName=OVCC_B[127..0] Member=Element[6]: OVCC_B
Added Member To Class: ClassName=OVCC_B[127..0] Member=Element[7]: OVCC_B
Added Member To Class: ClassName=OVCC_B[127..0] Member=Element[8]: OVCC_B
Added Member To Class: ClassName=OVCC_B[127..0] Member=Element[9]: OVCC_B
Added Member To Class: ClassName=OVCC_B[127..0] Member=Element[10]: OVCC_B
Added Member To Class: ClassName=OVCC_B[127..0] Member=Element[11]: OVCC_B
Added Member To Class: ClassName=OVCC_B[127..0] Member=Element[12]: OVCC_B
Added Member To Class: ClassName=OVCC_B[127..0] Member=Element[13]: OVCC_B
Added Member To Class: ClassName=OVCC_B[127..0] Member=Element[14]: OVCC_B
Added Member To Class: ClassName=OVCC_B[127..0] Member=Element[15]: OVCC_B
Added Member To Class: ClassName=OVCC_B[127..0] Member=Element[16]: OVCC_B
Added Member To Class: ClassName=OVCC_B[127..0] Member=Element[17]: OVCC_B
Added Member To Class: ClassName=OVCC_B[127..0] Member=Element[18]: OVCC_B
Added Member To Class: ClassName=OVCC_B[127..0] Member=Element[19]: OVCC_B
Added Member To Class: ClassName=OVCC_B[127..0] Member=Element[20]: OVCC_B
Added Member To Class: ClassName=OVCC_B[127..0] Member=Element[21]: OVCC_B
Added Member To Class: ClassName=OVCC_B[127..0] Member=Element[22]: OVCC_B
Added Member To Class: ClassName=OVCC_B[127..0] Member=Element[23]: OVCC_B
Added Member To Class: ClassName=OVCC_B[127..0] Member=Element[24]: OVCC_B
Added Member To Class: ClassName=OVCC_B[127..0] Member=Element[25]: OVCC_B
Added Member To Class: ClassName=OVCC_B[127..0] Member=Element[26]: OVCC_B
Added Member To Class: ClassName=OVCC_B[127..0] Member=Element[27]: OVCC_B
Added Member To Class: ClassName=OVCC_B[127..0] Member=Element[28]: OVCC_B
Added Member To Class: ClassName=OVCC_B[127..0] Member=Element[29]: OVCC_B
Added Member To Class: ClassName=OVCC_B[127..0] Member=Element[30]: OVCC_B
Added Member To Class: ClassName=OVCC_B[127..0] Member=Element[31]: OVCC_B
Added Member To Class: ClassName=OVCC_B[127..0] Member=Element[32]: OVCC_B
Added Member To Class: ClassName=OVCC_B[127..0] Member=Element[33]: OVCC_B
Added Member To Class: ClassName=OVCC_B[127..0] Member=Element[34]: OVCC_B
Added Member To Class: ClassName=OVCC_B[127..0] Member=Element[35]: OVCC_B
Added Member To Class: ClassName=OVCC_B[127..0] Member=Element[36]: OVCC_B
Added Member To Class: ClassName=OVCC_B[127..0] Member=Element[37]: OVCC_B
Added Member To Class: ClassName=OVCC_B[127..0] Member=Element[38]: OVCC_B
Added Member To Class: ClassName=OVCC_B[127..0] Member=Element[39]: OVCC_B
Added Member To Class: ClassName=OVCC_B[127..0] Member=Element[40]: OVCC_B
Added Member To Class: ClassName=OVCC_B[127..0] Member=Element[41]: OVCC_B
Added Member To Class: ClassName=OVCC_B[127..0] Member=Element[42]: OVCC_B
Added Member To Class: ClassName=OVCC_B[127..0] Member=Element[43]: OVCC_B
Added Member To Class: ClassName=OVCC_B[127..0] Member=Element[44]: OVCC_B
Added Member To Class: ClassName=OVCC_B[127..0] Member=Element[45]: OVCC_B
Added Member To Class: ClassName=OVCC_B[127..0] Member=Element[46]: OVCC_B
Added Member To Class: ClassName=OVCC_B[127..0] Member=Element[47]: OVCC_B
Added Member To Class: ClassName=OVCC_B[127..0] Member=Element[48]: OVCC_B
Added Member To Class: ClassName=OVCC_B[127..0] Member=Element[49]: OVCC_B
Added Member To Class: ClassName=OVCC_B[127..0] Member=Element[50]: OVCC_B
Added Member To Class: ClassName=OVCC_B[127..0] Member=Element[51]: OVCC_B
Added Member To Class: ClassName=OVCC_B[127..0] Member=Element[52]: OVCC_B
Added Member To Class: ClassName=OVCC_B[127..0] Member=Element[53]: OVCC_B
Added Member To Class: ClassName=OVCC_B[127..0] Member=Element[54]: OVCC_B
Added Member To Class: ClassName=OVCC_B[127..0] Member=Element[55]: OVCC_B
Added Member To Class: ClassName=OVCC_B[127..0] Member=Element[56]: OVCC_B
Added Member To Class: ClassName=OVCC_B[127..0] Member=Element[57]: OVCC_B
Added Member To Class: ClassName=OVCC_B[127..0] Member=Element[58]: OVCC_B
Added Member To Class: ClassName=OVCC_B[127..0] Member=Element[59]: OVCC_B
Added Member To Class: ClassName=OVCC_B[127..0] Member=Element[60]: OVCC_B
Added Member To Class: ClassName=OVCC_B[127..0] Member=Element[61]: OVCC_B
Added Member To Class: ClassName=OVCC_B[127..0] Member=Element[62]: OVCC_B
Added Member To Class: ClassName=OVCC_B[127..0] Member=Element[63]: OVCC_B
Added Member To Class: ClassName=OVCC_B[127..0] Member=Element[64]: OVCC_B
Added Member To Class: ClassName=OVCC_B[127..0] Member=Element[65]: OVCC_B
Added Member To Class: ClassName=OVCC_B[127..0] Member=Element[66]: OVCC_B
Added Member To Class: ClassName=OVCC_B[127..0] Member=Element[67]: OVCC_B
Added Member To Class: ClassName=OVCC_B[127..0] Member=Element[68]: OVCC_B
Added Member To Class: ClassName=OVCC_B[127..0] Member=Element[69]: OVCC_B
Added Member To Class: ClassName=OVCC_B[127..0] Member=Element[70]: OVCC_B
Added Member To Class: ClassName=OVCC_B[127..0] Member=Element[71]: OVCC_B
Added Member To Class: ClassName=OVCC_B[127..0] Member=Element[72]: OVCC_B
Added Member To Class: ClassName=OVCC_B[127..0] Member=Element[73]: OVCC_B
Added Member To Class: ClassName=OVCC_B[127..0] Member=Element[74]: OVCC_B
Added Member To Class: ClassName=OVCC_B[127..0] Member=Element[75]: OVCC_B
Added Member To Class: ClassName=OVCC_B[127..0] Member=Element[76]: OVCC_B
Added Member To Class: ClassName=OVCC_B[127..0] Member=Element[77]: OVCC_B
Added Member To Class: ClassName=OVCC_B[127..0] Member=Element[78]: OVCC_B
Added Member To Class: ClassName=OVCC_B[127..0] Member=Element[79]: OVCC_B
Added Member To Class: ClassName=OVCC_B[127..0] Member=Element[80]: OVCC_B
Added Member To Class: ClassName=OVCC_B[127..0] Member=Element[81]: OVCC_B
Added Member To Class: ClassName=OVCC_B[127..0] Member=Element[82]: OVCC_B
Added Member To Class: ClassName=OVCC_B[127..0] Member=Element[83]: OVCC_B
Added Member To Class: ClassName=OVCC_B[127..0] Member=Element[84]: OVCC_B
Added Member To Class: ClassName=OVCC_B[127..0] Member=Element[85]: OVCC_B
Added Member To Class: ClassName=OVCC_B[127..0] Member=Element[86]: OVCC_B
Added Member To Class: ClassName=OVCC_B[127..0] Member=Element[87]: OVCC_B
Added Member To Class: ClassName=OVCC_B[127..0] Member=Element[88]: OVCC_B
Added Member To Class: ClassName=OVCC_B[127..0] Member=Element[89]: OVCC_B
Added Member To Class: ClassName=OVCC_B[127..0] Member=Element[90]: OVCC_B
Added Member To Class: ClassName=OVCC_B[127..0] Member=Element[91]: OVCC_B
Added Member To Class: ClassName=OVCC_B[127..0] Member=Element[92]: OVCC_B
Added Member To Class: ClassName=OVCC_B[127..0] Member=Element[93]: OVCC_B
Added Member To Class: ClassName=OVCC_B[127..0] Member=Element[94]: OVCC_B
Added Member To Class: ClassName=OVCC_B[127..0] Member=Element[95]: OVCC_B
Added Member To Class: ClassName=OVCC_B[127..0] Member=Element[96]: OVCC_B
Added Member To Class: ClassName=OVCC_B[127..0] Member=Element[97]: OVCC_B
Added Member To Class: ClassName=OVCC_B[127..0] Member=Element[98]: OVCC_B
Added Member To Class: ClassName=OVCC_B[127..0] Member=Element[99]: OVCC_B
Added Member To Class: ClassName=OVCC_B[127..0] Member=Element[100]: OVCC_B
Added Member To Class: ClassName=OVCC_B[127..0] Member=Element[101]: OVCC_B
Added Member To Class: ClassName=OVCC_B[127..0] Member=Element[102]: OVCC_B
Added Member To Class: ClassName=OVCC_B[127..0] Member=Element[103]: OVCC_B
Added Member To Class: ClassName=OVCC_B[127..0] Member=Element[104]: OVCC_B
Added Member To Class: ClassName=OVCC_B[127..0] Member=Element[105]: OVCC_B
Added Member To Class: ClassName=OVCC_B[127..0] Member=Element[106]: OVCC_B
Added Member To Class: ClassName=OVCC_B[127..0] Member=Element[107]: OVCC_B
Added Member To Class: ClassName=OVCC_B[127..0] Member=Element[108]: OVCC_B
Added Member To Class: ClassName=OVCC_B[127..0] Member=Element[109]: OVCC_B
Added Member To Class: ClassName=OVCC_B[127..0] Member=Element[110]: OVCC_B
Added Member To Class: ClassName=OVCC_B[127..0] Member=Element[111]: OVCC_B
Added Member To Class: ClassName=OVCC_B[127..0] Member=Element[112]: OVCC_B
Added Member To Class: ClassName=OVCC_B[127..0] Member=Element[113]: OVCC_B
Added Member To Class: ClassName=OVCC_B[127..0] Member=Element[114]: OVCC_B
Added Member To Class: ClassName=OVCC_B[127..0] Member=Element[115]: OVCC_B
Added Member To Class: ClassName=OVCC_B[127..0] Member=Element[116]: OVCC_B
Added Member To Class: ClassName=OVCC_B[127..0] Member=Element[117]: OVCC_B
Added Member To Class: ClassName=OVCC_B[127..0] Member=Element[118]: OVCC_B
Added Member To Class: ClassName=OVCC_B[127..0] Member=Element[119]: OVCC_B
Added Member To Class: ClassName=OVCC_B[127..0] Member=Element[120]: OVCC_B
Added Member To Class: ClassName=OVCC_B[127..0] Member=Element[121]: OVCC_B
Added Member To Class: ClassName=OVCC_B[127..0] Member=Element[122]: OVCC_B
Added Member To Class: ClassName=OVCC_B[127..0] Member=Element[123]: OVCC_B
Added Member To Class: ClassName=OVCC_B[127..0] Member=Element[124]: OVCC_B
Added Member To Class: ClassName=OVCC_B[127..0] Member=Element[125]: OVCC_B
Added Member To Class: ClassName=OVCC_B[127..0] Member=Element[126]: OVCC_B
Added Member To Class: ClassName=OVCC_B[127..0] Member=Element[127]: OVCC_B
