Added Pin To Net: NetName=FPGA_~CS3 Pin=DUT1_U_DUT_HEADER1-17
Added Pin To Net: NetName=FPGA_~WE3 Pin=DUT1_U_DUT_HEADER1-18
Added Pin To Net: NetName=GND Pin=DUT1_U_DUT_HEADER1-19
Added Pin To Net: NetName=GND Pin=DUT1_U_DUT_HEADER1-20
Added Pin To Net: NetName=GND Pin=DUT1_U_DUT_HEADER1-21
Added Pin To Net: NetName=GND Pin=DUT1_U_DUT_HEADER1-22
Added Pin To Net: NetName=GND Pin=DUT1_U_DUT_HEADER1-23
Added Pin To Net: NetName=COUNTER_CLK2 Pin=DUT1_U_DUT_HEADER1-24
Added Pin To Net: NetName=FPGA_~CS2 Pin=DUT1_U_DUT_HEADER2-17
Added Pin To Net: NetName=FPGA_~WE2 Pin=DUT1_U_DUT_HEADER2-18
Added Pin To Net: NetName=3V3 Pin=DUT1_U_DUT_HEADER2-19
Added Pin To Net: NetName=GND Pin=DUT1_U_DUT_HEADER2-20
Added Pin To Net: NetName=GND Pin=DUT1_U_DUT_HEADER2-21
Added Pin To Net: NetName=GND Pin=DUT1_U_DUT_HEADER2-22
Added Pin To Net: NetName=GLOBAL_HIGH_POWER Pin=DUT1_U_DUT_HEADER2-23
Added Pin To Net: NetName=COUNTER_CLK2 Pin=DUT1_U_DUT_HEADER2-24
Added Pin To Net: NetName=FPGA_~CS4 Pin=DUT1_U_DUT_HEADER3-17
Added Pin To Net: NetName=FPGA_~WE4 Pin=DUT1_U_DUT_HEADER3-18
Added Pin To Net: NetName=FPGA_~MR Pin=DUT1_U_DUT_HEADER3-19
Added Pin To Net: NetName=FPGA_Q Pin=DUT1_U_DUT_HEADER3-20
Added Pin To Net: NetName=FPGA_~PL Pin=DUT1_U_DUT_HEADER3-21
Added Pin To Net: NetName=FPGA_SHCP Pin=DUT1_U_DUT_HEADER3-22
Added Pin To Net: NetName=FPGA_STCP Pin=DUT1_U_DUT_HEADER3-23
Added Pin To Net: NetName=COUNTER_CLK1 Pin=DUT1_U_DUT_HEADER3-24
Added Pin To Net: NetName=FPGA_~CS1 Pin=DUT1_U_DUT_HEADER4-17
Added Pin To Net: NetName=FPGA_~OE Pin=DUT1_U_DUT_HEADER4-18
Added Pin To Net: NetName=FPGA_~WE1 Pin=DUT1_U_DUT_HEADER4-19
Added Pin To Net: NetName=GND Pin=DUT1_U_DUT_HEADER4-20
Added Pin To Net: NetName=GND Pin=DUT1_U_DUT_HEADER4-21
Added Pin To Net: NetName=EN Pin=DUT1_U_DUT_HEADER4-22
Added Pin To Net: NetName=COUNTER_CLR Pin=DUT1_U_DUT_HEADER4-23
Added Pin To Net: NetName=COUNTER_CLK1 Pin=DUT1_U_DUT_HEADER4-24
