Removed Pin From Net: NetName=GND Pin=BBB_UP-1
Removed Pin From Net: NetName=GND Pin=BBB_UP-2
Removed Pin From Net: NetName=BBB_VDD_3V3 Pin=BBB_UP-3
Removed Pin From Net: NetName=BBB_VDD_3V3 Pin=BBB_UP-4
Removed Pin From Net: NetName=BBB_VDD_5V Pin=BBB_UP-5
Removed Pin From Net: NetName=BBB_VDD_5V Pin=BBB_UP-6
Removed Pin From Net: NetName=BBB_SYS_5V Pin=BBB_UP-7
Removed Pin From Net: NetName=BBB_SYS_5V Pin=BBB_UP-8
Removed Pin From Net: NetName=BBB_PWR_BUT Pin=BBB_UP-9
Removed Pin From Net: NetName=BBB_SYS_RST Pin=BBB_UP-10
Removed Pin From Net: NetName=BBB_UART4_RXD Pin=BBB_UP-11
Removed Pin From Net: NetName=V_RST Pin=BBB_UP-12
Removed Pin From Net: NetName=BBB_GPIO_60 Pin=BBB_UP-13
Removed Pin From Net: NetName=BBB_EHRPWM1A Pin=BBB_UP-14
Removed Pin From Net: NetName=RDY0 Pin=BBB_UP-15
Removed Pin From Net: NetName=BBB_EHRPWM1B Pin=BBB_UP-16
Removed Pin From Net: NetName=SPICS0 Pin=BBB_UP-17
Removed Pin From Net: NetName=SDO_W_U_Power_Control1 Pin=BBB_UP-18
Removed Pin From Net: NetName=BBB_I2C2_SCL Pin=BBB_UP-19
Removed Pin From Net: NetName=BBB_I2C_SDA Pin=BBB_UP-20
Removed Pin From Net: NetName=DIN0 Pin=BBB_UP-21
Removed Pin From Net: NetName=SCLK_W_U_Power_Control2 Pin=BBB_UP-22
Removed Pin From Net: NetName=RDY1 Pin=BBB_UP-23
Removed Pin From Net: NetName=FPGA_TX Pin=BBB_UP-24
Removed Pin From Net: NetName=GPIO_117 Pin=BBB_UP-25
Removed Pin From Net: NetName=FPGA_RX Pin=BBB_UP-26
Removed Pin From Net: NetName=GPIO_115 Pin=BBB_UP-27
Removed Pin From Net: NetName=SPICS1 Pin=BBB_UP-28
Removed Pin From Net: NetName=SPICS1 Pin=BBB_UP-28
Removed Pin From Net: NetName=DIN1 Pin=BBB_UP-29
Removed Pin From Net: NetName=SDO_W_U_Power_Control1 Pin=BBB_UP-30
Removed Pin From Net: NetName=SPI1_SCLK Pin=BBB_UP-31
Removed Pin From Net: NetName=VDD_ADC Pin=BBB_UP-32
Removed Pin From Net: NetName=AIN4 Pin=BBB_UP-33
Removed Pin From Net: NetName=GND_ADC Pin=BBB_UP-34
Removed Pin From Net: NetName=AIN6 Pin=BBB_UP-35
Removed Pin From Net: NetName=AIN5 Pin=BBB_UP-36
Removed Pin From Net: NetName=AIN2 Pin=BBB_UP-37
Removed Pin From Net: NetName=AIN0 Pin=BBB_UP-39
Removed Pin From Net: NetName=AIN1 Pin=BBB_UP-40
Removed Pin From Net: NetName=GPIO_20 Pin=BBB_UP-41
Removed Pin From Net: NetName=ECAPWMO Pin=BBB_UP-42
Removed Pin From Net: NetName=GND Pin=BBB_UP-43
Removed Pin From Net: NetName=GND Pin=BBB_UP-44
Removed Pin From Net: NetName=GND Pin=BBB_UP-45
Removed Pin From Net: NetName=GND Pin=BBB_UP-46
Removed Pin From Net: NetName=GND Pin=BBB_UP-47
Removed Pin From Net: NetName=GND Pin=BBB_UP-48
Removed Pin From Net: NetName=BBB_MMC1_DAT6 Pin=BBB_UP-49
Removed Pin From Net: NetName=BBB_MMC1_DAT7 Pin=BBB_UP-50
Removed Pin From Net: NetName=BBB_MMC1_DAT2 Pin=BBB_UP-51
Removed Pin From Net: NetName=BBB_MMC1_DAT3 Pin=BBB_UP-52
Removed Pin From Net: NetName=BBB_GPIO_66 Pin=BBB_UP-53
Removed Pin From Net: NetName=BBB_GPIO_67 Pin=BBB_UP-54
Removed Pin From Net: NetName=BBB_GPIO_69 Pin=BBB_UP-55
Removed Pin From Net: NetName=BBB_GPIO_68 Pin=BBB_UP-56
Removed Pin From Net: NetName=BBB_GPIO_45 Pin=BBB_UP-57
Removed Pin From Net: NetName=BBB_GPIO_44 Pin=BBB_UP-58
Removed Pin From Net: NetName=BBB_EHRPWM2B Pin=BBB_UP-59
Removed Pin From Net: NetName=BBB_GPIO_26 Pin=BBB_UP-60
Removed Pin From Net: NetName=BBB_GPIO_47 Pin=BBB_UP-61
Removed Pin From Net: NetName=BBB_GPIO_46 Pin=BBB_UP-62
Removed Pin From Net: NetName=BBB_GPIO_27 Pin=BBB_UP-63
Removed Pin From Net: NetName=BBB_GPIO_65 Pin=BBB_UP-64
Removed Pin From Net: NetName=BBB_EHRPWM2A Pin=BBB_UP-65
Removed Pin From Net: NetName=BBB_MMC1_CMD Pin=BBB_UP-66
Removed Pin From Net: NetName=BBB_MMC1_CLK Pin=BBB_UP-67
Removed Pin From Net: NetName=BBB_MMC1_DAT5 Pin=BBB_UP-68
Removed Pin From Net: NetName=BBB_MMC1_DAT4 Pin=BBB_UP-69
Removed Pin From Net: NetName=BBB_MMC1_DAT1 Pin=BBB_UP-70
Removed Pin From Net: NetName=BBB_MMC1_DAT0 Pin=BBB_UP-71
Removed Pin From Net: NetName=BBB_GPIO_61 Pin=BBB_UP-72
Removed Pin From Net: NetName=BBB_LCD_VSYNC Pin=BBB_UP-73
Removed Pin From Net: NetName=BBB_LCD_PCLK Pin=BBB_UP-74
Removed Pin From Net: NetName=BBB_LCD_HSYNC Pin=BBB_UP-75
Removed Pin From Net: NetName=BBB_LCD_AC_BIAS Pin=BBB_UP-76
Removed Pin From Net: NetName=BBB_LCD_DATA14 Pin=BBB_UP-77
Removed Pin From Net: NetName=BBB_LCD_DATA15 Pin=BBB_UP-78
Removed Pin From Net: NetName=BBB_LCD_DATA13 Pin=BBB_UP-79
Removed Pin From Net: NetName=BBB_LCD_DATA11 Pin=BBB_UP-80
Removed Pin From Net: NetName=BBB_LCD_DATA12 Pin=BBB_UP-81
Removed Pin From Net: NetName=BBB_LCD_DATA10 Pin=BBB_UP-82
Removed Pin From Net: NetName=BBB_LCD_DATA8 Pin=BBB_UP-83
Removed Pin From Net: NetName=BBB_LCD_DATA9 Pin=BBB_UP-84
Removed Pin From Net: NetName=BBB_LCD_DATA6 Pin=BBB_UP-85
Removed Pin From Net: NetName=BBB_LCD_DATA7 Pin=BBB_UP-86
Removed Pin From Net: NetName=BBB_LCD_DATA4 Pin=BBB_UP-87
Removed Pin From Net: NetName=BBB_LCD_DATA5 Pin=BBB_UP-88
Removed Pin From Net: NetName=BBB_LCD_DATA2 Pin=BBB_UP-89
Removed Pin From Net: NetName=BBB_LCD_DATA3 Pin=BBB_UP-90
Removed Pin From Net: NetName=BBB_LCD_DATA0 Pin=BBB_UP-91
Removed Pin From Net: NetName=BBB_DCS_DATA1 Pin=BBB_UP-92
Added Pin To Net: NetName=BBB_MMC1_DAT4 Pin=BBB_UP-1
Added Pin To Net: NetName=BBB_MMC1_DAT5 Pin=BBB_UP-2
Added Pin To Net: NetName=BBB_MMC1_CLK Pin=BBB_UP-3
Added Pin To Net: NetName=BBB_MMC1_CMD Pin=BBB_UP-4
Added Pin To Net: NetName=BBB_EHRPWM2A Pin=BBB_UP-5
Added Pin To Net: NetName=BBB_GPIO_65 Pin=BBB_UP-6
Added Pin To Net: NetName=BBB_GPIO_27 Pin=BBB_UP-7
Added Pin To Net: NetName=BBB_GPIO_46 Pin=BBB_UP-8
Added Pin To Net: NetName=BBB_GPIO_47 Pin=BBB_UP-9
Added Pin To Net: NetName=BBB_GPIO_26 Pin=BBB_UP-10
Added Pin To Net: NetName=BBB_EHRPWM2B Pin=BBB_UP-11
Added Pin To Net: NetName=BBB_GPIO_44 Pin=BBB_UP-12
Added Pin To Net: NetName=BBB_GPIO_45 Pin=BBB_UP-13
Added Pin To Net: NetName=BBB_GPIO_68 Pin=BBB_UP-14
Added Pin To Net: NetName=BBB_GPIO_69 Pin=BBB_UP-15
Added Pin To Net: NetName=BBB_GPIO_67 Pin=BBB_UP-16
Added Pin To Net: NetName=BBB_GPIO_66 Pin=BBB_UP-17
Added Pin To Net: NetName=BBB_MMC1_DAT3 Pin=BBB_UP-18
Added Pin To Net: NetName=BBB_MMC1_DAT2 Pin=BBB_UP-19
Added Pin To Net: NetName=BBB_MMC1_DAT7 Pin=BBB_UP-20
Added Pin To Net: NetName=BBB_MMC1_DAT6 Pin=BBB_UP-21
Added Pin To Net: NetName=GND Pin=BBB_UP-22
Added Pin To Net: NetName=GND Pin=BBB_UP-23
Added Pin To Net: NetName=BBB_DCS_DATA1 Pin=BBB_UP-24
Added Pin To Net: NetName=BBB_LCD_DATA0 Pin=BBB_UP-25
Added Pin To Net: NetName=BBB_LCD_DATA3 Pin=BBB_UP-26
Added Pin To Net: NetName=BBB_LCD_DATA2 Pin=BBB_UP-27
Added Pin To Net: NetName=BBB_LCD_DATA5 Pin=BBB_UP-28
Added Pin To Net: NetName=BBB_LCD_DATA5 Pin=BBB_UP-28
Added Pin To Net: NetName=BBB_LCD_DATA4 Pin=BBB_UP-29
Added Pin To Net: NetName=BBB_LCD_DATA7 Pin=BBB_UP-30
Added Pin To Net: NetName=BBB_LCD_DATA6 Pin=BBB_UP-31
Added Pin To Net: NetName=BBB_LCD_DATA9 Pin=BBB_UP-32
Added Pin To Net: NetName=BBB_LCD_DATA8 Pin=BBB_UP-33
Added Pin To Net: NetName=BBB_LCD_DATA10 Pin=BBB_UP-34
Added Pin To Net: NetName=BBB_LCD_DATA12 Pin=BBB_UP-35
Added Pin To Net: NetName=BBB_LCD_DATA11 Pin=BBB_UP-36
Added Pin To Net: NetName=BBB_LCD_DATA13 Pin=BBB_UP-37
Added Pin To Net: NetName=BBB_LCD_DATA14 Pin=BBB_UP-39
Added Pin To Net: NetName=BBB_LCD_AC_BIAS Pin=BBB_UP-40
Added Pin To Net: NetName=BBB_LCD_HSYNC Pin=BBB_UP-41
Added Pin To Net: NetName=BBB_LCD_PCLK Pin=BBB_UP-42
Added Pin To Net: NetName=BBB_LCD_VSYNC Pin=BBB_UP-43
Added Pin To Net: NetName=BBB_GPIO_61 Pin=BBB_UP-44
Added Pin To Net: NetName=BBB_MMC1_DAT0 Pin=BBB_UP-45
Added Pin To Net: NetName=BBB_MMC1_DAT1 Pin=BBB_UP-46
Added Pin To Net: NetName=RDY1 Pin=BBB_UP-47
Added Pin To Net: NetName=SCLK_W_U_Power_Control2 Pin=BBB_UP-48
Added Pin To Net: NetName=DIN0 Pin=BBB_UP-49
Added Pin To Net: NetName=BBB_I2C_SDA Pin=BBB_UP-50
Added Pin To Net: NetName=BBB_I2C2_SCL Pin=BBB_UP-51
Added Pin To Net: NetName=SDO_W_U_Power_Control1 Pin=BBB_UP-52
Added Pin To Net: NetName=SPICS0 Pin=BBB_UP-53
Added Pin To Net: NetName=BBB_EHRPWM1B Pin=BBB_UP-54
Added Pin To Net: NetName=RDY0 Pin=BBB_UP-55
Added Pin To Net: NetName=BBB_EHRPWM1A Pin=BBB_UP-56
Added Pin To Net: NetName=BBB_GPIO_60 Pin=BBB_UP-57
Added Pin To Net: NetName=V_RST Pin=BBB_UP-58
Added Pin To Net: NetName=BBB_UART4_RXD Pin=BBB_UP-59
Added Pin To Net: NetName=BBB_SYS_RST Pin=BBB_UP-60
Added Pin To Net: NetName=BBB_PWR_BUT Pin=BBB_UP-61
Added Pin To Net: NetName=BBB_SYS_5V Pin=BBB_UP-62
Added Pin To Net: NetName=BBB_SYS_5V Pin=BBB_UP-63
Added Pin To Net: NetName=BBB_VDD_5V Pin=BBB_UP-64
Added Pin To Net: NetName=BBB_VDD_5V Pin=BBB_UP-65
Added Pin To Net: NetName=BBB_VDD_3V3 Pin=BBB_UP-66
Added Pin To Net: NetName=BBB_VDD_3V3 Pin=BBB_UP-67
Added Pin To Net: NetName=GND Pin=BBB_UP-68
Added Pin To Net: NetName=GND Pin=BBB_UP-69
Added Pin To Net: NetName=GND Pin=BBB_UP-70
Added Pin To Net: NetName=GND Pin=BBB_UP-71
Added Pin To Net: NetName=GND Pin=BBB_UP-72
Added Pin To Net: NetName=GND Pin=BBB_UP-73
Added Pin To Net: NetName=ECAPWMO Pin=BBB_UP-74
Added Pin To Net: NetName=GPIO_20 Pin=BBB_UP-75
Added Pin To Net: NetName=AIN1 Pin=BBB_UP-76
Added Pin To Net: NetName=AIN0 Pin=BBB_UP-77
Added Pin To Net: NetName=AIN3 Pin=BBB_UP-78
Added Pin To Net: NetName=AIN2 Pin=BBB_UP-79
Added Pin To Net: NetName=AIN5 Pin=BBB_UP-80
Added Pin To Net: NetName=AIN6 Pin=BBB_UP-81
Added Pin To Net: NetName=GND_ADC Pin=BBB_UP-82
Added Pin To Net: NetName=AIN4 Pin=BBB_UP-83
Added Pin To Net: NetName=VDD_ADC Pin=BBB_UP-84
Added Pin To Net: NetName=SPI1_SCLK Pin=BBB_UP-85
Added Pin To Net: NetName=SDO_W_U_Power_Control1 Pin=BBB_UP-86
Added Pin To Net: NetName=DIN1 Pin=BBB_UP-87
Added Pin To Net: NetName=SPICS1 Pin=BBB_UP-88
Added Pin To Net: NetName=GPIO_115 Pin=BBB_UP-89
Added Pin To Net: NetName=FPGA_RX Pin=BBB_UP-90
Added Pin To Net: NetName=GPIO_117 Pin=BBB_UP-91
Added Pin To Net: NetName=FPGA_TX Pin=BBB_UP-92
Added Pin To Net: NetName=GND Pin=GND-1
Added Pin To Net: NetName=GND Pin=GND-2
Added Pin To Net: NetName=GND Pin=GND-3
Added Pin To Net: NetName=GND Pin=GND-4
Added Pin To Net: NetName=GND Pin=GND-5
Added Pin To Net: NetName=GND Pin=GND-6
Added Pin To Net: NetName=GND Pin=GND-7
Added Pin To Net: NetName=GND Pin=GND-8
Added Pin To Net: NetName=GND Pin=GND-9
Added Pin To Net: NetName=GND Pin=GND-10
Added Member To Class: ClassName=U_Power_Control1 Member=Component D2_U_Power_Control1 (D2) Diode 1N4001
