Added Component: Designator=-5V(CP-002BHPJCT-ND)
Added Component: Designator=0.1uF_0(0.1uF_0603)
Added Component: Designator=0.1uF_1(0.1uF_0603)
Added Component: Designator=0.1uF_3(0.1uF_0603)
Added Component: Designator=0.1uF_4(0.1uF_0603)
Added Component: Designator=1(0.1uF_0603)
Added Component: Designator=2(0.1uF_0603)
Added Component: Designator=3(0.1uF_0603)
Added Component: Designator=3V3(CP-002BHPJCT-ND)
Added Component: Designator=4(0.1uF_0603)
Added Component: Designator=5(0.1uF_0603)
Added Component: Designator=6(0.1uF_0603)
Added Component: Designator=12V.(CP-002BHPJCT-ND)
Added Component: Designator=BBB(BBB_Pin)
Added Component: Designator=D1(DO-41)
Added Component: Designator=D2(DO-41)
Added Component: Designator=ETH1(FEMALE_HEADER_SMD)
Added Component: Designator=ETH2(FEMALE_HEADER_SMD)
Added Component: Designator=ETH3(FEMALE_HEADER_SMD)
Added Component: Designator=ETH4(FEMALE_HEADER_SMD)
Added Component: Designator=ETH(FEMALE_HEADER_SMD)
Added Component: Designator=LM1(op_amp)
Added Component: Designator=LM2(op_amp)
Added Component: Designator=POT(Dig_Pot)
Added Component: Designator=R1(0.1uF_0603)
Added Component: Designator=R2(0.1uF_0603)
Added Component: Designator=R5(J1-0603)
Added Component: Designator=R6(J1-0603)
Added Component: Designator=R9(J1-0603)
Added Component: Designator=R10(J1-0603)
Added Component: Designator=S1(SPST-2)
Added Component: Designator=TSB1(tri_state)
Added Component: Designator=TSB2(tri_state)
Added Component: Designator=TSB3(tri_state)
Added Component: Designator=TSB4(tri_state)
Added Component: Designator=TSB5(tri_state)
Added Component: Designator=TSB6(tri_state)
Added Component: Designator=TSB7(tri_state)
Added Component: Designator=TSB8(tri_state)
Added Component: Designator=TSB9(tri_state)
Added Component: Designator=TSB10(tri_state)
Added Component: Designator=TSB11(tri_state)
Added Component: Designator=TSB12(tri_state)
Added Component: Designator=TSB13(tri_state)
Added Component: Designator=TSB14(tri_state)
Added Component: Designator=TSB15(tri_state)
Added Component: Designator=TSB16(tri_state)
Added Component: Designator=TSB17(tri_state)
Added Component: Designator=TSB18(tri_state)
Added Component: Designator=TSB19(tri_state)
Added Component: Designator=TSB20(tri_state)
Added Component: Designator=TSB21(tri_state)
Added Component: Designator=TSB22(tri_state)
Added Component: Designator=TSB23(tri_state)
Added Component: Designator=TSB24(tri_state)
Added Component: Designator=TSB25(tri_state)
Added Component: Designator=TSB26(tri_state)
Added Component: Designator=TSB27(tri_state)
Added Component: Designator=TSB28(tri_state)
Added Component: Designator=TSB29(tri_state)
Added Component: Designator=TSB30(tri_state)
Added Component: Designator=TSB31(tri_state)
Added Component: Designator=TSB32(tri_state)
Added Component: Designator=TSB33(tri_state)
Added Component: Designator=TSB34(tri_state)
Added Component: Designator=TSB35(tri_state)
Added Component: Designator=TSB36(tri_state)
Added Component: Designator=TSB37(tri_state)
Added Component: Designator=TSB38(tri_state)
Added Component: Designator=TSB39(tri_state)
Added Component: Designator=TSB40(tri_state)
Added Component: Designator=TSB41(tri_state)
Added Component: Designator=TSB42(tri_state)
Added Component: Designator=TSB43(tri_state)
Added Component: Designator=TSB44(tri_state)
Added Component: Designator=TSB45(tri_state)
Added Component: Designator=TSB46(tri_state)
Added Component: Designator=TSB47(tri_state)
Added Component: Designator=TSB48(tri_state)
Added Component: Designator=TSB49(tri_state)
Added Component: Designator=TSB50(tri_state)
Added Component: Designator=TSB51(tri_state)
Added Component: Designator=TSB52(tri_state)
Added Component: Designator=TSB53(tri_state)
Added Component: Designator=TSB54(tri_state)
Added Component: Designator=TSB55(tri_state)
Added Component: Designator=TSB56(tri_state)
Added Component: Designator=TSB57(tri_state)
Added Component: Designator=TSB58(tri_state)
Added Component: Designator=TSB59(tri_state)
Added Component: Designator=TSB60(tri_state)
Added Component: Designator=TSB61(tri_state)
Added Component: Designator=TSB62(tri_state)
Added Component: Designator=TSB63(tri_state)
Added Component: Designator=TSB64(tri_state)
Added Component: Designator=TSB65(tri_state)
Added Component: Designator=TSB66(tri_state)
Added Component: Designator=TSB67(tri_state)
Added Component: Designator=TSB68(tri_state)
Added Component: Designator=TSB69(tri_state)
Added Component: Designator=TSB70(tri_state)
Added Component: Designator=TSB71(tri_state)
Added Component: Designator=TSB72(tri_state)
Added Component: Designator=TSB73(tri_state)
Added Component: Designator=TSB74(tri_state)
Added Component: Designator=TSB75(tri_state)
Added Component: Designator=TSB76(tri_state)
Added Component: Designator=TSB77(tri_state)
Added Component: Designator=TSB78(tri_state)
Added Component: Designator=TSB79(tri_state)
Added Component: Designator=TSB80(tri_state)
Added Component: Designator=TSB81(tri_state)
Added Component: Designator=TSB82(tri_state)
Added Component: Designator=TSB83(tri_state)
Added Component: Designator=TSB84(tri_state)
Added Component: Designator=TSB85(tri_state)
Added Component: Designator=TSB86(tri_state)
Added Component: Designator=TSB87(tri_state)
Added Component: Designator=TSB88(tri_state)
Added Component: Designator=TSB89(tri_state)
Added Component: Designator=TSB90(tri_state)
Added Component: Designator=TSB91(tri_state)
Added Component: Designator=TSB92(tri_state)
Added Component: Designator=TSB93(tri_state)
Added Component: Designator=TSB94(tri_state)
Added Component: Designator=TSB95(tri_state)
Added Component: Designator=TSB96(tri_state)
Added Component: Designator=TSB97(tri_state)
Added Component: Designator=TSB98(tri_state)
Added Component: Designator=TSB99(tri_state)
Added Component: Designator=TSB100(tri_state)
Added Component: Designator=TSB101(tri_state)
Added Component: Designator=TSB102(tri_state)
Added Component: Designator=TSB103(tri_state)
Added Component: Designator=TSB104(tri_state)
Added Component: Designator=TSB105(tri_state)
Added Component: Designator=TSB106(tri_state)
Added Component: Designator=TSB107(tri_state)
Added Component: Designator=TSB108(tri_state)
Added Component: Designator=TSB109(tri_state)
Added Component: Designator=TSB110(tri_state)
Added Component: Designator=TSB111(tri_state)
Added Component: Designator=TSB112(tri_state)
Added Component: Designator=TSB113(tri_state)
Added Component: Designator=TSB114(tri_state)
Added Component: Designator=TSB115(tri_state)
Added Component: Designator=TSB116(tri_state)
Added Component: Designator=TSB117(tri_state)
Added Component: Designator=TSB118(tri_state)
Added Component: Designator=TSB119(tri_state)
Added Component: Designator=TSB120(tri_state)
Added Component: Designator=TSB121(tri_state)
Added Component: Designator=TSB122(tri_state)
Added Component: Designator=TSB123(tri_state)
Added Component: Designator=TSB124(tri_state)
Added Component: Designator=TSB125(tri_state)
Added Component: Designator=TSB126(tri_state)
Added Component: Designator=TSB127(tri_state)
Added Component: Designator=TSB128(tri_state)
Added Component: Designator=VR1(volt_reg)
Added Component: Designator=VT1(8-bit_level)
Added Component: Designator=VT2(8-bit_level)
Added Pin To Net: NetName=-5V Pin=LM1-2
Added Pin To Net: NetName=-5V Pin=R6-1
Added Net: Name=-5V
Added Pin To Net: NetName=12V Pin=LM2-5
Added Pin To Net: NetName=12V Pin=POT-6
Added Pin To Net: NetName=12V Pin=R10-2
Added Net: Name=12V
Added Pin To Net: NetName=A0 Pin=TSB1-2
Added Net: Name=A0
Added Pin To Net: NetName=A1 Pin=TSB8-2
Added Net: Name=A1
Added Pin To Net: NetName=A2 Pin=TSB15-2
Added Net: Name=A2
Added Pin To Net: NetName=A3 Pin=TSB22-2
Added Net: Name=A3
Added Pin To Net: NetName=A4 Pin=TSB29-2
Added Net: Name=A4
Added Pin To Net: NetName=A5 Pin=TSB36-2
Added Net: Name=A5
Added Pin To Net: NetName=A6 Pin=TSB43-2
Added Net: Name=A6
Added Pin To Net: NetName=A7 Pin=TSB50-2
Added Net: Name=A7
Added Pin To Net: NetName=A8 Pin=TSB57-2
Added Net: Name=A8
Added Pin To Net: NetName=A9 Pin=TSB64-2
Added Net: Name=A9
Added Pin To Net: NetName=A10 Pin=TSB71-2
Added Net: Name=A10
Added Pin To Net: NetName=A11 Pin=TSB78-2
Added Net: Name=A11
Added Pin To Net: NetName=A12 Pin=TSB85-2
Added Net: Name=A12
Added Pin To Net: NetName=A13 Pin=TSB92-2
Added Net: Name=A13
Added Pin To Net: NetName=A14 Pin=TSB99-2
Added Net: Name=A14
Added Pin To Net: NetName=A15 Pin=TSB106-2
Added Net: Name=A15
Added Pin To Net: NetName=A16 Pin=TSB113-2
Added Net: Name=A16
Added Pin To Net: NetName=A17 Pin=TSB120-2
Added Net: Name=A17
Added Pin To Net: NetName=A18 Pin=TSB2-2
Added Net: Name=A18
Added Pin To Net: NetName=A19 Pin=TSB9-2
Added Net: Name=A19
Added Pin To Net: NetName=A20 Pin=TSB16-2
Added Net: Name=A20
Added Pin To Net: NetName=A21 Pin=TSB23-2
Added Net: Name=A21
Added Pin To Net: NetName=A22 Pin=TSB30-2
Added Net: Name=A22
Added Pin To Net: NetName=A23 Pin=TSB37-2
Added Net: Name=A23
Added Pin To Net: NetName=A24 Pin=TSB44-2
Added Net: Name=A24
Added Pin To Net: NetName=A25 Pin=TSB51-2
Added Net: Name=A25
Added Pin To Net: NetName=A26 Pin=TSB58-2
Added Net: Name=A26
Added Pin To Net: NetName=A27 Pin=TSB65-2
Added Net: Name=A27
Added Pin To Net: NetName=A28 Pin=TSB72-2
Added Net: Name=A28
Added Pin To Net: NetName=A29 Pin=TSB79-2
Added Net: Name=A29
Added Pin To Net: NetName=A30 Pin=TSB86-2
Added Net: Name=A30
Added Pin To Net: NetName=A31 Pin=TSB93-2
Added Net: Name=A31
Added Pin To Net: NetName=A32 Pin=TSB100-2
Added Net: Name=A32
Added Pin To Net: NetName=A33 Pin=TSB107-2
Added Net: Name=A33
Added Pin To Net: NetName=A34 Pin=TSB114-2
Added Net: Name=A34
Added Pin To Net: NetName=A35 Pin=TSB121-2
Added Net: Name=A35
Added Pin To Net: NetName=A36 Pin=TSB3-2
Added Net: Name=A36
Added Pin To Net: NetName=A37 Pin=TSB10-2
Added Net: Name=A37
Added Pin To Net: NetName=A38 Pin=TSB17-2
Added Net: Name=A38
Added Pin To Net: NetName=A39 Pin=TSB24-2
Added Net: Name=A39
Added Pin To Net: NetName=A40 Pin=TSB31-2
Added Net: Name=A40
Added Pin To Net: NetName=A41 Pin=TSB38-2
Added Net: Name=A41
Added Pin To Net: NetName=A42 Pin=TSB45-2
Added Net: Name=A42
Added Pin To Net: NetName=A43 Pin=TSB52-2
Added Net: Name=A43
Added Pin To Net: NetName=A44 Pin=TSB59-2
Added Net: Name=A44
Added Pin To Net: NetName=A45 Pin=TSB66-2
Added Net: Name=A45
Added Pin To Net: NetName=A46 Pin=TSB73-2
Added Net: Name=A46
Added Pin To Net: NetName=A47 Pin=TSB80-2
Added Net: Name=A47
Added Pin To Net: NetName=A48 Pin=TSB87-2
Added Net: Name=A48
Added Pin To Net: NetName=A49 Pin=TSB94-2
Added Net: Name=A49
Added Pin To Net: NetName=A50 Pin=TSB101-2
Added Net: Name=A50
Added Pin To Net: NetName=A51 Pin=TSB108-2
Added Net: Name=A51
Added Pin To Net: NetName=A52 Pin=TSB115-2
Added Net: Name=A52
Added Pin To Net: NetName=A53 Pin=TSB122-2
Added Net: Name=A53
Added Pin To Net: NetName=A54 Pin=TSB4-2
Added Net: Name=A54
Added Pin To Net: NetName=A55 Pin=TSB11-2
Added Net: Name=A55
Added Pin To Net: NetName=A56 Pin=TSB18-2
Added Net: Name=A56
Added Pin To Net: NetName=A57 Pin=TSB25-2
Added Net: Name=A57
Added Pin To Net: NetName=A58 Pin=TSB32-2
Added Net: Name=A58
Added Pin To Net: NetName=A59 Pin=TSB39-2
Added Net: Name=A59
Added Pin To Net: NetName=A60 Pin=TSB46-2
Added Net: Name=A60
Added Pin To Net: NetName=A61 Pin=TSB53-2
Added Net: Name=A61
Added Pin To Net: NetName=A62 Pin=TSB60-2
Added Net: Name=A62
Added Pin To Net: NetName=A63 Pin=TSB67-2
Added Net: Name=A63
Added Pin To Net: NetName=A64 Pin=TSB74-2
Added Net: Name=A64
Added Pin To Net: NetName=A65 Pin=TSB81-2
Added Net: Name=A65
Added Pin To Net: NetName=A66 Pin=TSB88-2
Added Net: Name=A66
Added Pin To Net: NetName=A67 Pin=TSB95-2
Added Net: Name=A67
Added Pin To Net: NetName=A68 Pin=TSB102-2
Added Net: Name=A68
Added Pin To Net: NetName=A69 Pin=TSB109-2
Added Net: Name=A69
Added Pin To Net: NetName=A70 Pin=TSB116-2
Added Net: Name=A70
Added Pin To Net: NetName=A71 Pin=TSB123-2
Added Net: Name=A71
Added Pin To Net: NetName=A72 Pin=TSB5-2
Added Net: Name=A72
Added Pin To Net: NetName=A73 Pin=TSB12-2
Added Net: Name=A73
Added Pin To Net: NetName=A74 Pin=TSB19-2
Added Net: Name=A74
Added Pin To Net: NetName=A75 Pin=TSB26-2
Added Net: Name=A75
Added Pin To Net: NetName=A76 Pin=TSB33-2
Added Net: Name=A76
Added Pin To Net: NetName=A77 Pin=TSB40-2
Added Net: Name=A77
Added Pin To Net: NetName=A78 Pin=TSB47-2
Added Net: Name=A78
Added Pin To Net: NetName=A79 Pin=TSB54-2
Added Net: Name=A79
Added Pin To Net: NetName=A80 Pin=TSB61-2
Added Net: Name=A80
Added Pin To Net: NetName=A81 Pin=TSB68-2
Added Net: Name=A81
Added Pin To Net: NetName=A82 Pin=TSB75-2
Added Net: Name=A82
Added Pin To Net: NetName=A83 Pin=TSB82-2
Added Net: Name=A83
Added Pin To Net: NetName=A84 Pin=TSB89-2
Added Net: Name=A84
Added Pin To Net: NetName=A85 Pin=TSB96-2
Added Net: Name=A85
Added Pin To Net: NetName=A86 Pin=TSB103-2
Added Net: Name=A86
Added Pin To Net: NetName=A87 Pin=TSB110-2
Added Net: Name=A87
Added Pin To Net: NetName=A88 Pin=TSB117-2
Added Net: Name=A88
Added Pin To Net: NetName=A89 Pin=TSB124-2
Added Net: Name=A89
Added Pin To Net: NetName=A90 Pin=TSB6-2
Added Net: Name=A90
Added Pin To Net: NetName=A91 Pin=TSB13-2
Added Net: Name=A91
Added Pin To Net: NetName=A92 Pin=TSB20-2
Added Net: Name=A92
Added Pin To Net: NetName=A93 Pin=TSB27-2
Added Net: Name=A93
Added Pin To Net: NetName=A94 Pin=TSB34-2
Added Net: Name=A94
Added Pin To Net: NetName=A95 Pin=TSB41-2
Added Net: Name=A95
Added Pin To Net: NetName=A96 Pin=TSB48-2
Added Net: Name=A96
Added Pin To Net: NetName=A97 Pin=TSB55-2
Added Net: Name=A97
Added Pin To Net: NetName=A98 Pin=TSB62-2
Added Net: Name=A98
Added Pin To Net: NetName=A99 Pin=TSB69-2
Added Net: Name=A99
Added Pin To Net: NetName=A100 Pin=TSB76-2
Added Net: Name=A100
Added Pin To Net: NetName=A101 Pin=TSB83-2
Added Net: Name=A101
Added Pin To Net: NetName=A102 Pin=TSB90-2
Added Net: Name=A102
Added Pin To Net: NetName=A103 Pin=TSB97-2
Added Net: Name=A103
Added Pin To Net: NetName=A104 Pin=TSB104-2
Added Net: Name=A104
Added Pin To Net: NetName=A105 Pin=TSB111-2
Added Net: Name=A105
Added Pin To Net: NetName=A106 Pin=TSB118-2
Added Net: Name=A106
Added Pin To Net: NetName=A107 Pin=TSB125-2
Added Net: Name=A107
Added Pin To Net: NetName=A108 Pin=TSB7-2
Added Net: Name=A108
Added Pin To Net: NetName=A109 Pin=TSB14-2
Added Net: Name=A109
Added Pin To Net: NetName=A110 Pin=TSB21-2
Added Net: Name=A110
Added Pin To Net: NetName=A111 Pin=TSB28-2
Added Net: Name=A111
Added Pin To Net: NetName=A112 Pin=TSB35-2
Added Net: Name=A112
Added Pin To Net: NetName=A113 Pin=TSB42-2
Added Net: Name=A113
Added Pin To Net: NetName=A114 Pin=TSB49-2
Added Net: Name=A114
Added Pin To Net: NetName=A115 Pin=TSB56-2
Added Net: Name=A115
Added Pin To Net: NetName=A116 Pin=TSB63-2
Added Net: Name=A116
Added Pin To Net: NetName=A117 Pin=TSB70-2
Added Net: Name=A117
Added Pin To Net: NetName=A118 Pin=TSB77-2
Added Net: Name=A118
Added Pin To Net: NetName=A119 Pin=TSB84-2
Added Net: Name=A119
Added Pin To Net: NetName=A120 Pin=TSB91-2
Added Net: Name=A120
Added Pin To Net: NetName=A121 Pin=TSB98-2
Added Net: Name=A121
Added Pin To Net: NetName=A122 Pin=TSB105-2
Added Net: Name=A122
Added Pin To Net: NetName=A123 Pin=TSB112-2
Added Net: Name=A123
Added Pin To Net: NetName=A124 Pin=TSB119-2
Added Net: Name=A124
Added Pin To Net: NetName=A125 Pin=TSB126-2
Added Net: Name=A125
Added Pin To Net: NetName=DIN0 Pin=BBB-21
Added Net: Name=DIN0
Added Pin To Net: NetName=DIN1 Pin=BBB-29
Added Net: Name=DIN1
Added Net: Name=DOUT0
Added Net: Name=DOUT1
Added Net: Name=DOUT2
Added Net: Name=DOUT3
Added Net: Name=DOUT4
Added Net: Name=DOUT5
Added Net: Name=DOUT6
Added Net: Name=DOUT7
Added Net: Name=DOUT8
Added Net: Name=DOUT9
Added Net: Name=DOUT10
Added Net: Name=DOUT11
Added Net: Name=DOUT12
Added Net: Name=DOUT13
Added Net: Name=DOUT14
Added Net: Name=DOUT15
Added Net: Name=DOUT16
Added Net: Name=DOUT17
Added Net: Name=DOUT18
Added Net: Name=DOUT19
Added Net: Name=DOUT20
Added Net: Name=DOUT21
Added Net: Name=DOUT22
Added Net: Name=DOUT23
Added Net: Name=DOUT24
Added Net: Name=DOUT25
Added Net: Name=DOUT26
Added Net: Name=DOUT27
Added Net: Name=DOUT28
Added Net: Name=DOUT29
Added Net: Name=DOUT30
Added Net: Name=DOUT31
Added Net: Name=DOUT32
Added Net: Name=DOUT33
Added Net: Name=DOUT34
Added Net: Name=DOUT35
Added Net: Name=DOUT36
Added Net: Name=DOUT37
Added Net: Name=DOUT38
Added Net: Name=DOUT39
Added Net: Name=DOUT40
Added Net: Name=DOUT41
Added Net: Name=DOUT42
Added Net: Name=DOUT43
Added Net: Name=DOUT44
Added Net: Name=DOUT45
Added Net: Name=DOUT46
Added Net: Name=DOUT47
Added Net: Name=DOUT48
Added Net: Name=DOUT49
Added Net: Name=DOUT50
Added Net: Name=DOUT51
Added Net: Name=DOUT52
Added Net: Name=DOUT53
Added Net: Name=DOUT54
Added Net: Name=DOUT55
Added Net: Name=DOUT56
Added Net: Name=DOUT57
Added Net: Name=DOUT58
Added Net: Name=DOUT59
Added Net: Name=DOUT60
Added Net: Name=DOUT61
Added Net: Name=DOUT62
Added Net: Name=DOUT63
Added Net: Name=DOUT64
Added Net: Name=DOUT65
Added Net: Name=DOUT66
Added Net: Name=DOUT67
Added Net: Name=DOUT68
Added Net: Name=DOUT69
Added Net: Name=DOUT70
Added Net: Name=DOUT71
Added Net: Name=DOUT72
Added Net: Name=DOUT73
Added Net: Name=DOUT74
Added Net: Name=DOUT75
Added Net: Name=DOUT76
Added Net: Name=DOUT77
Added Net: Name=DOUT78
Added Net: Name=DOUT79
Added Net: Name=DOUT80
Added Net: Name=DOUT81
Added Net: Name=DOUT82
Added Net: Name=DOUT83
Added Net: Name=DOUT84
Added Net: Name=DOUT85
Added Net: Name=DOUT86
Added Net: Name=DOUT87
Added Net: Name=DOUT88
Added Net: Name=DOUT89
Added Net: Name=DOUT90
Added Net: Name=DOUT91
Added Net: Name=DOUT92
Added Net: Name=DOUT93
Added Net: Name=DOUT94
Added Net: Name=DOUT95
Added Net: Name=DOUT96
Added Net: Name=DOUT97
Added Net: Name=DOUT98
Added Net: Name=DOUT99
Added Net: Name=DOUT100
Added Net: Name=DOUT101
Added Net: Name=DOUT102
Added Net: Name=DOUT103
Added Net: Name=DOUT104
Added Net: Name=DOUT105
Added Net: Name=DOUT106
Added Net: Name=DOUT107
Added Net: Name=DOUT108
Added Net: Name=DOUT109
Added Net: Name=DOUT110
Added Net: Name=DOUT111
Added Net: Name=DOUT112
Added Net: Name=DOUT113
Added Net: Name=DOUT114
Added Net: Name=DOUT115
Added Net: Name=DOUT116
Added Net: Name=DOUT117
Added Net: Name=DOUT118
Added Net: Name=DOUT119
Added Net: Name=DOUT120
Added Net: Name=DOUT121
Added Net: Name=DOUT122
Added Net: Name=DOUT123
Added Net: Name=DOUT124
Added Net: Name=DOUT125
Added Net: Name=DOUT126
Added Net: Name=DOUT127
Added Net: Name=IVL_W0
Added Net: Name=IVL_W1
Added Net: Name=IVL_W2
Added Net: Name=IVL_W3
Added Net: Name=IVL_W4
Added Net: Name=IVL_W5
Added Net: Name=IVL_W6
Added Net: Name=IVL_W7
Added Net: Name=IVL_W8
Added Net: Name=IVL_W9
Added Net: Name=IVL_W10
Added Net: Name=IVL_W11
Added Net: Name=IVL_W12
Added Net: Name=IVL_W13
Added Net: Name=IVL_W14
Added Net: Name=IVL_W15
Added Pin To Net: NetName=L_H2 Pin=3V3-2
Added Pin To Net: NetName=L_H2 Pin=3V3-3
Added Pin To Net: NetName=L_H2 Pin=S1-1
Added Net: Name=L_H2
Added Pin To Net: NetName=L_H5 Pin=-5V-2
Added Pin To Net: NetName=L_H5 Pin=-5V-3
Added Pin To Net: NetName=L_H5 Pin=3-1
Added Pin To Net: NetName=L_H5 Pin=3V3-1
Added Pin To Net: NetName=L_H5 Pin=3V3-1
Added Pin To Net: NetName=L_H5 Pin=4-1
Added Pin To Net: NetName=L_H5 Pin=5-1
Added Pin To Net: NetName=L_H5 Pin=6-1
Added Pin To Net: NetName=L_H5 Pin=12V.-1
Added Pin To Net: NetName=L_H5 Pin=12V.-1
Added Pin To Net: NetName=L_H5 Pin=BBB-1
Added Pin To Net: NetName=L_H5 Pin=BBB-2
Added Pin To Net: NetName=L_H5 Pin=BBB-43
Added Pin To Net: NetName=L_H5 Pin=BBB-44
Added Pin To Net: NetName=L_H5 Pin=BBB-45
Added Pin To Net: NetName=L_H5 Pin=BBB-46
Added Pin To Net: NetName=L_H5 Pin=BBB-47
Added Pin To Net: NetName=L_H5 Pin=BBB-48
Added Pin To Net: NetName=L_H5 Pin=ETH3-17
Added Pin To Net: NetName=L_H5 Pin=ETH3-18
Added Pin To Net: NetName=L_H5 Pin=ETH3-19
Added Pin To Net: NetName=L_H5 Pin=ETH3-20
Added Pin To Net: NetName=L_H5 Pin=ETH3-21
Added Pin To Net: NetName=L_H5 Pin=ETH3-22
Added Pin To Net: NetName=L_H5 Pin=ETH3-23
Added Pin To Net: NetName=L_H5 Pin=ETH3-24
Added Pin To Net: NetName=L_H5 Pin=ETH4-11
Added Pin To Net: NetName=L_H5 Pin=ETH4-30
Added Pin To Net: NetName=L_H5 Pin=LM2-2
Added Pin To Net: NetName=L_H5 Pin=POT-2
Added Pin To Net: NetName=L_H5 Pin=POT-9
Added Pin To Net: NetName=L_H5 Pin=R1-1
Added Pin To Net: NetName=L_H5 Pin=R5-1
Added Pin To Net: NetName=L_H5 Pin=R9-1
Added Pin To Net: NetName=L_H5 Pin=TSB1-3
Added Pin To Net: NetName=L_H5 Pin=TSB2-3
Added Pin To Net: NetName=L_H5 Pin=TSB3-3
Added Pin To Net: NetName=L_H5 Pin=TSB4-3
Added Pin To Net: NetName=L_H5 Pin=TSB5-3
Added Pin To Net: NetName=L_H5 Pin=TSB6-3
Added Pin To Net: NetName=L_H5 Pin=TSB7-3
Added Pin To Net: NetName=L_H5 Pin=TSB8-3
Added Pin To Net: NetName=L_H5 Pin=TSB9-3
Added Pin To Net: NetName=L_H5 Pin=TSB10-3
Added Pin To Net: NetName=L_H5 Pin=TSB11-3
Added Pin To Net: NetName=L_H5 Pin=TSB12-3
Added Pin To Net: NetName=L_H5 Pin=TSB13-3
Added Pin To Net: NetName=L_H5 Pin=TSB14-3
Added Pin To Net: NetName=L_H5 Pin=TSB15-3
Added Pin To Net: NetName=L_H5 Pin=TSB16-3
Added Pin To Net: NetName=L_H5 Pin=TSB17-3
Added Pin To Net: NetName=L_H5 Pin=TSB18-3
Added Pin To Net: NetName=L_H5 Pin=TSB19-3
Added Pin To Net: NetName=L_H5 Pin=TSB20-3
Added Pin To Net: NetName=L_H5 Pin=TSB21-3
Added Pin To Net: NetName=L_H5 Pin=TSB22-3
Added Pin To Net: NetName=L_H5 Pin=TSB23-3
Added Pin To Net: NetName=L_H5 Pin=TSB24-3
Added Pin To Net: NetName=L_H5 Pin=TSB25-3
Added Pin To Net: NetName=L_H5 Pin=TSB26-3
Added Pin To Net: NetName=L_H5 Pin=TSB27-3
Added Pin To Net: NetName=L_H5 Pin=TSB28-3
Added Pin To Net: NetName=L_H5 Pin=TSB29-3
Added Pin To Net: NetName=L_H5 Pin=TSB30-3
Added Pin To Net: NetName=L_H5 Pin=TSB31-3
Added Pin To Net: NetName=L_H5 Pin=TSB32-3
Added Pin To Net: NetName=L_H5 Pin=TSB33-3
Added Pin To Net: NetName=L_H5 Pin=TSB34-3
Added Pin To Net: NetName=L_H5 Pin=TSB35-3
Added Pin To Net: NetName=L_H5 Pin=TSB36-3
Added Pin To Net: NetName=L_H5 Pin=TSB37-3
Added Pin To Net: NetName=L_H5 Pin=TSB38-3
Added Pin To Net: NetName=L_H5 Pin=TSB39-3
Added Pin To Net: NetName=L_H5 Pin=TSB40-3
Added Pin To Net: NetName=L_H5 Pin=TSB41-3
Added Pin To Net: NetName=L_H5 Pin=TSB42-3
Added Pin To Net: NetName=L_H5 Pin=TSB43-3
Added Pin To Net: NetName=L_H5 Pin=TSB44-3
Added Pin To Net: NetName=L_H5 Pin=TSB45-3
Added Pin To Net: NetName=L_H5 Pin=TSB46-3
Added Pin To Net: NetName=L_H5 Pin=TSB47-3
Added Pin To Net: NetName=L_H5 Pin=TSB48-3
Added Pin To Net: NetName=L_H5 Pin=TSB49-3
Added Pin To Net: NetName=L_H5 Pin=TSB50-3
Added Pin To Net: NetName=L_H5 Pin=TSB51-3
Added Pin To Net: NetName=L_H5 Pin=TSB52-3
Added Pin To Net: NetName=L_H5 Pin=TSB53-3
Added Pin To Net: NetName=L_H5 Pin=TSB54-3
Added Pin To Net: NetName=L_H5 Pin=TSB55-3
Added Pin To Net: NetName=L_H5 Pin=TSB56-3
Added Pin To Net: NetName=L_H5 Pin=TSB57-3
Added Pin To Net: NetName=L_H5 Pin=TSB58-3
Added Pin To Net: NetName=L_H5 Pin=TSB59-3
Added Pin To Net: NetName=L_H5 Pin=TSB60-3
Added Pin To Net: NetName=L_H5 Pin=TSB61-3
Added Pin To Net: NetName=L_H5 Pin=TSB62-3
Added Pin To Net: NetName=L_H5 Pin=TSB63-3
Added Pin To Net: NetName=L_H5 Pin=TSB64-3
Added Pin To Net: NetName=L_H5 Pin=TSB65-3
Added Pin To Net: NetName=L_H5 Pin=TSB66-3
Added Pin To Net: NetName=L_H5 Pin=TSB67-3
Added Pin To Net: NetName=L_H5 Pin=TSB68-3
Added Pin To Net: NetName=L_H5 Pin=TSB69-3
Added Pin To Net: NetName=L_H5 Pin=TSB70-3
Added Pin To Net: NetName=L_H5 Pin=TSB71-3
Added Pin To Net: NetName=L_H5 Pin=TSB72-3
Added Pin To Net: NetName=L_H5 Pin=TSB73-3
Added Pin To Net: NetName=L_H5 Pin=TSB74-3
Added Pin To Net: NetName=L_H5 Pin=TSB75-3
Added Pin To Net: NetName=L_H5 Pin=TSB76-3
Added Pin To Net: NetName=L_H5 Pin=TSB77-3
Added Pin To Net: NetName=L_H5 Pin=TSB78-3
Added Pin To Net: NetName=L_H5 Pin=TSB79-3
Added Pin To Net: NetName=L_H5 Pin=TSB80-3
Added Pin To Net: NetName=L_H5 Pin=TSB81-3
Added Pin To Net: NetName=L_H5 Pin=TSB82-3
Added Pin To Net: NetName=L_H5 Pin=TSB83-3
Added Pin To Net: NetName=L_H5 Pin=TSB84-3
Added Pin To Net: NetName=L_H5 Pin=TSB85-3
Added Pin To Net: NetName=L_H5 Pin=TSB86-3
Added Pin To Net: NetName=L_H5 Pin=TSB87-3
Added Pin To Net: NetName=L_H5 Pin=TSB88-3
Added Pin To Net: NetName=L_H5 Pin=TSB89-3
Added Pin To Net: NetName=L_H5 Pin=TSB90-3
Added Pin To Net: NetName=L_H5 Pin=TSB91-3
Added Pin To Net: NetName=L_H5 Pin=TSB92-3
Added Pin To Net: NetName=L_H5 Pin=TSB93-3
Added Pin To Net: NetName=L_H5 Pin=TSB94-3
Added Pin To Net: NetName=L_H5 Pin=TSB95-3
Added Pin To Net: NetName=L_H5 Pin=TSB96-3
Added Pin To Net: NetName=L_H5 Pin=TSB97-3
Added Pin To Net: NetName=L_H5 Pin=TSB98-3
Added Pin To Net: NetName=L_H5 Pin=TSB99-3
Added Pin To Net: NetName=L_H5 Pin=TSB100-3
Added Pin To Net: NetName=L_H5 Pin=TSB101-3
Added Pin To Net: NetName=L_H5 Pin=TSB102-3
Added Pin To Net: NetName=L_H5 Pin=TSB103-3
Added Pin To Net: NetName=L_H5 Pin=TSB104-3
Added Pin To Net: NetName=L_H5 Pin=TSB105-3
Added Pin To Net: NetName=L_H5 Pin=TSB106-3
Added Pin To Net: NetName=L_H5 Pin=TSB107-3
Added Pin To Net: NetName=L_H5 Pin=TSB108-3
Added Pin To Net: NetName=L_H5 Pin=TSB109-3
Added Pin To Net: NetName=L_H5 Pin=TSB110-3
Added Pin To Net: NetName=L_H5 Pin=TSB111-3
Added Pin To Net: NetName=L_H5 Pin=TSB112-3
Added Pin To Net: NetName=L_H5 Pin=TSB113-3
Added Pin To Net: NetName=L_H5 Pin=TSB114-3
Added Pin To Net: NetName=L_H5 Pin=TSB115-3
Added Pin To Net: NetName=L_H5 Pin=TSB116-3
Added Pin To Net: NetName=L_H5 Pin=TSB117-3
Added Pin To Net: NetName=L_H5 Pin=TSB118-3
Added Pin To Net: NetName=L_H5 Pin=TSB119-3
Added Pin To Net: NetName=L_H5 Pin=TSB120-3
Added Pin To Net: NetName=L_H5 Pin=TSB121-3
Added Pin To Net: NetName=L_H5 Pin=TSB123-3
Added Pin To Net: NetName=L_H5 Pin=TSB124-3
Added Pin To Net: NetName=L_H5 Pin=TSB125-3
Added Pin To Net: NetName=L_H5 Pin=TSB126-3
Added Pin To Net: NetName=L_H5 Pin=TSB127-2
Added Pin To Net: NetName=L_H5 Pin=TSB127-3
Added Pin To Net: NetName=L_H5 Pin=TSB128-2
Added Pin To Net: NetName=L_H5 Pin=TSB128-3
Added Net: Name=L_H5
Added Pin To Net: NetName=NetD1_1 Pin=D1-1
Added Pin To Net: NetName=NetD1_1 Pin=D2-2
Added Pin To Net: NetName=NetD1_1 Pin=R2-2
Added Pin To Net: NetName=NetD1_1 Pin=VR1-2
Added Pin To Net: NetName=NetD1_1 Pin=VR1-4
Added Net: Name=NetD1_1
Added Pin To Net: NetName=NetD2_1 Pin=D2-1
Added Pin To Net: NetName=NetD2_1 Pin=POT-4
Added Pin To Net: NetName=NetD2_1 Pin=R2-1
Added Pin To Net: NetName=NetD2_1 Pin=VR1-1
Added Net: Name=NetD2_1
Added Pin To Net: NetName=NetETH4_16 Pin=ETH4-16
Added Net: Name=NetETH4_16
Added Pin To Net: NetName=NetETH4_17 Pin=ETH4-17
Added Net: Name=NetETH4_17
Added Pin To Net: NetName=NetETH4_18 Pin=ETH4-18
Added Net: Name=NetETH4_18
Added Pin To Net: NetName=NetETH4_19 Pin=ETH4-19
Added Net: Name=NetETH4_19
Added Pin To Net: NetName=NetETH4_20 Pin=ETH4-20
Added Net: Name=NetETH4_20
Added Pin To Net: NetName=NetETH4_21 Pin=ETH4-21
Added Net: Name=NetETH4_21
Added Pin To Net: NetName=NetETH4_22 Pin=ETH4-22
Added Net: Name=NetETH4_22
Added Pin To Net: NetName=NetETH4_23 Pin=ETH4-23
Added Net: Name=NetETH4_23
Added Pin To Net: NetName=NetETH4_24 Pin=ETH4-24
Added Net: Name=NetETH4_24
Added Pin To Net: NetName=NetETH4_25 Pin=ETH4-25
Added Net: Name=NetETH4_25
Added Pin To Net: NetName=NetETH4_26 Pin=ETH4-26
Added Net: Name=NetETH4_26
Added Pin To Net: NetName=NetETH4_27 Pin=ETH4-27
Added Net: Name=NetETH4_27
Added Pin To Net: NetName=NetETH4_28 Pin=ETH4-28
Added Net: Name=NetETH4_28
Added Pin To Net: NetName=NetETH4_29 Pin=ETH4-29
Added Net: Name=NetETH4_29
Added Pin To Net: NetName=NetETH4_31 Pin=ETH4-31
Added Net: Name=NetETH4_31
Added Pin To Net: NetName=NetETH4_32 Pin=ETH4-32
Added Net: Name=NetETH4_32
Added Pin To Net: NetName=NetETH4_33 Pin=ETH4-33
Added Net: Name=NetETH4_33
Added Pin To Net: NetName=NetETH4_34 Pin=ETH4-34
Added Net: Name=NetETH4_34
Added Pin To Net: NetName=NetETH4_35 Pin=ETH4-35
Added Net: Name=NetETH4_35
Added Pin To Net: NetName=NetETH4_36 Pin=ETH4-36
Added Net: Name=NetETH4_36
Added Pin To Net: NetName=NetETH4_37 Pin=ETH4-37
Added Net: Name=NetETH4_37
Added Pin To Net: NetName=NetETH4_38 Pin=ETH4-38
Added Net: Name=NetETH4_38
Added Pin To Net: NetName=NetETH4_39 Pin=ETH4-39
Added Net: Name=NetETH4_39
Added Pin To Net: NetName=NetETH4_40 Pin=ETH4-40
Added Net: Name=NetETH4_40
Added Pin To Net: NetName=NetLM1_1 Pin=LM1-1
Added Pin To Net: NetName=NetLM1_1 Pin=R5-2
Added Pin To Net: NetName=NetLM1_1 Pin=R6-2
Added Net: Name=NetLM1_1
Added Pin To Net: NetName=NetLM2_1 Pin=LM2-1
Added Pin To Net: NetName=NetLM2_1 Pin=R9-2
Added Pin To Net: NetName=NetLM2_1 Pin=R10-1
Added Net: Name=NetLM2_1
Added Pin To Net: NetName=NetPOT_1 Pin=POT-1
Added Net: Name=NetPOT_1
Added Pin To Net: NetName=NetPOT_10 Pin=POT-10
Added Net: Name=NetPOT_10
Added Pin To Net: NetName=NetPOT_11 Pin=POT-11
Added Net: Name=NetPOT_11
Added Pin To Net: NetName=NetPOT_12 Pin=POT-12
Added Net: Name=NetPOT_12
Added Pin To Net: NetName=NetPOT_13 Pin=POT-13
Added Net: Name=NetPOT_13
Added Pin To Net: NetName=NetPOT_14 Pin=POT-14
Added Net: Name=NetPOT_14
Added Pin To Net: NetName=NetR1_2 Pin=R1-2
Added Pin To Net: NetName=NetR1_2 Pin=S1-2
Added Net: Name=NetR1_2
Added Net: Name=NetSR1_9
Added Net: Name=NetSR1_14
Added Net: Name=NetSR2_9
Added Net: Name=NetSR2_14
Added Net: Name=NetSR3_9
Added Net: Name=NetSR5_9
Added Net: Name=NetSR6_9
Added Net: Name=NetSR8_9
Added Net: Name=NetSR9_9
Added Net: Name=NetSR10_9
Added Net: Name=NetSR11_9
Added Net: Name=NetSR12_9
Added Net: Name=NetSR13_9
Added Net: Name=NetSR15_9
Added Pin To Net: NetName=OTH0 Pin=ETH-17
Added Net: Name=OTH0
Added Pin To Net: NetName=OTH1 Pin=ETH-18
Added Net: Name=OTH1
Added Pin To Net: NetName=OTH2 Pin=ETH-19
Added Net: Name=OTH2
Added Pin To Net: NetName=OTH3 Pin=ETH-20
Added Net: Name=OTH3
Added Pin To Net: NetName=OTH4 Pin=ETH-21
Added Net: Name=OTH4
Added Pin To Net: NetName=OTH5 Pin=ETH-22
Added Net: Name=OTH5
Added Pin To Net: NetName=OTH6 Pin=ETH-23
Added Net: Name=OTH6
Added Pin To Net: NetName=OTH7 Pin=ETH-24
Added Net: Name=OTH7
Added Pin To Net: NetName=OUT1 Pin=1-1
Added Pin To Net: NetName=OUT1 Pin=2-1
Added Pin To Net: NetName=OUT1 Pin=LM1-3
Added Pin To Net: NetName=OUT1 Pin=LM1-4
Added Pin To Net: NetName=OUT1 Pin=POT-3
Added Net: Name=OUT1
Added Pin To Net: NetName=OUT2 Pin=D1-2
Added Pin To Net: NetName=OUT2 Pin=LM1-5
Added Pin To Net: NetName=OUT2 Pin=LM2-3
Added Pin To Net: NetName=OUT2 Pin=LM2-4
Added Pin To Net: NetName=OUT2 Pin=VR1-3
Added Net: Name=OUT2
Added Net: Name=OVCC_W0
Added Net: Name=OVCC_W1
Added Net: Name=OVCC_W2
Added Net: Name=OVCC_W3
Added Net: Name=OVCC_W4
Added Net: Name=OVCC_W5
Added Net: Name=OVCC_W6
Added Net: Name=OVCC_W7
Added Net: Name=OVCC_W8
Added Net: Name=OVCC_W9
Added Net: Name=OVCC_W10
Added Net: Name=OVCC_W11
Added Net: Name=OVCC_W12
Added Net: Name=OVCC_W13
Added Net: Name=OVCC_W14
Added Net: Name=OVCC_W15
Added Net: Name=RCLK
Added Pin To Net: NetName=RDY0 Pin=BBB-15
Added Net: Name=RDY0
Added Pin To Net: NetName=RDY1 Pin=BBB-23
Added Net: Name=RDY1
Added Pin To Net: NetName=RX Pin=BBB-26
Added Net: Name=RX
Added Net: Name=S1
Added Net: Name=S2
Added Pin To Net: NetName=SIG0 Pin=ETH-1
Added Net: Name=SIG0
Added Pin To Net: NetName=SIG1 Pin=ETH-2
Added Net: Name=SIG1
Added Pin To Net: NetName=SIG2 Pin=ETH-3
Added Net: Name=SIG2
Added Pin To Net: NetName=SIG3 Pin=ETH-4
Added Net: Name=SIG3
Added Pin To Net: NetName=SIG4 Pin=ETH-5
Added Net: Name=SIG4
Added Pin To Net: NetName=SIG5 Pin=ETH-6
Added Net: Name=SIG5
Added Pin To Net: NetName=SIG6 Pin=ETH-7
Added Net: Name=SIG6
Added Pin To Net: NetName=SIG7 Pin=ETH-8
Added Net: Name=SIG7
Added Pin To Net: NetName=SIG8 Pin=ETH-9
Added Net: Name=SIG8
Added Pin To Net: NetName=SIG9 Pin=ETH-10
Added Net: Name=SIG9
Added Pin To Net: NetName=SIG10 Pin=ETH-11
Added Net: Name=SIG10
Added Pin To Net: NetName=SIG11 Pin=ETH-12
Added Net: Name=SIG11
Added Pin To Net: NetName=SIG12 Pin=ETH-13
Added Net: Name=SIG12
Added Pin To Net: NetName=SIG13 Pin=ETH-14
Added Net: Name=SIG13
Added Pin To Net: NetName=SIG14 Pin=ETH-15
Added Net: Name=SIG14
Added Pin To Net: NetName=SIG15 Pin=ETH-16
Added Net: Name=SIG15
Added Pin To Net: NetName=SIG16 Pin=ETH-25
Added Net: Name=SIG16
Added Pin To Net: NetName=SIG17 Pin=ETH-26
Added Net: Name=SIG17
Added Pin To Net: NetName=SIG18 Pin=ETH-27
Added Net: Name=SIG18
Added Pin To Net: NetName=SIG19 Pin=ETH-28
Added Net: Name=SIG19
Added Pin To Net: NetName=SIG20 Pin=ETH-29
Added Net: Name=SIG20
Added Pin To Net: NetName=SIG21 Pin=ETH-30
Added Net: Name=SIG21
Added Pin To Net: NetName=SIG22 Pin=ETH-31
Added Net: Name=SIG22
Added Pin To Net: NetName=SIG23 Pin=ETH-32
Added Net: Name=SIG23
Added Pin To Net: NetName=SIG24 Pin=ETH-33
Added Net: Name=SIG24
Added Pin To Net: NetName=SIG25 Pin=ETH-34
Added Net: Name=SIG25
Added Pin To Net: NetName=SIG26 Pin=ETH-35
Added Net: Name=SIG26
Added Pin To Net: NetName=SIG27 Pin=ETH-36
Added Net: Name=SIG27
Added Pin To Net: NetName=SIG28 Pin=ETH-37
Added Net: Name=SIG28
Added Pin To Net: NetName=SIG29 Pin=ETH-38
Added Net: Name=SIG29
Added Pin To Net: NetName=SIG30 Pin=ETH-39
Added Net: Name=SIG30
Added Pin To Net: NetName=SIG31 Pin=ETH-40
Added Net: Name=SIG31
Added Pin To Net: NetName=SIGNAL0 Pin=ETH1-1
Added Net: Name=SIGNAL0
Added Pin To Net: NetName=SIGNAL1 Pin=ETH1-2
Added Net: Name=SIGNAL1
Added Pin To Net: NetName=SIGNAL2 Pin=ETH1-3
Added Net: Name=SIGNAL2
Added Pin To Net: NetName=SIGNAL3 Pin=ETH1-4
Added Net: Name=SIGNAL3
Added Pin To Net: NetName=SIGNAL4 Pin=ETH1-5
Added Net: Name=SIGNAL4
Added Pin To Net: NetName=SIGNAL5 Pin=ETH1-6
Added Net: Name=SIGNAL5
Added Pin To Net: NetName=SIGNAL6 Pin=ETH1-7
Added Net: Name=SIGNAL6
Added Pin To Net: NetName=SIGNAL7 Pin=ETH1-8
Added Net: Name=SIGNAL7
Added Pin To Net: NetName=SIGNAL8 Pin=ETH1-9
Added Net: Name=SIGNAL8
Added Pin To Net: NetName=SIGNAL9 Pin=ETH1-10
Added Net: Name=SIGNAL9
Added Pin To Net: NetName=SIGNAL10 Pin=ETH1-11
Added Net: Name=SIGNAL10
Added Pin To Net: NetName=SIGNAL11 Pin=ETH1-12
Added Net: Name=SIGNAL11
Added Pin To Net: NetName=SIGNAL12 Pin=ETH1-13
Added Net: Name=SIGNAL12
Added Pin To Net: NetName=SIGNAL13 Pin=ETH1-14
Added Net: Name=SIGNAL13
Added Pin To Net: NetName=SIGNAL14 Pin=ETH1-15
Added Net: Name=SIGNAL14
Added Pin To Net: NetName=SIGNAL15 Pin=ETH1-16
Added Net: Name=SIGNAL15
Added Pin To Net: NetName=SIGNAL16 Pin=ETH1-17
Added Net: Name=SIGNAL16
Added Pin To Net: NetName=SIGNAL17 Pin=ETH1-18
Added Net: Name=SIGNAL17
Added Pin To Net: NetName=SIGNAL18 Pin=ETH1-19
Added Net: Name=SIGNAL18
Added Pin To Net: NetName=SIGNAL19 Pin=ETH1-20
Added Net: Name=SIGNAL19
Added Pin To Net: NetName=SIGNAL40 Pin=ETH2-1
Added Net: Name=SIGNAL40
Added Pin To Net: NetName=SIGNAL41 Pin=ETH2-2
Added Net: Name=SIGNAL41
Added Pin To Net: NetName=SIGNAL42 Pin=ETH2-3
Added Net: Name=SIGNAL42
Added Pin To Net: NetName=SIGNAL43 Pin=ETH2-4
Added Net: Name=SIGNAL43
Added Pin To Net: NetName=SIGNAL44 Pin=ETH2-5
Added Net: Name=SIGNAL44
Added Pin To Net: NetName=SIGNAL45 Pin=ETH2-6
Added Net: Name=SIGNAL45
Added Pin To Net: NetName=SIGNAL46 Pin=ETH2-7
Added Net: Name=SIGNAL46
Added Pin To Net: NetName=SIGNAL47 Pin=ETH2-8
Added Net: Name=SIGNAL47
Added Pin To Net: NetName=SIGNAL48 Pin=ETH2-9
Added Net: Name=SIGNAL48
Added Pin To Net: NetName=SIGNAL49 Pin=ETH2-10
Added Net: Name=SIGNAL49
Added Pin To Net: NetName=SIGNAL50 Pin=ETH2-11
Added Net: Name=SIGNAL50
Added Pin To Net: NetName=SIGNAL51 Pin=ETH2-12
Added Net: Name=SIGNAL51
Added Pin To Net: NetName=SIGNAL52 Pin=ETH2-13
Added Net: Name=SIGNAL52
Added Pin To Net: NetName=SIGNAL53 Pin=ETH2-14
Added Net: Name=SIGNAL53
Added Pin To Net: NetName=SIGNAL54 Pin=ETH2-15
Added Net: Name=SIGNAL54
Added Pin To Net: NetName=SIGNAL55 Pin=ETH2-16
Added Net: Name=SIGNAL55
Added Pin To Net: NetName=SIGNAL56 Pin=ETH2-17
Added Net: Name=SIGNAL56
Added Pin To Net: NetName=SIGNAL57 Pin=ETH2-18
Added Net: Name=SIGNAL57
Added Pin To Net: NetName=SIGNAL58 Pin=ETH2-19
Added Net: Name=SIGNAL58
Added Pin To Net: NetName=SIGNAL59 Pin=ETH2-20
Added Net: Name=SIGNAL59
Added Pin To Net: NetName=SIGNAL80 Pin=ETH3-1
Added Net: Name=SIGNAL80
Added Pin To Net: NetName=SIGNAL81 Pin=ETH3-2
Added Net: Name=SIGNAL81
Added Pin To Net: NetName=SIGNAL82 Pin=ETH3-3
Added Net: Name=SIGNAL82
Added Pin To Net: NetName=SIGNAL83 Pin=ETH3-4
Added Net: Name=SIGNAL83
Added Pin To Net: NetName=SIGNAL84 Pin=ETH3-5
Added Net: Name=SIGNAL84
Added Pin To Net: NetName=SIGNAL85 Pin=ETH3-6
Added Net: Name=SIGNAL85
Added Pin To Net: NetName=SIGNAL86 Pin=ETH3-7
Added Net: Name=SIGNAL86
Added Pin To Net: NetName=SIGNAL87 Pin=ETH3-8
Added Net: Name=SIGNAL87
Added Pin To Net: NetName=SIGNAL88 Pin=ETH3-9
Added Net: Name=SIGNAL88
Added Pin To Net: NetName=SIGNAL89 Pin=ETH3-10
Added Net: Name=SIGNAL89
Added Pin To Net: NetName=SIGNAL90 Pin=ETH3-11
Added Net: Name=SIGNAL90
Added Pin To Net: NetName=SIGNAL91 Pin=ETH3-12
Added Net: Name=SIGNAL91
Added Pin To Net: NetName=SIGNAL92 Pin=ETH3-13
Added Net: Name=SIGNAL92
Added Pin To Net: NetName=SIGNAL93 Pin=ETH3-14
Added Net: Name=SIGNAL93
Added Pin To Net: NetName=SIGNAL94 Pin=ETH3-15
Added Net: Name=SIGNAL94
Added Pin To Net: NetName=SIGNAL95 Pin=ETH3-16
Added Net: Name=SIGNAL95
Added Pin To Net: NetName=SIGNAL112 Pin=ETH4-1
Added Net: Name=SIGNAL112
Added Pin To Net: NetName=SIGNAL113 Pin=ETH4-2
Added Net: Name=SIGNAL113
Added Pin To Net: NetName=SIGNAL114 Pin=ETH4-3
Added Net: Name=SIGNAL114
Added Pin To Net: NetName=SIGNAL115 Pin=ETH4-4
Added Net: Name=SIGNAL115
Added Pin To Net: NetName=SIGNAL116 Pin=ETH4-5
Added Net: Name=SIGNAL116
Added Pin To Net: NetName=SIGNAL117 Pin=ETH4-6
Added Net: Name=SIGNAL117
Added Pin To Net: NetName=SIGNAL118 Pin=ETH4-7
Added Net: Name=SIGNAL118
Added Pin To Net: NetName=SIGNAL119 Pin=ETH4-8
Added Net: Name=SIGNAL119
Added Pin To Net: NetName=SIGNAL120 Pin=ETH4-9
Added Net: Name=SIGNAL120
Added Pin To Net: NetName=SIGNAL121 Pin=ETH4-10
Added Net: Name=SIGNAL121
Added Pin To Net: NetName=SIGNAL122 Pin=ETH4-12
Added Net: Name=SIGNAL122
Added Pin To Net: NetName=SIGNAL123\ Pin=ETH4-13
Added Net: Name=SIGNAL123\
Added Pin To Net: NetName=SIGNAL124 Pin=ETH4-14
Added Net: Name=SIGNAL124
Added Pin To Net: NetName=SIGNAL125 Pin=ETH4-15
Added Net: Name=SIGNAL125
Added Pin To Net: NetName=SPI1D1 Pin=BBB-18
Added Pin To Net: NetName=SPI1D1 Pin=BBB-30
Added Net: Name=SPI1D1
Added Pin To Net: NetName=SPICLK0 Pin=BBB-22
Added Net: Name=SPICLK0
Added Pin To Net: NetName=SPICLK1 Pin=BBB-32
Added Net: Name=SPICLK1
Added Pin To Net: NetName=SPICS0 Pin=BBB-17
Added Net: Name=SPICS0
Added Pin To Net: NetName=SPICS1 Pin=BBB-28
Added Pin To Net: NetName=SPICS1 Pin=BBB-28
Added Net: Name=SPICS1
Added Net: Name=SRCLK
Added Pin To Net: NetName=TX Pin=BBB-24
Added Net: Name=TX
Added Pin To Net: NetName=V_RST Pin=BBB-12
Added Net: Name=V_RST
Added Pin To Net: NetName=VCC Pin=POT-8
Added Net: Name=VCC
Added Pin To Net: NetName=VT_3V3_W Pin=0.1uF_0-1
Added Pin To Net: NetName=VT_3V3_W Pin=0.1uF_1-1
Added Net: Name=VT_3V3_W
Added Net: Name=VT_EN_W
Added Pin To Net: NetName=VT_VCC_W Pin=0.1uF_3-1
Added Pin To Net: NetName=VT_VCC_W Pin=0.1uF_4-1
Added Net: Name=VT_VCC_W
Added Pin To Net: NetName=Y0 Pin=TSB1-4
Added Net: Name=Y0
Added Pin To Net: NetName=Y1 Pin=TSB8-4
Added Net: Name=Y1
Added Pin To Net: NetName=Y2 Pin=TSB15-4
Added Net: Name=Y2
Added Pin To Net: NetName=Y3 Pin=TSB22-4
Added Net: Name=Y3
Added Pin To Net: NetName=Y4 Pin=TSB29-4
Added Net: Name=Y4
Added Pin To Net: NetName=Y5 Pin=TSB36-4
Added Net: Name=Y5
Added Pin To Net: NetName=Y6 Pin=TSB43-4
Added Net: Name=Y6
Added Pin To Net: NetName=Y7 Pin=TSB50-4
Added Net: Name=Y7
Added Pin To Net: NetName=Y8 Pin=TSB57-4
Added Net: Name=Y8
Added Pin To Net: NetName=Y9 Pin=TSB64-4
Added Net: Name=Y9
Added Pin To Net: NetName=Y10 Pin=TSB71-4
Added Net: Name=Y10
Added Pin To Net: NetName=Y11 Pin=TSB78-4
Added Net: Name=Y11
Added Pin To Net: NetName=Y12 Pin=TSB85-4
Added Net: Name=Y12
Added Pin To Net: NetName=Y13 Pin=TSB92-4
Added Net: Name=Y13
Added Pin To Net: NetName=Y14 Pin=TSB99-4
Added Net: Name=Y14
Added Pin To Net: NetName=Y15 Pin=TSB106-4
Added Net: Name=Y15
Added Pin To Net: NetName=Y16 Pin=TSB113-4
Added Net: Name=Y16
Added Pin To Net: NetName=Y17 Pin=TSB120-4
Added Net: Name=Y17
Added Pin To Net: NetName=Y18 Pin=TSB2-4
Added Net: Name=Y18
Added Pin To Net: NetName=Y19 Pin=TSB9-4
Added Net: Name=Y19
Added Pin To Net: NetName=Y20 Pin=TSB16-4
Added Net: Name=Y20
Added Pin To Net: NetName=Y21 Pin=TSB23-4
Added Net: Name=Y21
Added Pin To Net: NetName=Y22 Pin=TSB30-4
Added Net: Name=Y22
Added Pin To Net: NetName=Y23 Pin=TSB37-4
Added Net: Name=Y23
Added Pin To Net: NetName=Y24 Pin=TSB44-4
Added Net: Name=Y24
Added Pin To Net: NetName=Y25 Pin=TSB51-4
Added Net: Name=Y25
Added Pin To Net: NetName=Y26 Pin=TSB58-4
Added Net: Name=Y26
Added Pin To Net: NetName=Y27 Pin=TSB65-4
Added Net: Name=Y27
Added Pin To Net: NetName=Y28 Pin=TSB72-4
Added Net: Name=Y28
Added Pin To Net: NetName=Y29 Pin=TSB79-4
Added Net: Name=Y29
Added Pin To Net: NetName=Y30 Pin=TSB86-4
Added Net: Name=Y30
Added Pin To Net: NetName=Y31 Pin=TSB93-4
Added Net: Name=Y31
Added Pin To Net: NetName=Y32 Pin=TSB100-4
Added Net: Name=Y32
Added Pin To Net: NetName=Y33 Pin=TSB107-4
Added Net: Name=Y33
Added Pin To Net: NetName=Y34 Pin=TSB114-4
Added Net: Name=Y34
Added Pin To Net: NetName=Y35 Pin=TSB121-4
Added Net: Name=Y35
Added Pin To Net: NetName=Y36 Pin=TSB3-4
Added Net: Name=Y36
Added Pin To Net: NetName=Y37 Pin=TSB10-4
Added Net: Name=Y37
Added Pin To Net: NetName=Y38 Pin=TSB17-4
Added Net: Name=Y38
Added Pin To Net: NetName=Y39 Pin=TSB24-4
Added Net: Name=Y39
Added Pin To Net: NetName=Y40 Pin=TSB31-4
Added Net: Name=Y40
Added Pin To Net: NetName=Y41 Pin=TSB38-4
Added Net: Name=Y41
Added Pin To Net: NetName=Y42 Pin=TSB45-4
Added Net: Name=Y42
Added Pin To Net: NetName=Y43 Pin=TSB52-4
Added Net: Name=Y43
Added Pin To Net: NetName=Y44 Pin=TSB59-4
Added Net: Name=Y44
Added Pin To Net: NetName=Y45 Pin=TSB66-4
Added Net: Name=Y45
Added Pin To Net: NetName=Y46 Pin=TSB73-4
Added Net: Name=Y46
Added Pin To Net: NetName=Y47 Pin=TSB80-4
Added Net: Name=Y47
Added Pin To Net: NetName=Y48 Pin=TSB87-1
Added Pin To Net: NetName=Y48 Pin=TSB87-4
Added Net: Name=Y48
Added Pin To Net: NetName=Y49 Pin=TSB94-1
Added Pin To Net: NetName=Y49 Pin=TSB94-4
Added Net: Name=Y49
Added Pin To Net: NetName=Y50 Pin=TSB101-1
Added Pin To Net: NetName=Y50 Pin=TSB101-4
Added Net: Name=Y50
Added Pin To Net: NetName=Y51 Pin=TSB108-1
Added Pin To Net: NetName=Y51 Pin=TSB108-4
Added Net: Name=Y51
Added Pin To Net: NetName=Y52 Pin=TSB115-1
Added Pin To Net: NetName=Y52 Pin=TSB115-4
Added Net: Name=Y52
Added Pin To Net: NetName=Y53 Pin=TSB122-1
Added Pin To Net: NetName=Y53 Pin=TSB122-4
Added Net: Name=Y53
Added Pin To Net: NetName=Y54 Pin=TSB4-1
Added Pin To Net: NetName=Y54 Pin=TSB4-4
Added Net: Name=Y54
Added Pin To Net: NetName=Y55 Pin=TSB11-1
Added Pin To Net: NetName=Y55 Pin=TSB11-4
Added Net: Name=Y55
Added Pin To Net: NetName=Y56 Pin=TSB18-1
Added Pin To Net: NetName=Y56 Pin=TSB18-4
Added Net: Name=Y56
Added Pin To Net: NetName=Y57 Pin=TSB25-1
Added Pin To Net: NetName=Y57 Pin=TSB25-4
Added Net: Name=Y57
Added Pin To Net: NetName=Y58 Pin=TSB32-1
Added Pin To Net: NetName=Y58 Pin=TSB32-4
Added Net: Name=Y58
Added Pin To Net: NetName=Y59 Pin=TSB39-1
Added Pin To Net: NetName=Y59 Pin=TSB39-4
Added Net: Name=Y59
Added Pin To Net: NetName=Y60 Pin=TSB46-1
Added Pin To Net: NetName=Y60 Pin=TSB46-4
Added Net: Name=Y60
Added Pin To Net: NetName=Y61 Pin=TSB53-1
Added Pin To Net: NetName=Y61 Pin=TSB53-4
Added Net: Name=Y61
Added Pin To Net: NetName=Y62 Pin=TSB60-1
Added Pin To Net: NetName=Y62 Pin=TSB60-4
Added Net: Name=Y62
Added Pin To Net: NetName=Y63 Pin=TSB67-1
Added Pin To Net: NetName=Y63 Pin=TSB67-4
Added Net: Name=Y63
Added Pin To Net: NetName=Y64 Pin=TSB74-4
Added Net: Name=Y64
Added Pin To Net: NetName=Y65 Pin=TSB81-4
Added Net: Name=Y65
Added Pin To Net: NetName=Y66 Pin=TSB88-4
Added Net: Name=Y66
Added Pin To Net: NetName=Y67 Pin=TSB95-4
Added Net: Name=Y67
Added Pin To Net: NetName=Y68 Pin=TSB102-4
Added Net: Name=Y68
Added Pin To Net: NetName=Y69 Pin=TSB109-4
Added Net: Name=Y69
Added Pin To Net: NetName=Y70 Pin=TSB116-4
Added Net: Name=Y70
Added Pin To Net: NetName=Y71 Pin=TSB123-4
Added Net: Name=Y71
Added Pin To Net: NetName=Y72 Pin=TSB5-4
Added Net: Name=Y72
Added Pin To Net: NetName=Y73 Pin=TSB12-4
Added Net: Name=Y73
Added Pin To Net: NetName=Y74 Pin=TSB19-4
Added Net: Name=Y74
Added Pin To Net: NetName=Y75 Pin=TSB26-4
Added Net: Name=Y75
Added Pin To Net: NetName=Y76 Pin=TSB33-4
Added Net: Name=Y76
Added Pin To Net: NetName=Y77 Pin=TSB40-4
Added Net: Name=Y77
Added Pin To Net: NetName=Y78 Pin=TSB47-4
Added Net: Name=Y78
Added Pin To Net: NetName=Y79 Pin=TSB54-4
Added Net: Name=Y79
Added Pin To Net: NetName=Y80 Pin=TSB61-4
Added Net: Name=Y80
Added Pin To Net: NetName=Y81 Pin=TSB68-4
Added Net: Name=Y81
Added Pin To Net: NetName=Y82 Pin=TSB75-4
Added Net: Name=Y82
Added Pin To Net: NetName=Y83 Pin=TSB82-4
Added Net: Name=Y83
Added Pin To Net: NetName=Y84 Pin=TSB89-4
Added Net: Name=Y84
Added Pin To Net: NetName=Y85 Pin=TSB96-4
Added Net: Name=Y85
Added Pin To Net: NetName=Y86 Pin=TSB103-4
Added Net: Name=Y86
Added Pin To Net: NetName=Y87 Pin=TSB110-4
Added Net: Name=Y87
Added Pin To Net: NetName=Y88 Pin=TSB117-4
Added Net: Name=Y88
Added Pin To Net: NetName=Y89 Pin=TSB124-4
Added Net: Name=Y89
Added Pin To Net: NetName=Y90 Pin=TSB6-4
Added Net: Name=Y90
Added Pin To Net: NetName=Y91 Pin=TSB13-4
Added Net: Name=Y91
Added Pin To Net: NetName=Y92 Pin=TSB20-4
Added Net: Name=Y92
Added Pin To Net: NetName=Y93 Pin=TSB27-4
Added Net: Name=Y93
Added Pin To Net: NetName=Y94 Pin=TSB34-4
Added Net: Name=Y94
Added Pin To Net: NetName=Y95 Pin=TSB41-4
Added Net: Name=Y95
Added Pin To Net: NetName=Y96 Pin=TSB48-4
Added Net: Name=Y96
Added Pin To Net: NetName=Y97 Pin=TSB55-4
Added Net: Name=Y97
Added Pin To Net: NetName=Y98 Pin=TSB62-4
Added Net: Name=Y98
Added Pin To Net: NetName=Y99 Pin=TSB69-4
Added Net: Name=Y99
Added Pin To Net: NetName=Y100 Pin=TSB76-4
Added Net: Name=Y100
Added Pin To Net: NetName=Y101 Pin=TSB83-4
Added Net: Name=Y101
Added Pin To Net: NetName=Y102 Pin=TSB90-4
Added Net: Name=Y102
Added Pin To Net: NetName=Y103 Pin=TSB97-4
Added Net: Name=Y103
Added Pin To Net: NetName=Y104 Pin=TSB104-4
Added Net: Name=Y104
Added Pin To Net: NetName=Y105 Pin=TSB111-4
Added Net: Name=Y105
Added Pin To Net: NetName=Y106 Pin=TSB118-4
Added Net: Name=Y106
Added Pin To Net: NetName=Y107 Pin=TSB125-4
Added Net: Name=Y107
Added Pin To Net: NetName=Y108 Pin=TSB7-4
Added Net: Name=Y108
Added Pin To Net: NetName=Y109 Pin=TSB14-4
Added Net: Name=Y109
Added Pin To Net: NetName=Y110 Pin=TSB21-4
Added Net: Name=Y110
Added Pin To Net: NetName=Y111 Pin=TSB28-4
Added Net: Name=Y111
Added Pin To Net: NetName=Y112 Pin=TSB35-4
Added Net: Name=Y112
Added Pin To Net: NetName=Y113 Pin=TSB42-4
Added Net: Name=Y113
Added Pin To Net: NetName=Y114 Pin=TSB49-4
Added Net: Name=Y114
Added Pin To Net: NetName=Y115 Pin=TSB56-4
Added Net: Name=Y115
Added Pin To Net: NetName=Y116 Pin=TSB63-4
Added Net: Name=Y116
Added Pin To Net: NetName=Y117 Pin=TSB70-4
Added Net: Name=Y117
Added Pin To Net: NetName=Y118 Pin=TSB77-4
Added Net: Name=Y118
Added Pin To Net: NetName=Y119 Pin=TSB84-4
Added Net: Name=Y119
Added Pin To Net: NetName=Y120 Pin=TSB91-4
Added Net: Name=Y120
Added Pin To Net: NetName=Y121 Pin=TSB98-4
Added Net: Name=Y121
Added Pin To Net: NetName=Y122 Pin=TSB105-4
Added Net: Name=Y122
Added Pin To Net: NetName=Y123 Pin=TSB112-4
Added Net: Name=Y123
Added Pin To Net: NetName=Y124 Pin=TSB119-4
Added Net: Name=Y124
Added Pin To Net: NetName=Y125 Pin=TSB126-4
Added Net: Name=Y125
Added Pin To Net: NetName=Y126 Pin=TSB127-4
Added Net: Name=Y126
Added Pin To Net: NetName=Y127 Pin=TSB128-4
Added Net: Name=Y127
Added Pin To Net: NetName=~OE0 Pin=TSB1-1
Added Net: Name=~OE0
Added Pin To Net: NetName=~OE1 Pin=TSB8-1
Added Net: Name=~OE1
Added Pin To Net: NetName=~OE2 Pin=TSB15-1
Added Net: Name=~OE2
Added Pin To Net: NetName=~OE3 Pin=TSB22-1
Added Net: Name=~OE3
Added Pin To Net: NetName=~OE4 Pin=TSB29-1
Added Net: Name=~OE4
Added Pin To Net: NetName=~OE5 Pin=TSB36-1
Added Net: Name=~OE5
Added Pin To Net: NetName=~OE6 Pin=TSB43-1
Added Net: Name=~OE6
Added Pin To Net: NetName=~OE7 Pin=TSB50-1
Added Net: Name=~OE7
Added Pin To Net: NetName=~OE8 Pin=TSB57-1
Added Net: Name=~OE8
Added Pin To Net: NetName=~OE9 Pin=TSB64-1
Added Net: Name=~OE9
Added Pin To Net: NetName=~OE10 Pin=TSB71-1
Added Net: Name=~OE10
Added Pin To Net: NetName=~OE11 Pin=TSB78-1
Added Net: Name=~OE11
Added Pin To Net: NetName=~OE12 Pin=TSB85-1
Added Net: Name=~OE12
Added Pin To Net: NetName=~OE13 Pin=TSB92-1
Added Net: Name=~OE13
Added Pin To Net: NetName=~OE14 Pin=TSB99-1
Added Net: Name=~OE14
Added Pin To Net: NetName=~OE15 Pin=TSB106-1
Added Net: Name=~OE15
Added Pin To Net: NetName=~OE16 Pin=TSB113-1
Added Net: Name=~OE16
Added Pin To Net: NetName=~OE17 Pin=TSB120-1
Added Net: Name=~OE17
Added Pin To Net: NetName=~OE18 Pin=TSB2-1
Added Net: Name=~OE18
Added Pin To Net: NetName=~OE19 Pin=TSB9-1
Added Net: Name=~OE19
Added Pin To Net: NetName=~OE20 Pin=TSB16-1
Added Net: Name=~OE20
Added Pin To Net: NetName=~OE21 Pin=TSB23-1
Added Net: Name=~OE21
Added Pin To Net: NetName=~OE22 Pin=TSB30-1
Added Net: Name=~OE22
Added Pin To Net: NetName=~OE23 Pin=TSB37-1
Added Net: Name=~OE23
Added Pin To Net: NetName=~OE24 Pin=TSB44-1
Added Net: Name=~OE24
Added Pin To Net: NetName=~OE25 Pin=TSB51-1
Added Net: Name=~OE25
Added Pin To Net: NetName=~OE26 Pin=TSB58-1
Added Net: Name=~OE26
Added Pin To Net: NetName=~OE27 Pin=TSB65-1
Added Net: Name=~OE27
Added Pin To Net: NetName=~OE28 Pin=TSB72-1
Added Net: Name=~OE28
Added Pin To Net: NetName=~OE29 Pin=TSB79-1
Added Net: Name=~OE29
Added Pin To Net: NetName=~OE30 Pin=TSB86-1
Added Net: Name=~OE30
Added Pin To Net: NetName=~OE31 Pin=TSB93-1
Added Net: Name=~OE31
Added Pin To Net: NetName=~OE32 Pin=TSB100-1
Added Net: Name=~OE32
Added Pin To Net: NetName=~OE33 Pin=TSB107-1
Added Net: Name=~OE33
Added Pin To Net: NetName=~OE34 Pin=TSB114-1
Added Net: Name=~OE34
Added Pin To Net: NetName=~OE35 Pin=TSB121-1
Added Net: Name=~OE35
Added Pin To Net: NetName=~OE36 Pin=TSB3-1
Added Net: Name=~OE36
Added Pin To Net: NetName=~OE37 Pin=TSB10-1
Added Net: Name=~OE37
Added Pin To Net: NetName=~OE38 Pin=TSB17-1
Added Net: Name=~OE38
Added Pin To Net: NetName=~OE39 Pin=TSB24-1
Added Net: Name=~OE39
Added Pin To Net: NetName=~OE40 Pin=TSB31-1
Added Net: Name=~OE40
Added Pin To Net: NetName=~OE41 Pin=TSB38-1
Added Net: Name=~OE41
Added Pin To Net: NetName=~OE42 Pin=TSB45-1
Added Net: Name=~OE42
Added Pin To Net: NetName=~OE43 Pin=TSB52-1
Added Net: Name=~OE43
Added Pin To Net: NetName=~OE44 Pin=TSB59-1
Added Net: Name=~OE44
Added Pin To Net: NetName=~OE45 Pin=TSB66-1
Added Net: Name=~OE45
Added Pin To Net: NetName=~OE46 Pin=TSB73-1
Added Net: Name=~OE46
Added Pin To Net: NetName=~OE47 Pin=TSB80-1
Added Net: Name=~OE47
Added Pin To Net: NetName=~OE64 Pin=TSB74-1
Added Net: Name=~OE64
Added Pin To Net: NetName=~OE65 Pin=TSB81-1
Added Net: Name=~OE65
Added Pin To Net: NetName=~OE66 Pin=TSB88-1
Added Net: Name=~OE66
Added Pin To Net: NetName=~OE67 Pin=TSB95-1
Added Net: Name=~OE67
Added Pin To Net: NetName=~OE68 Pin=TSB102-1
Added Net: Name=~OE68
Added Pin To Net: NetName=~OE69 Pin=TSB109-1
Added Net: Name=~OE69
Added Pin To Net: NetName=~OE70 Pin=TSB116-1
Added Net: Name=~OE70
Added Pin To Net: NetName=~OE71 Pin=TSB123-1
Added Net: Name=~OE71
Added Pin To Net: NetName=~OE72 Pin=TSB5-1
Added Net: Name=~OE72
Added Pin To Net: NetName=~OE73 Pin=TSB12-1
Added Net: Name=~OE73
Added Pin To Net: NetName=~OE74 Pin=TSB19-1
Added Net: Name=~OE74
Added Pin To Net: NetName=~OE75 Pin=TSB26-1
Added Net: Name=~OE75
Added Pin To Net: NetName=~OE76 Pin=TSB33-1
Added Net: Name=~OE76
Added Pin To Net: NetName=~OE77 Pin=TSB40-1
Added Net: Name=~OE77
Added Pin To Net: NetName=~OE78 Pin=TSB47-1
Added Net: Name=~OE78
Added Pin To Net: NetName=~OE79 Pin=TSB54-1
Added Net: Name=~OE79
Added Pin To Net: NetName=~OE80 Pin=TSB61-1
Added Net: Name=~OE80
Added Pin To Net: NetName=~OE81 Pin=TSB68-1
Added Net: Name=~OE81
Added Pin To Net: NetName=~OE82 Pin=TSB75-1
Added Net: Name=~OE82
Added Pin To Net: NetName=~OE83 Pin=TSB82-1
Added Net: Name=~OE83
Added Pin To Net: NetName=~OE84 Pin=TSB89-1
Added Net: Name=~OE84
Added Pin To Net: NetName=~OE85 Pin=TSB96-1
Added Net: Name=~OE85
Added Pin To Net: NetName=~OE86 Pin=TSB103-1
Added Net: Name=~OE86
Added Pin To Net: NetName=~OE87 Pin=TSB110-1
Added Net: Name=~OE87
Added Pin To Net: NetName=~OE88 Pin=TSB117-1
Added Net: Name=~OE88
Added Pin To Net: NetName=~OE89 Pin=TSB124-1
Added Net: Name=~OE89
Added Pin To Net: NetName=~OE90 Pin=TSB6-1
Added Net: Name=~OE90
Added Pin To Net: NetName=~OE91 Pin=TSB13-1
Added Net: Name=~OE91
Added Pin To Net: NetName=~OE92 Pin=TSB20-1
Added Net: Name=~OE92
Added Pin To Net: NetName=~OE93 Pin=TSB27-1
Added Net: Name=~OE93
Added Pin To Net: NetName=~OE94 Pin=TSB34-1
Added Net: Name=~OE94
Added Pin To Net: NetName=~OE95 Pin=TSB41-1
Added Net: Name=~OE95
Added Pin To Net: NetName=~OE96 Pin=TSB48-1
Added Net: Name=~OE96
Added Pin To Net: NetName=~OE97 Pin=TSB55-1
Added Net: Name=~OE97
Added Pin To Net: NetName=~OE98 Pin=TSB62-1
Added Net: Name=~OE98
Added Pin To Net: NetName=~OE99 Pin=TSB69-1
Added Net: Name=~OE99
Added Pin To Net: NetName=~OE100 Pin=TSB76-1
Added Net: Name=~OE100
Added Pin To Net: NetName=~OE101 Pin=TSB83-1
Added Net: Name=~OE101
Added Pin To Net: NetName=~OE102 Pin=TSB90-1
Added Net: Name=~OE102
Added Pin To Net: NetName=~OE103 Pin=TSB97-1
Added Net: Name=~OE103
Added Pin To Net: NetName=~OE104 Pin=TSB104-1
Added Net: Name=~OE104
Added Pin To Net: NetName=~OE105 Pin=TSB111-1
Added Net: Name=~OE105
Added Pin To Net: NetName=~OE106 Pin=TSB118-1
Added Net: Name=~OE106
Added Pin To Net: NetName=~OE107 Pin=TSB125-1
Added Net: Name=~OE107
Added Pin To Net: NetName=~OE108 Pin=TSB7-1
Added Net: Name=~OE108
Added Pin To Net: NetName=~OE109 Pin=TSB14-1
Added Net: Name=~OE109
Added Pin To Net: NetName=~OE110 Pin=TSB21-1
Added Net: Name=~OE110
Added Pin To Net: NetName=~OE111 Pin=TSB28-1
Added Net: Name=~OE111
Added Pin To Net: NetName=~OE112 Pin=TSB35-1
Added Net: Name=~OE112
Added Pin To Net: NetName=~OE113 Pin=TSB42-1
Added Net: Name=~OE113
Added Pin To Net: NetName=~OE114 Pin=TSB49-1
Added Net: Name=~OE114
Added Pin To Net: NetName=~OE115 Pin=TSB56-1
Added Net: Name=~OE115
Added Pin To Net: NetName=~OE116 Pin=TSB63-1
Added Net: Name=~OE116
Added Pin To Net: NetName=~OE117 Pin=TSB70-1
Added Net: Name=~OE117
Added Pin To Net: NetName=~OE118 Pin=TSB77-1
Added Net: Name=~OE118
Added Pin To Net: NetName=~OE119 Pin=TSB84-1
Added Net: Name=~OE119
Added Pin To Net: NetName=~OE120 Pin=TSB91-1
Added Net: Name=~OE120
Added Pin To Net: NetName=~OE121 Pin=TSB98-1
Added Net: Name=~OE121
Added Pin To Net: NetName=~OE122 Pin=TSB105-1
Added Net: Name=~OE122
Added Pin To Net: NetName=~OE123 Pin=TSB112-1
Added Net: Name=~OE123
Added Pin To Net: NetName=~OE124 Pin=TSB119-1
Added Net: Name=~OE124
Added Pin To Net: NetName=~OE125 Pin=TSB126-1
Added Net: Name=~OE125
Added Pin To Net: NetName=~OE126 Pin=TSB127-1
Added Net: Name=~OE126
Added Pin To Net: NetName=~OE127 Pin=TSB128-1
Added Net: Name=~OE127
Added Net: Name=~RCLR
Added Net: Name=~SRCLR
Added Class: Name=BBB_Board
Added Class: Name=DUT_HEADER
Added Class: Name=NUMATO_HDR
Added Class: Name=POW_CONT
Added Class: Name=TEMPLATE_REG
Added Class: Name=TRISTATE_BANK
Added Class: Name=VT_WRP
Added Class: Name=A[125..0]
Added Class: Name=B_H[7..0]
Added Class: Name=DOUT[127..0]
Added Class: Name=IVL_B[127..0]
Added Class: Name=IVL_W[15..0]
Added Class: Name=L_H[7..0]
Added Class: Name=OTH[7..0]
Added Class: Name=OVCC_B[127..0]
Added Class: Name=OVCC_W[15..0]
Added Class: Name=R_H[7..0]
Added Class: Name=SIG[31..0]
Added Class: Name=SIGNAL[125..0]
Added Class: Name=T_H[7..0]
Added Class: Name=Y[127..0]
