Removed Pin From Net: NetName=IVL_B112 Pin=ETH4-1
Removed Pin From Net: NetName=IVL_B113 Pin=ETH4-2
Removed Pin From Net: NetName=IVL_B114 Pin=ETH4-3
Removed Pin From Net: NetName=IVL_B115 Pin=ETH4-4
Removed Pin From Net: NetName=IVL_B116 Pin=ETH4-5
Removed Pin From Net: NetName=IVL_B117 Pin=ETH4-6
Removed Pin From Net: NetName=IVL_B118 Pin=ETH4-7
Removed Pin From Net: NetName=IVL_B119 Pin=ETH4-8
Removed Pin From Net: NetName=IVL_B120 Pin=ETH4-9
Removed Pin From Net: NetName=IVL_B121 Pin=ETH4-10
Removed Pin From Net: NetName=IVL_B122 Pin=ETH4-12
Removed Pin From Net: NetName=IVL_B123 Pin=ETH4-13
Removed Pin From Net: NetName=IVL_B124 Pin=ETH4-14
Removed Pin From Net: NetName=IVL_B125 Pin=ETH4-15
Added Pin To Net: NetName=IVL_B114 Pin=ETH4-1
Added Pin To Net: NetName=IVL_B115 Pin=ETH4-2
Added Pin To Net: NetName=IVL_B116 Pin=ETH4-3
Added Pin To Net: NetName=IVL_B117 Pin=ETH4-4
Added Pin To Net: NetName=IVL_B118 Pin=ETH4-5
Added Pin To Net: NetName=IVL_B119 Pin=ETH4-6
Added Pin To Net: NetName=IVL_B120 Pin=ETH4-7
Added Pin To Net: NetName=IVL_B121 Pin=ETH4-8
Added Pin To Net: NetName=IVL_B122 Pin=ETH4-9
Added Pin To Net: NetName=IVL_B123 Pin=ETH4-10
Added Pin To Net: NetName=IVL_B124 Pin=ETH4-12
Added Pin To Net: NetName=IVL_B125 Pin=ETH4-13
Change Net Name : Old Net Name=GND New Net Name=SIGNAL_W127
Added Pin To Net: NetName=SIGNAL_W126 Pin=ETH4-14
Added Net: Name=SIGNAL_W126
Change Class Name : Old Net Name=TSBO[127..112] New Net Name=SIGNAL_W[127..112]
Added Member To Class: ClassName=SIGNAL_W[127..112] Member=Element[126]: SIGNAL_W
Added Member To Class: ClassName=SIGNAL_W[127..112] Member=Element[127]: GND
Added Room: Name=BBB_Board
Added Room: Name=U_DUT_HEADER2
Added Room: Name=U_DUT_HEADER3
Added Room: Name=U_DUT_HEADER4
Added Room: Name=U_NumatoConnection
Added Room: Name=U_Power_Control1
Added Room: Name=U_Power_Control2
Added Room: Name=U_VT_WRP1
Added Room: Name=U_VT_WRP2
Added Room: Name=U_VT_WRP3
Added Room: Name=U_VT_WRP4
Added Room: Name=U_VT_WRP5
Added Room: Name=U_VT_WRP6
Added Room: Name=U_VT_WRP7
Added Room: Name=U_VT_WRP8
