Removed Pin From Net: NetName=SCLK_W_U_Power_Control1 Pin=BBB-32
Change Component Designator: OldDesignator=BBB NewDesignator=BBB_DOWN
Change Component Designator: OldDesignator=D1 NewDesignator=D1_U_Power_Control1
Change Component Designator: OldDesignator=D2 NewDesignator=D2_U_Power_Control1
Change Component Designator: OldDesignator=LM317 NewDesignator=VR1_U_Power_Control1
Added Component: Designator=BBB_UP(BBB_Pin)
Added Pin To Net: NetName=GND Pin=BBB_UP-1
Added Pin To Net: NetName=GND Pin=BBB_UP-2
Added Pin To Net: NetName=V_RST Pin=BBB_UP-12
Added Pin To Net: NetName=RDY0 Pin=BBB_UP-15
Added Pin To Net: NetName=SPICS0 Pin=BBB_UP-17
Added Pin To Net: NetName=SDO_W_U_Power_Control1 Pin=BBB_UP-18
Added Pin To Net: NetName=DIN0 Pin=BBB_UP-21
Added Pin To Net: NetName=SCLK_W_U_Power_Control2 Pin=BBB_UP-22
Added Pin To Net: NetName=RDY1 Pin=BBB_UP-23
Added Pin To Net: NetName=FPGA_TX Pin=BBB_UP-24
Added Pin To Net: NetName=FPGA_RX Pin=BBB_UP-26
Added Pin To Net: NetName=SPICS1 Pin=BBB_UP-28
Added Pin To Net: NetName=SPICS1 Pin=BBB_UP-28
Added Pin To Net: NetName=DIN1 Pin=BBB_UP-29
Added Pin To Net: NetName=SDO_W_U_Power_Control1 Pin=BBB_UP-30
Added Pin To Net: NetName=GND Pin=BBB_UP-43
Added Pin To Net: NetName=GND Pin=BBB_UP-44
Added Pin To Net: NetName=GND Pin=BBB_UP-45
Added Pin To Net: NetName=GND Pin=BBB_UP-46
Added Pin To Net: NetName=GND Pin=BBB_UP-47
Added Pin To Net: NetName=GND Pin=BBB_UP-48
Added Pin To Net: NetName=GND Pin=GND-1
Added Pin To Net: NetName=GND Pin=GND-2
Added Pin To Net: NetName=GND Pin=GND-3
Added Pin To Net: NetName=GND Pin=GND-4
Added Pin To Net: NetName=GND Pin=GND-5
Added Pin To Net: NetName=GND Pin=GND-6
Added Pin To Net: NetName=GND Pin=GND-7
Added Pin To Net: NetName=GND Pin=GND-8
Added Pin To Net: NetName=GND Pin=GND-9
Added Pin To Net: NetName=GND Pin=GND-10
Added Pin To Net: NetName=AIN0 Pin=BBB_DOWN-39
Added Pin To Net: NetName=AIN0 Pin=BBB_UP-39
Added Net: Name=AIN0
Added Pin To Net: NetName=AIN1 Pin=BBB_DOWN-40
Added Pin To Net: NetName=AIN1 Pin=BBB_UP-40
Added Net: Name=AIN1
Added Pin To Net: NetName=AIN2 Pin=BBB_DOWN-37
Added Pin To Net: NetName=AIN2 Pin=BBB_UP-37
Added Net: Name=AIN2
Added Net: Name=AIN3
Added Pin To Net: NetName=AIN4 Pin=BBB_DOWN-33
Added Pin To Net: NetName=AIN4 Pin=BBB_UP-33
Added Net: Name=AIN4
Added Pin To Net: NetName=AIN5 Pin=BBB_DOWN-36
Added Pin To Net: NetName=AIN5 Pin=BBB_UP-36
Added Net: Name=AIN5
Added Pin To Net: NetName=AIN6 Pin=BBB_DOWN-35
Added Pin To Net: NetName=AIN6 Pin=BBB_UP-35
Added Net: Name=AIN6
Added Pin To Net: NetName=BBB_DCS_DATA1 Pin=BBB_DOWN-92
Added Pin To Net: NetName=BBB_DCS_DATA1 Pin=BBB_UP-92
Added Net: Name=BBB_DCS_DATA1
Added Pin To Net: NetName=BBB_EHRPWM1A Pin=BBB_DOWN-14
Added Pin To Net: NetName=BBB_EHRPWM1A Pin=BBB_UP-14
Added Net: Name=BBB_EHRPWM1A
Added Pin To Net: NetName=BBB_EHRPWM1B Pin=BBB_DOWN-16
Added Pin To Net: NetName=BBB_EHRPWM1B Pin=BBB_UP-16
Added Net: Name=BBB_EHRPWM1B
Added Pin To Net: NetName=BBB_EHRPWM2A Pin=BBB_DOWN-65
Added Pin To Net: NetName=BBB_EHRPWM2A Pin=BBB_UP-65
Added Net: Name=BBB_EHRPWM2A
Added Pin To Net: NetName=BBB_EHRPWM2B Pin=BBB_DOWN-59
Added Pin To Net: NetName=BBB_EHRPWM2B Pin=BBB_UP-59
Added Net: Name=BBB_EHRPWM2B
Added Pin To Net: NetName=BBB_GPIO_26 Pin=BBB_DOWN-60
Added Pin To Net: NetName=BBB_GPIO_26 Pin=BBB_UP-60
Added Net: Name=BBB_GPIO_26
Added Pin To Net: NetName=BBB_GPIO_27 Pin=BBB_DOWN-63
Added Pin To Net: NetName=BBB_GPIO_27 Pin=BBB_UP-63
Added Net: Name=BBB_GPIO_27
Added Pin To Net: NetName=BBB_GPIO_44 Pin=BBB_DOWN-58
Added Pin To Net: NetName=BBB_GPIO_44 Pin=BBB_UP-58
Added Net: Name=BBB_GPIO_44
Added Pin To Net: NetName=BBB_GPIO_45 Pin=BBB_DOWN-57
Added Pin To Net: NetName=BBB_GPIO_45 Pin=BBB_UP-57
Added Net: Name=BBB_GPIO_45
Added Pin To Net: NetName=BBB_GPIO_46 Pin=BBB_DOWN-62
Added Pin To Net: NetName=BBB_GPIO_46 Pin=BBB_UP-62
Added Net: Name=BBB_GPIO_46
Added Pin To Net: NetName=BBB_GPIO_47 Pin=BBB_DOWN-61
Added Pin To Net: NetName=BBB_GPIO_47 Pin=BBB_UP-61
Added Net: Name=BBB_GPIO_47
Added Pin To Net: NetName=BBB_GPIO_60 Pin=BBB_DOWN-13
Added Pin To Net: NetName=BBB_GPIO_60 Pin=BBB_UP-13
Added Net: Name=BBB_GPIO_60
Added Pin To Net: NetName=BBB_GPIO_61 Pin=BBB_DOWN-72
Added Pin To Net: NetName=BBB_GPIO_61 Pin=BBB_UP-72
Added Net: Name=BBB_GPIO_61
Added Pin To Net: NetName=BBB_GPIO_65 Pin=BBB_DOWN-64
Added Pin To Net: NetName=BBB_GPIO_65 Pin=BBB_UP-64
Added Net: Name=BBB_GPIO_65
Added Pin To Net: NetName=BBB_GPIO_66 Pin=BBB_DOWN-53
Added Pin To Net: NetName=BBB_GPIO_66 Pin=BBB_UP-53
Added Net: Name=BBB_GPIO_66
Added Pin To Net: NetName=BBB_GPIO_67 Pin=BBB_DOWN-54
Added Pin To Net: NetName=BBB_GPIO_67 Pin=BBB_UP-54
Added Net: Name=BBB_GPIO_67
Added Pin To Net: NetName=BBB_GPIO_68 Pin=BBB_DOWN-56
Added Pin To Net: NetName=BBB_GPIO_68 Pin=BBB_UP-56
Added Net: Name=BBB_GPIO_68
Added Pin To Net: NetName=BBB_GPIO_69 Pin=BBB_DOWN-55
Added Pin To Net: NetName=BBB_GPIO_69 Pin=BBB_UP-55
Added Net: Name=BBB_GPIO_69
Added Pin To Net: NetName=BBB_I2C2_SCL Pin=BBB_DOWN-19
Added Pin To Net: NetName=BBB_I2C2_SCL Pin=BBB_UP-19
Added Net: Name=BBB_I2C2_SCL
Added Pin To Net: NetName=BBB_I2C_SDA Pin=BBB_DOWN-20
Added Pin To Net: NetName=BBB_I2C_SDA Pin=BBB_UP-20
Added Net: Name=BBB_I2C_SDA
Added Pin To Net: NetName=BBB_LCD_AC_BIAS Pin=BBB_DOWN-76
Added Pin To Net: NetName=BBB_LCD_AC_BIAS Pin=BBB_UP-76
Added Net: Name=BBB_LCD_AC_BIAS
Added Pin To Net: NetName=BBB_LCD_DATA0 Pin=BBB_DOWN-91
Added Pin To Net: NetName=BBB_LCD_DATA0 Pin=BBB_UP-91
Added Net: Name=BBB_LCD_DATA0
Added Pin To Net: NetName=BBB_LCD_DATA2 Pin=BBB_DOWN-89
Added Pin To Net: NetName=BBB_LCD_DATA2 Pin=BBB_UP-89
Added Net: Name=BBB_LCD_DATA2
Added Pin To Net: NetName=BBB_LCD_DATA3 Pin=BBB_DOWN-90
Added Pin To Net: NetName=BBB_LCD_DATA3 Pin=BBB_UP-90
Added Net: Name=BBB_LCD_DATA3
Added Pin To Net: NetName=BBB_LCD_DATA4 Pin=BBB_DOWN-87
Added Pin To Net: NetName=BBB_LCD_DATA4 Pin=BBB_UP-87
Added Net: Name=BBB_LCD_DATA4
Added Pin To Net: NetName=BBB_LCD_DATA5 Pin=BBB_DOWN-88
Added Pin To Net: NetName=BBB_LCD_DATA5 Pin=BBB_UP-88
Added Net: Name=BBB_LCD_DATA5
Added Pin To Net: NetName=BBB_LCD_DATA6 Pin=BBB_DOWN-85
Added Pin To Net: NetName=BBB_LCD_DATA6 Pin=BBB_UP-85
Added Net: Name=BBB_LCD_DATA6
Added Pin To Net: NetName=BBB_LCD_DATA7 Pin=BBB_DOWN-86
Added Pin To Net: NetName=BBB_LCD_DATA7 Pin=BBB_UP-86
Added Net: Name=BBB_LCD_DATA7
Added Pin To Net: NetName=BBB_LCD_DATA8 Pin=BBB_DOWN-83
Added Pin To Net: NetName=BBB_LCD_DATA8 Pin=BBB_UP-83
Added Net: Name=BBB_LCD_DATA8
Added Pin To Net: NetName=BBB_LCD_DATA9 Pin=BBB_DOWN-84
Added Pin To Net: NetName=BBB_LCD_DATA9 Pin=BBB_UP-84
Added Net: Name=BBB_LCD_DATA9
Added Pin To Net: NetName=BBB_LCD_DATA10 Pin=BBB_DOWN-82
Added Pin To Net: NetName=BBB_LCD_DATA10 Pin=BBB_UP-82
Added Net: Name=BBB_LCD_DATA10
Added Pin To Net: NetName=BBB_LCD_DATA11 Pin=BBB_DOWN-80
Added Pin To Net: NetName=BBB_LCD_DATA11 Pin=BBB_UP-80
Added Net: Name=BBB_LCD_DATA11
Added Pin To Net: NetName=BBB_LCD_DATA12 Pin=BBB_DOWN-81
Added Pin To Net: NetName=BBB_LCD_DATA12 Pin=BBB_UP-81
Added Net: Name=BBB_LCD_DATA12
Added Pin To Net: NetName=BBB_LCD_DATA13 Pin=BBB_DOWN-79
Added Pin To Net: NetName=BBB_LCD_DATA13 Pin=BBB_UP-79
Added Net: Name=BBB_LCD_DATA13
Added Pin To Net: NetName=BBB_LCD_DATA14 Pin=BBB_DOWN-77
Added Pin To Net: NetName=BBB_LCD_DATA14 Pin=BBB_UP-77
Added Net: Name=BBB_LCD_DATA14
Added Pin To Net: NetName=BBB_LCD_DATA15 Pin=BBB_DOWN-78
Added Pin To Net: NetName=BBB_LCD_DATA15 Pin=BBB_UP-78
Added Net: Name=BBB_LCD_DATA15
Added Pin To Net: NetName=BBB_LCD_HSYNC Pin=BBB_DOWN-75
Added Pin To Net: NetName=BBB_LCD_HSYNC Pin=BBB_UP-75
Added Net: Name=BBB_LCD_HSYNC
Added Pin To Net: NetName=BBB_LCD_PCLK Pin=BBB_DOWN-74
Added Pin To Net: NetName=BBB_LCD_PCLK Pin=BBB_UP-74
Added Net: Name=BBB_LCD_PCLK
Added Pin To Net: NetName=BBB_LCD_VSYNC Pin=BBB_DOWN-73
Added Pin To Net: NetName=BBB_LCD_VSYNC Pin=BBB_UP-73
Added Net: Name=BBB_LCD_VSYNC
Added Pin To Net: NetName=BBB_MMC1_CLK Pin=BBB_DOWN-67
Added Pin To Net: NetName=BBB_MMC1_CLK Pin=BBB_UP-67
Added Net: Name=BBB_MMC1_CLK
Added Pin To Net: NetName=BBB_MMC1_CMD Pin=BBB_DOWN-66
Added Pin To Net: NetName=BBB_MMC1_CMD Pin=BBB_UP-66
Added Net: Name=BBB_MMC1_CMD
Added Pin To Net: NetName=BBB_MMC1_DAT0 Pin=BBB_DOWN-71
Added Pin To Net: NetName=BBB_MMC1_DAT0 Pin=BBB_UP-71
Added Net: Name=BBB_MMC1_DAT0
Added Pin To Net: NetName=BBB_MMC1_DAT1 Pin=BBB_DOWN-70
Added Pin To Net: NetName=BBB_MMC1_DAT1 Pin=BBB_UP-70
Added Net: Name=BBB_MMC1_DAT1
Added Pin To Net: NetName=BBB_MMC1_DAT2 Pin=BBB_DOWN-51
Added Pin To Net: NetName=BBB_MMC1_DAT2 Pin=BBB_UP-51
Added Net: Name=BBB_MMC1_DAT2
Added Pin To Net: NetName=BBB_MMC1_DAT3 Pin=BBB_DOWN-52
Added Pin To Net: NetName=BBB_MMC1_DAT3 Pin=BBB_UP-52
Added Net: Name=BBB_MMC1_DAT3
Added Pin To Net: NetName=BBB_MMC1_DAT4 Pin=BBB_DOWN-69
Added Pin To Net: NetName=BBB_MMC1_DAT4 Pin=BBB_UP-69
Added Net: Name=BBB_MMC1_DAT4
Added Pin To Net: NetName=BBB_MMC1_DAT5 Pin=BBB_DOWN-68
Added Pin To Net: NetName=BBB_MMC1_DAT5 Pin=BBB_UP-68
Added Net: Name=BBB_MMC1_DAT5
Added Pin To Net: NetName=BBB_MMC1_DAT6 Pin=BBB_DOWN-49
Added Pin To Net: NetName=BBB_MMC1_DAT6 Pin=BBB_UP-49
Added Net: Name=BBB_MMC1_DAT6
Added Pin To Net: NetName=BBB_MMC1_DAT7 Pin=BBB_DOWN-50
Added Pin To Net: NetName=BBB_MMC1_DAT7 Pin=BBB_UP-50
Added Net: Name=BBB_MMC1_DAT7
Added Pin To Net: NetName=BBB_PWR_BUT Pin=BBB_DOWN-9
Added Pin To Net: NetName=BBB_PWR_BUT Pin=BBB_UP-9
Added Net: Name=BBB_PWR_BUT
Added Pin To Net: NetName=BBB_SYS_5V Pin=BBB_DOWN-7
Added Pin To Net: NetName=BBB_SYS_5V Pin=BBB_DOWN-8
Added Pin To Net: NetName=BBB_SYS_5V Pin=BBB_UP-7
Added Pin To Net: NetName=BBB_SYS_5V Pin=BBB_UP-8
Added Net: Name=BBB_SYS_5V
Added Pin To Net: NetName=BBB_SYS_RST Pin=BBB_DOWN-10
Added Pin To Net: NetName=BBB_SYS_RST Pin=BBB_UP-10
Added Net: Name=BBB_SYS_RST
Added Pin To Net: NetName=BBB_UART4_RXD Pin=BBB_DOWN-11
Added Pin To Net: NetName=BBB_UART4_RXD Pin=BBB_UP-11
Added Net: Name=BBB_UART4_RXD
Added Pin To Net: NetName=BBB_VDD_3V3 Pin=BBB_DOWN-3
Added Pin To Net: NetName=BBB_VDD_3V3 Pin=BBB_DOWN-4
Added Pin To Net: NetName=BBB_VDD_3V3 Pin=BBB_UP-3
Added Pin To Net: NetName=BBB_VDD_3V3 Pin=BBB_UP-4
Added Net: Name=BBB_VDD_3V3
Added Pin To Net: NetName=BBB_VDD_5V Pin=BBB_DOWN-5
Added Pin To Net: NetName=BBB_VDD_5V Pin=BBB_DOWN-6
Added Pin To Net: NetName=BBB_VDD_5V Pin=BBB_UP-5
Added Pin To Net: NetName=BBB_VDD_5V Pin=BBB_UP-6
Added Net: Name=BBB_VDD_5V
Added Pin To Net: NetName=ECAPWMO Pin=BBB_DOWN-42
Added Pin To Net: NetName=ECAPWMO Pin=BBB_UP-42
Added Net: Name=ECAPWMO
Added Pin To Net: NetName=GND_ADC Pin=BBB_DOWN-34
Added Pin To Net: NetName=GND_ADC Pin=BBB_UP-34
Added Net: Name=GND_ADC
Added Pin To Net: NetName=GPIO_20 Pin=BBB_DOWN-41
Added Pin To Net: NetName=GPIO_20 Pin=BBB_UP-41
Added Net: Name=GPIO_20
Added Pin To Net: NetName=GPIO_115 Pin=BBB_DOWN-27
Added Pin To Net: NetName=GPIO_115 Pin=BBB_UP-27
Added Net: Name=GPIO_115
Added Pin To Net: NetName=GPIO_117 Pin=BBB_DOWN-25
Added Pin To Net: NetName=GPIO_117 Pin=BBB_UP-25
Added Net: Name=GPIO_117
Added Pin To Net: NetName=SPI1_SCLK Pin=BBB_DOWN-31
Added Pin To Net: NetName=SPI1_SCLK Pin=BBB_UP-31
Added Net: Name=SPI1_SCLK
Added Pin To Net: NetName=VDD_ADC Pin=BBB_DOWN-32
Added Pin To Net: NetName=VDD_ADC Pin=BBB_UP-32
Added Net: Name=VDD_ADC
Added Member To Class: ClassName=U_VT_WRP1 Member=Component 0.1uF_0_U_VT_WRP1 (0.1uF_0) 0.1uF_0603
Added Member To Class: ClassName=U_VT_WRP2 Member=Component 0.1uF_0_U_VT_WRP2 (0.1uF_0) 0.1uF_0603
Added Member To Class: ClassName=U_VT_WRP3 Member=Component 0.1uF_0_U_VT_WRP3 (0.1uF_0) 0.1uF_0603
Added Member To Class: ClassName=U_VT_WRP4 Member=Component 0.1uF_0_U_VT_WRP4 (0.1uF_0) 0.1uF_0603
Added Member To Class: ClassName=U_VT_WRP5 Member=Component 0.1uF_0_U_VT_WRP5 (0.1uF_0) 0.1uF_0603
Added Member To Class: ClassName=U_VT_WRP6 Member=Component 0.1uF_0_U_VT_WRP6 (0.1uF_0) 0.1uF_0603
Added Member To Class: ClassName=U_VT_WRP7 Member=Component 0.1uF_0_U_VT_WRP7 (0.1uF_0) 0.1uF_0603
Added Member To Class: ClassName=U_VT_WRP8 Member=Component 0.1uF_0_U_VT_WRP8 (0.1uF_0) 0.1uF_0603
Added Member To Class: ClassName=U_VT_WRP1 Member=Component 0.1uF_1_U_VT_WRP1 (0.1uF_1) 0.1uF_0603
Added Member To Class: ClassName=U_VT_WRP2 Member=Component 0.1uF_1_U_VT_WRP2 (0.1uF_1) 0.1uF_0603
Added Member To Class: ClassName=U_VT_WRP3 Member=Component 0.1uF_1_U_VT_WRP3 (0.1uF_1) 0.1uF_0603
Added Member To Class: ClassName=U_VT_WRP4 Member=Component 0.1uF_1_U_VT_WRP4 (0.1uF_1) 0.1uF_0603
Added Member To Class: ClassName=U_VT_WRP5 Member=Component 0.1uF_1_U_VT_WRP5 (0.1uF_1) 0.1uF_0603
Added Member To Class: ClassName=U_VT_WRP6 Member=Component 0.1uF_1_U_VT_WRP6 (0.1uF_1) 0.1uF_0603
Added Member To Class: ClassName=U_VT_WRP7 Member=Component 0.1uF_1_U_VT_WRP7 (0.1uF_1) 0.1uF_0603
Added Member To Class: ClassName=U_VT_WRP8 Member=Component 0.1uF_1_U_VT_WRP8 (0.1uF_1) 0.1uF_0603
Added Member To Class: ClassName=U_VT_WRP1 Member=Component 0.1uF_3_U_VT_WRP1 (0.1uF_3) 0.1uF_0603
Added Member To Class: ClassName=U_VT_WRP2 Member=Component 0.1uF_3_U_VT_WRP2 (0.1uF_3) 0.1uF_0603
Added Member To Class: ClassName=U_VT_WRP3 Member=Component 0.1uF_3_U_VT_WRP3 (0.1uF_3) 0.1uF_0603
Added Member To Class: ClassName=U_VT_WRP4 Member=Component 0.1uF_3_U_VT_WRP4 (0.1uF_3) 0.1uF_0603
Added Member To Class: ClassName=U_VT_WRP5 Member=Component 0.1uF_3_U_VT_WRP5 (0.1uF_3) 0.1uF_0603
Added Member To Class: ClassName=U_VT_WRP6 Member=Component 0.1uF_3_U_VT_WRP6 (0.1uF_3) 0.1uF_0603
Added Member To Class: ClassName=U_VT_WRP7 Member=Component 0.1uF_3_U_VT_WRP7 (0.1uF_3) 0.1uF_0603
Added Member To Class: ClassName=U_VT_WRP8 Member=Component 0.1uF_3_U_VT_WRP8 (0.1uF_3) 0.1uF_0603
Added Member To Class: ClassName=U_VT_WRP1 Member=Component 0.1uF_4_U_VT_WRP1 (0.1uF_4) 0.1uF_0603
Added Member To Class: ClassName=U_VT_WRP2 Member=Component 0.1uF_4_U_VT_WRP2 (0.1uF_4) 0.1uF_0603
Added Member To Class: ClassName=U_VT_WRP3 Member=Component 0.1uF_4_U_VT_WRP3 (0.1uF_4) 0.1uF_0603
Added Member To Class: ClassName=U_VT_WRP4 Member=Component 0.1uF_4_U_VT_WRP4 (0.1uF_4) 0.1uF_0603
Added Member To Class: ClassName=U_VT_WRP5 Member=Component 0.1uF_4_U_VT_WRP5 (0.1uF_4) 0.1uF_0603
Added Member To Class: ClassName=U_VT_WRP6 Member=Component 0.1uF_4_U_VT_WRP6 (0.1uF_4) 0.1uF_0603
Added Member To Class: ClassName=U_VT_WRP7 Member=Component 0.1uF_4_U_VT_WRP7 (0.1uF_4) 0.1uF_0603
Added Member To Class: ClassName=U_VT_WRP8 Member=Component 0.1uF_4_U_VT_WRP8 (0.1uF_4) 0.1uF_0603
Added Member To Class: ClassName=U_Power_Control1 Member=Component 1_U_Power_Control1 (1) 0.1uF_0603
Added Member To Class: ClassName=U_Power_Control2 Member=Component 1_U_Power_Control2 (1) 0.1uF_0603
Added Member To Class: ClassName=U_Power_Control1 Member=Component 2_U_Power_Control1 (2) 0.1uF_0603
Added Member To Class: ClassName=U_Power_Control2 Member=Component 2_U_Power_Control2 (2) 0.1uF_0603
Added Member To Class: ClassName=U_Power_Control1 Member=Component 3_U_Power_Control1 (3) 0.1uF_0603
Added Member To Class: ClassName=U_Power_Control2 Member=Component 3_U_Power_Control2 (3) 0.1uF_0603
Added Member To Class: ClassName=U_Power_Control1 Member=Component 4_U_Power_Control1 (4) 0.1uF_0603
Added Member To Class: ClassName=U_Power_Control2 Member=Component 4_U_Power_Control2 (4) 0.1uF_0603
Added Member To Class: ClassName=U_Power_Control1 Member=Component 5_U_Power_Control1 (5) 0.1uF_0603
Added Member To Class: ClassName=U_Power_Control2 Member=Component 5_U_Power_Control2 (5) 0.1uF_0603
Added Member To Class: ClassName=U_Power_Control1 Member=Component 6_U_Power_Control1 (6) 0.1uF_0603
Added Member To Class: ClassName=U_Power_Control2 Member=Component 6_U_Power_Control2 (6) 0.1uF_0603
Added Member To Class: ClassName=BBB_Board Member=Component BBB_UP BBB_Pin
Added Member To Class: ClassName=U_Power_Control2 Member=Component D2_U_Power_Control2 (D2) Diode 1N4001
Added Member To Class: ClassName=U_Power_Control1 Member=Component LM2_U_Power_Control1 (LM2) LM321MF/NOPB
Added Member To Class: ClassName=U_Power_Control2 Member=Component POT_U_Power_Control2 (POT) Digital Pot
Added Member To Class: ClassName=U_Power_Control1 Member=Component R2_U_Power_Control1 (R2) RNCS0603BKE10K0
Added Member To Class: ClassName=U_Power_Control2 Member=Component R2_U_Power_Control2 (R2) RNCS0603BKE10K0
Added Member To Class: ClassName=U_Power_Control1 Member=Component R5_U_Power_Control1 (R5) Res3
Added Member To Class: ClassName=U_Power_Control2 Member=Component R5_U_Power_Control2 (R5) Res3
Added Member To Class: ClassName=U_Power_Control1 Member=Component R6_U_Power_Control1 (R6) Res3
Added Member To Class: ClassName=U_Power_Control1 Member=Component R9_U_Power_Control1 (R9) Res3
Added Member To Class: ClassName=U_Power_Control2 Member=Component R9_U_Power_Control2 (R9) Res3
Added Member To Class: ClassName=U_Power_Control1 Member=Component R10_U_Power_Control1 (R10) Res3
Added Member To Class: ClassName=U_Power_Control2 Member=Component R10_U_Power_Control2 (R10) Res3
Added Member To Class: ClassName=U_Power_Control2 Member=Component VR1_U_Power_Control2 (VR1) Voltage Regulator
