Removed Pin From Net: NetName=IVL_B32 Pin=ETH1-33
Removed Pin From Net: NetName=IVL_B33 Pin=ETH1-34
Removed Pin From Net: NetName=IVL_B34 Pin=ETH1-35
Removed Pin From Net: NetName=IVL_B35 Pin=ETH1-36
Removed Pin From Net: NetName=IVL_B36 Pin=ETH1-37
Removed Pin From Net: NetName=IVL_B37 Pin=ETH1-38
Removed Pin From Net: NetName=IVL_B38 Pin=ETH1-39
Removed Pin From Net: NetName=IVL_B39 Pin=ETH1-40
Removed Pin From Net: NetName=IVL_B40 Pin=ETH2-1
Removed Pin From Net: NetName=IVL_B41 Pin=ETH2-2
Removed Pin From Net: NetName=IVL_B42 Pin=ETH2-3
Removed Pin From Net: NetName=IVL_B43 Pin=ETH2-4
Removed Pin From Net: NetName=IVL_B44 Pin=ETH2-5
Removed Pin From Net: NetName=IVL_B45 Pin=ETH2-6
Removed Pin From Net: NetName=IVL_B46 Pin=ETH2-7
Removed Pin From Net: NetName=IVL_B47 Pin=ETH2-8
Removed Pin From Net: NetName=IVL_B50 Pin=ETH2-11
Removed Pin From Net: NetName=IVL_B51 Pin=ETH2-12
Removed Pin From Net: NetName=IVL_B52 Pin=ETH2-13
Removed Pin From Net: NetName=IVL_B53 Pin=ETH2-14
Removed Pin From Net: NetName=IVL_B54 Pin=ETH2-15
Removed Pin From Net: NetName=IVL_B55 Pin=ETH2-16
Removed Pin From Net: NetName=IVL_B56 Pin=ETH2-17
Removed Pin From Net: NetName=IVL_B57 Pin=ETH2-18
Removed Pin From Net: NetName=IVL_B58 Pin=ETH2-19
Removed Pin From Net: NetName=IVL_B59 Pin=ETH2-20
Removed Pin From Net: NetName=IVL_B60 Pin=ETH2-21
Removed Pin From Net: NetName=IVL_B61 Pin=ETH2-22
Removed Pin From Net: NetName=IVL_B62 Pin=ETH2-23
Removed Pin From Net: NetName=IVL_B63 Pin=ETH2-24
Removed Pin From Net: NetName=IVL_B96 Pin=ETH3-25
Removed Pin From Net: NetName=IVL_B97 Pin=ETH3-26
Removed Pin From Net: NetName=IVL_B98 Pin=ETH3-27
Removed Pin From Net: NetName=IVL_B99 Pin=ETH3-28
Removed Pin From Net: NetName=IVL_B100 Pin=ETH3-29
Removed Pin From Net: NetName=IVL_B101 Pin=ETH3-30
Removed Pin From Net: NetName=IVL_B102 Pin=ETH3-31
Removed Pin From Net: NetName=IVL_B103 Pin=ETH3-32
Removed Pin From Net: NetName=IVL_B104 Pin=ETH3-33
Removed Pin From Net: NetName=IVL_B105 Pin=ETH3-34
Removed Pin From Net: NetName=IVL_B106 Pin=ETH3-35
Removed Pin From Net: NetName=IVL_B107 Pin=ETH3-36
Removed Pin From Net: NetName=IVL_B108 Pin=ETH3-37
Removed Pin From Net: NetName=IVL_B109 Pin=ETH3-38
Removed Pin From Net: NetName=IVL_B110 Pin=ETH3-39
Removed Pin From Net: NetName=IVL_B111 Pin=ETH3-40
Removed Pin From Net: NetName=IVL_B114 Pin=ETH4-3
Removed Pin From Net: NetName=IVL_B115 Pin=ETH4-4
Removed Pin From Net: NetName=IVL_B116 Pin=ETH4-5
Removed Pin From Net: NetName=IVL_B117 Pin=ETH4-6
Removed Pin From Net: NetName=IVL_B118 Pin=ETH4-7
Removed Pin From Net: NetName=IVL_B119 Pin=ETH4-8
Removed Pin From Net: NetName=IVL_B120 Pin=ETH4-9
Removed Pin From Net: NetName=IVL_B121 Pin=ETH4-10
Removed Pin From Net: NetName=IVL_B122 Pin=ETH4-12
Removed Pin From Net: NetName=IVL_B123 Pin=ETH4-13
Removed Pin From Net: NetName=SIGNAL_W124 Pin=ETH4-14
Removed Pin From Net: NetName=SIGNAL_W125 Pin=ETH4-15
Removed Pin From Net: NetName=IVL_B112 Pin=LT1_U_VT_WRP1-1
Removed Pin From Net: NetName=IVL_B113 Pin=LT1_U_VT_WRP1-3
Removed Pin From Net: NetName=IVL_B48 Pin=LT1_U_VT_WRP5-1
Removed Pin From Net: NetName=IVL_B49 Pin=LT1_U_VT_WRP5-3
Added Pin To Net: NetName=IVL_B96 Pin=ETH1-33
Added Pin To Net: NetName=IVL_B97 Pin=ETH1-34
Added Pin To Net: NetName=IVL_B98 Pin=ETH1-35
Added Pin To Net: NetName=IVL_B99 Pin=ETH1-36
Added Pin To Net: NetName=IVL_B100 Pin=ETH1-37
Added Pin To Net: NetName=IVL_B101 Pin=ETH1-38
Added Pin To Net: NetName=IVL_B102 Pin=ETH1-39
Added Pin To Net: NetName=IVL_B103 Pin=ETH1-40
Added Pin To Net: NetName=IVL_B104 Pin=ETH2-1
Added Pin To Net: NetName=IVL_B105 Pin=ETH2-2
Added Pin To Net: NetName=IVL_B106 Pin=ETH2-3
Added Pin To Net: NetName=IVL_B107 Pin=ETH2-4
Added Pin To Net: NetName=IVL_B108 Pin=ETH2-5
Added Pin To Net: NetName=IVL_B109 Pin=ETH2-6
Added Pin To Net: NetName=IVL_B110 Pin=ETH2-7
Added Pin To Net: NetName=IVL_B111 Pin=ETH2-8
Added Pin To Net: NetName=IVL_B112 Pin=ETH2-11
Added Pin To Net: NetName=IVL_B113 Pin=ETH2-12
Added Pin To Net: NetName=IVL_B114 Pin=ETH2-13
Added Pin To Net: NetName=IVL_B115 Pin=ETH2-14
Added Pin To Net: NetName=IVL_B116 Pin=ETH2-15
Added Pin To Net: NetName=IVL_B117 Pin=ETH2-16
Added Pin To Net: NetName=IVL_B118 Pin=ETH2-17
Added Pin To Net: NetName=IVL_B119 Pin=ETH2-18
Added Pin To Net: NetName=IVL_B120 Pin=ETH2-19
Added Pin To Net: NetName=IVL_B121 Pin=ETH2-20
Added Pin To Net: NetName=IVL_B122 Pin=ETH2-21
Added Pin To Net: NetName=IVL_B123 Pin=ETH2-22
Added Pin To Net: NetName=SIGNAL_W124 Pin=ETH2-23
Added Pin To Net: NetName=SIGNAL_W125 Pin=ETH2-24
Added Pin To Net: NetName=IVL_B32 Pin=ETH3-25
Added Pin To Net: NetName=IVL_B33 Pin=ETH3-26
Added Pin To Net: NetName=IVL_B34 Pin=ETH3-27
Added Pin To Net: NetName=IVL_B35 Pin=ETH3-28
Added Pin To Net: NetName=IVL_B36 Pin=ETH3-29
Added Pin To Net: NetName=IVL_B37 Pin=ETH3-30
Added Pin To Net: NetName=IVL_B38 Pin=ETH3-31
Added Pin To Net: NetName=IVL_B39 Pin=ETH3-32
Added Pin To Net: NetName=IVL_B40 Pin=ETH3-33
Added Pin To Net: NetName=IVL_B41 Pin=ETH3-34
Added Pin To Net: NetName=IVL_B42 Pin=ETH3-35
Added Pin To Net: NetName=IVL_B43 Pin=ETH3-36
Added Pin To Net: NetName=IVL_B44 Pin=ETH3-37
Added Pin To Net: NetName=IVL_B45 Pin=ETH3-38
Added Pin To Net: NetName=IVL_B46 Pin=ETH3-39
Added Pin To Net: NetName=IVL_B47 Pin=ETH3-40
Added Pin To Net: NetName=IVL_B50 Pin=ETH4-1
Added Pin To Net: NetName=IVL_B51 Pin=ETH4-2
Added Pin To Net: NetName=IVL_B52 Pin=ETH4-3
Added Pin To Net: NetName=IVL_B53 Pin=ETH4-4
Added Pin To Net: NetName=IVL_B54 Pin=ETH4-5
Added Pin To Net: NetName=IVL_B55 Pin=ETH4-6
Added Pin To Net: NetName=IVL_B56 Pin=ETH4-7
Added Pin To Net: NetName=IVL_B57 Pin=ETH4-8
Added Pin To Net: NetName=IVL_B58 Pin=ETH4-9
Added Pin To Net: NetName=IVL_B59 Pin=ETH4-10
Added Pin To Net: NetName=IVL_B60 Pin=ETH4-12
Added Pin To Net: NetName=IVL_B61 Pin=ETH4-13
Added Pin To Net: NetName=IVL_B62 Pin=ETH4-14
Added Pin To Net: NetName=IVL_B63 Pin=ETH4-15
Added Pin To Net: NetName=IVL_B48 Pin=LT1_U_VT_WRP1-1
Added Pin To Net: NetName=IVL_B49 Pin=LT1_U_VT_WRP1-3
Added Pin To Net: NetName=IVL_B112 Pin=LT1_U_VT_WRP1-4
Added Pin To Net: NetName=IVL_B113 Pin=LT1_U_VT_WRP1-5
Change Class Name : Old Net Name=SIGNAL_W[125..112] New Net Name=SIGNAL_W[125..48]
