Command line:
   CLOCK_GEN_TB_isim_beh.exe
     -simmode  gui
     -simrunnum  0
     -socket  59677

Sun Nov 15 22:27:31 2015


 Elaboration Time: 0.0312 sec

 Current Memory Usage: 825.319 Meg

 Total Signals          : 159
 Total Nets             : 141
 Total Signal Drivers   : 109
 Total Blocks           : 24
 Total Primitive Blocks : 16
 Total Processes        : 238
 Total Traceable Variables  : 248
 Total Scalar Nets and Variables : 5469
Total Line Count : 1216
Total Line Count : 1216

 Total Simulation Time: 1.07641 sec

 Current Memory Usage: 668.033 Meg

Sun Nov 15 22:38:28 2015

