Removed Pin From Net: NetName=L13 Pin=HWL3-0
Removed Pin From Net: NetName=K16 Pin=HWL3-1
Removed Pin From Net: NetName=T18 Pin=HWL3-2
Removed Pin From Net: NetName=V16 Pin=HWL3-3
Removed Pin From Net: NetName=V14 Pin=HWL3-4
Removed Pin From Net: NetName=V12 Pin=HWL3-5
Removed Pin From Net: NetName=T11 Pin=HWL3-6
Removed Pin From Net: NetName=P11 Pin=HWL3-7
Removed Pin From Net: NetName=T10 Pin=HWL3-8
Removed Pin From Net: NetName=V9 Pin=HWL3-9
Added Pin To Net: NetName=V9 Pin=HWL3-0
Added Pin To Net: NetName=T10 Pin=HWL3-1
Added Pin To Net: NetName=P11 Pin=HWL3-2
Added Pin To Net: NetName=T11 Pin=HWL3-3
Added Pin To Net: NetName=V12 Pin=HWL3-4
Added Pin To Net: NetName=V14 Pin=HWL3-5
Added Pin To Net: NetName=V16 Pin=HWL3-6
Added Pin To Net: NetName=T18 Pin=HWL3-7
Added Pin To Net: NetName=K16 Pin=HWL3-8
Added Pin To Net: NetName=L13 Pin=HWL3-9
