Removed Pin From Net: NetName=A2 Pin=HWL2-20
Removed Pin From Net: NetName=A4 Pin=HWL2-21
Removed Pin From Net: NetName=C6 Pin=HWL2-22
Removed Pin From Net: NetName=A7 Pin=HWL2-23
Removed Pin From Net: NetName=A8 Pin=HWL2-24
Removed Pin From Net: NetName=E8 Pin=HWL2-25
Removed Pin From Net: NetName=A9 Pin=HWL2-26
Removed Pin From Net: NetName=F9 Pin=HWL2-27
Removed Pin From Net: NetName=A11 Pin=HWL2-28
Removed Pin From Net: NetName=C11 Pin=HWL2-29
Added Pin To Net: NetName=C11 Pin=HWL2-20
Added Pin To Net: NetName=A11 Pin=HWL2-21
Added Pin To Net: NetName=F9 Pin=HWL2-22
Added Pin To Net: NetName=A9 Pin=HWL2-23
Added Pin To Net: NetName=E8 Pin=HWL2-24
Added Pin To Net: NetName=A8 Pin=HWL2-25
Added Pin To Net: NetName=A7 Pin=HWL2-26
Added Pin To Net: NetName=C6 Pin=HWL2-27
Added Pin To Net: NetName=A4 Pin=HWL2-28
Added Pin To Net: NetName=A2 Pin=HWL2-29
Added Room: Name=NumatoShield
