Removed Pin From Net: NetName=B12 Pin=HWL2-0
Removed Pin From Net: NetName=F12 Pin=HWL2-1
Removed Pin From Net: NetName=F13 Pin=HWL2-2
Removed Pin From Net: NetName=D14 Pin=HWL2-3
Removed Pin From Net: NetName=B16 Pin=HWL2-4
Removed Pin From Net: NetName=D17 Pin=HWL2-5
Removed Pin From Net: NetName=F17 Pin=HWL2-6
Removed Pin From Net: NetName=G16 Pin=HWL2-7
Removed Pin From Net: NetName=H13 Pin=HWL2-8
Removed Pin From Net: NetName=J13 Pin=HWL2-9
Added Pin To Net: NetName=J13 Pin=HWL2-0
Added Pin To Net: NetName=H13 Pin=HWL2-1
Added Pin To Net: NetName=G16 Pin=HWL2-2
Added Pin To Net: NetName=F17 Pin=HWL2-3
Added Pin To Net: NetName=D17 Pin=HWL2-4
Added Pin To Net: NetName=B16 Pin=HWL2-5
Added Pin To Net: NetName=D14 Pin=HWL2-6
Added Pin To Net: NetName=F13 Pin=HWL2-7
Added Pin To Net: NetName=F12 Pin=HWL2-8
Added Pin To Net: NetName=B12 Pin=HWL2-9
