Removed Pin From Net: NetName=GND Pin=HWL3-7
Removed Pin From Net: NetName=GND Pin=HWL3-8
Removed Pin From Net: NetName=P11 Pin=HWL3-9
Removed Pin From Net: NetName=T10 Pin=HWL3-10
Removed Pin From Net: NetName=V9 Pin=HWL3-11
Removed Pin From Net: NetName=P8 Pin=HWL3-12
Removed Pin From Net: NetName=V7 Pin=HWL3-13
Removed Pin From Net: NetName=T7 Pin=HWL3-14
Removed Pin From Net: NetName=P6 Pin=HWL3-15
Removed Pin From Net: NetName=T5 Pin=HWL3-16
Removed Pin From Net: NetName=T3 Pin=HWL3-17
Removed Pin From Net: NetName=R3 Pin=HWL3-22
Removed Pin From Net: NetName=R5 Pin=HWL3-23
Removed Pin From Net: NetName=N5 Pin=HWL3-24
Removed Pin From Net: NetName=R7 Pin=HWL3-25
Removed Pin From Net: NetName=U7 Pin=HWL3-26
Removed Pin From Net: NetName=N7 Pin=HWL3-27
Removed Pin From Net: NetName=T9 Pin=HWL3-28
Removed Pin From Net: NetName=R10 Pin=HWL3-29
Removed Pin From Net: NetName=N10 Pin=HWL3-30
Removed Pin From Net: NetName=GND Pin=HWL3-31
Removed Pin From Net: NetName=GND Pin=HWL3-32
Added Pin To Net: NetName=P11 Pin=HWL3-7
Added Pin To Net: NetName=T10 Pin=HWL3-8
Added Pin To Net: NetName=V9 Pin=HWL3-9
Added Pin To Net: NetName=P8 Pin=HWL3-10
Added Pin To Net: NetName=V7 Pin=HWL3-11
Added Pin To Net: NetName=T7 Pin=HWL3-12
Added Pin To Net: NetName=P6 Pin=HWL3-13
Added Pin To Net: NetName=T5 Pin=HWL3-14
Added Pin To Net: NetName=T3 Pin=HWL3-15
Added Pin To Net: NetName=GND Pin=HWL3-16
Added Pin To Net: NetName=GND Pin=HWL3-17
Added Pin To Net: NetName=GND Pin=HWL3-22
Added Pin To Net: NetName=GND Pin=HWL3-23
Added Pin To Net: NetName=R3 Pin=HWL3-24
Added Pin To Net: NetName=R5 Pin=HWL3-25
Added Pin To Net: NetName=N5 Pin=HWL3-26
Added Pin To Net: NetName=R7 Pin=HWL3-27
Added Pin To Net: NetName=U7 Pin=HWL3-28
Added Pin To Net: NetName=N7 Pin=HWL3-29
Added Pin To Net: NetName=T9 Pin=HWL3-30
Added Pin To Net: NetName=R10 Pin=HWL3-31
Added Pin To Net: NetName=N10 Pin=HWL3-32
Added Room: Name=NumatoShield
