Removed Pin From Net: NetName=J13 Pin=HWL2-0
Removed Pin From Net: NetName=H13 Pin=HWL2-1
Removed Pin From Net: NetName=G16 Pin=HWL2-2
Removed Pin From Net: NetName=F17 Pin=HWL2-3
Removed Pin From Net: NetName=D17 Pin=HWL2-4
Removed Pin From Net: NetName=B16 Pin=HWL2-5
Removed Pin From Net: NetName=D14 Pin=HWL2-6
Removed Pin From Net: NetName=F13 Pin=HWL2-7
Removed Pin From Net: NetName=F12 Pin=HWL2-8
Removed Pin From Net: NetName=B12 Pin=HWL2-9
Removed Pin From Net: NetName=A12 Pin=HWL2-30
Removed Pin From Net: NetName=E12 Pin=HWL2-31
Removed Pin From Net: NetName=E13 Pin=HWL2-32
Removed Pin From Net: NetName=C14 Pin=HWL2-33
Removed Pin From Net: NetName=A16 Pin=HWL2-34
Removed Pin From Net: NetName=D18 Pin=HWL2-35
Removed Pin From Net: NetName=F18 Pin=HWL2-36
Removed Pin From Net: NetName=G18 Pin=HWL2-37
Removed Pin From Net: NetName=H14 Pin=HWL2-38
Removed Pin From Net: NetName=K14 Pin=HWL2-39
Added Pin To Net: NetName=B12 Pin=HWL2-0
Added Pin To Net: NetName=F12 Pin=HWL2-1
Added Pin To Net: NetName=F13 Pin=HWL2-2
Added Pin To Net: NetName=D14 Pin=HWL2-3
Added Pin To Net: NetName=B16 Pin=HWL2-4
Added Pin To Net: NetName=D17 Pin=HWL2-5
Added Pin To Net: NetName=F17 Pin=HWL2-6
Added Pin To Net: NetName=G16 Pin=HWL2-7
Added Pin To Net: NetName=H13 Pin=HWL2-8
Added Pin To Net: NetName=J13 Pin=HWL2-9
Added Pin To Net: NetName=K14 Pin=HWL2-30
Added Pin To Net: NetName=H14 Pin=HWL2-31
Added Pin To Net: NetName=G18 Pin=HWL2-32
Added Pin To Net: NetName=F18 Pin=HWL2-33
Added Pin To Net: NetName=D18 Pin=HWL2-34
Added Pin To Net: NetName=A16 Pin=HWL2-35
Added Pin To Net: NetName=C14 Pin=HWL2-36
Added Pin To Net: NetName=E13 Pin=HWL2-37
Added Pin To Net: NetName=E12 Pin=HWL2-38
Added Pin To Net: NetName=A12 Pin=HWL2-39
