Removed Pin From Net: NetName=K14 Pin=HWL2-30
Removed Pin From Net: NetName=H14 Pin=HWL2-31
Removed Pin From Net: NetName=G18 Pin=HWL2-32
Removed Pin From Net: NetName=F18 Pin=HWL2-33
Removed Pin From Net: NetName=D18 Pin=HWL2-34
Removed Pin From Net: NetName=A16 Pin=HWL2-35
Removed Pin From Net: NetName=C14 Pin=HWL2-36
Removed Pin From Net: NetName=E13 Pin=HWL2-37
Removed Pin From Net: NetName=E12 Pin=HWL2-38
Removed Pin From Net: NetName=A12 Pin=HWL2-39
Added Pin To Net: NetName=A12 Pin=HWL2-30
Added Pin To Net: NetName=E12 Pin=HWL2-31
Added Pin To Net: NetName=E13 Pin=HWL2-32
Added Pin To Net: NetName=C14 Pin=HWL2-33
Added Pin To Net: NetName=A16 Pin=HWL2-34
Added Pin To Net: NetName=D18 Pin=HWL2-35
Added Pin To Net: NetName=F18 Pin=HWL2-36
Added Pin To Net: NetName=G18 Pin=HWL2-37
Added Pin To Net: NetName=H14 Pin=HWL2-38
Added Pin To Net: NetName=K14 Pin=HWL2-39
