Removed Pin From Net: NetName=M11 Pin=HWL4-30
Removed Pin From Net: NetName=U13 Pin=HWL4-31
Removed Pin From Net: NetName=U15 Pin=HWL4-32
Removed Pin From Net: NetName=U17 Pin=HWL4-33
Removed Pin From Net: NetName=P15 Pin=HWL4-34
Removed Pin From Net: NetName=N15 Pin=HWL4-35
Removed Pin From Net: NetName=L15 Pin=HWL4-36
Removed Pin From Net: NetName=M14 Pin=HWL4-37
Removed Pin From Net: NetName=L14 Pin=HWL4-38
Removed Pin From Net: NetName=K12 Pin=HWL4-39
Added Pin To Net: NetName=K12 Pin=HWL4-30
Added Pin To Net: NetName=L14 Pin=HWL4-31
Added Pin To Net: NetName=M14 Pin=HWL4-32
Added Pin To Net: NetName=L15 Pin=HWL4-33
Added Pin To Net: NetName=N15 Pin=HWL4-34
Added Pin To Net: NetName=P15 Pin=HWL4-35
Added Pin To Net: NetName=U17 Pin=HWL4-36
Added Pin To Net: NetName=U15 Pin=HWL4-37
Added Pin To Net: NetName=U13 Pin=HWL4-38
Added Pin To Net: NetName=M11 Pin=HWL4-39
