Removed Pin From Net: NetName=K13 Pin=HWL4-0
Removed Pin From Net: NetName=M13 Pin=HWL4-1
Removed Pin From Net: NetName=N14 Pin=HWL4-2
Removed Pin From Net: NetName=L16 Pin=HWL4-3
Removed Pin From Net: NetName=N16 Pin=HWL4-4
Removed Pin From Net: NetName=P16 Pin=HWL4-5
Removed Pin From Net: NetName=U18 Pin=HWL4-6
Removed Pin From Net: NetName=V15 Pin=HWL4-7
Removed Pin From Net: NetName=V13 Pin=HWL4-8
Removed Pin From Net: NetName=N11 Pin=HWL4-9
Added Pin To Net: NetName=N14 Pin=HWL4-0
Added Pin To Net: NetName=L16 Pin=HWL4-1
Added Pin To Net: NetName=N16 Pin=HWL4-2
Added Pin To Net: NetName=P16 Pin=HWL4-3
Added Pin To Net: NetName=U18 Pin=HWL4-4
Added Pin To Net: NetName=V15 Pin=HWL4-5
Added Pin To Net: NetName=V13 Pin=HWL4-6
Added Pin To Net: NetName=N11 Pin=HWL4-7
Added Pin To Net: NetName=K13 Pin=HWL4-8
Added Pin To Net: NetName=M13 Pin=HWL4-9
