Added Component: Designator=H1(H_FP)
Added Component: Designator=H2(H_FP)
Added Component: Designator=H3(H_FP)
Added Component: Designator=H4(H_FP)
Added Pin To Net: NetName=3V3 Pin=H1-1
Added Pin To Net: NetName=3V3 Pin=H1-2
Added Pin To Net: NetName=3V3 Pin=H1-47
Added Pin To Net: NetName=3V3 Pin=H2-1
Added Pin To Net: NetName=3V3 Pin=H2-2
Added Pin To Net: NetName=3V3 Pin=H3-3
Added Pin To Net: NetName=3V3 Pin=H4-3
Added Pin To Net: NetName=3V3 Pin=H4-48
Added Net: Name=3V3
Added Pin To Net: NetName=A2 Pin=H2-6
Added Net: Name=A2
Added Pin To Net: NetName=A3 Pin=H1-6
Added Net: Name=A3
Added Pin To Net: NetName=A4 Pin=H2-8
Added Net: Name=A4
Added Pin To Net: NetName=A5 Pin=H1-8
Added Net: Name=A5
Added Pin To Net: NetName=A6 Pin=H1-10
Added Net: Name=A6
Added Pin To Net: NetName=A7 Pin=H2-12
Added Net: Name=A7
Added Pin To Net: NetName=A8 Pin=H2-14
Added Net: Name=A8
Added Pin To Net: NetName=A9 Pin=H2-18
Added Net: Name=A9
Added Pin To Net: NetName=A10 Pin=H1-20
Added Net: Name=A10
Added Pin To Net: NetName=A11 Pin=H2-22
Added Net: Name=A11
Added Pin To Net: NetName=A12 Pin=H2-28
Added Net: Name=A12
Added Pin To Net: NetName=A13 Pin=H1-30
Added Net: Name=A13
Added Pin To Net: NetName=A14 Pin=H1-32
Added Net: Name=A14
Added Pin To Net: NetName=A15 Pin=H1-34
Added Net: Name=A15
Added Pin To Net: NetName=A16 Pin=H2-36
Added Net: Name=A16
Added Pin To Net: NetName=ACBUS0 Pin=H3-48
Added Net: Name=ACBUS0
Added Pin To Net: NetName=ACBUS1 Pin=H3-47
Added Net: Name=ACBUS1
Added Pin To Net: NetName=ACBUS2 Pin=H3-46
Added Net: Name=ACBUS2
Added Pin To Net: NetName=ACBUS3 Pin=H3-45
Added Net: Name=ACBUS3
Added Pin To Net: NetName=ACBUS4 Pin=H3-44
Added Net: Name=ACBUS4
Added Pin To Net: NetName=ACBUS5 Pin=H3-43
Added Net: Name=ACBUS5
Added Pin To Net: NetName=ACBUS6 Pin=H3-42
Added Net: Name=ACBUS6
Added Pin To Net: NetName=ACBUS7 Pin=H3-41
Added Net: Name=ACBUS7
Added Pin To Net: NetName=B2 Pin=H2-5
Added Net: Name=B2
Added Pin To Net: NetName=B3 Pin=H1-5
Added Net: Name=B3
Added Pin To Net: NetName=B4 Pin=H2-7
Added Net: Name=B4
Added Pin To Net: NetName=B6 Pin=H1-9
Added Net: Name=B6
Added Pin To Net: NetName=B8 Pin=H2-13
Added Net: Name=B8
Added Pin To Net: NetName=B9 Pin=H2-17
Added Net: Name=B9
Added Pin To Net: NetName=B11 Pin=H2-21
Added Net: Name=B11
Added Pin To Net: NetName=B12 Pin=H2-27
Added Net: Name=B12
Added Pin To Net: NetName=B14 Pin=H1-31
Added Net: Name=B14
Added Pin To Net: NetName=B16 Pin=H2-35
Added Net: Name=B16
Added Pin To Net: NetName=C5 Pin=H1-7
Added Net: Name=C5
Added Pin To Net: NetName=C6 Pin=H2-10
Added Net: Name=C6
Added Pin To Net: NetName=C7 Pin=H2-11
Added Net: Name=C7
Added Pin To Net: NetName=C8 Pin=H1-14
Added Net: Name=C8
Added Pin To Net: NetName=C9 Pin=H1-18
Added Net: Name=C9
Added Pin To Net: NetName=C10 Pin=H1-19
Added Net: Name=C10
Added Pin To Net: NetName=C11 Pin=H2-26
Added Net: Name=C11
Added Pin To Net: NetName=C12 Pin=H1-28
Added Net: Name=C12
Added Pin To Net: NetName=C13 Pin=H1-29
Added Net: Name=C13
Added Pin To Net: NetName=C14 Pin=H2-34
Added Net: Name=C14
Added Pin To Net: NetName=C15 Pin=H1-33
Added Net: Name=C15
Added Pin To Net: NetName=C17 Pin=H1-35
Added Net: Name=C17
Added Pin To Net: NetName=C18 Pin=H1-36
Added Net: Name=C18
Added Pin To Net: NetName=D6 Pin=H2-9
Added Net: Name=D6
Added Pin To Net: NetName=D8 Pin=H1-13
Added Net: Name=D8
Added Pin To Net: NetName=D9 Pin=H1-17
Added Net: Name=D9
Added Pin To Net: NetName=D11 Pin=H2-25
Added Net: Name=D11
Added Pin To Net: NetName=D12 Pin=H1-27
Added Net: Name=D12
Added Pin To Net: NetName=D14 Pin=H2-33
Added Net: Name=D14
Added Pin To Net: NetName=D17 Pin=H2-37
Added Net: Name=D17
Added Pin To Net: NetName=D18 Pin=H2-38
Added Net: Name=D18
Added Pin To Net: NetName=E6 Pin=H1-12
Added Net: Name=E6
Added Pin To Net: NetName=E7 Pin=H2-15
Added Net: Name=E7
Added Pin To Net: NetName=E8 Pin=H2-16
Added Net: Name=E8
Added Pin To Net: NetName=E11 Pin=H1-26
Added Net: Name=E11
Added Pin To Net: NetName=E12 Pin=H2-30
Added Net: Name=E12
Added Pin To Net: NetName=E13 Pin=H2-32
Added Net: Name=E13
Added Pin To Net: NetName=E16 Pin=H1-37
Added Net: Name=E16
Added Pin To Net: NetName=E18 Pin=H1-38
Added Net: Name=E18
Added Pin To Net: NetName=F7 Pin=H1-11
Added Net: Name=F7
Added Pin To Net: NetName=F8 Pin=H1-16
Added Net: Name=F8
Added Pin To Net: NetName=F9 Pin=H2-20
Added Net: Name=F9
Added Pin To Net: NetName=F10 Pin=H1-22
Added Net: Name=F10
Added Pin To Net: NetName=F11 Pin=H1-25
Added Net: Name=F11
Added Pin To Net: NetName=F12 Pin=H2-29
Added Net: Name=F12
Added Pin To Net: NetName=F13 Pin=H2-31
Added Net: Name=F13
Added Pin To Net: NetName=F14 Pin=H1-41
Added Net: Name=F14
Added Pin To Net: NetName=F15 Pin=H1-39
Added Net: Name=F15
Added Pin To Net: NetName=F16 Pin=H1-40
Added Net: Name=F16
Added Pin To Net: NetName=F17 Pin=H2-39
Added Net: Name=F17
Added Pin To Net: NetName=F18 Pin=H2-40
Added Net: Name=F18
Added Pin To Net: NetName=G8 Pin=H1-15
Added Net: Name=G8
Added Pin To Net: NetName=G9 Pin=H2-19
Added Net: Name=G9
Added Pin To Net: NetName=G11 Pin=H1-21
Added Net: Name=G11
Added Pin To Net: NetName=G13 Pin=H1-46
Added Net: Name=G13
Added Pin To Net: NetName=G14 Pin=H1-42
Added Net: Name=G14
Added Pin To Net: NetName=G16 Pin=H2-41
Added Net: Name=G16
Added Pin To Net: NetName=G18 Pin=H2-42
Added Net: Name=G18
Added Pin To Net: NetName=GND Pin=H1-3
Added Pin To Net: NetName=GND Pin=H1-4
Added Pin To Net: NetName=GND Pin=H1-23
Added Pin To Net: NetName=GND Pin=H1-24
Added Pin To Net: NetName=GND Pin=H1-48
Added Pin To Net: NetName=GND Pin=H2-3
Added Pin To Net: NetName=GND Pin=H2-4
Added Pin To Net: NetName=GND Pin=H2-23
Added Pin To Net: NetName=GND Pin=H2-24
Added Pin To Net: NetName=GND Pin=H2-47
Added Pin To Net: NetName=GND Pin=H3-1
Added Pin To Net: NetName=GND Pin=H3-2
Added Pin To Net: NetName=GND Pin=H3-23
Added Pin To Net: NetName=GND Pin=H3-24
Added Pin To Net: NetName=GND Pin=H3-25
Added Pin To Net: NetName=GND Pin=H3-26
Added Pin To Net: NetName=GND Pin=H4-1
Added Pin To Net: NetName=GND Pin=H4-2
Added Pin To Net: NetName=GND Pin=H4-23
Added Pin To Net: NetName=GND Pin=H4-24
Added Pin To Net: NetName=GND Pin=H4-25
Added Pin To Net: NetName=GND Pin=H4-26
Added Pin To Net: NetName=GND Pin=H4-47
Added Net: Name=GND
Added Pin To Net: NetName=H12 Pin=H1-45
Added Net: Name=H12
Added Pin To Net: NetName=H13 Pin=H2-43
Added Net: Name=H13
Added Pin To Net: NetName=H14 Pin=H2-44
Added Net: Name=H14
Added Pin To Net: NetName=H15 Pin=H1-43
Added Net: Name=H15
Added Pin To Net: NetName=H16 Pin=H1-44
Added Net: Name=H16
Added Pin To Net: NetName=INITB Pin=H3-4
Added Net: Name=INITB
Added Pin To Net: NetName=J13 Pin=H2-45
Added Net: Name=J13
Added Pin To Net: NetName=K12 Pin=H4-46
Added Net: Name=K12
Added Pin To Net: NetName=K13 Pin=H4-45
Added Net: Name=K13
Added Pin To Net: NetName=K14 Pin=H2-46
Added Net: Name=K14
Added Pin To Net: NetName=K15 Pin=H3-38
Added Net: Name=K15
Added Pin To Net: NetName=K16 Pin=H3-37
Added Net: Name=K16
Added Pin To Net: NetName=L12 Pin=H3-40
Added Net: Name=L12
Added Pin To Net: NetName=L13 Pin=H3-39
Added Net: Name=L13
Added Pin To Net: NetName=L14 Pin=H4-44
Added Net: Name=L14
Added Pin To Net: NetName=L15 Pin=H4-40
Added Net: Name=L15
Added Pin To Net: NetName=L16 Pin=H4-39
Added Net: Name=L16
Added Pin To Net: NetName=M8 Pin=H4-16
Added Net: Name=M8
Added Pin To Net: NetName=M10 Pin=H4-20
Added Net: Name=M10
Added Pin To Net: NetName=M11 Pin=H4-28
Added Net: Name=M11
Added Pin To Net: NetName=M13 Pin=H4-43
Added Net: Name=M13
Added Pin To Net: NetName=M14 Pin=H4-42
Added Net: Name=M14
Added Pin To Net: NetName=N5 Pin=H3-10
Added Net: Name=N5
Added Pin To Net: NetName=N6 Pin=H4-12
Added Net: Name=N6
Added Pin To Net: NetName=N7 Pin=H3-16
Added Net: Name=N7
Added Pin To Net: NetName=N8 Pin=H4-15
Added Net: Name=N8
Added Pin To Net: NetName=N9 Pin=H4-19
Added Net: Name=N9
Added Pin To Net: NetName=N10 Pin=H3-22
Added Net: Name=N10
Added Pin To Net: NetName=N11 Pin=H4-27
Added Net: Name=N11
Added Pin To Net: NetName=N14 Pin=H4-41
Added Net: Name=N14
Added Pin To Net: NetName=N15 Pin=H4-38
Added Net: Name=N15
Added Pin To Net: NetName=N16 Pin=H4-37
Added Net: Name=N16
Added Pin To Net: NetName=P6 Pin=H3-9
Added Net: Name=P6
Added Pin To Net: NetName=P7 Pin=H4-11
Added Net: Name=P7
Added Pin To Net: NetName=P8 Pin=H3-15
Added Net: Name=P8
Added Pin To Net: NetName=P11 Pin=H3-21
Added Net: Name=P11
Added Pin To Net: NetName=P15 Pin=H4-36
Added Net: Name=P15
Added Pin To Net: NetName=P16 Pin=H4-35
Added Net: Name=P16
Added Pin To Net: NetName=PROGB Pin=H4-4
Added Net: Name=PROGB
Added Pin To Net: NetName=R3 Pin=H3-6
Added Net: Name=R3
Added Pin To Net: NetName=R5 Pin=H3-8
Added Net: Name=R5
Added Pin To Net: NetName=R7 Pin=H3-12
Added Net: Name=R7
Added Pin To Net: NetName=R8 Pin=H4-18
Added Net: Name=R8
Added Pin To Net: NetName=R10 Pin=H3-20
Added Net: Name=R10
Added Pin To Net: NetName=R11 Pin=H3-28
Added Net: Name=R11
Added Pin To Net: NetName=T3 Pin=H3-5
Added Net: Name=T3
Added Pin To Net: NetName=T4 Pin=H4-6
Added Net: Name=T4
Added Pin To Net: NetName=T5 Pin=H3-7
Added Net: Name=T5
Added Pin To Net: NetName=T6 Pin=H4-10
Added Net: Name=T6
Added Pin To Net: NetName=T7 Pin=H3-11
Added Net: Name=T7
Added Pin To Net: NetName=T8 Pin=H4-17
Added Net: Name=T8
Added Pin To Net: NetName=T9 Pin=H3-18
Added Net: Name=T9
Added Pin To Net: NetName=T10 Pin=H3-19
Added Net: Name=T10
Added Pin To Net: NetName=T11 Pin=H3-27
Added Net: Name=T11
Added Pin To Net: NetName=T12 Pin=H3-30
Added Net: Name=T12
Added Pin To Net: NetName=T14 Pin=H3-32
Added Net: Name=T14
Added Pin To Net: NetName=T17 Pin=H3-36
Added Net: Name=T17
Added Pin To Net: NetName=T18 Pin=H3-35
Added Net: Name=T18
Added Pin To Net: NetName=U5 Pin=H4-8
Added Net: Name=U5
Added Pin To Net: NetName=U7 Pin=H3-14
Added Net: Name=U7
Added Pin To Net: NetName=U8 Pin=H4-14
Added Net: Name=U8
Added Pin To Net: NetName=U11 Pin=H4-22
Added Net: Name=U11
Added Pin To Net: NetName=U13 Pin=H4-30
Added Net: Name=U13
Added Pin To Net: NetName=U15 Pin=H4-32
Added Net: Name=U15
Added Pin To Net: NetName=U16 Pin=H3-34
Added Net: Name=U16
Added Pin To Net: NetName=U17 Pin=H4-34
Added Net: Name=U17
Added Pin To Net: NetName=U18 Pin=H4-33
Added Net: Name=U18
Added Pin To Net: NetName=V4 Pin=H4-5
Added Net: Name=V4
Added Pin To Net: NetName=V5 Pin=H4-7
Added Net: Name=V5
Added Pin To Net: NetName=V6 Pin=H4-9
Added Net: Name=V6
Added Pin To Net: NetName=V7 Pin=H3-13
Added Net: Name=V7
Added Pin To Net: NetName=V8 Pin=H4-13
Added Net: Name=V8
Added Pin To Net: NetName=V9 Pin=H3-17
Added Net: Name=V9
Added Pin To Net: NetName=V11 Pin=H4-21
Added Net: Name=V11
Added Pin To Net: NetName=V12 Pin=H3-29
Added Net: Name=V12
Added Pin To Net: NetName=V13 Pin=H4-29
Added Net: Name=V13
Added Pin To Net: NetName=V14 Pin=H3-31
Added Net: Name=V14
Added Pin To Net: NetName=V15 Pin=H4-31
Added Net: Name=V15
Added Pin To Net: NetName=V16 Pin=H3-33
Added Net: Name=V16
Added Pin To Net: NetName=VCCIN Pin=H2-48
Added Net: Name=VCCIN
Added Class: Name=NumatoShield
Added Room: Name=NumatoShield
