Removed Pin From Net: NetName=H12 Pin=HWL1-0
Removed Pin From Net: NetName=H15 Pin=HWL1-1
Removed Pin From Net: NetName=F14 Pin=HWL1-2
Removed Pin From Net: NetName=F15 Pin=HWL1-3
Removed Pin From Net: NetName=E16 Pin=HWL1-4
Removed Pin From Net: NetName=C17 Pin=HWL1-5
Removed Pin From Net: NetName=C15 Pin=HWL1-6
Removed Pin From Net: NetName=B14 Pin=HWL1-7
Removed Pin From Net: NetName=C13 Pin=HWL1-8
Removed Pin From Net: NetName=D12 Pin=HWL1-9
Added Pin To Net: NetName=D12 Pin=HWL1-0
Added Pin To Net: NetName=C13 Pin=HWL1-1
Added Pin To Net: NetName=B14 Pin=HWL1-2
Added Pin To Net: NetName=C15 Pin=HWL1-3
Added Pin To Net: NetName=C17 Pin=HWL1-4
Added Pin To Net: NetName=E16 Pin=HWL1-5
Added Pin To Net: NetName=F15 Pin=HWL1-6
Added Pin To Net: NetName=F14 Pin=HWL1-7
Added Pin To Net: NetName=H15 Pin=HWL1-8
Added Pin To Net: NetName=H12 Pin=HWL1-9
