Added Component: Designator=H1(H_FP)
Added Component: Designator=H2(H_FP)
Added Component: Designator=H3(H_FP)
Added Component: Designator=H4(H_FP)
Added Component: Designator=HWL1(HWL_FP)
Added Component: Designator=HWL2(HWL_FP)
Added Component: Designator=HWL3(HWL_FP)
Added Component: Designator=HWL4(HWL_FP)
Added Pin To Net: NetName=3V3 Pin=H1-1
Added Pin To Net: NetName=3V3 Pin=H1-2
Added Pin To Net: NetName=GND Pin=H1-3
Added Pin To Net: NetName=GND Pin=H1-4
Added Pin To Net: NetName=B3 Pin=H1-5
Added Pin To Net: NetName=A3 Pin=H1-6
Added Pin To Net: NetName=C5 Pin=H1-7
Added Pin To Net: NetName=A5 Pin=H1-8
Added Pin To Net: NetName=B6 Pin=H1-9
Added Pin To Net: NetName=A6 Pin=H1-10
Added Pin To Net: NetName=F7 Pin=H1-11
Added Pin To Net: NetName=E6 Pin=H1-12
Added Pin To Net: NetName=D8 Pin=H1-13
Added Pin To Net: NetName=C8 Pin=H1-14
Added Pin To Net: NetName=G8 Pin=H1-15
Added Pin To Net: NetName=F8 Pin=H1-16
Added Pin To Net: NetName=D9 Pin=H1-17
Added Pin To Net: NetName=C9 Pin=H1-18
Added Pin To Net: NetName=C10 Pin=H1-19
Added Pin To Net: NetName=A10 Pin=H1-20
Added Pin To Net: NetName=G11 Pin=H1-21
Added Pin To Net: NetName=F10 Pin=H1-22
Added Pin To Net: NetName=GND Pin=H1-23
Added Pin To Net: NetName=GND Pin=H1-24
Added Pin To Net: NetName=F11 Pin=H1-25
Added Pin To Net: NetName=E11 Pin=H1-26
Added Pin To Net: NetName=D12 Pin=H1-27
Added Pin To Net: NetName=C12 Pin=H1-28
Added Pin To Net: NetName=C13 Pin=H1-29
Added Pin To Net: NetName=A13 Pin=H1-30
Added Pin To Net: NetName=B14 Pin=H1-31
Added Pin To Net: NetName=A14 Pin=H1-32
Added Pin To Net: NetName=C15 Pin=H1-33
Added Pin To Net: NetName=A15 Pin=H1-34
Added Pin To Net: NetName=C17 Pin=H1-35
Added Pin To Net: NetName=C18 Pin=H1-36
Added Pin To Net: NetName=E16 Pin=H1-37
Added Pin To Net: NetName=E18 Pin=H1-38
Added Pin To Net: NetName=F15 Pin=H1-39
Added Pin To Net: NetName=F16 Pin=H1-40
Added Pin To Net: NetName=F14 Pin=H1-41
Added Pin To Net: NetName=G14 Pin=H1-42
Added Pin To Net: NetName=H15 Pin=H1-43
Added Pin To Net: NetName=H16 Pin=H1-44
Added Pin To Net: NetName=H12 Pin=H1-45
Added Pin To Net: NetName=G13 Pin=H1-46
Added Pin To Net: NetName=3V3 Pin=H1-47
Added Pin To Net: NetName=GND Pin=H1-48
Added Pin To Net: NetName=3V3 Pin=H2-1
Added Pin To Net: NetName=3V3 Pin=H2-2
Added Pin To Net: NetName=GND Pin=H2-3
Added Pin To Net: NetName=GND Pin=H2-4
Added Pin To Net: NetName=B2 Pin=H2-5
Added Pin To Net: NetName=A2 Pin=H2-6
Added Pin To Net: NetName=B4 Pin=H2-7
Added Pin To Net: NetName=A4 Pin=H2-8
Added Pin To Net: NetName=D6 Pin=H2-9
Added Pin To Net: NetName=C6 Pin=H2-10
Added Pin To Net: NetName=C7 Pin=H2-11
Added Pin To Net: NetName=A7 Pin=H2-12
Added Pin To Net: NetName=B8 Pin=H2-13
Added Pin To Net: NetName=A8 Pin=H2-14
Added Pin To Net: NetName=E7 Pin=H2-15
Added Pin To Net: NetName=E8 Pin=H2-16
Added Pin To Net: NetName=B9 Pin=H2-17
Added Pin To Net: NetName=A9 Pin=H2-18
Added Pin To Net: NetName=G9 Pin=H2-19
Added Pin To Net: NetName=F9 Pin=H2-20
Added Pin To Net: NetName=B11 Pin=H2-21
Added Pin To Net: NetName=A11 Pin=H2-22
Added Pin To Net: NetName=GND Pin=H2-23
Added Pin To Net: NetName=GND Pin=H2-24
Added Pin To Net: NetName=D11 Pin=H2-25
Added Pin To Net: NetName=C11 Pin=H2-26
Added Pin To Net: NetName=B12 Pin=H2-27
Added Pin To Net: NetName=A12 Pin=H2-28
Added Pin To Net: NetName=F12 Pin=H2-29
Added Pin To Net: NetName=E12 Pin=H2-30
Added Pin To Net: NetName=F13 Pin=H2-31
Added Pin To Net: NetName=E13 Pin=H2-32
Added Pin To Net: NetName=D14 Pin=H2-33
Added Pin To Net: NetName=C14 Pin=H2-34
Added Pin To Net: NetName=B16 Pin=H2-35
Added Pin To Net: NetName=A16 Pin=H2-36
Added Pin To Net: NetName=D17 Pin=H2-37
Added Pin To Net: NetName=D18 Pin=H2-38
Added Pin To Net: NetName=F17 Pin=H2-39
Added Pin To Net: NetName=F18 Pin=H2-40
Added Pin To Net: NetName=G16 Pin=H2-41
Added Pin To Net: NetName=G18 Pin=H2-42
Added Pin To Net: NetName=H13 Pin=H2-43
Added Pin To Net: NetName=H14 Pin=H2-44
Added Pin To Net: NetName=J13 Pin=H2-45
Added Pin To Net: NetName=K14 Pin=H2-46
Added Pin To Net: NetName=GND Pin=H2-47
Added Pin To Net: NetName=VCCIN Pin=H2-48
Added Pin To Net: NetName=GND Pin=H3-1
Added Pin To Net: NetName=GND Pin=H3-2
Added Pin To Net: NetName=3V3 Pin=H3-3
Added Pin To Net: NetName=INITB Pin=H3-4
Added Pin To Net: NetName=T3 Pin=H3-5
Added Pin To Net: NetName=R3 Pin=H3-6
Added Pin To Net: NetName=T5 Pin=H3-7
Added Pin To Net: NetName=R5 Pin=H3-8
Added Pin To Net: NetName=P6 Pin=H3-9
Added Pin To Net: NetName=N5 Pin=H3-10
Added Pin To Net: NetName=T7 Pin=H3-11
Added Pin To Net: NetName=R7 Pin=H3-12
Added Pin To Net: NetName=V7 Pin=H3-13
Added Pin To Net: NetName=U7 Pin=H3-14
Added Pin To Net: NetName=P8 Pin=H3-15
Added Pin To Net: NetName=N7 Pin=H3-16
Added Pin To Net: NetName=V9 Pin=H3-17
Added Pin To Net: NetName=T9 Pin=H3-18
Added Pin To Net: NetName=T10 Pin=H3-19
Added Pin To Net: NetName=R10 Pin=H3-20
Added Pin To Net: NetName=P11 Pin=H3-21
Added Pin To Net: NetName=N10 Pin=H3-22
Added Pin To Net: NetName=GND Pin=H3-23
Added Pin To Net: NetName=GND Pin=H3-24
Added Pin To Net: NetName=GND Pin=H3-25
Added Pin To Net: NetName=GND Pin=H3-26
Added Pin To Net: NetName=T11 Pin=H3-27
Added Pin To Net: NetName=R11 Pin=H3-28
Added Pin To Net: NetName=V12 Pin=H3-29
Added Pin To Net: NetName=T12 Pin=H3-30
Added Pin To Net: NetName=V14 Pin=H3-31
Added Pin To Net: NetName=T14 Pin=H3-32
Added Pin To Net: NetName=V16 Pin=H3-33
Added Pin To Net: NetName=U16 Pin=H3-34
Added Pin To Net: NetName=T18 Pin=H3-35
Added Pin To Net: NetName=T17 Pin=H3-36
Added Pin To Net: NetName=K16 Pin=H3-37
Added Pin To Net: NetName=K15 Pin=H3-38
Added Pin To Net: NetName=L13 Pin=H3-39
Added Pin To Net: NetName=L12 Pin=H3-40
Added Pin To Net: NetName=ACBUS7 Pin=H3-41
Added Pin To Net: NetName=ACBUS6 Pin=H3-42
Added Pin To Net: NetName=ACBUS5 Pin=H3-43
Added Pin To Net: NetName=ACBUS4 Pin=H3-44
Added Pin To Net: NetName=ACBUS3 Pin=H3-45
Added Pin To Net: NetName=ACBUS2 Pin=H3-46
Added Pin To Net: NetName=ACBUS1 Pin=H3-47
Added Pin To Net: NetName=ACBUS0 Pin=H3-48
Added Pin To Net: NetName=GND Pin=H4-1
Added Pin To Net: NetName=GND Pin=H4-2
Added Pin To Net: NetName=3V3 Pin=H4-3
Added Pin To Net: NetName=PROGB Pin=H4-4
Added Pin To Net: NetName=V4 Pin=H4-5
Added Pin To Net: NetName=T4 Pin=H4-6
Added Pin To Net: NetName=V5 Pin=H4-7
Added Pin To Net: NetName=U5 Pin=H4-8
Added Pin To Net: NetName=V6 Pin=H4-9
Added Pin To Net: NetName=T6 Pin=H4-10
Added Pin To Net: NetName=P7 Pin=H4-11
Added Pin To Net: NetName=N6 Pin=H4-12
Added Pin To Net: NetName=V8 Pin=H4-13
Added Pin To Net: NetName=U8 Pin=H4-14
Added Pin To Net: NetName=N8 Pin=H4-15
Added Pin To Net: NetName=M8 Pin=H4-16
Added Pin To Net: NetName=T8 Pin=H4-17
Added Pin To Net: NetName=R8 Pin=H4-18
Added Pin To Net: NetName=N9 Pin=H4-19
Added Pin To Net: NetName=M10 Pin=H4-20
Added Pin To Net: NetName=V11 Pin=H4-21
Added Pin To Net: NetName=U11 Pin=H4-22
Added Pin To Net: NetName=GND Pin=H4-23
Added Pin To Net: NetName=GND Pin=H4-24
Added Pin To Net: NetName=GND Pin=H4-25
Added Pin To Net: NetName=GND Pin=H4-26
Added Pin To Net: NetName=N11 Pin=H4-27
Added Pin To Net: NetName=M11 Pin=H4-28
Added Pin To Net: NetName=V13 Pin=H4-29
Added Pin To Net: NetName=U13 Pin=H4-30
Added Pin To Net: NetName=V15 Pin=H4-31
Added Pin To Net: NetName=U15 Pin=H4-32
Added Pin To Net: NetName=U18 Pin=H4-33
Added Pin To Net: NetName=U17 Pin=H4-34
Added Pin To Net: NetName=P16 Pin=H4-35
Added Pin To Net: NetName=P15 Pin=H4-36
Added Pin To Net: NetName=N16 Pin=H4-37
Added Pin To Net: NetName=N15 Pin=H4-38
Added Pin To Net: NetName=L16 Pin=H4-39
Added Pin To Net: NetName=L15 Pin=H4-40
Added Pin To Net: NetName=N14 Pin=H4-41
Added Pin To Net: NetName=M14 Pin=H4-42
Added Pin To Net: NetName=M13 Pin=H4-43
Added Pin To Net: NetName=L14 Pin=H4-44
Added Pin To Net: NetName=K13 Pin=H4-45
Added Pin To Net: NetName=K12 Pin=H4-46
Added Pin To Net: NetName=GND Pin=H4-47
Added Pin To Net: NetName=3V3 Pin=H4-48
Added Pin To Net: NetName=H12 Pin=HWL1-0
Added Pin To Net: NetName=H15 Pin=HWL1-1
Added Pin To Net: NetName=F14 Pin=HWL1-2
Added Pin To Net: NetName=F15 Pin=HWL1-3
Added Pin To Net: NetName=E16 Pin=HWL1-4
Added Pin To Net: NetName=C17 Pin=HWL1-5
Added Pin To Net: NetName=C15 Pin=HWL1-6
Added Pin To Net: NetName=B14 Pin=HWL1-7
Added Pin To Net: NetName=C13 Pin=HWL1-8
Added Pin To Net: NetName=D12 Pin=HWL1-9
Added Pin To Net: NetName=F11 Pin=HWL1-10
Added Pin To Net: NetName=G11 Pin=HWL1-11
Added Pin To Net: NetName=C10 Pin=HWL1-12
Added Pin To Net: NetName=D9 Pin=HWL1-13
Added Pin To Net: NetName=G8 Pin=HWL1-14
Added Pin To Net: NetName=D8 Pin=HWL1-15
Added Pin To Net: NetName=F7 Pin=HWL1-16
Added Pin To Net: NetName=B6 Pin=HWL1-17
Added Pin To Net: NetName=C5 Pin=HWL1-18
Added Pin To Net: NetName=B3 Pin=HWL1-19
Added Pin To Net: NetName=A3 Pin=HWL1-20
Added Pin To Net: NetName=A5 Pin=HWL1-21
Added Pin To Net: NetName=A6 Pin=HWL1-22
Added Pin To Net: NetName=E6 Pin=HWL1-23
Added Pin To Net: NetName=C8 Pin=HWL1-24
Added Pin To Net: NetName=F8 Pin=HWL1-25
Added Pin To Net: NetName=C9 Pin=HWL1-26
Added Pin To Net: NetName=A10 Pin=HWL1-27
Added Pin To Net: NetName=F10 Pin=HWL1-28
Added Pin To Net: NetName=E11 Pin=HWL1-29
Added Pin To Net: NetName=C12 Pin=HWL1-30
Added Pin To Net: NetName=A13 Pin=HWL1-31
Added Pin To Net: NetName=A14 Pin=HWL1-32
Added Pin To Net: NetName=A15 Pin=HWL1-33
Added Pin To Net: NetName=C18 Pin=HWL1-34
Added Pin To Net: NetName=E18 Pin=HWL1-35
Added Pin To Net: NetName=F16 Pin=HWL1-36
Added Pin To Net: NetName=G14 Pin=HWL1-37
Added Pin To Net: NetName=H16 Pin=HWL1-38
Added Pin To Net: NetName=G13 Pin=HWL1-39
Added Pin To Net: NetName=J13 Pin=HWL2-0
Added Pin To Net: NetName=H13 Pin=HWL2-1
Added Pin To Net: NetName=G16 Pin=HWL2-2
Added Pin To Net: NetName=F17 Pin=HWL2-3
Added Pin To Net: NetName=D17 Pin=HWL2-4
Added Pin To Net: NetName=B16 Pin=HWL2-5
Added Pin To Net: NetName=D14 Pin=HWL2-6
Added Pin To Net: NetName=F13 Pin=HWL2-7
Added Pin To Net: NetName=F12 Pin=HWL2-8
Added Pin To Net: NetName=B12 Pin=HWL2-9
Added Pin To Net: NetName=D11 Pin=HWL2-10
Added Pin To Net: NetName=B11 Pin=HWL2-11
Added Pin To Net: NetName=G9 Pin=HWL2-12
Added Pin To Net: NetName=B9 Pin=HWL2-13
Added Pin To Net: NetName=E7 Pin=HWL2-14
Added Pin To Net: NetName=B8 Pin=HWL2-15
Added Pin To Net: NetName=C7 Pin=HWL2-16
Added Pin To Net: NetName=D6 Pin=HWL2-17
Added Pin To Net: NetName=B4 Pin=HWL2-18
Added Pin To Net: NetName=B2 Pin=HWL2-19
Added Pin To Net: NetName=A2 Pin=HWL2-20
Added Pin To Net: NetName=A4 Pin=HWL2-21
Added Pin To Net: NetName=C6 Pin=HWL2-22
Added Pin To Net: NetName=A7 Pin=HWL2-23
Added Pin To Net: NetName=A8 Pin=HWL2-24
Added Pin To Net: NetName=E8 Pin=HWL2-25
Added Pin To Net: NetName=A9 Pin=HWL2-26
Added Pin To Net: NetName=F9 Pin=HWL2-27
Added Pin To Net: NetName=A11 Pin=HWL2-28
Added Pin To Net: NetName=C11 Pin=HWL2-29
Added Pin To Net: NetName=A12 Pin=HWL2-30
Added Pin To Net: NetName=E12 Pin=HWL2-31
Added Pin To Net: NetName=E13 Pin=HWL2-32
Added Pin To Net: NetName=C14 Pin=HWL2-33
Added Pin To Net: NetName=A16 Pin=HWL2-34
Added Pin To Net: NetName=D18 Pin=HWL2-35
Added Pin To Net: NetName=F18 Pin=HWL2-36
Added Pin To Net: NetName=G18 Pin=HWL2-37
Added Pin To Net: NetName=H14 Pin=HWL2-38
Added Pin To Net: NetName=K14 Pin=HWL2-39
Added Pin To Net: NetName=L13 Pin=HWL3-0
Added Pin To Net: NetName=K16 Pin=HWL3-1
Added Pin To Net: NetName=T18 Pin=HWL3-2
Added Pin To Net: NetName=V16 Pin=HWL3-3
Added Pin To Net: NetName=V14 Pin=HWL3-4
Added Pin To Net: NetName=V12 Pin=HWL3-5
Added Pin To Net: NetName=T11 Pin=HWL3-6
Added Pin To Net: NetName=GND Pin=HWL3-7
Added Pin To Net: NetName=GND Pin=HWL3-8
Added Pin To Net: NetName=P11 Pin=HWL3-9
Added Pin To Net: NetName=T10 Pin=HWL3-10
Added Pin To Net: NetName=V9 Pin=HWL3-11
Added Pin To Net: NetName=P8 Pin=HWL3-12
Added Pin To Net: NetName=V7 Pin=HWL3-13
Added Pin To Net: NetName=T7 Pin=HWL3-14
Added Pin To Net: NetName=P6 Pin=HWL3-15
Added Pin To Net: NetName=T5 Pin=HWL3-16
Added Pin To Net: NetName=T3 Pin=HWL3-17
Added Pin To Net: NetName=GND Pin=HWL3-18
Added Pin To Net: NetName=GND Pin=HWL3-19
Added Pin To Net: NetName=GND Pin=HWL3-20
Added Pin To Net: NetName=GND Pin=HWL3-21
Added Pin To Net: NetName=R3 Pin=HWL3-22
Added Pin To Net: NetName=R5 Pin=HWL3-23
Added Pin To Net: NetName=N5 Pin=HWL3-24
Added Pin To Net: NetName=R7 Pin=HWL3-25
Added Pin To Net: NetName=U7 Pin=HWL3-26
Added Pin To Net: NetName=N7 Pin=HWL3-27
Added Pin To Net: NetName=T9 Pin=HWL3-28
Added Pin To Net: NetName=R10 Pin=HWL3-29
Added Pin To Net: NetName=N10 Pin=HWL3-30
Added Pin To Net: NetName=GND Pin=HWL3-31
Added Pin To Net: NetName=GND Pin=HWL3-32
Added Pin To Net: NetName=R11 Pin=HWL3-33
Added Pin To Net: NetName=T12 Pin=HWL3-34
Added Pin To Net: NetName=T14 Pin=HWL3-35
Added Pin To Net: NetName=U16 Pin=HWL3-36
Added Pin To Net: NetName=T17 Pin=HWL3-37
Added Pin To Net: NetName=K15 Pin=HWL3-38
Added Pin To Net: NetName=L12 Pin=HWL3-39
Added Pin To Net: NetName=K13 Pin=HWL4-0
Added Pin To Net: NetName=M13 Pin=HWL4-1
Added Pin To Net: NetName=N14 Pin=HWL4-2
Added Pin To Net: NetName=L16 Pin=HWL4-3
Added Pin To Net: NetName=N16 Pin=HWL4-4
Added Pin To Net: NetName=P16 Pin=HWL4-5
Added Pin To Net: NetName=U18 Pin=HWL4-6
Added Pin To Net: NetName=V15 Pin=HWL4-7
Added Pin To Net: NetName=V13 Pin=HWL4-8
Added Pin To Net: NetName=N11 Pin=HWL4-9
Added Pin To Net: NetName=GND Pin=HWL4-10
Added Pin To Net: NetName=V11 Pin=HWL4-11
Added Pin To Net: NetName=N9 Pin=HWL4-12
Added Pin To Net: NetName=T8 Pin=HWL4-13
Added Pin To Net: NetName=N8 Pin=HWL4-14
Added Pin To Net: NetName=V8 Pin=HWL4-15
Added Pin To Net: NetName=P7 Pin=HWL4-16
Added Pin To Net: NetName=V6 Pin=HWL4-17
Added Pin To Net: NetName=V5 Pin=HWL4-18
Added Pin To Net: NetName=V4 Pin=HWL4-19
Added Pin To Net: NetName=T4 Pin=HWL4-20
Added Pin To Net: NetName=U5 Pin=HWL4-21
Added Pin To Net: NetName=T6 Pin=HWL4-22
Added Pin To Net: NetName=N6 Pin=HWL4-23
Added Pin To Net: NetName=U8 Pin=HWL4-24
Added Pin To Net: NetName=M8 Pin=HWL4-25
Added Pin To Net: NetName=R8 Pin=HWL4-26
Added Pin To Net: NetName=M10 Pin=HWL4-27
Added Pin To Net: NetName=U11 Pin=HWL4-28
Added Pin To Net: NetName=GND Pin=HWL4-29
Added Pin To Net: NetName=M11 Pin=HWL4-30
Added Pin To Net: NetName=U13 Pin=HWL4-31
Added Pin To Net: NetName=U15 Pin=HWL4-32
Added Pin To Net: NetName=U17 Pin=HWL4-33
Added Pin To Net: NetName=P15 Pin=HWL4-34
Added Pin To Net: NetName=N15 Pin=HWL4-35
Added Pin To Net: NetName=L15 Pin=HWL4-36
Added Pin To Net: NetName=M14 Pin=HWL4-37
Added Pin To Net: NetName=L14 Pin=HWL4-38
Added Pin To Net: NetName=K12 Pin=HWL4-39
Added Member To Class: ClassName=NumatoShield Member=Component H1 HEADER2X48
Added Member To Class: ClassName=NumatoShield Member=Component H2 HEADER2X48
Added Member To Class: ClassName=NumatoShield Member=Component H3 HEADER2X48
Added Member To Class: ClassName=NumatoShield Member=Component H4 HEADER2X48
Added Member To Class: ClassName=NumatoShield Member=Component HWL1 71918-240LF
Added Member To Class: ClassName=NumatoShield Member=Component HWL2 71918-240LF
Added Member To Class: ClassName=NumatoShield Member=Component HWL3 71918-240LF
Added Member To Class: ClassName=NumatoShield Member=Component HWL4 71918-240LF
