Removed Pin From Net: NetName=F11 Pin=HWL1-10
Removed Pin From Net: NetName=G11 Pin=HWL1-11
Removed Pin From Net: NetName=C10 Pin=HWL1-12
Removed Pin From Net: NetName=D9 Pin=HWL1-13
Removed Pin From Net: NetName=G8 Pin=HWL1-14
Removed Pin From Net: NetName=D8 Pin=HWL1-15
Removed Pin From Net: NetName=F7 Pin=HWL1-16
Removed Pin From Net: NetName=B6 Pin=HWL1-17
Removed Pin From Net: NetName=C5 Pin=HWL1-18
Removed Pin From Net: NetName=B3 Pin=HWL1-19
Added Pin To Net: NetName=B3 Pin=HWL1-10
Added Pin To Net: NetName=C5 Pin=HWL1-11
Added Pin To Net: NetName=B6 Pin=HWL1-12
Added Pin To Net: NetName=F7 Pin=HWL1-13
Added Pin To Net: NetName=D8 Pin=HWL1-14
Added Pin To Net: NetName=G8 Pin=HWL1-15
Added Pin To Net: NetName=D9 Pin=HWL1-16
Added Pin To Net: NetName=C10 Pin=HWL1-17
Added Pin To Net: NetName=G11 Pin=HWL1-18
Added Pin To Net: NetName=F11 Pin=HWL1-19
