
****** PlanAhead v14.7 (64-bit)
  **** Build 321239 by xbuild on Fri Sep 27 19:29:51 MDT 2013
    ** Copyright 1986-1999, 2001-2013 Xilinx, Inc. All Rights Reserved.

INFO: [Common 17-78] Attempting to get a license: PlanAhead
INFO: [Common 17-290] Got license for PlanAhead
INFO: [Common 17-86] Your PlanAhead license expires in -13 day(s)
INFO: [Device 21-36] Loading parts and site information from C:/Xilinx/14.7/ISE_DS/PlanAhead/data/parts/arch.xml
Parsing RTL primitives file [C:/Xilinx/14.7/ISE_DS/PlanAhead/data/parts/xilinx/rtl/prims/rtl_prims.xml]
Finished parsing RTL primitives file [C:/Xilinx/14.7/ISE_DS/PlanAhead/data/parts/xilinx/rtl/prims/rtl_prims.xml]
start_gui
source C:/Users/dkhoury/OneDrive/Documents/Masters/FPGAPrototypeProjects/clock_cont2/pa.fromHdl.tcl
# create_project -name clock_cont2 -dir "C:/Users/dkhoury/OneDrive/Documents/Masters/FPGAPrototypeProjects/clock_cont2/planAhead_run_1" -part xc7a100tcsg324-3
# set_param project.pinAheadLayout yes
# set srcset [get_property srcset [current_run -impl]]
# set_property target_constrs_file "ReconfigurableClockGenerator.ucf" [current_fileset -constrset]
Adding file 'C:/Users/dkhoury/OneDrive/Documents/Masters/FPGAPrototypeProjects/clock_cont2/ReconfigurableClockGenerator.ucf' to fileset 'constrs_1'
# set hdlfile [add_files [list {ReconfigurableClockGenerator.v}]]
# set_property file_type Verilog $hdlfile
# set_property library work $hdlfile
# set_property top ReconfigurableClockGenerator $srcset
# add_files [list {ReconfigurableClockGenerator.ucf}] -fileset [get_property constrset [current_run]]
# open_rtl_design -part xc7a100tcsg324-3
Using Verific elaboration
Parsing VHDL file "C:/Xilinx/14.7/ISE_DS/PlanAhead/data/parts/xilinx/rtl/lib/synplify/synattr.vhd" into library synplify
Analyzing Verilog file "C:/Users/dkhoury/OneDrive/Documents/Masters/FPGAPrototypeProjects/clock_cont2/ReconfigurableClockGenerator.v" into library work
INFO: [Netlist 29-17] Analyzing 1 Unisim elements for replacement
INFO: [Netlist 29-28] Unisim Transformation completed in 0 CPU seconds
Loading clock regions from C:/Xilinx/14.7/ISE_DS/PlanAhead/data\parts/xilinx/artix7/artix7/xc7a100t/ClockRegion.xml
Loading clock buffers from C:/Xilinx/14.7/ISE_DS/PlanAhead/data\parts/xilinx/artix7/artix7/xc7a100t/ClockBuffers.xml
Loading clock placement rules from C:/Xilinx/14.7/ISE_DS/PlanAhead/data/parts/xilinx/artix7/ClockPlacerRules.xml
Loading package pin functions from C:/Xilinx/14.7/ISE_DS/PlanAhead/data\parts/xilinx/artix7/PinFunctions.xml...
Loading package from C:/Xilinx/14.7/ISE_DS/PlanAhead/data\parts/xilinx/artix7/artix7/xc7a100t/csg324/Package.xml
Loading io standards from C:/Xilinx/14.7/ISE_DS/PlanAhead/data\./parts/xilinx/artix7/IOStandards.xml
Loading device configuration modes from C:/Xilinx/14.7/ISE_DS/PlanAhead/data\parts/xilinx/artix7/ConfigModes.xml
Loading list of drcs for the architecture : C:/Xilinx/14.7/ISE_DS/PlanAhead/data\./parts/xilinx/artix7/drc.xml
Parsing UCF File [C:/Users/dkhoury/OneDrive/Documents/Masters/FPGAPrototypeProjects/clock_cont2/ReconfigurableClockGenerator.ucf]
Finished Parsing UCF File [C:/Users/dkhoury/OneDrive/Documents/Masters/FPGAPrototypeProjects/clock_cont2/ReconfigurableClockGenerator.ucf]
INFO: [Project 1-111] Unisim Transformation Summary:
No Unisim elements were transformed.

Phase 0 | Netlist Checksum: 19d4b2a7
open_rtl_design: Time (s): elapsed = 00:00:23 . Memory (MB): peak = 791.098 ; gain = 349.258
update_compile_order -fileset sim_1
set_property package_pin "" [get_ports [list  {DUTY[0]}]]
startgroup
set_property package_pin P4 [get_ports {DUTY[1]}]
endgroup
startgroup
set_property package_pin P3 [get_ports {DUTY[0]}]
endgroup
set_property iostandard LVCMOS33 [get_ports [list {DUTY[1]} {DUTY[0]}]]
set_property iostandard LVCMOS33 [get_ports [list {PERIOD[3]} {PERIOD[2]} {PERIOD[1]} {PERIOD[0]}]]
set_property iostandard LVCMOS33 [get_ports [list CLK_IN]]
set_property iostandard LVCMOS33 [get_ports [list CLK_OUT]]
set_property iostandard LVCMOS33 [get_ports [list RST]]
save_constraints
startgroup
set_property package_pin R3 [get_ports {PERIOD[3]}]
endgroup
startgroup
set_property package_pin T1 [get_ports {PERIOD[2]}]
endgroup
startgroup
set_property package_pin T3 [get_ports {PERIOD[1]}]
endgroup
startgroup
set_property package_pin U2 [get_ports {PERIOD[0]}]
endgroup
startgroup
set_property package_pin E3 [get_ports CLK_IN]
endgroup
set_property package_pin "" [get_ports [list  CLK_OUT]]
startgroup
set_property package_pin E16 [get_ports RST]
endgroup
set_property package_pin "" [get_ports [list  CLK_OUT]]
startgroup
set_property package_pin B13 [get_ports CLK_OUT]
endgroup
save_constraints
exit
ERROR: [Common 17-39] 'stop_gui' failed due to earlier errors.
INFO: [Common 17-206] Exiting PlanAhead at Tue Oct 13 17:14:28 2015...
INFO: [Common 17-83] Releasing license: PlanAhead
