Command line:
   LIMIT_GEN_TB_isim_beh.exe
     -simmode  gui
     -simrunnum  0
     -socket  60912

Mon Nov 02 19:38:38 2015


 Elaboration Time: 0.0312 sec

 Current Memory Usage: 828.101 Meg

 Total Signals          : 19
 Total Nets             : 91
 Total Signal Drivers   : 9
 Total Blocks           : 3
 Total Primitive Blocks : 2
 Total Processes        : 11
 Total Traceable Variables  : 21
 Total Scalar Nets and Variables : 212
Total Line Count : 20

 Total Simulation Time: 0.0624 sec

 Current Memory Usage: 670.814 Meg

Mon Nov 02 20:57:15 2015

